[2025-01-07T00:00:23.555+0000] {processor.py:161} INFO - Started process (PID=5974) to work on /home/airflow/.local/lib/python3.8/site-packages/airflow/example_dags/example_xcomargs.py
[2025-01-07T00:00:23.560+0000] {processor.py:830} INFO - Processing file /home/airflow/.local/lib/python3.8/site-packages/airflow/example_dags/example_xcomargs.py for tasks to queue
[2025-01-07T00:00:23.579+0000] {logging_mixin.py:188} INFO - [2025-01-07T00:00:23.578+0000] {dagbag.py:538} INFO - Filling up the DagBag from /home/airflow/.local/lib/python3.8/site-packages/airflow/example_dags/example_xcomargs.py
[2025-01-07T00:00:23.625+0000] {processor.py:840} INFO - DAG(s) 'example_xcom_args', 'example_xcom_args_with_operators' retrieved from /home/airflow/.local/lib/python3.8/site-packages/airflow/example_dags/example_xcomargs.py
[2025-01-07T00:00:23.694+0000] {logging_mixin.py:188} INFO - [2025-01-07T00:00:23.693+0000] {dag.py:3036} INFO - Sync 2 DAGs
[2025-01-07T00:00:23.754+0000] {logging_mixin.py:188} INFO - [2025-01-07T00:00:23.753+0000] {dag.py:3823} INFO - Setting next_dagrun for example_xcom_args to None, run_after=None
[2025-01-07T00:00:23.770+0000] {logging_mixin.py:188} INFO - [2025-01-07T00:00:23.770+0000] {dag.py:3823} INFO - Setting next_dagrun for example_xcom_args_with_operators to None, run_after=None
[2025-01-07T00:00:23.842+0000] {processor.py:183} INFO - Processing /home/airflow/.local/lib/python3.8/site-packages/airflow/example_dags/example_xcomargs.py took 0.294 seconds
[2025-01-07T00:00:54.811+0000] {processor.py:161} INFO - Started process (PID=6032) to work on /home/airflow/.local/lib/python3.8/site-packages/airflow/example_dags/example_xcomargs.py
[2025-01-07T00:00:54.813+0000] {processor.py:830} INFO - Processing file /home/airflow/.local/lib/python3.8/site-packages/airflow/example_dags/example_xcomargs.py for tasks to queue
[2025-01-07T00:00:54.816+0000] {logging_mixin.py:188} INFO - [2025-01-07T00:00:54.815+0000] {dagbag.py:538} INFO - Filling up the DagBag from /home/airflow/.local/lib/python3.8/site-packages/airflow/example_dags/example_xcomargs.py
[2025-01-07T00:00:54.833+0000] {processor.py:840} INFO - DAG(s) 'example_xcom_args', 'example_xcom_args_with_operators' retrieved from /home/airflow/.local/lib/python3.8/site-packages/airflow/example_dags/example_xcomargs.py
[2025-01-07T00:00:54.878+0000] {logging_mixin.py:188} INFO - [2025-01-07T00:00:54.878+0000] {dag.py:3036} INFO - Sync 2 DAGs
[2025-01-07T00:00:54.904+0000] {logging_mixin.py:188} INFO - [2025-01-07T00:00:54.904+0000] {dag.py:3823} INFO - Setting next_dagrun for example_xcom_args to None, run_after=None
[2025-01-07T00:00:54.911+0000] {logging_mixin.py:188} INFO - [2025-01-07T00:00:54.910+0000] {dag.py:3823} INFO - Setting next_dagrun for example_xcom_args_with_operators to None, run_after=None
[2025-01-07T00:00:54.938+0000] {processor.py:183} INFO - Processing /home/airflow/.local/lib/python3.8/site-packages/airflow/example_dags/example_xcomargs.py took 0.133 seconds
[2025-01-07T00:01:25.044+0000] {processor.py:161} INFO - Started process (PID=6089) to work on /home/airflow/.local/lib/python3.8/site-packages/airflow/example_dags/example_xcomargs.py
[2025-01-07T00:01:25.046+0000] {processor.py:830} INFO - Processing file /home/airflow/.local/lib/python3.8/site-packages/airflow/example_dags/example_xcomargs.py for tasks to queue
[2025-01-07T00:01:25.048+0000] {logging_mixin.py:188} INFO - [2025-01-07T00:01:25.048+0000] {dagbag.py:538} INFO - Filling up the DagBag from /home/airflow/.local/lib/python3.8/site-packages/airflow/example_dags/example_xcomargs.py
[2025-01-07T00:01:25.061+0000] {processor.py:840} INFO - DAG(s) 'example_xcom_args_with_operators', 'example_xcom_args' retrieved from /home/airflow/.local/lib/python3.8/site-packages/airflow/example_dags/example_xcomargs.py
[2025-01-07T00:01:25.103+0000] {logging_mixin.py:188} INFO - [2025-01-07T00:01:25.103+0000] {dag.py:3036} INFO - Sync 2 DAGs
[2025-01-07T00:01:25.123+0000] {logging_mixin.py:188} INFO - [2025-01-07T00:01:25.123+0000] {dag.py:3823} INFO - Setting next_dagrun for example_xcom_args to None, run_after=None
[2025-01-07T00:01:25.130+0000] {logging_mixin.py:188} INFO - [2025-01-07T00:01:25.130+0000] {dag.py:3823} INFO - Setting next_dagrun for example_xcom_args_with_operators to None, run_after=None
[2025-01-07T00:01:25.158+0000] {processor.py:183} INFO - Processing /home/airflow/.local/lib/python3.8/site-packages/airflow/example_dags/example_xcomargs.py took 0.119 seconds
[2025-01-07T00:01:55.551+0000] {processor.py:161} INFO - Started process (PID=6146) to work on /home/airflow/.local/lib/python3.8/site-packages/airflow/example_dags/example_xcomargs.py
[2025-01-07T00:01:55.552+0000] {processor.py:830} INFO - Processing file /home/airflow/.local/lib/python3.8/site-packages/airflow/example_dags/example_xcomargs.py for tasks to queue
[2025-01-07T00:01:55.557+0000] {logging_mixin.py:188} INFO - [2025-01-07T00:01:55.556+0000] {dagbag.py:538} INFO - Filling up the DagBag from /home/airflow/.local/lib/python3.8/site-packages/airflow/example_dags/example_xcomargs.py
[2025-01-07T00:01:55.571+0000] {processor.py:840} INFO - DAG(s) 'example_xcom_args_with_operators', 'example_xcom_args' retrieved from /home/airflow/.local/lib/python3.8/site-packages/airflow/example_dags/example_xcomargs.py
[2025-01-07T00:01:55.611+0000] {logging_mixin.py:188} INFO - [2025-01-07T00:01:55.610+0000] {dag.py:3036} INFO - Sync 2 DAGs
[2025-01-07T00:01:55.629+0000] {logging_mixin.py:188} INFO - [2025-01-07T00:01:55.629+0000] {dag.py:3823} INFO - Setting next_dagrun for example_xcom_args to None, run_after=None
[2025-01-07T00:01:55.634+0000] {logging_mixin.py:188} INFO - [2025-01-07T00:01:55.634+0000] {dag.py:3823} INFO - Setting next_dagrun for example_xcom_args_with_operators to None, run_after=None
[2025-01-07T00:01:55.662+0000] {processor.py:183} INFO - Processing /home/airflow/.local/lib/python3.8/site-packages/airflow/example_dags/example_xcomargs.py took 0.117 seconds
[2025-01-07T00:02:26.666+0000] {processor.py:161} INFO - Started process (PID=6208) to work on /home/airflow/.local/lib/python3.8/site-packages/airflow/example_dags/example_xcomargs.py
[2025-01-07T00:02:26.668+0000] {processor.py:830} INFO - Processing file /home/airflow/.local/lib/python3.8/site-packages/airflow/example_dags/example_xcomargs.py for tasks to queue
[2025-01-07T00:02:26.676+0000] {logging_mixin.py:188} INFO - [2025-01-07T00:02:26.676+0000] {dagbag.py:538} INFO - Filling up the DagBag from /home/airflow/.local/lib/python3.8/site-packages/airflow/example_dags/example_xcomargs.py
[2025-01-07T00:02:26.728+0000] {processor.py:840} INFO - DAG(s) 'example_xcom_args', 'example_xcom_args_with_operators' retrieved from /home/airflow/.local/lib/python3.8/site-packages/airflow/example_dags/example_xcomargs.py
[2025-01-07T00:02:26.839+0000] {logging_mixin.py:188} INFO - [2025-01-07T00:02:26.839+0000] {dag.py:3036} INFO - Sync 2 DAGs
[2025-01-07T00:02:26.905+0000] {logging_mixin.py:188} INFO - [2025-01-07T00:02:26.905+0000] {dag.py:3823} INFO - Setting next_dagrun for example_xcom_args to None, run_after=None
[2025-01-07T00:02:26.917+0000] {logging_mixin.py:188} INFO - [2025-01-07T00:02:26.917+0000] {dag.py:3823} INFO - Setting next_dagrun for example_xcom_args_with_operators to None, run_after=None
[2025-01-07T00:02:26.974+0000] {processor.py:183} INFO - Processing /home/airflow/.local/lib/python3.8/site-packages/airflow/example_dags/example_xcomargs.py took 0.319 seconds
[2025-01-07T00:02:57.804+0000] {processor.py:161} INFO - Started process (PID=6270) to work on /home/airflow/.local/lib/python3.8/site-packages/airflow/example_dags/example_xcomargs.py
[2025-01-07T00:02:57.806+0000] {processor.py:830} INFO - Processing file /home/airflow/.local/lib/python3.8/site-packages/airflow/example_dags/example_xcomargs.py for tasks to queue
[2025-01-07T00:02:57.811+0000] {logging_mixin.py:188} INFO - [2025-01-07T00:02:57.810+0000] {dagbag.py:538} INFO - Filling up the DagBag from /home/airflow/.local/lib/python3.8/site-packages/airflow/example_dags/example_xcomargs.py
[2025-01-07T00:02:57.828+0000] {processor.py:840} INFO - DAG(s) 'example_xcom_args_with_operators', 'example_xcom_args' retrieved from /home/airflow/.local/lib/python3.8/site-packages/airflow/example_dags/example_xcomargs.py
[2025-01-07T00:02:57.873+0000] {logging_mixin.py:188} INFO - [2025-01-07T00:02:57.872+0000] {dag.py:3036} INFO - Sync 2 DAGs
[2025-01-07T00:02:57.900+0000] {logging_mixin.py:188} INFO - [2025-01-07T00:02:57.899+0000] {dag.py:3823} INFO - Setting next_dagrun for example_xcom_args to None, run_after=None
[2025-01-07T00:02:57.909+0000] {logging_mixin.py:188} INFO - [2025-01-07T00:02:57.906+0000] {dag.py:3823} INFO - Setting next_dagrun for example_xcom_args_with_operators to None, run_after=None
[2025-01-07T00:02:58.002+0000] {processor.py:183} INFO - Processing /home/airflow/.local/lib/python3.8/site-packages/airflow/example_dags/example_xcomargs.py took 0.203 seconds
[2025-01-07T00:03:28.165+0000] {processor.py:161} INFO - Started process (PID=6327) to work on /home/airflow/.local/lib/python3.8/site-packages/airflow/example_dags/example_xcomargs.py
[2025-01-07T00:03:28.168+0000] {processor.py:830} INFO - Processing file /home/airflow/.local/lib/python3.8/site-packages/airflow/example_dags/example_xcomargs.py for tasks to queue
[2025-01-07T00:03:28.173+0000] {logging_mixin.py:188} INFO - [2025-01-07T00:03:28.173+0000] {dagbag.py:538} INFO - Filling up the DagBag from /home/airflow/.local/lib/python3.8/site-packages/airflow/example_dags/example_xcomargs.py
[2025-01-07T00:03:28.194+0000] {processor.py:840} INFO - DAG(s) 'example_xcom_args', 'example_xcom_args_with_operators' retrieved from /home/airflow/.local/lib/python3.8/site-packages/airflow/example_dags/example_xcomargs.py
[2025-01-07T00:03:28.243+0000] {logging_mixin.py:188} INFO - [2025-01-07T00:03:28.243+0000] {dag.py:3036} INFO - Sync 2 DAGs
[2025-01-07T00:03:28.271+0000] {logging_mixin.py:188} INFO - [2025-01-07T00:03:28.271+0000] {dag.py:3823} INFO - Setting next_dagrun for example_xcom_args to None, run_after=None
[2025-01-07T00:03:28.286+0000] {logging_mixin.py:188} INFO - [2025-01-07T00:03:28.286+0000] {dag.py:3823} INFO - Setting next_dagrun for example_xcom_args_with_operators to None, run_after=None
[2025-01-07T00:03:28.325+0000] {processor.py:183} INFO - Processing /home/airflow/.local/lib/python3.8/site-packages/airflow/example_dags/example_xcomargs.py took 0.165 seconds
[2025-01-07T00:03:58.656+0000] {processor.py:161} INFO - Started process (PID=6384) to work on /home/airflow/.local/lib/python3.8/site-packages/airflow/example_dags/example_xcomargs.py
[2025-01-07T00:03:58.660+0000] {processor.py:830} INFO - Processing file /home/airflow/.local/lib/python3.8/site-packages/airflow/example_dags/example_xcomargs.py for tasks to queue
[2025-01-07T00:03:58.668+0000] {logging_mixin.py:188} INFO - [2025-01-07T00:03:58.667+0000] {dagbag.py:538} INFO - Filling up the DagBag from /home/airflow/.local/lib/python3.8/site-packages/airflow/example_dags/example_xcomargs.py
[2025-01-07T00:03:58.689+0000] {processor.py:840} INFO - DAG(s) 'example_xcom_args_with_operators', 'example_xcom_args' retrieved from /home/airflow/.local/lib/python3.8/site-packages/airflow/example_dags/example_xcomargs.py
[2025-01-07T00:03:58.751+0000] {logging_mixin.py:188} INFO - [2025-01-07T00:03:58.751+0000] {dag.py:3036} INFO - Sync 2 DAGs
[2025-01-07T00:03:58.777+0000] {logging_mixin.py:188} INFO - [2025-01-07T00:03:58.777+0000] {dag.py:3823} INFO - Setting next_dagrun for example_xcom_args to None, run_after=None
[2025-01-07T00:03:58.786+0000] {logging_mixin.py:188} INFO - [2025-01-07T00:03:58.786+0000] {dag.py:3823} INFO - Setting next_dagrun for example_xcom_args_with_operators to None, run_after=None
[2025-01-07T00:03:58.828+0000] {processor.py:183} INFO - Processing /home/airflow/.local/lib/python3.8/site-packages/airflow/example_dags/example_xcomargs.py took 0.177 seconds
[2025-01-07T00:04:29.002+0000] {processor.py:161} INFO - Started process (PID=6442) to work on /home/airflow/.local/lib/python3.8/site-packages/airflow/example_dags/example_xcomargs.py
[2025-01-07T00:04:29.004+0000] {processor.py:830} INFO - Processing file /home/airflow/.local/lib/python3.8/site-packages/airflow/example_dags/example_xcomargs.py for tasks to queue
[2025-01-07T00:04:29.008+0000] {logging_mixin.py:188} INFO - [2025-01-07T00:04:29.007+0000] {dagbag.py:538} INFO - Filling up the DagBag from /home/airflow/.local/lib/python3.8/site-packages/airflow/example_dags/example_xcomargs.py
[2025-01-07T00:04:29.028+0000] {processor.py:840} INFO - DAG(s) 'example_xcom_args_with_operators', 'example_xcom_args' retrieved from /home/airflow/.local/lib/python3.8/site-packages/airflow/example_dags/example_xcomargs.py
[2025-01-07T00:04:29.087+0000] {logging_mixin.py:188} INFO - [2025-01-07T00:04:29.085+0000] {dag.py:3036} INFO - Sync 2 DAGs
[2025-01-07T00:04:29.130+0000] {logging_mixin.py:188} INFO - [2025-01-07T00:04:29.130+0000] {dag.py:3823} INFO - Setting next_dagrun for example_xcom_args to None, run_after=None
[2025-01-07T00:04:29.142+0000] {logging_mixin.py:188} INFO - [2025-01-07T00:04:29.142+0000] {dag.py:3823} INFO - Setting next_dagrun for example_xcom_args_with_operators to None, run_after=None
[2025-01-07T00:04:29.205+0000] {processor.py:183} INFO - Processing /home/airflow/.local/lib/python3.8/site-packages/airflow/example_dags/example_xcomargs.py took 0.208 seconds
[2025-01-07T00:04:59.290+0000] {processor.py:161} INFO - Started process (PID=6499) to work on /home/airflow/.local/lib/python3.8/site-packages/airflow/example_dags/example_xcomargs.py
[2025-01-07T00:04:59.292+0000] {processor.py:830} INFO - Processing file /home/airflow/.local/lib/python3.8/site-packages/airflow/example_dags/example_xcomargs.py for tasks to queue
[2025-01-07T00:04:59.297+0000] {logging_mixin.py:188} INFO - [2025-01-07T00:04:59.296+0000] {dagbag.py:538} INFO - Filling up the DagBag from /home/airflow/.local/lib/python3.8/site-packages/airflow/example_dags/example_xcomargs.py
[2025-01-07T00:04:59.318+0000] {processor.py:840} INFO - DAG(s) 'example_xcom_args', 'example_xcom_args_with_operators' retrieved from /home/airflow/.local/lib/python3.8/site-packages/airflow/example_dags/example_xcomargs.py
[2025-01-07T00:04:59.380+0000] {logging_mixin.py:188} INFO - [2025-01-07T00:04:59.380+0000] {dag.py:3036} INFO - Sync 2 DAGs
[2025-01-07T00:04:59.402+0000] {logging_mixin.py:188} INFO - [2025-01-07T00:04:59.402+0000] {dag.py:3823} INFO - Setting next_dagrun for example_xcom_args to None, run_after=None
[2025-01-07T00:04:59.409+0000] {logging_mixin.py:188} INFO - [2025-01-07T00:04:59.409+0000] {dag.py:3823} INFO - Setting next_dagrun for example_xcom_args_with_operators to None, run_after=None
[2025-01-07T00:04:59.441+0000] {processor.py:183} INFO - Processing /home/airflow/.local/lib/python3.8/site-packages/airflow/example_dags/example_xcomargs.py took 0.156 seconds
[2025-01-07T00:05:30.047+0000] {processor.py:161} INFO - Started process (PID=6556) to work on /home/airflow/.local/lib/python3.8/site-packages/airflow/example_dags/example_xcomargs.py
[2025-01-07T00:05:30.048+0000] {processor.py:830} INFO - Processing file /home/airflow/.local/lib/python3.8/site-packages/airflow/example_dags/example_xcomargs.py for tasks to queue
[2025-01-07T00:05:30.051+0000] {logging_mixin.py:188} INFO - [2025-01-07T00:05:30.050+0000] {dagbag.py:538} INFO - Filling up the DagBag from /home/airflow/.local/lib/python3.8/site-packages/airflow/example_dags/example_xcomargs.py
[2025-01-07T00:05:30.065+0000] {processor.py:840} INFO - DAG(s) 'example_xcom_args', 'example_xcom_args_with_operators' retrieved from /home/airflow/.local/lib/python3.8/site-packages/airflow/example_dags/example_xcomargs.py
[2025-01-07T00:05:30.107+0000] {logging_mixin.py:188} INFO - [2025-01-07T00:05:30.106+0000] {dag.py:3036} INFO - Sync 2 DAGs
[2025-01-07T00:05:30.132+0000] {logging_mixin.py:188} INFO - [2025-01-07T00:05:30.132+0000] {dag.py:3823} INFO - Setting next_dagrun for example_xcom_args to None, run_after=None
[2025-01-07T00:05:30.143+0000] {logging_mixin.py:188} INFO - [2025-01-07T00:05:30.142+0000] {dag.py:3823} INFO - Setting next_dagrun for example_xcom_args_with_operators to None, run_after=None
[2025-01-07T00:05:30.178+0000] {processor.py:183} INFO - Processing /home/airflow/.local/lib/python3.8/site-packages/airflow/example_dags/example_xcomargs.py took 0.136 seconds
[2025-01-07T00:06:00.363+0000] {processor.py:161} INFO - Started process (PID=6613) to work on /home/airflow/.local/lib/python3.8/site-packages/airflow/example_dags/example_xcomargs.py
[2025-01-07T00:06:00.366+0000] {processor.py:830} INFO - Processing file /home/airflow/.local/lib/python3.8/site-packages/airflow/example_dags/example_xcomargs.py for tasks to queue
[2025-01-07T00:06:00.370+0000] {logging_mixin.py:188} INFO - [2025-01-07T00:06:00.369+0000] {dagbag.py:538} INFO - Filling up the DagBag from /home/airflow/.local/lib/python3.8/site-packages/airflow/example_dags/example_xcomargs.py
[2025-01-07T00:06:00.387+0000] {processor.py:840} INFO - DAG(s) 'example_xcom_args', 'example_xcom_args_with_operators' retrieved from /home/airflow/.local/lib/python3.8/site-packages/airflow/example_dags/example_xcomargs.py
[2025-01-07T00:06:00.450+0000] {logging_mixin.py:188} INFO - [2025-01-07T00:06:00.450+0000] {dag.py:3036} INFO - Sync 2 DAGs
[2025-01-07T00:06:00.474+0000] {logging_mixin.py:188} INFO - [2025-01-07T00:06:00.474+0000] {dag.py:3823} INFO - Setting next_dagrun for example_xcom_args to None, run_after=None
[2025-01-07T00:06:00.485+0000] {logging_mixin.py:188} INFO - [2025-01-07T00:06:00.484+0000] {dag.py:3823} INFO - Setting next_dagrun for example_xcom_args_with_operators to None, run_after=None
[2025-01-07T00:06:00.551+0000] {processor.py:183} INFO - Processing /home/airflow/.local/lib/python3.8/site-packages/airflow/example_dags/example_xcomargs.py took 0.194 seconds
[2025-01-07T00:06:30.870+0000] {processor.py:161} INFO - Started process (PID=6669) to work on /home/airflow/.local/lib/python3.8/site-packages/airflow/example_dags/example_xcomargs.py
[2025-01-07T00:06:30.872+0000] {processor.py:830} INFO - Processing file /home/airflow/.local/lib/python3.8/site-packages/airflow/example_dags/example_xcomargs.py for tasks to queue
[2025-01-07T00:06:30.874+0000] {logging_mixin.py:188} INFO - [2025-01-07T00:06:30.874+0000] {dagbag.py:538} INFO - Filling up the DagBag from /home/airflow/.local/lib/python3.8/site-packages/airflow/example_dags/example_xcomargs.py
[2025-01-07T00:06:30.888+0000] {processor.py:840} INFO - DAG(s) 'example_xcom_args', 'example_xcom_args_with_operators' retrieved from /home/airflow/.local/lib/python3.8/site-packages/airflow/example_dags/example_xcomargs.py
[2025-01-07T00:06:30.928+0000] {logging_mixin.py:188} INFO - [2025-01-07T00:06:30.928+0000] {dag.py:3036} INFO - Sync 2 DAGs
[2025-01-07T00:06:30.952+0000] {logging_mixin.py:188} INFO - [2025-01-07T00:06:30.952+0000] {dag.py:3823} INFO - Setting next_dagrun for example_xcom_args to None, run_after=None
[2025-01-07T00:06:30.959+0000] {logging_mixin.py:188} INFO - [2025-01-07T00:06:30.959+0000] {dag.py:3823} INFO - Setting next_dagrun for example_xcom_args_with_operators to None, run_after=None
[2025-01-07T00:06:30.991+0000] {processor.py:183} INFO - Processing /home/airflow/.local/lib/python3.8/site-packages/airflow/example_dags/example_xcomargs.py took 0.125 seconds
[2025-01-07T00:07:02.722+0000] {processor.py:161} INFO - Started process (PID=6734) to work on /home/airflow/.local/lib/python3.8/site-packages/airflow/example_dags/example_xcomargs.py
[2025-01-07T00:07:02.736+0000] {processor.py:830} INFO - Processing file /home/airflow/.local/lib/python3.8/site-packages/airflow/example_dags/example_xcomargs.py for tasks to queue
[2025-01-07T00:07:02.744+0000] {logging_mixin.py:188} INFO - [2025-01-07T00:07:02.741+0000] {dagbag.py:538} INFO - Filling up the DagBag from /home/airflow/.local/lib/python3.8/site-packages/airflow/example_dags/example_xcomargs.py
[2025-01-07T00:07:02.781+0000] {processor.py:840} INFO - DAG(s) 'example_xcom_args', 'example_xcom_args_with_operators' retrieved from /home/airflow/.local/lib/python3.8/site-packages/airflow/example_dags/example_xcomargs.py
[2025-01-07T00:07:02.924+0000] {logging_mixin.py:188} INFO - [2025-01-07T00:07:02.923+0000] {dag.py:3036} INFO - Sync 2 DAGs
[2025-01-07T00:07:02.975+0000] {logging_mixin.py:188} INFO - [2025-01-07T00:07:02.974+0000] {dag.py:3823} INFO - Setting next_dagrun for example_xcom_args to None, run_after=None
[2025-01-07T00:07:02.994+0000] {logging_mixin.py:188} INFO - [2025-01-07T00:07:02.993+0000] {dag.py:3823} INFO - Setting next_dagrun for example_xcom_args_with_operators to None, run_after=None
[2025-01-07T00:07:03.087+0000] {processor.py:183} INFO - Processing /home/airflow/.local/lib/python3.8/site-packages/airflow/example_dags/example_xcomargs.py took 0.372 seconds
[2025-01-07T00:07:33.219+0000] {processor.py:161} INFO - Started process (PID=6791) to work on /home/airflow/.local/lib/python3.8/site-packages/airflow/example_dags/example_xcomargs.py
[2025-01-07T00:07:33.220+0000] {processor.py:830} INFO - Processing file /home/airflow/.local/lib/python3.8/site-packages/airflow/example_dags/example_xcomargs.py for tasks to queue
[2025-01-07T00:07:33.223+0000] {logging_mixin.py:188} INFO - [2025-01-07T00:07:33.223+0000] {dagbag.py:538} INFO - Filling up the DagBag from /home/airflow/.local/lib/python3.8/site-packages/airflow/example_dags/example_xcomargs.py
[2025-01-07T00:07:33.233+0000] {processor.py:840} INFO - DAG(s) 'example_xcom_args_with_operators', 'example_xcom_args' retrieved from /home/airflow/.local/lib/python3.8/site-packages/airflow/example_dags/example_xcomargs.py
[2025-01-07T00:07:33.265+0000] {logging_mixin.py:188} INFO - [2025-01-07T00:07:33.265+0000] {dag.py:3036} INFO - Sync 2 DAGs
[2025-01-07T00:07:33.287+0000] {logging_mixin.py:188} INFO - [2025-01-07T00:07:33.286+0000] {dag.py:3823} INFO - Setting next_dagrun for example_xcom_args to None, run_after=None
[2025-01-07T00:07:33.293+0000] {logging_mixin.py:188} INFO - [2025-01-07T00:07:33.293+0000] {dag.py:3823} INFO - Setting next_dagrun for example_xcom_args_with_operators to None, run_after=None
[2025-01-07T00:07:33.322+0000] {processor.py:183} INFO - Processing /home/airflow/.local/lib/python3.8/site-packages/airflow/example_dags/example_xcomargs.py took 0.107 seconds
[2025-01-07T00:08:03.902+0000] {processor.py:161} INFO - Started process (PID=6848) to work on /home/airflow/.local/lib/python3.8/site-packages/airflow/example_dags/example_xcomargs.py
[2025-01-07T00:08:03.904+0000] {processor.py:830} INFO - Processing file /home/airflow/.local/lib/python3.8/site-packages/airflow/example_dags/example_xcomargs.py for tasks to queue
[2025-01-07T00:08:03.907+0000] {logging_mixin.py:188} INFO - [2025-01-07T00:08:03.906+0000] {dagbag.py:538} INFO - Filling up the DagBag from /home/airflow/.local/lib/python3.8/site-packages/airflow/example_dags/example_xcomargs.py
[2025-01-07T00:08:03.921+0000] {processor.py:840} INFO - DAG(s) 'example_xcom_args', 'example_xcom_args_with_operators' retrieved from /home/airflow/.local/lib/python3.8/site-packages/airflow/example_dags/example_xcomargs.py
[2025-01-07T00:08:03.962+0000] {logging_mixin.py:188} INFO - [2025-01-07T00:08:03.962+0000] {dag.py:3036} INFO - Sync 2 DAGs
[2025-01-07T00:08:03.985+0000] {logging_mixin.py:188} INFO - [2025-01-07T00:08:03.985+0000] {dag.py:3823} INFO - Setting next_dagrun for example_xcom_args to None, run_after=None
[2025-01-07T00:08:03.994+0000] {logging_mixin.py:188} INFO - [2025-01-07T00:08:03.992+0000] {dag.py:3823} INFO - Setting next_dagrun for example_xcom_args_with_operators to None, run_after=None
[2025-01-07T00:08:04.023+0000] {processor.py:183} INFO - Processing /home/airflow/.local/lib/python3.8/site-packages/airflow/example_dags/example_xcomargs.py took 0.127 seconds
[2025-01-07T00:08:34.893+0000] {processor.py:161} INFO - Started process (PID=6908) to work on /home/airflow/.local/lib/python3.8/site-packages/airflow/example_dags/example_xcomargs.py
[2025-01-07T00:08:34.904+0000] {processor.py:830} INFO - Processing file /home/airflow/.local/lib/python3.8/site-packages/airflow/example_dags/example_xcomargs.py for tasks to queue
[2025-01-07T00:08:34.909+0000] {logging_mixin.py:188} INFO - [2025-01-07T00:08:34.909+0000] {dagbag.py:538} INFO - Filling up the DagBag from /home/airflow/.local/lib/python3.8/site-packages/airflow/example_dags/example_xcomargs.py
[2025-01-07T00:08:34.956+0000] {processor.py:840} INFO - DAG(s) 'example_xcom_args', 'example_xcom_args_with_operators' retrieved from /home/airflow/.local/lib/python3.8/site-packages/airflow/example_dags/example_xcomargs.py
[2025-01-07T00:08:35.073+0000] {logging_mixin.py:188} INFO - [2025-01-07T00:08:35.072+0000] {dag.py:3036} INFO - Sync 2 DAGs
[2025-01-07T00:08:35.147+0000] {logging_mixin.py:188} INFO - [2025-01-07T00:08:35.147+0000] {dag.py:3823} INFO - Setting next_dagrun for example_xcom_args to None, run_after=None
[2025-01-07T00:08:35.168+0000] {logging_mixin.py:188} INFO - [2025-01-07T00:08:35.164+0000] {dag.py:3823} INFO - Setting next_dagrun for example_xcom_args_with_operators to None, run_after=None
[2025-01-07T00:08:35.250+0000] {processor.py:183} INFO - Processing /home/airflow/.local/lib/python3.8/site-packages/airflow/example_dags/example_xcomargs.py took 0.363 seconds
[2025-01-07T00:09:05.697+0000] {processor.py:161} INFO - Started process (PID=6968) to work on /home/airflow/.local/lib/python3.8/site-packages/airflow/example_dags/example_xcomargs.py
[2025-01-07T00:09:05.701+0000] {processor.py:830} INFO - Processing file /home/airflow/.local/lib/python3.8/site-packages/airflow/example_dags/example_xcomargs.py for tasks to queue
[2025-01-07T00:09:05.705+0000] {logging_mixin.py:188} INFO - [2025-01-07T00:09:05.704+0000] {dagbag.py:538} INFO - Filling up the DagBag from /home/airflow/.local/lib/python3.8/site-packages/airflow/example_dags/example_xcomargs.py
[2025-01-07T00:09:05.742+0000] {processor.py:840} INFO - DAG(s) 'example_xcom_args', 'example_xcom_args_with_operators' retrieved from /home/airflow/.local/lib/python3.8/site-packages/airflow/example_dags/example_xcomargs.py
[2025-01-07T00:09:05.840+0000] {logging_mixin.py:188} INFO - [2025-01-07T00:09:05.839+0000] {dag.py:3036} INFO - Sync 2 DAGs
[2025-01-07T00:09:05.890+0000] {logging_mixin.py:188} INFO - [2025-01-07T00:09:05.890+0000] {dag.py:3823} INFO - Setting next_dagrun for example_xcom_args to None, run_after=None
[2025-01-07T00:09:05.910+0000] {logging_mixin.py:188} INFO - [2025-01-07T00:09:05.909+0000] {dag.py:3823} INFO - Setting next_dagrun for example_xcom_args_with_operators to None, run_after=None
[2025-01-07T00:09:05.987+0000] {processor.py:183} INFO - Processing /home/airflow/.local/lib/python3.8/site-packages/airflow/example_dags/example_xcomargs.py took 0.306 seconds
[2025-01-07T00:09:36.261+0000] {processor.py:161} INFO - Started process (PID=7025) to work on /home/airflow/.local/lib/python3.8/site-packages/airflow/example_dags/example_xcomargs.py
[2025-01-07T00:09:36.263+0000] {processor.py:830} INFO - Processing file /home/airflow/.local/lib/python3.8/site-packages/airflow/example_dags/example_xcomargs.py for tasks to queue
[2025-01-07T00:09:36.266+0000] {logging_mixin.py:188} INFO - [2025-01-07T00:09:36.266+0000] {dagbag.py:538} INFO - Filling up the DagBag from /home/airflow/.local/lib/python3.8/site-packages/airflow/example_dags/example_xcomargs.py
[2025-01-07T00:09:36.282+0000] {processor.py:840} INFO - DAG(s) 'example_xcom_args', 'example_xcom_args_with_operators' retrieved from /home/airflow/.local/lib/python3.8/site-packages/airflow/example_dags/example_xcomargs.py
[2025-01-07T00:09:36.320+0000] {logging_mixin.py:188} INFO - [2025-01-07T00:09:36.320+0000] {dag.py:3036} INFO - Sync 2 DAGs
[2025-01-07T00:09:36.345+0000] {logging_mixin.py:188} INFO - [2025-01-07T00:09:36.345+0000] {dag.py:3823} INFO - Setting next_dagrun for example_xcom_args to None, run_after=None
[2025-01-07T00:09:36.350+0000] {logging_mixin.py:188} INFO - [2025-01-07T00:09:36.350+0000] {dag.py:3823} INFO - Setting next_dagrun for example_xcom_args_with_operators to None, run_after=None
[2025-01-07T00:09:36.384+0000] {processor.py:183} INFO - Processing /home/airflow/.local/lib/python3.8/site-packages/airflow/example_dags/example_xcomargs.py took 0.128 seconds
[2025-01-07T00:10:07.307+0000] {processor.py:161} INFO - Started process (PID=7083) to work on /home/airflow/.local/lib/python3.8/site-packages/airflow/example_dags/example_xcomargs.py
[2025-01-07T00:10:07.310+0000] {processor.py:830} INFO - Processing file /home/airflow/.local/lib/python3.8/site-packages/airflow/example_dags/example_xcomargs.py for tasks to queue
[2025-01-07T00:10:07.320+0000] {logging_mixin.py:188} INFO - [2025-01-07T00:10:07.314+0000] {dagbag.py:538} INFO - Filling up the DagBag from /home/airflow/.local/lib/python3.8/site-packages/airflow/example_dags/example_xcomargs.py
[2025-01-07T00:10:07.348+0000] {processor.py:840} INFO - DAG(s) 'example_xcom_args', 'example_xcom_args_with_operators' retrieved from /home/airflow/.local/lib/python3.8/site-packages/airflow/example_dags/example_xcomargs.py
[2025-01-07T00:10:07.430+0000] {logging_mixin.py:188} INFO - [2025-01-07T00:10:07.426+0000] {dag.py:3036} INFO - Sync 2 DAGs
[2025-01-07T00:10:07.473+0000] {logging_mixin.py:188} INFO - [2025-01-07T00:10:07.472+0000] {dag.py:3823} INFO - Setting next_dagrun for example_xcom_args to None, run_after=None
[2025-01-07T00:10:07.481+0000] {logging_mixin.py:188} INFO - [2025-01-07T00:10:07.480+0000] {dag.py:3823} INFO - Setting next_dagrun for example_xcom_args_with_operators to None, run_after=None
[2025-01-07T00:10:07.516+0000] {processor.py:183} INFO - Processing /home/airflow/.local/lib/python3.8/site-packages/airflow/example_dags/example_xcomargs.py took 0.216 seconds
[2025-01-07T00:10:37.645+0000] {processor.py:161} INFO - Started process (PID=7140) to work on /home/airflow/.local/lib/python3.8/site-packages/airflow/example_dags/example_xcomargs.py
[2025-01-07T00:10:37.646+0000] {processor.py:830} INFO - Processing file /home/airflow/.local/lib/python3.8/site-packages/airflow/example_dags/example_xcomargs.py for tasks to queue
[2025-01-07T00:10:37.649+0000] {logging_mixin.py:188} INFO - [2025-01-07T00:10:37.649+0000] {dagbag.py:538} INFO - Filling up the DagBag from /home/airflow/.local/lib/python3.8/site-packages/airflow/example_dags/example_xcomargs.py
[2025-01-07T00:10:37.663+0000] {processor.py:840} INFO - DAG(s) 'example_xcom_args_with_operators', 'example_xcom_args' retrieved from /home/airflow/.local/lib/python3.8/site-packages/airflow/example_dags/example_xcomargs.py
[2025-01-07T00:10:37.701+0000] {logging_mixin.py:188} INFO - [2025-01-07T00:10:37.701+0000] {dag.py:3036} INFO - Sync 2 DAGs
[2025-01-07T00:10:37.721+0000] {logging_mixin.py:188} INFO - [2025-01-07T00:10:37.720+0000] {dag.py:3823} INFO - Setting next_dagrun for example_xcom_args to None, run_after=None
[2025-01-07T00:10:37.725+0000] {logging_mixin.py:188} INFO - [2025-01-07T00:10:37.725+0000] {dag.py:3823} INFO - Setting next_dagrun for example_xcom_args_with_operators to None, run_after=None
[2025-01-07T00:10:37.751+0000] {processor.py:183} INFO - Processing /home/airflow/.local/lib/python3.8/site-packages/airflow/example_dags/example_xcomargs.py took 0.112 seconds
[2025-01-07T00:11:07.843+0000] {processor.py:161} INFO - Started process (PID=7197) to work on /home/airflow/.local/lib/python3.8/site-packages/airflow/example_dags/example_xcomargs.py
[2025-01-07T00:11:07.845+0000] {processor.py:830} INFO - Processing file /home/airflow/.local/lib/python3.8/site-packages/airflow/example_dags/example_xcomargs.py for tasks to queue
[2025-01-07T00:11:07.847+0000] {logging_mixin.py:188} INFO - [2025-01-07T00:11:07.847+0000] {dagbag.py:538} INFO - Filling up the DagBag from /home/airflow/.local/lib/python3.8/site-packages/airflow/example_dags/example_xcomargs.py
[2025-01-07T00:11:07.861+0000] {processor.py:840} INFO - DAG(s) 'example_xcom_args', 'example_xcom_args_with_operators' retrieved from /home/airflow/.local/lib/python3.8/site-packages/airflow/example_dags/example_xcomargs.py
[2025-01-07T00:11:07.900+0000] {logging_mixin.py:188} INFO - [2025-01-07T00:11:07.899+0000] {dag.py:3036} INFO - Sync 2 DAGs
[2025-01-07T00:11:07.924+0000] {logging_mixin.py:188} INFO - [2025-01-07T00:11:07.922+0000] {dag.py:3823} INFO - Setting next_dagrun for example_xcom_args to None, run_after=None
[2025-01-07T00:11:07.931+0000] {logging_mixin.py:188} INFO - [2025-01-07T00:11:07.930+0000] {dag.py:3823} INFO - Setting next_dagrun for example_xcom_args_with_operators to None, run_after=None
[2025-01-07T00:11:07.963+0000] {processor.py:183} INFO - Processing /home/airflow/.local/lib/python3.8/site-packages/airflow/example_dags/example_xcomargs.py took 0.127 seconds
[2025-01-07T00:11:38.102+0000] {processor.py:161} INFO - Started process (PID=7254) to work on /home/airflow/.local/lib/python3.8/site-packages/airflow/example_dags/example_xcomargs.py
[2025-01-07T00:11:38.103+0000] {processor.py:830} INFO - Processing file /home/airflow/.local/lib/python3.8/site-packages/airflow/example_dags/example_xcomargs.py for tasks to queue
[2025-01-07T00:11:38.105+0000] {logging_mixin.py:188} INFO - [2025-01-07T00:11:38.105+0000] {dagbag.py:538} INFO - Filling up the DagBag from /home/airflow/.local/lib/python3.8/site-packages/airflow/example_dags/example_xcomargs.py
[2025-01-07T00:11:38.121+0000] {processor.py:840} INFO - DAG(s) 'example_xcom_args_with_operators', 'example_xcom_args' retrieved from /home/airflow/.local/lib/python3.8/site-packages/airflow/example_dags/example_xcomargs.py
[2025-01-07T00:11:38.154+0000] {logging_mixin.py:188} INFO - [2025-01-07T00:11:38.154+0000] {dag.py:3036} INFO - Sync 2 DAGs
[2025-01-07T00:11:38.173+0000] {logging_mixin.py:188} INFO - [2025-01-07T00:11:38.173+0000] {dag.py:3823} INFO - Setting next_dagrun for example_xcom_args to None, run_after=None
[2025-01-07T00:11:38.179+0000] {logging_mixin.py:188} INFO - [2025-01-07T00:11:38.178+0000] {dag.py:3823} INFO - Setting next_dagrun for example_xcom_args_with_operators to None, run_after=None
[2025-01-07T00:11:38.209+0000] {processor.py:183} INFO - Processing /home/airflow/.local/lib/python3.8/site-packages/airflow/example_dags/example_xcomargs.py took 0.111 seconds
[2025-01-07T00:12:08.656+0000] {processor.py:161} INFO - Started process (PID=7310) to work on /home/airflow/.local/lib/python3.8/site-packages/airflow/example_dags/example_xcomargs.py
[2025-01-07T00:12:08.658+0000] {processor.py:830} INFO - Processing file /home/airflow/.local/lib/python3.8/site-packages/airflow/example_dags/example_xcomargs.py for tasks to queue
[2025-01-07T00:12:08.662+0000] {logging_mixin.py:188} INFO - [2025-01-07T00:12:08.662+0000] {dagbag.py:538} INFO - Filling up the DagBag from /home/airflow/.local/lib/python3.8/site-packages/airflow/example_dags/example_xcomargs.py
[2025-01-07T00:12:08.684+0000] {processor.py:840} INFO - DAG(s) 'example_xcom_args', 'example_xcom_args_with_operators' retrieved from /home/airflow/.local/lib/python3.8/site-packages/airflow/example_dags/example_xcomargs.py
[2025-01-07T00:12:08.750+0000] {logging_mixin.py:188} INFO - [2025-01-07T00:12:08.749+0000] {dag.py:3036} INFO - Sync 2 DAGs
[2025-01-07T00:12:08.778+0000] {logging_mixin.py:188} INFO - [2025-01-07T00:12:08.777+0000] {dag.py:3823} INFO - Setting next_dagrun for example_xcom_args to None, run_after=None
[2025-01-07T00:12:08.793+0000] {logging_mixin.py:188} INFO - [2025-01-07T00:12:08.793+0000] {dag.py:3823} INFO - Setting next_dagrun for example_xcom_args_with_operators to None, run_after=None
[2025-01-07T00:12:08.847+0000] {processor.py:183} INFO - Processing /home/airflow/.local/lib/python3.8/site-packages/airflow/example_dags/example_xcomargs.py took 0.199 seconds
[2025-01-07T00:12:39.289+0000] {processor.py:161} INFO - Started process (PID=7367) to work on /home/airflow/.local/lib/python3.8/site-packages/airflow/example_dags/example_xcomargs.py
[2025-01-07T00:12:39.290+0000] {processor.py:830} INFO - Processing file /home/airflow/.local/lib/python3.8/site-packages/airflow/example_dags/example_xcomargs.py for tasks to queue
[2025-01-07T00:12:39.293+0000] {logging_mixin.py:188} INFO - [2025-01-07T00:12:39.293+0000] {dagbag.py:538} INFO - Filling up the DagBag from /home/airflow/.local/lib/python3.8/site-packages/airflow/example_dags/example_xcomargs.py
[2025-01-07T00:12:39.305+0000] {processor.py:840} INFO - DAG(s) 'example_xcom_args_with_operators', 'example_xcom_args' retrieved from /home/airflow/.local/lib/python3.8/site-packages/airflow/example_dags/example_xcomargs.py
[2025-01-07T00:12:39.340+0000] {logging_mixin.py:188} INFO - [2025-01-07T00:12:39.340+0000] {dag.py:3036} INFO - Sync 2 DAGs
[2025-01-07T00:12:39.373+0000] {logging_mixin.py:188} INFO - [2025-01-07T00:12:39.373+0000] {dag.py:3823} INFO - Setting next_dagrun for example_xcom_args to None, run_after=None
[2025-01-07T00:12:39.383+0000] {logging_mixin.py:188} INFO - [2025-01-07T00:12:39.382+0000] {dag.py:3823} INFO - Setting next_dagrun for example_xcom_args_with_operators to None, run_after=None
[2025-01-07T00:12:39.422+0000] {processor.py:183} INFO - Processing /home/airflow/.local/lib/python3.8/site-packages/airflow/example_dags/example_xcomargs.py took 0.137 seconds
[2025-01-07T00:13:09.849+0000] {processor.py:161} INFO - Started process (PID=7424) to work on /home/airflow/.local/lib/python3.8/site-packages/airflow/example_dags/example_xcomargs.py
[2025-01-07T00:13:09.851+0000] {processor.py:830} INFO - Processing file /home/airflow/.local/lib/python3.8/site-packages/airflow/example_dags/example_xcomargs.py for tasks to queue
[2025-01-07T00:13:09.854+0000] {logging_mixin.py:188} INFO - [2025-01-07T00:13:09.853+0000] {dagbag.py:538} INFO - Filling up the DagBag from /home/airflow/.local/lib/python3.8/site-packages/airflow/example_dags/example_xcomargs.py
[2025-01-07T00:13:09.870+0000] {processor.py:840} INFO - DAG(s) 'example_xcom_args_with_operators', 'example_xcom_args' retrieved from /home/airflow/.local/lib/python3.8/site-packages/airflow/example_dags/example_xcomargs.py
[2025-01-07T00:13:09.921+0000] {logging_mixin.py:188} INFO - [2025-01-07T00:13:09.920+0000] {dag.py:3036} INFO - Sync 2 DAGs
[2025-01-07T00:13:09.948+0000] {logging_mixin.py:188} INFO - [2025-01-07T00:13:09.948+0000] {dag.py:3823} INFO - Setting next_dagrun for example_xcom_args to None, run_after=None
[2025-01-07T00:13:09.955+0000] {logging_mixin.py:188} INFO - [2025-01-07T00:13:09.954+0000] {dag.py:3823} INFO - Setting next_dagrun for example_xcom_args_with_operators to None, run_after=None
[2025-01-07T00:13:09.989+0000] {processor.py:183} INFO - Processing /home/airflow/.local/lib/python3.8/site-packages/airflow/example_dags/example_xcomargs.py took 0.146 seconds
[2025-01-07T00:13:40.189+0000] {processor.py:161} INFO - Started process (PID=7482) to work on /home/airflow/.local/lib/python3.8/site-packages/airflow/example_dags/example_xcomargs.py
[2025-01-07T00:13:40.190+0000] {processor.py:830} INFO - Processing file /home/airflow/.local/lib/python3.8/site-packages/airflow/example_dags/example_xcomargs.py for tasks to queue
[2025-01-07T00:13:40.195+0000] {logging_mixin.py:188} INFO - [2025-01-07T00:13:40.193+0000] {dagbag.py:538} INFO - Filling up the DagBag from /home/airflow/.local/lib/python3.8/site-packages/airflow/example_dags/example_xcomargs.py
[2025-01-07T00:13:40.209+0000] {processor.py:840} INFO - DAG(s) 'example_xcom_args', 'example_xcom_args_with_operators' retrieved from /home/airflow/.local/lib/python3.8/site-packages/airflow/example_dags/example_xcomargs.py
[2025-01-07T00:13:40.251+0000] {logging_mixin.py:188} INFO - [2025-01-07T00:13:40.250+0000] {dag.py:3036} INFO - Sync 2 DAGs
[2025-01-07T00:13:40.274+0000] {logging_mixin.py:188} INFO - [2025-01-07T00:13:40.274+0000] {dag.py:3823} INFO - Setting next_dagrun for example_xcom_args to None, run_after=None
[2025-01-07T00:13:40.280+0000] {logging_mixin.py:188} INFO - [2025-01-07T00:13:40.280+0000] {dag.py:3823} INFO - Setting next_dagrun for example_xcom_args_with_operators to None, run_after=None
[2025-01-07T00:13:40.304+0000] {processor.py:183} INFO - Processing /home/airflow/.local/lib/python3.8/site-packages/airflow/example_dags/example_xcomargs.py took 0.121 seconds
[2025-01-07T00:14:10.569+0000] {processor.py:161} INFO - Started process (PID=7539) to work on /home/airflow/.local/lib/python3.8/site-packages/airflow/example_dags/example_xcomargs.py
[2025-01-07T00:14:10.574+0000] {processor.py:830} INFO - Processing file /home/airflow/.local/lib/python3.8/site-packages/airflow/example_dags/example_xcomargs.py for tasks to queue
[2025-01-07T00:14:10.581+0000] {logging_mixin.py:188} INFO - [2025-01-07T00:14:10.580+0000] {dagbag.py:538} INFO - Filling up the DagBag from /home/airflow/.local/lib/python3.8/site-packages/airflow/example_dags/example_xcomargs.py
[2025-01-07T00:14:10.599+0000] {processor.py:840} INFO - DAG(s) 'example_xcom_args_with_operators', 'example_xcom_args' retrieved from /home/airflow/.local/lib/python3.8/site-packages/airflow/example_dags/example_xcomargs.py
[2025-01-07T00:14:10.651+0000] {logging_mixin.py:188} INFO - [2025-01-07T00:14:10.651+0000] {dag.py:3036} INFO - Sync 2 DAGs
[2025-01-07T00:14:10.684+0000] {logging_mixin.py:188} INFO - [2025-01-07T00:14:10.684+0000] {dag.py:3823} INFO - Setting next_dagrun for example_xcom_args to None, run_after=None
[2025-01-07T00:14:10.691+0000] {logging_mixin.py:188} INFO - [2025-01-07T00:14:10.691+0000] {dag.py:3823} INFO - Setting next_dagrun for example_xcom_args_with_operators to None, run_after=None
[2025-01-07T00:14:10.731+0000] {processor.py:183} INFO - Processing /home/airflow/.local/lib/python3.8/site-packages/airflow/example_dags/example_xcomargs.py took 0.168 seconds
[2025-01-07T00:14:41.460+0000] {processor.py:161} INFO - Started process (PID=7596) to work on /home/airflow/.local/lib/python3.8/site-packages/airflow/example_dags/example_xcomargs.py
[2025-01-07T00:14:41.461+0000] {processor.py:830} INFO - Processing file /home/airflow/.local/lib/python3.8/site-packages/airflow/example_dags/example_xcomargs.py for tasks to queue
[2025-01-07T00:14:41.475+0000] {logging_mixin.py:188} INFO - [2025-01-07T00:14:41.475+0000] {dagbag.py:538} INFO - Filling up the DagBag from /home/airflow/.local/lib/python3.8/site-packages/airflow/example_dags/example_xcomargs.py
[2025-01-07T00:14:41.501+0000] {processor.py:840} INFO - DAG(s) 'example_xcom_args_with_operators', 'example_xcom_args' retrieved from /home/airflow/.local/lib/python3.8/site-packages/airflow/example_dags/example_xcomargs.py
[2025-01-07T00:14:41.582+0000] {logging_mixin.py:188} INFO - [2025-01-07T00:14:41.582+0000] {dag.py:3036} INFO - Sync 2 DAGs
[2025-01-07T00:14:41.650+0000] {logging_mixin.py:188} INFO - [2025-01-07T00:14:41.650+0000] {dag.py:3823} INFO - Setting next_dagrun for example_xcom_args to None, run_after=None
[2025-01-07T00:14:41.666+0000] {logging_mixin.py:188} INFO - [2025-01-07T00:14:41.666+0000] {dag.py:3823} INFO - Setting next_dagrun for example_xcom_args_with_operators to None, run_after=None
[2025-01-07T00:14:41.741+0000] {processor.py:183} INFO - Processing /home/airflow/.local/lib/python3.8/site-packages/airflow/example_dags/example_xcomargs.py took 0.286 seconds
[2025-01-07T00:15:12.010+0000] {processor.py:161} INFO - Started process (PID=7653) to work on /home/airflow/.local/lib/python3.8/site-packages/airflow/example_dags/example_xcomargs.py
[2025-01-07T00:15:12.011+0000] {processor.py:830} INFO - Processing file /home/airflow/.local/lib/python3.8/site-packages/airflow/example_dags/example_xcomargs.py for tasks to queue
[2025-01-07T00:15:12.014+0000] {logging_mixin.py:188} INFO - [2025-01-07T00:15:12.014+0000] {dagbag.py:538} INFO - Filling up the DagBag from /home/airflow/.local/lib/python3.8/site-packages/airflow/example_dags/example_xcomargs.py
[2025-01-07T00:15:12.029+0000] {processor.py:840} INFO - DAG(s) 'example_xcom_args', 'example_xcom_args_with_operators' retrieved from /home/airflow/.local/lib/python3.8/site-packages/airflow/example_dags/example_xcomargs.py
[2025-01-07T00:15:12.071+0000] {logging_mixin.py:188} INFO - [2025-01-07T00:15:12.071+0000] {dag.py:3036} INFO - Sync 2 DAGs
[2025-01-07T00:15:12.095+0000] {logging_mixin.py:188} INFO - [2025-01-07T00:15:12.094+0000] {dag.py:3823} INFO - Setting next_dagrun for example_xcom_args to None, run_after=None
[2025-01-07T00:15:12.103+0000] {logging_mixin.py:188} INFO - [2025-01-07T00:15:12.103+0000] {dag.py:3823} INFO - Setting next_dagrun for example_xcom_args_with_operators to None, run_after=None
[2025-01-07T00:15:12.130+0000] {processor.py:183} INFO - Processing /home/airflow/.local/lib/python3.8/site-packages/airflow/example_dags/example_xcomargs.py took 0.128 seconds
[2025-01-07T00:15:42.366+0000] {processor.py:161} INFO - Started process (PID=7708) to work on /home/airflow/.local/lib/python3.8/site-packages/airflow/example_dags/example_xcomargs.py
[2025-01-07T00:15:42.367+0000] {processor.py:830} INFO - Processing file /home/airflow/.local/lib/python3.8/site-packages/airflow/example_dags/example_xcomargs.py for tasks to queue
[2025-01-07T00:15:42.370+0000] {logging_mixin.py:188} INFO - [2025-01-07T00:15:42.370+0000] {dagbag.py:538} INFO - Filling up the DagBag from /home/airflow/.local/lib/python3.8/site-packages/airflow/example_dags/example_xcomargs.py
[2025-01-07T00:15:42.397+0000] {processor.py:840} INFO - DAG(s) 'example_xcom_args_with_operators', 'example_xcom_args' retrieved from /home/airflow/.local/lib/python3.8/site-packages/airflow/example_dags/example_xcomargs.py
[2025-01-07T00:15:42.458+0000] {logging_mixin.py:188} INFO - [2025-01-07T00:15:42.458+0000] {dag.py:3036} INFO - Sync 2 DAGs
[2025-01-07T00:15:42.489+0000] {logging_mixin.py:188} INFO - [2025-01-07T00:15:42.489+0000] {dag.py:3823} INFO - Setting next_dagrun for example_xcom_args to None, run_after=None
[2025-01-07T00:15:42.500+0000] {logging_mixin.py:188} INFO - [2025-01-07T00:15:42.500+0000] {dag.py:3823} INFO - Setting next_dagrun for example_xcom_args_with_operators to None, run_after=None
[2025-01-07T00:15:42.539+0000] {processor.py:183} INFO - Processing /home/airflow/.local/lib/python3.8/site-packages/airflow/example_dags/example_xcomargs.py took 0.183 seconds
[2025-01-07T00:16:13.364+0000] {processor.py:161} INFO - Started process (PID=7765) to work on /home/airflow/.local/lib/python3.8/site-packages/airflow/example_dags/example_xcomargs.py
[2025-01-07T00:16:13.366+0000] {processor.py:830} INFO - Processing file /home/airflow/.local/lib/python3.8/site-packages/airflow/example_dags/example_xcomargs.py for tasks to queue
[2025-01-07T00:16:13.369+0000] {logging_mixin.py:188} INFO - [2025-01-07T00:16:13.369+0000] {dagbag.py:538} INFO - Filling up the DagBag from /home/airflow/.local/lib/python3.8/site-packages/airflow/example_dags/example_xcomargs.py
[2025-01-07T00:16:13.390+0000] {processor.py:840} INFO - DAG(s) 'example_xcom_args_with_operators', 'example_xcom_args' retrieved from /home/airflow/.local/lib/python3.8/site-packages/airflow/example_dags/example_xcomargs.py
[2025-01-07T00:16:13.467+0000] {logging_mixin.py:188} INFO - [2025-01-07T00:16:13.466+0000] {dag.py:3036} INFO - Sync 2 DAGs
[2025-01-07T00:16:13.519+0000] {logging_mixin.py:188} INFO - [2025-01-07T00:16:13.519+0000] {dag.py:3823} INFO - Setting next_dagrun for example_xcom_args to None, run_after=None
[2025-01-07T00:16:13.534+0000] {logging_mixin.py:188} INFO - [2025-01-07T00:16:13.533+0000] {dag.py:3823} INFO - Setting next_dagrun for example_xcom_args_with_operators to None, run_after=None
[2025-01-07T00:16:13.579+0000] {processor.py:183} INFO - Processing /home/airflow/.local/lib/python3.8/site-packages/airflow/example_dags/example_xcomargs.py took 0.222 seconds
[2025-01-07T00:16:44.691+0000] {processor.py:161} INFO - Started process (PID=7823) to work on /home/airflow/.local/lib/python3.8/site-packages/airflow/example_dags/example_xcomargs.py
[2025-01-07T00:16:44.699+0000] {processor.py:830} INFO - Processing file /home/airflow/.local/lib/python3.8/site-packages/airflow/example_dags/example_xcomargs.py for tasks to queue
[2025-01-07T00:16:44.716+0000] {logging_mixin.py:188} INFO - [2025-01-07T00:16:44.716+0000] {dagbag.py:538} INFO - Filling up the DagBag from /home/airflow/.local/lib/python3.8/site-packages/airflow/example_dags/example_xcomargs.py
[2025-01-07T00:16:44.757+0000] {processor.py:840} INFO - DAG(s) 'example_xcom_args', 'example_xcom_args_with_operators' retrieved from /home/airflow/.local/lib/python3.8/site-packages/airflow/example_dags/example_xcomargs.py
[2025-01-07T00:16:44.877+0000] {logging_mixin.py:188} INFO - [2025-01-07T00:16:44.876+0000] {dag.py:3036} INFO - Sync 2 DAGs
[2025-01-07T00:16:44.941+0000] {logging_mixin.py:188} INFO - [2025-01-07T00:16:44.941+0000] {dag.py:3823} INFO - Setting next_dagrun for example_xcom_args to None, run_after=None
[2025-01-07T00:16:44.960+0000] {logging_mixin.py:188} INFO - [2025-01-07T00:16:44.959+0000] {dag.py:3823} INFO - Setting next_dagrun for example_xcom_args_with_operators to None, run_after=None
[2025-01-07T00:16:45.055+0000] {processor.py:183} INFO - Processing /home/airflow/.local/lib/python3.8/site-packages/airflow/example_dags/example_xcomargs.py took 0.382 seconds
[2025-01-07T00:17:15.363+0000] {processor.py:161} INFO - Started process (PID=7880) to work on /home/airflow/.local/lib/python3.8/site-packages/airflow/example_dags/example_xcomargs.py
[2025-01-07T00:17:15.365+0000] {processor.py:830} INFO - Processing file /home/airflow/.local/lib/python3.8/site-packages/airflow/example_dags/example_xcomargs.py for tasks to queue
[2025-01-07T00:17:15.368+0000] {logging_mixin.py:188} INFO - [2025-01-07T00:17:15.367+0000] {dagbag.py:538} INFO - Filling up the DagBag from /home/airflow/.local/lib/python3.8/site-packages/airflow/example_dags/example_xcomargs.py
[2025-01-07T00:17:15.412+0000] {processor.py:840} INFO - DAG(s) 'example_xcom_args', 'example_xcom_args_with_operators' retrieved from /home/airflow/.local/lib/python3.8/site-packages/airflow/example_dags/example_xcomargs.py
[2025-01-07T00:17:15.492+0000] {logging_mixin.py:188} INFO - [2025-01-07T00:17:15.491+0000] {dag.py:3036} INFO - Sync 2 DAGs
[2025-01-07T00:17:15.548+0000] {logging_mixin.py:188} INFO - [2025-01-07T00:17:15.548+0000] {dag.py:3823} INFO - Setting next_dagrun for example_xcom_args to None, run_after=None
[2025-01-07T00:17:15.561+0000] {logging_mixin.py:188} INFO - [2025-01-07T00:17:15.561+0000] {dag.py:3823} INFO - Setting next_dagrun for example_xcom_args_with_operators to None, run_after=None
[2025-01-07T00:17:15.644+0000] {processor.py:183} INFO - Processing /home/airflow/.local/lib/python3.8/site-packages/airflow/example_dags/example_xcomargs.py took 0.298 seconds
[2025-01-07T00:17:46.236+0000] {processor.py:161} INFO - Started process (PID=7936) to work on /home/airflow/.local/lib/python3.8/site-packages/airflow/example_dags/example_xcomargs.py
[2025-01-07T00:17:46.239+0000] {processor.py:830} INFO - Processing file /home/airflow/.local/lib/python3.8/site-packages/airflow/example_dags/example_xcomargs.py for tasks to queue
[2025-01-07T00:17:46.287+0000] {logging_mixin.py:188} INFO - [2025-01-07T00:17:46.268+0000] {dagbag.py:538} INFO - Filling up the DagBag from /home/airflow/.local/lib/python3.8/site-packages/airflow/example_dags/example_xcomargs.py
[2025-01-07T00:17:46.347+0000] {processor.py:840} INFO - DAG(s) 'example_xcom_args_with_operators', 'example_xcom_args' retrieved from /home/airflow/.local/lib/python3.8/site-packages/airflow/example_dags/example_xcomargs.py
[2025-01-07T00:17:46.474+0000] {logging_mixin.py:188} INFO - [2025-01-07T00:17:46.473+0000] {dag.py:3036} INFO - Sync 2 DAGs
[2025-01-07T00:17:46.560+0000] {logging_mixin.py:188} INFO - [2025-01-07T00:17:46.559+0000] {dag.py:3823} INFO - Setting next_dagrun for example_xcom_args to None, run_after=None
[2025-01-07T00:17:46.588+0000] {logging_mixin.py:188} INFO - [2025-01-07T00:17:46.588+0000] {dag.py:3823} INFO - Setting next_dagrun for example_xcom_args_with_operators to None, run_after=None
[2025-01-07T00:17:46.837+0000] {processor.py:183} INFO - Processing /home/airflow/.local/lib/python3.8/site-packages/airflow/example_dags/example_xcomargs.py took 0.618 seconds
[2025-01-07T00:18:20.137+0000] {processor.py:161} INFO - Started process (PID=7999) to work on /home/airflow/.local/lib/python3.8/site-packages/airflow/example_dags/example_xcomargs.py
[2025-01-07T00:18:20.140+0000] {processor.py:830} INFO - Processing file /home/airflow/.local/lib/python3.8/site-packages/airflow/example_dags/example_xcomargs.py for tasks to queue
[2025-01-07T00:18:20.143+0000] {logging_mixin.py:188} INFO - [2025-01-07T00:18:20.142+0000] {dagbag.py:538} INFO - Filling up the DagBag from /home/airflow/.local/lib/python3.8/site-packages/airflow/example_dags/example_xcomargs.py
[2025-01-07T00:18:20.204+0000] {processor.py:840} INFO - DAG(s) 'example_xcom_args', 'example_xcom_args_with_operators' retrieved from /home/airflow/.local/lib/python3.8/site-packages/airflow/example_dags/example_xcomargs.py
[2025-01-07T00:18:20.354+0000] {logging_mixin.py:188} INFO - [2025-01-07T00:18:20.354+0000] {dag.py:3036} INFO - Sync 2 DAGs
[2025-01-07T00:18:20.434+0000] {logging_mixin.py:188} INFO - [2025-01-07T00:18:20.433+0000] {dag.py:3823} INFO - Setting next_dagrun for example_xcom_args to None, run_after=None
[2025-01-07T00:18:20.452+0000] {logging_mixin.py:188} INFO - [2025-01-07T00:18:20.452+0000] {dag.py:3823} INFO - Setting next_dagrun for example_xcom_args_with_operators to None, run_after=None
[2025-01-07T00:18:20.565+0000] {processor.py:183} INFO - Processing /home/airflow/.local/lib/python3.8/site-packages/airflow/example_dags/example_xcomargs.py took 0.454 seconds
[2025-01-07T00:18:56.537+0000] {processor.py:161} INFO - Started process (PID=8059) to work on /home/airflow/.local/lib/python3.8/site-packages/airflow/example_dags/example_xcomargs.py
[2025-01-07T00:18:56.555+0000] {processor.py:830} INFO - Processing file /home/airflow/.local/lib/python3.8/site-packages/airflow/example_dags/example_xcomargs.py for tasks to queue
[2025-01-07T00:18:56.651+0000] {logging_mixin.py:188} INFO - [2025-01-07T00:18:56.650+0000] {dagbag.py:538} INFO - Filling up the DagBag from /home/airflow/.local/lib/python3.8/site-packages/airflow/example_dags/example_xcomargs.py
[2025-01-07T00:18:56.775+0000] {processor.py:840} INFO - DAG(s) 'example_xcom_args', 'example_xcom_args_with_operators' retrieved from /home/airflow/.local/lib/python3.8/site-packages/airflow/example_dags/example_xcomargs.py
[2025-01-07T00:18:57.237+0000] {logging_mixin.py:188} INFO - [2025-01-07T00:18:57.236+0000] {dag.py:3036} INFO - Sync 2 DAGs
[2025-01-07T00:18:57.435+0000] {logging_mixin.py:188} INFO - [2025-01-07T00:18:57.434+0000] {dag.py:3823} INFO - Setting next_dagrun for example_xcom_args to None, run_after=None
[2025-01-07T00:18:57.463+0000] {logging_mixin.py:188} INFO - [2025-01-07T00:18:57.463+0000] {dag.py:3823} INFO - Setting next_dagrun for example_xcom_args_with_operators to None, run_after=None
[2025-01-07T00:18:57.641+0000] {processor.py:183} INFO - Processing /home/airflow/.local/lib/python3.8/site-packages/airflow/example_dags/example_xcomargs.py took 1.170 seconds
[2025-01-07T00:19:28.264+0000] {processor.py:161} INFO - Started process (PID=8121) to work on /home/airflow/.local/lib/python3.8/site-packages/airflow/example_dags/example_xcomargs.py
[2025-01-07T00:19:28.279+0000] {processor.py:830} INFO - Processing file /home/airflow/.local/lib/python3.8/site-packages/airflow/example_dags/example_xcomargs.py for tasks to queue
[2025-01-07T00:19:28.292+0000] {logging_mixin.py:188} INFO - [2025-01-07T00:19:28.291+0000] {dagbag.py:538} INFO - Filling up the DagBag from /home/airflow/.local/lib/python3.8/site-packages/airflow/example_dags/example_xcomargs.py
[2025-01-07T00:19:28.313+0000] {processor.py:840} INFO - DAG(s) 'example_xcom_args', 'example_xcom_args_with_operators' retrieved from /home/airflow/.local/lib/python3.8/site-packages/airflow/example_dags/example_xcomargs.py
[2025-01-07T00:19:28.381+0000] {logging_mixin.py:188} INFO - [2025-01-07T00:19:28.380+0000] {dag.py:3036} INFO - Sync 2 DAGs
[2025-01-07T00:19:28.418+0000] {logging_mixin.py:188} INFO - [2025-01-07T00:19:28.418+0000] {dag.py:3823} INFO - Setting next_dagrun for example_xcom_args to None, run_after=None
[2025-01-07T00:19:28.433+0000] {logging_mixin.py:188} INFO - [2025-01-07T00:19:28.432+0000] {dag.py:3823} INFO - Setting next_dagrun for example_xcom_args_with_operators to None, run_after=None
[2025-01-07T00:19:28.513+0000] {processor.py:183} INFO - Processing /home/airflow/.local/lib/python3.8/site-packages/airflow/example_dags/example_xcomargs.py took 0.268 seconds
[2025-01-07T00:19:59.118+0000] {processor.py:161} INFO - Started process (PID=8178) to work on /home/airflow/.local/lib/python3.8/site-packages/airflow/example_dags/example_xcomargs.py
[2025-01-07T00:19:59.119+0000] {processor.py:830} INFO - Processing file /home/airflow/.local/lib/python3.8/site-packages/airflow/example_dags/example_xcomargs.py for tasks to queue
[2025-01-07T00:19:59.123+0000] {logging_mixin.py:188} INFO - [2025-01-07T00:19:59.122+0000] {dagbag.py:538} INFO - Filling up the DagBag from /home/airflow/.local/lib/python3.8/site-packages/airflow/example_dags/example_xcomargs.py
[2025-01-07T00:19:59.139+0000] {processor.py:840} INFO - DAG(s) 'example_xcom_args', 'example_xcom_args_with_operators' retrieved from /home/airflow/.local/lib/python3.8/site-packages/airflow/example_dags/example_xcomargs.py
[2025-01-07T00:19:59.178+0000] {logging_mixin.py:188} INFO - [2025-01-07T00:19:59.178+0000] {dag.py:3036} INFO - Sync 2 DAGs
[2025-01-07T00:19:59.199+0000] {logging_mixin.py:188} INFO - [2025-01-07T00:19:59.198+0000] {dag.py:3823} INFO - Setting next_dagrun for example_xcom_args to None, run_after=None
[2025-01-07T00:19:59.205+0000] {logging_mixin.py:188} INFO - [2025-01-07T00:19:59.205+0000] {dag.py:3823} INFO - Setting next_dagrun for example_xcom_args_with_operators to None, run_after=None
[2025-01-07T00:19:59.248+0000] {processor.py:183} INFO - Processing /home/airflow/.local/lib/python3.8/site-packages/airflow/example_dags/example_xcomargs.py took 0.138 seconds
[2025-01-07T00:20:29.779+0000] {processor.py:161} INFO - Started process (PID=8235) to work on /home/airflow/.local/lib/python3.8/site-packages/airflow/example_dags/example_xcomargs.py
[2025-01-07T00:20:29.780+0000] {processor.py:830} INFO - Processing file /home/airflow/.local/lib/python3.8/site-packages/airflow/example_dags/example_xcomargs.py for tasks to queue
[2025-01-07T00:20:29.783+0000] {logging_mixin.py:188} INFO - [2025-01-07T00:20:29.782+0000] {dagbag.py:538} INFO - Filling up the DagBag from /home/airflow/.local/lib/python3.8/site-packages/airflow/example_dags/example_xcomargs.py
[2025-01-07T00:20:29.795+0000] {processor.py:840} INFO - DAG(s) 'example_xcom_args_with_operators', 'example_xcom_args' retrieved from /home/airflow/.local/lib/python3.8/site-packages/airflow/example_dags/example_xcomargs.py
[2025-01-07T00:20:29.834+0000] {logging_mixin.py:188} INFO - [2025-01-07T00:20:29.834+0000] {dag.py:3036} INFO - Sync 2 DAGs
[2025-01-07T00:20:29.853+0000] {logging_mixin.py:188} INFO - [2025-01-07T00:20:29.853+0000] {dag.py:3823} INFO - Setting next_dagrun for example_xcom_args to None, run_after=None
[2025-01-07T00:20:29.859+0000] {logging_mixin.py:188} INFO - [2025-01-07T00:20:29.859+0000] {dag.py:3823} INFO - Setting next_dagrun for example_xcom_args_with_operators to None, run_after=None
[2025-01-07T00:20:29.887+0000] {processor.py:183} INFO - Processing /home/airflow/.local/lib/python3.8/site-packages/airflow/example_dags/example_xcomargs.py took 0.111 seconds
[2025-01-07T00:21:00.223+0000] {processor.py:161} INFO - Started process (PID=8293) to work on /home/airflow/.local/lib/python3.8/site-packages/airflow/example_dags/example_xcomargs.py
[2025-01-07T00:21:00.226+0000] {processor.py:830} INFO - Processing file /home/airflow/.local/lib/python3.8/site-packages/airflow/example_dags/example_xcomargs.py for tasks to queue
[2025-01-07T00:21:00.229+0000] {logging_mixin.py:188} INFO - [2025-01-07T00:21:00.229+0000] {dagbag.py:538} INFO - Filling up the DagBag from /home/airflow/.local/lib/python3.8/site-packages/airflow/example_dags/example_xcomargs.py
[2025-01-07T00:21:00.248+0000] {processor.py:840} INFO - DAG(s) 'example_xcom_args_with_operators', 'example_xcom_args' retrieved from /home/airflow/.local/lib/python3.8/site-packages/airflow/example_dags/example_xcomargs.py
[2025-01-07T00:21:00.310+0000] {logging_mixin.py:188} INFO - [2025-01-07T00:21:00.309+0000] {dag.py:3036} INFO - Sync 2 DAGs
[2025-01-07T00:21:00.335+0000] {logging_mixin.py:188} INFO - [2025-01-07T00:21:00.335+0000] {dag.py:3823} INFO - Setting next_dagrun for example_xcom_args to None, run_after=None
[2025-01-07T00:21:00.340+0000] {logging_mixin.py:188} INFO - [2025-01-07T00:21:00.340+0000] {dag.py:3823} INFO - Setting next_dagrun for example_xcom_args_with_operators to None, run_after=None
[2025-01-07T00:21:00.370+0000] {processor.py:183} INFO - Processing /home/airflow/.local/lib/python3.8/site-packages/airflow/example_dags/example_xcomargs.py took 0.153 seconds
[2025-01-07T00:21:30.891+0000] {processor.py:161} INFO - Started process (PID=8350) to work on /home/airflow/.local/lib/python3.8/site-packages/airflow/example_dags/example_xcomargs.py
[2025-01-07T00:21:30.896+0000] {processor.py:830} INFO - Processing file /home/airflow/.local/lib/python3.8/site-packages/airflow/example_dags/example_xcomargs.py for tasks to queue
[2025-01-07T00:21:30.915+0000] {logging_mixin.py:188} INFO - [2025-01-07T00:21:30.914+0000] {dagbag.py:538} INFO - Filling up the DagBag from /home/airflow/.local/lib/python3.8/site-packages/airflow/example_dags/example_xcomargs.py
[2025-01-07T00:21:30.956+0000] {processor.py:840} INFO - DAG(s) 'example_xcom_args_with_operators', 'example_xcom_args' retrieved from /home/airflow/.local/lib/python3.8/site-packages/airflow/example_dags/example_xcomargs.py
[2025-01-07T00:21:31.059+0000] {logging_mixin.py:188} INFO - [2025-01-07T00:21:31.059+0000] {dag.py:3036} INFO - Sync 2 DAGs
[2025-01-07T00:21:31.118+0000] {logging_mixin.py:188} INFO - [2025-01-07T00:21:31.118+0000] {dag.py:3823} INFO - Setting next_dagrun for example_xcom_args to None, run_after=None
[2025-01-07T00:21:31.244+0000] {logging_mixin.py:188} INFO - [2025-01-07T00:21:31.243+0000] {dag.py:3823} INFO - Setting next_dagrun for example_xcom_args_with_operators to None, run_after=None
[2025-01-07T00:21:31.414+0000] {processor.py:183} INFO - Processing /home/airflow/.local/lib/python3.8/site-packages/airflow/example_dags/example_xcomargs.py took 0.529 seconds
[2025-01-07T00:22:01.828+0000] {processor.py:161} INFO - Started process (PID=8407) to work on /home/airflow/.local/lib/python3.8/site-packages/airflow/example_dags/example_xcomargs.py
[2025-01-07T00:22:01.830+0000] {processor.py:830} INFO - Processing file /home/airflow/.local/lib/python3.8/site-packages/airflow/example_dags/example_xcomargs.py for tasks to queue
[2025-01-07T00:22:01.833+0000] {logging_mixin.py:188} INFO - [2025-01-07T00:22:01.832+0000] {dagbag.py:538} INFO - Filling up the DagBag from /home/airflow/.local/lib/python3.8/site-packages/airflow/example_dags/example_xcomargs.py
[2025-01-07T00:22:01.852+0000] {processor.py:840} INFO - DAG(s) 'example_xcom_args', 'example_xcom_args_with_operators' retrieved from /home/airflow/.local/lib/python3.8/site-packages/airflow/example_dags/example_xcomargs.py
[2025-01-07T00:22:01.917+0000] {logging_mixin.py:188} INFO - [2025-01-07T00:22:01.917+0000] {dag.py:3036} INFO - Sync 2 DAGs
[2025-01-07T00:22:01.949+0000] {logging_mixin.py:188} INFO - [2025-01-07T00:22:01.948+0000] {dag.py:3823} INFO - Setting next_dagrun for example_xcom_args to None, run_after=None
[2025-01-07T00:22:01.966+0000] {logging_mixin.py:188} INFO - [2025-01-07T00:22:01.965+0000] {dag.py:3823} INFO - Setting next_dagrun for example_xcom_args_with_operators to None, run_after=None
[2025-01-07T00:22:02.034+0000] {processor.py:183} INFO - Processing /home/airflow/.local/lib/python3.8/site-packages/airflow/example_dags/example_xcomargs.py took 0.213 seconds
[2025-01-07T00:22:32.669+0000] {processor.py:161} INFO - Started process (PID=8462) to work on /home/airflow/.local/lib/python3.8/site-packages/airflow/example_dags/example_xcomargs.py
[2025-01-07T00:22:32.671+0000] {processor.py:830} INFO - Processing file /home/airflow/.local/lib/python3.8/site-packages/airflow/example_dags/example_xcomargs.py for tasks to queue
[2025-01-07T00:22:32.674+0000] {logging_mixin.py:188} INFO - [2025-01-07T00:22:32.674+0000] {dagbag.py:538} INFO - Filling up the DagBag from /home/airflow/.local/lib/python3.8/site-packages/airflow/example_dags/example_xcomargs.py
[2025-01-07T00:22:32.691+0000] {processor.py:840} INFO - DAG(s) 'example_xcom_args_with_operators', 'example_xcom_args' retrieved from /home/airflow/.local/lib/python3.8/site-packages/airflow/example_dags/example_xcomargs.py
[2025-01-07T00:22:32.742+0000] {logging_mixin.py:188} INFO - [2025-01-07T00:22:32.742+0000] {dag.py:3036} INFO - Sync 2 DAGs
[2025-01-07T00:22:32.770+0000] {logging_mixin.py:188} INFO - [2025-01-07T00:22:32.770+0000] {dag.py:3823} INFO - Setting next_dagrun for example_xcom_args to None, run_after=None
[2025-01-07T00:22:32.776+0000] {logging_mixin.py:188} INFO - [2025-01-07T00:22:32.775+0000] {dag.py:3823} INFO - Setting next_dagrun for example_xcom_args_with_operators to None, run_after=None
[2025-01-07T00:22:32.818+0000] {processor.py:183} INFO - Processing /home/airflow/.local/lib/python3.8/site-packages/airflow/example_dags/example_xcomargs.py took 0.156 seconds
[2025-01-07T00:23:03.333+0000] {processor.py:161} INFO - Started process (PID=8519) to work on /home/airflow/.local/lib/python3.8/site-packages/airflow/example_dags/example_xcomargs.py
[2025-01-07T00:23:03.335+0000] {processor.py:830} INFO - Processing file /home/airflow/.local/lib/python3.8/site-packages/airflow/example_dags/example_xcomargs.py for tasks to queue
[2025-01-07T00:23:03.338+0000] {logging_mixin.py:188} INFO - [2025-01-07T00:23:03.338+0000] {dagbag.py:538} INFO - Filling up the DagBag from /home/airflow/.local/lib/python3.8/site-packages/airflow/example_dags/example_xcomargs.py
[2025-01-07T00:23:03.354+0000] {processor.py:840} INFO - DAG(s) 'example_xcom_args', 'example_xcom_args_with_operators' retrieved from /home/airflow/.local/lib/python3.8/site-packages/airflow/example_dags/example_xcomargs.py
[2025-01-07T00:23:03.444+0000] {logging_mixin.py:188} INFO - [2025-01-07T00:23:03.443+0000] {dag.py:3036} INFO - Sync 2 DAGs
[2025-01-07T00:23:03.516+0000] {logging_mixin.py:188} INFO - [2025-01-07T00:23:03.515+0000] {dag.py:3823} INFO - Setting next_dagrun for example_xcom_args to None, run_after=None
[2025-01-07T00:23:03.534+0000] {logging_mixin.py:188} INFO - [2025-01-07T00:23:03.533+0000] {dag.py:3823} INFO - Setting next_dagrun for example_xcom_args_with_operators to None, run_after=None
[2025-01-07T00:23:03.581+0000] {processor.py:183} INFO - Processing /home/airflow/.local/lib/python3.8/site-packages/airflow/example_dags/example_xcomargs.py took 0.253 seconds
[2025-01-07T00:23:33.918+0000] {processor.py:161} INFO - Started process (PID=8576) to work on /home/airflow/.local/lib/python3.8/site-packages/airflow/example_dags/example_xcomargs.py
[2025-01-07T00:23:33.920+0000] {processor.py:830} INFO - Processing file /home/airflow/.local/lib/python3.8/site-packages/airflow/example_dags/example_xcomargs.py for tasks to queue
[2025-01-07T00:23:33.922+0000] {logging_mixin.py:188} INFO - [2025-01-07T00:23:33.922+0000] {dagbag.py:538} INFO - Filling up the DagBag from /home/airflow/.local/lib/python3.8/site-packages/airflow/example_dags/example_xcomargs.py
[2025-01-07T00:23:33.936+0000] {processor.py:840} INFO - DAG(s) 'example_xcom_args_with_operators', 'example_xcom_args' retrieved from /home/airflow/.local/lib/python3.8/site-packages/airflow/example_dags/example_xcomargs.py
[2025-01-07T00:23:33.972+0000] {logging_mixin.py:188} INFO - [2025-01-07T00:23:33.972+0000] {dag.py:3036} INFO - Sync 2 DAGs
[2025-01-07T00:23:33.993+0000] {logging_mixin.py:188} INFO - [2025-01-07T00:23:33.992+0000] {dag.py:3823} INFO - Setting next_dagrun for example_xcom_args to None, run_after=None
[2025-01-07T00:23:33.998+0000] {logging_mixin.py:188} INFO - [2025-01-07T00:23:33.998+0000] {dag.py:3823} INFO - Setting next_dagrun for example_xcom_args_with_operators to None, run_after=None
[2025-01-07T00:23:34.036+0000] {processor.py:183} INFO - Processing /home/airflow/.local/lib/python3.8/site-packages/airflow/example_dags/example_xcomargs.py took 0.122 seconds
[2025-01-07T00:24:04.165+0000] {processor.py:161} INFO - Started process (PID=8633) to work on /home/airflow/.local/lib/python3.8/site-packages/airflow/example_dags/example_xcomargs.py
[2025-01-07T00:24:04.167+0000] {processor.py:830} INFO - Processing file /home/airflow/.local/lib/python3.8/site-packages/airflow/example_dags/example_xcomargs.py for tasks to queue
[2025-01-07T00:24:04.169+0000] {logging_mixin.py:188} INFO - [2025-01-07T00:24:04.169+0000] {dagbag.py:538} INFO - Filling up the DagBag from /home/airflow/.local/lib/python3.8/site-packages/airflow/example_dags/example_xcomargs.py
[2025-01-07T00:24:04.182+0000] {processor.py:840} INFO - DAG(s) 'example_xcom_args', 'example_xcom_args_with_operators' retrieved from /home/airflow/.local/lib/python3.8/site-packages/airflow/example_dags/example_xcomargs.py
[2025-01-07T00:24:04.214+0000] {logging_mixin.py:188} INFO - [2025-01-07T00:24:04.214+0000] {dag.py:3036} INFO - Sync 2 DAGs
[2025-01-07T00:24:04.230+0000] {logging_mixin.py:188} INFO - [2025-01-07T00:24:04.230+0000] {dag.py:3823} INFO - Setting next_dagrun for example_xcom_args to None, run_after=None
[2025-01-07T00:24:04.235+0000] {logging_mixin.py:188} INFO - [2025-01-07T00:24:04.235+0000] {dag.py:3823} INFO - Setting next_dagrun for example_xcom_args_with_operators to None, run_after=None
[2025-01-07T00:24:04.263+0000] {processor.py:183} INFO - Processing /home/airflow/.local/lib/python3.8/site-packages/airflow/example_dags/example_xcomargs.py took 0.101 seconds
[2025-01-07T00:24:34.460+0000] {processor.py:161} INFO - Started process (PID=8689) to work on /home/airflow/.local/lib/python3.8/site-packages/airflow/example_dags/example_xcomargs.py
[2025-01-07T00:24:34.463+0000] {processor.py:830} INFO - Processing file /home/airflow/.local/lib/python3.8/site-packages/airflow/example_dags/example_xcomargs.py for tasks to queue
[2025-01-07T00:24:34.466+0000] {logging_mixin.py:188} INFO - [2025-01-07T00:24:34.465+0000] {dagbag.py:538} INFO - Filling up the DagBag from /home/airflow/.local/lib/python3.8/site-packages/airflow/example_dags/example_xcomargs.py
[2025-01-07T00:24:34.481+0000] {processor.py:840} INFO - DAG(s) 'example_xcom_args', 'example_xcom_args_with_operators' retrieved from /home/airflow/.local/lib/python3.8/site-packages/airflow/example_dags/example_xcomargs.py
[2025-01-07T00:24:34.531+0000] {logging_mixin.py:188} INFO - [2025-01-07T00:24:34.531+0000] {dag.py:3036} INFO - Sync 2 DAGs
[2025-01-07T00:24:34.554+0000] {logging_mixin.py:188} INFO - [2025-01-07T00:24:34.554+0000] {dag.py:3823} INFO - Setting next_dagrun for example_xcom_args to None, run_after=None
[2025-01-07T00:24:34.559+0000] {logging_mixin.py:188} INFO - [2025-01-07T00:24:34.559+0000] {dag.py:3823} INFO - Setting next_dagrun for example_xcom_args_with_operators to None, run_after=None
[2025-01-07T00:24:34.593+0000] {processor.py:183} INFO - Processing /home/airflow/.local/lib/python3.8/site-packages/airflow/example_dags/example_xcomargs.py took 0.140 seconds
