[2025-01-07T00:00:03.129+0000] {processor.py:161} INFO - Started process (PID=5931) to work on /home/airflow/.local/lib/python3.8/site-packages/airflow/example_dags/example_latest_only_with_trigger.py
[2025-01-07T00:00:03.134+0000] {processor.py:830} INFO - Processing file /home/airflow/.local/lib/python3.8/site-packages/airflow/example_dags/example_latest_only_with_trigger.py for tasks to queue
[2025-01-07T00:00:03.137+0000] {logging_mixin.py:188} INFO - [2025-01-07T00:00:03.136+0000] {dagbag.py:538} INFO - Filling up the DagBag from /home/airflow/.local/lib/python3.8/site-packages/airflow/example_dags/example_latest_only_with_trigger.py
[2025-01-07T00:00:03.147+0000] {processor.py:840} INFO - DAG(s) 'latest_only_with_trigger' retrieved from /home/airflow/.local/lib/python3.8/site-packages/airflow/example_dags/example_latest_only_with_trigger.py
[2025-01-07T00:00:03.190+0000] {logging_mixin.py:188} INFO - [2025-01-07T00:00:03.190+0000] {dag.py:3036} INFO - Sync 1 DAGs
[2025-01-07T00:00:03.230+0000] {logging_mixin.py:188} INFO - [2025-01-07T00:00:03.230+0000] {dag.py:3823} INFO - Setting next_dagrun for latest_only_with_trigger to 2025-01-06 20:00:00+00:00, run_after=2025-01-07 00:00:00+00:00
[2025-01-07T00:00:03.267+0000] {processor.py:183} INFO - Processing /home/airflow/.local/lib/python3.8/site-packages/airflow/example_dags/example_latest_only_with_trigger.py took 0.144 seconds
[2025-01-07T00:00:35.950+0000] {processor.py:161} INFO - Started process (PID=6000) to work on /home/airflow/.local/lib/python3.8/site-packages/airflow/example_dags/example_latest_only_with_trigger.py
[2025-01-07T00:00:35.952+0000] {processor.py:830} INFO - Processing file /home/airflow/.local/lib/python3.8/site-packages/airflow/example_dags/example_latest_only_with_trigger.py for tasks to queue
[2025-01-07T00:00:35.955+0000] {logging_mixin.py:188} INFO - [2025-01-07T00:00:35.955+0000] {dagbag.py:538} INFO - Filling up the DagBag from /home/airflow/.local/lib/python3.8/site-packages/airflow/example_dags/example_latest_only_with_trigger.py
[2025-01-07T00:00:35.966+0000] {processor.py:840} INFO - DAG(s) 'latest_only_with_trigger' retrieved from /home/airflow/.local/lib/python3.8/site-packages/airflow/example_dags/example_latest_only_with_trigger.py
[2025-01-07T00:00:36.008+0000] {logging_mixin.py:188} INFO - [2025-01-07T00:00:36.008+0000] {dag.py:3036} INFO - Sync 1 DAGs
[2025-01-07T00:00:36.070+0000] {logging_mixin.py:188} INFO - [2025-01-07T00:00:36.070+0000] {dag.py:3823} INFO - Setting next_dagrun for latest_only_with_trigger to 2025-01-06 20:00:00+00:00, run_after=2025-01-07 00:00:00+00:00
[2025-01-07T00:00:36.136+0000] {processor.py:183} INFO - Processing /home/airflow/.local/lib/python3.8/site-packages/airflow/example_dags/example_latest_only_with_trigger.py took 0.191 seconds
[2025-01-07T00:01:06.432+0000] {processor.py:161} INFO - Started process (PID=6058) to work on /home/airflow/.local/lib/python3.8/site-packages/airflow/example_dags/example_latest_only_with_trigger.py
[2025-01-07T00:01:06.434+0000] {processor.py:830} INFO - Processing file /home/airflow/.local/lib/python3.8/site-packages/airflow/example_dags/example_latest_only_with_trigger.py for tasks to queue
[2025-01-07T00:01:06.436+0000] {logging_mixin.py:188} INFO - [2025-01-07T00:01:06.435+0000] {dagbag.py:538} INFO - Filling up the DagBag from /home/airflow/.local/lib/python3.8/site-packages/airflow/example_dags/example_latest_only_with_trigger.py
[2025-01-07T00:01:06.443+0000] {processor.py:840} INFO - DAG(s) 'latest_only_with_trigger' retrieved from /home/airflow/.local/lib/python3.8/site-packages/airflow/example_dags/example_latest_only_with_trigger.py
[2025-01-07T00:01:06.479+0000] {logging_mixin.py:188} INFO - [2025-01-07T00:01:06.478+0000] {dag.py:3036} INFO - Sync 1 DAGs
[2025-01-07T00:01:06.514+0000] {logging_mixin.py:188} INFO - [2025-01-07T00:01:06.514+0000] {dag.py:3823} INFO - Setting next_dagrun for latest_only_with_trigger to 2025-01-06 20:00:00+00:00, run_after=2025-01-07 00:00:00+00:00
[2025-01-07T00:01:06.547+0000] {processor.py:183} INFO - Processing /home/airflow/.local/lib/python3.8/site-packages/airflow/example_dags/example_latest_only_with_trigger.py took 0.120 seconds
[2025-01-07T00:01:36.773+0000] {processor.py:161} INFO - Started process (PID=6115) to work on /home/airflow/.local/lib/python3.8/site-packages/airflow/example_dags/example_latest_only_with_trigger.py
[2025-01-07T00:01:36.774+0000] {processor.py:830} INFO - Processing file /home/airflow/.local/lib/python3.8/site-packages/airflow/example_dags/example_latest_only_with_trigger.py for tasks to queue
[2025-01-07T00:01:36.777+0000] {logging_mixin.py:188} INFO - [2025-01-07T00:01:36.776+0000] {dagbag.py:538} INFO - Filling up the DagBag from /home/airflow/.local/lib/python3.8/site-packages/airflow/example_dags/example_latest_only_with_trigger.py
[2025-01-07T00:01:36.788+0000] {processor.py:840} INFO - DAG(s) 'latest_only_with_trigger' retrieved from /home/airflow/.local/lib/python3.8/site-packages/airflow/example_dags/example_latest_only_with_trigger.py
[2025-01-07T00:01:36.827+0000] {logging_mixin.py:188} INFO - [2025-01-07T00:01:36.827+0000] {dag.py:3036} INFO - Sync 1 DAGs
[2025-01-07T00:01:36.887+0000] {logging_mixin.py:188} INFO - [2025-01-07T00:01:36.883+0000] {dag.py:3823} INFO - Setting next_dagrun for latest_only_with_trigger to 2025-01-06 20:00:00+00:00, run_after=2025-01-07 00:00:00+00:00
[2025-01-07T00:01:36.961+0000] {processor.py:183} INFO - Processing /home/airflow/.local/lib/python3.8/site-packages/airflow/example_dags/example_latest_only_with_trigger.py took 0.192 seconds
[2025-01-07T00:02:13.648+0000] {processor.py:161} INFO - Started process (PID=6186) to work on /home/airflow/.local/lib/python3.8/site-packages/airflow/example_dags/example_latest_only_with_trigger.py
[2025-01-07T00:02:13.664+0000] {processor.py:830} INFO - Processing file /home/airflow/.local/lib/python3.8/site-packages/airflow/example_dags/example_latest_only_with_trigger.py for tasks to queue
[2025-01-07T00:02:13.674+0000] {logging_mixin.py:188} INFO - [2025-01-07T00:02:13.673+0000] {dagbag.py:538} INFO - Filling up the DagBag from /home/airflow/.local/lib/python3.8/site-packages/airflow/example_dags/example_latest_only_with_trigger.py
[2025-01-07T00:02:13.698+0000] {processor.py:840} INFO - DAG(s) 'latest_only_with_trigger' retrieved from /home/airflow/.local/lib/python3.8/site-packages/airflow/example_dags/example_latest_only_with_trigger.py
[2025-01-07T00:02:13.849+0000] {logging_mixin.py:188} INFO - [2025-01-07T00:02:13.848+0000] {dag.py:3036} INFO - Sync 1 DAGs
[2025-01-07T00:02:13.940+0000] {logging_mixin.py:188} INFO - [2025-01-07T00:02:13.940+0000] {dag.py:3823} INFO - Setting next_dagrun for latest_only_with_trigger to 2025-01-06 20:00:00+00:00, run_after=2025-01-07 00:00:00+00:00
[2025-01-07T00:02:14.074+0000] {processor.py:183} INFO - Processing /home/airflow/.local/lib/python3.8/site-packages/airflow/example_dags/example_latest_only_with_trigger.py took 0.448 seconds
[2025-01-07T00:02:46.361+0000] {processor.py:161} INFO - Started process (PID=6248) to work on /home/airflow/.local/lib/python3.8/site-packages/airflow/example_dags/example_latest_only_with_trigger.py
[2025-01-07T00:02:46.364+0000] {processor.py:830} INFO - Processing file /home/airflow/.local/lib/python3.8/site-packages/airflow/example_dags/example_latest_only_with_trigger.py for tasks to queue
[2025-01-07T00:02:46.369+0000] {logging_mixin.py:188} INFO - [2025-01-07T00:02:46.368+0000] {dagbag.py:538} INFO - Filling up the DagBag from /home/airflow/.local/lib/python3.8/site-packages/airflow/example_dags/example_latest_only_with_trigger.py
[2025-01-07T00:02:46.392+0000] {processor.py:840} INFO - DAG(s) 'latest_only_with_trigger' retrieved from /home/airflow/.local/lib/python3.8/site-packages/airflow/example_dags/example_latest_only_with_trigger.py
[2025-01-07T00:02:46.456+0000] {logging_mixin.py:188} INFO - [2025-01-07T00:02:46.456+0000] {dag.py:3036} INFO - Sync 1 DAGs
[2025-01-07T00:02:46.548+0000] {logging_mixin.py:188} INFO - [2025-01-07T00:02:46.548+0000] {dag.py:3823} INFO - Setting next_dagrun for latest_only_with_trigger to 2025-01-06 20:00:00+00:00, run_after=2025-01-07 00:00:00+00:00
[2025-01-07T00:02:46.601+0000] {processor.py:183} INFO - Processing /home/airflow/.local/lib/python3.8/site-packages/airflow/example_dags/example_latest_only_with_trigger.py took 0.249 seconds
[2025-01-07T00:03:17.471+0000] {processor.py:161} INFO - Started process (PID=6305) to work on /home/airflow/.local/lib/python3.8/site-packages/airflow/example_dags/example_latest_only_with_trigger.py
[2025-01-07T00:03:17.478+0000] {processor.py:830} INFO - Processing file /home/airflow/.local/lib/python3.8/site-packages/airflow/example_dags/example_latest_only_with_trigger.py for tasks to queue
[2025-01-07T00:03:17.481+0000] {logging_mixin.py:188} INFO - [2025-01-07T00:03:17.481+0000] {dagbag.py:538} INFO - Filling up the DagBag from /home/airflow/.local/lib/python3.8/site-packages/airflow/example_dags/example_latest_only_with_trigger.py
[2025-01-07T00:03:17.495+0000] {processor.py:840} INFO - DAG(s) 'latest_only_with_trigger' retrieved from /home/airflow/.local/lib/python3.8/site-packages/airflow/example_dags/example_latest_only_with_trigger.py
[2025-01-07T00:03:17.558+0000] {logging_mixin.py:188} INFO - [2025-01-07T00:03:17.557+0000] {dag.py:3036} INFO - Sync 1 DAGs
[2025-01-07T00:03:17.604+0000] {logging_mixin.py:188} INFO - [2025-01-07T00:03:17.603+0000] {dag.py:3823} INFO - Setting next_dagrun for latest_only_with_trigger to 2025-01-06 20:00:00+00:00, run_after=2025-01-07 00:00:00+00:00
[2025-01-07T00:03:17.677+0000] {processor.py:183} INFO - Processing /home/airflow/.local/lib/python3.8/site-packages/airflow/example_dags/example_latest_only_with_trigger.py took 0.211 seconds
[2025-01-07T00:03:48.489+0000] {processor.py:161} INFO - Started process (PID=6360) to work on /home/airflow/.local/lib/python3.8/site-packages/airflow/example_dags/example_latest_only_with_trigger.py
[2025-01-07T00:03:48.491+0000] {processor.py:830} INFO - Processing file /home/airflow/.local/lib/python3.8/site-packages/airflow/example_dags/example_latest_only_with_trigger.py for tasks to queue
[2025-01-07T00:03:48.493+0000] {logging_mixin.py:188} INFO - [2025-01-07T00:03:48.493+0000] {dagbag.py:538} INFO - Filling up the DagBag from /home/airflow/.local/lib/python3.8/site-packages/airflow/example_dags/example_latest_only_with_trigger.py
[2025-01-07T00:03:48.501+0000] {processor.py:840} INFO - DAG(s) 'latest_only_with_trigger' retrieved from /home/airflow/.local/lib/python3.8/site-packages/airflow/example_dags/example_latest_only_with_trigger.py
[2025-01-07T00:03:48.529+0000] {logging_mixin.py:188} INFO - [2025-01-07T00:03:48.529+0000] {dag.py:3036} INFO - Sync 1 DAGs
[2025-01-07T00:03:48.562+0000] {logging_mixin.py:188} INFO - [2025-01-07T00:03:48.561+0000] {dag.py:3823} INFO - Setting next_dagrun for latest_only_with_trigger to 2025-01-06 20:00:00+00:00, run_after=2025-01-07 00:00:00+00:00
[2025-01-07T00:03:48.594+0000] {processor.py:183} INFO - Processing /home/airflow/.local/lib/python3.8/site-packages/airflow/example_dags/example_latest_only_with_trigger.py took 0.110 seconds
[2025-01-07T00:04:18.731+0000] {processor.py:161} INFO - Started process (PID=6418) to work on /home/airflow/.local/lib/python3.8/site-packages/airflow/example_dags/example_latest_only_with_trigger.py
[2025-01-07T00:04:18.733+0000] {processor.py:830} INFO - Processing file /home/airflow/.local/lib/python3.8/site-packages/airflow/example_dags/example_latest_only_with_trigger.py for tasks to queue
[2025-01-07T00:04:18.735+0000] {logging_mixin.py:188} INFO - [2025-01-07T00:04:18.735+0000] {dagbag.py:538} INFO - Filling up the DagBag from /home/airflow/.local/lib/python3.8/site-packages/airflow/example_dags/example_latest_only_with_trigger.py
[2025-01-07T00:04:18.743+0000] {processor.py:840} INFO - DAG(s) 'latest_only_with_trigger' retrieved from /home/airflow/.local/lib/python3.8/site-packages/airflow/example_dags/example_latest_only_with_trigger.py
[2025-01-07T00:04:18.774+0000] {logging_mixin.py:188} INFO - [2025-01-07T00:04:18.774+0000] {dag.py:3036} INFO - Sync 1 DAGs
[2025-01-07T00:04:18.806+0000] {logging_mixin.py:188} INFO - [2025-01-07T00:04:18.806+0000] {dag.py:3823} INFO - Setting next_dagrun for latest_only_with_trigger to 2025-01-06 20:00:00+00:00, run_after=2025-01-07 00:00:00+00:00
[2025-01-07T00:04:18.836+0000] {processor.py:183} INFO - Processing /home/airflow/.local/lib/python3.8/site-packages/airflow/example_dags/example_latest_only_with_trigger.py took 0.110 seconds
[2025-01-07T00:04:49.153+0000] {processor.py:161} INFO - Started process (PID=6475) to work on /home/airflow/.local/lib/python3.8/site-packages/airflow/example_dags/example_latest_only_with_trigger.py
[2025-01-07T00:04:49.155+0000] {processor.py:830} INFO - Processing file /home/airflow/.local/lib/python3.8/site-packages/airflow/example_dags/example_latest_only_with_trigger.py for tasks to queue
[2025-01-07T00:04:49.158+0000] {logging_mixin.py:188} INFO - [2025-01-07T00:04:49.157+0000] {dagbag.py:538} INFO - Filling up the DagBag from /home/airflow/.local/lib/python3.8/site-packages/airflow/example_dags/example_latest_only_with_trigger.py
[2025-01-07T00:04:49.169+0000] {processor.py:840} INFO - DAG(s) 'latest_only_with_trigger' retrieved from /home/airflow/.local/lib/python3.8/site-packages/airflow/example_dags/example_latest_only_with_trigger.py
[2025-01-07T00:04:49.200+0000] {logging_mixin.py:188} INFO - [2025-01-07T00:04:49.200+0000] {dag.py:3036} INFO - Sync 1 DAGs
[2025-01-07T00:04:49.234+0000] {logging_mixin.py:188} INFO - [2025-01-07T00:04:49.234+0000] {dag.py:3823} INFO - Setting next_dagrun for latest_only_with_trigger to 2025-01-06 20:00:00+00:00, run_after=2025-01-07 00:00:00+00:00
[2025-01-07T00:04:49.264+0000] {processor.py:183} INFO - Processing /home/airflow/.local/lib/python3.8/site-packages/airflow/example_dags/example_latest_only_with_trigger.py took 0.116 seconds
[2025-01-07T00:05:19.395+0000] {processor.py:161} INFO - Started process (PID=6532) to work on /home/airflow/.local/lib/python3.8/site-packages/airflow/example_dags/example_latest_only_with_trigger.py
[2025-01-07T00:05:19.396+0000] {processor.py:830} INFO - Processing file /home/airflow/.local/lib/python3.8/site-packages/airflow/example_dags/example_latest_only_with_trigger.py for tasks to queue
[2025-01-07T00:05:19.399+0000] {logging_mixin.py:188} INFO - [2025-01-07T00:05:19.399+0000] {dagbag.py:538} INFO - Filling up the DagBag from /home/airflow/.local/lib/python3.8/site-packages/airflow/example_dags/example_latest_only_with_trigger.py
[2025-01-07T00:05:19.407+0000] {processor.py:840} INFO - DAG(s) 'latest_only_with_trigger' retrieved from /home/airflow/.local/lib/python3.8/site-packages/airflow/example_dags/example_latest_only_with_trigger.py
[2025-01-07T00:05:19.437+0000] {logging_mixin.py:188} INFO - [2025-01-07T00:05:19.436+0000] {dag.py:3036} INFO - Sync 1 DAGs
[2025-01-07T00:05:19.472+0000] {logging_mixin.py:188} INFO - [2025-01-07T00:05:19.472+0000] {dag.py:3823} INFO - Setting next_dagrun for latest_only_with_trigger to 2025-01-06 20:00:00+00:00, run_after=2025-01-07 00:00:00+00:00
[2025-01-07T00:05:19.503+0000] {processor.py:183} INFO - Processing /home/airflow/.local/lib/python3.8/site-packages/airflow/example_dags/example_latest_only_with_trigger.py took 0.112 seconds
[2025-01-07T00:05:49.613+0000] {processor.py:161} INFO - Started process (PID=6589) to work on /home/airflow/.local/lib/python3.8/site-packages/airflow/example_dags/example_latest_only_with_trigger.py
[2025-01-07T00:05:49.614+0000] {processor.py:830} INFO - Processing file /home/airflow/.local/lib/python3.8/site-packages/airflow/example_dags/example_latest_only_with_trigger.py for tasks to queue
[2025-01-07T00:05:49.619+0000] {logging_mixin.py:188} INFO - [2025-01-07T00:05:49.619+0000] {dagbag.py:538} INFO - Filling up the DagBag from /home/airflow/.local/lib/python3.8/site-packages/airflow/example_dags/example_latest_only_with_trigger.py
[2025-01-07T00:05:49.629+0000] {processor.py:840} INFO - DAG(s) 'latest_only_with_trigger' retrieved from /home/airflow/.local/lib/python3.8/site-packages/airflow/example_dags/example_latest_only_with_trigger.py
[2025-01-07T00:05:49.693+0000] {logging_mixin.py:188} INFO - [2025-01-07T00:05:49.692+0000] {dag.py:3036} INFO - Sync 1 DAGs
[2025-01-07T00:05:49.736+0000] {logging_mixin.py:188} INFO - [2025-01-07T00:05:49.736+0000] {dag.py:3823} INFO - Setting next_dagrun for latest_only_with_trigger to 2025-01-06 20:00:00+00:00, run_after=2025-01-07 00:00:00+00:00
[2025-01-07T00:05:49.775+0000] {processor.py:183} INFO - Processing /home/airflow/.local/lib/python3.8/site-packages/airflow/example_dags/example_latest_only_with_trigger.py took 0.168 seconds
[2025-01-07T00:06:19.945+0000] {processor.py:161} INFO - Started process (PID=6645) to work on /home/airflow/.local/lib/python3.8/site-packages/airflow/example_dags/example_latest_only_with_trigger.py
[2025-01-07T00:06:19.947+0000] {processor.py:830} INFO - Processing file /home/airflow/.local/lib/python3.8/site-packages/airflow/example_dags/example_latest_only_with_trigger.py for tasks to queue
[2025-01-07T00:06:19.950+0000] {logging_mixin.py:188} INFO - [2025-01-07T00:06:19.950+0000] {dagbag.py:538} INFO - Filling up the DagBag from /home/airflow/.local/lib/python3.8/site-packages/airflow/example_dags/example_latest_only_with_trigger.py
[2025-01-07T00:06:19.958+0000] {processor.py:840} INFO - DAG(s) 'latest_only_with_trigger' retrieved from /home/airflow/.local/lib/python3.8/site-packages/airflow/example_dags/example_latest_only_with_trigger.py
[2025-01-07T00:06:19.994+0000] {logging_mixin.py:188} INFO - [2025-01-07T00:06:19.994+0000] {dag.py:3036} INFO - Sync 1 DAGs
[2025-01-07T00:06:20.040+0000] {logging_mixin.py:188} INFO - [2025-01-07T00:06:20.040+0000] {dag.py:3823} INFO - Setting next_dagrun for latest_only_with_trigger to 2025-01-06 20:00:00+00:00, run_after=2025-01-07 00:00:00+00:00
[2025-01-07T00:06:20.090+0000] {processor.py:183} INFO - Processing /home/airflow/.local/lib/python3.8/site-packages/airflow/example_dags/example_latest_only_with_trigger.py took 0.150 seconds
[2025-01-07T00:06:53.473+0000] {processor.py:161} INFO - Started process (PID=6713) to work on /home/airflow/.local/lib/python3.8/site-packages/airflow/example_dags/example_latest_only_with_trigger.py
[2025-01-07T00:06:53.517+0000] {processor.py:830} INFO - Processing file /home/airflow/.local/lib/python3.8/site-packages/airflow/example_dags/example_latest_only_with_trigger.py for tasks to queue
[2025-01-07T00:06:53.521+0000] {logging_mixin.py:188} INFO - [2025-01-07T00:06:53.520+0000] {dagbag.py:538} INFO - Filling up the DagBag from /home/airflow/.local/lib/python3.8/site-packages/airflow/example_dags/example_latest_only_with_trigger.py
[2025-01-07T00:06:53.553+0000] {processor.py:840} INFO - DAG(s) 'latest_only_with_trigger' retrieved from /home/airflow/.local/lib/python3.8/site-packages/airflow/example_dags/example_latest_only_with_trigger.py
[2025-01-07T00:06:53.694+0000] {logging_mixin.py:188} INFO - [2025-01-07T00:06:53.693+0000] {dag.py:3036} INFO - Sync 1 DAGs
[2025-01-07T00:06:53.856+0000] {logging_mixin.py:188} INFO - [2025-01-07T00:06:53.856+0000] {dag.py:3823} INFO - Setting next_dagrun for latest_only_with_trigger to 2025-01-06 20:00:00+00:00, run_after=2025-01-07 00:00:00+00:00
[2025-01-07T00:06:54.007+0000] {processor.py:183} INFO - Processing /home/airflow/.local/lib/python3.8/site-packages/airflow/example_dags/example_latest_only_with_trigger.py took 0.550 seconds
[2025-01-07T00:07:24.169+0000] {processor.py:161} INFO - Started process (PID=6769) to work on /home/airflow/.local/lib/python3.8/site-packages/airflow/example_dags/example_latest_only_with_trigger.py
[2025-01-07T00:07:24.170+0000] {processor.py:830} INFO - Processing file /home/airflow/.local/lib/python3.8/site-packages/airflow/example_dags/example_latest_only_with_trigger.py for tasks to queue
[2025-01-07T00:07:24.173+0000] {logging_mixin.py:188} INFO - [2025-01-07T00:07:24.172+0000] {dagbag.py:538} INFO - Filling up the DagBag from /home/airflow/.local/lib/python3.8/site-packages/airflow/example_dags/example_latest_only_with_trigger.py
[2025-01-07T00:07:24.180+0000] {processor.py:840} INFO - DAG(s) 'latest_only_with_trigger' retrieved from /home/airflow/.local/lib/python3.8/site-packages/airflow/example_dags/example_latest_only_with_trigger.py
[2025-01-07T00:07:24.207+0000] {logging_mixin.py:188} INFO - [2025-01-07T00:07:24.207+0000] {dag.py:3036} INFO - Sync 1 DAGs
[2025-01-07T00:07:24.237+0000] {logging_mixin.py:188} INFO - [2025-01-07T00:07:24.236+0000] {dag.py:3823} INFO - Setting next_dagrun for latest_only_with_trigger to 2025-01-06 20:00:00+00:00, run_after=2025-01-07 00:00:00+00:00
[2025-01-07T00:07:24.296+0000] {processor.py:183} INFO - Processing /home/airflow/.local/lib/python3.8/site-packages/airflow/example_dags/example_latest_only_with_trigger.py took 0.131 seconds
[2025-01-07T00:07:54.384+0000] {processor.py:161} INFO - Started process (PID=6826) to work on /home/airflow/.local/lib/python3.8/site-packages/airflow/example_dags/example_latest_only_with_trigger.py
[2025-01-07T00:07:54.386+0000] {processor.py:830} INFO - Processing file /home/airflow/.local/lib/python3.8/site-packages/airflow/example_dags/example_latest_only_with_trigger.py for tasks to queue
[2025-01-07T00:07:54.388+0000] {logging_mixin.py:188} INFO - [2025-01-07T00:07:54.388+0000] {dagbag.py:538} INFO - Filling up the DagBag from /home/airflow/.local/lib/python3.8/site-packages/airflow/example_dags/example_latest_only_with_trigger.py
[2025-01-07T00:07:54.396+0000] {processor.py:840} INFO - DAG(s) 'latest_only_with_trigger' retrieved from /home/airflow/.local/lib/python3.8/site-packages/airflow/example_dags/example_latest_only_with_trigger.py
[2025-01-07T00:07:54.427+0000] {logging_mixin.py:188} INFO - [2025-01-07T00:07:54.426+0000] {dag.py:3036} INFO - Sync 1 DAGs
[2025-01-07T00:07:54.454+0000] {logging_mixin.py:188} INFO - [2025-01-07T00:07:54.454+0000] {dag.py:3823} INFO - Setting next_dagrun for latest_only_with_trigger to 2025-01-06 20:00:00+00:00, run_after=2025-01-07 00:00:00+00:00
[2025-01-07T00:07:54.478+0000] {processor.py:183} INFO - Processing /home/airflow/.local/lib/python3.8/site-packages/airflow/example_dags/example_latest_only_with_trigger.py took 0.098 seconds
[2025-01-07T00:08:25.287+0000] {processor.py:161} INFO - Started process (PID=6884) to work on /home/airflow/.local/lib/python3.8/site-packages/airflow/example_dags/example_latest_only_with_trigger.py
[2025-01-07T00:08:25.314+0000] {processor.py:830} INFO - Processing file /home/airflow/.local/lib/python3.8/site-packages/airflow/example_dags/example_latest_only_with_trigger.py for tasks to queue
[2025-01-07T00:08:25.337+0000] {logging_mixin.py:188} INFO - [2025-01-07T00:08:25.337+0000] {dagbag.py:538} INFO - Filling up the DagBag from /home/airflow/.local/lib/python3.8/site-packages/airflow/example_dags/example_latest_only_with_trigger.py
[2025-01-07T00:08:25.405+0000] {processor.py:840} INFO - DAG(s) 'latest_only_with_trigger' retrieved from /home/airflow/.local/lib/python3.8/site-packages/airflow/example_dags/example_latest_only_with_trigger.py
[2025-01-07T00:08:25.553+0000] {logging_mixin.py:188} INFO - [2025-01-07T00:08:25.552+0000] {dag.py:3036} INFO - Sync 1 DAGs
[2025-01-07T00:08:25.691+0000] {logging_mixin.py:188} INFO - [2025-01-07T00:08:25.690+0000] {dag.py:3823} INFO - Setting next_dagrun for latest_only_with_trigger to 2025-01-06 20:00:00+00:00, run_after=2025-01-07 00:00:00+00:00
[2025-01-07T00:08:25.800+0000] {processor.py:183} INFO - Processing /home/airflow/.local/lib/python3.8/site-packages/airflow/example_dags/example_latest_only_with_trigger.py took 0.542 seconds
[2025-01-07T00:08:56.206+0000] {processor.py:161} INFO - Started process (PID=6951) to work on /home/airflow/.local/lib/python3.8/site-packages/airflow/example_dags/example_latest_only_with_trigger.py
[2025-01-07T00:08:56.213+0000] {processor.py:830} INFO - Processing file /home/airflow/.local/lib/python3.8/site-packages/airflow/example_dags/example_latest_only_with_trigger.py for tasks to queue
[2025-01-07T00:08:56.221+0000] {logging_mixin.py:188} INFO - [2025-01-07T00:08:56.221+0000] {dagbag.py:538} INFO - Filling up the DagBag from /home/airflow/.local/lib/python3.8/site-packages/airflow/example_dags/example_latest_only_with_trigger.py
[2025-01-07T00:08:56.244+0000] {processor.py:840} INFO - DAG(s) 'latest_only_with_trigger' retrieved from /home/airflow/.local/lib/python3.8/site-packages/airflow/example_dags/example_latest_only_with_trigger.py
[2025-01-07T00:08:56.321+0000] {logging_mixin.py:188} INFO - [2025-01-07T00:08:56.320+0000] {dag.py:3036} INFO - Sync 1 DAGs
[2025-01-07T00:08:56.397+0000] {logging_mixin.py:188} INFO - [2025-01-07T00:08:56.397+0000] {dag.py:3823} INFO - Setting next_dagrun for latest_only_with_trigger to 2025-01-06 20:00:00+00:00, run_after=2025-01-07 00:00:00+00:00
[2025-01-07T00:08:56.459+0000] {processor.py:183} INFO - Processing /home/airflow/.local/lib/python3.8/site-packages/airflow/example_dags/example_latest_only_with_trigger.py took 0.261 seconds
[2025-01-07T00:09:27.377+0000] {processor.py:161} INFO - Started process (PID=7008) to work on /home/airflow/.local/lib/python3.8/site-packages/airflow/example_dags/example_latest_only_with_trigger.py
[2025-01-07T00:09:27.379+0000] {processor.py:830} INFO - Processing file /home/airflow/.local/lib/python3.8/site-packages/airflow/example_dags/example_latest_only_with_trigger.py for tasks to queue
[2025-01-07T00:09:27.382+0000] {logging_mixin.py:188} INFO - [2025-01-07T00:09:27.382+0000] {dagbag.py:538} INFO - Filling up the DagBag from /home/airflow/.local/lib/python3.8/site-packages/airflow/example_dags/example_latest_only_with_trigger.py
[2025-01-07T00:09:27.397+0000] {processor.py:840} INFO - DAG(s) 'latest_only_with_trigger' retrieved from /home/airflow/.local/lib/python3.8/site-packages/airflow/example_dags/example_latest_only_with_trigger.py
[2025-01-07T00:09:27.460+0000] {logging_mixin.py:188} INFO - [2025-01-07T00:09:27.460+0000] {dag.py:3036} INFO - Sync 1 DAGs
[2025-01-07T00:09:27.533+0000] {logging_mixin.py:188} INFO - [2025-01-07T00:09:27.533+0000] {dag.py:3823} INFO - Setting next_dagrun for latest_only_with_trigger to 2025-01-06 20:00:00+00:00, run_after=2025-01-07 00:00:00+00:00
[2025-01-07T00:09:27.585+0000] {processor.py:183} INFO - Processing /home/airflow/.local/lib/python3.8/site-packages/airflow/example_dags/example_latest_only_with_trigger.py took 0.217 seconds
[2025-01-07T00:09:57.693+0000] {processor.py:161} INFO - Started process (PID=7066) to work on /home/airflow/.local/lib/python3.8/site-packages/airflow/example_dags/example_latest_only_with_trigger.py
[2025-01-07T00:09:57.697+0000] {processor.py:830} INFO - Processing file /home/airflow/.local/lib/python3.8/site-packages/airflow/example_dags/example_latest_only_with_trigger.py for tasks to queue
[2025-01-07T00:09:57.700+0000] {logging_mixin.py:188} INFO - [2025-01-07T00:09:57.700+0000] {dagbag.py:538} INFO - Filling up the DagBag from /home/airflow/.local/lib/python3.8/site-packages/airflow/example_dags/example_latest_only_with_trigger.py
[2025-01-07T00:09:57.708+0000] {processor.py:840} INFO - DAG(s) 'latest_only_with_trigger' retrieved from /home/airflow/.local/lib/python3.8/site-packages/airflow/example_dags/example_latest_only_with_trigger.py
[2025-01-07T00:09:57.743+0000] {logging_mixin.py:188} INFO - [2025-01-07T00:09:57.742+0000] {dag.py:3036} INFO - Sync 1 DAGs
[2025-01-07T00:09:57.784+0000] {logging_mixin.py:188} INFO - [2025-01-07T00:09:57.784+0000] {dag.py:3823} INFO - Setting next_dagrun for latest_only_with_trigger to 2025-01-06 20:00:00+00:00, run_after=2025-01-07 00:00:00+00:00
[2025-01-07T00:09:57.838+0000] {processor.py:183} INFO - Processing /home/airflow/.local/lib/python3.8/site-packages/airflow/example_dags/example_latest_only_with_trigger.py took 0.154 seconds
[2025-01-07T00:10:28.195+0000] {processor.py:161} INFO - Started process (PID=7123) to work on /home/airflow/.local/lib/python3.8/site-packages/airflow/example_dags/example_latest_only_with_trigger.py
[2025-01-07T00:10:28.197+0000] {processor.py:830} INFO - Processing file /home/airflow/.local/lib/python3.8/site-packages/airflow/example_dags/example_latest_only_with_trigger.py for tasks to queue
[2025-01-07T00:10:28.200+0000] {logging_mixin.py:188} INFO - [2025-01-07T00:10:28.199+0000] {dagbag.py:538} INFO - Filling up the DagBag from /home/airflow/.local/lib/python3.8/site-packages/airflow/example_dags/example_latest_only_with_trigger.py
[2025-01-07T00:10:28.208+0000] {processor.py:840} INFO - DAG(s) 'latest_only_with_trigger' retrieved from /home/airflow/.local/lib/python3.8/site-packages/airflow/example_dags/example_latest_only_with_trigger.py
[2025-01-07T00:10:28.243+0000] {logging_mixin.py:188} INFO - [2025-01-07T00:10:28.242+0000] {dag.py:3036} INFO - Sync 1 DAGs
[2025-01-07T00:10:28.273+0000] {logging_mixin.py:188} INFO - [2025-01-07T00:10:28.273+0000] {dag.py:3823} INFO - Setting next_dagrun for latest_only_with_trigger to 2025-01-06 20:00:00+00:00, run_after=2025-01-07 00:00:00+00:00
[2025-01-07T00:10:28.300+0000] {processor.py:183} INFO - Processing /home/airflow/.local/lib/python3.8/site-packages/airflow/example_dags/example_latest_only_with_trigger.py took 0.111 seconds
[2025-01-07T00:10:59.256+0000] {processor.py:161} INFO - Started process (PID=7180) to work on /home/airflow/.local/lib/python3.8/site-packages/airflow/example_dags/example_latest_only_with_trigger.py
[2025-01-07T00:10:59.258+0000] {processor.py:830} INFO - Processing file /home/airflow/.local/lib/python3.8/site-packages/airflow/example_dags/example_latest_only_with_trigger.py for tasks to queue
[2025-01-07T00:10:59.260+0000] {logging_mixin.py:188} INFO - [2025-01-07T00:10:59.260+0000] {dagbag.py:538} INFO - Filling up the DagBag from /home/airflow/.local/lib/python3.8/site-packages/airflow/example_dags/example_latest_only_with_trigger.py
[2025-01-07T00:10:59.268+0000] {processor.py:840} INFO - DAG(s) 'latest_only_with_trigger' retrieved from /home/airflow/.local/lib/python3.8/site-packages/airflow/example_dags/example_latest_only_with_trigger.py
[2025-01-07T00:10:59.303+0000] {logging_mixin.py:188} INFO - [2025-01-07T00:10:59.302+0000] {dag.py:3036} INFO - Sync 1 DAGs
[2025-01-07T00:10:59.345+0000] {logging_mixin.py:188} INFO - [2025-01-07T00:10:59.345+0000] {dag.py:3823} INFO - Setting next_dagrun for latest_only_with_trigger to 2025-01-06 20:00:00+00:00, run_after=2025-01-07 00:00:00+00:00
[2025-01-07T00:10:59.393+0000] {processor.py:183} INFO - Processing /home/airflow/.local/lib/python3.8/site-packages/airflow/example_dags/example_latest_only_with_trigger.py took 0.141 seconds
[2025-01-07T00:11:29.648+0000] {processor.py:161} INFO - Started process (PID=7237) to work on /home/airflow/.local/lib/python3.8/site-packages/airflow/example_dags/example_latest_only_with_trigger.py
[2025-01-07T00:11:29.649+0000] {processor.py:830} INFO - Processing file /home/airflow/.local/lib/python3.8/site-packages/airflow/example_dags/example_latest_only_with_trigger.py for tasks to queue
[2025-01-07T00:11:29.651+0000] {logging_mixin.py:188} INFO - [2025-01-07T00:11:29.651+0000] {dagbag.py:538} INFO - Filling up the DagBag from /home/airflow/.local/lib/python3.8/site-packages/airflow/example_dags/example_latest_only_with_trigger.py
[2025-01-07T00:11:29.658+0000] {processor.py:840} INFO - DAG(s) 'latest_only_with_trigger' retrieved from /home/airflow/.local/lib/python3.8/site-packages/airflow/example_dags/example_latest_only_with_trigger.py
[2025-01-07T00:11:29.686+0000] {logging_mixin.py:188} INFO - [2025-01-07T00:11:29.686+0000] {dag.py:3036} INFO - Sync 1 DAGs
[2025-01-07T00:11:29.721+0000] {logging_mixin.py:188} INFO - [2025-01-07T00:11:29.720+0000] {dag.py:3823} INFO - Setting next_dagrun for latest_only_with_trigger to 2025-01-06 20:00:00+00:00, run_after=2025-01-07 00:00:00+00:00
[2025-01-07T00:11:29.752+0000] {processor.py:183} INFO - Processing /home/airflow/.local/lib/python3.8/site-packages/airflow/example_dags/example_latest_only_with_trigger.py took 0.108 seconds
[2025-01-07T00:12:00.487+0000] {processor.py:161} INFO - Started process (PID=7294) to work on /home/airflow/.local/lib/python3.8/site-packages/airflow/example_dags/example_latest_only_with_trigger.py
[2025-01-07T00:12:00.488+0000] {processor.py:830} INFO - Processing file /home/airflow/.local/lib/python3.8/site-packages/airflow/example_dags/example_latest_only_with_trigger.py for tasks to queue
[2025-01-07T00:12:00.491+0000] {logging_mixin.py:188} INFO - [2025-01-07T00:12:00.490+0000] {dagbag.py:538} INFO - Filling up the DagBag from /home/airflow/.local/lib/python3.8/site-packages/airflow/example_dags/example_latest_only_with_trigger.py
[2025-01-07T00:12:00.498+0000] {processor.py:840} INFO - DAG(s) 'latest_only_with_trigger' retrieved from /home/airflow/.local/lib/python3.8/site-packages/airflow/example_dags/example_latest_only_with_trigger.py
[2025-01-07T00:12:00.522+0000] {logging_mixin.py:188} INFO - [2025-01-07T00:12:00.522+0000] {dag.py:3036} INFO - Sync 1 DAGs
[2025-01-07T00:12:00.551+0000] {logging_mixin.py:188} INFO - [2025-01-07T00:12:00.551+0000] {dag.py:3823} INFO - Setting next_dagrun for latest_only_with_trigger to 2025-01-06 20:00:00+00:00, run_after=2025-01-07 00:00:00+00:00
[2025-01-07T00:12:00.577+0000] {processor.py:183} INFO - Processing /home/airflow/.local/lib/python3.8/site-packages/airflow/example_dags/example_latest_only_with_trigger.py took 0.094 seconds
[2025-01-07T00:12:31.018+0000] {processor.py:161} INFO - Started process (PID=7351) to work on /home/airflow/.local/lib/python3.8/site-packages/airflow/example_dags/example_latest_only_with_trigger.py
[2025-01-07T00:12:31.022+0000] {processor.py:830} INFO - Processing file /home/airflow/.local/lib/python3.8/site-packages/airflow/example_dags/example_latest_only_with_trigger.py for tasks to queue
[2025-01-07T00:12:31.025+0000] {logging_mixin.py:188} INFO - [2025-01-07T00:12:31.025+0000] {dagbag.py:538} INFO - Filling up the DagBag from /home/airflow/.local/lib/python3.8/site-packages/airflow/example_dags/example_latest_only_with_trigger.py
[2025-01-07T00:12:31.034+0000] {processor.py:840} INFO - DAG(s) 'latest_only_with_trigger' retrieved from /home/airflow/.local/lib/python3.8/site-packages/airflow/example_dags/example_latest_only_with_trigger.py
[2025-01-07T00:12:31.061+0000] {logging_mixin.py:188} INFO - [2025-01-07T00:12:31.061+0000] {dag.py:3036} INFO - Sync 1 DAGs
[2025-01-07T00:12:31.093+0000] {logging_mixin.py:188} INFO - [2025-01-07T00:12:31.092+0000] {dag.py:3823} INFO - Setting next_dagrun for latest_only_with_trigger to 2025-01-06 20:00:00+00:00, run_after=2025-01-07 00:00:00+00:00
[2025-01-07T00:12:31.121+0000] {processor.py:183} INFO - Processing /home/airflow/.local/lib/python3.8/site-packages/airflow/example_dags/example_latest_only_with_trigger.py took 0.108 seconds
[2025-01-07T00:13:01.522+0000] {processor.py:161} INFO - Started process (PID=7408) to work on /home/airflow/.local/lib/python3.8/site-packages/airflow/example_dags/example_latest_only_with_trigger.py
[2025-01-07T00:13:01.523+0000] {processor.py:830} INFO - Processing file /home/airflow/.local/lib/python3.8/site-packages/airflow/example_dags/example_latest_only_with_trigger.py for tasks to queue
[2025-01-07T00:13:01.525+0000] {logging_mixin.py:188} INFO - [2025-01-07T00:13:01.525+0000] {dagbag.py:538} INFO - Filling up the DagBag from /home/airflow/.local/lib/python3.8/site-packages/airflow/example_dags/example_latest_only_with_trigger.py
[2025-01-07T00:13:01.532+0000] {processor.py:840} INFO - DAG(s) 'latest_only_with_trigger' retrieved from /home/airflow/.local/lib/python3.8/site-packages/airflow/example_dags/example_latest_only_with_trigger.py
[2025-01-07T00:13:01.557+0000] {logging_mixin.py:188} INFO - [2025-01-07T00:13:01.557+0000] {dag.py:3036} INFO - Sync 1 DAGs
[2025-01-07T00:13:01.584+0000] {logging_mixin.py:188} INFO - [2025-01-07T00:13:01.584+0000] {dag.py:3823} INFO - Setting next_dagrun for latest_only_with_trigger to 2025-01-06 20:00:00+00:00, run_after=2025-01-07 00:00:00+00:00
[2025-01-07T00:13:01.607+0000] {processor.py:183} INFO - Processing /home/airflow/.local/lib/python3.8/site-packages/airflow/example_dags/example_latest_only_with_trigger.py took 0.089 seconds
[2025-01-07T00:13:31.896+0000] {processor.py:161} INFO - Started process (PID=7466) to work on /home/airflow/.local/lib/python3.8/site-packages/airflow/example_dags/example_latest_only_with_trigger.py
[2025-01-07T00:13:31.897+0000] {processor.py:830} INFO - Processing file /home/airflow/.local/lib/python3.8/site-packages/airflow/example_dags/example_latest_only_with_trigger.py for tasks to queue
[2025-01-07T00:13:31.899+0000] {logging_mixin.py:188} INFO - [2025-01-07T00:13:31.899+0000] {dagbag.py:538} INFO - Filling up the DagBag from /home/airflow/.local/lib/python3.8/site-packages/airflow/example_dags/example_latest_only_with_trigger.py
[2025-01-07T00:13:31.906+0000] {processor.py:840} INFO - DAG(s) 'latest_only_with_trigger' retrieved from /home/airflow/.local/lib/python3.8/site-packages/airflow/example_dags/example_latest_only_with_trigger.py
[2025-01-07T00:13:31.931+0000] {logging_mixin.py:188} INFO - [2025-01-07T00:13:31.931+0000] {dag.py:3036} INFO - Sync 1 DAGs
[2025-01-07T00:13:31.959+0000] {logging_mixin.py:188} INFO - [2025-01-07T00:13:31.958+0000] {dag.py:3823} INFO - Setting next_dagrun for latest_only_with_trigger to 2025-01-06 20:00:00+00:00, run_after=2025-01-07 00:00:00+00:00
[2025-01-07T00:13:31.994+0000] {processor.py:183} INFO - Processing /home/airflow/.local/lib/python3.8/site-packages/airflow/example_dags/example_latest_only_with_trigger.py took 0.102 seconds
[2025-01-07T00:14:02.457+0000] {processor.py:161} INFO - Started process (PID=7523) to work on /home/airflow/.local/lib/python3.8/site-packages/airflow/example_dags/example_latest_only_with_trigger.py
[2025-01-07T00:14:02.458+0000] {processor.py:830} INFO - Processing file /home/airflow/.local/lib/python3.8/site-packages/airflow/example_dags/example_latest_only_with_trigger.py for tasks to queue
[2025-01-07T00:14:02.461+0000] {logging_mixin.py:188} INFO - [2025-01-07T00:14:02.461+0000] {dagbag.py:538} INFO - Filling up the DagBag from /home/airflow/.local/lib/python3.8/site-packages/airflow/example_dags/example_latest_only_with_trigger.py
[2025-01-07T00:14:02.468+0000] {processor.py:840} INFO - DAG(s) 'latest_only_with_trigger' retrieved from /home/airflow/.local/lib/python3.8/site-packages/airflow/example_dags/example_latest_only_with_trigger.py
[2025-01-07T00:14:02.497+0000] {logging_mixin.py:188} INFO - [2025-01-07T00:14:02.497+0000] {dag.py:3036} INFO - Sync 1 DAGs
[2025-01-07T00:14:02.531+0000] {logging_mixin.py:188} INFO - [2025-01-07T00:14:02.531+0000] {dag.py:3823} INFO - Setting next_dagrun for latest_only_with_trigger to 2025-01-06 20:00:00+00:00, run_after=2025-01-07 00:00:00+00:00
[2025-01-07T00:14:02.562+0000] {processor.py:183} INFO - Processing /home/airflow/.local/lib/python3.8/site-packages/airflow/example_dags/example_latest_only_with_trigger.py took 0.110 seconds
[2025-01-07T00:14:33.095+0000] {processor.py:161} INFO - Started process (PID=7580) to work on /home/airflow/.local/lib/python3.8/site-packages/airflow/example_dags/example_latest_only_with_trigger.py
[2025-01-07T00:14:33.098+0000] {processor.py:830} INFO - Processing file /home/airflow/.local/lib/python3.8/site-packages/airflow/example_dags/example_latest_only_with_trigger.py for tasks to queue
[2025-01-07T00:14:33.103+0000] {logging_mixin.py:188} INFO - [2025-01-07T00:14:33.103+0000] {dagbag.py:538} INFO - Filling up the DagBag from /home/airflow/.local/lib/python3.8/site-packages/airflow/example_dags/example_latest_only_with_trigger.py
[2025-01-07T00:14:33.113+0000] {processor.py:840} INFO - DAG(s) 'latest_only_with_trigger' retrieved from /home/airflow/.local/lib/python3.8/site-packages/airflow/example_dags/example_latest_only_with_trigger.py
[2025-01-07T00:14:33.150+0000] {logging_mixin.py:188} INFO - [2025-01-07T00:14:33.149+0000] {dag.py:3036} INFO - Sync 1 DAGs
[2025-01-07T00:14:33.192+0000] {logging_mixin.py:188} INFO - [2025-01-07T00:14:33.192+0000] {dag.py:3823} INFO - Setting next_dagrun for latest_only_with_trigger to 2025-01-06 20:00:00+00:00, run_after=2025-01-07 00:00:00+00:00
[2025-01-07T00:14:33.252+0000] {processor.py:183} INFO - Processing /home/airflow/.local/lib/python3.8/site-packages/airflow/example_dags/example_latest_only_with_trigger.py took 0.161 seconds
[2025-01-07T00:15:04.626+0000] {processor.py:161} INFO - Started process (PID=7637) to work on /home/airflow/.local/lib/python3.8/site-packages/airflow/example_dags/example_latest_only_with_trigger.py
[2025-01-07T00:15:04.641+0000] {processor.py:830} INFO - Processing file /home/airflow/.local/lib/python3.8/site-packages/airflow/example_dags/example_latest_only_with_trigger.py for tasks to queue
[2025-01-07T00:15:04.646+0000] {logging_mixin.py:188} INFO - [2025-01-07T00:15:04.645+0000] {dagbag.py:538} INFO - Filling up the DagBag from /home/airflow/.local/lib/python3.8/site-packages/airflow/example_dags/example_latest_only_with_trigger.py
[2025-01-07T00:15:04.663+0000] {processor.py:840} INFO - DAG(s) 'latest_only_with_trigger' retrieved from /home/airflow/.local/lib/python3.8/site-packages/airflow/example_dags/example_latest_only_with_trigger.py
[2025-01-07T00:15:04.771+0000] {logging_mixin.py:188} INFO - [2025-01-07T00:15:04.769+0000] {dag.py:3036} INFO - Sync 1 DAGs
[2025-01-07T00:15:04.866+0000] {logging_mixin.py:188} INFO - [2025-01-07T00:15:04.864+0000] {dag.py:3823} INFO - Setting next_dagrun for latest_only_with_trigger to 2025-01-06 20:00:00+00:00, run_after=2025-01-07 00:00:00+00:00
[2025-01-07T00:15:05.033+0000] {processor.py:183} INFO - Processing /home/airflow/.local/lib/python3.8/site-packages/airflow/example_dags/example_latest_only_with_trigger.py took 0.444 seconds
[2025-01-07T00:15:36.076+0000] {processor.py:161} INFO - Started process (PID=7694) to work on /home/airflow/.local/lib/python3.8/site-packages/airflow/example_dags/example_latest_only_with_trigger.py
[2025-01-07T00:15:36.078+0000] {processor.py:830} INFO - Processing file /home/airflow/.local/lib/python3.8/site-packages/airflow/example_dags/example_latest_only_with_trigger.py for tasks to queue
[2025-01-07T00:15:36.081+0000] {logging_mixin.py:188} INFO - [2025-01-07T00:15:36.080+0000] {dagbag.py:538} INFO - Filling up the DagBag from /home/airflow/.local/lib/python3.8/site-packages/airflow/example_dags/example_latest_only_with_trigger.py
[2025-01-07T00:15:36.091+0000] {processor.py:840} INFO - DAG(s) 'latest_only_with_trigger' retrieved from /home/airflow/.local/lib/python3.8/site-packages/airflow/example_dags/example_latest_only_with_trigger.py
[2025-01-07T00:15:36.128+0000] {logging_mixin.py:188} INFO - [2025-01-07T00:15:36.128+0000] {dag.py:3036} INFO - Sync 1 DAGs
[2025-01-07T00:15:36.213+0000] {logging_mixin.py:188} INFO - [2025-01-07T00:15:36.212+0000] {dag.py:3823} INFO - Setting next_dagrun for latest_only_with_trigger to 2025-01-06 20:00:00+00:00, run_after=2025-01-07 00:00:00+00:00
[2025-01-07T00:15:36.270+0000] {processor.py:183} INFO - Processing /home/airflow/.local/lib/python3.8/site-packages/airflow/example_dags/example_latest_only_with_trigger.py took 0.199 seconds
[2025-01-07T00:16:06.506+0000] {processor.py:161} INFO - Started process (PID=7751) to work on /home/airflow/.local/lib/python3.8/site-packages/airflow/example_dags/example_latest_only_with_trigger.py
[2025-01-07T00:16:06.507+0000] {processor.py:830} INFO - Processing file /home/airflow/.local/lib/python3.8/site-packages/airflow/example_dags/example_latest_only_with_trigger.py for tasks to queue
[2025-01-07T00:16:06.521+0000] {logging_mixin.py:188} INFO - [2025-01-07T00:16:06.520+0000] {dagbag.py:538} INFO - Filling up the DagBag from /home/airflow/.local/lib/python3.8/site-packages/airflow/example_dags/example_latest_only_with_trigger.py
[2025-01-07T00:16:06.552+0000] {processor.py:840} INFO - DAG(s) 'latest_only_with_trigger' retrieved from /home/airflow/.local/lib/python3.8/site-packages/airflow/example_dags/example_latest_only_with_trigger.py
[2025-01-07T00:16:06.641+0000] {logging_mixin.py:188} INFO - [2025-01-07T00:16:06.641+0000] {dag.py:3036} INFO - Sync 1 DAGs
[2025-01-07T00:16:06.764+0000] {logging_mixin.py:188} INFO - [2025-01-07T00:16:06.763+0000] {dag.py:3823} INFO - Setting next_dagrun for latest_only_with_trigger to 2025-01-06 20:00:00+00:00, run_after=2025-01-07 00:00:00+00:00
[2025-01-07T00:16:06.892+0000] {processor.py:183} INFO - Processing /home/airflow/.local/lib/python3.8/site-packages/airflow/example_dags/example_latest_only_with_trigger.py took 0.392 seconds
[2025-01-07T00:16:38.250+0000] {processor.py:161} INFO - Started process (PID=7809) to work on /home/airflow/.local/lib/python3.8/site-packages/airflow/example_dags/example_latest_only_with_trigger.py
[2025-01-07T00:16:38.254+0000] {processor.py:830} INFO - Processing file /home/airflow/.local/lib/python3.8/site-packages/airflow/example_dags/example_latest_only_with_trigger.py for tasks to queue
[2025-01-07T00:16:38.267+0000] {logging_mixin.py:188} INFO - [2025-01-07T00:16:38.266+0000] {dagbag.py:538} INFO - Filling up the DagBag from /home/airflow/.local/lib/python3.8/site-packages/airflow/example_dags/example_latest_only_with_trigger.py
[2025-01-07T00:16:38.298+0000] {processor.py:840} INFO - DAG(s) 'latest_only_with_trigger' retrieved from /home/airflow/.local/lib/python3.8/site-packages/airflow/example_dags/example_latest_only_with_trigger.py
[2025-01-07T00:16:38.393+0000] {logging_mixin.py:188} INFO - [2025-01-07T00:16:38.393+0000] {dag.py:3036} INFO - Sync 1 DAGs
[2025-01-07T00:16:38.539+0000] {logging_mixin.py:188} INFO - [2025-01-07T00:16:38.539+0000] {dag.py:3823} INFO - Setting next_dagrun for latest_only_with_trigger to 2025-01-06 20:00:00+00:00, run_after=2025-01-07 00:00:00+00:00
[2025-01-07T00:16:38.667+0000] {processor.py:183} INFO - Processing /home/airflow/.local/lib/python3.8/site-packages/airflow/example_dags/example_latest_only_with_trigger.py took 0.427 seconds
[2025-01-07T00:17:09.263+0000] {processor.py:161} INFO - Started process (PID=7866) to work on /home/airflow/.local/lib/python3.8/site-packages/airflow/example_dags/example_latest_only_with_trigger.py
[2025-01-07T00:17:09.277+0000] {processor.py:830} INFO - Processing file /home/airflow/.local/lib/python3.8/site-packages/airflow/example_dags/example_latest_only_with_trigger.py for tasks to queue
[2025-01-07T00:17:09.281+0000] {logging_mixin.py:188} INFO - [2025-01-07T00:17:09.280+0000] {dagbag.py:538} INFO - Filling up the DagBag from /home/airflow/.local/lib/python3.8/site-packages/airflow/example_dags/example_latest_only_with_trigger.py
[2025-01-07T00:17:09.323+0000] {processor.py:840} INFO - DAG(s) 'latest_only_with_trigger' retrieved from /home/airflow/.local/lib/python3.8/site-packages/airflow/example_dags/example_latest_only_with_trigger.py
[2025-01-07T00:17:09.437+0000] {logging_mixin.py:188} INFO - [2025-01-07T00:17:09.436+0000] {dag.py:3036} INFO - Sync 1 DAGs
[2025-01-07T00:17:09.549+0000] {logging_mixin.py:188} INFO - [2025-01-07T00:17:09.548+0000] {dag.py:3823} INFO - Setting next_dagrun for latest_only_with_trigger to 2025-01-06 20:00:00+00:00, run_after=2025-01-07 00:00:00+00:00
[2025-01-07T00:17:09.631+0000] {processor.py:183} INFO - Processing /home/airflow/.local/lib/python3.8/site-packages/airflow/example_dags/example_latest_only_with_trigger.py took 0.378 seconds
[2025-01-07T00:17:42.246+0000] {processor.py:161} INFO - Started process (PID=7922) to work on /home/airflow/.local/lib/python3.8/site-packages/airflow/example_dags/example_latest_only_with_trigger.py
[2025-01-07T00:17:42.275+0000] {processor.py:830} INFO - Processing file /home/airflow/.local/lib/python3.8/site-packages/airflow/example_dags/example_latest_only_with_trigger.py for tasks to queue
[2025-01-07T00:17:42.291+0000] {logging_mixin.py:188} INFO - [2025-01-07T00:17:42.291+0000] {dagbag.py:538} INFO - Filling up the DagBag from /home/airflow/.local/lib/python3.8/site-packages/airflow/example_dags/example_latest_only_with_trigger.py
[2025-01-07T00:17:42.372+0000] {processor.py:840} INFO - DAG(s) 'latest_only_with_trigger' retrieved from /home/airflow/.local/lib/python3.8/site-packages/airflow/example_dags/example_latest_only_with_trigger.py
[2025-01-07T00:17:42.529+0000] {logging_mixin.py:188} INFO - [2025-01-07T00:17:42.528+0000] {dag.py:3036} INFO - Sync 1 DAGs
[2025-01-07T00:17:42.688+0000] {logging_mixin.py:188} INFO - [2025-01-07T00:17:42.687+0000] {dag.py:3823} INFO - Setting next_dagrun for latest_only_with_trigger to 2025-01-06 20:00:00+00:00, run_after=2025-01-07 00:00:00+00:00
[2025-01-07T00:17:42.806+0000] {processor.py:183} INFO - Processing /home/airflow/.local/lib/python3.8/site-packages/airflow/example_dags/example_latest_only_with_trigger.py took 0.565 seconds
[2025-01-07T00:18:14.389+0000] {processor.py:161} INFO - Started process (PID=7980) to work on /home/airflow/.local/lib/python3.8/site-packages/airflow/example_dags/example_latest_only_with_trigger.py
[2025-01-07T00:18:14.404+0000] {processor.py:830} INFO - Processing file /home/airflow/.local/lib/python3.8/site-packages/airflow/example_dags/example_latest_only_with_trigger.py for tasks to queue
[2025-01-07T00:18:14.408+0000] {logging_mixin.py:188} INFO - [2025-01-07T00:18:14.408+0000] {dagbag.py:538} INFO - Filling up the DagBag from /home/airflow/.local/lib/python3.8/site-packages/airflow/example_dags/example_latest_only_with_trigger.py
[2025-01-07T00:18:14.467+0000] {processor.py:840} INFO - DAG(s) 'latest_only_with_trigger' retrieved from /home/airflow/.local/lib/python3.8/site-packages/airflow/example_dags/example_latest_only_with_trigger.py
[2025-01-07T00:18:14.774+0000] {logging_mixin.py:188} INFO - [2025-01-07T00:18:14.774+0000] {dag.py:3036} INFO - Sync 1 DAGs
[2025-01-07T00:18:14.966+0000] {logging_mixin.py:188} INFO - [2025-01-07T00:18:14.965+0000] {dag.py:3823} INFO - Setting next_dagrun for latest_only_with_trigger to 2025-01-06 20:00:00+00:00, run_after=2025-01-07 00:00:00+00:00
[2025-01-07T00:18:15.096+0000] {processor.py:183} INFO - Processing /home/airflow/.local/lib/python3.8/site-packages/airflow/example_dags/example_latest_only_with_trigger.py took 0.722 seconds
[2025-01-07T00:18:47.124+0000] {processor.py:161} INFO - Started process (PID=8035) to work on /home/airflow/.local/lib/python3.8/site-packages/airflow/example_dags/example_latest_only_with_trigger.py
[2025-01-07T00:18:47.143+0000] {processor.py:830} INFO - Processing file /home/airflow/.local/lib/python3.8/site-packages/airflow/example_dags/example_latest_only_with_trigger.py for tasks to queue
[2025-01-07T00:18:47.224+0000] {logging_mixin.py:188} INFO - [2025-01-07T00:18:47.209+0000] {dagbag.py:538} INFO - Filling up the DagBag from /home/airflow/.local/lib/python3.8/site-packages/airflow/example_dags/example_latest_only_with_trigger.py
[2025-01-07T00:18:47.351+0000] {processor.py:840} INFO - DAG(s) 'latest_only_with_trigger' retrieved from /home/airflow/.local/lib/python3.8/site-packages/airflow/example_dags/example_latest_only_with_trigger.py
[2025-01-07T00:18:47.536+0000] {logging_mixin.py:188} INFO - [2025-01-07T00:18:47.536+0000] {dag.py:3036} INFO - Sync 1 DAGs
[2025-01-07T00:18:47.990+0000] {logging_mixin.py:188} INFO - [2025-01-07T00:18:47.990+0000] {dag.py:3823} INFO - Setting next_dagrun for latest_only_with_trigger to 2025-01-06 20:00:00+00:00, run_after=2025-01-07 00:00:00+00:00
[2025-01-07T00:18:48.334+0000] {processor.py:183} INFO - Processing /home/airflow/.local/lib/python3.8/site-packages/airflow/example_dags/example_latest_only_with_trigger.py took 1.353 seconds
[2025-01-07T00:19:18.882+0000] {processor.py:161} INFO - Started process (PID=8109) to work on /home/airflow/.local/lib/python3.8/site-packages/airflow/example_dags/example_latest_only_with_trigger.py
[2025-01-07T00:19:18.884+0000] {processor.py:830} INFO - Processing file /home/airflow/.local/lib/python3.8/site-packages/airflow/example_dags/example_latest_only_with_trigger.py for tasks to queue
[2025-01-07T00:19:18.894+0000] {logging_mixin.py:188} INFO - [2025-01-07T00:19:18.893+0000] {dagbag.py:538} INFO - Filling up the DagBag from /home/airflow/.local/lib/python3.8/site-packages/airflow/example_dags/example_latest_only_with_trigger.py
[2025-01-07T00:19:18.911+0000] {processor.py:840} INFO - DAG(s) 'latest_only_with_trigger' retrieved from /home/airflow/.local/lib/python3.8/site-packages/airflow/example_dags/example_latest_only_with_trigger.py
[2025-01-07T00:19:19.060+0000] {logging_mixin.py:188} INFO - [2025-01-07T00:19:19.060+0000] {dag.py:3036} INFO - Sync 1 DAGs
[2025-01-07T00:19:19.150+0000] {logging_mixin.py:188} INFO - [2025-01-07T00:19:19.149+0000] {dag.py:3823} INFO - Setting next_dagrun for latest_only_with_trigger to 2025-01-06 20:00:00+00:00, run_after=2025-01-07 00:00:00+00:00
[2025-01-07T00:19:19.242+0000] {processor.py:183} INFO - Processing /home/airflow/.local/lib/python3.8/site-packages/airflow/example_dags/example_latest_only_with_trigger.py took 0.369 seconds
[2025-01-07T00:19:49.417+0000] {processor.py:161} INFO - Started process (PID=8165) to work on /home/airflow/.local/lib/python3.8/site-packages/airflow/example_dags/example_latest_only_with_trigger.py
[2025-01-07T00:19:49.418+0000] {processor.py:830} INFO - Processing file /home/airflow/.local/lib/python3.8/site-packages/airflow/example_dags/example_latest_only_with_trigger.py for tasks to queue
[2025-01-07T00:19:49.422+0000] {logging_mixin.py:188} INFO - [2025-01-07T00:19:49.422+0000] {dagbag.py:538} INFO - Filling up the DagBag from /home/airflow/.local/lib/python3.8/site-packages/airflow/example_dags/example_latest_only_with_trigger.py
[2025-01-07T00:19:49.434+0000] {processor.py:840} INFO - DAG(s) 'latest_only_with_trigger' retrieved from /home/airflow/.local/lib/python3.8/site-packages/airflow/example_dags/example_latest_only_with_trigger.py
[2025-01-07T00:19:49.473+0000] {logging_mixin.py:188} INFO - [2025-01-07T00:19:49.473+0000] {dag.py:3036} INFO - Sync 1 DAGs
[2025-01-07T00:19:49.512+0000] {logging_mixin.py:188} INFO - [2025-01-07T00:19:49.511+0000] {dag.py:3823} INFO - Setting next_dagrun for latest_only_with_trigger to 2025-01-06 20:00:00+00:00, run_after=2025-01-07 00:00:00+00:00
[2025-01-07T00:19:49.543+0000] {processor.py:183} INFO - Processing /home/airflow/.local/lib/python3.8/site-packages/airflow/example_dags/example_latest_only_with_trigger.py took 0.131 seconds
[2025-01-07T00:20:20.361+0000] {processor.py:161} INFO - Started process (PID=8222) to work on /home/airflow/.local/lib/python3.8/site-packages/airflow/example_dags/example_latest_only_with_trigger.py
[2025-01-07T00:20:20.362+0000] {processor.py:830} INFO - Processing file /home/airflow/.local/lib/python3.8/site-packages/airflow/example_dags/example_latest_only_with_trigger.py for tasks to queue
[2025-01-07T00:20:20.366+0000] {logging_mixin.py:188} INFO - [2025-01-07T00:20:20.365+0000] {dagbag.py:538} INFO - Filling up the DagBag from /home/airflow/.local/lib/python3.8/site-packages/airflow/example_dags/example_latest_only_with_trigger.py
[2025-01-07T00:20:20.373+0000] {processor.py:840} INFO - DAG(s) 'latest_only_with_trigger' retrieved from /home/airflow/.local/lib/python3.8/site-packages/airflow/example_dags/example_latest_only_with_trigger.py
[2025-01-07T00:20:20.411+0000] {logging_mixin.py:188} INFO - [2025-01-07T00:20:20.410+0000] {dag.py:3036} INFO - Sync 1 DAGs
[2025-01-07T00:20:20.447+0000] {logging_mixin.py:188} INFO - [2025-01-07T00:20:20.447+0000] {dag.py:3823} INFO - Setting next_dagrun for latest_only_with_trigger to 2025-01-06 20:00:00+00:00, run_after=2025-01-07 00:00:00+00:00
[2025-01-07T00:20:20.480+0000] {processor.py:183} INFO - Processing /home/airflow/.local/lib/python3.8/site-packages/airflow/example_dags/example_latest_only_with_trigger.py took 0.125 seconds
[2025-01-07T00:20:51.153+0000] {processor.py:161} INFO - Started process (PID=8280) to work on /home/airflow/.local/lib/python3.8/site-packages/airflow/example_dags/example_latest_only_with_trigger.py
[2025-01-07T00:20:51.155+0000] {processor.py:830} INFO - Processing file /home/airflow/.local/lib/python3.8/site-packages/airflow/example_dags/example_latest_only_with_trigger.py for tasks to queue
[2025-01-07T00:20:51.158+0000] {logging_mixin.py:188} INFO - [2025-01-07T00:20:51.157+0000] {dagbag.py:538} INFO - Filling up the DagBag from /home/airflow/.local/lib/python3.8/site-packages/airflow/example_dags/example_latest_only_with_trigger.py
[2025-01-07T00:20:51.164+0000] {processor.py:840} INFO - DAG(s) 'latest_only_with_trigger' retrieved from /home/airflow/.local/lib/python3.8/site-packages/airflow/example_dags/example_latest_only_with_trigger.py
[2025-01-07T00:20:51.193+0000] {logging_mixin.py:188} INFO - [2025-01-07T00:20:51.193+0000] {dag.py:3036} INFO - Sync 1 DAGs
[2025-01-07T00:20:51.227+0000] {logging_mixin.py:188} INFO - [2025-01-07T00:20:51.227+0000] {dag.py:3823} INFO - Setting next_dagrun for latest_only_with_trigger to 2025-01-06 20:00:00+00:00, run_after=2025-01-07 00:00:00+00:00
[2025-01-07T00:20:51.262+0000] {processor.py:183} INFO - Processing /home/airflow/.local/lib/python3.8/site-packages/airflow/example_dags/example_latest_only_with_trigger.py took 0.113 seconds
[2025-01-07T00:21:22.025+0000] {processor.py:161} INFO - Started process (PID=8337) to work on /home/airflow/.local/lib/python3.8/site-packages/airflow/example_dags/example_latest_only_with_trigger.py
[2025-01-07T00:21:22.026+0000] {processor.py:830} INFO - Processing file /home/airflow/.local/lib/python3.8/site-packages/airflow/example_dags/example_latest_only_with_trigger.py for tasks to queue
[2025-01-07T00:21:22.030+0000] {logging_mixin.py:188} INFO - [2025-01-07T00:21:22.029+0000] {dagbag.py:538} INFO - Filling up the DagBag from /home/airflow/.local/lib/python3.8/site-packages/airflow/example_dags/example_latest_only_with_trigger.py
[2025-01-07T00:21:22.039+0000] {processor.py:840} INFO - DAG(s) 'latest_only_with_trigger' retrieved from /home/airflow/.local/lib/python3.8/site-packages/airflow/example_dags/example_latest_only_with_trigger.py
[2025-01-07T00:21:22.077+0000] {logging_mixin.py:188} INFO - [2025-01-07T00:21:22.076+0000] {dag.py:3036} INFO - Sync 1 DAGs
[2025-01-07T00:21:22.120+0000] {logging_mixin.py:188} INFO - [2025-01-07T00:21:22.119+0000] {dag.py:3823} INFO - Setting next_dagrun for latest_only_with_trigger to 2025-01-06 20:00:00+00:00, run_after=2025-01-07 00:00:00+00:00
[2025-01-07T00:21:22.150+0000] {processor.py:183} INFO - Processing /home/airflow/.local/lib/python3.8/site-packages/airflow/example_dags/example_latest_only_with_trigger.py took 0.129 seconds
[2025-01-07T00:21:52.543+0000] {processor.py:161} INFO - Started process (PID=8394) to work on /home/airflow/.local/lib/python3.8/site-packages/airflow/example_dags/example_latest_only_with_trigger.py
[2025-01-07T00:21:52.545+0000] {processor.py:830} INFO - Processing file /home/airflow/.local/lib/python3.8/site-packages/airflow/example_dags/example_latest_only_with_trigger.py for tasks to queue
[2025-01-07T00:21:52.547+0000] {logging_mixin.py:188} INFO - [2025-01-07T00:21:52.547+0000] {dagbag.py:538} INFO - Filling up the DagBag from /home/airflow/.local/lib/python3.8/site-packages/airflow/example_dags/example_latest_only_with_trigger.py
[2025-01-07T00:21:52.558+0000] {processor.py:840} INFO - DAG(s) 'latest_only_with_trigger' retrieved from /home/airflow/.local/lib/python3.8/site-packages/airflow/example_dags/example_latest_only_with_trigger.py
[2025-01-07T00:21:52.591+0000] {logging_mixin.py:188} INFO - [2025-01-07T00:21:52.591+0000] {dag.py:3036} INFO - Sync 1 DAGs
[2025-01-07T00:21:52.626+0000] {logging_mixin.py:188} INFO - [2025-01-07T00:21:52.625+0000] {dag.py:3823} INFO - Setting next_dagrun for latest_only_with_trigger to 2025-01-06 20:00:00+00:00, run_after=2025-01-07 00:00:00+00:00
[2025-01-07T00:21:52.658+0000] {processor.py:183} INFO - Processing /home/airflow/.local/lib/python3.8/site-packages/airflow/example_dags/example_latest_only_with_trigger.py took 0.120 seconds
[2025-01-07T00:22:22.915+0000] {processor.py:161} INFO - Started process (PID=8451) to work on /home/airflow/.local/lib/python3.8/site-packages/airflow/example_dags/example_latest_only_with_trigger.py
[2025-01-07T00:22:22.917+0000] {processor.py:830} INFO - Processing file /home/airflow/.local/lib/python3.8/site-packages/airflow/example_dags/example_latest_only_with_trigger.py for tasks to queue
[2025-01-07T00:22:22.919+0000] {logging_mixin.py:188} INFO - [2025-01-07T00:22:22.919+0000] {dagbag.py:538} INFO - Filling up the DagBag from /home/airflow/.local/lib/python3.8/site-packages/airflow/example_dags/example_latest_only_with_trigger.py
[2025-01-07T00:22:22.929+0000] {processor.py:840} INFO - DAG(s) 'latest_only_with_trigger' retrieved from /home/airflow/.local/lib/python3.8/site-packages/airflow/example_dags/example_latest_only_with_trigger.py
[2025-01-07T00:22:22.957+0000] {logging_mixin.py:188} INFO - [2025-01-07T00:22:22.956+0000] {dag.py:3036} INFO - Sync 1 DAGs
[2025-01-07T00:22:23.010+0000] {logging_mixin.py:188} INFO - [2025-01-07T00:22:23.009+0000] {dag.py:3823} INFO - Setting next_dagrun for latest_only_with_trigger to 2025-01-06 20:00:00+00:00, run_after=2025-01-07 00:00:00+00:00
[2025-01-07T00:22:23.043+0000] {processor.py:183} INFO - Processing /home/airflow/.local/lib/python3.8/site-packages/airflow/example_dags/example_latest_only_with_trigger.py took 0.132 seconds
[2025-01-07T00:22:53.258+0000] {processor.py:161} INFO - Started process (PID=8508) to work on /home/airflow/.local/lib/python3.8/site-packages/airflow/example_dags/example_latest_only_with_trigger.py
[2025-01-07T00:22:53.259+0000] {processor.py:830} INFO - Processing file /home/airflow/.local/lib/python3.8/site-packages/airflow/example_dags/example_latest_only_with_trigger.py for tasks to queue
[2025-01-07T00:22:53.262+0000] {logging_mixin.py:188} INFO - [2025-01-07T00:22:53.262+0000] {dagbag.py:538} INFO - Filling up the DagBag from /home/airflow/.local/lib/python3.8/site-packages/airflow/example_dags/example_latest_only_with_trigger.py
[2025-01-07T00:22:53.270+0000] {processor.py:840} INFO - DAG(s) 'latest_only_with_trigger' retrieved from /home/airflow/.local/lib/python3.8/site-packages/airflow/example_dags/example_latest_only_with_trigger.py
[2025-01-07T00:22:53.298+0000] {logging_mixin.py:188} INFO - [2025-01-07T00:22:53.297+0000] {dag.py:3036} INFO - Sync 1 DAGs
[2025-01-07T00:22:53.327+0000] {logging_mixin.py:188} INFO - [2025-01-07T00:22:53.326+0000] {dag.py:3823} INFO - Setting next_dagrun for latest_only_with_trigger to 2025-01-06 20:00:00+00:00, run_after=2025-01-07 00:00:00+00:00
[2025-01-07T00:22:53.359+0000] {processor.py:183} INFO - Processing /home/airflow/.local/lib/python3.8/site-packages/airflow/example_dags/example_latest_only_with_trigger.py took 0.105 seconds
[2025-01-07T00:23:24.131+0000] {processor.py:161} INFO - Started process (PID=8565) to work on /home/airflow/.local/lib/python3.8/site-packages/airflow/example_dags/example_latest_only_with_trigger.py
[2025-01-07T00:23:24.134+0000] {processor.py:830} INFO - Processing file /home/airflow/.local/lib/python3.8/site-packages/airflow/example_dags/example_latest_only_with_trigger.py for tasks to queue
[2025-01-07T00:23:24.138+0000] {logging_mixin.py:188} INFO - [2025-01-07T00:23:24.138+0000] {dagbag.py:538} INFO - Filling up the DagBag from /home/airflow/.local/lib/python3.8/site-packages/airflow/example_dags/example_latest_only_with_trigger.py
[2025-01-07T00:23:24.148+0000] {processor.py:840} INFO - DAG(s) 'latest_only_with_trigger' retrieved from /home/airflow/.local/lib/python3.8/site-packages/airflow/example_dags/example_latest_only_with_trigger.py
[2025-01-07T00:23:24.183+0000] {logging_mixin.py:188} INFO - [2025-01-07T00:23:24.182+0000] {dag.py:3036} INFO - Sync 1 DAGs
[2025-01-07T00:23:24.221+0000] {logging_mixin.py:188} INFO - [2025-01-07T00:23:24.221+0000] {dag.py:3823} INFO - Setting next_dagrun for latest_only_with_trigger to 2025-01-06 20:00:00+00:00, run_after=2025-01-07 00:00:00+00:00
[2025-01-07T00:23:24.259+0000] {processor.py:183} INFO - Processing /home/airflow/.local/lib/python3.8/site-packages/airflow/example_dags/example_latest_only_with_trigger.py took 0.132 seconds
[2025-01-07T00:23:55.028+0000] {processor.py:161} INFO - Started process (PID=8622) to work on /home/airflow/.local/lib/python3.8/site-packages/airflow/example_dags/example_latest_only_with_trigger.py
[2025-01-07T00:23:55.029+0000] {processor.py:830} INFO - Processing file /home/airflow/.local/lib/python3.8/site-packages/airflow/example_dags/example_latest_only_with_trigger.py for tasks to queue
[2025-01-07T00:23:55.032+0000] {logging_mixin.py:188} INFO - [2025-01-07T00:23:55.032+0000] {dagbag.py:538} INFO - Filling up the DagBag from /home/airflow/.local/lib/python3.8/site-packages/airflow/example_dags/example_latest_only_with_trigger.py
[2025-01-07T00:23:55.039+0000] {processor.py:840} INFO - DAG(s) 'latest_only_with_trigger' retrieved from /home/airflow/.local/lib/python3.8/site-packages/airflow/example_dags/example_latest_only_with_trigger.py
[2025-01-07T00:23:55.064+0000] {logging_mixin.py:188} INFO - [2025-01-07T00:23:55.064+0000] {dag.py:3036} INFO - Sync 1 DAGs
[2025-01-07T00:23:55.091+0000] {logging_mixin.py:188} INFO - [2025-01-07T00:23:55.091+0000] {dag.py:3823} INFO - Setting next_dagrun for latest_only_with_trigger to 2025-01-06 20:00:00+00:00, run_after=2025-01-07 00:00:00+00:00
[2025-01-07T00:23:55.132+0000] {processor.py:183} INFO - Processing /home/airflow/.local/lib/python3.8/site-packages/airflow/example_dags/example_latest_only_with_trigger.py took 0.108 seconds
[2025-01-07T00:24:25.565+0000] {processor.py:161} INFO - Started process (PID=8677) to work on /home/airflow/.local/lib/python3.8/site-packages/airflow/example_dags/example_latest_only_with_trigger.py
[2025-01-07T00:24:25.566+0000] {processor.py:830} INFO - Processing file /home/airflow/.local/lib/python3.8/site-packages/airflow/example_dags/example_latest_only_with_trigger.py for tasks to queue
[2025-01-07T00:24:25.569+0000] {logging_mixin.py:188} INFO - [2025-01-07T00:24:25.569+0000] {dagbag.py:538} INFO - Filling up the DagBag from /home/airflow/.local/lib/python3.8/site-packages/airflow/example_dags/example_latest_only_with_trigger.py
[2025-01-07T00:24:25.579+0000] {processor.py:840} INFO - DAG(s) 'latest_only_with_trigger' retrieved from /home/airflow/.local/lib/python3.8/site-packages/airflow/example_dags/example_latest_only_with_trigger.py
[2025-01-07T00:24:25.608+0000] {logging_mixin.py:188} INFO - [2025-01-07T00:24:25.607+0000] {dag.py:3036} INFO - Sync 1 DAGs
[2025-01-07T00:24:25.643+0000] {logging_mixin.py:188} INFO - [2025-01-07T00:24:25.643+0000] {dag.py:3823} INFO - Setting next_dagrun for latest_only_with_trigger to 2025-01-06 20:00:00+00:00, run_after=2025-01-07 00:00:00+00:00
[2025-01-07T00:24:25.685+0000] {processor.py:183} INFO - Processing /home/airflow/.local/lib/python3.8/site-packages/airflow/example_dags/example_latest_only_with_trigger.py took 0.125 seconds
[2025-01-07T00:24:56.364+0000] {processor.py:161} INFO - Started process (PID=8733) to work on /home/airflow/.local/lib/python3.8/site-packages/airflow/example_dags/example_latest_only_with_trigger.py
[2025-01-07T00:24:56.365+0000] {processor.py:830} INFO - Processing file /home/airflow/.local/lib/python3.8/site-packages/airflow/example_dags/example_latest_only_with_trigger.py for tasks to queue
[2025-01-07T00:24:56.372+0000] {logging_mixin.py:188} INFO - [2025-01-07T00:24:56.369+0000] {dagbag.py:538} INFO - Filling up the DagBag from /home/airflow/.local/lib/python3.8/site-packages/airflow/example_dags/example_latest_only_with_trigger.py
[2025-01-07T00:24:56.383+0000] {processor.py:840} INFO - DAG(s) 'latest_only_with_trigger' retrieved from /home/airflow/.local/lib/python3.8/site-packages/airflow/example_dags/example_latest_only_with_trigger.py
[2025-01-07T00:24:56.436+0000] {logging_mixin.py:188} INFO - [2025-01-07T00:24:56.436+0000] {dag.py:3036} INFO - Sync 1 DAGs
[2025-01-07T00:24:56.480+0000] {logging_mixin.py:188} INFO - [2025-01-07T00:24:56.480+0000] {dag.py:3823} INFO - Setting next_dagrun for latest_only_with_trigger to 2025-01-06 20:00:00+00:00, run_after=2025-01-07 00:00:00+00:00
[2025-01-07T00:24:56.515+0000] {processor.py:183} INFO - Processing /home/airflow/.local/lib/python3.8/site-packages/airflow/example_dags/example_latest_only_with_trigger.py took 0.155 seconds
