[2025-01-07T00:00:02.392+0000] {processor.py:161} INFO - Started process (PID=5925) to work on /home/airflow/.local/lib/python3.8/site-packages/airflow/example_dags/example_skip_dag.py
[2025-01-07T00:00:02.394+0000] {processor.py:830} INFO - Processing file /home/airflow/.local/lib/python3.8/site-packages/airflow/example_dags/example_skip_dag.py for tasks to queue
[2025-01-07T00:00:02.397+0000] {logging_mixin.py:188} INFO - [2025-01-07T00:00:02.397+0000] {dagbag.py:538} INFO - Filling up the DagBag from /home/airflow/.local/lib/python3.8/site-packages/airflow/example_dags/example_skip_dag.py
[2025-01-07T00:00:02.409+0000] {processor.py:840} INFO - DAG(s) 'example_skip_dag' retrieved from /home/airflow/.local/lib/python3.8/site-packages/airflow/example_dags/example_skip_dag.py
[2025-01-07T00:00:02.447+0000] {logging_mixin.py:188} INFO - [2025-01-07T00:00:02.446+0000] {dag.py:3036} INFO - Sync 1 DAGs
[2025-01-07T00:00:02.498+0000] {logging_mixin.py:188} INFO - [2025-01-07T00:00:02.497+0000] {dag.py:3823} INFO - Setting next_dagrun for example_skip_dag to 2025-01-06 00:00:00+00:00, run_after=2025-01-07 00:00:00+00:00
[2025-01-07T00:00:02.532+0000] {processor.py:183} INFO - Processing /home/airflow/.local/lib/python3.8/site-packages/airflow/example_dags/example_skip_dag.py took 0.145 seconds
[2025-01-07T00:00:34.718+0000] {processor.py:161} INFO - Started process (PID=5992) to work on /home/airflow/.local/lib/python3.8/site-packages/airflow/example_dags/example_skip_dag.py
[2025-01-07T00:00:34.719+0000] {processor.py:830} INFO - Processing file /home/airflow/.local/lib/python3.8/site-packages/airflow/example_dags/example_skip_dag.py for tasks to queue
[2025-01-07T00:00:34.723+0000] {logging_mixin.py:188} INFO - [2025-01-07T00:00:34.722+0000] {dagbag.py:538} INFO - Filling up the DagBag from /home/airflow/.local/lib/python3.8/site-packages/airflow/example_dags/example_skip_dag.py
[2025-01-07T00:00:34.736+0000] {processor.py:840} INFO - DAG(s) 'example_skip_dag' retrieved from /home/airflow/.local/lib/python3.8/site-packages/airflow/example_dags/example_skip_dag.py
[2025-01-07T00:00:34.784+0000] {logging_mixin.py:188} INFO - [2025-01-07T00:00:34.784+0000] {dag.py:3036} INFO - Sync 1 DAGs
[2025-01-07T00:00:34.901+0000] {logging_mixin.py:188} INFO - [2025-01-07T00:00:34.901+0000] {dag.py:3823} INFO - Setting next_dagrun for example_skip_dag to 2025-01-06 00:00:00+00:00, run_after=2025-01-07 00:00:00+00:00
[2025-01-07T00:00:34.961+0000] {processor.py:183} INFO - Processing /home/airflow/.local/lib/python3.8/site-packages/airflow/example_dags/example_skip_dag.py took 0.272 seconds
[2025-01-07T00:01:05.374+0000] {processor.py:161} INFO - Started process (PID=6050) to work on /home/airflow/.local/lib/python3.8/site-packages/airflow/example_dags/example_skip_dag.py
[2025-01-07T00:01:05.376+0000] {processor.py:830} INFO - Processing file /home/airflow/.local/lib/python3.8/site-packages/airflow/example_dags/example_skip_dag.py for tasks to queue
[2025-01-07T00:01:05.379+0000] {logging_mixin.py:188} INFO - [2025-01-07T00:01:05.378+0000] {dagbag.py:538} INFO - Filling up the DagBag from /home/airflow/.local/lib/python3.8/site-packages/airflow/example_dags/example_skip_dag.py
[2025-01-07T00:01:05.388+0000] {processor.py:840} INFO - DAG(s) 'example_skip_dag' retrieved from /home/airflow/.local/lib/python3.8/site-packages/airflow/example_dags/example_skip_dag.py
[2025-01-07T00:01:05.417+0000] {logging_mixin.py:188} INFO - [2025-01-07T00:01:05.417+0000] {dag.py:3036} INFO - Sync 1 DAGs
[2025-01-07T00:01:05.454+0000] {logging_mixin.py:188} INFO - [2025-01-07T00:01:05.453+0000] {dag.py:3823} INFO - Setting next_dagrun for example_skip_dag to 2025-01-06 00:00:00+00:00, run_after=2025-01-07 00:00:00+00:00
[2025-01-07T00:01:05.479+0000] {processor.py:183} INFO - Processing /home/airflow/.local/lib/python3.8/site-packages/airflow/example_dags/example_skip_dag.py took 0.109 seconds
[2025-01-07T00:01:35.626+0000] {processor.py:161} INFO - Started process (PID=6105) to work on /home/airflow/.local/lib/python3.8/site-packages/airflow/example_dags/example_skip_dag.py
[2025-01-07T00:01:35.628+0000] {processor.py:830} INFO - Processing file /home/airflow/.local/lib/python3.8/site-packages/airflow/example_dags/example_skip_dag.py for tasks to queue
[2025-01-07T00:01:35.631+0000] {logging_mixin.py:188} INFO - [2025-01-07T00:01:35.631+0000] {dagbag.py:538} INFO - Filling up the DagBag from /home/airflow/.local/lib/python3.8/site-packages/airflow/example_dags/example_skip_dag.py
[2025-01-07T00:01:35.647+0000] {processor.py:840} INFO - DAG(s) 'example_skip_dag' retrieved from /home/airflow/.local/lib/python3.8/site-packages/airflow/example_dags/example_skip_dag.py
[2025-01-07T00:01:35.719+0000] {logging_mixin.py:188} INFO - [2025-01-07T00:01:35.718+0000] {dag.py:3036} INFO - Sync 1 DAGs
[2025-01-07T00:01:35.794+0000] {logging_mixin.py:188} INFO - [2025-01-07T00:01:35.793+0000] {dag.py:3823} INFO - Setting next_dagrun for example_skip_dag to 2025-01-06 00:00:00+00:00, run_after=2025-01-07 00:00:00+00:00
[2025-01-07T00:01:35.835+0000] {processor.py:183} INFO - Processing /home/airflow/.local/lib/python3.8/site-packages/airflow/example_dags/example_skip_dag.py took 0.220 seconds
[2025-01-07T00:02:06.112+0000] {processor.py:161} INFO - Started process (PID=6162) to work on /home/airflow/.local/lib/python3.8/site-packages/airflow/example_dags/example_skip_dag.py
[2025-01-07T00:02:06.114+0000] {processor.py:830} INFO - Processing file /home/airflow/.local/lib/python3.8/site-packages/airflow/example_dags/example_skip_dag.py for tasks to queue
[2025-01-07T00:02:06.120+0000] {logging_mixin.py:188} INFO - [2025-01-07T00:02:06.119+0000] {dagbag.py:538} INFO - Filling up the DagBag from /home/airflow/.local/lib/python3.8/site-packages/airflow/example_dags/example_skip_dag.py
[2025-01-07T00:02:06.137+0000] {processor.py:840} INFO - DAG(s) 'example_skip_dag' retrieved from /home/airflow/.local/lib/python3.8/site-packages/airflow/example_dags/example_skip_dag.py
[2025-01-07T00:02:06.201+0000] {logging_mixin.py:188} INFO - [2025-01-07T00:02:06.200+0000] {dag.py:3036} INFO - Sync 1 DAGs
[2025-01-07T00:02:06.293+0000] {logging_mixin.py:188} INFO - [2025-01-07T00:02:06.292+0000] {dag.py:3823} INFO - Setting next_dagrun for example_skip_dag to 2025-01-06 00:00:00+00:00, run_after=2025-01-07 00:00:00+00:00
[2025-01-07T00:02:06.423+0000] {processor.py:183} INFO - Processing /home/airflow/.local/lib/python3.8/site-packages/airflow/example_dags/example_skip_dag.py took 0.317 seconds
[2025-01-07T00:02:38.556+0000] {processor.py:161} INFO - Started process (PID=6231) to work on /home/airflow/.local/lib/python3.8/site-packages/airflow/example_dags/example_skip_dag.py
[2025-01-07T00:02:38.561+0000] {processor.py:830} INFO - Processing file /home/airflow/.local/lib/python3.8/site-packages/airflow/example_dags/example_skip_dag.py for tasks to queue
[2025-01-07T00:02:38.578+0000] {logging_mixin.py:188} INFO - [2025-01-07T00:02:38.578+0000] {dagbag.py:538} INFO - Filling up the DagBag from /home/airflow/.local/lib/python3.8/site-packages/airflow/example_dags/example_skip_dag.py
[2025-01-07T00:02:38.680+0000] {processor.py:840} INFO - DAG(s) 'example_skip_dag' retrieved from /home/airflow/.local/lib/python3.8/site-packages/airflow/example_dags/example_skip_dag.py
[2025-01-07T00:02:38.913+0000] {logging_mixin.py:188} INFO - [2025-01-07T00:02:38.898+0000] {dag.py:3036} INFO - Sync 1 DAGs
[2025-01-07T00:02:39.116+0000] {logging_mixin.py:188} INFO - [2025-01-07T00:02:39.115+0000] {dag.py:3823} INFO - Setting next_dagrun for example_skip_dag to 2025-01-06 00:00:00+00:00, run_after=2025-01-07 00:00:00+00:00
[2025-01-07T00:02:39.241+0000] {processor.py:183} INFO - Processing /home/airflow/.local/lib/python3.8/site-packages/airflow/example_dags/example_skip_dag.py took 0.731 seconds
[2025-01-07T00:03:10.162+0000] {processor.py:161} INFO - Started process (PID=6289) to work on /home/airflow/.local/lib/python3.8/site-packages/airflow/example_dags/example_skip_dag.py
[2025-01-07T00:03:10.163+0000] {processor.py:830} INFO - Processing file /home/airflow/.local/lib/python3.8/site-packages/airflow/example_dags/example_skip_dag.py for tasks to queue
[2025-01-07T00:03:10.166+0000] {logging_mixin.py:188} INFO - [2025-01-07T00:03:10.166+0000] {dagbag.py:538} INFO - Filling up the DagBag from /home/airflow/.local/lib/python3.8/site-packages/airflow/example_dags/example_skip_dag.py
[2025-01-07T00:03:10.180+0000] {processor.py:840} INFO - DAG(s) 'example_skip_dag' retrieved from /home/airflow/.local/lib/python3.8/site-packages/airflow/example_dags/example_skip_dag.py
[2025-01-07T00:03:10.226+0000] {logging_mixin.py:188} INFO - [2025-01-07T00:03:10.226+0000] {dag.py:3036} INFO - Sync 1 DAGs
[2025-01-07T00:03:10.274+0000] {logging_mixin.py:188} INFO - [2025-01-07T00:03:10.272+0000] {dag.py:3823} INFO - Setting next_dagrun for example_skip_dag to 2025-01-06 00:00:00+00:00, run_after=2025-01-07 00:00:00+00:00
[2025-01-07T00:03:10.303+0000] {processor.py:183} INFO - Processing /home/airflow/.local/lib/python3.8/site-packages/airflow/example_dags/example_skip_dag.py took 0.146 seconds
[2025-01-07T00:03:40.434+0000] {processor.py:161} INFO - Started process (PID=6346) to work on /home/airflow/.local/lib/python3.8/site-packages/airflow/example_dags/example_skip_dag.py
[2025-01-07T00:03:40.436+0000] {processor.py:830} INFO - Processing file /home/airflow/.local/lib/python3.8/site-packages/airflow/example_dags/example_skip_dag.py for tasks to queue
[2025-01-07T00:03:40.440+0000] {logging_mixin.py:188} INFO - [2025-01-07T00:03:40.439+0000] {dagbag.py:538} INFO - Filling up the DagBag from /home/airflow/.local/lib/python3.8/site-packages/airflow/example_dags/example_skip_dag.py
[2025-01-07T00:03:40.451+0000] {processor.py:840} INFO - DAG(s) 'example_skip_dag' retrieved from /home/airflow/.local/lib/python3.8/site-packages/airflow/example_dags/example_skip_dag.py
[2025-01-07T00:03:40.486+0000] {logging_mixin.py:188} INFO - [2025-01-07T00:03:40.485+0000] {dag.py:3036} INFO - Sync 1 DAGs
[2025-01-07T00:03:40.524+0000] {logging_mixin.py:188} INFO - [2025-01-07T00:03:40.523+0000] {dag.py:3823} INFO - Setting next_dagrun for example_skip_dag to 2025-01-06 00:00:00+00:00, run_after=2025-01-07 00:00:00+00:00
[2025-01-07T00:03:40.554+0000] {processor.py:183} INFO - Processing /home/airflow/.local/lib/python3.8/site-packages/airflow/example_dags/example_skip_dag.py took 0.125 seconds
[2025-01-07T00:04:10.772+0000] {processor.py:161} INFO - Started process (PID=6403) to work on /home/airflow/.local/lib/python3.8/site-packages/airflow/example_dags/example_skip_dag.py
[2025-01-07T00:04:10.774+0000] {processor.py:830} INFO - Processing file /home/airflow/.local/lib/python3.8/site-packages/airflow/example_dags/example_skip_dag.py for tasks to queue
[2025-01-07T00:04:10.780+0000] {logging_mixin.py:188} INFO - [2025-01-07T00:04:10.780+0000] {dagbag.py:538} INFO - Filling up the DagBag from /home/airflow/.local/lib/python3.8/site-packages/airflow/example_dags/example_skip_dag.py
[2025-01-07T00:04:10.790+0000] {processor.py:840} INFO - DAG(s) 'example_skip_dag' retrieved from /home/airflow/.local/lib/python3.8/site-packages/airflow/example_dags/example_skip_dag.py
[2025-01-07T00:04:10.822+0000] {logging_mixin.py:188} INFO - [2025-01-07T00:04:10.822+0000] {dag.py:3036} INFO - Sync 1 DAGs
[2025-01-07T00:04:10.858+0000] {logging_mixin.py:188} INFO - [2025-01-07T00:04:10.858+0000] {dag.py:3823} INFO - Setting next_dagrun for example_skip_dag to 2025-01-06 00:00:00+00:00, run_after=2025-01-07 00:00:00+00:00
[2025-01-07T00:04:10.886+0000] {processor.py:183} INFO - Processing /home/airflow/.local/lib/python3.8/site-packages/airflow/example_dags/example_skip_dag.py took 0.119 seconds
[2025-01-07T00:04:41.442+0000] {processor.py:161} INFO - Started process (PID=6462) to work on /home/airflow/.local/lib/python3.8/site-packages/airflow/example_dags/example_skip_dag.py
[2025-01-07T00:04:41.444+0000] {processor.py:830} INFO - Processing file /home/airflow/.local/lib/python3.8/site-packages/airflow/example_dags/example_skip_dag.py for tasks to queue
[2025-01-07T00:04:41.447+0000] {logging_mixin.py:188} INFO - [2025-01-07T00:04:41.446+0000] {dagbag.py:538} INFO - Filling up the DagBag from /home/airflow/.local/lib/python3.8/site-packages/airflow/example_dags/example_skip_dag.py
[2025-01-07T00:04:41.458+0000] {processor.py:840} INFO - DAG(s) 'example_skip_dag' retrieved from /home/airflow/.local/lib/python3.8/site-packages/airflow/example_dags/example_skip_dag.py
[2025-01-07T00:04:41.498+0000] {logging_mixin.py:188} INFO - [2025-01-07T00:04:41.497+0000] {dag.py:3036} INFO - Sync 1 DAGs
[2025-01-07T00:04:41.539+0000] {logging_mixin.py:188} INFO - [2025-01-07T00:04:41.539+0000] {dag.py:3823} INFO - Setting next_dagrun for example_skip_dag to 2025-01-06 00:00:00+00:00, run_after=2025-01-07 00:00:00+00:00
[2025-01-07T00:04:41.575+0000] {processor.py:183} INFO - Processing /home/airflow/.local/lib/python3.8/site-packages/airflow/example_dags/example_skip_dag.py took 0.138 seconds
[2025-01-07T00:05:12.472+0000] {processor.py:161} INFO - Started process (PID=6519) to work on /home/airflow/.local/lib/python3.8/site-packages/airflow/example_dags/example_skip_dag.py
[2025-01-07T00:05:12.474+0000] {processor.py:830} INFO - Processing file /home/airflow/.local/lib/python3.8/site-packages/airflow/example_dags/example_skip_dag.py for tasks to queue
[2025-01-07T00:05:12.477+0000] {logging_mixin.py:188} INFO - [2025-01-07T00:05:12.476+0000] {dagbag.py:538} INFO - Filling up the DagBag from /home/airflow/.local/lib/python3.8/site-packages/airflow/example_dags/example_skip_dag.py
[2025-01-07T00:05:12.489+0000] {processor.py:840} INFO - DAG(s) 'example_skip_dag' retrieved from /home/airflow/.local/lib/python3.8/site-packages/airflow/example_dags/example_skip_dag.py
[2025-01-07T00:05:12.538+0000] {logging_mixin.py:188} INFO - [2025-01-07T00:05:12.537+0000] {dag.py:3036} INFO - Sync 1 DAGs
[2025-01-07T00:05:12.611+0000] {logging_mixin.py:188} INFO - [2025-01-07T00:05:12.611+0000] {dag.py:3823} INFO - Setting next_dagrun for example_skip_dag to 2025-01-06 00:00:00+00:00, run_after=2025-01-07 00:00:00+00:00
[2025-01-07T00:05:12.668+0000] {processor.py:183} INFO - Processing /home/airflow/.local/lib/python3.8/site-packages/airflow/example_dags/example_skip_dag.py took 0.201 seconds
[2025-01-07T00:05:43.504+0000] {processor.py:161} INFO - Started process (PID=6576) to work on /home/airflow/.local/lib/python3.8/site-packages/airflow/example_dags/example_skip_dag.py
[2025-01-07T00:05:43.506+0000] {processor.py:830} INFO - Processing file /home/airflow/.local/lib/python3.8/site-packages/airflow/example_dags/example_skip_dag.py for tasks to queue
[2025-01-07T00:05:43.508+0000] {logging_mixin.py:188} INFO - [2025-01-07T00:05:43.508+0000] {dagbag.py:538} INFO - Filling up the DagBag from /home/airflow/.local/lib/python3.8/site-packages/airflow/example_dags/example_skip_dag.py
[2025-01-07T00:05:43.518+0000] {processor.py:840} INFO - DAG(s) 'example_skip_dag' retrieved from /home/airflow/.local/lib/python3.8/site-packages/airflow/example_dags/example_skip_dag.py
[2025-01-07T00:05:43.549+0000] {logging_mixin.py:188} INFO - [2025-01-07T00:05:43.548+0000] {dag.py:3036} INFO - Sync 1 DAGs
[2025-01-07T00:05:43.580+0000] {logging_mixin.py:188} INFO - [2025-01-07T00:05:43.580+0000] {dag.py:3823} INFO - Setting next_dagrun for example_skip_dag to 2025-01-06 00:00:00+00:00, run_after=2025-01-07 00:00:00+00:00
[2025-01-07T00:05:43.608+0000] {processor.py:183} INFO - Processing /home/airflow/.local/lib/python3.8/site-packages/airflow/example_dags/example_skip_dag.py took 0.110 seconds
[2025-01-07T00:06:13.994+0000] {processor.py:161} INFO - Started process (PID=6633) to work on /home/airflow/.local/lib/python3.8/site-packages/airflow/example_dags/example_skip_dag.py
[2025-01-07T00:06:13.995+0000] {processor.py:830} INFO - Processing file /home/airflow/.local/lib/python3.8/site-packages/airflow/example_dags/example_skip_dag.py for tasks to queue
[2025-01-07T00:06:13.998+0000] {logging_mixin.py:188} INFO - [2025-01-07T00:06:13.998+0000] {dagbag.py:538} INFO - Filling up the DagBag from /home/airflow/.local/lib/python3.8/site-packages/airflow/example_dags/example_skip_dag.py
[2025-01-07T00:06:14.014+0000] {processor.py:840} INFO - DAG(s) 'example_skip_dag' retrieved from /home/airflow/.local/lib/python3.8/site-packages/airflow/example_dags/example_skip_dag.py
[2025-01-07T00:06:14.072+0000] {logging_mixin.py:188} INFO - [2025-01-07T00:06:14.071+0000] {dag.py:3036} INFO - Sync 1 DAGs
[2025-01-07T00:06:14.150+0000] {logging_mixin.py:188} INFO - [2025-01-07T00:06:14.149+0000] {dag.py:3823} INFO - Setting next_dagrun for example_skip_dag to 2025-01-06 00:00:00+00:00, run_after=2025-01-07 00:00:00+00:00
[2025-01-07T00:06:14.252+0000] {processor.py:183} INFO - Processing /home/airflow/.local/lib/python3.8/site-packages/airflow/example_dags/example_skip_dag.py took 0.264 seconds
[2025-01-07T00:06:44.981+0000] {processor.py:161} INFO - Started process (PID=6705) to work on /home/airflow/.local/lib/python3.8/site-packages/airflow/example_dags/example_skip_dag.py
[2025-01-07T00:06:44.983+0000] {processor.py:830} INFO - Processing file /home/airflow/.local/lib/python3.8/site-packages/airflow/example_dags/example_skip_dag.py for tasks to queue
[2025-01-07T00:06:44.992+0000] {logging_mixin.py:188} INFO - [2025-01-07T00:06:44.991+0000] {dagbag.py:538} INFO - Filling up the DagBag from /home/airflow/.local/lib/python3.8/site-packages/airflow/example_dags/example_skip_dag.py
[2025-01-07T00:06:45.016+0000] {processor.py:840} INFO - DAG(s) 'example_skip_dag' retrieved from /home/airflow/.local/lib/python3.8/site-packages/airflow/example_dags/example_skip_dag.py
[2025-01-07T00:06:45.098+0000] {logging_mixin.py:188} INFO - [2025-01-07T00:06:45.097+0000] {dag.py:3036} INFO - Sync 1 DAGs
[2025-01-07T00:06:45.159+0000] {logging_mixin.py:188} INFO - [2025-01-07T00:06:45.158+0000] {dag.py:3823} INFO - Setting next_dagrun for example_skip_dag to 2025-01-06 00:00:00+00:00, run_after=2025-01-07 00:00:00+00:00
[2025-01-07T00:06:45.201+0000] {processor.py:183} INFO - Processing /home/airflow/.local/lib/python3.8/site-packages/airflow/example_dags/example_skip_dag.py took 0.235 seconds
[2025-01-07T00:07:15.377+0000] {processor.py:161} INFO - Started process (PID=6762) to work on /home/airflow/.local/lib/python3.8/site-packages/airflow/example_dags/example_skip_dag.py
[2025-01-07T00:07:15.378+0000] {processor.py:830} INFO - Processing file /home/airflow/.local/lib/python3.8/site-packages/airflow/example_dags/example_skip_dag.py for tasks to queue
[2025-01-07T00:07:15.381+0000] {logging_mixin.py:188} INFO - [2025-01-07T00:07:15.380+0000] {dagbag.py:538} INFO - Filling up the DagBag from /home/airflow/.local/lib/python3.8/site-packages/airflow/example_dags/example_skip_dag.py
[2025-01-07T00:07:15.392+0000] {processor.py:840} INFO - DAG(s) 'example_skip_dag' retrieved from /home/airflow/.local/lib/python3.8/site-packages/airflow/example_dags/example_skip_dag.py
[2025-01-07T00:07:15.432+0000] {logging_mixin.py:188} INFO - [2025-01-07T00:07:15.431+0000] {dag.py:3036} INFO - Sync 1 DAGs
[2025-01-07T00:07:15.467+0000] {logging_mixin.py:188} INFO - [2025-01-07T00:07:15.466+0000] {dag.py:3823} INFO - Setting next_dagrun for example_skip_dag to 2025-01-06 00:00:00+00:00, run_after=2025-01-07 00:00:00+00:00
[2025-01-07T00:07:15.492+0000] {processor.py:183} INFO - Processing /home/airflow/.local/lib/python3.8/site-packages/airflow/example_dags/example_skip_dag.py took 0.121 seconds
[2025-01-07T00:07:45.750+0000] {processor.py:161} INFO - Started process (PID=6819) to work on /home/airflow/.local/lib/python3.8/site-packages/airflow/example_dags/example_skip_dag.py
[2025-01-07T00:07:45.751+0000] {processor.py:830} INFO - Processing file /home/airflow/.local/lib/python3.8/site-packages/airflow/example_dags/example_skip_dag.py for tasks to queue
[2025-01-07T00:07:45.754+0000] {logging_mixin.py:188} INFO - [2025-01-07T00:07:45.754+0000] {dagbag.py:538} INFO - Filling up the DagBag from /home/airflow/.local/lib/python3.8/site-packages/airflow/example_dags/example_skip_dag.py
[2025-01-07T00:07:45.765+0000] {processor.py:840} INFO - DAG(s) 'example_skip_dag' retrieved from /home/airflow/.local/lib/python3.8/site-packages/airflow/example_dags/example_skip_dag.py
[2025-01-07T00:07:45.797+0000] {logging_mixin.py:188} INFO - [2025-01-07T00:07:45.797+0000] {dag.py:3036} INFO - Sync 1 DAGs
[2025-01-07T00:07:45.831+0000] {logging_mixin.py:188} INFO - [2025-01-07T00:07:45.831+0000] {dag.py:3823} INFO - Setting next_dagrun for example_skip_dag to 2025-01-06 00:00:00+00:00, run_after=2025-01-07 00:00:00+00:00
[2025-01-07T00:07:45.858+0000] {processor.py:183} INFO - Processing /home/airflow/.local/lib/python3.8/site-packages/airflow/example_dags/example_skip_dag.py took 0.112 seconds
[2025-01-07T00:08:16.655+0000] {processor.py:161} INFO - Started process (PID=6877) to work on /home/airflow/.local/lib/python3.8/site-packages/airflow/example_dags/example_skip_dag.py
[2025-01-07T00:08:16.656+0000] {processor.py:830} INFO - Processing file /home/airflow/.local/lib/python3.8/site-packages/airflow/example_dags/example_skip_dag.py for tasks to queue
[2025-01-07T00:08:16.659+0000] {logging_mixin.py:188} INFO - [2025-01-07T00:08:16.658+0000] {dagbag.py:538} INFO - Filling up the DagBag from /home/airflow/.local/lib/python3.8/site-packages/airflow/example_dags/example_skip_dag.py
[2025-01-07T00:08:16.669+0000] {processor.py:840} INFO - DAG(s) 'example_skip_dag' retrieved from /home/airflow/.local/lib/python3.8/site-packages/airflow/example_dags/example_skip_dag.py
[2025-01-07T00:08:16.700+0000] {logging_mixin.py:188} INFO - [2025-01-07T00:08:16.700+0000] {dag.py:3036} INFO - Sync 1 DAGs
[2025-01-07T00:08:16.730+0000] {logging_mixin.py:188} INFO - [2025-01-07T00:08:16.730+0000] {dag.py:3823} INFO - Setting next_dagrun for example_skip_dag to 2025-01-06 00:00:00+00:00, run_after=2025-01-07 00:00:00+00:00
[2025-01-07T00:08:16.758+0000] {processor.py:183} INFO - Processing /home/airflow/.local/lib/python3.8/site-packages/airflow/example_dags/example_skip_dag.py took 0.109 seconds
[2025-01-07T00:08:49.122+0000] {processor.py:161} INFO - Started process (PID=6939) to work on /home/airflow/.local/lib/python3.8/site-packages/airflow/example_dags/example_skip_dag.py
[2025-01-07T00:08:49.125+0000] {processor.py:830} INFO - Processing file /home/airflow/.local/lib/python3.8/site-packages/airflow/example_dags/example_skip_dag.py for tasks to queue
[2025-01-07T00:08:49.133+0000] {logging_mixin.py:188} INFO - [2025-01-07T00:08:49.132+0000] {dagbag.py:538} INFO - Filling up the DagBag from /home/airflow/.local/lib/python3.8/site-packages/airflow/example_dags/example_skip_dag.py
[2025-01-07T00:08:49.184+0000] {processor.py:840} INFO - DAG(s) 'example_skip_dag' retrieved from /home/airflow/.local/lib/python3.8/site-packages/airflow/example_dags/example_skip_dag.py
[2025-01-07T00:08:49.308+0000] {logging_mixin.py:188} INFO - [2025-01-07T00:08:49.308+0000] {dag.py:3036} INFO - Sync 1 DAGs
[2025-01-07T00:08:49.478+0000] {logging_mixin.py:188} INFO - [2025-01-07T00:08:49.478+0000] {dag.py:3823} INFO - Setting next_dagrun for example_skip_dag to 2025-01-06 00:00:00+00:00, run_after=2025-01-07 00:00:00+00:00
[2025-01-07T00:08:49.638+0000] {processor.py:183} INFO - Processing /home/airflow/.local/lib/python3.8/site-packages/airflow/example_dags/example_skip_dag.py took 0.521 seconds
[2025-01-07T00:09:20.422+0000] {processor.py:161} INFO - Started process (PID=7001) to work on /home/airflow/.local/lib/python3.8/site-packages/airflow/example_dags/example_skip_dag.py
[2025-01-07T00:09:20.424+0000] {processor.py:830} INFO - Processing file /home/airflow/.local/lib/python3.8/site-packages/airflow/example_dags/example_skip_dag.py for tasks to queue
[2025-01-07T00:09:20.427+0000] {logging_mixin.py:188} INFO - [2025-01-07T00:09:20.426+0000] {dagbag.py:538} INFO - Filling up the DagBag from /home/airflow/.local/lib/python3.8/site-packages/airflow/example_dags/example_skip_dag.py
[2025-01-07T00:09:20.437+0000] {processor.py:840} INFO - DAG(s) 'example_skip_dag' retrieved from /home/airflow/.local/lib/python3.8/site-packages/airflow/example_dags/example_skip_dag.py
[2025-01-07T00:09:20.491+0000] {logging_mixin.py:188} INFO - [2025-01-07T00:09:20.490+0000] {dag.py:3036} INFO - Sync 1 DAGs
[2025-01-07T00:09:20.528+0000] {logging_mixin.py:188} INFO - [2025-01-07T00:09:20.528+0000] {dag.py:3823} INFO - Setting next_dagrun for example_skip_dag to 2025-01-06 00:00:00+00:00, run_after=2025-01-07 00:00:00+00:00
[2025-01-07T00:09:20.572+0000] {processor.py:183} INFO - Processing /home/airflow/.local/lib/python3.8/site-packages/airflow/example_dags/example_skip_dag.py took 0.153 seconds
[2025-01-07T00:09:50.779+0000] {processor.py:161} INFO - Started process (PID=7059) to work on /home/airflow/.local/lib/python3.8/site-packages/airflow/example_dags/example_skip_dag.py
[2025-01-07T00:09:50.781+0000] {processor.py:830} INFO - Processing file /home/airflow/.local/lib/python3.8/site-packages/airflow/example_dags/example_skip_dag.py for tasks to queue
[2025-01-07T00:09:50.784+0000] {logging_mixin.py:188} INFO - [2025-01-07T00:09:50.783+0000] {dagbag.py:538} INFO - Filling up the DagBag from /home/airflow/.local/lib/python3.8/site-packages/airflow/example_dags/example_skip_dag.py
[2025-01-07T00:09:50.795+0000] {processor.py:840} INFO - DAG(s) 'example_skip_dag' retrieved from /home/airflow/.local/lib/python3.8/site-packages/airflow/example_dags/example_skip_dag.py
[2025-01-07T00:09:50.857+0000] {logging_mixin.py:188} INFO - [2025-01-07T00:09:50.854+0000] {dag.py:3036} INFO - Sync 1 DAGs
[2025-01-07T00:09:50.925+0000] {logging_mixin.py:188} INFO - [2025-01-07T00:09:50.924+0000] {dag.py:3823} INFO - Setting next_dagrun for example_skip_dag to 2025-01-06 00:00:00+00:00, run_after=2025-01-07 00:00:00+00:00
[2025-01-07T00:09:51.017+0000] {processor.py:183} INFO - Processing /home/airflow/.local/lib/python3.8/site-packages/airflow/example_dags/example_skip_dag.py took 0.246 seconds
[2025-01-07T00:10:21.160+0000] {processor.py:161} INFO - Started process (PID=7115) to work on /home/airflow/.local/lib/python3.8/site-packages/airflow/example_dags/example_skip_dag.py
[2025-01-07T00:10:21.161+0000] {processor.py:830} INFO - Processing file /home/airflow/.local/lib/python3.8/site-packages/airflow/example_dags/example_skip_dag.py for tasks to queue
[2025-01-07T00:10:21.164+0000] {logging_mixin.py:188} INFO - [2025-01-07T00:10:21.163+0000] {dagbag.py:538} INFO - Filling up the DagBag from /home/airflow/.local/lib/python3.8/site-packages/airflow/example_dags/example_skip_dag.py
[2025-01-07T00:10:21.172+0000] {processor.py:840} INFO - DAG(s) 'example_skip_dag' retrieved from /home/airflow/.local/lib/python3.8/site-packages/airflow/example_dags/example_skip_dag.py
[2025-01-07T00:10:21.200+0000] {logging_mixin.py:188} INFO - [2025-01-07T00:10:21.199+0000] {dag.py:3036} INFO - Sync 1 DAGs
[2025-01-07T00:10:21.229+0000] {logging_mixin.py:188} INFO - [2025-01-07T00:10:21.228+0000] {dag.py:3823} INFO - Setting next_dagrun for example_skip_dag to 2025-01-06 00:00:00+00:00, run_after=2025-01-07 00:00:00+00:00
[2025-01-07T00:10:21.258+0000] {processor.py:183} INFO - Processing /home/airflow/.local/lib/python3.8/site-packages/airflow/example_dags/example_skip_dag.py took 0.103 seconds
[2025-01-07T00:10:51.648+0000] {processor.py:161} INFO - Started process (PID=7173) to work on /home/airflow/.local/lib/python3.8/site-packages/airflow/example_dags/example_skip_dag.py
[2025-01-07T00:10:51.649+0000] {processor.py:830} INFO - Processing file /home/airflow/.local/lib/python3.8/site-packages/airflow/example_dags/example_skip_dag.py for tasks to queue
[2025-01-07T00:10:51.652+0000] {logging_mixin.py:188} INFO - [2025-01-07T00:10:51.651+0000] {dagbag.py:538} INFO - Filling up the DagBag from /home/airflow/.local/lib/python3.8/site-packages/airflow/example_dags/example_skip_dag.py
[2025-01-07T00:10:51.660+0000] {processor.py:840} INFO - DAG(s) 'example_skip_dag' retrieved from /home/airflow/.local/lib/python3.8/site-packages/airflow/example_dags/example_skip_dag.py
[2025-01-07T00:10:51.693+0000] {logging_mixin.py:188} INFO - [2025-01-07T00:10:51.692+0000] {dag.py:3036} INFO - Sync 1 DAGs
[2025-01-07T00:10:51.725+0000] {logging_mixin.py:188} INFO - [2025-01-07T00:10:51.725+0000] {dag.py:3823} INFO - Setting next_dagrun for example_skip_dag to 2025-01-06 00:00:00+00:00, run_after=2025-01-07 00:00:00+00:00
[2025-01-07T00:10:51.753+0000] {processor.py:183} INFO - Processing /home/airflow/.local/lib/python3.8/site-packages/airflow/example_dags/example_skip_dag.py took 0.109 seconds
[2025-01-07T00:11:22.893+0000] {processor.py:161} INFO - Started process (PID=7230) to work on /home/airflow/.local/lib/python3.8/site-packages/airflow/example_dags/example_skip_dag.py
[2025-01-07T00:11:22.895+0000] {processor.py:830} INFO - Processing file /home/airflow/.local/lib/python3.8/site-packages/airflow/example_dags/example_skip_dag.py for tasks to queue
[2025-01-07T00:11:22.897+0000] {logging_mixin.py:188} INFO - [2025-01-07T00:11:22.897+0000] {dagbag.py:538} INFO - Filling up the DagBag from /home/airflow/.local/lib/python3.8/site-packages/airflow/example_dags/example_skip_dag.py
[2025-01-07T00:11:22.908+0000] {processor.py:840} INFO - DAG(s) 'example_skip_dag' retrieved from /home/airflow/.local/lib/python3.8/site-packages/airflow/example_dags/example_skip_dag.py
[2025-01-07T00:11:22.941+0000] {logging_mixin.py:188} INFO - [2025-01-07T00:11:22.940+0000] {dag.py:3036} INFO - Sync 1 DAGs
[2025-01-07T00:11:22.994+0000] {logging_mixin.py:188} INFO - [2025-01-07T00:11:22.993+0000] {dag.py:3823} INFO - Setting next_dagrun for example_skip_dag to 2025-01-06 00:00:00+00:00, run_after=2025-01-07 00:00:00+00:00
[2025-01-07T00:11:23.053+0000] {processor.py:183} INFO - Processing /home/airflow/.local/lib/python3.8/site-packages/airflow/example_dags/example_skip_dag.py took 0.166 seconds
[2025-01-07T00:11:53.784+0000] {processor.py:161} INFO - Started process (PID=7286) to work on /home/airflow/.local/lib/python3.8/site-packages/airflow/example_dags/example_skip_dag.py
[2025-01-07T00:11:53.785+0000] {processor.py:830} INFO - Processing file /home/airflow/.local/lib/python3.8/site-packages/airflow/example_dags/example_skip_dag.py for tasks to queue
[2025-01-07T00:11:53.788+0000] {logging_mixin.py:188} INFO - [2025-01-07T00:11:53.787+0000] {dagbag.py:538} INFO - Filling up the DagBag from /home/airflow/.local/lib/python3.8/site-packages/airflow/example_dags/example_skip_dag.py
[2025-01-07T00:11:53.797+0000] {processor.py:840} INFO - DAG(s) 'example_skip_dag' retrieved from /home/airflow/.local/lib/python3.8/site-packages/airflow/example_dags/example_skip_dag.py
[2025-01-07T00:11:53.853+0000] {logging_mixin.py:188} INFO - [2025-01-07T00:11:53.853+0000] {dag.py:3036} INFO - Sync 1 DAGs
[2025-01-07T00:11:53.897+0000] {logging_mixin.py:188} INFO - [2025-01-07T00:11:53.896+0000] {dag.py:3823} INFO - Setting next_dagrun for example_skip_dag to 2025-01-06 00:00:00+00:00, run_after=2025-01-07 00:00:00+00:00
[2025-01-07T00:11:53.926+0000] {processor.py:183} INFO - Processing /home/airflow/.local/lib/python3.8/site-packages/airflow/example_dags/example_skip_dag.py took 0.146 seconds
[2025-01-07T00:12:24.078+0000] {processor.py:161} INFO - Started process (PID=7343) to work on /home/airflow/.local/lib/python3.8/site-packages/airflow/example_dags/example_skip_dag.py
[2025-01-07T00:12:24.079+0000] {processor.py:830} INFO - Processing file /home/airflow/.local/lib/python3.8/site-packages/airflow/example_dags/example_skip_dag.py for tasks to queue
[2025-01-07T00:12:24.083+0000] {logging_mixin.py:188} INFO - [2025-01-07T00:12:24.082+0000] {dagbag.py:538} INFO - Filling up the DagBag from /home/airflow/.local/lib/python3.8/site-packages/airflow/example_dags/example_skip_dag.py
[2025-01-07T00:12:24.096+0000] {processor.py:840} INFO - DAG(s) 'example_skip_dag' retrieved from /home/airflow/.local/lib/python3.8/site-packages/airflow/example_dags/example_skip_dag.py
[2025-01-07T00:12:24.139+0000] {logging_mixin.py:188} INFO - [2025-01-07T00:12:24.139+0000] {dag.py:3036} INFO - Sync 1 DAGs
[2025-01-07T00:12:24.174+0000] {logging_mixin.py:188} INFO - [2025-01-07T00:12:24.174+0000] {dag.py:3823} INFO - Setting next_dagrun for example_skip_dag to 2025-01-06 00:00:00+00:00, run_after=2025-01-07 00:00:00+00:00
[2025-01-07T00:12:24.204+0000] {processor.py:183} INFO - Processing /home/airflow/.local/lib/python3.8/site-packages/airflow/example_dags/example_skip_dag.py took 0.130 seconds
[2025-01-07T00:12:54.377+0000] {processor.py:161} INFO - Started process (PID=7399) to work on /home/airflow/.local/lib/python3.8/site-packages/airflow/example_dags/example_skip_dag.py
[2025-01-07T00:12:54.378+0000] {processor.py:830} INFO - Processing file /home/airflow/.local/lib/python3.8/site-packages/airflow/example_dags/example_skip_dag.py for tasks to queue
[2025-01-07T00:12:54.381+0000] {logging_mixin.py:188} INFO - [2025-01-07T00:12:54.381+0000] {dagbag.py:538} INFO - Filling up the DagBag from /home/airflow/.local/lib/python3.8/site-packages/airflow/example_dags/example_skip_dag.py
[2025-01-07T00:12:54.394+0000] {processor.py:840} INFO - DAG(s) 'example_skip_dag' retrieved from /home/airflow/.local/lib/python3.8/site-packages/airflow/example_dags/example_skip_dag.py
[2025-01-07T00:12:54.421+0000] {logging_mixin.py:188} INFO - [2025-01-07T00:12:54.421+0000] {dag.py:3036} INFO - Sync 1 DAGs
[2025-01-07T00:12:54.449+0000] {logging_mixin.py:188} INFO - [2025-01-07T00:12:54.448+0000] {dag.py:3823} INFO - Setting next_dagrun for example_skip_dag to 2025-01-06 00:00:00+00:00, run_after=2025-01-07 00:00:00+00:00
[2025-01-07T00:12:54.473+0000] {processor.py:183} INFO - Processing /home/airflow/.local/lib/python3.8/site-packages/airflow/example_dags/example_skip_dag.py took 0.101 seconds
[2025-01-07T00:13:24.647+0000] {processor.py:161} INFO - Started process (PID=7457) to work on /home/airflow/.local/lib/python3.8/site-packages/airflow/example_dags/example_skip_dag.py
[2025-01-07T00:13:24.649+0000] {processor.py:830} INFO - Processing file /home/airflow/.local/lib/python3.8/site-packages/airflow/example_dags/example_skip_dag.py for tasks to queue
[2025-01-07T00:13:24.652+0000] {logging_mixin.py:188} INFO - [2025-01-07T00:13:24.652+0000] {dagbag.py:538} INFO - Filling up the DagBag from /home/airflow/.local/lib/python3.8/site-packages/airflow/example_dags/example_skip_dag.py
[2025-01-07T00:13:24.665+0000] {processor.py:840} INFO - DAG(s) 'example_skip_dag' retrieved from /home/airflow/.local/lib/python3.8/site-packages/airflow/example_dags/example_skip_dag.py
[2025-01-07T00:13:24.705+0000] {logging_mixin.py:188} INFO - [2025-01-07T00:13:24.704+0000] {dag.py:3036} INFO - Sync 1 DAGs
[2025-01-07T00:13:24.739+0000] {logging_mixin.py:188} INFO - [2025-01-07T00:13:24.739+0000] {dag.py:3823} INFO - Setting next_dagrun for example_skip_dag to 2025-01-06 00:00:00+00:00, run_after=2025-01-07 00:00:00+00:00
[2025-01-07T00:13:24.768+0000] {processor.py:183} INFO - Processing /home/airflow/.local/lib/python3.8/site-packages/airflow/example_dags/example_skip_dag.py took 0.126 seconds
[2025-01-07T00:13:55.143+0000] {processor.py:161} INFO - Started process (PID=7514) to work on /home/airflow/.local/lib/python3.8/site-packages/airflow/example_dags/example_skip_dag.py
[2025-01-07T00:13:55.144+0000] {processor.py:830} INFO - Processing file /home/airflow/.local/lib/python3.8/site-packages/airflow/example_dags/example_skip_dag.py for tasks to queue
[2025-01-07T00:13:55.147+0000] {logging_mixin.py:188} INFO - [2025-01-07T00:13:55.147+0000] {dagbag.py:538} INFO - Filling up the DagBag from /home/airflow/.local/lib/python3.8/site-packages/airflow/example_dags/example_skip_dag.py
[2025-01-07T00:13:55.157+0000] {processor.py:840} INFO - DAG(s) 'example_skip_dag' retrieved from /home/airflow/.local/lib/python3.8/site-packages/airflow/example_dags/example_skip_dag.py
[2025-01-07T00:13:55.199+0000] {logging_mixin.py:188} INFO - [2025-01-07T00:13:55.199+0000] {dag.py:3036} INFO - Sync 1 DAGs
[2025-01-07T00:13:55.240+0000] {logging_mixin.py:188} INFO - [2025-01-07T00:13:55.240+0000] {dag.py:3823} INFO - Setting next_dagrun for example_skip_dag to 2025-01-06 00:00:00+00:00, run_after=2025-01-07 00:00:00+00:00
[2025-01-07T00:13:55.271+0000] {processor.py:183} INFO - Processing /home/airflow/.local/lib/python3.8/site-packages/airflow/example_dags/example_skip_dag.py took 0.133 seconds
[2025-01-07T00:14:26.224+0000] {processor.py:161} INFO - Started process (PID=7572) to work on /home/airflow/.local/lib/python3.8/site-packages/airflow/example_dags/example_skip_dag.py
[2025-01-07T00:14:26.226+0000] {processor.py:830} INFO - Processing file /home/airflow/.local/lib/python3.8/site-packages/airflow/example_dags/example_skip_dag.py for tasks to queue
[2025-01-07T00:14:26.229+0000] {logging_mixin.py:188} INFO - [2025-01-07T00:14:26.229+0000] {dagbag.py:538} INFO - Filling up the DagBag from /home/airflow/.local/lib/python3.8/site-packages/airflow/example_dags/example_skip_dag.py
[2025-01-07T00:14:26.239+0000] {processor.py:840} INFO - DAG(s) 'example_skip_dag' retrieved from /home/airflow/.local/lib/python3.8/site-packages/airflow/example_dags/example_skip_dag.py
[2025-01-07T00:14:26.279+0000] {logging_mixin.py:188} INFO - [2025-01-07T00:14:26.279+0000] {dag.py:3036} INFO - Sync 1 DAGs
[2025-01-07T00:14:26.317+0000] {logging_mixin.py:188} INFO - [2025-01-07T00:14:26.316+0000] {dag.py:3823} INFO - Setting next_dagrun for example_skip_dag to 2025-01-06 00:00:00+00:00, run_after=2025-01-07 00:00:00+00:00
[2025-01-07T00:14:26.354+0000] {processor.py:183} INFO - Processing /home/airflow/.local/lib/python3.8/site-packages/airflow/example_dags/example_skip_dag.py took 0.134 seconds
[2025-01-07T00:14:57.402+0000] {processor.py:161} INFO - Started process (PID=7629) to work on /home/airflow/.local/lib/python3.8/site-packages/airflow/example_dags/example_skip_dag.py
[2025-01-07T00:14:57.406+0000] {processor.py:830} INFO - Processing file /home/airflow/.local/lib/python3.8/site-packages/airflow/example_dags/example_skip_dag.py for tasks to queue
[2025-01-07T00:14:57.417+0000] {logging_mixin.py:188} INFO - [2025-01-07T00:14:57.409+0000] {dagbag.py:538} INFO - Filling up the DagBag from /home/airflow/.local/lib/python3.8/site-packages/airflow/example_dags/example_skip_dag.py
[2025-01-07T00:14:57.452+0000] {processor.py:840} INFO - DAG(s) 'example_skip_dag' retrieved from /home/airflow/.local/lib/python3.8/site-packages/airflow/example_dags/example_skip_dag.py
[2025-01-07T00:14:57.555+0000] {logging_mixin.py:188} INFO - [2025-01-07T00:14:57.555+0000] {dag.py:3036} INFO - Sync 1 DAGs
[2025-01-07T00:14:57.665+0000] {logging_mixin.py:188} INFO - [2025-01-07T00:14:57.665+0000] {dag.py:3823} INFO - Setting next_dagrun for example_skip_dag to 2025-01-06 00:00:00+00:00, run_after=2025-01-07 00:00:00+00:00
[2025-01-07T00:14:57.742+0000] {processor.py:183} INFO - Processing /home/airflow/.local/lib/python3.8/site-packages/airflow/example_dags/example_skip_dag.py took 0.348 seconds
[2025-01-07T00:15:28.209+0000] {processor.py:161} INFO - Started process (PID=7684) to work on /home/airflow/.local/lib/python3.8/site-packages/airflow/example_dags/example_skip_dag.py
[2025-01-07T00:15:28.210+0000] {processor.py:830} INFO - Processing file /home/airflow/.local/lib/python3.8/site-packages/airflow/example_dags/example_skip_dag.py for tasks to queue
[2025-01-07T00:15:28.213+0000] {logging_mixin.py:188} INFO - [2025-01-07T00:15:28.213+0000] {dagbag.py:538} INFO - Filling up the DagBag from /home/airflow/.local/lib/python3.8/site-packages/airflow/example_dags/example_skip_dag.py
[2025-01-07T00:15:28.233+0000] {processor.py:840} INFO - DAG(s) 'example_skip_dag' retrieved from /home/airflow/.local/lib/python3.8/site-packages/airflow/example_dags/example_skip_dag.py
[2025-01-07T00:15:28.286+0000] {logging_mixin.py:188} INFO - [2025-01-07T00:15:28.286+0000] {dag.py:3036} INFO - Sync 1 DAGs
[2025-01-07T00:15:28.336+0000] {logging_mixin.py:188} INFO - [2025-01-07T00:15:28.335+0000] {dag.py:3823} INFO - Setting next_dagrun for example_skip_dag to 2025-01-06 00:00:00+00:00, run_after=2025-01-07 00:00:00+00:00
[2025-01-07T00:15:28.378+0000] {processor.py:183} INFO - Processing /home/airflow/.local/lib/python3.8/site-packages/airflow/example_dags/example_skip_dag.py took 0.177 seconds
[2025-01-07T00:15:59.038+0000] {processor.py:161} INFO - Started process (PID=7741) to work on /home/airflow/.local/lib/python3.8/site-packages/airflow/example_dags/example_skip_dag.py
[2025-01-07T00:15:59.040+0000] {processor.py:830} INFO - Processing file /home/airflow/.local/lib/python3.8/site-packages/airflow/example_dags/example_skip_dag.py for tasks to queue
[2025-01-07T00:15:59.044+0000] {logging_mixin.py:188} INFO - [2025-01-07T00:15:59.043+0000] {dagbag.py:538} INFO - Filling up the DagBag from /home/airflow/.local/lib/python3.8/site-packages/airflow/example_dags/example_skip_dag.py
[2025-01-07T00:15:59.086+0000] {processor.py:840} INFO - DAG(s) 'example_skip_dag' retrieved from /home/airflow/.local/lib/python3.8/site-packages/airflow/example_dags/example_skip_dag.py
[2025-01-07T00:15:59.197+0000] {logging_mixin.py:188} INFO - [2025-01-07T00:15:59.196+0000] {dag.py:3036} INFO - Sync 1 DAGs
[2025-01-07T00:15:59.319+0000] {logging_mixin.py:188} INFO - [2025-01-07T00:15:59.319+0000] {dag.py:3823} INFO - Setting next_dagrun for example_skip_dag to 2025-01-06 00:00:00+00:00, run_after=2025-01-07 00:00:00+00:00
[2025-01-07T00:15:59.407+0000] {processor.py:183} INFO - Processing /home/airflow/.local/lib/python3.8/site-packages/airflow/example_dags/example_skip_dag.py took 0.375 seconds
[2025-01-07T00:16:29.558+0000] {processor.py:161} INFO - Started process (PID=7798) to work on /home/airflow/.local/lib/python3.8/site-packages/airflow/example_dags/example_skip_dag.py
[2025-01-07T00:16:29.570+0000] {processor.py:830} INFO - Processing file /home/airflow/.local/lib/python3.8/site-packages/airflow/example_dags/example_skip_dag.py for tasks to queue
[2025-01-07T00:16:29.573+0000] {logging_mixin.py:188} INFO - [2025-01-07T00:16:29.572+0000] {dagbag.py:538} INFO - Filling up the DagBag from /home/airflow/.local/lib/python3.8/site-packages/airflow/example_dags/example_skip_dag.py
[2025-01-07T00:16:29.605+0000] {processor.py:840} INFO - DAG(s) 'example_skip_dag' retrieved from /home/airflow/.local/lib/python3.8/site-packages/airflow/example_dags/example_skip_dag.py
[2025-01-07T00:16:29.704+0000] {logging_mixin.py:188} INFO - [2025-01-07T00:16:29.704+0000] {dag.py:3036} INFO - Sync 1 DAGs
[2025-01-07T00:16:29.818+0000] {logging_mixin.py:188} INFO - [2025-01-07T00:16:29.818+0000] {dag.py:3823} INFO - Setting next_dagrun for example_skip_dag to 2025-01-06 00:00:00+00:00, run_after=2025-01-07 00:00:00+00:00
[2025-01-07T00:16:29.915+0000] {processor.py:183} INFO - Processing /home/airflow/.local/lib/python3.8/site-packages/airflow/example_dags/example_skip_dag.py took 0.362 seconds
[2025-01-07T00:17:02.209+0000] {processor.py:161} INFO - Started process (PID=7855) to work on /home/airflow/.local/lib/python3.8/site-packages/airflow/example_dags/example_skip_dag.py
[2025-01-07T00:17:02.210+0000] {processor.py:830} INFO - Processing file /home/airflow/.local/lib/python3.8/site-packages/airflow/example_dags/example_skip_dag.py for tasks to queue
[2025-01-07T00:17:02.225+0000] {logging_mixin.py:188} INFO - [2025-01-07T00:17:02.225+0000] {dagbag.py:538} INFO - Filling up the DagBag from /home/airflow/.local/lib/python3.8/site-packages/airflow/example_dags/example_skip_dag.py
[2025-01-07T00:17:02.272+0000] {processor.py:840} INFO - DAG(s) 'example_skip_dag' retrieved from /home/airflow/.local/lib/python3.8/site-packages/airflow/example_dags/example_skip_dag.py
[2025-01-07T00:17:02.434+0000] {logging_mixin.py:188} INFO - [2025-01-07T00:17:02.433+0000] {dag.py:3036} INFO - Sync 1 DAGs
[2025-01-07T00:17:02.610+0000] {logging_mixin.py:188} INFO - [2025-01-07T00:17:02.610+0000] {dag.py:3823} INFO - Setting next_dagrun for example_skip_dag to 2025-01-06 00:00:00+00:00, run_after=2025-01-07 00:00:00+00:00
[2025-01-07T00:17:02.749+0000] {processor.py:183} INFO - Processing /home/airflow/.local/lib/python3.8/site-packages/airflow/example_dags/example_skip_dag.py took 0.550 seconds
[2025-01-07T00:17:33.066+0000] {processor.py:161} INFO - Started process (PID=7909) to work on /home/airflow/.local/lib/python3.8/site-packages/airflow/example_dags/example_skip_dag.py
[2025-01-07T00:17:33.079+0000] {processor.py:830} INFO - Processing file /home/airflow/.local/lib/python3.8/site-packages/airflow/example_dags/example_skip_dag.py for tasks to queue
[2025-01-07T00:17:33.083+0000] {logging_mixin.py:188} INFO - [2025-01-07T00:17:33.083+0000] {dagbag.py:538} INFO - Filling up the DagBag from /home/airflow/.local/lib/python3.8/site-packages/airflow/example_dags/example_skip_dag.py
[2025-01-07T00:17:33.130+0000] {processor.py:840} INFO - DAG(s) 'example_skip_dag' retrieved from /home/airflow/.local/lib/python3.8/site-packages/airflow/example_dags/example_skip_dag.py
[2025-01-07T00:17:33.256+0000] {logging_mixin.py:188} INFO - [2025-01-07T00:17:33.255+0000] {dag.py:3036} INFO - Sync 1 DAGs
[2025-01-07T00:17:33.386+0000] {logging_mixin.py:188} INFO - [2025-01-07T00:17:33.385+0000] {dag.py:3823} INFO - Setting next_dagrun for example_skip_dag to 2025-01-06 00:00:00+00:00, run_after=2025-01-07 00:00:00+00:00
[2025-01-07T00:17:33.507+0000] {processor.py:183} INFO - Processing /home/airflow/.local/lib/python3.8/site-packages/airflow/example_dags/example_skip_dag.py took 0.453 seconds
[2025-01-07T00:18:03.899+0000] {processor.py:161} INFO - Started process (PID=7966) to work on /home/airflow/.local/lib/python3.8/site-packages/airflow/example_dags/example_skip_dag.py
[2025-01-07T00:18:03.901+0000] {processor.py:830} INFO - Processing file /home/airflow/.local/lib/python3.8/site-packages/airflow/example_dags/example_skip_dag.py for tasks to queue
[2025-01-07T00:18:03.912+0000] {logging_mixin.py:188} INFO - [2025-01-07T00:18:03.912+0000] {dagbag.py:538} INFO - Filling up the DagBag from /home/airflow/.local/lib/python3.8/site-packages/airflow/example_dags/example_skip_dag.py
[2025-01-07T00:18:03.944+0000] {processor.py:840} INFO - DAG(s) 'example_skip_dag' retrieved from /home/airflow/.local/lib/python3.8/site-packages/airflow/example_dags/example_skip_dag.py
[2025-01-07T00:18:04.036+0000] {logging_mixin.py:188} INFO - [2025-01-07T00:18:04.036+0000] {dag.py:3036} INFO - Sync 1 DAGs
[2025-01-07T00:18:04.135+0000] {logging_mixin.py:188} INFO - [2025-01-07T00:18:04.135+0000] {dag.py:3823} INFO - Setting next_dagrun for example_skip_dag to 2025-01-06 00:00:00+00:00, run_after=2025-01-07 00:00:00+00:00
[2025-01-07T00:18:04.230+0000] {processor.py:183} INFO - Processing /home/airflow/.local/lib/python3.8/site-packages/airflow/example_dags/example_skip_dag.py took 0.341 seconds
[2025-01-07T00:18:34.439+0000] {processor.py:161} INFO - Started process (PID=8023) to work on /home/airflow/.local/lib/python3.8/site-packages/airflow/example_dags/example_skip_dag.py
[2025-01-07T00:18:34.444+0000] {processor.py:830} INFO - Processing file /home/airflow/.local/lib/python3.8/site-packages/airflow/example_dags/example_skip_dag.py for tasks to queue
[2025-01-07T00:18:34.447+0000] {logging_mixin.py:188} INFO - [2025-01-07T00:18:34.447+0000] {dagbag.py:538} INFO - Filling up the DagBag from /home/airflow/.local/lib/python3.8/site-packages/airflow/example_dags/example_skip_dag.py
[2025-01-07T00:18:34.487+0000] {processor.py:840} INFO - DAG(s) 'example_skip_dag' retrieved from /home/airflow/.local/lib/python3.8/site-packages/airflow/example_dags/example_skip_dag.py
[2025-01-07T00:18:34.601+0000] {logging_mixin.py:188} INFO - [2025-01-07T00:18:34.600+0000] {dag.py:3036} INFO - Sync 1 DAGs
[2025-01-07T00:18:34.723+0000] {logging_mixin.py:188} INFO - [2025-01-07T00:18:34.723+0000] {dag.py:3823} INFO - Setting next_dagrun for example_skip_dag to 2025-01-06 00:00:00+00:00, run_after=2025-01-07 00:00:00+00:00
[2025-01-07T00:18:34.806+0000] {processor.py:183} INFO - Processing /home/airflow/.local/lib/python3.8/site-packages/airflow/example_dags/example_skip_dag.py took 0.374 seconds
[2025-01-07T00:19:10.376+0000] {processor.py:161} INFO - Started process (PID=8085) to work on /home/airflow/.local/lib/python3.8/site-packages/airflow/example_dags/example_skip_dag.py
[2025-01-07T00:19:10.421+0000] {processor.py:830} INFO - Processing file /home/airflow/.local/lib/python3.8/site-packages/airflow/example_dags/example_skip_dag.py for tasks to queue
[2025-01-07T00:19:10.459+0000] {logging_mixin.py:188} INFO - [2025-01-07T00:19:10.458+0000] {dagbag.py:538} INFO - Filling up the DagBag from /home/airflow/.local/lib/python3.8/site-packages/airflow/example_dags/example_skip_dag.py
[2025-01-07T00:19:10.560+0000] {processor.py:840} INFO - DAG(s) 'example_skip_dag' retrieved from /home/airflow/.local/lib/python3.8/site-packages/airflow/example_dags/example_skip_dag.py
[2025-01-07T00:19:10.694+0000] {logging_mixin.py:188} INFO - [2025-01-07T00:19:10.693+0000] {dag.py:3036} INFO - Sync 1 DAGs
[2025-01-07T00:19:10.864+0000] {logging_mixin.py:188} INFO - [2025-01-07T00:19:10.863+0000] {dag.py:3823} INFO - Setting next_dagrun for example_skip_dag to 2025-01-06 00:00:00+00:00, run_after=2025-01-07 00:00:00+00:00
[2025-01-07T00:19:11.004+0000] {processor.py:183} INFO - Processing /home/airflow/.local/lib/python3.8/site-packages/airflow/example_dags/example_skip_dag.py took 0.663 seconds
[2025-01-07T00:19:41.275+0000] {processor.py:161} INFO - Started process (PID=8147) to work on /home/airflow/.local/lib/python3.8/site-packages/airflow/example_dags/example_skip_dag.py
[2025-01-07T00:19:41.276+0000] {processor.py:830} INFO - Processing file /home/airflow/.local/lib/python3.8/site-packages/airflow/example_dags/example_skip_dag.py for tasks to queue
[2025-01-07T00:19:41.280+0000] {logging_mixin.py:188} INFO - [2025-01-07T00:19:41.279+0000] {dagbag.py:538} INFO - Filling up the DagBag from /home/airflow/.local/lib/python3.8/site-packages/airflow/example_dags/example_skip_dag.py
[2025-01-07T00:19:41.291+0000] {processor.py:840} INFO - DAG(s) 'example_skip_dag' retrieved from /home/airflow/.local/lib/python3.8/site-packages/airflow/example_dags/example_skip_dag.py
[2025-01-07T00:19:41.360+0000] {logging_mixin.py:188} INFO - [2025-01-07T00:19:41.359+0000] {dag.py:3036} INFO - Sync 1 DAGs
[2025-01-07T00:19:41.411+0000] {logging_mixin.py:188} INFO - [2025-01-07T00:19:41.411+0000] {dag.py:3823} INFO - Setting next_dagrun for example_skip_dag to 2025-01-06 00:00:00+00:00, run_after=2025-01-07 00:00:00+00:00
[2025-01-07T00:19:41.513+0000] {processor.py:183} INFO - Processing /home/airflow/.local/lib/python3.8/site-packages/airflow/example_dags/example_skip_dag.py took 0.243 seconds
[2025-01-07T00:20:11.792+0000] {processor.py:161} INFO - Started process (PID=8204) to work on /home/airflow/.local/lib/python3.8/site-packages/airflow/example_dags/example_skip_dag.py
[2025-01-07T00:20:11.794+0000] {processor.py:830} INFO - Processing file /home/airflow/.local/lib/python3.8/site-packages/airflow/example_dags/example_skip_dag.py for tasks to queue
[2025-01-07T00:20:11.799+0000] {logging_mixin.py:188} INFO - [2025-01-07T00:20:11.798+0000] {dagbag.py:538} INFO - Filling up the DagBag from /home/airflow/.local/lib/python3.8/site-packages/airflow/example_dags/example_skip_dag.py
[2025-01-07T00:20:11.810+0000] {processor.py:840} INFO - DAG(s) 'example_skip_dag' retrieved from /home/airflow/.local/lib/python3.8/site-packages/airflow/example_dags/example_skip_dag.py
[2025-01-07T00:20:11.852+0000] {logging_mixin.py:188} INFO - [2025-01-07T00:20:11.851+0000] {dag.py:3036} INFO - Sync 1 DAGs
[2025-01-07T00:20:11.899+0000] {logging_mixin.py:188} INFO - [2025-01-07T00:20:11.899+0000] {dag.py:3823} INFO - Setting next_dagrun for example_skip_dag to 2025-01-06 00:00:00+00:00, run_after=2025-01-07 00:00:00+00:00
[2025-01-07T00:20:11.940+0000] {processor.py:183} INFO - Processing /home/airflow/.local/lib/python3.8/site-packages/airflow/example_dags/example_skip_dag.py took 0.154 seconds
[2025-01-07T00:20:42.984+0000] {processor.py:161} INFO - Started process (PID=8262) to work on /home/airflow/.local/lib/python3.8/site-packages/airflow/example_dags/example_skip_dag.py
[2025-01-07T00:20:42.990+0000] {processor.py:830} INFO - Processing file /home/airflow/.local/lib/python3.8/site-packages/airflow/example_dags/example_skip_dag.py for tasks to queue
[2025-01-07T00:20:42.998+0000] {logging_mixin.py:188} INFO - [2025-01-07T00:20:42.997+0000] {dagbag.py:538} INFO - Filling up the DagBag from /home/airflow/.local/lib/python3.8/site-packages/airflow/example_dags/example_skip_dag.py
[2025-01-07T00:20:43.025+0000] {processor.py:840} INFO - DAG(s) 'example_skip_dag' retrieved from /home/airflow/.local/lib/python3.8/site-packages/airflow/example_dags/example_skip_dag.py
[2025-01-07T00:20:43.103+0000] {logging_mixin.py:188} INFO - [2025-01-07T00:20:43.103+0000] {dag.py:3036} INFO - Sync 1 DAGs
[2025-01-07T00:20:43.179+0000] {logging_mixin.py:188} INFO - [2025-01-07T00:20:43.178+0000] {dag.py:3823} INFO - Setting next_dagrun for example_skip_dag to 2025-01-06 00:00:00+00:00, run_after=2025-01-07 00:00:00+00:00
[2025-01-07T00:20:43.229+0000] {processor.py:183} INFO - Processing /home/airflow/.local/lib/python3.8/site-packages/airflow/example_dags/example_skip_dag.py took 0.250 seconds
[2025-01-07T00:21:13.322+0000] {processor.py:161} INFO - Started process (PID=8320) to work on /home/airflow/.local/lib/python3.8/site-packages/airflow/example_dags/example_skip_dag.py
[2025-01-07T00:21:13.323+0000] {processor.py:830} INFO - Processing file /home/airflow/.local/lib/python3.8/site-packages/airflow/example_dags/example_skip_dag.py for tasks to queue
[2025-01-07T00:21:13.328+0000] {logging_mixin.py:188} INFO - [2025-01-07T00:21:13.327+0000] {dagbag.py:538} INFO - Filling up the DagBag from /home/airflow/.local/lib/python3.8/site-packages/airflow/example_dags/example_skip_dag.py
[2025-01-07T00:21:13.341+0000] {processor.py:840} INFO - DAG(s) 'example_skip_dag' retrieved from /home/airflow/.local/lib/python3.8/site-packages/airflow/example_dags/example_skip_dag.py
[2025-01-07T00:21:13.397+0000] {logging_mixin.py:188} INFO - [2025-01-07T00:21:13.397+0000] {dag.py:3036} INFO - Sync 1 DAGs
[2025-01-07T00:21:13.461+0000] {logging_mixin.py:188} INFO - [2025-01-07T00:21:13.461+0000] {dag.py:3823} INFO - Setting next_dagrun for example_skip_dag to 2025-01-06 00:00:00+00:00, run_after=2025-01-07 00:00:00+00:00
[2025-01-07T00:21:13.517+0000] {processor.py:183} INFO - Processing /home/airflow/.local/lib/python3.8/site-packages/airflow/example_dags/example_skip_dag.py took 0.203 seconds
[2025-01-07T00:21:43.805+0000] {processor.py:161} INFO - Started process (PID=8377) to work on /home/airflow/.local/lib/python3.8/site-packages/airflow/example_dags/example_skip_dag.py
[2025-01-07T00:21:43.807+0000] {processor.py:830} INFO - Processing file /home/airflow/.local/lib/python3.8/site-packages/airflow/example_dags/example_skip_dag.py for tasks to queue
[2025-01-07T00:21:43.810+0000] {logging_mixin.py:188} INFO - [2025-01-07T00:21:43.809+0000] {dagbag.py:538} INFO - Filling up the DagBag from /home/airflow/.local/lib/python3.8/site-packages/airflow/example_dags/example_skip_dag.py
[2025-01-07T00:21:43.818+0000] {processor.py:840} INFO - DAG(s) 'example_skip_dag' retrieved from /home/airflow/.local/lib/python3.8/site-packages/airflow/example_dags/example_skip_dag.py
[2025-01-07T00:21:43.850+0000] {logging_mixin.py:188} INFO - [2025-01-07T00:21:43.850+0000] {dag.py:3036} INFO - Sync 1 DAGs
[2025-01-07T00:21:43.968+0000] {logging_mixin.py:188} INFO - [2025-01-07T00:21:43.968+0000] {dag.py:3823} INFO - Setting next_dagrun for example_skip_dag to 2025-01-06 00:00:00+00:00, run_after=2025-01-07 00:00:00+00:00
[2025-01-07T00:21:44.092+0000] {processor.py:183} INFO - Processing /home/airflow/.local/lib/python3.8/site-packages/airflow/example_dags/example_skip_dag.py took 0.291 seconds
[2025-01-07T00:22:14.459+0000] {processor.py:161} INFO - Started process (PID=8434) to work on /home/airflow/.local/lib/python3.8/site-packages/airflow/example_dags/example_skip_dag.py
[2025-01-07T00:22:14.460+0000] {processor.py:830} INFO - Processing file /home/airflow/.local/lib/python3.8/site-packages/airflow/example_dags/example_skip_dag.py for tasks to queue
[2025-01-07T00:22:14.463+0000] {logging_mixin.py:188} INFO - [2025-01-07T00:22:14.462+0000] {dagbag.py:538} INFO - Filling up the DagBag from /home/airflow/.local/lib/python3.8/site-packages/airflow/example_dags/example_skip_dag.py
[2025-01-07T00:22:14.472+0000] {processor.py:840} INFO - DAG(s) 'example_skip_dag' retrieved from /home/airflow/.local/lib/python3.8/site-packages/airflow/example_dags/example_skip_dag.py
[2025-01-07T00:22:14.506+0000] {logging_mixin.py:188} INFO - [2025-01-07T00:22:14.505+0000] {dag.py:3036} INFO - Sync 1 DAGs
[2025-01-07T00:22:14.538+0000] {logging_mixin.py:188} INFO - [2025-01-07T00:22:14.537+0000] {dag.py:3823} INFO - Setting next_dagrun for example_skip_dag to 2025-01-06 00:00:00+00:00, run_after=2025-01-07 00:00:00+00:00
[2025-01-07T00:22:14.594+0000] {processor.py:183} INFO - Processing /home/airflow/.local/lib/python3.8/site-packages/airflow/example_dags/example_skip_dag.py took 0.140 seconds
[2025-01-07T00:22:44.857+0000] {processor.py:161} INFO - Started process (PID=8491) to work on /home/airflow/.local/lib/python3.8/site-packages/airflow/example_dags/example_skip_dag.py
[2025-01-07T00:22:44.858+0000] {processor.py:830} INFO - Processing file /home/airflow/.local/lib/python3.8/site-packages/airflow/example_dags/example_skip_dag.py for tasks to queue
[2025-01-07T00:22:44.861+0000] {logging_mixin.py:188} INFO - [2025-01-07T00:22:44.860+0000] {dagbag.py:538} INFO - Filling up the DagBag from /home/airflow/.local/lib/python3.8/site-packages/airflow/example_dags/example_skip_dag.py
[2025-01-07T00:22:44.871+0000] {processor.py:840} INFO - DAG(s) 'example_skip_dag' retrieved from /home/airflow/.local/lib/python3.8/site-packages/airflow/example_dags/example_skip_dag.py
[2025-01-07T00:22:44.900+0000] {logging_mixin.py:188} INFO - [2025-01-07T00:22:44.899+0000] {dag.py:3036} INFO - Sync 1 DAGs
[2025-01-07T00:22:44.932+0000] {logging_mixin.py:188} INFO - [2025-01-07T00:22:44.931+0000] {dag.py:3823} INFO - Setting next_dagrun for example_skip_dag to 2025-01-06 00:00:00+00:00, run_after=2025-01-07 00:00:00+00:00
[2025-01-07T00:22:44.960+0000] {processor.py:183} INFO - Processing /home/airflow/.local/lib/python3.8/site-packages/airflow/example_dags/example_skip_dag.py took 0.108 seconds
[2025-01-07T00:23:15.814+0000] {processor.py:161} INFO - Started process (PID=8548) to work on /home/airflow/.local/lib/python3.8/site-packages/airflow/example_dags/example_skip_dag.py
[2025-01-07T00:23:15.817+0000] {processor.py:830} INFO - Processing file /home/airflow/.local/lib/python3.8/site-packages/airflow/example_dags/example_skip_dag.py for tasks to queue
[2025-01-07T00:23:15.820+0000] {logging_mixin.py:188} INFO - [2025-01-07T00:23:15.819+0000] {dagbag.py:538} INFO - Filling up the DagBag from /home/airflow/.local/lib/python3.8/site-packages/airflow/example_dags/example_skip_dag.py
[2025-01-07T00:23:15.829+0000] {processor.py:840} INFO - DAG(s) 'example_skip_dag' retrieved from /home/airflow/.local/lib/python3.8/site-packages/airflow/example_dags/example_skip_dag.py
[2025-01-07T00:23:15.863+0000] {logging_mixin.py:188} INFO - [2025-01-07T00:23:15.863+0000] {dag.py:3036} INFO - Sync 1 DAGs
[2025-01-07T00:23:15.900+0000] {logging_mixin.py:188} INFO - [2025-01-07T00:23:15.899+0000] {dag.py:3823} INFO - Setting next_dagrun for example_skip_dag to 2025-01-06 00:00:00+00:00, run_after=2025-01-07 00:00:00+00:00
[2025-01-07T00:23:15.944+0000] {processor.py:183} INFO - Processing /home/airflow/.local/lib/python3.8/site-packages/airflow/example_dags/example_skip_dag.py took 0.134 seconds
[2025-01-07T00:23:46.477+0000] {processor.py:161} INFO - Started process (PID=8605) to work on /home/airflow/.local/lib/python3.8/site-packages/airflow/example_dags/example_skip_dag.py
[2025-01-07T00:23:46.478+0000] {processor.py:830} INFO - Processing file /home/airflow/.local/lib/python3.8/site-packages/airflow/example_dags/example_skip_dag.py for tasks to queue
[2025-01-07T00:23:46.481+0000] {logging_mixin.py:188} INFO - [2025-01-07T00:23:46.481+0000] {dagbag.py:538} INFO - Filling up the DagBag from /home/airflow/.local/lib/python3.8/site-packages/airflow/example_dags/example_skip_dag.py
[2025-01-07T00:23:46.491+0000] {processor.py:840} INFO - DAG(s) 'example_skip_dag' retrieved from /home/airflow/.local/lib/python3.8/site-packages/airflow/example_dags/example_skip_dag.py
[2025-01-07T00:23:46.520+0000] {logging_mixin.py:188} INFO - [2025-01-07T00:23:46.519+0000] {dag.py:3036} INFO - Sync 1 DAGs
[2025-01-07T00:23:46.550+0000] {logging_mixin.py:188} INFO - [2025-01-07T00:23:46.550+0000] {dag.py:3823} INFO - Setting next_dagrun for example_skip_dag to 2025-01-06 00:00:00+00:00, run_after=2025-01-07 00:00:00+00:00
[2025-01-07T00:23:46.577+0000] {processor.py:183} INFO - Processing /home/airflow/.local/lib/python3.8/site-packages/airflow/example_dags/example_skip_dag.py took 0.105 seconds
[2025-01-07T00:24:17.174+0000] {processor.py:161} INFO - Started process (PID=8662) to work on /home/airflow/.local/lib/python3.8/site-packages/airflow/example_dags/example_skip_dag.py
[2025-01-07T00:24:17.176+0000] {processor.py:830} INFO - Processing file /home/airflow/.local/lib/python3.8/site-packages/airflow/example_dags/example_skip_dag.py for tasks to queue
[2025-01-07T00:24:17.178+0000] {logging_mixin.py:188} INFO - [2025-01-07T00:24:17.178+0000] {dagbag.py:538} INFO - Filling up the DagBag from /home/airflow/.local/lib/python3.8/site-packages/airflow/example_dags/example_skip_dag.py
[2025-01-07T00:24:17.188+0000] {processor.py:840} INFO - DAG(s) 'example_skip_dag' retrieved from /home/airflow/.local/lib/python3.8/site-packages/airflow/example_dags/example_skip_dag.py
[2025-01-07T00:24:17.217+0000] {logging_mixin.py:188} INFO - [2025-01-07T00:24:17.217+0000] {dag.py:3036} INFO - Sync 1 DAGs
[2025-01-07T00:24:17.251+0000] {logging_mixin.py:188} INFO - [2025-01-07T00:24:17.251+0000] {dag.py:3823} INFO - Setting next_dagrun for example_skip_dag to 2025-01-06 00:00:00+00:00, run_after=2025-01-07 00:00:00+00:00
[2025-01-07T00:24:17.285+0000] {processor.py:183} INFO - Processing /home/airflow/.local/lib/python3.8/site-packages/airflow/example_dags/example_skip_dag.py took 0.116 seconds
[2025-01-07T00:24:47.944+0000] {processor.py:161} INFO - Started process (PID=8718) to work on /home/airflow/.local/lib/python3.8/site-packages/airflow/example_dags/example_skip_dag.py
[2025-01-07T00:24:47.949+0000] {processor.py:830} INFO - Processing file /home/airflow/.local/lib/python3.8/site-packages/airflow/example_dags/example_skip_dag.py for tasks to queue
[2025-01-07T00:24:47.954+0000] {logging_mixin.py:188} INFO - [2025-01-07T00:24:47.953+0000] {dagbag.py:538} INFO - Filling up the DagBag from /home/airflow/.local/lib/python3.8/site-packages/airflow/example_dags/example_skip_dag.py
[2025-01-07T00:24:47.969+0000] {processor.py:840} INFO - DAG(s) 'example_skip_dag' retrieved from /home/airflow/.local/lib/python3.8/site-packages/airflow/example_dags/example_skip_dag.py
[2025-01-07T00:24:48.020+0000] {logging_mixin.py:188} INFO - [2025-01-07T00:24:48.019+0000] {dag.py:3036} INFO - Sync 1 DAGs
[2025-01-07T00:24:48.093+0000] {logging_mixin.py:188} INFO - [2025-01-07T00:24:48.093+0000] {dag.py:3823} INFO - Setting next_dagrun for example_skip_dag to 2025-01-06 00:00:00+00:00, run_after=2025-01-07 00:00:00+00:00
[2025-01-07T00:24:48.149+0000] {processor.py:183} INFO - Processing /home/airflow/.local/lib/python3.8/site-packages/airflow/example_dags/example_skip_dag.py took 0.210 seconds
