[2025-01-07T00:00:26.253+0000] {processor.py:161} INFO - Started process (PID=5977) to work on /home/airflow/.local/lib/python3.8/site-packages/airflow/example_dags/example_short_circuit_decorator.py
[2025-01-07T00:00:26.260+0000] {processor.py:830} INFO - Processing file /home/airflow/.local/lib/python3.8/site-packages/airflow/example_dags/example_short_circuit_decorator.py for tasks to queue
[2025-01-07T00:00:26.265+0000] {logging_mixin.py:188} INFO - [2025-01-07T00:00:26.265+0000] {dagbag.py:538} INFO - Filling up the DagBag from /home/airflow/.local/lib/python3.8/site-packages/airflow/example_dags/example_short_circuit_decorator.py
[2025-01-07T00:00:26.307+0000] {processor.py:840} INFO - DAG(s) 'example_short_circuit_decorator' retrieved from /home/airflow/.local/lib/python3.8/site-packages/airflow/example_dags/example_short_circuit_decorator.py
[2025-01-07T00:00:26.366+0000] {logging_mixin.py:188} INFO - [2025-01-07T00:00:26.365+0000] {dag.py:3036} INFO - Sync 1 DAGs
[2025-01-07T00:00:26.425+0000] {logging_mixin.py:188} INFO - [2025-01-07T00:00:26.425+0000] {dag.py:3823} INFO - Setting next_dagrun for example_short_circuit_decorator to 2025-01-06 00:00:00+00:00, run_after=2025-01-07 00:00:00+00:00
[2025-01-07T00:00:26.551+0000] {processor.py:183} INFO - Processing /home/airflow/.local/lib/python3.8/site-packages/airflow/example_dags/example_short_circuit_decorator.py took 0.304 seconds
[2025-01-07T00:00:59.168+0000] {processor.py:161} INFO - Started process (PID=6035) to work on /home/airflow/.local/lib/python3.8/site-packages/airflow/example_dags/example_short_circuit_decorator.py
[2025-01-07T00:00:59.170+0000] {processor.py:830} INFO - Processing file /home/airflow/.local/lib/python3.8/site-packages/airflow/example_dags/example_short_circuit_decorator.py for tasks to queue
[2025-01-07T00:00:59.173+0000] {logging_mixin.py:188} INFO - [2025-01-07T00:00:59.172+0000] {dagbag.py:538} INFO - Filling up the DagBag from /home/airflow/.local/lib/python3.8/site-packages/airflow/example_dags/example_short_circuit_decorator.py
[2025-01-07T00:00:59.185+0000] {processor.py:840} INFO - DAG(s) 'example_short_circuit_decorator' retrieved from /home/airflow/.local/lib/python3.8/site-packages/airflow/example_dags/example_short_circuit_decorator.py
[2025-01-07T00:00:59.220+0000] {logging_mixin.py:188} INFO - [2025-01-07T00:00:59.219+0000] {dag.py:3036} INFO - Sync 1 DAGs
[2025-01-07T00:00:59.248+0000] {logging_mixin.py:188} INFO - [2025-01-07T00:00:59.247+0000] {dag.py:3823} INFO - Setting next_dagrun for example_short_circuit_decorator to 2025-01-06 00:00:00+00:00, run_after=2025-01-07 00:00:00+00:00
[2025-01-07T00:00:59.274+0000] {processor.py:183} INFO - Processing /home/airflow/.local/lib/python3.8/site-packages/airflow/example_dags/example_short_circuit_decorator.py took 0.109 seconds
[2025-01-07T00:01:29.396+0000] {processor.py:161} INFO - Started process (PID=6092) to work on /home/airflow/.local/lib/python3.8/site-packages/airflow/example_dags/example_short_circuit_decorator.py
[2025-01-07T00:01:29.397+0000] {processor.py:830} INFO - Processing file /home/airflow/.local/lib/python3.8/site-packages/airflow/example_dags/example_short_circuit_decorator.py for tasks to queue
[2025-01-07T00:01:29.400+0000] {logging_mixin.py:188} INFO - [2025-01-07T00:01:29.400+0000] {dagbag.py:538} INFO - Filling up the DagBag from /home/airflow/.local/lib/python3.8/site-packages/airflow/example_dags/example_short_circuit_decorator.py
[2025-01-07T00:01:29.415+0000] {processor.py:840} INFO - DAG(s) 'example_short_circuit_decorator' retrieved from /home/airflow/.local/lib/python3.8/site-packages/airflow/example_dags/example_short_circuit_decorator.py
[2025-01-07T00:01:29.452+0000] {logging_mixin.py:188} INFO - [2025-01-07T00:01:29.452+0000] {dag.py:3036} INFO - Sync 1 DAGs
[2025-01-07T00:01:29.488+0000] {logging_mixin.py:188} INFO - [2025-01-07T00:01:29.487+0000] {dag.py:3823} INFO - Setting next_dagrun for example_short_circuit_decorator to 2025-01-06 00:00:00+00:00, run_after=2025-01-07 00:00:00+00:00
[2025-01-07T00:01:29.522+0000] {processor.py:183} INFO - Processing /home/airflow/.local/lib/python3.8/site-packages/airflow/example_dags/example_short_circuit_decorator.py took 0.131 seconds
[2025-01-07T00:02:00.476+0000] {processor.py:161} INFO - Started process (PID=6149) to work on /home/airflow/.local/lib/python3.8/site-packages/airflow/example_dags/example_short_circuit_decorator.py
[2025-01-07T00:02:00.482+0000] {processor.py:830} INFO - Processing file /home/airflow/.local/lib/python3.8/site-packages/airflow/example_dags/example_short_circuit_decorator.py for tasks to queue
[2025-01-07T00:02:00.492+0000] {logging_mixin.py:188} INFO - [2025-01-07T00:02:00.491+0000] {dagbag.py:538} INFO - Filling up the DagBag from /home/airflow/.local/lib/python3.8/site-packages/airflow/example_dags/example_short_circuit_decorator.py
[2025-01-07T00:02:00.569+0000] {processor.py:840} INFO - DAG(s) 'example_short_circuit_decorator' retrieved from /home/airflow/.local/lib/python3.8/site-packages/airflow/example_dags/example_short_circuit_decorator.py
[2025-01-07T00:02:00.887+0000] {logging_mixin.py:188} INFO - [2025-01-07T00:02:00.881+0000] {dag.py:3036} INFO - Sync 1 DAGs
[2025-01-07T00:02:01.041+0000] {logging_mixin.py:188} INFO - [2025-01-07T00:02:01.041+0000] {dag.py:3823} INFO - Setting next_dagrun for example_short_circuit_decorator to 2025-01-06 00:00:00+00:00, run_after=2025-01-07 00:00:00+00:00
[2025-01-07T00:02:01.383+0000] {processor.py:183} INFO - Processing /home/airflow/.local/lib/python3.8/site-packages/airflow/example_dags/example_short_circuit_decorator.py took 0.937 seconds
[2025-01-07T00:02:32.000+0000] {processor.py:161} INFO - Started process (PID=6211) to work on /home/airflow/.local/lib/python3.8/site-packages/airflow/example_dags/example_short_circuit_decorator.py
[2025-01-07T00:02:32.001+0000] {processor.py:830} INFO - Processing file /home/airflow/.local/lib/python3.8/site-packages/airflow/example_dags/example_short_circuit_decorator.py for tasks to queue
[2025-01-07T00:02:32.005+0000] {logging_mixin.py:188} INFO - [2025-01-07T00:02:32.004+0000] {dagbag.py:538} INFO - Filling up the DagBag from /home/airflow/.local/lib/python3.8/site-packages/airflow/example_dags/example_short_circuit_decorator.py
[2025-01-07T00:02:32.022+0000] {processor.py:840} INFO - DAG(s) 'example_short_circuit_decorator' retrieved from /home/airflow/.local/lib/python3.8/site-packages/airflow/example_dags/example_short_circuit_decorator.py
[2025-01-07T00:02:32.063+0000] {logging_mixin.py:188} INFO - [2025-01-07T00:02:32.062+0000] {dag.py:3036} INFO - Sync 1 DAGs
[2025-01-07T00:02:32.101+0000] {logging_mixin.py:188} INFO - [2025-01-07T00:02:32.101+0000] {dag.py:3823} INFO - Setting next_dagrun for example_short_circuit_decorator to 2025-01-06 00:00:00+00:00, run_after=2025-01-07 00:00:00+00:00
[2025-01-07T00:02:32.200+0000] {processor.py:183} INFO - Processing /home/airflow/.local/lib/python3.8/site-packages/airflow/example_dags/example_short_circuit_decorator.py took 0.203 seconds
[2025-01-07T00:03:02.394+0000] {processor.py:161} INFO - Started process (PID=6273) to work on /home/airflow/.local/lib/python3.8/site-packages/airflow/example_dags/example_short_circuit_decorator.py
[2025-01-07T00:03:02.395+0000] {processor.py:830} INFO - Processing file /home/airflow/.local/lib/python3.8/site-packages/airflow/example_dags/example_short_circuit_decorator.py for tasks to queue
[2025-01-07T00:03:02.398+0000] {logging_mixin.py:188} INFO - [2025-01-07T00:03:02.397+0000] {dagbag.py:538} INFO - Filling up the DagBag from /home/airflow/.local/lib/python3.8/site-packages/airflow/example_dags/example_short_circuit_decorator.py
[2025-01-07T00:03:02.412+0000] {processor.py:840} INFO - DAG(s) 'example_short_circuit_decorator' retrieved from /home/airflow/.local/lib/python3.8/site-packages/airflow/example_dags/example_short_circuit_decorator.py
[2025-01-07T00:03:02.446+0000] {logging_mixin.py:188} INFO - [2025-01-07T00:03:02.445+0000] {dag.py:3036} INFO - Sync 1 DAGs
[2025-01-07T00:03:02.479+0000] {logging_mixin.py:188} INFO - [2025-01-07T00:03:02.478+0000] {dag.py:3823} INFO - Setting next_dagrun for example_short_circuit_decorator to 2025-01-06 00:00:00+00:00, run_after=2025-01-07 00:00:00+00:00
[2025-01-07T00:03:02.506+0000] {processor.py:183} INFO - Processing /home/airflow/.local/lib/python3.8/site-packages/airflow/example_dags/example_short_circuit_decorator.py took 0.116 seconds
[2025-01-07T00:03:32.588+0000] {processor.py:161} INFO - Started process (PID=6330) to work on /home/airflow/.local/lib/python3.8/site-packages/airflow/example_dags/example_short_circuit_decorator.py
[2025-01-07T00:03:32.590+0000] {processor.py:830} INFO - Processing file /home/airflow/.local/lib/python3.8/site-packages/airflow/example_dags/example_short_circuit_decorator.py for tasks to queue
[2025-01-07T00:03:32.592+0000] {logging_mixin.py:188} INFO - [2025-01-07T00:03:32.592+0000] {dagbag.py:538} INFO - Filling up the DagBag from /home/airflow/.local/lib/python3.8/site-packages/airflow/example_dags/example_short_circuit_decorator.py
[2025-01-07T00:03:32.607+0000] {processor.py:840} INFO - DAG(s) 'example_short_circuit_decorator' retrieved from /home/airflow/.local/lib/python3.8/site-packages/airflow/example_dags/example_short_circuit_decorator.py
[2025-01-07T00:03:32.662+0000] {logging_mixin.py:188} INFO - [2025-01-07T00:03:32.661+0000] {dag.py:3036} INFO - Sync 1 DAGs
[2025-01-07T00:03:32.712+0000] {logging_mixin.py:188} INFO - [2025-01-07T00:03:32.712+0000] {dag.py:3823} INFO - Setting next_dagrun for example_short_circuit_decorator to 2025-01-06 00:00:00+00:00, run_after=2025-01-07 00:00:00+00:00
[2025-01-07T00:03:32.761+0000] {processor.py:183} INFO - Processing /home/airflow/.local/lib/python3.8/site-packages/airflow/example_dags/example_short_circuit_decorator.py took 0.179 seconds
[2025-01-07T00:04:03.114+0000] {processor.py:161} INFO - Started process (PID=6387) to work on /home/airflow/.local/lib/python3.8/site-packages/airflow/example_dags/example_short_circuit_decorator.py
[2025-01-07T00:04:03.122+0000] {processor.py:830} INFO - Processing file /home/airflow/.local/lib/python3.8/site-packages/airflow/example_dags/example_short_circuit_decorator.py for tasks to queue
[2025-01-07T00:04:03.125+0000] {logging_mixin.py:188} INFO - [2025-01-07T00:04:03.124+0000] {dagbag.py:538} INFO - Filling up the DagBag from /home/airflow/.local/lib/python3.8/site-packages/airflow/example_dags/example_short_circuit_decorator.py
[2025-01-07T00:04:03.142+0000] {processor.py:840} INFO - DAG(s) 'example_short_circuit_decorator' retrieved from /home/airflow/.local/lib/python3.8/site-packages/airflow/example_dags/example_short_circuit_decorator.py
[2025-01-07T00:04:03.177+0000] {logging_mixin.py:188} INFO - [2025-01-07T00:04:03.177+0000] {dag.py:3036} INFO - Sync 1 DAGs
[2025-01-07T00:04:03.211+0000] {logging_mixin.py:188} INFO - [2025-01-07T00:04:03.211+0000] {dag.py:3823} INFO - Setting next_dagrun for example_short_circuit_decorator to 2025-01-06 00:00:00+00:00, run_after=2025-01-07 00:00:00+00:00
[2025-01-07T00:04:03.255+0000] {processor.py:183} INFO - Processing /home/airflow/.local/lib/python3.8/site-packages/airflow/example_dags/example_short_circuit_decorator.py took 0.146 seconds
[2025-01-07T00:04:33.507+0000] {processor.py:161} INFO - Started process (PID=6445) to work on /home/airflow/.local/lib/python3.8/site-packages/airflow/example_dags/example_short_circuit_decorator.py
[2025-01-07T00:04:33.509+0000] {processor.py:830} INFO - Processing file /home/airflow/.local/lib/python3.8/site-packages/airflow/example_dags/example_short_circuit_decorator.py for tasks to queue
[2025-01-07T00:04:33.511+0000] {logging_mixin.py:188} INFO - [2025-01-07T00:04:33.511+0000] {dagbag.py:538} INFO - Filling up the DagBag from /home/airflow/.local/lib/python3.8/site-packages/airflow/example_dags/example_short_circuit_decorator.py
[2025-01-07T00:04:33.522+0000] {processor.py:840} INFO - DAG(s) 'example_short_circuit_decorator' retrieved from /home/airflow/.local/lib/python3.8/site-packages/airflow/example_dags/example_short_circuit_decorator.py
[2025-01-07T00:04:33.554+0000] {logging_mixin.py:188} INFO - [2025-01-07T00:04:33.553+0000] {dag.py:3036} INFO - Sync 1 DAGs
[2025-01-07T00:04:33.581+0000] {logging_mixin.py:188} INFO - [2025-01-07T00:04:33.581+0000] {dag.py:3823} INFO - Setting next_dagrun for example_short_circuit_decorator to 2025-01-06 00:00:00+00:00, run_after=2025-01-07 00:00:00+00:00
[2025-01-07T00:04:33.609+0000] {processor.py:183} INFO - Processing /home/airflow/.local/lib/python3.8/site-packages/airflow/example_dags/example_short_circuit_decorator.py took 0.106 seconds
[2025-01-07T00:05:03.714+0000] {processor.py:161} INFO - Started process (PID=6502) to work on /home/airflow/.local/lib/python3.8/site-packages/airflow/example_dags/example_short_circuit_decorator.py
[2025-01-07T00:05:03.716+0000] {processor.py:830} INFO - Processing file /home/airflow/.local/lib/python3.8/site-packages/airflow/example_dags/example_short_circuit_decorator.py for tasks to queue
[2025-01-07T00:05:03.719+0000] {logging_mixin.py:188} INFO - [2025-01-07T00:05:03.718+0000] {dagbag.py:538} INFO - Filling up the DagBag from /home/airflow/.local/lib/python3.8/site-packages/airflow/example_dags/example_short_circuit_decorator.py
[2025-01-07T00:05:03.739+0000] {processor.py:840} INFO - DAG(s) 'example_short_circuit_decorator' retrieved from /home/airflow/.local/lib/python3.8/site-packages/airflow/example_dags/example_short_circuit_decorator.py
[2025-01-07T00:05:03.786+0000] {logging_mixin.py:188} INFO - [2025-01-07T00:05:03.786+0000] {dag.py:3036} INFO - Sync 1 DAGs
[2025-01-07T00:05:03.823+0000] {logging_mixin.py:188} INFO - [2025-01-07T00:05:03.823+0000] {dag.py:3823} INFO - Setting next_dagrun for example_short_circuit_decorator to 2025-01-06 00:00:00+00:00, run_after=2025-01-07 00:00:00+00:00
[2025-01-07T00:05:03.850+0000] {processor.py:183} INFO - Processing /home/airflow/.local/lib/python3.8/site-packages/airflow/example_dags/example_short_circuit_decorator.py took 0.140 seconds
[2025-01-07T00:05:34.534+0000] {processor.py:161} INFO - Started process (PID=6559) to work on /home/airflow/.local/lib/python3.8/site-packages/airflow/example_dags/example_short_circuit_decorator.py
[2025-01-07T00:05:34.535+0000] {processor.py:830} INFO - Processing file /home/airflow/.local/lib/python3.8/site-packages/airflow/example_dags/example_short_circuit_decorator.py for tasks to queue
[2025-01-07T00:05:34.540+0000] {logging_mixin.py:188} INFO - [2025-01-07T00:05:34.540+0000] {dagbag.py:538} INFO - Filling up the DagBag from /home/airflow/.local/lib/python3.8/site-packages/airflow/example_dags/example_short_circuit_decorator.py
[2025-01-07T00:05:34.563+0000] {processor.py:840} INFO - DAG(s) 'example_short_circuit_decorator' retrieved from /home/airflow/.local/lib/python3.8/site-packages/airflow/example_dags/example_short_circuit_decorator.py
[2025-01-07T00:05:34.605+0000] {logging_mixin.py:188} INFO - [2025-01-07T00:05:34.604+0000] {dag.py:3036} INFO - Sync 1 DAGs
[2025-01-07T00:05:34.644+0000] {logging_mixin.py:188} INFO - [2025-01-07T00:05:34.643+0000] {dag.py:3823} INFO - Setting next_dagrun for example_short_circuit_decorator to 2025-01-06 00:00:00+00:00, run_after=2025-01-07 00:00:00+00:00
[2025-01-07T00:05:34.708+0000] {processor.py:183} INFO - Processing /home/airflow/.local/lib/python3.8/site-packages/airflow/example_dags/example_short_circuit_decorator.py took 0.180 seconds
[2025-01-07T00:06:04.792+0000] {processor.py:161} INFO - Started process (PID=6616) to work on /home/airflow/.local/lib/python3.8/site-packages/airflow/example_dags/example_short_circuit_decorator.py
[2025-01-07T00:06:04.793+0000] {processor.py:830} INFO - Processing file /home/airflow/.local/lib/python3.8/site-packages/airflow/example_dags/example_short_circuit_decorator.py for tasks to queue
[2025-01-07T00:06:04.796+0000] {logging_mixin.py:188} INFO - [2025-01-07T00:06:04.795+0000] {dagbag.py:538} INFO - Filling up the DagBag from /home/airflow/.local/lib/python3.8/site-packages/airflow/example_dags/example_short_circuit_decorator.py
[2025-01-07T00:06:04.811+0000] {processor.py:840} INFO - DAG(s) 'example_short_circuit_decorator' retrieved from /home/airflow/.local/lib/python3.8/site-packages/airflow/example_dags/example_short_circuit_decorator.py
[2025-01-07T00:06:04.850+0000] {logging_mixin.py:188} INFO - [2025-01-07T00:06:04.850+0000] {dag.py:3036} INFO - Sync 1 DAGs
[2025-01-07T00:06:04.881+0000] {logging_mixin.py:188} INFO - [2025-01-07T00:06:04.880+0000] {dag.py:3823} INFO - Setting next_dagrun for example_short_circuit_decorator to 2025-01-06 00:00:00+00:00, run_after=2025-01-07 00:00:00+00:00
[2025-01-07T00:06:04.909+0000] {processor.py:183} INFO - Processing /home/airflow/.local/lib/python3.8/site-packages/airflow/example_dags/example_short_circuit_decorator.py took 0.122 seconds
[2025-01-07T00:06:35.251+0000] {processor.py:161} INFO - Started process (PID=6677) to work on /home/airflow/.local/lib/python3.8/site-packages/airflow/example_dags/example_short_circuit_decorator.py
[2025-01-07T00:06:35.264+0000] {processor.py:830} INFO - Processing file /home/airflow/.local/lib/python3.8/site-packages/airflow/example_dags/example_short_circuit_decorator.py for tasks to queue
[2025-01-07T00:06:35.268+0000] {logging_mixin.py:188} INFO - [2025-01-07T00:06:35.267+0000] {dagbag.py:538} INFO - Filling up the DagBag from /home/airflow/.local/lib/python3.8/site-packages/airflow/example_dags/example_short_circuit_decorator.py
[2025-01-07T00:06:35.287+0000] {processor.py:840} INFO - DAG(s) 'example_short_circuit_decorator' retrieved from /home/airflow/.local/lib/python3.8/site-packages/airflow/example_dags/example_short_circuit_decorator.py
[2025-01-07T00:06:35.340+0000] {logging_mixin.py:188} INFO - [2025-01-07T00:06:35.339+0000] {dag.py:3036} INFO - Sync 1 DAGs
[2025-01-07T00:06:35.391+0000] {logging_mixin.py:188} INFO - [2025-01-07T00:06:35.391+0000] {dag.py:3823} INFO - Setting next_dagrun for example_short_circuit_decorator to 2025-01-06 00:00:00+00:00, run_after=2025-01-07 00:00:00+00:00
[2025-01-07T00:06:35.429+0000] {processor.py:183} INFO - Processing /home/airflow/.local/lib/python3.8/site-packages/airflow/example_dags/example_short_circuit_decorator.py took 0.183 seconds
[2025-01-07T00:07:05.559+0000] {processor.py:161} INFO - Started process (PID=6739) to work on /home/airflow/.local/lib/python3.8/site-packages/airflow/example_dags/example_short_circuit_decorator.py
[2025-01-07T00:07:05.565+0000] {processor.py:830} INFO - Processing file /home/airflow/.local/lib/python3.8/site-packages/airflow/example_dags/example_short_circuit_decorator.py for tasks to queue
[2025-01-07T00:07:05.568+0000] {logging_mixin.py:188} INFO - [2025-01-07T00:07:05.567+0000] {dagbag.py:538} INFO - Filling up the DagBag from /home/airflow/.local/lib/python3.8/site-packages/airflow/example_dags/example_short_circuit_decorator.py
[2025-01-07T00:07:05.592+0000] {processor.py:840} INFO - DAG(s) 'example_short_circuit_decorator' retrieved from /home/airflow/.local/lib/python3.8/site-packages/airflow/example_dags/example_short_circuit_decorator.py
[2025-01-07T00:07:05.648+0000] {logging_mixin.py:188} INFO - [2025-01-07T00:07:05.647+0000] {dag.py:3036} INFO - Sync 1 DAGs
[2025-01-07T00:07:05.696+0000] {logging_mixin.py:188} INFO - [2025-01-07T00:07:05.696+0000] {dag.py:3823} INFO - Setting next_dagrun for example_short_circuit_decorator to 2025-01-06 00:00:00+00:00, run_after=2025-01-07 00:00:00+00:00
[2025-01-07T00:07:05.727+0000] {processor.py:183} INFO - Processing /home/airflow/.local/lib/python3.8/site-packages/airflow/example_dags/example_short_circuit_decorator.py took 0.174 seconds
[2025-01-07T00:07:36.123+0000] {processor.py:161} INFO - Started process (PID=6796) to work on /home/airflow/.local/lib/python3.8/site-packages/airflow/example_dags/example_short_circuit_decorator.py
[2025-01-07T00:07:36.124+0000] {processor.py:830} INFO - Processing file /home/airflow/.local/lib/python3.8/site-packages/airflow/example_dags/example_short_circuit_decorator.py for tasks to queue
[2025-01-07T00:07:36.127+0000] {logging_mixin.py:188} INFO - [2025-01-07T00:07:36.126+0000] {dagbag.py:538} INFO - Filling up the DagBag from /home/airflow/.local/lib/python3.8/site-packages/airflow/example_dags/example_short_circuit_decorator.py
[2025-01-07T00:07:36.142+0000] {processor.py:840} INFO - DAG(s) 'example_short_circuit_decorator' retrieved from /home/airflow/.local/lib/python3.8/site-packages/airflow/example_dags/example_short_circuit_decorator.py
[2025-01-07T00:07:36.178+0000] {logging_mixin.py:188} INFO - [2025-01-07T00:07:36.177+0000] {dag.py:3036} INFO - Sync 1 DAGs
[2025-01-07T00:07:36.216+0000] {logging_mixin.py:188} INFO - [2025-01-07T00:07:36.216+0000] {dag.py:3823} INFO - Setting next_dagrun for example_short_circuit_decorator to 2025-01-06 00:00:00+00:00, run_after=2025-01-07 00:00:00+00:00
[2025-01-07T00:07:36.244+0000] {processor.py:183} INFO - Processing /home/airflow/.local/lib/python3.8/site-packages/airflow/example_dags/example_short_circuit_decorator.py took 0.126 seconds
[2025-01-07T00:08:06.765+0000] {processor.py:161} INFO - Started process (PID=6853) to work on /home/airflow/.local/lib/python3.8/site-packages/airflow/example_dags/example_short_circuit_decorator.py
[2025-01-07T00:08:06.767+0000] {processor.py:830} INFO - Processing file /home/airflow/.local/lib/python3.8/site-packages/airflow/example_dags/example_short_circuit_decorator.py for tasks to queue
[2025-01-07T00:08:06.770+0000] {logging_mixin.py:188} INFO - [2025-01-07T00:08:06.770+0000] {dagbag.py:538} INFO - Filling up the DagBag from /home/airflow/.local/lib/python3.8/site-packages/airflow/example_dags/example_short_circuit_decorator.py
[2025-01-07T00:08:06.781+0000] {processor.py:840} INFO - DAG(s) 'example_short_circuit_decorator' retrieved from /home/airflow/.local/lib/python3.8/site-packages/airflow/example_dags/example_short_circuit_decorator.py
[2025-01-07T00:08:06.814+0000] {logging_mixin.py:188} INFO - [2025-01-07T00:08:06.814+0000] {dag.py:3036} INFO - Sync 1 DAGs
[2025-01-07T00:08:06.844+0000] {logging_mixin.py:188} INFO - [2025-01-07T00:08:06.844+0000] {dag.py:3823} INFO - Setting next_dagrun for example_short_circuit_decorator to 2025-01-06 00:00:00+00:00, run_after=2025-01-07 00:00:00+00:00
[2025-01-07T00:08:06.873+0000] {processor.py:183} INFO - Processing /home/airflow/.local/lib/python3.8/site-packages/airflow/example_dags/example_short_circuit_decorator.py took 0.111 seconds
[2025-01-07T00:08:37.778+0000] {processor.py:161} INFO - Started process (PID=6915) to work on /home/airflow/.local/lib/python3.8/site-packages/airflow/example_dags/example_short_circuit_decorator.py
[2025-01-07T00:08:37.782+0000] {processor.py:830} INFO - Processing file /home/airflow/.local/lib/python3.8/site-packages/airflow/example_dags/example_short_circuit_decorator.py for tasks to queue
[2025-01-07T00:08:37.787+0000] {logging_mixin.py:188} INFO - [2025-01-07T00:08:37.787+0000] {dagbag.py:538} INFO - Filling up the DagBag from /home/airflow/.local/lib/python3.8/site-packages/airflow/example_dags/example_short_circuit_decorator.py
[2025-01-07T00:08:37.827+0000] {processor.py:840} INFO - DAG(s) 'example_short_circuit_decorator' retrieved from /home/airflow/.local/lib/python3.8/site-packages/airflow/example_dags/example_short_circuit_decorator.py
[2025-01-07T00:08:37.942+0000] {logging_mixin.py:188} INFO - [2025-01-07T00:08:37.940+0000] {dag.py:3036} INFO - Sync 1 DAGs
[2025-01-07T00:08:39.053+0000] {logging_mixin.py:188} INFO - [2025-01-07T00:08:39.003+0000] {dag.py:3823} INFO - Setting next_dagrun for example_short_circuit_decorator to 2025-01-06 00:00:00+00:00, run_after=2025-01-07 00:00:00+00:00
[2025-01-07T00:08:41.487+0000] {processor.py:183} INFO - Processing /home/airflow/.local/lib/python3.8/site-packages/airflow/example_dags/example_short_circuit_decorator.py took 3.731 seconds
[2025-01-07T00:09:11.931+0000] {processor.py:161} INFO - Started process (PID=6976) to work on /home/airflow/.local/lib/python3.8/site-packages/airflow/example_dags/example_short_circuit_decorator.py
[2025-01-07T00:09:11.932+0000] {processor.py:830} INFO - Processing file /home/airflow/.local/lib/python3.8/site-packages/airflow/example_dags/example_short_circuit_decorator.py for tasks to queue
[2025-01-07T00:09:11.935+0000] {logging_mixin.py:188} INFO - [2025-01-07T00:09:11.935+0000] {dagbag.py:538} INFO - Filling up the DagBag from /home/airflow/.local/lib/python3.8/site-packages/airflow/example_dags/example_short_circuit_decorator.py
[2025-01-07T00:09:11.947+0000] {processor.py:840} INFO - DAG(s) 'example_short_circuit_decorator' retrieved from /home/airflow/.local/lib/python3.8/site-packages/airflow/example_dags/example_short_circuit_decorator.py
[2025-01-07T00:09:11.979+0000] {logging_mixin.py:188} INFO - [2025-01-07T00:09:11.978+0000] {dag.py:3036} INFO - Sync 1 DAGs
[2025-01-07T00:09:12.006+0000] {logging_mixin.py:188} INFO - [2025-01-07T00:09:12.006+0000] {dag.py:3823} INFO - Setting next_dagrun for example_short_circuit_decorator to 2025-01-06 00:00:00+00:00, run_after=2025-01-07 00:00:00+00:00
[2025-01-07T00:09:12.033+0000] {processor.py:183} INFO - Processing /home/airflow/.local/lib/python3.8/site-packages/airflow/example_dags/example_short_circuit_decorator.py took 0.106 seconds
[2025-01-07T00:09:42.306+0000] {processor.py:161} INFO - Started process (PID=7033) to work on /home/airflow/.local/lib/python3.8/site-packages/airflow/example_dags/example_short_circuit_decorator.py
[2025-01-07T00:09:42.307+0000] {processor.py:830} INFO - Processing file /home/airflow/.local/lib/python3.8/site-packages/airflow/example_dags/example_short_circuit_decorator.py for tasks to queue
[2025-01-07T00:09:42.310+0000] {logging_mixin.py:188} INFO - [2025-01-07T00:09:42.309+0000] {dagbag.py:538} INFO - Filling up the DagBag from /home/airflow/.local/lib/python3.8/site-packages/airflow/example_dags/example_short_circuit_decorator.py
[2025-01-07T00:09:42.321+0000] {processor.py:840} INFO - DAG(s) 'example_short_circuit_decorator' retrieved from /home/airflow/.local/lib/python3.8/site-packages/airflow/example_dags/example_short_circuit_decorator.py
[2025-01-07T00:09:42.353+0000] {logging_mixin.py:188} INFO - [2025-01-07T00:09:42.353+0000] {dag.py:3036} INFO - Sync 1 DAGs
[2025-01-07T00:09:42.383+0000] {logging_mixin.py:188} INFO - [2025-01-07T00:09:42.382+0000] {dag.py:3823} INFO - Setting next_dagrun for example_short_circuit_decorator to 2025-01-06 00:00:00+00:00, run_after=2025-01-07 00:00:00+00:00
[2025-01-07T00:09:42.409+0000] {processor.py:183} INFO - Processing /home/airflow/.local/lib/python3.8/site-packages/airflow/example_dags/example_short_circuit_decorator.py took 0.107 seconds
[2025-01-07T00:10:12.492+0000] {processor.py:161} INFO - Started process (PID=7091) to work on /home/airflow/.local/lib/python3.8/site-packages/airflow/example_dags/example_short_circuit_decorator.py
[2025-01-07T00:10:12.493+0000] {processor.py:830} INFO - Processing file /home/airflow/.local/lib/python3.8/site-packages/airflow/example_dags/example_short_circuit_decorator.py for tasks to queue
[2025-01-07T00:10:12.496+0000] {logging_mixin.py:188} INFO - [2025-01-07T00:10:12.496+0000] {dagbag.py:538} INFO - Filling up the DagBag from /home/airflow/.local/lib/python3.8/site-packages/airflow/example_dags/example_short_circuit_decorator.py
[2025-01-07T00:10:12.514+0000] {processor.py:840} INFO - DAG(s) 'example_short_circuit_decorator' retrieved from /home/airflow/.local/lib/python3.8/site-packages/airflow/example_dags/example_short_circuit_decorator.py
[2025-01-07T00:10:12.559+0000] {logging_mixin.py:188} INFO - [2025-01-07T00:10:12.559+0000] {dag.py:3036} INFO - Sync 1 DAGs
[2025-01-07T00:10:12.599+0000] {logging_mixin.py:188} INFO - [2025-01-07T00:10:12.599+0000] {dag.py:3823} INFO - Setting next_dagrun for example_short_circuit_decorator to 2025-01-06 00:00:00+00:00, run_after=2025-01-07 00:00:00+00:00
[2025-01-07T00:10:12.636+0000] {processor.py:183} INFO - Processing /home/airflow/.local/lib/python3.8/site-packages/airflow/example_dags/example_short_circuit_decorator.py took 0.149 seconds
[2025-01-07T00:10:43.048+0000] {processor.py:161} INFO - Started process (PID=7148) to work on /home/airflow/.local/lib/python3.8/site-packages/airflow/example_dags/example_short_circuit_decorator.py
[2025-01-07T00:10:43.050+0000] {processor.py:830} INFO - Processing file /home/airflow/.local/lib/python3.8/site-packages/airflow/example_dags/example_short_circuit_decorator.py for tasks to queue
[2025-01-07T00:10:43.054+0000] {logging_mixin.py:188} INFO - [2025-01-07T00:10:43.054+0000] {dagbag.py:538} INFO - Filling up the DagBag from /home/airflow/.local/lib/python3.8/site-packages/airflow/example_dags/example_short_circuit_decorator.py
[2025-01-07T00:10:43.067+0000] {processor.py:840} INFO - DAG(s) 'example_short_circuit_decorator' retrieved from /home/airflow/.local/lib/python3.8/site-packages/airflow/example_dags/example_short_circuit_decorator.py
[2025-01-07T00:10:43.098+0000] {logging_mixin.py:188} INFO - [2025-01-07T00:10:43.098+0000] {dag.py:3036} INFO - Sync 1 DAGs
[2025-01-07T00:10:43.125+0000] {logging_mixin.py:188} INFO - [2025-01-07T00:10:43.124+0000] {dag.py:3823} INFO - Setting next_dagrun for example_short_circuit_decorator to 2025-01-06 00:00:00+00:00, run_after=2025-01-07 00:00:00+00:00
[2025-01-07T00:10:43.152+0000] {processor.py:183} INFO - Processing /home/airflow/.local/lib/python3.8/site-packages/airflow/example_dags/example_short_circuit_decorator.py took 0.109 seconds
[2025-01-07T00:11:13.427+0000] {processor.py:161} INFO - Started process (PID=7205) to work on /home/airflow/.local/lib/python3.8/site-packages/airflow/example_dags/example_short_circuit_decorator.py
[2025-01-07T00:11:13.429+0000] {processor.py:830} INFO - Processing file /home/airflow/.local/lib/python3.8/site-packages/airflow/example_dags/example_short_circuit_decorator.py for tasks to queue
[2025-01-07T00:11:13.431+0000] {logging_mixin.py:188} INFO - [2025-01-07T00:11:13.431+0000] {dagbag.py:538} INFO - Filling up the DagBag from /home/airflow/.local/lib/python3.8/site-packages/airflow/example_dags/example_short_circuit_decorator.py
[2025-01-07T00:11:13.444+0000] {processor.py:840} INFO - DAG(s) 'example_short_circuit_decorator' retrieved from /home/airflow/.local/lib/python3.8/site-packages/airflow/example_dags/example_short_circuit_decorator.py
[2025-01-07T00:11:13.474+0000] {logging_mixin.py:188} INFO - [2025-01-07T00:11:13.474+0000] {dag.py:3036} INFO - Sync 1 DAGs
[2025-01-07T00:11:13.501+0000] {logging_mixin.py:188} INFO - [2025-01-07T00:11:13.501+0000] {dag.py:3823} INFO - Setting next_dagrun for example_short_circuit_decorator to 2025-01-06 00:00:00+00:00, run_after=2025-01-07 00:00:00+00:00
[2025-01-07T00:11:13.527+0000] {processor.py:183} INFO - Processing /home/airflow/.local/lib/python3.8/site-packages/airflow/example_dags/example_short_circuit_decorator.py took 0.104 seconds
[2025-01-07T00:11:43.693+0000] {processor.py:161} INFO - Started process (PID=7262) to work on /home/airflow/.local/lib/python3.8/site-packages/airflow/example_dags/example_short_circuit_decorator.py
[2025-01-07T00:11:43.694+0000] {processor.py:830} INFO - Processing file /home/airflow/.local/lib/python3.8/site-packages/airflow/example_dags/example_short_circuit_decorator.py for tasks to queue
[2025-01-07T00:11:43.696+0000] {logging_mixin.py:188} INFO - [2025-01-07T00:11:43.696+0000] {dagbag.py:538} INFO - Filling up the DagBag from /home/airflow/.local/lib/python3.8/site-packages/airflow/example_dags/example_short_circuit_decorator.py
[2025-01-07T00:11:43.709+0000] {processor.py:840} INFO - DAG(s) 'example_short_circuit_decorator' retrieved from /home/airflow/.local/lib/python3.8/site-packages/airflow/example_dags/example_short_circuit_decorator.py
[2025-01-07T00:11:43.740+0000] {logging_mixin.py:188} INFO - [2025-01-07T00:11:43.740+0000] {dag.py:3036} INFO - Sync 1 DAGs
[2025-01-07T00:11:43.772+0000] {logging_mixin.py:188} INFO - [2025-01-07T00:11:43.771+0000] {dag.py:3823} INFO - Setting next_dagrun for example_short_circuit_decorator to 2025-01-06 00:00:00+00:00, run_after=2025-01-07 00:00:00+00:00
[2025-01-07T00:11:43.802+0000] {processor.py:183} INFO - Processing /home/airflow/.local/lib/python3.8/site-packages/airflow/example_dags/example_short_circuit_decorator.py took 0.113 seconds
[2025-01-07T00:12:14.298+0000] {processor.py:161} INFO - Started process (PID=7317) to work on /home/airflow/.local/lib/python3.8/site-packages/airflow/example_dags/example_short_circuit_decorator.py
[2025-01-07T00:12:14.300+0000] {processor.py:830} INFO - Processing file /home/airflow/.local/lib/python3.8/site-packages/airflow/example_dags/example_short_circuit_decorator.py for tasks to queue
[2025-01-07T00:12:14.303+0000] {logging_mixin.py:188} INFO - [2025-01-07T00:12:14.303+0000] {dagbag.py:538} INFO - Filling up the DagBag from /home/airflow/.local/lib/python3.8/site-packages/airflow/example_dags/example_short_circuit_decorator.py
[2025-01-07T00:12:14.319+0000] {processor.py:840} INFO - DAG(s) 'example_short_circuit_decorator' retrieved from /home/airflow/.local/lib/python3.8/site-packages/airflow/example_dags/example_short_circuit_decorator.py
[2025-01-07T00:12:14.357+0000] {logging_mixin.py:188} INFO - [2025-01-07T00:12:14.356+0000] {dag.py:3036} INFO - Sync 1 DAGs
[2025-01-07T00:12:14.395+0000] {logging_mixin.py:188} INFO - [2025-01-07T00:12:14.395+0000] {dag.py:3823} INFO - Setting next_dagrun for example_short_circuit_decorator to 2025-01-06 00:00:00+00:00, run_after=2025-01-07 00:00:00+00:00
[2025-01-07T00:12:14.430+0000] {processor.py:183} INFO - Processing /home/airflow/.local/lib/python3.8/site-packages/airflow/example_dags/example_short_circuit_decorator.py took 0.137 seconds
[2025-01-07T00:12:44.931+0000] {processor.py:161} INFO - Started process (PID=7373) to work on /home/airflow/.local/lib/python3.8/site-packages/airflow/example_dags/example_short_circuit_decorator.py
[2025-01-07T00:12:44.933+0000] {processor.py:830} INFO - Processing file /home/airflow/.local/lib/python3.8/site-packages/airflow/example_dags/example_short_circuit_decorator.py for tasks to queue
[2025-01-07T00:12:44.935+0000] {logging_mixin.py:188} INFO - [2025-01-07T00:12:44.935+0000] {dagbag.py:538} INFO - Filling up the DagBag from /home/airflow/.local/lib/python3.8/site-packages/airflow/example_dags/example_short_circuit_decorator.py
[2025-01-07T00:12:44.947+0000] {processor.py:840} INFO - DAG(s) 'example_short_circuit_decorator' retrieved from /home/airflow/.local/lib/python3.8/site-packages/airflow/example_dags/example_short_circuit_decorator.py
[2025-01-07T00:12:44.978+0000] {logging_mixin.py:188} INFO - [2025-01-07T00:12:44.978+0000] {dag.py:3036} INFO - Sync 1 DAGs
[2025-01-07T00:12:45.008+0000] {logging_mixin.py:188} INFO - [2025-01-07T00:12:45.008+0000] {dag.py:3823} INFO - Setting next_dagrun for example_short_circuit_decorator to 2025-01-06 00:00:00+00:00, run_after=2025-01-07 00:00:00+00:00
[2025-01-07T00:12:45.035+0000] {processor.py:183} INFO - Processing /home/airflow/.local/lib/python3.8/site-packages/airflow/example_dags/example_short_circuit_decorator.py took 0.107 seconds
[2025-01-07T00:13:15.401+0000] {processor.py:161} INFO - Started process (PID=7430) to work on /home/airflow/.local/lib/python3.8/site-packages/airflow/example_dags/example_short_circuit_decorator.py
[2025-01-07T00:13:15.402+0000] {processor.py:830} INFO - Processing file /home/airflow/.local/lib/python3.8/site-packages/airflow/example_dags/example_short_circuit_decorator.py for tasks to queue
[2025-01-07T00:13:15.405+0000] {logging_mixin.py:188} INFO - [2025-01-07T00:13:15.404+0000] {dagbag.py:538} INFO - Filling up the DagBag from /home/airflow/.local/lib/python3.8/site-packages/airflow/example_dags/example_short_circuit_decorator.py
[2025-01-07T00:13:15.422+0000] {processor.py:840} INFO - DAG(s) 'example_short_circuit_decorator' retrieved from /home/airflow/.local/lib/python3.8/site-packages/airflow/example_dags/example_short_circuit_decorator.py
[2025-01-07T00:13:15.468+0000] {logging_mixin.py:188} INFO - [2025-01-07T00:13:15.467+0000] {dag.py:3036} INFO - Sync 1 DAGs
[2025-01-07T00:13:15.502+0000] {logging_mixin.py:188} INFO - [2025-01-07T00:13:15.501+0000] {dag.py:3823} INFO - Setting next_dagrun for example_short_circuit_decorator to 2025-01-06 00:00:00+00:00, run_after=2025-01-07 00:00:00+00:00
[2025-01-07T00:13:15.530+0000] {processor.py:183} INFO - Processing /home/airflow/.local/lib/python3.8/site-packages/airflow/example_dags/example_short_circuit_decorator.py took 0.132 seconds
[2025-01-07T00:13:45.706+0000] {processor.py:161} INFO - Started process (PID=7494) to work on /home/airflow/.local/lib/python3.8/site-packages/airflow/example_dags/example_short_circuit_decorator.py
[2025-01-07T00:13:45.707+0000] {processor.py:830} INFO - Processing file /home/airflow/.local/lib/python3.8/site-packages/airflow/example_dags/example_short_circuit_decorator.py for tasks to queue
[2025-01-07T00:13:45.710+0000] {logging_mixin.py:188} INFO - [2025-01-07T00:13:45.710+0000] {dagbag.py:538} INFO - Filling up the DagBag from /home/airflow/.local/lib/python3.8/site-packages/airflow/example_dags/example_short_circuit_decorator.py
[2025-01-07T00:13:45.722+0000] {processor.py:840} INFO - DAG(s) 'example_short_circuit_decorator' retrieved from /home/airflow/.local/lib/python3.8/site-packages/airflow/example_dags/example_short_circuit_decorator.py
[2025-01-07T00:13:45.767+0000] {logging_mixin.py:188} INFO - [2025-01-07T00:13:45.766+0000] {dag.py:3036} INFO - Sync 1 DAGs
[2025-01-07T00:13:45.805+0000] {logging_mixin.py:188} INFO - [2025-01-07T00:13:45.804+0000] {dag.py:3823} INFO - Setting next_dagrun for example_short_circuit_decorator to 2025-01-06 00:00:00+00:00, run_after=2025-01-07 00:00:00+00:00
[2025-01-07T00:13:45.845+0000] {processor.py:183} INFO - Processing /home/airflow/.local/lib/python3.8/site-packages/airflow/example_dags/example_short_circuit_decorator.py took 0.143 seconds
[2025-01-07T00:14:16.150+0000] {processor.py:161} INFO - Started process (PID=7551) to work on /home/airflow/.local/lib/python3.8/site-packages/airflow/example_dags/example_short_circuit_decorator.py
[2025-01-07T00:14:16.151+0000] {processor.py:830} INFO - Processing file /home/airflow/.local/lib/python3.8/site-packages/airflow/example_dags/example_short_circuit_decorator.py for tasks to queue
[2025-01-07T00:14:16.155+0000] {logging_mixin.py:188} INFO - [2025-01-07T00:14:16.154+0000] {dagbag.py:538} INFO - Filling up the DagBag from /home/airflow/.local/lib/python3.8/site-packages/airflow/example_dags/example_short_circuit_decorator.py
[2025-01-07T00:14:16.166+0000] {processor.py:840} INFO - DAG(s) 'example_short_circuit_decorator' retrieved from /home/airflow/.local/lib/python3.8/site-packages/airflow/example_dags/example_short_circuit_decorator.py
[2025-01-07T00:14:16.198+0000] {logging_mixin.py:188} INFO - [2025-01-07T00:14:16.198+0000] {dag.py:3036} INFO - Sync 1 DAGs
[2025-01-07T00:14:16.229+0000] {logging_mixin.py:188} INFO - [2025-01-07T00:14:16.229+0000] {dag.py:3823} INFO - Setting next_dagrun for example_short_circuit_decorator to 2025-01-06 00:00:00+00:00, run_after=2025-01-07 00:00:00+00:00
[2025-01-07T00:14:16.260+0000] {processor.py:183} INFO - Processing /home/airflow/.local/lib/python3.8/site-packages/airflow/example_dags/example_short_circuit_decorator.py took 0.114 seconds
[2025-01-07T00:14:46.592+0000] {processor.py:161} INFO - Started process (PID=7608) to work on /home/airflow/.local/lib/python3.8/site-packages/airflow/example_dags/example_short_circuit_decorator.py
[2025-01-07T00:14:46.593+0000] {processor.py:830} INFO - Processing file /home/airflow/.local/lib/python3.8/site-packages/airflow/example_dags/example_short_circuit_decorator.py for tasks to queue
[2025-01-07T00:14:46.596+0000] {logging_mixin.py:188} INFO - [2025-01-07T00:14:46.595+0000] {dagbag.py:538} INFO - Filling up the DagBag from /home/airflow/.local/lib/python3.8/site-packages/airflow/example_dags/example_short_circuit_decorator.py
[2025-01-07T00:14:46.611+0000] {processor.py:840} INFO - DAG(s) 'example_short_circuit_decorator' retrieved from /home/airflow/.local/lib/python3.8/site-packages/airflow/example_dags/example_short_circuit_decorator.py
[2025-01-07T00:14:46.644+0000] {logging_mixin.py:188} INFO - [2025-01-07T00:14:46.644+0000] {dag.py:3036} INFO - Sync 1 DAGs
[2025-01-07T00:14:46.676+0000] {logging_mixin.py:188} INFO - [2025-01-07T00:14:46.676+0000] {dag.py:3823} INFO - Setting next_dagrun for example_short_circuit_decorator to 2025-01-06 00:00:00+00:00, run_after=2025-01-07 00:00:00+00:00
[2025-01-07T00:14:46.708+0000] {processor.py:183} INFO - Processing /home/airflow/.local/lib/python3.8/site-packages/airflow/example_dags/example_short_circuit_decorator.py took 0.120 seconds
[2025-01-07T00:15:17.419+0000] {processor.py:161} INFO - Started process (PID=7665) to work on /home/airflow/.local/lib/python3.8/site-packages/airflow/example_dags/example_short_circuit_decorator.py
[2025-01-07T00:15:17.420+0000] {processor.py:830} INFO - Processing file /home/airflow/.local/lib/python3.8/site-packages/airflow/example_dags/example_short_circuit_decorator.py for tasks to queue
[2025-01-07T00:15:17.423+0000] {logging_mixin.py:188} INFO - [2025-01-07T00:15:17.422+0000] {dagbag.py:538} INFO - Filling up the DagBag from /home/airflow/.local/lib/python3.8/site-packages/airflow/example_dags/example_short_circuit_decorator.py
[2025-01-07T00:15:17.437+0000] {processor.py:840} INFO - DAG(s) 'example_short_circuit_decorator' retrieved from /home/airflow/.local/lib/python3.8/site-packages/airflow/example_dags/example_short_circuit_decorator.py
[2025-01-07T00:15:17.468+0000] {logging_mixin.py:188} INFO - [2025-01-07T00:15:17.468+0000] {dag.py:3036} INFO - Sync 1 DAGs
[2025-01-07T00:15:17.529+0000] {logging_mixin.py:188} INFO - [2025-01-07T00:15:17.528+0000] {dag.py:3823} INFO - Setting next_dagrun for example_short_circuit_decorator to 2025-01-06 00:00:00+00:00, run_after=2025-01-07 00:00:00+00:00
[2025-01-07T00:15:17.629+0000] {processor.py:183} INFO - Processing /home/airflow/.local/lib/python3.8/site-packages/airflow/example_dags/example_short_circuit_decorator.py took 0.215 seconds
[2025-01-07T00:15:48.498+0000] {processor.py:161} INFO - Started process (PID=7722) to work on /home/airflow/.local/lib/python3.8/site-packages/airflow/example_dags/example_short_circuit_decorator.py
[2025-01-07T00:15:48.500+0000] {processor.py:830} INFO - Processing file /home/airflow/.local/lib/python3.8/site-packages/airflow/example_dags/example_short_circuit_decorator.py for tasks to queue
[2025-01-07T00:15:48.503+0000] {logging_mixin.py:188} INFO - [2025-01-07T00:15:48.502+0000] {dagbag.py:538} INFO - Filling up the DagBag from /home/airflow/.local/lib/python3.8/site-packages/airflow/example_dags/example_short_circuit_decorator.py
[2025-01-07T00:15:48.517+0000] {processor.py:840} INFO - DAG(s) 'example_short_circuit_decorator' retrieved from /home/airflow/.local/lib/python3.8/site-packages/airflow/example_dags/example_short_circuit_decorator.py
[2025-01-07T00:15:48.556+0000] {logging_mixin.py:188} INFO - [2025-01-07T00:15:48.555+0000] {dag.py:3036} INFO - Sync 1 DAGs
[2025-01-07T00:15:48.601+0000] {logging_mixin.py:188} INFO - [2025-01-07T00:15:48.601+0000] {dag.py:3823} INFO - Setting next_dagrun for example_short_circuit_decorator to 2025-01-06 00:00:00+00:00, run_after=2025-01-07 00:00:00+00:00
[2025-01-07T00:15:48.631+0000] {processor.py:183} INFO - Processing /home/airflow/.local/lib/python3.8/site-packages/airflow/example_dags/example_short_circuit_decorator.py took 0.138 seconds
[2025-01-07T00:16:18.717+0000] {processor.py:161} INFO - Started process (PID=7780) to work on /home/airflow/.local/lib/python3.8/site-packages/airflow/example_dags/example_short_circuit_decorator.py
[2025-01-07T00:16:18.723+0000] {processor.py:830} INFO - Processing file /home/airflow/.local/lib/python3.8/site-packages/airflow/example_dags/example_short_circuit_decorator.py for tasks to queue
[2025-01-07T00:16:18.727+0000] {logging_mixin.py:188} INFO - [2025-01-07T00:16:18.726+0000] {dagbag.py:538} INFO - Filling up the DagBag from /home/airflow/.local/lib/python3.8/site-packages/airflow/example_dags/example_short_circuit_decorator.py
[2025-01-07T00:16:18.774+0000] {processor.py:840} INFO - DAG(s) 'example_short_circuit_decorator' retrieved from /home/airflow/.local/lib/python3.8/site-packages/airflow/example_dags/example_short_circuit_decorator.py
[2025-01-07T00:16:18.877+0000] {logging_mixin.py:188} INFO - [2025-01-07T00:16:18.876+0000] {dag.py:3036} INFO - Sync 1 DAGs
[2025-01-07T00:16:18.966+0000] {logging_mixin.py:188} INFO - [2025-01-07T00:16:18.966+0000] {dag.py:3823} INFO - Setting next_dagrun for example_short_circuit_decorator to 2025-01-06 00:00:00+00:00, run_after=2025-01-07 00:00:00+00:00
[2025-01-07T00:16:19.056+0000] {processor.py:183} INFO - Processing /home/airflow/.local/lib/python3.8/site-packages/airflow/example_dags/example_short_circuit_decorator.py took 0.345 seconds
[2025-01-07T00:16:49.200+0000] {processor.py:161} INFO - Started process (PID=7837) to work on /home/airflow/.local/lib/python3.8/site-packages/airflow/example_dags/example_short_circuit_decorator.py
[2025-01-07T00:16:49.212+0000] {processor.py:830} INFO - Processing file /home/airflow/.local/lib/python3.8/site-packages/airflow/example_dags/example_short_circuit_decorator.py for tasks to queue
[2025-01-07T00:16:49.216+0000] {logging_mixin.py:188} INFO - [2025-01-07T00:16:49.215+0000] {dagbag.py:538} INFO - Filling up the DagBag from /home/airflow/.local/lib/python3.8/site-packages/airflow/example_dags/example_short_circuit_decorator.py
[2025-01-07T00:16:49.277+0000] {processor.py:840} INFO - DAG(s) 'example_short_circuit_decorator' retrieved from /home/airflow/.local/lib/python3.8/site-packages/airflow/example_dags/example_short_circuit_decorator.py
[2025-01-07T00:16:49.377+0000] {logging_mixin.py:188} INFO - [2025-01-07T00:16:49.377+0000] {dag.py:3036} INFO - Sync 1 DAGs
[2025-01-07T00:16:49.491+0000] {logging_mixin.py:188} INFO - [2025-01-07T00:16:49.490+0000] {dag.py:3823} INFO - Setting next_dagrun for example_short_circuit_decorator to 2025-01-06 00:00:00+00:00, run_after=2025-01-07 00:00:00+00:00
[2025-01-07T00:16:49.577+0000] {processor.py:183} INFO - Processing /home/airflow/.local/lib/python3.8/site-packages/airflow/example_dags/example_short_circuit_decorator.py took 0.387 seconds
[2025-01-07T00:17:20.613+0000] {processor.py:161} INFO - Started process (PID=7893) to work on /home/airflow/.local/lib/python3.8/site-packages/airflow/example_dags/example_short_circuit_decorator.py
[2025-01-07T00:17:20.624+0000] {processor.py:830} INFO - Processing file /home/airflow/.local/lib/python3.8/site-packages/airflow/example_dags/example_short_circuit_decorator.py for tasks to queue
[2025-01-07T00:17:20.627+0000] {logging_mixin.py:188} INFO - [2025-01-07T00:17:20.627+0000] {dagbag.py:538} INFO - Filling up the DagBag from /home/airflow/.local/lib/python3.8/site-packages/airflow/example_dags/example_short_circuit_decorator.py
[2025-01-07T00:17:20.675+0000] {processor.py:840} INFO - DAG(s) 'example_short_circuit_decorator' retrieved from /home/airflow/.local/lib/python3.8/site-packages/airflow/example_dags/example_short_circuit_decorator.py
[2025-01-07T00:17:20.774+0000] {logging_mixin.py:188} INFO - [2025-01-07T00:17:20.774+0000] {dag.py:3036} INFO - Sync 1 DAGs
[2025-01-07T00:17:20.871+0000] {logging_mixin.py:188} INFO - [2025-01-07T00:17:20.870+0000] {dag.py:3823} INFO - Setting next_dagrun for example_short_circuit_decorator to 2025-01-06 00:00:00+00:00, run_after=2025-01-07 00:00:00+00:00
[2025-01-07T00:17:20.939+0000] {processor.py:183} INFO - Processing /home/airflow/.local/lib/python3.8/site-packages/airflow/example_dags/example_short_circuit_decorator.py took 0.332 seconds
[2025-01-07T00:17:51.467+0000] {processor.py:161} INFO - Started process (PID=7950) to work on /home/airflow/.local/lib/python3.8/site-packages/airflow/example_dags/example_short_circuit_decorator.py
[2025-01-07T00:17:51.477+0000] {processor.py:830} INFO - Processing file /home/airflow/.local/lib/python3.8/site-packages/airflow/example_dags/example_short_circuit_decorator.py for tasks to queue
[2025-01-07T00:17:51.480+0000] {logging_mixin.py:188} INFO - [2025-01-07T00:17:51.480+0000] {dagbag.py:538} INFO - Filling up the DagBag from /home/airflow/.local/lib/python3.8/site-packages/airflow/example_dags/example_short_circuit_decorator.py
[2025-01-07T00:17:51.529+0000] {processor.py:840} INFO - DAG(s) 'example_short_circuit_decorator' retrieved from /home/airflow/.local/lib/python3.8/site-packages/airflow/example_dags/example_short_circuit_decorator.py
[2025-01-07T00:17:51.661+0000] {logging_mixin.py:188} INFO - [2025-01-07T00:17:51.660+0000] {dag.py:3036} INFO - Sync 1 DAGs
[2025-01-07T00:17:51.777+0000] {logging_mixin.py:188} INFO - [2025-01-07T00:17:51.777+0000] {dag.py:3823} INFO - Setting next_dagrun for example_short_circuit_decorator to 2025-01-06 00:00:00+00:00, run_after=2025-01-07 00:00:00+00:00
[2025-01-07T00:17:51.873+0000] {processor.py:183} INFO - Processing /home/airflow/.local/lib/python3.8/site-packages/airflow/example_dags/example_short_circuit_decorator.py took 0.413 seconds
[2025-01-07T00:18:22.613+0000] {processor.py:161} INFO - Started process (PID=8006) to work on /home/airflow/.local/lib/python3.8/site-packages/airflow/example_dags/example_short_circuit_decorator.py
[2025-01-07T00:18:22.614+0000] {processor.py:830} INFO - Processing file /home/airflow/.local/lib/python3.8/site-packages/airflow/example_dags/example_short_circuit_decorator.py for tasks to queue
[2025-01-07T00:18:22.628+0000] {logging_mixin.py:188} INFO - [2025-01-07T00:18:22.627+0000] {dagbag.py:538} INFO - Filling up the DagBag from /home/airflow/.local/lib/python3.8/site-packages/airflow/example_dags/example_short_circuit_decorator.py
[2025-01-07T00:18:22.708+0000] {processor.py:840} INFO - DAG(s) 'example_short_circuit_decorator' retrieved from /home/airflow/.local/lib/python3.8/site-packages/airflow/example_dags/example_short_circuit_decorator.py
[2025-01-07T00:18:22.855+0000] {logging_mixin.py:188} INFO - [2025-01-07T00:18:22.855+0000] {dag.py:3036} INFO - Sync 1 DAGs
[2025-01-07T00:18:22.997+0000] {logging_mixin.py:188} INFO - [2025-01-07T00:18:22.997+0000] {dag.py:3823} INFO - Setting next_dagrun for example_short_circuit_decorator to 2025-01-06 00:00:00+00:00, run_after=2025-01-07 00:00:00+00:00
[2025-01-07T00:18:23.109+0000] {processor.py:183} INFO - Processing /home/airflow/.local/lib/python3.8/site-packages/airflow/example_dags/example_short_circuit_decorator.py took 0.514 seconds
[2025-01-07T00:18:57.886+0000] {processor.py:161} INFO - Started process (PID=8061) to work on /home/airflow/.local/lib/python3.8/site-packages/airflow/example_dags/example_short_circuit_decorator.py
[2025-01-07T00:18:57.893+0000] {processor.py:830} INFO - Processing file /home/airflow/.local/lib/python3.8/site-packages/airflow/example_dags/example_short_circuit_decorator.py for tasks to queue
[2025-01-07T00:18:57.898+0000] {logging_mixin.py:188} INFO - [2025-01-07T00:18:57.897+0000] {dagbag.py:538} INFO - Filling up the DagBag from /home/airflow/.local/lib/python3.8/site-packages/airflow/example_dags/example_short_circuit_decorator.py
[2025-01-07T00:18:57.945+0000] {processor.py:840} INFO - DAG(s) 'example_short_circuit_decorator' retrieved from /home/airflow/.local/lib/python3.8/site-packages/airflow/example_dags/example_short_circuit_decorator.py
[2025-01-07T00:18:58.173+0000] {logging_mixin.py:188} INFO - [2025-01-07T00:18:58.173+0000] {dag.py:3036} INFO - Sync 1 DAGs
[2025-01-07T00:18:58.344+0000] {logging_mixin.py:188} INFO - [2025-01-07T00:18:58.343+0000] {dag.py:3823} INFO - Setting next_dagrun for example_short_circuit_decorator to 2025-01-06 00:00:00+00:00, run_after=2025-01-07 00:00:00+00:00
[2025-01-07T00:18:58.509+0000] {processor.py:183} INFO - Processing /home/airflow/.local/lib/python3.8/site-packages/airflow/example_dags/example_short_circuit_decorator.py took 0.649 seconds
[2025-01-07T00:19:28.702+0000] {processor.py:161} INFO - Started process (PID=8123) to work on /home/airflow/.local/lib/python3.8/site-packages/airflow/example_dags/example_short_circuit_decorator.py
[2025-01-07T00:19:28.707+0000] {processor.py:830} INFO - Processing file /home/airflow/.local/lib/python3.8/site-packages/airflow/example_dags/example_short_circuit_decorator.py for tasks to queue
[2025-01-07T00:19:28.715+0000] {logging_mixin.py:188} INFO - [2025-01-07T00:19:28.715+0000] {dagbag.py:538} INFO - Filling up the DagBag from /home/airflow/.local/lib/python3.8/site-packages/airflow/example_dags/example_short_circuit_decorator.py
[2025-01-07T00:19:28.759+0000] {processor.py:840} INFO - DAG(s) 'example_short_circuit_decorator' retrieved from /home/airflow/.local/lib/python3.8/site-packages/airflow/example_dags/example_short_circuit_decorator.py
[2025-01-07T00:19:28.894+0000] {logging_mixin.py:188} INFO - [2025-01-07T00:19:28.893+0000] {dag.py:3036} INFO - Sync 1 DAGs
[2025-01-07T00:19:29.001+0000] {logging_mixin.py:188} INFO - [2025-01-07T00:19:29.001+0000] {dag.py:3823} INFO - Setting next_dagrun for example_short_circuit_decorator to 2025-01-06 00:00:00+00:00, run_after=2025-01-07 00:00:00+00:00
[2025-01-07T00:19:29.111+0000] {processor.py:183} INFO - Processing /home/airflow/.local/lib/python3.8/site-packages/airflow/example_dags/example_short_circuit_decorator.py took 0.423 seconds
[2025-01-07T00:19:59.288+0000] {processor.py:161} INFO - Started process (PID=8180) to work on /home/airflow/.local/lib/python3.8/site-packages/airflow/example_dags/example_short_circuit_decorator.py
[2025-01-07T00:19:59.289+0000] {processor.py:830} INFO - Processing file /home/airflow/.local/lib/python3.8/site-packages/airflow/example_dags/example_short_circuit_decorator.py for tasks to queue
[2025-01-07T00:19:59.294+0000] {logging_mixin.py:188} INFO - [2025-01-07T00:19:59.293+0000] {dagbag.py:538} INFO - Filling up the DagBag from /home/airflow/.local/lib/python3.8/site-packages/airflow/example_dags/example_short_circuit_decorator.py
[2025-01-07T00:19:59.310+0000] {processor.py:840} INFO - DAG(s) 'example_short_circuit_decorator' retrieved from /home/airflow/.local/lib/python3.8/site-packages/airflow/example_dags/example_short_circuit_decorator.py
[2025-01-07T00:19:59.344+0000] {logging_mixin.py:188} INFO - [2025-01-07T00:19:59.344+0000] {dag.py:3036} INFO - Sync 1 DAGs
[2025-01-07T00:19:59.376+0000] {logging_mixin.py:188} INFO - [2025-01-07T00:19:59.375+0000] {dag.py:3823} INFO - Setting next_dagrun for example_short_circuit_decorator to 2025-01-06 00:00:00+00:00, run_after=2025-01-07 00:00:00+00:00
[2025-01-07T00:19:59.404+0000] {processor.py:183} INFO - Processing /home/airflow/.local/lib/python3.8/site-packages/airflow/example_dags/example_short_circuit_decorator.py took 0.120 seconds
[2025-01-07T00:20:29.931+0000] {processor.py:161} INFO - Started process (PID=8237) to work on /home/airflow/.local/lib/python3.8/site-packages/airflow/example_dags/example_short_circuit_decorator.py
[2025-01-07T00:20:29.932+0000] {processor.py:830} INFO - Processing file /home/airflow/.local/lib/python3.8/site-packages/airflow/example_dags/example_short_circuit_decorator.py for tasks to queue
[2025-01-07T00:20:29.935+0000] {logging_mixin.py:188} INFO - [2025-01-07T00:20:29.934+0000] {dagbag.py:538} INFO - Filling up the DagBag from /home/airflow/.local/lib/python3.8/site-packages/airflow/example_dags/example_short_circuit_decorator.py
[2025-01-07T00:20:29.945+0000] {processor.py:840} INFO - DAG(s) 'example_short_circuit_decorator' retrieved from /home/airflow/.local/lib/python3.8/site-packages/airflow/example_dags/example_short_circuit_decorator.py
[2025-01-07T00:20:29.974+0000] {logging_mixin.py:188} INFO - [2025-01-07T00:20:29.974+0000] {dag.py:3036} INFO - Sync 1 DAGs
[2025-01-07T00:20:30.009+0000] {logging_mixin.py:188} INFO - [2025-01-07T00:20:30.009+0000] {dag.py:3823} INFO - Setting next_dagrun for example_short_circuit_decorator to 2025-01-06 00:00:00+00:00, run_after=2025-01-07 00:00:00+00:00
[2025-01-07T00:20:30.031+0000] {processor.py:183} INFO - Processing /home/airflow/.local/lib/python3.8/site-packages/airflow/example_dags/example_short_circuit_decorator.py took 0.104 seconds
[2025-01-07T00:21:00.414+0000] {processor.py:161} INFO - Started process (PID=8295) to work on /home/airflow/.local/lib/python3.8/site-packages/airflow/example_dags/example_short_circuit_decorator.py
[2025-01-07T00:21:00.415+0000] {processor.py:830} INFO - Processing file /home/airflow/.local/lib/python3.8/site-packages/airflow/example_dags/example_short_circuit_decorator.py for tasks to queue
[2025-01-07T00:21:00.417+0000] {logging_mixin.py:188} INFO - [2025-01-07T00:21:00.417+0000] {dagbag.py:538} INFO - Filling up the DagBag from /home/airflow/.local/lib/python3.8/site-packages/airflow/example_dags/example_short_circuit_decorator.py
[2025-01-07T00:21:00.434+0000] {processor.py:840} INFO - DAG(s) 'example_short_circuit_decorator' retrieved from /home/airflow/.local/lib/python3.8/site-packages/airflow/example_dags/example_short_circuit_decorator.py
[2025-01-07T00:21:00.465+0000] {logging_mixin.py:188} INFO - [2025-01-07T00:21:00.465+0000] {dag.py:3036} INFO - Sync 1 DAGs
[2025-01-07T00:21:00.497+0000] {logging_mixin.py:188} INFO - [2025-01-07T00:21:00.497+0000] {dag.py:3823} INFO - Setting next_dagrun for example_short_circuit_decorator to 2025-01-06 00:00:00+00:00, run_after=2025-01-07 00:00:00+00:00
[2025-01-07T00:21:00.523+0000] {processor.py:183} INFO - Processing /home/airflow/.local/lib/python3.8/site-packages/airflow/example_dags/example_short_circuit_decorator.py took 0.113 seconds
[2025-01-07T00:21:32.512+0000] {processor.py:161} INFO - Started process (PID=8352) to work on /home/airflow/.local/lib/python3.8/site-packages/airflow/example_dags/example_short_circuit_decorator.py
[2025-01-07T00:21:32.529+0000] {processor.py:830} INFO - Processing file /home/airflow/.local/lib/python3.8/site-packages/airflow/example_dags/example_short_circuit_decorator.py for tasks to queue
[2025-01-07T00:21:32.539+0000] {logging_mixin.py:188} INFO - [2025-01-07T00:21:32.539+0000] {dagbag.py:538} INFO - Filling up the DagBag from /home/airflow/.local/lib/python3.8/site-packages/airflow/example_dags/example_short_circuit_decorator.py
[2025-01-07T00:21:32.584+0000] {processor.py:840} INFO - DAG(s) 'example_short_circuit_decorator' retrieved from /home/airflow/.local/lib/python3.8/site-packages/airflow/example_dags/example_short_circuit_decorator.py
[2025-01-07T00:21:32.716+0000] {logging_mixin.py:188} INFO - [2025-01-07T00:21:32.716+0000] {dag.py:3036} INFO - Sync 1 DAGs
[2025-01-07T00:21:32.845+0000] {logging_mixin.py:188} INFO - [2025-01-07T00:21:32.844+0000] {dag.py:3823} INFO - Setting next_dagrun for example_short_circuit_decorator to 2025-01-06 00:00:00+00:00, run_after=2025-01-07 00:00:00+00:00
[2025-01-07T00:21:32.976+0000] {processor.py:183} INFO - Processing /home/airflow/.local/lib/python3.8/site-packages/airflow/example_dags/example_short_circuit_decorator.py took 0.470 seconds
[2025-01-07T00:22:03.083+0000] {processor.py:161} INFO - Started process (PID=8409) to work on /home/airflow/.local/lib/python3.8/site-packages/airflow/example_dags/example_short_circuit_decorator.py
[2025-01-07T00:22:03.084+0000] {processor.py:830} INFO - Processing file /home/airflow/.local/lib/python3.8/site-packages/airflow/example_dags/example_short_circuit_decorator.py for tasks to queue
[2025-01-07T00:22:03.087+0000] {logging_mixin.py:188} INFO - [2025-01-07T00:22:03.087+0000] {dagbag.py:538} INFO - Filling up the DagBag from /home/airflow/.local/lib/python3.8/site-packages/airflow/example_dags/example_short_circuit_decorator.py
[2025-01-07T00:22:03.106+0000] {processor.py:840} INFO - DAG(s) 'example_short_circuit_decorator' retrieved from /home/airflow/.local/lib/python3.8/site-packages/airflow/example_dags/example_short_circuit_decorator.py
[2025-01-07T00:22:03.140+0000] {logging_mixin.py:188} INFO - [2025-01-07T00:22:03.140+0000] {dag.py:3036} INFO - Sync 1 DAGs
[2025-01-07T00:22:03.174+0000] {logging_mixin.py:188} INFO - [2025-01-07T00:22:03.174+0000] {dag.py:3823} INFO - Setting next_dagrun for example_short_circuit_decorator to 2025-01-06 00:00:00+00:00, run_after=2025-01-07 00:00:00+00:00
[2025-01-07T00:22:03.203+0000] {processor.py:183} INFO - Processing /home/airflow/.local/lib/python3.8/site-packages/airflow/example_dags/example_short_circuit_decorator.py took 0.124 seconds
[2025-01-07T00:22:33.571+0000] {processor.py:161} INFO - Started process (PID=8466) to work on /home/airflow/.local/lib/python3.8/site-packages/airflow/example_dags/example_short_circuit_decorator.py
[2025-01-07T00:22:33.573+0000] {processor.py:830} INFO - Processing file /home/airflow/.local/lib/python3.8/site-packages/airflow/example_dags/example_short_circuit_decorator.py for tasks to queue
[2025-01-07T00:22:33.576+0000] {logging_mixin.py:188} INFO - [2025-01-07T00:22:33.576+0000] {dagbag.py:538} INFO - Filling up the DagBag from /home/airflow/.local/lib/python3.8/site-packages/airflow/example_dags/example_short_circuit_decorator.py
[2025-01-07T00:22:33.594+0000] {processor.py:840} INFO - DAG(s) 'example_short_circuit_decorator' retrieved from /home/airflow/.local/lib/python3.8/site-packages/airflow/example_dags/example_short_circuit_decorator.py
[2025-01-07T00:22:33.642+0000] {logging_mixin.py:188} INFO - [2025-01-07T00:22:33.642+0000] {dag.py:3036} INFO - Sync 1 DAGs
[2025-01-07T00:22:33.698+0000] {logging_mixin.py:188} INFO - [2025-01-07T00:22:33.697+0000] {dag.py:3823} INFO - Setting next_dagrun for example_short_circuit_decorator to 2025-01-06 00:00:00+00:00, run_after=2025-01-07 00:00:00+00:00
[2025-01-07T00:22:33.736+0000] {processor.py:183} INFO - Processing /home/airflow/.local/lib/python3.8/site-packages/airflow/example_dags/example_short_circuit_decorator.py took 0.172 seconds
[2025-01-07T00:23:04.575+0000] {processor.py:161} INFO - Started process (PID=8523) to work on /home/airflow/.local/lib/python3.8/site-packages/airflow/example_dags/example_short_circuit_decorator.py
[2025-01-07T00:23:04.577+0000] {processor.py:830} INFO - Processing file /home/airflow/.local/lib/python3.8/site-packages/airflow/example_dags/example_short_circuit_decorator.py for tasks to queue
[2025-01-07T00:23:04.581+0000] {logging_mixin.py:188} INFO - [2025-01-07T00:23:04.581+0000] {dagbag.py:538} INFO - Filling up the DagBag from /home/airflow/.local/lib/python3.8/site-packages/airflow/example_dags/example_short_circuit_decorator.py
[2025-01-07T00:23:04.594+0000] {processor.py:840} INFO - DAG(s) 'example_short_circuit_decorator' retrieved from /home/airflow/.local/lib/python3.8/site-packages/airflow/example_dags/example_short_circuit_decorator.py
[2025-01-07T00:23:04.638+0000] {logging_mixin.py:188} INFO - [2025-01-07T00:23:04.638+0000] {dag.py:3036} INFO - Sync 1 DAGs
[2025-01-07T00:23:04.677+0000] {logging_mixin.py:188} INFO - [2025-01-07T00:23:04.677+0000] {dag.py:3823} INFO - Setting next_dagrun for example_short_circuit_decorator to 2025-01-06 00:00:00+00:00, run_after=2025-01-07 00:00:00+00:00
[2025-01-07T00:23:04.723+0000] {processor.py:183} INFO - Processing /home/airflow/.local/lib/python3.8/site-packages/airflow/example_dags/example_short_circuit_decorator.py took 0.153 seconds
[2025-01-07T00:23:35.179+0000] {processor.py:161} INFO - Started process (PID=8578) to work on /home/airflow/.local/lib/python3.8/site-packages/airflow/example_dags/example_short_circuit_decorator.py
[2025-01-07T00:23:35.195+0000] {processor.py:830} INFO - Processing file /home/airflow/.local/lib/python3.8/site-packages/airflow/example_dags/example_short_circuit_decorator.py for tasks to queue
[2025-01-07T00:23:35.210+0000] {logging_mixin.py:188} INFO - [2025-01-07T00:23:35.207+0000] {dagbag.py:538} INFO - Filling up the DagBag from /home/airflow/.local/lib/python3.8/site-packages/airflow/example_dags/example_short_circuit_decorator.py
[2025-01-07T00:23:35.247+0000] {processor.py:840} INFO - DAG(s) 'example_short_circuit_decorator' retrieved from /home/airflow/.local/lib/python3.8/site-packages/airflow/example_dags/example_short_circuit_decorator.py
[2025-01-07T00:23:35.322+0000] {logging_mixin.py:188} INFO - [2025-01-07T00:23:35.322+0000] {dag.py:3036} INFO - Sync 1 DAGs
[2025-01-07T00:23:35.403+0000] {logging_mixin.py:188} INFO - [2025-01-07T00:23:35.403+0000] {dag.py:3823} INFO - Setting next_dagrun for example_short_circuit_decorator to 2025-01-06 00:00:00+00:00, run_after=2025-01-07 00:00:00+00:00
[2025-01-07T00:23:35.479+0000] {processor.py:183} INFO - Processing /home/airflow/.local/lib/python3.8/site-packages/airflow/example_dags/example_short_circuit_decorator.py took 0.316 seconds
[2025-01-07T00:24:06.306+0000] {processor.py:161} INFO - Started process (PID=8635) to work on /home/airflow/.local/lib/python3.8/site-packages/airflow/example_dags/example_short_circuit_decorator.py
[2025-01-07T00:24:06.307+0000] {processor.py:830} INFO - Processing file /home/airflow/.local/lib/python3.8/site-packages/airflow/example_dags/example_short_circuit_decorator.py for tasks to queue
[2025-01-07T00:24:06.310+0000] {logging_mixin.py:188} INFO - [2025-01-07T00:24:06.310+0000] {dagbag.py:538} INFO - Filling up the DagBag from /home/airflow/.local/lib/python3.8/site-packages/airflow/example_dags/example_short_circuit_decorator.py
[2025-01-07T00:24:06.327+0000] {processor.py:840} INFO - DAG(s) 'example_short_circuit_decorator' retrieved from /home/airflow/.local/lib/python3.8/site-packages/airflow/example_dags/example_short_circuit_decorator.py
[2025-01-07T00:24:06.359+0000] {logging_mixin.py:188} INFO - [2025-01-07T00:24:06.359+0000] {dag.py:3036} INFO - Sync 1 DAGs
[2025-01-07T00:24:06.393+0000] {logging_mixin.py:188} INFO - [2025-01-07T00:24:06.392+0000] {dag.py:3823} INFO - Setting next_dagrun for example_short_circuit_decorator to 2025-01-06 00:00:00+00:00, run_after=2025-01-07 00:00:00+00:00
[2025-01-07T00:24:06.423+0000] {processor.py:183} INFO - Processing /home/airflow/.local/lib/python3.8/site-packages/airflow/example_dags/example_short_circuit_decorator.py took 0.121 seconds
[2025-01-07T00:24:36.657+0000] {processor.py:161} INFO - Started process (PID=8691) to work on /home/airflow/.local/lib/python3.8/site-packages/airflow/example_dags/example_short_circuit_decorator.py
[2025-01-07T00:24:36.659+0000] {processor.py:830} INFO - Processing file /home/airflow/.local/lib/python3.8/site-packages/airflow/example_dags/example_short_circuit_decorator.py for tasks to queue
[2025-01-07T00:24:36.665+0000] {logging_mixin.py:188} INFO - [2025-01-07T00:24:36.664+0000] {dagbag.py:538} INFO - Filling up the DagBag from /home/airflow/.local/lib/python3.8/site-packages/airflow/example_dags/example_short_circuit_decorator.py
[2025-01-07T00:24:36.689+0000] {processor.py:840} INFO - DAG(s) 'example_short_circuit_decorator' retrieved from /home/airflow/.local/lib/python3.8/site-packages/airflow/example_dags/example_short_circuit_decorator.py
[2025-01-07T00:24:36.776+0000] {logging_mixin.py:188} INFO - [2025-01-07T00:24:36.776+0000] {dag.py:3036} INFO - Sync 1 DAGs
[2025-01-07T00:24:36.835+0000] {logging_mixin.py:188} INFO - [2025-01-07T00:24:36.834+0000] {dag.py:3823} INFO - Setting next_dagrun for example_short_circuit_decorator to 2025-01-06 00:00:00+00:00, run_after=2025-01-07 00:00:00+00:00
[2025-01-07T00:24:37.120+0000] {processor.py:183} INFO - Processing /home/airflow/.local/lib/python3.8/site-packages/airflow/example_dags/example_short_circuit_decorator.py took 0.469 seconds
