[2025-01-07T00:00:18.521+0000] {processor.py:161} INFO - Started process (PID=5963) to work on /home/airflow/.local/lib/python3.8/site-packages/airflow/example_dags/example_branch_python_dop_operator_3.py
[2025-01-07T00:00:18.524+0000] {processor.py:830} INFO - Processing file /home/airflow/.local/lib/python3.8/site-packages/airflow/example_dags/example_branch_python_dop_operator_3.py for tasks to queue
[2025-01-07T00:00:18.536+0000] {logging_mixin.py:188} INFO - [2025-01-07T00:00:18.536+0000] {dagbag.py:538} INFO - Filling up the DagBag from /home/airflow/.local/lib/python3.8/site-packages/airflow/example_dags/example_branch_python_dop_operator_3.py
[2025-01-07T00:00:18.574+0000] {processor.py:840} INFO - DAG(s) 'example_branch_dop_operator_v3' retrieved from /home/airflow/.local/lib/python3.8/site-packages/airflow/example_dags/example_branch_python_dop_operator_3.py
[2025-01-07T00:00:18.670+0000] {logging_mixin.py:188} INFO - [2025-01-07T00:00:18.670+0000] {dag.py:3036} INFO - Sync 1 DAGs
[2025-01-07T00:00:18.802+0000] {logging_mixin.py:188} INFO - [2025-01-07T00:00:18.802+0000] {dag.py:3823} INFO - Setting next_dagrun for example_branch_dop_operator_v3 to 2025-01-06 23:59:00+00:00, run_after=2025-01-07 00:00:00+00:00
[2025-01-07T00:00:18.881+0000] {processor.py:183} INFO - Processing /home/airflow/.local/lib/python3.8/site-packages/airflow/example_dags/example_branch_python_dop_operator_3.py took 0.367 seconds
[2025-01-07T00:00:49.341+0000] {processor.py:161} INFO - Started process (PID=6026) to work on /home/airflow/.local/lib/python3.8/site-packages/airflow/example_dags/example_branch_python_dop_operator_3.py
[2025-01-07T00:00:49.342+0000] {processor.py:830} INFO - Processing file /home/airflow/.local/lib/python3.8/site-packages/airflow/example_dags/example_branch_python_dop_operator_3.py for tasks to queue
[2025-01-07T00:00:49.345+0000] {logging_mixin.py:188} INFO - [2025-01-07T00:00:49.345+0000] {dagbag.py:538} INFO - Filling up the DagBag from /home/airflow/.local/lib/python3.8/site-packages/airflow/example_dags/example_branch_python_dop_operator_3.py
[2025-01-07T00:00:49.360+0000] {processor.py:840} INFO - DAG(s) 'example_branch_dop_operator_v3' retrieved from /home/airflow/.local/lib/python3.8/site-packages/airflow/example_dags/example_branch_python_dop_operator_3.py
[2025-01-07T00:00:49.391+0000] {logging_mixin.py:188} INFO - [2025-01-07T00:00:49.391+0000] {dag.py:3036} INFO - Sync 1 DAGs
[2025-01-07T00:00:49.433+0000] {logging_mixin.py:188} INFO - [2025-01-07T00:00:49.433+0000] {dag.py:3823} INFO - Setting next_dagrun for example_branch_dop_operator_v3 to 2025-01-06 23:59:00+00:00, run_after=2025-01-07 00:00:00+00:00
[2025-01-07T00:00:49.481+0000] {processor.py:183} INFO - Processing /home/airflow/.local/lib/python3.8/site-packages/airflow/example_dags/example_branch_python_dop_operator_3.py took 0.145 seconds
[2025-01-07T00:01:19.595+0000] {processor.py:161} INFO - Started process (PID=6083) to work on /home/airflow/.local/lib/python3.8/site-packages/airflow/example_dags/example_branch_python_dop_operator_3.py
[2025-01-07T00:01:19.597+0000] {processor.py:830} INFO - Processing file /home/airflow/.local/lib/python3.8/site-packages/airflow/example_dags/example_branch_python_dop_operator_3.py for tasks to queue
[2025-01-07T00:01:19.600+0000] {logging_mixin.py:188} INFO - [2025-01-07T00:01:19.599+0000] {dagbag.py:538} INFO - Filling up the DagBag from /home/airflow/.local/lib/python3.8/site-packages/airflow/example_dags/example_branch_python_dop_operator_3.py
[2025-01-07T00:01:19.614+0000] {processor.py:840} INFO - DAG(s) 'example_branch_dop_operator_v3' retrieved from /home/airflow/.local/lib/python3.8/site-packages/airflow/example_dags/example_branch_python_dop_operator_3.py
[2025-01-07T00:01:19.642+0000] {logging_mixin.py:188} INFO - [2025-01-07T00:01:19.642+0000] {dag.py:3036} INFO - Sync 1 DAGs
[2025-01-07T00:01:19.693+0000] {logging_mixin.py:188} INFO - [2025-01-07T00:01:19.693+0000] {dag.py:3823} INFO - Setting next_dagrun for example_branch_dop_operator_v3 to 2025-01-07 00:00:00+00:00, run_after=2025-01-07 00:01:00+00:00
[2025-01-07T00:01:19.724+0000] {processor.py:183} INFO - Processing /home/airflow/.local/lib/python3.8/site-packages/airflow/example_dags/example_branch_python_dop_operator_3.py took 0.133 seconds
[2025-01-07T00:01:50.122+0000] {processor.py:161} INFO - Started process (PID=6140) to work on /home/airflow/.local/lib/python3.8/site-packages/airflow/example_dags/example_branch_python_dop_operator_3.py
[2025-01-07T00:01:50.124+0000] {processor.py:830} INFO - Processing file /home/airflow/.local/lib/python3.8/site-packages/airflow/example_dags/example_branch_python_dop_operator_3.py for tasks to queue
[2025-01-07T00:01:50.127+0000] {logging_mixin.py:188} INFO - [2025-01-07T00:01:50.126+0000] {dagbag.py:538} INFO - Filling up the DagBag from /home/airflow/.local/lib/python3.8/site-packages/airflow/example_dags/example_branch_python_dop_operator_3.py
[2025-01-07T00:01:50.141+0000] {processor.py:840} INFO - DAG(s) 'example_branch_dop_operator_v3' retrieved from /home/airflow/.local/lib/python3.8/site-packages/airflow/example_dags/example_branch_python_dop_operator_3.py
[2025-01-07T00:01:50.179+0000] {logging_mixin.py:188} INFO - [2025-01-07T00:01:50.179+0000] {dag.py:3036} INFO - Sync 1 DAGs
[2025-01-07T00:01:50.234+0000] {logging_mixin.py:188} INFO - [2025-01-07T00:01:50.233+0000] {dag.py:3823} INFO - Setting next_dagrun for example_branch_dop_operator_v3 to 2025-01-07 00:00:00+00:00, run_after=2025-01-07 00:01:00+00:00
[2025-01-07T00:01:50.267+0000] {processor.py:183} INFO - Processing /home/airflow/.local/lib/python3.8/site-packages/airflow/example_dags/example_branch_python_dop_operator_3.py took 0.150 seconds
[2025-01-07T00:02:20.484+0000] {processor.py:161} INFO - Started process (PID=6202) to work on /home/airflow/.local/lib/python3.8/site-packages/airflow/example_dags/example_branch_python_dop_operator_3.py
[2025-01-07T00:02:20.487+0000] {processor.py:830} INFO - Processing file /home/airflow/.local/lib/python3.8/site-packages/airflow/example_dags/example_branch_python_dop_operator_3.py for tasks to queue
[2025-01-07T00:02:20.492+0000] {logging_mixin.py:188} INFO - [2025-01-07T00:02:20.490+0000] {dagbag.py:538} INFO - Filling up the DagBag from /home/airflow/.local/lib/python3.8/site-packages/airflow/example_dags/example_branch_python_dop_operator_3.py
[2025-01-07T00:02:20.538+0000] {processor.py:840} INFO - DAG(s) 'example_branch_dop_operator_v3' retrieved from /home/airflow/.local/lib/python3.8/site-packages/airflow/example_dags/example_branch_python_dop_operator_3.py
[2025-01-07T00:02:20.602+0000] {logging_mixin.py:188} INFO - [2025-01-07T00:02:20.602+0000] {dag.py:3036} INFO - Sync 1 DAGs
[2025-01-07T00:02:20.722+0000] {logging_mixin.py:188} INFO - [2025-01-07T00:02:20.721+0000] {dag.py:3823} INFO - Setting next_dagrun for example_branch_dop_operator_v3 to 2025-01-07 00:01:00+00:00, run_after=2025-01-07 00:02:00+00:00
[2025-01-07T00:02:20.814+0000] {processor.py:183} INFO - Processing /home/airflow/.local/lib/python3.8/site-packages/airflow/example_dags/example_branch_python_dop_operator_3.py took 0.346 seconds
[2025-01-07T00:02:51.279+0000] {processor.py:161} INFO - Started process (PID=6264) to work on /home/airflow/.local/lib/python3.8/site-packages/airflow/example_dags/example_branch_python_dop_operator_3.py
[2025-01-07T00:02:51.281+0000] {processor.py:830} INFO - Processing file /home/airflow/.local/lib/python3.8/site-packages/airflow/example_dags/example_branch_python_dop_operator_3.py for tasks to queue
[2025-01-07T00:02:51.284+0000] {logging_mixin.py:188} INFO - [2025-01-07T00:02:51.284+0000] {dagbag.py:538} INFO - Filling up the DagBag from /home/airflow/.local/lib/python3.8/site-packages/airflow/example_dags/example_branch_python_dop_operator_3.py
[2025-01-07T00:02:51.298+0000] {processor.py:840} INFO - DAG(s) 'example_branch_dop_operator_v3' retrieved from /home/airflow/.local/lib/python3.8/site-packages/airflow/example_dags/example_branch_python_dop_operator_3.py
[2025-01-07T00:02:51.332+0000] {logging_mixin.py:188} INFO - [2025-01-07T00:02:51.332+0000] {dag.py:3036} INFO - Sync 1 DAGs
[2025-01-07T00:02:51.382+0000] {logging_mixin.py:188} INFO - [2025-01-07T00:02:51.381+0000] {dag.py:3823} INFO - Setting next_dagrun for example_branch_dop_operator_v3 to 2025-01-07 00:01:00+00:00, run_after=2025-01-07 00:02:00+00:00
[2025-01-07T00:02:51.416+0000] {processor.py:183} INFO - Processing /home/airflow/.local/lib/python3.8/site-packages/airflow/example_dags/example_branch_python_dop_operator_3.py took 0.145 seconds
[2025-01-07T00:03:21.564+0000] {processor.py:161} INFO - Started process (PID=6321) to work on /home/airflow/.local/lib/python3.8/site-packages/airflow/example_dags/example_branch_python_dop_operator_3.py
[2025-01-07T00:03:21.566+0000] {processor.py:830} INFO - Processing file /home/airflow/.local/lib/python3.8/site-packages/airflow/example_dags/example_branch_python_dop_operator_3.py for tasks to queue
[2025-01-07T00:03:21.569+0000] {logging_mixin.py:188} INFO - [2025-01-07T00:03:21.568+0000] {dagbag.py:538} INFO - Filling up the DagBag from /home/airflow/.local/lib/python3.8/site-packages/airflow/example_dags/example_branch_python_dop_operator_3.py
[2025-01-07T00:03:21.591+0000] {processor.py:840} INFO - DAG(s) 'example_branch_dop_operator_v3' retrieved from /home/airflow/.local/lib/python3.8/site-packages/airflow/example_dags/example_branch_python_dop_operator_3.py
[2025-01-07T00:03:21.640+0000] {logging_mixin.py:188} INFO - [2025-01-07T00:03:21.640+0000] {dag.py:3036} INFO - Sync 1 DAGs
[2025-01-07T00:03:21.711+0000] {logging_mixin.py:188} INFO - [2025-01-07T00:03:21.710+0000] {dag.py:3823} INFO - Setting next_dagrun for example_branch_dop_operator_v3 to 2025-01-07 00:02:00+00:00, run_after=2025-01-07 00:03:00+00:00
[2025-01-07T00:03:21.750+0000] {processor.py:183} INFO - Processing /home/airflow/.local/lib/python3.8/site-packages/airflow/example_dags/example_branch_python_dop_operator_3.py took 0.190 seconds
[2025-01-07T00:03:51.976+0000] {processor.py:161} INFO - Started process (PID=6376) to work on /home/airflow/.local/lib/python3.8/site-packages/airflow/example_dags/example_branch_python_dop_operator_3.py
[2025-01-07T00:03:51.977+0000] {processor.py:830} INFO - Processing file /home/airflow/.local/lib/python3.8/site-packages/airflow/example_dags/example_branch_python_dop_operator_3.py for tasks to queue
[2025-01-07T00:03:51.980+0000] {logging_mixin.py:188} INFO - [2025-01-07T00:03:51.980+0000] {dagbag.py:538} INFO - Filling up the DagBag from /home/airflow/.local/lib/python3.8/site-packages/airflow/example_dags/example_branch_python_dop_operator_3.py
[2025-01-07T00:03:51.993+0000] {processor.py:840} INFO - DAG(s) 'example_branch_dop_operator_v3' retrieved from /home/airflow/.local/lib/python3.8/site-packages/airflow/example_dags/example_branch_python_dop_operator_3.py
[2025-01-07T00:03:52.021+0000] {logging_mixin.py:188} INFO - [2025-01-07T00:03:52.021+0000] {dag.py:3036} INFO - Sync 1 DAGs
[2025-01-07T00:03:52.063+0000] {logging_mixin.py:188} INFO - [2025-01-07T00:03:52.063+0000] {dag.py:3823} INFO - Setting next_dagrun for example_branch_dop_operator_v3 to 2025-01-07 00:02:00+00:00, run_after=2025-01-07 00:03:00+00:00
[2025-01-07T00:03:52.094+0000] {processor.py:183} INFO - Processing /home/airflow/.local/lib/python3.8/site-packages/airflow/example_dags/example_branch_python_dop_operator_3.py took 0.123 seconds
[2025-01-07T00:04:22.450+0000] {processor.py:161} INFO - Started process (PID=6434) to work on /home/airflow/.local/lib/python3.8/site-packages/airflow/example_dags/example_branch_python_dop_operator_3.py
[2025-01-07T00:04:22.452+0000] {processor.py:830} INFO - Processing file /home/airflow/.local/lib/python3.8/site-packages/airflow/example_dags/example_branch_python_dop_operator_3.py for tasks to queue
[2025-01-07T00:04:22.456+0000] {logging_mixin.py:188} INFO - [2025-01-07T00:04:22.455+0000] {dagbag.py:538} INFO - Filling up the DagBag from /home/airflow/.local/lib/python3.8/site-packages/airflow/example_dags/example_branch_python_dop_operator_3.py
[2025-01-07T00:04:22.477+0000] {processor.py:840} INFO - DAG(s) 'example_branch_dop_operator_v3' retrieved from /home/airflow/.local/lib/python3.8/site-packages/airflow/example_dags/example_branch_python_dop_operator_3.py
[2025-01-07T00:04:22.504+0000] {logging_mixin.py:188} INFO - [2025-01-07T00:04:22.503+0000] {dag.py:3036} INFO - Sync 1 DAGs
[2025-01-07T00:04:22.551+0000] {logging_mixin.py:188} INFO - [2025-01-07T00:04:22.551+0000] {dag.py:3823} INFO - Setting next_dagrun for example_branch_dop_operator_v3 to 2025-01-07 00:03:00+00:00, run_after=2025-01-07 00:04:00+00:00
[2025-01-07T00:04:22.583+0000] {processor.py:183} INFO - Processing /home/airflow/.local/lib/python3.8/site-packages/airflow/example_dags/example_branch_python_dop_operator_3.py took 0.143 seconds
[2025-01-07T00:04:52.671+0000] {processor.py:161} INFO - Started process (PID=6491) to work on /home/airflow/.local/lib/python3.8/site-packages/airflow/example_dags/example_branch_python_dop_operator_3.py
[2025-01-07T00:04:52.673+0000] {processor.py:830} INFO - Processing file /home/airflow/.local/lib/python3.8/site-packages/airflow/example_dags/example_branch_python_dop_operator_3.py for tasks to queue
[2025-01-07T00:04:52.675+0000] {logging_mixin.py:188} INFO - [2025-01-07T00:04:52.675+0000] {dagbag.py:538} INFO - Filling up the DagBag from /home/airflow/.local/lib/python3.8/site-packages/airflow/example_dags/example_branch_python_dop_operator_3.py
[2025-01-07T00:04:52.690+0000] {processor.py:840} INFO - DAG(s) 'example_branch_dop_operator_v3' retrieved from /home/airflow/.local/lib/python3.8/site-packages/airflow/example_dags/example_branch_python_dop_operator_3.py
[2025-01-07T00:04:52.718+0000] {logging_mixin.py:188} INFO - [2025-01-07T00:04:52.717+0000] {dag.py:3036} INFO - Sync 1 DAGs
[2025-01-07T00:04:52.766+0000] {logging_mixin.py:188} INFO - [2025-01-07T00:04:52.765+0000] {dag.py:3823} INFO - Setting next_dagrun for example_branch_dop_operator_v3 to 2025-01-07 00:03:00+00:00, run_after=2025-01-07 00:04:00+00:00
[2025-01-07T00:04:52.797+0000] {processor.py:183} INFO - Processing /home/airflow/.local/lib/python3.8/site-packages/airflow/example_dags/example_branch_python_dop_operator_3.py took 0.130 seconds
[2025-01-07T00:05:23.326+0000] {processor.py:161} INFO - Started process (PID=6546) to work on /home/airflow/.local/lib/python3.8/site-packages/airflow/example_dags/example_branch_python_dop_operator_3.py
[2025-01-07T00:05:23.327+0000] {processor.py:830} INFO - Processing file /home/airflow/.local/lib/python3.8/site-packages/airflow/example_dags/example_branch_python_dop_operator_3.py for tasks to queue
[2025-01-07T00:05:23.330+0000] {logging_mixin.py:188} INFO - [2025-01-07T00:05:23.330+0000] {dagbag.py:538} INFO - Filling up the DagBag from /home/airflow/.local/lib/python3.8/site-packages/airflow/example_dags/example_branch_python_dop_operator_3.py
[2025-01-07T00:05:23.346+0000] {processor.py:840} INFO - DAG(s) 'example_branch_dop_operator_v3' retrieved from /home/airflow/.local/lib/python3.8/site-packages/airflow/example_dags/example_branch_python_dop_operator_3.py
[2025-01-07T00:05:23.375+0000] {logging_mixin.py:188} INFO - [2025-01-07T00:05:23.375+0000] {dag.py:3036} INFO - Sync 1 DAGs
[2025-01-07T00:05:23.423+0000] {logging_mixin.py:188} INFO - [2025-01-07T00:05:23.422+0000] {dag.py:3823} INFO - Setting next_dagrun for example_branch_dop_operator_v3 to 2025-01-07 00:04:00+00:00, run_after=2025-01-07 00:05:00+00:00
[2025-01-07T00:05:23.454+0000] {processor.py:183} INFO - Processing /home/airflow/.local/lib/python3.8/site-packages/airflow/example_dags/example_branch_python_dop_operator_3.py took 0.136 seconds
[2025-01-07T00:05:53.764+0000] {processor.py:161} INFO - Started process (PID=6598) to work on /home/airflow/.local/lib/python3.8/site-packages/airflow/example_dags/example_branch_python_dop_operator_3.py
[2025-01-07T00:05:53.766+0000] {processor.py:830} INFO - Processing file /home/airflow/.local/lib/python3.8/site-packages/airflow/example_dags/example_branch_python_dop_operator_3.py for tasks to queue
[2025-01-07T00:05:53.769+0000] {logging_mixin.py:188} INFO - [2025-01-07T00:05:53.768+0000] {dagbag.py:538} INFO - Filling up the DagBag from /home/airflow/.local/lib/python3.8/site-packages/airflow/example_dags/example_branch_python_dop_operator_3.py
[2025-01-07T00:05:53.782+0000] {processor.py:840} INFO - DAG(s) 'example_branch_dop_operator_v3' retrieved from /home/airflow/.local/lib/python3.8/site-packages/airflow/example_dags/example_branch_python_dop_operator_3.py
[2025-01-07T00:05:53.810+0000] {logging_mixin.py:188} INFO - [2025-01-07T00:05:53.810+0000] {dag.py:3036} INFO - Sync 1 DAGs
[2025-01-07T00:05:53.855+0000] {logging_mixin.py:188} INFO - [2025-01-07T00:05:53.854+0000] {dag.py:3823} INFO - Setting next_dagrun for example_branch_dop_operator_v3 to 2025-01-07 00:04:00+00:00, run_after=2025-01-07 00:05:00+00:00
[2025-01-07T00:05:53.886+0000] {processor.py:183} INFO - Processing /home/airflow/.local/lib/python3.8/site-packages/airflow/example_dags/example_branch_python_dop_operator_3.py took 0.126 seconds
[2025-01-07T00:06:23.952+0000] {processor.py:161} INFO - Started process (PID=6654) to work on /home/airflow/.local/lib/python3.8/site-packages/airflow/example_dags/example_branch_python_dop_operator_3.py
[2025-01-07T00:06:23.954+0000] {processor.py:830} INFO - Processing file /home/airflow/.local/lib/python3.8/site-packages/airflow/example_dags/example_branch_python_dop_operator_3.py for tasks to queue
[2025-01-07T00:06:23.957+0000] {logging_mixin.py:188} INFO - [2025-01-07T00:06:23.957+0000] {dagbag.py:538} INFO - Filling up the DagBag from /home/airflow/.local/lib/python3.8/site-packages/airflow/example_dags/example_branch_python_dop_operator_3.py
[2025-01-07T00:06:23.975+0000] {processor.py:840} INFO - DAG(s) 'example_branch_dop_operator_v3' retrieved from /home/airflow/.local/lib/python3.8/site-packages/airflow/example_dags/example_branch_python_dop_operator_3.py
[2025-01-07T00:06:24.018+0000] {logging_mixin.py:188} INFO - [2025-01-07T00:06:24.017+0000] {dag.py:3036} INFO - Sync 1 DAGs
[2025-01-07T00:06:24.067+0000] {logging_mixin.py:188} INFO - [2025-01-07T00:06:24.067+0000] {dag.py:3823} INFO - Setting next_dagrun for example_branch_dop_operator_v3 to 2025-01-07 00:05:00+00:00, run_after=2025-01-07 00:06:00+00:00
[2025-01-07T00:06:24.112+0000] {processor.py:183} INFO - Processing /home/airflow/.local/lib/python3.8/site-packages/airflow/example_dags/example_branch_python_dop_operator_3.py took 0.165 seconds
[2025-01-07T00:06:56.882+0000] {processor.py:161} INFO - Started process (PID=6722) to work on /home/airflow/.local/lib/python3.8/site-packages/airflow/example_dags/example_branch_python_dop_operator_3.py
[2025-01-07T00:06:56.901+0000] {processor.py:830} INFO - Processing file /home/airflow/.local/lib/python3.8/site-packages/airflow/example_dags/example_branch_python_dop_operator_3.py for tasks to queue
[2025-01-07T00:06:56.904+0000] {logging_mixin.py:188} INFO - [2025-01-07T00:06:56.904+0000] {dagbag.py:538} INFO - Filling up the DagBag from /home/airflow/.local/lib/python3.8/site-packages/airflow/example_dags/example_branch_python_dop_operator_3.py
[2025-01-07T00:06:56.966+0000] {processor.py:840} INFO - DAG(s) 'example_branch_dop_operator_v3' retrieved from /home/airflow/.local/lib/python3.8/site-packages/airflow/example_dags/example_branch_python_dop_operator_3.py
[2025-01-07T00:06:57.136+0000] {logging_mixin.py:188} INFO - [2025-01-07T00:06:57.135+0000] {dag.py:3036} INFO - Sync 1 DAGs
[2025-01-07T00:06:57.316+0000] {logging_mixin.py:188} INFO - [2025-01-07T00:06:57.310+0000] {dag.py:3823} INFO - Setting next_dagrun for example_branch_dop_operator_v3 to 2025-01-07 00:05:00+00:00, run_after=2025-01-07 00:06:00+00:00
[2025-01-07T00:06:57.541+0000] {processor.py:183} INFO - Processing /home/airflow/.local/lib/python3.8/site-packages/airflow/example_dags/example_branch_python_dop_operator_3.py took 0.675 seconds
[2025-01-07T00:07:28.919+0000] {processor.py:161} INFO - Started process (PID=6778) to work on /home/airflow/.local/lib/python3.8/site-packages/airflow/example_dags/example_branch_python_dop_operator_3.py
[2025-01-07T00:07:28.921+0000] {processor.py:830} INFO - Processing file /home/airflow/.local/lib/python3.8/site-packages/airflow/example_dags/example_branch_python_dop_operator_3.py for tasks to queue
[2025-01-07T00:07:28.925+0000] {logging_mixin.py:188} INFO - [2025-01-07T00:07:28.925+0000] {dagbag.py:538} INFO - Filling up the DagBag from /home/airflow/.local/lib/python3.8/site-packages/airflow/example_dags/example_branch_python_dop_operator_3.py
[2025-01-07T00:07:28.940+0000] {processor.py:840} INFO - DAG(s) 'example_branch_dop_operator_v3' retrieved from /home/airflow/.local/lib/python3.8/site-packages/airflow/example_dags/example_branch_python_dop_operator_3.py
[2025-01-07T00:07:28.978+0000] {logging_mixin.py:188} INFO - [2025-01-07T00:07:28.978+0000] {dag.py:3036} INFO - Sync 1 DAGs
[2025-01-07T00:07:29.026+0000] {logging_mixin.py:188} INFO - [2025-01-07T00:07:29.025+0000] {dag.py:3823} INFO - Setting next_dagrun for example_branch_dop_operator_v3 to 2025-01-07 00:06:00+00:00, run_after=2025-01-07 00:07:00+00:00
[2025-01-07T00:07:29.058+0000] {processor.py:183} INFO - Processing /home/airflow/.local/lib/python3.8/site-packages/airflow/example_dags/example_branch_python_dop_operator_3.py took 0.143 seconds
[2025-01-07T00:07:59.127+0000] {processor.py:161} INFO - Started process (PID=6835) to work on /home/airflow/.local/lib/python3.8/site-packages/airflow/example_dags/example_branch_python_dop_operator_3.py
[2025-01-07T00:07:59.128+0000] {processor.py:830} INFO - Processing file /home/airflow/.local/lib/python3.8/site-packages/airflow/example_dags/example_branch_python_dop_operator_3.py for tasks to queue
[2025-01-07T00:07:59.131+0000] {logging_mixin.py:188} INFO - [2025-01-07T00:07:59.131+0000] {dagbag.py:538} INFO - Filling up the DagBag from /home/airflow/.local/lib/python3.8/site-packages/airflow/example_dags/example_branch_python_dop_operator_3.py
[2025-01-07T00:07:59.145+0000] {processor.py:840} INFO - DAG(s) 'example_branch_dop_operator_v3' retrieved from /home/airflow/.local/lib/python3.8/site-packages/airflow/example_dags/example_branch_python_dop_operator_3.py
[2025-01-07T00:07:59.169+0000] {logging_mixin.py:188} INFO - [2025-01-07T00:07:59.168+0000] {dag.py:3036} INFO - Sync 1 DAGs
[2025-01-07T00:07:59.212+0000] {logging_mixin.py:188} INFO - [2025-01-07T00:07:59.212+0000] {dag.py:3823} INFO - Setting next_dagrun for example_branch_dop_operator_v3 to 2025-01-07 00:06:00+00:00, run_after=2025-01-07 00:07:00+00:00
[2025-01-07T00:07:59.238+0000] {processor.py:183} INFO - Processing /home/airflow/.local/lib/python3.8/site-packages/airflow/example_dags/example_branch_python_dop_operator_3.py took 0.115 seconds
[2025-01-07T00:08:30.048+0000] {processor.py:161} INFO - Started process (PID=6893) to work on /home/airflow/.local/lib/python3.8/site-packages/airflow/example_dags/example_branch_python_dop_operator_3.py
[2025-01-07T00:08:30.049+0000] {processor.py:830} INFO - Processing file /home/airflow/.local/lib/python3.8/site-packages/airflow/example_dags/example_branch_python_dop_operator_3.py for tasks to queue
[2025-01-07T00:08:30.052+0000] {logging_mixin.py:188} INFO - [2025-01-07T00:08:30.052+0000] {dagbag.py:538} INFO - Filling up the DagBag from /home/airflow/.local/lib/python3.8/site-packages/airflow/example_dags/example_branch_python_dop_operator_3.py
[2025-01-07T00:08:30.068+0000] {processor.py:840} INFO - DAG(s) 'example_branch_dop_operator_v3' retrieved from /home/airflow/.local/lib/python3.8/site-packages/airflow/example_dags/example_branch_python_dop_operator_3.py
[2025-01-07T00:08:30.143+0000] {logging_mixin.py:188} INFO - [2025-01-07T00:08:30.142+0000] {dag.py:3036} INFO - Sync 1 DAGs
[2025-01-07T00:08:30.269+0000] {logging_mixin.py:188} INFO - [2025-01-07T00:08:30.269+0000] {dag.py:3823} INFO - Setting next_dagrun for example_branch_dop_operator_v3 to 2025-01-07 00:07:00+00:00, run_after=2025-01-07 00:08:00+00:00
[2025-01-07T00:08:30.401+0000] {processor.py:183} INFO - Processing /home/airflow/.local/lib/python3.8/site-packages/airflow/example_dags/example_branch_python_dop_operator_3.py took 0.357 seconds
[2025-01-07T00:09:00.630+0000] {processor.py:161} INFO - Started process (PID=6960) to work on /home/airflow/.local/lib/python3.8/site-packages/airflow/example_dags/example_branch_python_dop_operator_3.py
[2025-01-07T00:09:00.633+0000] {processor.py:830} INFO - Processing file /home/airflow/.local/lib/python3.8/site-packages/airflow/example_dags/example_branch_python_dop_operator_3.py for tasks to queue
[2025-01-07T00:09:00.646+0000] {logging_mixin.py:188} INFO - [2025-01-07T00:09:00.645+0000] {dagbag.py:538} INFO - Filling up the DagBag from /home/airflow/.local/lib/python3.8/site-packages/airflow/example_dags/example_branch_python_dop_operator_3.py
[2025-01-07T00:09:00.694+0000] {processor.py:840} INFO - DAG(s) 'example_branch_dop_operator_v3' retrieved from /home/airflow/.local/lib/python3.8/site-packages/airflow/example_dags/example_branch_python_dop_operator_3.py
[2025-01-07T00:09:00.825+0000] {logging_mixin.py:188} INFO - [2025-01-07T00:09:00.824+0000] {dag.py:3036} INFO - Sync 1 DAGs
[2025-01-07T00:09:01.021+0000] {logging_mixin.py:188} INFO - [2025-01-07T00:09:01.021+0000] {dag.py:3823} INFO - Setting next_dagrun for example_branch_dop_operator_v3 to 2025-01-07 00:08:00+00:00, run_after=2025-01-07 00:09:00+00:00
[2025-01-07T00:09:01.136+0000] {processor.py:183} INFO - Processing /home/airflow/.local/lib/python3.8/site-packages/airflow/example_dags/example_branch_python_dop_operator_3.py took 0.513 seconds
[2025-01-07T00:09:31.257+0000] {processor.py:161} INFO - Started process (PID=7017) to work on /home/airflow/.local/lib/python3.8/site-packages/airflow/example_dags/example_branch_python_dop_operator_3.py
[2025-01-07T00:09:31.258+0000] {processor.py:830} INFO - Processing file /home/airflow/.local/lib/python3.8/site-packages/airflow/example_dags/example_branch_python_dop_operator_3.py for tasks to queue
[2025-01-07T00:09:31.260+0000] {logging_mixin.py:188} INFO - [2025-01-07T00:09:31.260+0000] {dagbag.py:538} INFO - Filling up the DagBag from /home/airflow/.local/lib/python3.8/site-packages/airflow/example_dags/example_branch_python_dop_operator_3.py
[2025-01-07T00:09:31.271+0000] {processor.py:840} INFO - DAG(s) 'example_branch_dop_operator_v3' retrieved from /home/airflow/.local/lib/python3.8/site-packages/airflow/example_dags/example_branch_python_dop_operator_3.py
[2025-01-07T00:09:31.294+0000] {logging_mixin.py:188} INFO - [2025-01-07T00:09:31.294+0000] {dag.py:3036} INFO - Sync 1 DAGs
[2025-01-07T00:09:31.334+0000] {logging_mixin.py:188} INFO - [2025-01-07T00:09:31.333+0000] {dag.py:3823} INFO - Setting next_dagrun for example_branch_dop_operator_v3 to 2025-01-07 00:08:00+00:00, run_after=2025-01-07 00:09:00+00:00
[2025-01-07T00:09:31.380+0000] {processor.py:183} INFO - Processing /home/airflow/.local/lib/python3.8/site-packages/airflow/example_dags/example_branch_python_dop_operator_3.py took 0.127 seconds
[2025-01-07T00:10:01.661+0000] {processor.py:161} INFO - Started process (PID=7075) to work on /home/airflow/.local/lib/python3.8/site-packages/airflow/example_dags/example_branch_python_dop_operator_3.py
[2025-01-07T00:10:01.663+0000] {processor.py:830} INFO - Processing file /home/airflow/.local/lib/python3.8/site-packages/airflow/example_dags/example_branch_python_dop_operator_3.py for tasks to queue
[2025-01-07T00:10:01.665+0000] {logging_mixin.py:188} INFO - [2025-01-07T00:10:01.665+0000] {dagbag.py:538} INFO - Filling up the DagBag from /home/airflow/.local/lib/python3.8/site-packages/airflow/example_dags/example_branch_python_dop_operator_3.py
[2025-01-07T00:10:01.677+0000] {processor.py:840} INFO - DAG(s) 'example_branch_dop_operator_v3' retrieved from /home/airflow/.local/lib/python3.8/site-packages/airflow/example_dags/example_branch_python_dop_operator_3.py
[2025-01-07T00:10:01.715+0000] {logging_mixin.py:188} INFO - [2025-01-07T00:10:01.715+0000] {dag.py:3036} INFO - Sync 1 DAGs
[2025-01-07T00:10:01.766+0000] {logging_mixin.py:188} INFO - [2025-01-07T00:10:01.766+0000] {dag.py:3823} INFO - Setting next_dagrun for example_branch_dop_operator_v3 to 2025-01-07 00:09:00+00:00, run_after=2025-01-07 00:10:00+00:00
[2025-01-07T00:10:01.795+0000] {processor.py:183} INFO - Processing /home/airflow/.local/lib/python3.8/site-packages/airflow/example_dags/example_branch_python_dop_operator_3.py took 0.137 seconds
[2025-01-07T00:10:31.890+0000] {processor.py:161} INFO - Started process (PID=7132) to work on /home/airflow/.local/lib/python3.8/site-packages/airflow/example_dags/example_branch_python_dop_operator_3.py
[2025-01-07T00:10:31.891+0000] {processor.py:830} INFO - Processing file /home/airflow/.local/lib/python3.8/site-packages/airflow/example_dags/example_branch_python_dop_operator_3.py for tasks to queue
[2025-01-07T00:10:31.894+0000] {logging_mixin.py:188} INFO - [2025-01-07T00:10:31.893+0000] {dagbag.py:538} INFO - Filling up the DagBag from /home/airflow/.local/lib/python3.8/site-packages/airflow/example_dags/example_branch_python_dop_operator_3.py
[2025-01-07T00:10:31.908+0000] {processor.py:840} INFO - DAG(s) 'example_branch_dop_operator_v3' retrieved from /home/airflow/.local/lib/python3.8/site-packages/airflow/example_dags/example_branch_python_dop_operator_3.py
[2025-01-07T00:10:31.933+0000] {logging_mixin.py:188} INFO - [2025-01-07T00:10:31.932+0000] {dag.py:3036} INFO - Sync 1 DAGs
[2025-01-07T00:10:31.977+0000] {logging_mixin.py:188} INFO - [2025-01-07T00:10:31.977+0000] {dag.py:3823} INFO - Setting next_dagrun for example_branch_dop_operator_v3 to 2025-01-07 00:09:00+00:00, run_after=2025-01-07 00:10:00+00:00
[2025-01-07T00:10:32.009+0000] {processor.py:183} INFO - Processing /home/airflow/.local/lib/python3.8/site-packages/airflow/example_dags/example_branch_python_dop_operator_3.py took 0.123 seconds
[2025-01-07T00:11:02.270+0000] {processor.py:161} INFO - Started process (PID=7189) to work on /home/airflow/.local/lib/python3.8/site-packages/airflow/example_dags/example_branch_python_dop_operator_3.py
[2025-01-07T00:11:02.272+0000] {processor.py:830} INFO - Processing file /home/airflow/.local/lib/python3.8/site-packages/airflow/example_dags/example_branch_python_dop_operator_3.py for tasks to queue
[2025-01-07T00:11:02.275+0000] {logging_mixin.py:188} INFO - [2025-01-07T00:11:02.274+0000] {dagbag.py:538} INFO - Filling up the DagBag from /home/airflow/.local/lib/python3.8/site-packages/airflow/example_dags/example_branch_python_dop_operator_3.py
[2025-01-07T00:11:02.288+0000] {processor.py:840} INFO - DAG(s) 'example_branch_dop_operator_v3' retrieved from /home/airflow/.local/lib/python3.8/site-packages/airflow/example_dags/example_branch_python_dop_operator_3.py
[2025-01-07T00:11:02.312+0000] {logging_mixin.py:188} INFO - [2025-01-07T00:11:02.311+0000] {dag.py:3036} INFO - Sync 1 DAGs
[2025-01-07T00:11:02.345+0000] {logging_mixin.py:188} INFO - [2025-01-07T00:11:02.345+0000] {dag.py:3823} INFO - Setting next_dagrun for example_branch_dop_operator_v3 to 2025-01-07 00:10:00+00:00, run_after=2025-01-07 00:11:00+00:00
[2025-01-07T00:11:02.374+0000] {processor.py:183} INFO - Processing /home/airflow/.local/lib/python3.8/site-packages/airflow/example_dags/example_branch_python_dop_operator_3.py took 0.108 seconds
[2025-01-07T00:11:32.463+0000] {processor.py:161} INFO - Started process (PID=7246) to work on /home/airflow/.local/lib/python3.8/site-packages/airflow/example_dags/example_branch_python_dop_operator_3.py
[2025-01-07T00:11:32.464+0000] {processor.py:830} INFO - Processing file /home/airflow/.local/lib/python3.8/site-packages/airflow/example_dags/example_branch_python_dop_operator_3.py for tasks to queue
[2025-01-07T00:11:32.466+0000] {logging_mixin.py:188} INFO - [2025-01-07T00:11:32.466+0000] {dagbag.py:538} INFO - Filling up the DagBag from /home/airflow/.local/lib/python3.8/site-packages/airflow/example_dags/example_branch_python_dop_operator_3.py
[2025-01-07T00:11:32.483+0000] {processor.py:840} INFO - DAG(s) 'example_branch_dop_operator_v3' retrieved from /home/airflow/.local/lib/python3.8/site-packages/airflow/example_dags/example_branch_python_dop_operator_3.py
[2025-01-07T00:11:32.521+0000] {logging_mixin.py:188} INFO - [2025-01-07T00:11:32.520+0000] {dag.py:3036} INFO - Sync 1 DAGs
[2025-01-07T00:11:32.567+0000] {logging_mixin.py:188} INFO - [2025-01-07T00:11:32.567+0000] {dag.py:3823} INFO - Setting next_dagrun for example_branch_dop_operator_v3 to 2025-01-07 00:10:00+00:00, run_after=2025-01-07 00:11:00+00:00
[2025-01-07T00:11:32.596+0000] {processor.py:183} INFO - Processing /home/airflow/.local/lib/python3.8/site-packages/airflow/example_dags/example_branch_python_dop_operator_3.py took 0.138 seconds
[2025-01-07T00:12:03.017+0000] {processor.py:161} INFO - Started process (PID=7302) to work on /home/airflow/.local/lib/python3.8/site-packages/airflow/example_dags/example_branch_python_dop_operator_3.py
[2025-01-07T00:12:03.018+0000] {processor.py:830} INFO - Processing file /home/airflow/.local/lib/python3.8/site-packages/airflow/example_dags/example_branch_python_dop_operator_3.py for tasks to queue
[2025-01-07T00:12:03.021+0000] {logging_mixin.py:188} INFO - [2025-01-07T00:12:03.021+0000] {dagbag.py:538} INFO - Filling up the DagBag from /home/airflow/.local/lib/python3.8/site-packages/airflow/example_dags/example_branch_python_dop_operator_3.py
[2025-01-07T00:12:03.035+0000] {processor.py:840} INFO - DAG(s) 'example_branch_dop_operator_v3' retrieved from /home/airflow/.local/lib/python3.8/site-packages/airflow/example_dags/example_branch_python_dop_operator_3.py
[2025-01-07T00:12:03.064+0000] {logging_mixin.py:188} INFO - [2025-01-07T00:12:03.063+0000] {dag.py:3036} INFO - Sync 1 DAGs
[2025-01-07T00:12:03.099+0000] {logging_mixin.py:188} INFO - [2025-01-07T00:12:03.098+0000] {dag.py:3823} INFO - Setting next_dagrun for example_branch_dop_operator_v3 to 2025-01-07 00:11:00+00:00, run_after=2025-01-07 00:12:00+00:00
[2025-01-07T00:12:03.124+0000] {processor.py:183} INFO - Processing /home/airflow/.local/lib/python3.8/site-packages/airflow/example_dags/example_branch_python_dop_operator_3.py took 0.111 seconds
[2025-01-07T00:12:33.691+0000] {processor.py:161} INFO - Started process (PID=7359) to work on /home/airflow/.local/lib/python3.8/site-packages/airflow/example_dags/example_branch_python_dop_operator_3.py
[2025-01-07T00:12:33.693+0000] {processor.py:830} INFO - Processing file /home/airflow/.local/lib/python3.8/site-packages/airflow/example_dags/example_branch_python_dop_operator_3.py for tasks to queue
[2025-01-07T00:12:33.695+0000] {logging_mixin.py:188} INFO - [2025-01-07T00:12:33.695+0000] {dagbag.py:538} INFO - Filling up the DagBag from /home/airflow/.local/lib/python3.8/site-packages/airflow/example_dags/example_branch_python_dop_operator_3.py
[2025-01-07T00:12:33.708+0000] {processor.py:840} INFO - DAG(s) 'example_branch_dop_operator_v3' retrieved from /home/airflow/.local/lib/python3.8/site-packages/airflow/example_dags/example_branch_python_dop_operator_3.py
[2025-01-07T00:12:33.735+0000] {logging_mixin.py:188} INFO - [2025-01-07T00:12:33.734+0000] {dag.py:3036} INFO - Sync 1 DAGs
[2025-01-07T00:12:33.776+0000] {logging_mixin.py:188} INFO - [2025-01-07T00:12:33.775+0000] {dag.py:3823} INFO - Setting next_dagrun for example_branch_dop_operator_v3 to 2025-01-07 00:11:00+00:00, run_after=2025-01-07 00:12:00+00:00
[2025-01-07T00:12:33.798+0000] {processor.py:183} INFO - Processing /home/airflow/.local/lib/python3.8/site-packages/airflow/example_dags/example_branch_python_dop_operator_3.py took 0.111 seconds
[2025-01-07T00:13:04.084+0000] {processor.py:161} INFO - Started process (PID=7416) to work on /home/airflow/.local/lib/python3.8/site-packages/airflow/example_dags/example_branch_python_dop_operator_3.py
[2025-01-07T00:13:04.085+0000] {processor.py:830} INFO - Processing file /home/airflow/.local/lib/python3.8/site-packages/airflow/example_dags/example_branch_python_dop_operator_3.py for tasks to queue
[2025-01-07T00:13:04.088+0000] {logging_mixin.py:188} INFO - [2025-01-07T00:13:04.087+0000] {dagbag.py:538} INFO - Filling up the DagBag from /home/airflow/.local/lib/python3.8/site-packages/airflow/example_dags/example_branch_python_dop_operator_3.py
[2025-01-07T00:13:04.100+0000] {processor.py:840} INFO - DAG(s) 'example_branch_dop_operator_v3' retrieved from /home/airflow/.local/lib/python3.8/site-packages/airflow/example_dags/example_branch_python_dop_operator_3.py
[2025-01-07T00:13:04.125+0000] {logging_mixin.py:188} INFO - [2025-01-07T00:13:04.124+0000] {dag.py:3036} INFO - Sync 1 DAGs
[2025-01-07T00:13:04.159+0000] {logging_mixin.py:188} INFO - [2025-01-07T00:13:04.159+0000] {dag.py:3823} INFO - Setting next_dagrun for example_branch_dop_operator_v3 to 2025-01-07 00:12:00+00:00, run_after=2025-01-07 00:13:00+00:00
[2025-01-07T00:13:04.186+0000] {processor.py:183} INFO - Processing /home/airflow/.local/lib/python3.8/site-packages/airflow/example_dags/example_branch_python_dop_operator_3.py took 0.107 seconds
[2025-01-07T00:13:34.378+0000] {processor.py:161} INFO - Started process (PID=7474) to work on /home/airflow/.local/lib/python3.8/site-packages/airflow/example_dags/example_branch_python_dop_operator_3.py
[2025-01-07T00:13:34.379+0000] {processor.py:830} INFO - Processing file /home/airflow/.local/lib/python3.8/site-packages/airflow/example_dags/example_branch_python_dop_operator_3.py for tasks to queue
[2025-01-07T00:13:34.382+0000] {logging_mixin.py:188} INFO - [2025-01-07T00:13:34.382+0000] {dagbag.py:538} INFO - Filling up the DagBag from /home/airflow/.local/lib/python3.8/site-packages/airflow/example_dags/example_branch_python_dop_operator_3.py
[2025-01-07T00:13:34.395+0000] {processor.py:840} INFO - DAG(s) 'example_branch_dop_operator_v3' retrieved from /home/airflow/.local/lib/python3.8/site-packages/airflow/example_dags/example_branch_python_dop_operator_3.py
[2025-01-07T00:13:34.425+0000] {logging_mixin.py:188} INFO - [2025-01-07T00:13:34.425+0000] {dag.py:3036} INFO - Sync 1 DAGs
[2025-01-07T00:13:34.460+0000] {logging_mixin.py:188} INFO - [2025-01-07T00:13:34.460+0000] {dag.py:3823} INFO - Setting next_dagrun for example_branch_dop_operator_v3 to 2025-01-07 00:12:00+00:00, run_after=2025-01-07 00:13:00+00:00
[2025-01-07T00:13:34.485+0000] {processor.py:183} INFO - Processing /home/airflow/.local/lib/python3.8/site-packages/airflow/example_dags/example_branch_python_dop_operator_3.py took 0.112 seconds
[2025-01-07T00:14:05.049+0000] {processor.py:161} INFO - Started process (PID=7531) to work on /home/airflow/.local/lib/python3.8/site-packages/airflow/example_dags/example_branch_python_dop_operator_3.py
[2025-01-07T00:14:05.051+0000] {processor.py:830} INFO - Processing file /home/airflow/.local/lib/python3.8/site-packages/airflow/example_dags/example_branch_python_dop_operator_3.py for tasks to queue
[2025-01-07T00:14:05.053+0000] {logging_mixin.py:188} INFO - [2025-01-07T00:14:05.053+0000] {dagbag.py:538} INFO - Filling up the DagBag from /home/airflow/.local/lib/python3.8/site-packages/airflow/example_dags/example_branch_python_dop_operator_3.py
[2025-01-07T00:14:05.069+0000] {processor.py:840} INFO - DAG(s) 'example_branch_dop_operator_v3' retrieved from /home/airflow/.local/lib/python3.8/site-packages/airflow/example_dags/example_branch_python_dop_operator_3.py
[2025-01-07T00:14:05.100+0000] {logging_mixin.py:188} INFO - [2025-01-07T00:14:05.100+0000] {dag.py:3036} INFO - Sync 1 DAGs
[2025-01-07T00:14:05.149+0000] {logging_mixin.py:188} INFO - [2025-01-07T00:14:05.149+0000] {dag.py:3823} INFO - Setting next_dagrun for example_branch_dop_operator_v3 to 2025-01-07 00:13:00+00:00, run_after=2025-01-07 00:14:00+00:00
[2025-01-07T00:14:05.183+0000] {processor.py:183} INFO - Processing /home/airflow/.local/lib/python3.8/site-packages/airflow/example_dags/example_branch_python_dop_operator_3.py took 0.137 seconds
[2025-01-07T00:14:36.276+0000] {processor.py:161} INFO - Started process (PID=7588) to work on /home/airflow/.local/lib/python3.8/site-packages/airflow/example_dags/example_branch_python_dop_operator_3.py
[2025-01-07T00:14:36.282+0000] {processor.py:830} INFO - Processing file /home/airflow/.local/lib/python3.8/site-packages/airflow/example_dags/example_branch_python_dop_operator_3.py for tasks to queue
[2025-01-07T00:14:36.297+0000] {logging_mixin.py:188} INFO - [2025-01-07T00:14:36.296+0000] {dagbag.py:538} INFO - Filling up the DagBag from /home/airflow/.local/lib/python3.8/site-packages/airflow/example_dags/example_branch_python_dop_operator_3.py
[2025-01-07T00:14:36.338+0000] {processor.py:840} INFO - DAG(s) 'example_branch_dop_operator_v3' retrieved from /home/airflow/.local/lib/python3.8/site-packages/airflow/example_dags/example_branch_python_dop_operator_3.py
[2025-01-07T00:14:36.493+0000] {logging_mixin.py:188} INFO - [2025-01-07T00:14:36.493+0000] {dag.py:3036} INFO - Sync 1 DAGs
[2025-01-07T00:14:36.622+0000] {logging_mixin.py:188} INFO - [2025-01-07T00:14:36.611+0000] {dag.py:3823} INFO - Setting next_dagrun for example_branch_dop_operator_v3 to 2025-01-07 00:13:00+00:00, run_after=2025-01-07 00:14:00+00:00
[2025-01-07T00:14:36.703+0000] {processor.py:183} INFO - Processing /home/airflow/.local/lib/python3.8/site-packages/airflow/example_dags/example_branch_python_dop_operator_3.py took 0.431 seconds
[2025-01-07T00:15:06.867+0000] {processor.py:161} INFO - Started process (PID=7645) to work on /home/airflow/.local/lib/python3.8/site-packages/airflow/example_dags/example_branch_python_dop_operator_3.py
[2025-01-07T00:15:06.878+0000] {processor.py:830} INFO - Processing file /home/airflow/.local/lib/python3.8/site-packages/airflow/example_dags/example_branch_python_dop_operator_3.py for tasks to queue
[2025-01-07T00:15:06.889+0000] {logging_mixin.py:188} INFO - [2025-01-07T00:15:06.888+0000] {dagbag.py:538} INFO - Filling up the DagBag from /home/airflow/.local/lib/python3.8/site-packages/airflow/example_dags/example_branch_python_dop_operator_3.py
[2025-01-07T00:15:06.929+0000] {processor.py:840} INFO - DAG(s) 'example_branch_dop_operator_v3' retrieved from /home/airflow/.local/lib/python3.8/site-packages/airflow/example_dags/example_branch_python_dop_operator_3.py
[2025-01-07T00:15:07.014+0000] {logging_mixin.py:188} INFO - [2025-01-07T00:15:07.013+0000] {dag.py:3036} INFO - Sync 1 DAGs
[2025-01-07T00:15:07.126+0000] {logging_mixin.py:188} INFO - [2025-01-07T00:15:07.125+0000] {dag.py:3823} INFO - Setting next_dagrun for example_branch_dop_operator_v3 to 2025-01-07 00:14:00+00:00, run_after=2025-01-07 00:15:00+00:00
[2025-01-07T00:15:07.200+0000] {processor.py:183} INFO - Processing /home/airflow/.local/lib/python3.8/site-packages/airflow/example_dags/example_branch_python_dop_operator_3.py took 0.338 seconds
[2025-01-07T00:15:37.567+0000] {processor.py:161} INFO - Started process (PID=7698) to work on /home/airflow/.local/lib/python3.8/site-packages/airflow/example_dags/example_branch_python_dop_operator_3.py
[2025-01-07T00:15:37.572+0000] {processor.py:830} INFO - Processing file /home/airflow/.local/lib/python3.8/site-packages/airflow/example_dags/example_branch_python_dop_operator_3.py for tasks to queue
[2025-01-07T00:15:37.576+0000] {logging_mixin.py:188} INFO - [2025-01-07T00:15:37.576+0000] {dagbag.py:538} INFO - Filling up the DagBag from /home/airflow/.local/lib/python3.8/site-packages/airflow/example_dags/example_branch_python_dop_operator_3.py
[2025-01-07T00:15:37.607+0000] {processor.py:840} INFO - DAG(s) 'example_branch_dop_operator_v3' retrieved from /home/airflow/.local/lib/python3.8/site-packages/airflow/example_dags/example_branch_python_dop_operator_3.py
[2025-01-07T00:15:37.654+0000] {logging_mixin.py:188} INFO - [2025-01-07T00:15:37.654+0000] {dag.py:3036} INFO - Sync 1 DAGs
[2025-01-07T00:15:37.720+0000] {logging_mixin.py:188} INFO - [2025-01-07T00:15:37.719+0000] {dag.py:3823} INFO - Setting next_dagrun for example_branch_dop_operator_v3 to 2025-01-07 00:14:00+00:00, run_after=2025-01-07 00:15:00+00:00
[2025-01-07T00:15:37.761+0000] {processor.py:183} INFO - Processing /home/airflow/.local/lib/python3.8/site-packages/airflow/example_dags/example_branch_python_dop_operator_3.py took 0.205 seconds
[2025-01-07T00:16:08.446+0000] {processor.py:161} INFO - Started process (PID=7755) to work on /home/airflow/.local/lib/python3.8/site-packages/airflow/example_dags/example_branch_python_dop_operator_3.py
[2025-01-07T00:16:08.448+0000] {processor.py:830} INFO - Processing file /home/airflow/.local/lib/python3.8/site-packages/airflow/example_dags/example_branch_python_dop_operator_3.py for tasks to queue
[2025-01-07T00:16:08.452+0000] {logging_mixin.py:188} INFO - [2025-01-07T00:16:08.452+0000] {dagbag.py:538} INFO - Filling up the DagBag from /home/airflow/.local/lib/python3.8/site-packages/airflow/example_dags/example_branch_python_dop_operator_3.py
[2025-01-07T00:16:08.472+0000] {processor.py:840} INFO - DAG(s) 'example_branch_dop_operator_v3' retrieved from /home/airflow/.local/lib/python3.8/site-packages/airflow/example_dags/example_branch_python_dop_operator_3.py
[2025-01-07T00:16:08.531+0000] {logging_mixin.py:188} INFO - [2025-01-07T00:16:08.530+0000] {dag.py:3036} INFO - Sync 1 DAGs
[2025-01-07T00:16:08.587+0000] {logging_mixin.py:188} INFO - [2025-01-07T00:16:08.587+0000] {dag.py:3823} INFO - Setting next_dagrun for example_branch_dop_operator_v3 to 2025-01-07 00:15:00+00:00, run_after=2025-01-07 00:16:00+00:00
[2025-01-07T00:16:08.628+0000] {processor.py:183} INFO - Processing /home/airflow/.local/lib/python3.8/site-packages/airflow/example_dags/example_branch_python_dop_operator_3.py took 0.187 seconds
[2025-01-07T00:16:39.410+0000] {processor.py:161} INFO - Started process (PID=7813) to work on /home/airflow/.local/lib/python3.8/site-packages/airflow/example_dags/example_branch_python_dop_operator_3.py
[2025-01-07T00:16:39.411+0000] {processor.py:830} INFO - Processing file /home/airflow/.local/lib/python3.8/site-packages/airflow/example_dags/example_branch_python_dop_operator_3.py for tasks to queue
[2025-01-07T00:16:39.427+0000] {logging_mixin.py:188} INFO - [2025-01-07T00:16:39.426+0000] {dagbag.py:538} INFO - Filling up the DagBag from /home/airflow/.local/lib/python3.8/site-packages/airflow/example_dags/example_branch_python_dop_operator_3.py
[2025-01-07T00:16:39.487+0000] {processor.py:840} INFO - DAG(s) 'example_branch_dop_operator_v3' retrieved from /home/airflow/.local/lib/python3.8/site-packages/airflow/example_dags/example_branch_python_dop_operator_3.py
[2025-01-07T00:16:39.576+0000] {logging_mixin.py:188} INFO - [2025-01-07T00:16:39.576+0000] {dag.py:3036} INFO - Sync 1 DAGs
[2025-01-07T00:16:39.738+0000] {logging_mixin.py:188} INFO - [2025-01-07T00:16:39.737+0000] {dag.py:3823} INFO - Setting next_dagrun for example_branch_dop_operator_v3 to 2025-01-07 00:15:00+00:00, run_after=2025-01-07 00:16:00+00:00
[2025-01-07T00:16:39.865+0000] {processor.py:183} INFO - Processing /home/airflow/.local/lib/python3.8/site-packages/airflow/example_dags/example_branch_python_dop_operator_3.py took 0.466 seconds
[2025-01-07T00:17:10.154+0000] {processor.py:161} INFO - Started process (PID=7870) to work on /home/airflow/.local/lib/python3.8/site-packages/airflow/example_dags/example_branch_python_dop_operator_3.py
[2025-01-07T00:17:10.155+0000] {processor.py:830} INFO - Processing file /home/airflow/.local/lib/python3.8/site-packages/airflow/example_dags/example_branch_python_dop_operator_3.py for tasks to queue
[2025-01-07T00:17:10.159+0000] {logging_mixin.py:188} INFO - [2025-01-07T00:17:10.158+0000] {dagbag.py:538} INFO - Filling up the DagBag from /home/airflow/.local/lib/python3.8/site-packages/airflow/example_dags/example_branch_python_dop_operator_3.py
[2025-01-07T00:17:10.220+0000] {processor.py:840} INFO - DAG(s) 'example_branch_dop_operator_v3' retrieved from /home/airflow/.local/lib/python3.8/site-packages/airflow/example_dags/example_branch_python_dop_operator_3.py
[2025-01-07T00:17:10.348+0000] {logging_mixin.py:188} INFO - [2025-01-07T00:17:10.348+0000] {dag.py:3036} INFO - Sync 1 DAGs
[2025-01-07T00:17:10.536+0000] {logging_mixin.py:188} INFO - [2025-01-07T00:17:10.536+0000] {dag.py:3823} INFO - Setting next_dagrun for example_branch_dop_operator_v3 to 2025-01-07 00:16:00+00:00, run_after=2025-01-07 00:17:00+00:00
[2025-01-07T00:17:10.650+0000] {processor.py:183} INFO - Processing /home/airflow/.local/lib/python3.8/site-packages/airflow/example_dags/example_branch_python_dop_operator_3.py took 0.512 seconds
[2025-01-07T00:17:42.290+0000] {processor.py:161} INFO - Started process (PID=7923) to work on /home/airflow/.local/lib/python3.8/site-packages/airflow/example_dags/example_branch_python_dop_operator_3.py
[2025-01-07T00:17:42.314+0000] {processor.py:830} INFO - Processing file /home/airflow/.local/lib/python3.8/site-packages/airflow/example_dags/example_branch_python_dop_operator_3.py for tasks to queue
[2025-01-07T00:17:42.332+0000] {logging_mixin.py:188} INFO - [2025-01-07T00:17:42.331+0000] {dagbag.py:538} INFO - Filling up the DagBag from /home/airflow/.local/lib/python3.8/site-packages/airflow/example_dags/example_branch_python_dop_operator_3.py
[2025-01-07T00:17:42.414+0000] {processor.py:840} INFO - DAG(s) 'example_branch_dop_operator_v3' retrieved from /home/airflow/.local/lib/python3.8/site-packages/airflow/example_dags/example_branch_python_dop_operator_3.py
[2025-01-07T00:17:42.568+0000] {logging_mixin.py:188} INFO - [2025-01-07T00:17:42.568+0000] {dag.py:3036} INFO - Sync 1 DAGs
[2025-01-07T00:17:42.768+0000] {logging_mixin.py:188} INFO - [2025-01-07T00:17:42.767+0000] {dag.py:3823} INFO - Setting next_dagrun for example_branch_dop_operator_v3 to 2025-01-07 00:16:00+00:00, run_after=2025-01-07 00:17:00+00:00
[2025-01-07T00:17:42.883+0000] {processor.py:183} INFO - Processing /home/airflow/.local/lib/python3.8/site-packages/airflow/example_dags/example_branch_python_dop_operator_3.py took 0.611 seconds
[2025-01-07T00:18:13.572+0000] {processor.py:161} INFO - Started process (PID=7979) to work on /home/airflow/.local/lib/python3.8/site-packages/airflow/example_dags/example_branch_python_dop_operator_3.py
[2025-01-07T00:18:13.574+0000] {processor.py:830} INFO - Processing file /home/airflow/.local/lib/python3.8/site-packages/airflow/example_dags/example_branch_python_dop_operator_3.py for tasks to queue
[2025-01-07T00:18:13.588+0000] {logging_mixin.py:188} INFO - [2025-01-07T00:18:13.587+0000] {dagbag.py:538} INFO - Filling up the DagBag from /home/airflow/.local/lib/python3.8/site-packages/airflow/example_dags/example_branch_python_dop_operator_3.py
[2025-01-07T00:18:13.640+0000] {processor.py:840} INFO - DAG(s) 'example_branch_dop_operator_v3' retrieved from /home/airflow/.local/lib/python3.8/site-packages/airflow/example_dags/example_branch_python_dop_operator_3.py
[2025-01-07T00:18:13.752+0000] {logging_mixin.py:188} INFO - [2025-01-07T00:18:13.752+0000] {dag.py:3036} INFO - Sync 1 DAGs
[2025-01-07T00:18:14.052+0000] {logging_mixin.py:188} INFO - [2025-01-07T00:18:14.051+0000] {dag.py:3823} INFO - Setting next_dagrun for example_branch_dop_operator_v3 to 2025-01-07 00:17:00+00:00, run_after=2025-01-07 00:18:00+00:00
[2025-01-07T00:18:14.252+0000] {processor.py:183} INFO - Processing /home/airflow/.local/lib/python3.8/site-packages/airflow/example_dags/example_branch_python_dop_operator_3.py took 0.695 seconds
[2025-01-07T00:18:44.470+0000] {processor.py:161} INFO - Started process (PID=8034) to work on /home/airflow/.local/lib/python3.8/site-packages/airflow/example_dags/example_branch_python_dop_operator_3.py
[2025-01-07T00:18:44.471+0000] {processor.py:830} INFO - Processing file /home/airflow/.local/lib/python3.8/site-packages/airflow/example_dags/example_branch_python_dop_operator_3.py for tasks to queue
[2025-01-07T00:18:44.475+0000] {logging_mixin.py:188} INFO - [2025-01-07T00:18:44.475+0000] {dagbag.py:538} INFO - Filling up the DagBag from /home/airflow/.local/lib/python3.8/site-packages/airflow/example_dags/example_branch_python_dop_operator_3.py
[2025-01-07T00:18:44.514+0000] {processor.py:840} INFO - DAG(s) 'example_branch_dop_operator_v3' retrieved from /home/airflow/.local/lib/python3.8/site-packages/airflow/example_dags/example_branch_python_dop_operator_3.py
[2025-01-07T00:18:44.597+0000] {logging_mixin.py:188} INFO - [2025-01-07T00:18:44.597+0000] {dag.py:3036} INFO - Sync 1 DAGs
[2025-01-07T00:18:44.697+0000] {logging_mixin.py:188} INFO - [2025-01-07T00:18:44.697+0000] {dag.py:3823} INFO - Setting next_dagrun for example_branch_dop_operator_v3 to 2025-01-07 00:17:00+00:00, run_after=2025-01-07 00:18:00+00:00
[2025-01-07T00:18:44.751+0000] {processor.py:183} INFO - Processing /home/airflow/.local/lib/python3.8/site-packages/airflow/example_dags/example_branch_python_dop_operator_3.py took 0.290 seconds
[2025-01-07T00:19:15.023+0000] {processor.py:161} INFO - Started process (PID=8095) to work on /home/airflow/.local/lib/python3.8/site-packages/airflow/example_dags/example_branch_python_dop_operator_3.py
[2025-01-07T00:19:15.025+0000] {processor.py:830} INFO - Processing file /home/airflow/.local/lib/python3.8/site-packages/airflow/example_dags/example_branch_python_dop_operator_3.py for tasks to queue
[2025-01-07T00:19:15.032+0000] {logging_mixin.py:188} INFO - [2025-01-07T00:19:15.031+0000] {dagbag.py:538} INFO - Filling up the DagBag from /home/airflow/.local/lib/python3.8/site-packages/airflow/example_dags/example_branch_python_dop_operator_3.py
[2025-01-07T00:19:15.054+0000] {processor.py:840} INFO - DAG(s) 'example_branch_dop_operator_v3' retrieved from /home/airflow/.local/lib/python3.8/site-packages/airflow/example_dags/example_branch_python_dop_operator_3.py
[2025-01-07T00:19:15.111+0000] {logging_mixin.py:188} INFO - [2025-01-07T00:19:15.110+0000] {dag.py:3036} INFO - Sync 1 DAGs
[2025-01-07T00:19:15.170+0000] {logging_mixin.py:188} INFO - [2025-01-07T00:19:15.169+0000] {dag.py:3823} INFO - Setting next_dagrun for example_branch_dop_operator_v3 to 2025-01-07 00:18:00+00:00, run_after=2025-01-07 00:19:00+00:00
[2025-01-07T00:19:15.220+0000] {processor.py:183} INFO - Processing /home/airflow/.local/lib/python3.8/site-packages/airflow/example_dags/example_branch_python_dop_operator_3.py took 0.204 seconds
[2025-01-07T00:19:45.516+0000] {processor.py:161} INFO - Started process (PID=8154) to work on /home/airflow/.local/lib/python3.8/site-packages/airflow/example_dags/example_branch_python_dop_operator_3.py
[2025-01-07T00:19:45.518+0000] {processor.py:830} INFO - Processing file /home/airflow/.local/lib/python3.8/site-packages/airflow/example_dags/example_branch_python_dop_operator_3.py for tasks to queue
[2025-01-07T00:19:45.523+0000] {logging_mixin.py:188} INFO - [2025-01-07T00:19:45.522+0000] {dagbag.py:538} INFO - Filling up the DagBag from /home/airflow/.local/lib/python3.8/site-packages/airflow/example_dags/example_branch_python_dop_operator_3.py
[2025-01-07T00:19:45.543+0000] {processor.py:840} INFO - DAG(s) 'example_branch_dop_operator_v3' retrieved from /home/airflow/.local/lib/python3.8/site-packages/airflow/example_dags/example_branch_python_dop_operator_3.py
[2025-01-07T00:19:45.575+0000] {logging_mixin.py:188} INFO - [2025-01-07T00:19:45.575+0000] {dag.py:3036} INFO - Sync 1 DAGs
[2025-01-07T00:19:45.623+0000] {logging_mixin.py:188} INFO - [2025-01-07T00:19:45.623+0000] {dag.py:3823} INFO - Setting next_dagrun for example_branch_dop_operator_v3 to 2025-01-07 00:18:00+00:00, run_after=2025-01-07 00:19:00+00:00
[2025-01-07T00:19:45.653+0000] {processor.py:183} INFO - Processing /home/airflow/.local/lib/python3.8/site-packages/airflow/example_dags/example_branch_python_dop_operator_3.py took 0.143 seconds
[2025-01-07T00:20:16.495+0000] {processor.py:161} INFO - Started process (PID=8211) to work on /home/airflow/.local/lib/python3.8/site-packages/airflow/example_dags/example_branch_python_dop_operator_3.py
[2025-01-07T00:20:16.497+0000] {processor.py:830} INFO - Processing file /home/airflow/.local/lib/python3.8/site-packages/airflow/example_dags/example_branch_python_dop_operator_3.py for tasks to queue
[2025-01-07T00:20:16.501+0000] {logging_mixin.py:188} INFO - [2025-01-07T00:20:16.501+0000] {dagbag.py:538} INFO - Filling up the DagBag from /home/airflow/.local/lib/python3.8/site-packages/airflow/example_dags/example_branch_python_dop_operator_3.py
[2025-01-07T00:20:16.515+0000] {processor.py:840} INFO - DAG(s) 'example_branch_dop_operator_v3' retrieved from /home/airflow/.local/lib/python3.8/site-packages/airflow/example_dags/example_branch_python_dop_operator_3.py
[2025-01-07T00:20:16.547+0000] {logging_mixin.py:188} INFO - [2025-01-07T00:20:16.546+0000] {dag.py:3036} INFO - Sync 1 DAGs
[2025-01-07T00:20:16.591+0000] {logging_mixin.py:188} INFO - [2025-01-07T00:20:16.591+0000] {dag.py:3823} INFO - Setting next_dagrun for example_branch_dop_operator_v3 to 2025-01-07 00:19:00+00:00, run_after=2025-01-07 00:20:00+00:00
[2025-01-07T00:20:16.621+0000] {processor.py:183} INFO - Processing /home/airflow/.local/lib/python3.8/site-packages/airflow/example_dags/example_branch_python_dop_operator_3.py took 0.130 seconds
[2025-01-07T00:20:46.752+0000] {processor.py:161} INFO - Started process (PID=8267) to work on /home/airflow/.local/lib/python3.8/site-packages/airflow/example_dags/example_branch_python_dop_operator_3.py
[2025-01-07T00:20:46.754+0000] {processor.py:830} INFO - Processing file /home/airflow/.local/lib/python3.8/site-packages/airflow/example_dags/example_branch_python_dop_operator_3.py for tasks to queue
[2025-01-07T00:20:46.756+0000] {logging_mixin.py:188} INFO - [2025-01-07T00:20:46.756+0000] {dagbag.py:538} INFO - Filling up the DagBag from /home/airflow/.local/lib/python3.8/site-packages/airflow/example_dags/example_branch_python_dop_operator_3.py
[2025-01-07T00:20:46.772+0000] {processor.py:840} INFO - DAG(s) 'example_branch_dop_operator_v3' retrieved from /home/airflow/.local/lib/python3.8/site-packages/airflow/example_dags/example_branch_python_dop_operator_3.py
[2025-01-07T00:20:46.806+0000] {logging_mixin.py:188} INFO - [2025-01-07T00:20:46.805+0000] {dag.py:3036} INFO - Sync 1 DAGs
[2025-01-07T00:20:46.848+0000] {logging_mixin.py:188} INFO - [2025-01-07T00:20:46.848+0000] {dag.py:3823} INFO - Setting next_dagrun for example_branch_dop_operator_v3 to 2025-01-07 00:19:00+00:00, run_after=2025-01-07 00:20:00+00:00
[2025-01-07T00:20:46.889+0000] {processor.py:183} INFO - Processing /home/airflow/.local/lib/python3.8/site-packages/airflow/example_dags/example_branch_python_dop_operator_3.py took 0.141 seconds
[2025-01-07T00:21:17.021+0000] {processor.py:161} INFO - Started process (PID=8325) to work on /home/airflow/.local/lib/python3.8/site-packages/airflow/example_dags/example_branch_python_dop_operator_3.py
[2025-01-07T00:21:17.022+0000] {processor.py:830} INFO - Processing file /home/airflow/.local/lib/python3.8/site-packages/airflow/example_dags/example_branch_python_dop_operator_3.py for tasks to queue
[2025-01-07T00:21:17.025+0000] {logging_mixin.py:188} INFO - [2025-01-07T00:21:17.024+0000] {dagbag.py:538} INFO - Filling up the DagBag from /home/airflow/.local/lib/python3.8/site-packages/airflow/example_dags/example_branch_python_dop_operator_3.py
[2025-01-07T00:21:17.038+0000] {processor.py:840} INFO - DAG(s) 'example_branch_dop_operator_v3' retrieved from /home/airflow/.local/lib/python3.8/site-packages/airflow/example_dags/example_branch_python_dop_operator_3.py
[2025-01-07T00:21:17.067+0000] {logging_mixin.py:188} INFO - [2025-01-07T00:21:17.066+0000] {dag.py:3036} INFO - Sync 1 DAGs
[2025-01-07T00:21:17.106+0000] {logging_mixin.py:188} INFO - [2025-01-07T00:21:17.106+0000] {dag.py:3823} INFO - Setting next_dagrun for example_branch_dop_operator_v3 to 2025-01-07 00:20:00+00:00, run_after=2025-01-07 00:21:00+00:00
[2025-01-07T00:21:17.134+0000] {processor.py:183} INFO - Processing /home/airflow/.local/lib/python3.8/site-packages/airflow/example_dags/example_branch_python_dop_operator_3.py took 0.118 seconds
[2025-01-07T00:21:47.390+0000] {processor.py:161} INFO - Started process (PID=8382) to work on /home/airflow/.local/lib/python3.8/site-packages/airflow/example_dags/example_branch_python_dop_operator_3.py
[2025-01-07T00:21:47.392+0000] {processor.py:830} INFO - Processing file /home/airflow/.local/lib/python3.8/site-packages/airflow/example_dags/example_branch_python_dop_operator_3.py for tasks to queue
[2025-01-07T00:21:47.394+0000] {logging_mixin.py:188} INFO - [2025-01-07T00:21:47.394+0000] {dagbag.py:538} INFO - Filling up the DagBag from /home/airflow/.local/lib/python3.8/site-packages/airflow/example_dags/example_branch_python_dop_operator_3.py
[2025-01-07T00:21:47.406+0000] {processor.py:840} INFO - DAG(s) 'example_branch_dop_operator_v3' retrieved from /home/airflow/.local/lib/python3.8/site-packages/airflow/example_dags/example_branch_python_dop_operator_3.py
[2025-01-07T00:21:47.430+0000] {logging_mixin.py:188} INFO - [2025-01-07T00:21:47.430+0000] {dag.py:3036} INFO - Sync 1 DAGs
[2025-01-07T00:21:47.468+0000] {logging_mixin.py:188} INFO - [2025-01-07T00:21:47.467+0000] {dag.py:3823} INFO - Setting next_dagrun for example_branch_dop_operator_v3 to 2025-01-07 00:20:00+00:00, run_after=2025-01-07 00:21:00+00:00
[2025-01-07T00:21:47.494+0000] {processor.py:183} INFO - Processing /home/airflow/.local/lib/python3.8/site-packages/airflow/example_dags/example_branch_python_dop_operator_3.py took 0.107 seconds
[2025-01-07T00:22:17.950+0000] {processor.py:161} INFO - Started process (PID=8445) to work on /home/airflow/.local/lib/python3.8/site-packages/airflow/example_dags/example_branch_python_dop_operator_3.py
[2025-01-07T00:22:17.952+0000] {processor.py:830} INFO - Processing file /home/airflow/.local/lib/python3.8/site-packages/airflow/example_dags/example_branch_python_dop_operator_3.py for tasks to queue
[2025-01-07T00:22:17.954+0000] {logging_mixin.py:188} INFO - [2025-01-07T00:22:17.954+0000] {dagbag.py:538} INFO - Filling up the DagBag from /home/airflow/.local/lib/python3.8/site-packages/airflow/example_dags/example_branch_python_dop_operator_3.py
[2025-01-07T00:22:17.971+0000] {processor.py:840} INFO - DAG(s) 'example_branch_dop_operator_v3' retrieved from /home/airflow/.local/lib/python3.8/site-packages/airflow/example_dags/example_branch_python_dop_operator_3.py
[2025-01-07T00:22:18.003+0000] {logging_mixin.py:188} INFO - [2025-01-07T00:22:18.002+0000] {dag.py:3036} INFO - Sync 1 DAGs
[2025-01-07T00:22:18.055+0000] {logging_mixin.py:188} INFO - [2025-01-07T00:22:18.055+0000] {dag.py:3823} INFO - Setting next_dagrun for example_branch_dop_operator_v3 to 2025-01-07 00:21:00+00:00, run_after=2025-01-07 00:22:00+00:00
[2025-01-07T00:22:18.086+0000] {processor.py:183} INFO - Processing /home/airflow/.local/lib/python3.8/site-packages/airflow/example_dags/example_branch_python_dop_operator_3.py took 0.140 seconds
[2025-01-07T00:22:48.211+0000] {processor.py:161} INFO - Started process (PID=8502) to work on /home/airflow/.local/lib/python3.8/site-packages/airflow/example_dags/example_branch_python_dop_operator_3.py
[2025-01-07T00:22:48.215+0000] {processor.py:830} INFO - Processing file /home/airflow/.local/lib/python3.8/site-packages/airflow/example_dags/example_branch_python_dop_operator_3.py for tasks to queue
[2025-01-07T00:22:48.218+0000] {logging_mixin.py:188} INFO - [2025-01-07T00:22:48.217+0000] {dagbag.py:538} INFO - Filling up the DagBag from /home/airflow/.local/lib/python3.8/site-packages/airflow/example_dags/example_branch_python_dop_operator_3.py
[2025-01-07T00:22:48.230+0000] {processor.py:840} INFO - DAG(s) 'example_branch_dop_operator_v3' retrieved from /home/airflow/.local/lib/python3.8/site-packages/airflow/example_dags/example_branch_python_dop_operator_3.py
[2025-01-07T00:22:48.260+0000] {logging_mixin.py:188} INFO - [2025-01-07T00:22:48.260+0000] {dag.py:3036} INFO - Sync 1 DAGs
[2025-01-07T00:22:48.304+0000] {logging_mixin.py:188} INFO - [2025-01-07T00:22:48.303+0000] {dag.py:3823} INFO - Setting next_dagrun for example_branch_dop_operator_v3 to 2025-01-07 00:21:00+00:00, run_after=2025-01-07 00:22:00+00:00
[2025-01-07T00:22:48.328+0000] {processor.py:183} INFO - Processing /home/airflow/.local/lib/python3.8/site-packages/airflow/example_dags/example_branch_python_dop_operator_3.py took 0.122 seconds
[2025-01-07T00:23:19.112+0000] {processor.py:161} INFO - Started process (PID=8559) to work on /home/airflow/.local/lib/python3.8/site-packages/airflow/example_dags/example_branch_python_dop_operator_3.py
[2025-01-07T00:23:19.113+0000] {processor.py:830} INFO - Processing file /home/airflow/.local/lib/python3.8/site-packages/airflow/example_dags/example_branch_python_dop_operator_3.py for tasks to queue
[2025-01-07T00:23:19.116+0000] {logging_mixin.py:188} INFO - [2025-01-07T00:23:19.115+0000] {dagbag.py:538} INFO - Filling up the DagBag from /home/airflow/.local/lib/python3.8/site-packages/airflow/example_dags/example_branch_python_dop_operator_3.py
[2025-01-07T00:23:19.128+0000] {processor.py:840} INFO - DAG(s) 'example_branch_dop_operator_v3' retrieved from /home/airflow/.local/lib/python3.8/site-packages/airflow/example_dags/example_branch_python_dop_operator_3.py
[2025-01-07T00:23:19.153+0000] {logging_mixin.py:188} INFO - [2025-01-07T00:23:19.152+0000] {dag.py:3036} INFO - Sync 1 DAGs
[2025-01-07T00:23:19.188+0000] {logging_mixin.py:188} INFO - [2025-01-07T00:23:19.187+0000] {dag.py:3823} INFO - Setting next_dagrun for example_branch_dop_operator_v3 to 2025-01-07 00:22:00+00:00, run_after=2025-01-07 00:23:00+00:00
[2025-01-07T00:23:19.213+0000] {processor.py:183} INFO - Processing /home/airflow/.local/lib/python3.8/site-packages/airflow/example_dags/example_branch_python_dop_operator_3.py took 0.105 seconds
[2025-01-07T00:23:49.876+0000] {processor.py:161} INFO - Started process (PID=8616) to work on /home/airflow/.local/lib/python3.8/site-packages/airflow/example_dags/example_branch_python_dop_operator_3.py
[2025-01-07T00:23:49.878+0000] {processor.py:830} INFO - Processing file /home/airflow/.local/lib/python3.8/site-packages/airflow/example_dags/example_branch_python_dop_operator_3.py for tasks to queue
[2025-01-07T00:23:49.882+0000] {logging_mixin.py:188} INFO - [2025-01-07T00:23:49.882+0000] {dagbag.py:538} INFO - Filling up the DagBag from /home/airflow/.local/lib/python3.8/site-packages/airflow/example_dags/example_branch_python_dop_operator_3.py
[2025-01-07T00:23:49.896+0000] {processor.py:840} INFO - DAG(s) 'example_branch_dop_operator_v3' retrieved from /home/airflow/.local/lib/python3.8/site-packages/airflow/example_dags/example_branch_python_dop_operator_3.py
[2025-01-07T00:23:49.926+0000] {logging_mixin.py:188} INFO - [2025-01-07T00:23:49.925+0000] {dag.py:3036} INFO - Sync 1 DAGs
[2025-01-07T00:23:49.963+0000] {logging_mixin.py:188} INFO - [2025-01-07T00:23:49.963+0000] {dag.py:3823} INFO - Setting next_dagrun for example_branch_dop_operator_v3 to 2025-01-07 00:22:00+00:00, run_after=2025-01-07 00:23:00+00:00
[2025-01-07T00:23:49.990+0000] {processor.py:183} INFO - Processing /home/airflow/.local/lib/python3.8/site-packages/airflow/example_dags/example_branch_python_dop_operator_3.py took 0.119 seconds
[2025-01-07T00:24:20.580+0000] {processor.py:161} INFO - Started process (PID=8672) to work on /home/airflow/.local/lib/python3.8/site-packages/airflow/example_dags/example_branch_python_dop_operator_3.py
[2025-01-07T00:24:20.582+0000] {processor.py:830} INFO - Processing file /home/airflow/.local/lib/python3.8/site-packages/airflow/example_dags/example_branch_python_dop_operator_3.py for tasks to queue
[2025-01-07T00:24:20.584+0000] {logging_mixin.py:188} INFO - [2025-01-07T00:24:20.584+0000] {dagbag.py:538} INFO - Filling up the DagBag from /home/airflow/.local/lib/python3.8/site-packages/airflow/example_dags/example_branch_python_dop_operator_3.py
[2025-01-07T00:24:20.606+0000] {processor.py:840} INFO - DAG(s) 'example_branch_dop_operator_v3' retrieved from /home/airflow/.local/lib/python3.8/site-packages/airflow/example_dags/example_branch_python_dop_operator_3.py
[2025-01-07T00:24:20.671+0000] {logging_mixin.py:188} INFO - [2025-01-07T00:24:20.670+0000] {dag.py:3036} INFO - Sync 1 DAGs
[2025-01-07T00:24:20.776+0000] {logging_mixin.py:188} INFO - [2025-01-07T00:24:20.774+0000] {dag.py:3823} INFO - Setting next_dagrun for example_branch_dop_operator_v3 to 2025-01-07 00:23:00+00:00, run_after=2025-01-07 00:24:00+00:00
[2025-01-07T00:24:20.811+0000] {processor.py:183} INFO - Processing /home/airflow/.local/lib/python3.8/site-packages/airflow/example_dags/example_branch_python_dop_operator_3.py took 0.237 seconds
[2025-01-07T00:24:51.686+0000] {processor.py:161} INFO - Started process (PID=8729) to work on /home/airflow/.local/lib/python3.8/site-packages/airflow/example_dags/example_branch_python_dop_operator_3.py
[2025-01-07T00:24:51.688+0000] {processor.py:830} INFO - Processing file /home/airflow/.local/lib/python3.8/site-packages/airflow/example_dags/example_branch_python_dop_operator_3.py for tasks to queue
[2025-01-07T00:24:51.690+0000] {logging_mixin.py:188} INFO - [2025-01-07T00:24:51.690+0000] {dagbag.py:538} INFO - Filling up the DagBag from /home/airflow/.local/lib/python3.8/site-packages/airflow/example_dags/example_branch_python_dop_operator_3.py
[2025-01-07T00:24:51.701+0000] {processor.py:840} INFO - DAG(s) 'example_branch_dop_operator_v3' retrieved from /home/airflow/.local/lib/python3.8/site-packages/airflow/example_dags/example_branch_python_dop_operator_3.py
[2025-01-07T00:24:51.723+0000] {logging_mixin.py:188} INFO - [2025-01-07T00:24:51.723+0000] {dag.py:3036} INFO - Sync 1 DAGs
[2025-01-07T00:24:51.757+0000] {logging_mixin.py:188} INFO - [2025-01-07T00:24:51.756+0000] {dag.py:3823} INFO - Setting next_dagrun for example_branch_dop_operator_v3 to 2025-01-07 00:23:00+00:00, run_after=2025-01-07 00:24:00+00:00
[2025-01-07T00:24:51.798+0000] {processor.py:183} INFO - Processing /home/airflow/.local/lib/python3.8/site-packages/airflow/example_dags/example_branch_python_dop_operator_3.py took 0.116 seconds
