[2025-01-07T00:00:12.015+0000] {processor.py:161} INFO - Started process (PID=5954) to work on /home/airflow/.local/lib/python3.8/site-packages/airflow/example_dags/example_sensors.py
[2025-01-07T00:00:12.025+0000] {processor.py:830} INFO - Processing file /home/airflow/.local/lib/python3.8/site-packages/airflow/example_dags/example_sensors.py for tasks to queue
[2025-01-07T00:00:12.037+0000] {logging_mixin.py:188} INFO - [2025-01-07T00:00:12.037+0000] {dagbag.py:538} INFO - Filling up the DagBag from /home/airflow/.local/lib/python3.8/site-packages/airflow/example_dags/example_sensors.py
[2025-01-07T00:00:12.088+0000] {processor.py:840} INFO - DAG(s) 'example_sensors' retrieved from /home/airflow/.local/lib/python3.8/site-packages/airflow/example_dags/example_sensors.py
[2025-01-07T00:00:12.166+0000] {logging_mixin.py:188} INFO - [2025-01-07T00:00:12.166+0000] {dag.py:3036} INFO - Sync 1 DAGs
[2025-01-07T00:00:12.197+0000] {logging_mixin.py:188} INFO - [2025-01-07T00:00:12.196+0000] {dag.py:3823} INFO - Setting next_dagrun for example_sensors to None, run_after=None
[2025-01-07T00:00:12.271+0000] {processor.py:183} INFO - Processing /home/airflow/.local/lib/python3.8/site-packages/airflow/example_dags/example_sensors.py took 0.263 seconds
[2025-01-07T00:00:42.920+0000] {processor.py:161} INFO - Started process (PID=6023) to work on /home/airflow/.local/lib/python3.8/site-packages/airflow/example_dags/example_sensors.py
[2025-01-07T00:00:42.922+0000] {processor.py:830} INFO - Processing file /home/airflow/.local/lib/python3.8/site-packages/airflow/example_dags/example_sensors.py for tasks to queue
[2025-01-07T00:00:42.925+0000] {logging_mixin.py:188} INFO - [2025-01-07T00:00:42.925+0000] {dagbag.py:538} INFO - Filling up the DagBag from /home/airflow/.local/lib/python3.8/site-packages/airflow/example_dags/example_sensors.py
[2025-01-07T00:00:42.937+0000] {processor.py:840} INFO - DAG(s) 'example_sensors' retrieved from /home/airflow/.local/lib/python3.8/site-packages/airflow/example_dags/example_sensors.py
[2025-01-07T00:00:43.010+0000] {logging_mixin.py:188} INFO - [2025-01-07T00:00:43.010+0000] {dag.py:3036} INFO - Sync 1 DAGs
[2025-01-07T00:00:43.044+0000] {logging_mixin.py:188} INFO - [2025-01-07T00:00:43.044+0000] {dag.py:3823} INFO - Setting next_dagrun for example_sensors to None, run_after=None
[2025-01-07T00:00:43.076+0000] {processor.py:183} INFO - Processing /home/airflow/.local/lib/python3.8/site-packages/airflow/example_dags/example_sensors.py took 0.162 seconds
[2025-01-07T00:01:13.254+0000] {processor.py:161} INFO - Started process (PID=6080) to work on /home/airflow/.local/lib/python3.8/site-packages/airflow/example_dags/example_sensors.py
[2025-01-07T00:01:13.255+0000] {processor.py:830} INFO - Processing file /home/airflow/.local/lib/python3.8/site-packages/airflow/example_dags/example_sensors.py for tasks to queue
[2025-01-07T00:01:13.257+0000] {logging_mixin.py:188} INFO - [2025-01-07T00:01:13.257+0000] {dagbag.py:538} INFO - Filling up the DagBag from /home/airflow/.local/lib/python3.8/site-packages/airflow/example_dags/example_sensors.py
[2025-01-07T00:01:13.269+0000] {processor.py:840} INFO - DAG(s) 'example_sensors' retrieved from /home/airflow/.local/lib/python3.8/site-packages/airflow/example_dags/example_sensors.py
[2025-01-07T00:01:13.304+0000] {logging_mixin.py:188} INFO - [2025-01-07T00:01:13.304+0000] {dag.py:3036} INFO - Sync 1 DAGs
[2025-01-07T00:01:13.323+0000] {logging_mixin.py:188} INFO - [2025-01-07T00:01:13.323+0000] {dag.py:3823} INFO - Setting next_dagrun for example_sensors to None, run_after=None
[2025-01-07T00:01:13.351+0000] {processor.py:183} INFO - Processing /home/airflow/.local/lib/python3.8/site-packages/airflow/example_dags/example_sensors.py took 0.102 seconds
[2025-01-07T00:01:43.677+0000] {processor.py:161} INFO - Started process (PID=6138) to work on /home/airflow/.local/lib/python3.8/site-packages/airflow/example_dags/example_sensors.py
[2025-01-07T00:01:43.678+0000] {processor.py:830} INFO - Processing file /home/airflow/.local/lib/python3.8/site-packages/airflow/example_dags/example_sensors.py for tasks to queue
[2025-01-07T00:01:43.686+0000] {logging_mixin.py:188} INFO - [2025-01-07T00:01:43.685+0000] {dagbag.py:538} INFO - Filling up the DagBag from /home/airflow/.local/lib/python3.8/site-packages/airflow/example_dags/example_sensors.py
[2025-01-07T00:01:43.711+0000] {processor.py:840} INFO - DAG(s) 'example_sensors' retrieved from /home/airflow/.local/lib/python3.8/site-packages/airflow/example_dags/example_sensors.py
[2025-01-07T00:01:43.827+0000] {logging_mixin.py:188} INFO - [2025-01-07T00:01:43.826+0000] {dag.py:3036} INFO - Sync 1 DAGs
[2025-01-07T00:01:43.878+0000] {logging_mixin.py:188} INFO - [2025-01-07T00:01:43.878+0000] {dag.py:3823} INFO - Setting next_dagrun for example_sensors to None, run_after=None
[2025-01-07T00:01:43.944+0000] {processor.py:183} INFO - Processing /home/airflow/.local/lib/python3.8/site-packages/airflow/example_dags/example_sensors.py took 0.271 seconds
[2025-01-07T00:02:17.916+0000] {processor.py:161} INFO - Started process (PID=6200) to work on /home/airflow/.local/lib/python3.8/site-packages/airflow/example_dags/example_sensors.py
[2025-01-07T00:02:17.917+0000] {processor.py:830} INFO - Processing file /home/airflow/.local/lib/python3.8/site-packages/airflow/example_dags/example_sensors.py for tasks to queue
[2025-01-07T00:02:17.924+0000] {logging_mixin.py:188} INFO - [2025-01-07T00:02:17.923+0000] {dagbag.py:538} INFO - Filling up the DagBag from /home/airflow/.local/lib/python3.8/site-packages/airflow/example_dags/example_sensors.py
[2025-01-07T00:02:17.956+0000] {processor.py:840} INFO - DAG(s) 'example_sensors' retrieved from /home/airflow/.local/lib/python3.8/site-packages/airflow/example_dags/example_sensors.py
[2025-01-07T00:02:18.124+0000] {logging_mixin.py:188} INFO - [2025-01-07T00:02:18.124+0000] {dag.py:3036} INFO - Sync 1 DAGs
[2025-01-07T00:02:18.208+0000] {logging_mixin.py:188} INFO - [2025-01-07T00:02:18.207+0000] {dag.py:3823} INFO - Setting next_dagrun for example_sensors to None, run_after=None
[2025-01-07T00:02:18.306+0000] {processor.py:183} INFO - Processing /home/airflow/.local/lib/python3.8/site-packages/airflow/example_dags/example_sensors.py took 0.407 seconds
[2025-01-07T00:02:48.663+0000] {processor.py:161} INFO - Started process (PID=6262) to work on /home/airflow/.local/lib/python3.8/site-packages/airflow/example_dags/example_sensors.py
[2025-01-07T00:02:48.665+0000] {processor.py:830} INFO - Processing file /home/airflow/.local/lib/python3.8/site-packages/airflow/example_dags/example_sensors.py for tasks to queue
[2025-01-07T00:02:48.668+0000] {logging_mixin.py:188} INFO - [2025-01-07T00:02:48.667+0000] {dagbag.py:538} INFO - Filling up the DagBag from /home/airflow/.local/lib/python3.8/site-packages/airflow/example_dags/example_sensors.py
[2025-01-07T00:02:48.704+0000] {processor.py:840} INFO - DAG(s) 'example_sensors' retrieved from /home/airflow/.local/lib/python3.8/site-packages/airflow/example_dags/example_sensors.py
[2025-01-07T00:02:48.810+0000] {logging_mixin.py:188} INFO - [2025-01-07T00:02:48.809+0000] {dag.py:3036} INFO - Sync 1 DAGs
[2025-01-07T00:02:48.846+0000] {logging_mixin.py:188} INFO - [2025-01-07T00:02:48.846+0000] {dag.py:3823} INFO - Setting next_dagrun for example_sensors to None, run_after=None
[2025-01-07T00:02:48.899+0000] {processor.py:183} INFO - Processing /home/airflow/.local/lib/python3.8/site-packages/airflow/example_dags/example_sensors.py took 0.247 seconds
[2025-01-07T00:03:20.319+0000] {processor.py:161} INFO - Started process (PID=6316) to work on /home/airflow/.local/lib/python3.8/site-packages/airflow/example_dags/example_sensors.py
[2025-01-07T00:03:20.324+0000] {processor.py:830} INFO - Processing file /home/airflow/.local/lib/python3.8/site-packages/airflow/example_dags/example_sensors.py for tasks to queue
[2025-01-07T00:03:20.327+0000] {logging_mixin.py:188} INFO - [2025-01-07T00:03:20.327+0000] {dagbag.py:538} INFO - Filling up the DagBag from /home/airflow/.local/lib/python3.8/site-packages/airflow/example_dags/example_sensors.py
[2025-01-07T00:03:20.366+0000] {processor.py:840} INFO - DAG(s) 'example_sensors' retrieved from /home/airflow/.local/lib/python3.8/site-packages/airflow/example_dags/example_sensors.py
[2025-01-07T00:03:20.413+0000] {logging_mixin.py:188} INFO - [2025-01-07T00:03:20.413+0000] {dag.py:3036} INFO - Sync 1 DAGs
[2025-01-07T00:03:20.433+0000] {logging_mixin.py:188} INFO - [2025-01-07T00:03:20.433+0000] {dag.py:3823} INFO - Setting next_dagrun for example_sensors to None, run_after=None
[2025-01-07T00:03:20.467+0000] {processor.py:183} INFO - Processing /home/airflow/.local/lib/python3.8/site-packages/airflow/example_dags/example_sensors.py took 0.155 seconds
[2025-01-07T00:03:50.703+0000] {processor.py:161} INFO - Started process (PID=6373) to work on /home/airflow/.local/lib/python3.8/site-packages/airflow/example_dags/example_sensors.py
[2025-01-07T00:03:50.704+0000] {processor.py:830} INFO - Processing file /home/airflow/.local/lib/python3.8/site-packages/airflow/example_dags/example_sensors.py for tasks to queue
[2025-01-07T00:03:50.706+0000] {logging_mixin.py:188} INFO - [2025-01-07T00:03:50.706+0000] {dagbag.py:538} INFO - Filling up the DagBag from /home/airflow/.local/lib/python3.8/site-packages/airflow/example_dags/example_sensors.py
[2025-01-07T00:03:50.719+0000] {processor.py:840} INFO - DAG(s) 'example_sensors' retrieved from /home/airflow/.local/lib/python3.8/site-packages/airflow/example_dags/example_sensors.py
[2025-01-07T00:03:50.753+0000] {logging_mixin.py:188} INFO - [2025-01-07T00:03:50.753+0000] {dag.py:3036} INFO - Sync 1 DAGs
[2025-01-07T00:03:50.771+0000] {logging_mixin.py:188} INFO - [2025-01-07T00:03:50.771+0000] {dag.py:3823} INFO - Setting next_dagrun for example_sensors to None, run_after=None
[2025-01-07T00:03:50.809+0000] {processor.py:183} INFO - Processing /home/airflow/.local/lib/python3.8/site-packages/airflow/example_dags/example_sensors.py took 0.111 seconds
[2025-01-07T00:04:21.051+0000] {processor.py:161} INFO - Started process (PID=6431) to work on /home/airflow/.local/lib/python3.8/site-packages/airflow/example_dags/example_sensors.py
[2025-01-07T00:04:21.053+0000] {processor.py:830} INFO - Processing file /home/airflow/.local/lib/python3.8/site-packages/airflow/example_dags/example_sensors.py for tasks to queue
[2025-01-07T00:04:21.055+0000] {logging_mixin.py:188} INFO - [2025-01-07T00:04:21.055+0000] {dagbag.py:538} INFO - Filling up the DagBag from /home/airflow/.local/lib/python3.8/site-packages/airflow/example_dags/example_sensors.py
[2025-01-07T00:04:21.071+0000] {processor.py:840} INFO - DAG(s) 'example_sensors' retrieved from /home/airflow/.local/lib/python3.8/site-packages/airflow/example_dags/example_sensors.py
[2025-01-07T00:04:21.108+0000] {logging_mixin.py:188} INFO - [2025-01-07T00:04:21.108+0000] {dag.py:3036} INFO - Sync 1 DAGs
[2025-01-07T00:04:21.129+0000] {logging_mixin.py:188} INFO - [2025-01-07T00:04:21.129+0000] {dag.py:3823} INFO - Setting next_dagrun for example_sensors to None, run_after=None
[2025-01-07T00:04:21.161+0000] {processor.py:183} INFO - Processing /home/airflow/.local/lib/python3.8/site-packages/airflow/example_dags/example_sensors.py took 0.114 seconds
[2025-01-07T00:04:52.208+0000] {processor.py:161} INFO - Started process (PID=6488) to work on /home/airflow/.local/lib/python3.8/site-packages/airflow/example_dags/example_sensors.py
[2025-01-07T00:04:52.209+0000] {processor.py:830} INFO - Processing file /home/airflow/.local/lib/python3.8/site-packages/airflow/example_dags/example_sensors.py for tasks to queue
[2025-01-07T00:04:52.212+0000] {logging_mixin.py:188} INFO - [2025-01-07T00:04:52.212+0000] {dagbag.py:538} INFO - Filling up the DagBag from /home/airflow/.local/lib/python3.8/site-packages/airflow/example_dags/example_sensors.py
[2025-01-07T00:04:52.223+0000] {processor.py:840} INFO - DAG(s) 'example_sensors' retrieved from /home/airflow/.local/lib/python3.8/site-packages/airflow/example_dags/example_sensors.py
[2025-01-07T00:04:52.260+0000] {logging_mixin.py:188} INFO - [2025-01-07T00:04:52.260+0000] {dag.py:3036} INFO - Sync 1 DAGs
[2025-01-07T00:04:52.277+0000] {logging_mixin.py:188} INFO - [2025-01-07T00:04:52.277+0000] {dag.py:3823} INFO - Setting next_dagrun for example_sensors to None, run_after=None
[2025-01-07T00:04:52.322+0000] {processor.py:183} INFO - Processing /home/airflow/.local/lib/python3.8/site-packages/airflow/example_dags/example_sensors.py took 0.118 seconds
[2025-01-07T00:05:22.997+0000] {processor.py:161} INFO - Started process (PID=6543) to work on /home/airflow/.local/lib/python3.8/site-packages/airflow/example_dags/example_sensors.py
[2025-01-07T00:05:22.998+0000] {processor.py:830} INFO - Processing file /home/airflow/.local/lib/python3.8/site-packages/airflow/example_dags/example_sensors.py for tasks to queue
[2025-01-07T00:05:23.001+0000] {logging_mixin.py:188} INFO - [2025-01-07T00:05:23.001+0000] {dagbag.py:538} INFO - Filling up the DagBag from /home/airflow/.local/lib/python3.8/site-packages/airflow/example_dags/example_sensors.py
[2025-01-07T00:05:23.018+0000] {processor.py:840} INFO - DAG(s) 'example_sensors' retrieved from /home/airflow/.local/lib/python3.8/site-packages/airflow/example_dags/example_sensors.py
[2025-01-07T00:05:23.060+0000] {logging_mixin.py:188} INFO - [2025-01-07T00:05:23.060+0000] {dag.py:3036} INFO - Sync 1 DAGs
[2025-01-07T00:05:23.076+0000] {logging_mixin.py:188} INFO - [2025-01-07T00:05:23.076+0000] {dag.py:3823} INFO - Setting next_dagrun for example_sensors to None, run_after=None
[2025-01-07T00:05:23.099+0000] {processor.py:183} INFO - Processing /home/airflow/.local/lib/python3.8/site-packages/airflow/example_dags/example_sensors.py took 0.107 seconds
[2025-01-07T00:05:54.262+0000] {processor.py:161} INFO - Started process (PID=6602) to work on /home/airflow/.local/lib/python3.8/site-packages/airflow/example_dags/example_sensors.py
[2025-01-07T00:05:54.264+0000] {processor.py:830} INFO - Processing file /home/airflow/.local/lib/python3.8/site-packages/airflow/example_dags/example_sensors.py for tasks to queue
[2025-01-07T00:05:54.270+0000] {logging_mixin.py:188} INFO - [2025-01-07T00:05:54.270+0000] {dagbag.py:538} INFO - Filling up the DagBag from /home/airflow/.local/lib/python3.8/site-packages/airflow/example_dags/example_sensors.py
[2025-01-07T00:05:54.294+0000] {processor.py:840} INFO - DAG(s) 'example_sensors' retrieved from /home/airflow/.local/lib/python3.8/site-packages/airflow/example_dags/example_sensors.py
[2025-01-07T00:05:54.373+0000] {logging_mixin.py:188} INFO - [2025-01-07T00:05:54.372+0000] {dag.py:3036} INFO - Sync 1 DAGs
[2025-01-07T00:05:54.394+0000] {logging_mixin.py:188} INFO - [2025-01-07T00:05:54.394+0000] {dag.py:3823} INFO - Setting next_dagrun for example_sensors to None, run_after=None
[2025-01-07T00:05:54.427+0000] {processor.py:183} INFO - Processing /home/airflow/.local/lib/python3.8/site-packages/airflow/example_dags/example_sensors.py took 0.171 seconds
[2025-01-07T00:06:24.904+0000] {processor.py:161} INFO - Started process (PID=6659) to work on /home/airflow/.local/lib/python3.8/site-packages/airflow/example_dags/example_sensors.py
[2025-01-07T00:06:24.906+0000] {processor.py:830} INFO - Processing file /home/airflow/.local/lib/python3.8/site-packages/airflow/example_dags/example_sensors.py for tasks to queue
[2025-01-07T00:06:24.909+0000] {logging_mixin.py:188} INFO - [2025-01-07T00:06:24.908+0000] {dagbag.py:538} INFO - Filling up the DagBag from /home/airflow/.local/lib/python3.8/site-packages/airflow/example_dags/example_sensors.py
[2025-01-07T00:06:24.944+0000] {processor.py:840} INFO - DAG(s) 'example_sensors' retrieved from /home/airflow/.local/lib/python3.8/site-packages/airflow/example_dags/example_sensors.py
[2025-01-07T00:06:25.008+0000] {logging_mixin.py:188} INFO - [2025-01-07T00:06:25.008+0000] {dag.py:3036} INFO - Sync 1 DAGs
[2025-01-07T00:06:25.037+0000] {logging_mixin.py:188} INFO - [2025-01-07T00:06:25.037+0000] {dag.py:3823} INFO - Setting next_dagrun for example_sensors to None, run_after=None
[2025-01-07T00:06:25.071+0000] {processor.py:183} INFO - Processing /home/airflow/.local/lib/python3.8/site-packages/airflow/example_dags/example_sensors.py took 0.177 seconds
[2025-01-07T00:07:02.101+0000] {processor.py:161} INFO - Started process (PID=6730) to work on /home/airflow/.local/lib/python3.8/site-packages/airflow/example_dags/example_sensors.py
[2025-01-07T00:07:02.103+0000] {processor.py:830} INFO - Processing file /home/airflow/.local/lib/python3.8/site-packages/airflow/example_dags/example_sensors.py for tasks to queue
[2025-01-07T00:07:02.107+0000] {logging_mixin.py:188} INFO - [2025-01-07T00:07:02.106+0000] {dagbag.py:538} INFO - Filling up the DagBag from /home/airflow/.local/lib/python3.8/site-packages/airflow/example_dags/example_sensors.py
[2025-01-07T00:07:02.127+0000] {processor.py:840} INFO - DAG(s) 'example_sensors' retrieved from /home/airflow/.local/lib/python3.8/site-packages/airflow/example_dags/example_sensors.py
[2025-01-07T00:07:02.184+0000] {logging_mixin.py:188} INFO - [2025-01-07T00:07:02.183+0000] {dag.py:3036} INFO - Sync 1 DAGs
[2025-01-07T00:07:02.216+0000] {logging_mixin.py:188} INFO - [2025-01-07T00:07:02.215+0000] {dag.py:3823} INFO - Setting next_dagrun for example_sensors to None, run_after=None
[2025-01-07T00:07:02.258+0000] {processor.py:183} INFO - Processing /home/airflow/.local/lib/python3.8/site-packages/airflow/example_dags/example_sensors.py took 0.163 seconds
[2025-01-07T00:07:32.858+0000] {processor.py:161} INFO - Started process (PID=6787) to work on /home/airflow/.local/lib/python3.8/site-packages/airflow/example_dags/example_sensors.py
[2025-01-07T00:07:32.860+0000] {processor.py:830} INFO - Processing file /home/airflow/.local/lib/python3.8/site-packages/airflow/example_dags/example_sensors.py for tasks to queue
[2025-01-07T00:07:32.863+0000] {logging_mixin.py:188} INFO - [2025-01-07T00:07:32.863+0000] {dagbag.py:538} INFO - Filling up the DagBag from /home/airflow/.local/lib/python3.8/site-packages/airflow/example_dags/example_sensors.py
[2025-01-07T00:07:32.881+0000] {processor.py:840} INFO - DAG(s) 'example_sensors' retrieved from /home/airflow/.local/lib/python3.8/site-packages/airflow/example_dags/example_sensors.py
[2025-01-07T00:07:32.925+0000] {logging_mixin.py:188} INFO - [2025-01-07T00:07:32.924+0000] {dag.py:3036} INFO - Sync 1 DAGs
[2025-01-07T00:07:32.943+0000] {logging_mixin.py:188} INFO - [2025-01-07T00:07:32.943+0000] {dag.py:3823} INFO - Setting next_dagrun for example_sensors to None, run_after=None
[2025-01-07T00:07:32.975+0000] {processor.py:183} INFO - Processing /home/airflow/.local/lib/python3.8/site-packages/airflow/example_dags/example_sensors.py took 0.121 seconds
[2025-01-07T00:08:03.178+0000] {processor.py:161} INFO - Started process (PID=6844) to work on /home/airflow/.local/lib/python3.8/site-packages/airflow/example_dags/example_sensors.py
[2025-01-07T00:08:03.179+0000] {processor.py:830} INFO - Processing file /home/airflow/.local/lib/python3.8/site-packages/airflow/example_dags/example_sensors.py for tasks to queue
[2025-01-07T00:08:03.182+0000] {logging_mixin.py:188} INFO - [2025-01-07T00:08:03.182+0000] {dagbag.py:538} INFO - Filling up the DagBag from /home/airflow/.local/lib/python3.8/site-packages/airflow/example_dags/example_sensors.py
[2025-01-07T00:08:03.198+0000] {processor.py:840} INFO - DAG(s) 'example_sensors' retrieved from /home/airflow/.local/lib/python3.8/site-packages/airflow/example_dags/example_sensors.py
[2025-01-07T00:08:03.251+0000] {logging_mixin.py:188} INFO - [2025-01-07T00:08:03.251+0000] {dag.py:3036} INFO - Sync 1 DAGs
[2025-01-07T00:08:03.271+0000] {logging_mixin.py:188} INFO - [2025-01-07T00:08:03.271+0000] {dag.py:3823} INFO - Setting next_dagrun for example_sensors to None, run_after=None
[2025-01-07T00:08:03.302+0000] {processor.py:183} INFO - Processing /home/airflow/.local/lib/python3.8/site-packages/airflow/example_dags/example_sensors.py took 0.130 seconds
[2025-01-07T00:08:35.378+0000] {processor.py:161} INFO - Started process (PID=6909) to work on /home/airflow/.local/lib/python3.8/site-packages/airflow/example_dags/example_sensors.py
[2025-01-07T00:08:35.382+0000] {processor.py:830} INFO - Processing file /home/airflow/.local/lib/python3.8/site-packages/airflow/example_dags/example_sensors.py for tasks to queue
[2025-01-07T00:08:35.388+0000] {logging_mixin.py:188} INFO - [2025-01-07T00:08:35.388+0000] {dagbag.py:538} INFO - Filling up the DagBag from /home/airflow/.local/lib/python3.8/site-packages/airflow/example_dags/example_sensors.py
[2025-01-07T00:08:35.424+0000] {processor.py:840} INFO - DAG(s) 'example_sensors' retrieved from /home/airflow/.local/lib/python3.8/site-packages/airflow/example_dags/example_sensors.py
[2025-01-07T00:08:35.530+0000] {logging_mixin.py:188} INFO - [2025-01-07T00:08:35.530+0000] {dag.py:3036} INFO - Sync 1 DAGs
[2025-01-07T00:08:35.651+0000] {logging_mixin.py:188} INFO - [2025-01-07T00:08:35.650+0000] {dag.py:3823} INFO - Setting next_dagrun for example_sensors to None, run_after=None
[2025-01-07T00:08:35.898+0000] {processor.py:183} INFO - Processing /home/airflow/.local/lib/python3.8/site-packages/airflow/example_dags/example_sensors.py took 0.538 seconds
[2025-01-07T00:09:06.095+0000] {processor.py:161} INFO - Started process (PID=6969) to work on /home/airflow/.local/lib/python3.8/site-packages/airflow/example_dags/example_sensors.py
[2025-01-07T00:09:06.097+0000] {processor.py:830} INFO - Processing file /home/airflow/.local/lib/python3.8/site-packages/airflow/example_dags/example_sensors.py for tasks to queue
[2025-01-07T00:09:06.104+0000] {logging_mixin.py:188} INFO - [2025-01-07T00:09:06.103+0000] {dagbag.py:538} INFO - Filling up the DagBag from /home/airflow/.local/lib/python3.8/site-packages/airflow/example_dags/example_sensors.py
[2025-01-07T00:09:06.136+0000] {processor.py:840} INFO - DAG(s) 'example_sensors' retrieved from /home/airflow/.local/lib/python3.8/site-packages/airflow/example_dags/example_sensors.py
[2025-01-07T00:09:06.194+0000] {logging_mixin.py:188} INFO - [2025-01-07T00:09:06.193+0000] {dag.py:3036} INFO - Sync 1 DAGs
[2025-01-07T00:09:06.218+0000] {logging_mixin.py:188} INFO - [2025-01-07T00:09:06.218+0000] {dag.py:3823} INFO - Setting next_dagrun for example_sensors to None, run_after=None
[2025-01-07T00:09:06.261+0000] {processor.py:183} INFO - Processing /home/airflow/.local/lib/python3.8/site-packages/airflow/example_dags/example_sensors.py took 0.172 seconds
[2025-01-07T00:09:36.441+0000] {processor.py:161} INFO - Started process (PID=7026) to work on /home/airflow/.local/lib/python3.8/site-packages/airflow/example_dags/example_sensors.py
[2025-01-07T00:09:36.442+0000] {processor.py:830} INFO - Processing file /home/airflow/.local/lib/python3.8/site-packages/airflow/example_dags/example_sensors.py for tasks to queue
[2025-01-07T00:09:36.444+0000] {logging_mixin.py:188} INFO - [2025-01-07T00:09:36.444+0000] {dagbag.py:538} INFO - Filling up the DagBag from /home/airflow/.local/lib/python3.8/site-packages/airflow/example_dags/example_sensors.py
[2025-01-07T00:09:36.455+0000] {processor.py:840} INFO - DAG(s) 'example_sensors' retrieved from /home/airflow/.local/lib/python3.8/site-packages/airflow/example_dags/example_sensors.py
[2025-01-07T00:09:36.490+0000] {logging_mixin.py:188} INFO - [2025-01-07T00:09:36.490+0000] {dag.py:3036} INFO - Sync 1 DAGs
[2025-01-07T00:09:36.512+0000] {logging_mixin.py:188} INFO - [2025-01-07T00:09:36.511+0000] {dag.py:3823} INFO - Setting next_dagrun for example_sensors to None, run_after=None
[2025-01-07T00:09:36.538+0000] {processor.py:183} INFO - Processing /home/airflow/.local/lib/python3.8/site-packages/airflow/example_dags/example_sensors.py took 0.102 seconds
[2025-01-07T00:10:07.305+0000] {processor.py:161} INFO - Started process (PID=7084) to work on /home/airflow/.local/lib/python3.8/site-packages/airflow/example_dags/example_sensors.py
[2025-01-07T00:10:07.312+0000] {processor.py:830} INFO - Processing file /home/airflow/.local/lib/python3.8/site-packages/airflow/example_dags/example_sensors.py for tasks to queue
[2025-01-07T00:10:07.323+0000] {logging_mixin.py:188} INFO - [2025-01-07T00:10:07.322+0000] {dagbag.py:538} INFO - Filling up the DagBag from /home/airflow/.local/lib/python3.8/site-packages/airflow/example_dags/example_sensors.py
[2025-01-07T00:10:07.360+0000] {processor.py:840} INFO - DAG(s) 'example_sensors' retrieved from /home/airflow/.local/lib/python3.8/site-packages/airflow/example_dags/example_sensors.py
[2025-01-07T00:10:07.447+0000] {logging_mixin.py:188} INFO - [2025-01-07T00:10:07.447+0000] {dag.py:3036} INFO - Sync 1 DAGs
[2025-01-07T00:10:07.492+0000] {logging_mixin.py:188} INFO - [2025-01-07T00:10:07.492+0000] {dag.py:3823} INFO - Setting next_dagrun for example_sensors to None, run_after=None
[2025-01-07T00:10:07.533+0000] {processor.py:183} INFO - Processing /home/airflow/.local/lib/python3.8/site-packages/airflow/example_dags/example_sensors.py took 0.234 seconds
[2025-01-07T00:10:37.647+0000] {processor.py:161} INFO - Started process (PID=7141) to work on /home/airflow/.local/lib/python3.8/site-packages/airflow/example_dags/example_sensors.py
[2025-01-07T00:10:37.648+0000] {processor.py:830} INFO - Processing file /home/airflow/.local/lib/python3.8/site-packages/airflow/example_dags/example_sensors.py for tasks to queue
[2025-01-07T00:10:37.651+0000] {logging_mixin.py:188} INFO - [2025-01-07T00:10:37.650+0000] {dagbag.py:538} INFO - Filling up the DagBag from /home/airflow/.local/lib/python3.8/site-packages/airflow/example_dags/example_sensors.py
[2025-01-07T00:10:37.666+0000] {processor.py:840} INFO - DAG(s) 'example_sensors' retrieved from /home/airflow/.local/lib/python3.8/site-packages/airflow/example_dags/example_sensors.py
[2025-01-07T00:10:37.709+0000] {logging_mixin.py:188} INFO - [2025-01-07T00:10:37.708+0000] {dag.py:3036} INFO - Sync 1 DAGs
[2025-01-07T00:10:37.728+0000] {logging_mixin.py:188} INFO - [2025-01-07T00:10:37.727+0000] {dag.py:3823} INFO - Setting next_dagrun for example_sensors to None, run_after=None
[2025-01-07T00:10:37.753+0000] {processor.py:183} INFO - Processing /home/airflow/.local/lib/python3.8/site-packages/airflow/example_dags/example_sensors.py took 0.112 seconds
[2025-01-07T00:11:07.845+0000] {processor.py:161} INFO - Started process (PID=7198) to work on /home/airflow/.local/lib/python3.8/site-packages/airflow/example_dags/example_sensors.py
[2025-01-07T00:11:07.847+0000] {processor.py:830} INFO - Processing file /home/airflow/.local/lib/python3.8/site-packages/airflow/example_dags/example_sensors.py for tasks to queue
[2025-01-07T00:11:07.850+0000] {logging_mixin.py:188} INFO - [2025-01-07T00:11:07.850+0000] {dagbag.py:538} INFO - Filling up the DagBag from /home/airflow/.local/lib/python3.8/site-packages/airflow/example_dags/example_sensors.py
[2025-01-07T00:11:07.864+0000] {processor.py:840} INFO - DAG(s) 'example_sensors' retrieved from /home/airflow/.local/lib/python3.8/site-packages/airflow/example_dags/example_sensors.py
[2025-01-07T00:11:07.912+0000] {logging_mixin.py:188} INFO - [2025-01-07T00:11:07.912+0000] {dag.py:3036} INFO - Sync 1 DAGs
[2025-01-07T00:11:07.934+0000] {logging_mixin.py:188} INFO - [2025-01-07T00:11:07.934+0000] {dag.py:3823} INFO - Setting next_dagrun for example_sensors to None, run_after=None
[2025-01-07T00:11:07.967+0000] {processor.py:183} INFO - Processing /home/airflow/.local/lib/python3.8/site-packages/airflow/example_dags/example_sensors.py took 0.129 seconds
[2025-01-07T00:11:38.103+0000] {processor.py:161} INFO - Started process (PID=7255) to work on /home/airflow/.local/lib/python3.8/site-packages/airflow/example_dags/example_sensors.py
[2025-01-07T00:11:38.104+0000] {processor.py:830} INFO - Processing file /home/airflow/.local/lib/python3.8/site-packages/airflow/example_dags/example_sensors.py for tasks to queue
[2025-01-07T00:11:38.106+0000] {logging_mixin.py:188} INFO - [2025-01-07T00:11:38.106+0000] {dagbag.py:538} INFO - Filling up the DagBag from /home/airflow/.local/lib/python3.8/site-packages/airflow/example_dags/example_sensors.py
[2025-01-07T00:11:38.121+0000] {processor.py:840} INFO - DAG(s) 'example_sensors' retrieved from /home/airflow/.local/lib/python3.8/site-packages/airflow/example_dags/example_sensors.py
[2025-01-07T00:11:38.161+0000] {logging_mixin.py:188} INFO - [2025-01-07T00:11:38.161+0000] {dag.py:3036} INFO - Sync 1 DAGs
[2025-01-07T00:11:38.181+0000] {logging_mixin.py:188} INFO - [2025-01-07T00:11:38.180+0000] {dag.py:3823} INFO - Setting next_dagrun for example_sensors to None, run_after=None
[2025-01-07T00:11:38.211+0000] {processor.py:183} INFO - Processing /home/airflow/.local/lib/python3.8/site-packages/airflow/example_dags/example_sensors.py took 0.112 seconds
[2025-01-07T00:12:08.659+0000] {processor.py:161} INFO - Started process (PID=7311) to work on /home/airflow/.local/lib/python3.8/site-packages/airflow/example_dags/example_sensors.py
[2025-01-07T00:12:08.661+0000] {processor.py:830} INFO - Processing file /home/airflow/.local/lib/python3.8/site-packages/airflow/example_dags/example_sensors.py for tasks to queue
[2025-01-07T00:12:08.665+0000] {logging_mixin.py:188} INFO - [2025-01-07T00:12:08.664+0000] {dagbag.py:538} INFO - Filling up the DagBag from /home/airflow/.local/lib/python3.8/site-packages/airflow/example_dags/example_sensors.py
[2025-01-07T00:12:08.690+0000] {processor.py:840} INFO - DAG(s) 'example_sensors' retrieved from /home/airflow/.local/lib/python3.8/site-packages/airflow/example_dags/example_sensors.py
[2025-01-07T00:12:08.761+0000] {logging_mixin.py:188} INFO - [2025-01-07T00:12:08.760+0000] {dag.py:3036} INFO - Sync 1 DAGs
[2025-01-07T00:12:08.790+0000] {logging_mixin.py:188} INFO - [2025-01-07T00:12:08.789+0000] {dag.py:3823} INFO - Setting next_dagrun for example_sensors to None, run_after=None
[2025-01-07T00:12:08.845+0000] {processor.py:183} INFO - Processing /home/airflow/.local/lib/python3.8/site-packages/airflow/example_dags/example_sensors.py took 0.193 seconds
[2025-01-07T00:12:39.290+0000] {processor.py:161} INFO - Started process (PID=7368) to work on /home/airflow/.local/lib/python3.8/site-packages/airflow/example_dags/example_sensors.py
[2025-01-07T00:12:39.291+0000] {processor.py:830} INFO - Processing file /home/airflow/.local/lib/python3.8/site-packages/airflow/example_dags/example_sensors.py for tasks to queue
[2025-01-07T00:12:39.294+0000] {logging_mixin.py:188} INFO - [2025-01-07T00:12:39.293+0000] {dagbag.py:538} INFO - Filling up the DagBag from /home/airflow/.local/lib/python3.8/site-packages/airflow/example_dags/example_sensors.py
[2025-01-07T00:12:39.307+0000] {processor.py:840} INFO - DAG(s) 'example_sensors' retrieved from /home/airflow/.local/lib/python3.8/site-packages/airflow/example_dags/example_sensors.py
[2025-01-07T00:12:39.345+0000] {logging_mixin.py:188} INFO - [2025-01-07T00:12:39.344+0000] {dag.py:3036} INFO - Sync 1 DAGs
[2025-01-07T00:12:39.385+0000] {logging_mixin.py:188} INFO - [2025-01-07T00:12:39.385+0000] {dag.py:3823} INFO - Setting next_dagrun for example_sensors to None, run_after=None
[2025-01-07T00:12:39.431+0000] {processor.py:183} INFO - Processing /home/airflow/.local/lib/python3.8/site-packages/airflow/example_dags/example_sensors.py took 0.145 seconds
[2025-01-07T00:13:09.859+0000] {processor.py:161} INFO - Started process (PID=7425) to work on /home/airflow/.local/lib/python3.8/site-packages/airflow/example_dags/example_sensors.py
[2025-01-07T00:13:09.861+0000] {processor.py:830} INFO - Processing file /home/airflow/.local/lib/python3.8/site-packages/airflow/example_dags/example_sensors.py for tasks to queue
[2025-01-07T00:13:09.864+0000] {logging_mixin.py:188} INFO - [2025-01-07T00:13:09.863+0000] {dagbag.py:538} INFO - Filling up the DagBag from /home/airflow/.local/lib/python3.8/site-packages/airflow/example_dags/example_sensors.py
[2025-01-07T00:13:09.884+0000] {processor.py:840} INFO - DAG(s) 'example_sensors' retrieved from /home/airflow/.local/lib/python3.8/site-packages/airflow/example_dags/example_sensors.py
[2025-01-07T00:13:09.933+0000] {logging_mixin.py:188} INFO - [2025-01-07T00:13:09.932+0000] {dag.py:3036} INFO - Sync 1 DAGs
[2025-01-07T00:13:09.957+0000] {logging_mixin.py:188} INFO - [2025-01-07T00:13:09.957+0000] {dag.py:3823} INFO - Setting next_dagrun for example_sensors to None, run_after=None
[2025-01-07T00:13:09.993+0000] {processor.py:183} INFO - Processing /home/airflow/.local/lib/python3.8/site-packages/airflow/example_dags/example_sensors.py took 0.139 seconds
[2025-01-07T00:13:40.196+0000] {processor.py:161} INFO - Started process (PID=7483) to work on /home/airflow/.local/lib/python3.8/site-packages/airflow/example_dags/example_sensors.py
[2025-01-07T00:13:40.197+0000] {processor.py:830} INFO - Processing file /home/airflow/.local/lib/python3.8/site-packages/airflow/example_dags/example_sensors.py for tasks to queue
[2025-01-07T00:13:40.200+0000] {logging_mixin.py:188} INFO - [2025-01-07T00:13:40.199+0000] {dagbag.py:538} INFO - Filling up the DagBag from /home/airflow/.local/lib/python3.8/site-packages/airflow/example_dags/example_sensors.py
[2025-01-07T00:13:40.216+0000] {processor.py:840} INFO - DAG(s) 'example_sensors' retrieved from /home/airflow/.local/lib/python3.8/site-packages/airflow/example_dags/example_sensors.py
[2025-01-07T00:13:40.260+0000] {logging_mixin.py:188} INFO - [2025-01-07T00:13:40.259+0000] {dag.py:3036} INFO - Sync 1 DAGs
[2025-01-07T00:13:40.279+0000] {logging_mixin.py:188} INFO - [2025-01-07T00:13:40.278+0000] {dag.py:3823} INFO - Setting next_dagrun for example_sensors to None, run_after=None
[2025-01-07T00:13:40.305+0000] {processor.py:183} INFO - Processing /home/airflow/.local/lib/python3.8/site-packages/airflow/example_dags/example_sensors.py took 0.116 seconds
[2025-01-07T00:14:10.569+0000] {processor.py:161} INFO - Started process (PID=7540) to work on /home/airflow/.local/lib/python3.8/site-packages/airflow/example_dags/example_sensors.py
[2025-01-07T00:14:10.579+0000] {processor.py:830} INFO - Processing file /home/airflow/.local/lib/python3.8/site-packages/airflow/example_dags/example_sensors.py for tasks to queue
[2025-01-07T00:14:10.583+0000] {logging_mixin.py:188} INFO - [2025-01-07T00:14:10.582+0000] {dagbag.py:538} INFO - Filling up the DagBag from /home/airflow/.local/lib/python3.8/site-packages/airflow/example_dags/example_sensors.py
[2025-01-07T00:14:10.605+0000] {processor.py:840} INFO - DAG(s) 'example_sensors' retrieved from /home/airflow/.local/lib/python3.8/site-packages/airflow/example_dags/example_sensors.py
[2025-01-07T00:14:10.676+0000] {logging_mixin.py:188} INFO - [2025-01-07T00:14:10.674+0000] {dag.py:3036} INFO - Sync 1 DAGs
[2025-01-07T00:14:10.701+0000] {logging_mixin.py:188} INFO - [2025-01-07T00:14:10.701+0000] {dag.py:3823} INFO - Setting next_dagrun for example_sensors to None, run_after=None
[2025-01-07T00:14:10.748+0000] {processor.py:183} INFO - Processing /home/airflow/.local/lib/python3.8/site-packages/airflow/example_dags/example_sensors.py took 0.184 seconds
[2025-01-07T00:14:41.487+0000] {processor.py:161} INFO - Started process (PID=7597) to work on /home/airflow/.local/lib/python3.8/site-packages/airflow/example_dags/example_sensors.py
[2025-01-07T00:14:41.489+0000] {processor.py:830} INFO - Processing file /home/airflow/.local/lib/python3.8/site-packages/airflow/example_dags/example_sensors.py for tasks to queue
[2025-01-07T00:14:41.492+0000] {logging_mixin.py:188} INFO - [2025-01-07T00:14:41.491+0000] {dagbag.py:538} INFO - Filling up the DagBag from /home/airflow/.local/lib/python3.8/site-packages/airflow/example_dags/example_sensors.py
[2025-01-07T00:14:41.513+0000] {processor.py:840} INFO - DAG(s) 'example_sensors' retrieved from /home/airflow/.local/lib/python3.8/site-packages/airflow/example_dags/example_sensors.py
[2025-01-07T00:14:41.610+0000] {logging_mixin.py:188} INFO - [2025-01-07T00:14:41.610+0000] {dag.py:3036} INFO - Sync 1 DAGs
[2025-01-07T00:14:41.643+0000] {logging_mixin.py:188} INFO - [2025-01-07T00:14:41.642+0000] {dag.py:3823} INFO - Setting next_dagrun for example_sensors to None, run_after=None
[2025-01-07T00:14:41.742+0000] {processor.py:183} INFO - Processing /home/airflow/.local/lib/python3.8/site-packages/airflow/example_dags/example_sensors.py took 0.267 seconds
[2025-01-07T00:15:12.010+0000] {processor.py:161} INFO - Started process (PID=7654) to work on /home/airflow/.local/lib/python3.8/site-packages/airflow/example_dags/example_sensors.py
[2025-01-07T00:15:12.011+0000] {processor.py:830} INFO - Processing file /home/airflow/.local/lib/python3.8/site-packages/airflow/example_dags/example_sensors.py for tasks to queue
[2025-01-07T00:15:12.015+0000] {logging_mixin.py:188} INFO - [2025-01-07T00:15:12.014+0000] {dagbag.py:538} INFO - Filling up the DagBag from /home/airflow/.local/lib/python3.8/site-packages/airflow/example_dags/example_sensors.py
[2025-01-07T00:15:12.031+0000] {processor.py:840} INFO - DAG(s) 'example_sensors' retrieved from /home/airflow/.local/lib/python3.8/site-packages/airflow/example_dags/example_sensors.py
[2025-01-07T00:15:12.081+0000] {logging_mixin.py:188} INFO - [2025-01-07T00:15:12.081+0000] {dag.py:3036} INFO - Sync 1 DAGs
[2025-01-07T00:15:12.107+0000] {logging_mixin.py:188} INFO - [2025-01-07T00:15:12.106+0000] {dag.py:3823} INFO - Setting next_dagrun for example_sensors to None, run_after=None
[2025-01-07T00:15:12.137+0000] {processor.py:183} INFO - Processing /home/airflow/.local/lib/python3.8/site-packages/airflow/example_dags/example_sensors.py took 0.134 seconds
[2025-01-07T00:15:42.859+0000] {processor.py:161} INFO - Started process (PID=7711) to work on /home/airflow/.local/lib/python3.8/site-packages/airflow/example_dags/example_sensors.py
[2025-01-07T00:15:42.863+0000] {processor.py:830} INFO - Processing file /home/airflow/.local/lib/python3.8/site-packages/airflow/example_dags/example_sensors.py for tasks to queue
[2025-01-07T00:15:42.873+0000] {logging_mixin.py:188} INFO - [2025-01-07T00:15:42.872+0000] {dagbag.py:538} INFO - Filling up the DagBag from /home/airflow/.local/lib/python3.8/site-packages/airflow/example_dags/example_sensors.py
[2025-01-07T00:15:42.893+0000] {processor.py:840} INFO - DAG(s) 'example_sensors' retrieved from /home/airflow/.local/lib/python3.8/site-packages/airflow/example_dags/example_sensors.py
[2025-01-07T00:15:42.948+0000] {logging_mixin.py:188} INFO - [2025-01-07T00:15:42.947+0000] {dag.py:3036} INFO - Sync 1 DAGs
[2025-01-07T00:15:42.974+0000] {logging_mixin.py:188} INFO - [2025-01-07T00:15:42.974+0000] {dag.py:3823} INFO - Setting next_dagrun for example_sensors to None, run_after=None
[2025-01-07T00:15:43.022+0000] {processor.py:183} INFO - Processing /home/airflow/.local/lib/python3.8/site-packages/airflow/example_dags/example_sensors.py took 0.170 seconds
[2025-01-07T00:16:13.890+0000] {processor.py:161} INFO - Started process (PID=7768) to work on /home/airflow/.local/lib/python3.8/site-packages/airflow/example_dags/example_sensors.py
[2025-01-07T00:16:13.891+0000] {processor.py:830} INFO - Processing file /home/airflow/.local/lib/python3.8/site-packages/airflow/example_dags/example_sensors.py for tasks to queue
[2025-01-07T00:16:13.895+0000] {logging_mixin.py:188} INFO - [2025-01-07T00:16:13.895+0000] {dagbag.py:538} INFO - Filling up the DagBag from /home/airflow/.local/lib/python3.8/site-packages/airflow/example_dags/example_sensors.py
[2025-01-07T00:16:13.916+0000] {processor.py:840} INFO - DAG(s) 'example_sensors' retrieved from /home/airflow/.local/lib/python3.8/site-packages/airflow/example_dags/example_sensors.py
[2025-01-07T00:16:13.966+0000] {logging_mixin.py:188} INFO - [2025-01-07T00:16:13.965+0000] {dag.py:3036} INFO - Sync 1 DAGs
[2025-01-07T00:16:14.016+0000] {logging_mixin.py:188} INFO - [2025-01-07T00:16:14.016+0000] {dag.py:3823} INFO - Setting next_dagrun for example_sensors to None, run_after=None
[2025-01-07T00:16:14.099+0000] {processor.py:183} INFO - Processing /home/airflow/.local/lib/python3.8/site-packages/airflow/example_dags/example_sensors.py took 0.215 seconds
[2025-01-07T00:16:45.255+0000] {processor.py:161} INFO - Started process (PID=7826) to work on /home/airflow/.local/lib/python3.8/site-packages/airflow/example_dags/example_sensors.py
[2025-01-07T00:16:45.257+0000] {processor.py:830} INFO - Processing file /home/airflow/.local/lib/python3.8/site-packages/airflow/example_dags/example_sensors.py for tasks to queue
[2025-01-07T00:16:45.271+0000] {logging_mixin.py:188} INFO - [2025-01-07T00:16:45.270+0000] {dagbag.py:538} INFO - Filling up the DagBag from /home/airflow/.local/lib/python3.8/site-packages/airflow/example_dags/example_sensors.py
[2025-01-07T00:16:45.319+0000] {processor.py:840} INFO - DAG(s) 'example_sensors' retrieved from /home/airflow/.local/lib/python3.8/site-packages/airflow/example_dags/example_sensors.py
[2025-01-07T00:16:45.445+0000] {logging_mixin.py:188} INFO - [2025-01-07T00:16:45.445+0000] {dag.py:3036} INFO - Sync 1 DAGs
[2025-01-07T00:16:45.510+0000] {logging_mixin.py:188} INFO - [2025-01-07T00:16:45.510+0000] {dag.py:3823} INFO - Setting next_dagrun for example_sensors to None, run_after=None
[2025-01-07T00:16:45.605+0000] {processor.py:183} INFO - Processing /home/airflow/.local/lib/python3.8/site-packages/airflow/example_dags/example_sensors.py took 0.356 seconds
[2025-01-07T00:17:16.128+0000] {processor.py:161} INFO - Started process (PID=7883) to work on /home/airflow/.local/lib/python3.8/site-packages/airflow/example_dags/example_sensors.py
[2025-01-07T00:17:16.129+0000] {processor.py:830} INFO - Processing file /home/airflow/.local/lib/python3.8/site-packages/airflow/example_dags/example_sensors.py for tasks to queue
[2025-01-07T00:17:16.159+0000] {logging_mixin.py:188} INFO - [2025-01-07T00:17:16.145+0000] {dagbag.py:538} INFO - Filling up the DagBag from /home/airflow/.local/lib/python3.8/site-packages/airflow/example_dags/example_sensors.py
[2025-01-07T00:17:16.211+0000] {processor.py:840} INFO - DAG(s) 'example_sensors' retrieved from /home/airflow/.local/lib/python3.8/site-packages/airflow/example_dags/example_sensors.py
[2025-01-07T00:17:16.387+0000] {logging_mixin.py:188} INFO - [2025-01-07T00:17:16.387+0000] {dag.py:3036} INFO - Sync 1 DAGs
[2025-01-07T00:17:16.508+0000] {logging_mixin.py:188} INFO - [2025-01-07T00:17:16.508+0000] {dag.py:3823} INFO - Setting next_dagrun for example_sensors to None, run_after=None
[2025-01-07T00:17:16.612+0000] {processor.py:183} INFO - Processing /home/airflow/.local/lib/python3.8/site-packages/airflow/example_dags/example_sensors.py took 0.499 seconds
[2025-01-07T00:17:47.285+0000] {processor.py:161} INFO - Started process (PID=7945) to work on /home/airflow/.local/lib/python3.8/site-packages/airflow/example_dags/example_sensors.py
[2025-01-07T00:17:47.298+0000] {processor.py:830} INFO - Processing file /home/airflow/.local/lib/python3.8/site-packages/airflow/example_dags/example_sensors.py for tasks to queue
[2025-01-07T00:17:47.301+0000] {logging_mixin.py:188} INFO - [2025-01-07T00:17:47.300+0000] {dagbag.py:538} INFO - Filling up the DagBag from /home/airflow/.local/lib/python3.8/site-packages/airflow/example_dags/example_sensors.py
[2025-01-07T00:17:47.348+0000] {processor.py:840} INFO - DAG(s) 'example_sensors' retrieved from /home/airflow/.local/lib/python3.8/site-packages/airflow/example_dags/example_sensors.py
[2025-01-07T00:17:47.496+0000] {logging_mixin.py:188} INFO - [2025-01-07T00:17:47.495+0000] {dag.py:3036} INFO - Sync 1 DAGs
[2025-01-07T00:17:47.558+0000] {logging_mixin.py:188} INFO - [2025-01-07T00:17:47.558+0000] {dag.py:3823} INFO - Setting next_dagrun for example_sensors to None, run_after=None
[2025-01-07T00:17:47.649+0000] {processor.py:183} INFO - Processing /home/airflow/.local/lib/python3.8/site-packages/airflow/example_dags/example_sensors.py took 0.369 seconds
[2025-01-07T00:18:21.422+0000] {processor.py:161} INFO - Started process (PID=8002) to work on /home/airflow/.local/lib/python3.8/site-packages/airflow/example_dags/example_sensors.py
[2025-01-07T00:18:21.434+0000] {processor.py:830} INFO - Processing file /home/airflow/.local/lib/python3.8/site-packages/airflow/example_dags/example_sensors.py for tasks to queue
[2025-01-07T00:18:21.438+0000] {logging_mixin.py:188} INFO - [2025-01-07T00:18:21.437+0000] {dagbag.py:538} INFO - Filling up the DagBag from /home/airflow/.local/lib/python3.8/site-packages/airflow/example_dags/example_sensors.py
[2025-01-07T00:18:21.500+0000] {processor.py:840} INFO - DAG(s) 'example_sensors' retrieved from /home/airflow/.local/lib/python3.8/site-packages/airflow/example_dags/example_sensors.py
[2025-01-07T00:18:21.775+0000] {logging_mixin.py:188} INFO - [2025-01-07T00:18:21.774+0000] {dag.py:3036} INFO - Sync 1 DAGs
[2025-01-07T00:18:21.917+0000] {logging_mixin.py:188} INFO - [2025-01-07T00:18:21.916+0000] {dag.py:3823} INFO - Setting next_dagrun for example_sensors to None, run_after=None
[2025-01-07T00:18:22.144+0000] {processor.py:183} INFO - Processing /home/airflow/.local/lib/python3.8/site-packages/airflow/example_dags/example_sensors.py took 0.728 seconds
[2025-01-07T00:18:59.460+0000] {processor.py:161} INFO - Started process (PID=8064) to work on /home/airflow/.local/lib/python3.8/site-packages/airflow/example_dags/example_sensors.py
[2025-01-07T00:18:59.474+0000] {processor.py:830} INFO - Processing file /home/airflow/.local/lib/python3.8/site-packages/airflow/example_dags/example_sensors.py for tasks to queue
[2025-01-07T00:18:59.487+0000] {logging_mixin.py:188} INFO - [2025-01-07T00:18:59.486+0000] {dagbag.py:538} INFO - Filling up the DagBag from /home/airflow/.local/lib/python3.8/site-packages/airflow/example_dags/example_sensors.py
[2025-01-07T00:18:59.584+0000] {processor.py:840} INFO - DAG(s) 'example_sensors' retrieved from /home/airflow/.local/lib/python3.8/site-packages/airflow/example_dags/example_sensors.py
[2025-01-07T00:18:59.859+0000] {logging_mixin.py:188} INFO - [2025-01-07T00:18:59.858+0000] {dag.py:3036} INFO - Sync 1 DAGs
[2025-01-07T00:18:59.976+0000] {logging_mixin.py:188} INFO - [2025-01-07T00:18:59.976+0000] {dag.py:3823} INFO - Setting next_dagrun for example_sensors to None, run_after=None
[2025-01-07T00:19:00.110+0000] {processor.py:183} INFO - Processing /home/airflow/.local/lib/python3.8/site-packages/airflow/example_dags/example_sensors.py took 0.655 seconds
[2025-01-07T00:19:30.854+0000] {processor.py:161} INFO - Started process (PID=8126) to work on /home/airflow/.local/lib/python3.8/site-packages/airflow/example_dags/example_sensors.py
[2025-01-07T00:19:30.857+0000] {processor.py:830} INFO - Processing file /home/airflow/.local/lib/python3.8/site-packages/airflow/example_dags/example_sensors.py for tasks to queue
[2025-01-07T00:19:30.884+0000] {logging_mixin.py:188} INFO - [2025-01-07T00:19:30.884+0000] {dagbag.py:538} INFO - Filling up the DagBag from /home/airflow/.local/lib/python3.8/site-packages/airflow/example_dags/example_sensors.py
[2025-01-07T00:19:30.951+0000] {processor.py:840} INFO - DAG(s) 'example_sensors' retrieved from /home/airflow/.local/lib/python3.8/site-packages/airflow/example_dags/example_sensors.py
[2025-01-07T00:19:31.069+0000] {logging_mixin.py:188} INFO - [2025-01-07T00:19:31.069+0000] {dag.py:3036} INFO - Sync 1 DAGs
[2025-01-07T00:19:31.110+0000] {logging_mixin.py:188} INFO - [2025-01-07T00:19:31.110+0000] {dag.py:3823} INFO - Setting next_dagrun for example_sensors to None, run_after=None
[2025-01-07T00:19:31.181+0000] {processor.py:183} INFO - Processing /home/airflow/.local/lib/python3.8/site-packages/airflow/example_dags/example_sensors.py took 0.338 seconds
[2025-01-07T00:20:01.486+0000] {processor.py:161} INFO - Started process (PID=8183) to work on /home/airflow/.local/lib/python3.8/site-packages/airflow/example_dags/example_sensors.py
[2025-01-07T00:20:01.487+0000] {processor.py:830} INFO - Processing file /home/airflow/.local/lib/python3.8/site-packages/airflow/example_dags/example_sensors.py for tasks to queue
[2025-01-07T00:20:01.491+0000] {logging_mixin.py:188} INFO - [2025-01-07T00:20:01.490+0000] {dagbag.py:538} INFO - Filling up the DagBag from /home/airflow/.local/lib/python3.8/site-packages/airflow/example_dags/example_sensors.py
[2025-01-07T00:20:01.517+0000] {processor.py:840} INFO - DAG(s) 'example_sensors' retrieved from /home/airflow/.local/lib/python3.8/site-packages/airflow/example_dags/example_sensors.py
[2025-01-07T00:20:01.560+0000] {logging_mixin.py:188} INFO - [2025-01-07T00:20:01.560+0000] {dag.py:3036} INFO - Sync 1 DAGs
[2025-01-07T00:20:01.586+0000] {logging_mixin.py:188} INFO - [2025-01-07T00:20:01.585+0000] {dag.py:3823} INFO - Setting next_dagrun for example_sensors to None, run_after=None
[2025-01-07T00:20:01.638+0000] {processor.py:183} INFO - Processing /home/airflow/.local/lib/python3.8/site-packages/airflow/example_dags/example_sensors.py took 0.157 seconds
[2025-01-07T00:20:32.117+0000] {processor.py:161} INFO - Started process (PID=8240) to work on /home/airflow/.local/lib/python3.8/site-packages/airflow/example_dags/example_sensors.py
[2025-01-07T00:20:32.118+0000] {processor.py:830} INFO - Processing file /home/airflow/.local/lib/python3.8/site-packages/airflow/example_dags/example_sensors.py for tasks to queue
[2025-01-07T00:20:32.121+0000] {logging_mixin.py:188} INFO - [2025-01-07T00:20:32.120+0000] {dagbag.py:538} INFO - Filling up the DagBag from /home/airflow/.local/lib/python3.8/site-packages/airflow/example_dags/example_sensors.py
[2025-01-07T00:20:32.136+0000] {processor.py:840} INFO - DAG(s) 'example_sensors' retrieved from /home/airflow/.local/lib/python3.8/site-packages/airflow/example_dags/example_sensors.py
[2025-01-07T00:20:32.172+0000] {logging_mixin.py:188} INFO - [2025-01-07T00:20:32.172+0000] {dag.py:3036} INFO - Sync 1 DAGs
[2025-01-07T00:20:32.192+0000] {logging_mixin.py:188} INFO - [2025-01-07T00:20:32.192+0000] {dag.py:3823} INFO - Setting next_dagrun for example_sensors to None, run_after=None
[2025-01-07T00:20:32.226+0000] {processor.py:183} INFO - Processing /home/airflow/.local/lib/python3.8/site-packages/airflow/example_dags/example_sensors.py took 0.113 seconds
[2025-01-07T00:21:02.482+0000] {processor.py:161} INFO - Started process (PID=8298) to work on /home/airflow/.local/lib/python3.8/site-packages/airflow/example_dags/example_sensors.py
[2025-01-07T00:21:02.483+0000] {processor.py:830} INFO - Processing file /home/airflow/.local/lib/python3.8/site-packages/airflow/example_dags/example_sensors.py for tasks to queue
[2025-01-07T00:21:02.486+0000] {logging_mixin.py:188} INFO - [2025-01-07T00:21:02.485+0000] {dagbag.py:538} INFO - Filling up the DagBag from /home/airflow/.local/lib/python3.8/site-packages/airflow/example_dags/example_sensors.py
[2025-01-07T00:21:02.498+0000] {processor.py:840} INFO - DAG(s) 'example_sensors' retrieved from /home/airflow/.local/lib/python3.8/site-packages/airflow/example_dags/example_sensors.py
[2025-01-07T00:21:02.540+0000] {logging_mixin.py:188} INFO - [2025-01-07T00:21:02.540+0000] {dag.py:3036} INFO - Sync 1 DAGs
[2025-01-07T00:21:02.558+0000] {logging_mixin.py:188} INFO - [2025-01-07T00:21:02.558+0000] {dag.py:3823} INFO - Setting next_dagrun for example_sensors to None, run_after=None
[2025-01-07T00:21:02.584+0000] {processor.py:183} INFO - Processing /home/airflow/.local/lib/python3.8/site-packages/airflow/example_dags/example_sensors.py took 0.107 seconds
[2025-01-07T00:21:33.583+0000] {processor.py:161} INFO - Started process (PID=8355) to work on /home/airflow/.local/lib/python3.8/site-packages/airflow/example_dags/example_sensors.py
[2025-01-07T00:21:33.589+0000] {processor.py:830} INFO - Processing file /home/airflow/.local/lib/python3.8/site-packages/airflow/example_dags/example_sensors.py for tasks to queue
[2025-01-07T00:21:33.598+0000] {logging_mixin.py:188} INFO - [2025-01-07T00:21:33.597+0000] {dagbag.py:538} INFO - Filling up the DagBag from /home/airflow/.local/lib/python3.8/site-packages/airflow/example_dags/example_sensors.py
[2025-01-07T00:21:33.620+0000] {processor.py:840} INFO - DAG(s) 'example_sensors' retrieved from /home/airflow/.local/lib/python3.8/site-packages/airflow/example_dags/example_sensors.py
[2025-01-07T00:21:33.705+0000] {logging_mixin.py:188} INFO - [2025-01-07T00:21:33.704+0000] {dag.py:3036} INFO - Sync 1 DAGs
[2025-01-07T00:21:33.750+0000] {logging_mixin.py:188} INFO - [2025-01-07T00:21:33.749+0000] {dag.py:3823} INFO - Setting next_dagrun for example_sensors to None, run_after=None
[2025-01-07T00:21:33.827+0000] {processor.py:183} INFO - Processing /home/airflow/.local/lib/python3.8/site-packages/airflow/example_dags/example_sensors.py took 0.249 seconds
[2025-01-07T00:22:04.419+0000] {processor.py:161} INFO - Started process (PID=8412) to work on /home/airflow/.local/lib/python3.8/site-packages/airflow/example_dags/example_sensors.py
[2025-01-07T00:22:04.421+0000] {processor.py:830} INFO - Processing file /home/airflow/.local/lib/python3.8/site-packages/airflow/example_dags/example_sensors.py for tasks to queue
[2025-01-07T00:22:04.424+0000] {logging_mixin.py:188} INFO - [2025-01-07T00:22:04.424+0000] {dagbag.py:538} INFO - Filling up the DagBag from /home/airflow/.local/lib/python3.8/site-packages/airflow/example_dags/example_sensors.py
[2025-01-07T00:22:04.436+0000] {processor.py:840} INFO - DAG(s) 'example_sensors' retrieved from /home/airflow/.local/lib/python3.8/site-packages/airflow/example_dags/example_sensors.py
[2025-01-07T00:22:04.474+0000] {logging_mixin.py:188} INFO - [2025-01-07T00:22:04.474+0000] {dag.py:3036} INFO - Sync 1 DAGs
[2025-01-07T00:22:04.491+0000] {logging_mixin.py:188} INFO - [2025-01-07T00:22:04.491+0000] {dag.py:3823} INFO - Setting next_dagrun for example_sensors to None, run_after=None
[2025-01-07T00:22:04.527+0000] {processor.py:183} INFO - Processing /home/airflow/.local/lib/python3.8/site-packages/airflow/example_dags/example_sensors.py took 0.113 seconds
[2025-01-07T00:22:34.788+0000] {processor.py:161} INFO - Started process (PID=8469) to work on /home/airflow/.local/lib/python3.8/site-packages/airflow/example_dags/example_sensors.py
[2025-01-07T00:22:34.790+0000] {processor.py:830} INFO - Processing file /home/airflow/.local/lib/python3.8/site-packages/airflow/example_dags/example_sensors.py for tasks to queue
[2025-01-07T00:22:34.792+0000] {logging_mixin.py:188} INFO - [2025-01-07T00:22:34.792+0000] {dagbag.py:538} INFO - Filling up the DagBag from /home/airflow/.local/lib/python3.8/site-packages/airflow/example_dags/example_sensors.py
[2025-01-07T00:22:34.806+0000] {processor.py:840} INFO - DAG(s) 'example_sensors' retrieved from /home/airflow/.local/lib/python3.8/site-packages/airflow/example_dags/example_sensors.py
[2025-01-07T00:22:34.843+0000] {logging_mixin.py:188} INFO - [2025-01-07T00:22:34.843+0000] {dag.py:3036} INFO - Sync 1 DAGs
[2025-01-07T00:22:34.884+0000] {logging_mixin.py:188} INFO - [2025-01-07T00:22:34.883+0000] {dag.py:3823} INFO - Setting next_dagrun for example_sensors to None, run_after=None
[2025-01-07T00:22:34.958+0000] {processor.py:183} INFO - Processing /home/airflow/.local/lib/python3.8/site-packages/airflow/example_dags/example_sensors.py took 0.174 seconds
[2025-01-07T00:23:05.789+0000] {processor.py:161} INFO - Started process (PID=8527) to work on /home/airflow/.local/lib/python3.8/site-packages/airflow/example_dags/example_sensors.py
[2025-01-07T00:23:05.791+0000] {processor.py:830} INFO - Processing file /home/airflow/.local/lib/python3.8/site-packages/airflow/example_dags/example_sensors.py for tasks to queue
[2025-01-07T00:23:05.794+0000] {logging_mixin.py:188} INFO - [2025-01-07T00:23:05.794+0000] {dagbag.py:538} INFO - Filling up the DagBag from /home/airflow/.local/lib/python3.8/site-packages/airflow/example_dags/example_sensors.py
[2025-01-07T00:23:05.810+0000] {processor.py:840} INFO - DAG(s) 'example_sensors' retrieved from /home/airflow/.local/lib/python3.8/site-packages/airflow/example_dags/example_sensors.py
[2025-01-07T00:23:05.857+0000] {logging_mixin.py:188} INFO - [2025-01-07T00:23:05.857+0000] {dag.py:3036} INFO - Sync 1 DAGs
[2025-01-07T00:23:05.875+0000] {logging_mixin.py:188} INFO - [2025-01-07T00:23:05.875+0000] {dag.py:3823} INFO - Setting next_dagrun for example_sensors to None, run_after=None
[2025-01-07T00:23:05.903+0000] {processor.py:183} INFO - Processing /home/airflow/.local/lib/python3.8/site-packages/airflow/example_dags/example_sensors.py took 0.120 seconds
[2025-01-07T00:23:36.520+0000] {processor.py:161} INFO - Started process (PID=8584) to work on /home/airflow/.local/lib/python3.8/site-packages/airflow/example_dags/example_sensors.py
[2025-01-07T00:23:36.522+0000] {processor.py:830} INFO - Processing file /home/airflow/.local/lib/python3.8/site-packages/airflow/example_dags/example_sensors.py for tasks to queue
[2025-01-07T00:23:36.525+0000] {logging_mixin.py:188} INFO - [2025-01-07T00:23:36.524+0000] {dagbag.py:538} INFO - Filling up the DagBag from /home/airflow/.local/lib/python3.8/site-packages/airflow/example_dags/example_sensors.py
[2025-01-07T00:23:36.547+0000] {processor.py:840} INFO - DAG(s) 'example_sensors' retrieved from /home/airflow/.local/lib/python3.8/site-packages/airflow/example_dags/example_sensors.py
[2025-01-07T00:23:36.605+0000] {logging_mixin.py:188} INFO - [2025-01-07T00:23:36.604+0000] {dag.py:3036} INFO - Sync 1 DAGs
[2025-01-07T00:23:36.633+0000] {logging_mixin.py:188} INFO - [2025-01-07T00:23:36.633+0000] {dag.py:3823} INFO - Setting next_dagrun for example_sensors to None, run_after=None
[2025-01-07T00:23:36.667+0000] {processor.py:183} INFO - Processing /home/airflow/.local/lib/python3.8/site-packages/airflow/example_dags/example_sensors.py took 0.153 seconds
[2025-01-07T00:24:07.347+0000] {processor.py:161} INFO - Started process (PID=8641) to work on /home/airflow/.local/lib/python3.8/site-packages/airflow/example_dags/example_sensors.py
[2025-01-07T00:24:07.349+0000] {processor.py:830} INFO - Processing file /home/airflow/.local/lib/python3.8/site-packages/airflow/example_dags/example_sensors.py for tasks to queue
[2025-01-07T00:24:07.352+0000] {logging_mixin.py:188} INFO - [2025-01-07T00:24:07.351+0000] {dagbag.py:538} INFO - Filling up the DagBag from /home/airflow/.local/lib/python3.8/site-packages/airflow/example_dags/example_sensors.py
[2025-01-07T00:24:07.368+0000] {processor.py:840} INFO - DAG(s) 'example_sensors' retrieved from /home/airflow/.local/lib/python3.8/site-packages/airflow/example_dags/example_sensors.py
[2025-01-07T00:24:07.427+0000] {logging_mixin.py:188} INFO - [2025-01-07T00:24:07.427+0000] {dag.py:3036} INFO - Sync 1 DAGs
[2025-01-07T00:24:07.456+0000] {logging_mixin.py:188} INFO - [2025-01-07T00:24:07.455+0000] {dag.py:3823} INFO - Setting next_dagrun for example_sensors to None, run_after=None
[2025-01-07T00:24:07.523+0000] {processor.py:183} INFO - Processing /home/airflow/.local/lib/python3.8/site-packages/airflow/example_dags/example_sensors.py took 0.181 seconds
[2025-01-07T00:24:38.298+0000] {processor.py:161} INFO - Started process (PID=8697) to work on /home/airflow/.local/lib/python3.8/site-packages/airflow/example_dags/example_sensors.py
[2025-01-07T00:24:38.300+0000] {processor.py:830} INFO - Processing file /home/airflow/.local/lib/python3.8/site-packages/airflow/example_dags/example_sensors.py for tasks to queue
[2025-01-07T00:24:38.303+0000] {logging_mixin.py:188} INFO - [2025-01-07T00:24:38.302+0000] {dagbag.py:538} INFO - Filling up the DagBag from /home/airflow/.local/lib/python3.8/site-packages/airflow/example_dags/example_sensors.py
[2025-01-07T00:24:38.321+0000] {processor.py:840} INFO - DAG(s) 'example_sensors' retrieved from /home/airflow/.local/lib/python3.8/site-packages/airflow/example_dags/example_sensors.py
[2025-01-07T00:24:38.355+0000] {logging_mixin.py:188} INFO - [2025-01-07T00:24:38.355+0000] {dag.py:3036} INFO - Sync 1 DAGs
[2025-01-07T00:24:38.375+0000] {logging_mixin.py:188} INFO - [2025-01-07T00:24:38.374+0000] {dag.py:3823} INFO - Setting next_dagrun for example_sensors to None, run_after=None
[2025-01-07T00:24:38.425+0000] {processor.py:183} INFO - Processing /home/airflow/.local/lib/python3.8/site-packages/airflow/example_dags/example_sensors.py took 0.133 seconds
