[2025-01-07T00:00:03.893+0000] {processor.py:161} INFO - Started process (PID=5936) to work on /home/airflow/.local/lib/python3.8/site-packages/airflow/example_dags/example_branch_day_of_week_operator.py
[2025-01-07T00:00:03.897+0000] {processor.py:830} INFO - Processing file /home/airflow/.local/lib/python3.8/site-packages/airflow/example_dags/example_branch_day_of_week_operator.py for tasks to queue
[2025-01-07T00:00:03.900+0000] {logging_mixin.py:188} INFO - [2025-01-07T00:00:03.900+0000] {dagbag.py:538} INFO - Filling up the DagBag from /home/airflow/.local/lib/python3.8/site-packages/airflow/example_dags/example_branch_day_of_week_operator.py
[2025-01-07T00:00:03.923+0000] {processor.py:840} INFO - DAG(s) 'example_weekday_branch_operator' retrieved from /home/airflow/.local/lib/python3.8/site-packages/airflow/example_dags/example_branch_day_of_week_operator.py
[2025-01-07T00:00:03.965+0000] {logging_mixin.py:188} INFO - [2025-01-07T00:00:03.965+0000] {dag.py:3036} INFO - Sync 1 DAGs
[2025-01-07T00:00:04.030+0000] {logging_mixin.py:188} INFO - [2025-01-07T00:00:04.029+0000] {dag.py:3823} INFO - Setting next_dagrun for example_weekday_branch_operator to 2025-01-06 00:00:00+00:00, run_after=2025-01-07 00:00:00+00:00
[2025-01-07T00:00:04.094+0000] {processor.py:183} INFO - Processing /home/airflow/.local/lib/python3.8/site-packages/airflow/example_dags/example_branch_day_of_week_operator.py took 0.208 seconds
[2025-01-07T00:00:36.315+0000] {processor.py:161} INFO - Started process (PID=6003) to work on /home/airflow/.local/lib/python3.8/site-packages/airflow/example_dags/example_branch_day_of_week_operator.py
[2025-01-07T00:00:36.319+0000] {processor.py:830} INFO - Processing file /home/airflow/.local/lib/python3.8/site-packages/airflow/example_dags/example_branch_day_of_week_operator.py for tasks to queue
[2025-01-07T00:00:36.328+0000] {logging_mixin.py:188} INFO - [2025-01-07T00:00:36.327+0000] {dagbag.py:538} INFO - Filling up the DagBag from /home/airflow/.local/lib/python3.8/site-packages/airflow/example_dags/example_branch_day_of_week_operator.py
[2025-01-07T00:00:36.349+0000] {processor.py:840} INFO - DAG(s) 'example_weekday_branch_operator' retrieved from /home/airflow/.local/lib/python3.8/site-packages/airflow/example_dags/example_branch_day_of_week_operator.py
[2025-01-07T00:00:36.404+0000] {logging_mixin.py:188} INFO - [2025-01-07T00:00:36.401+0000] {dag.py:3036} INFO - Sync 1 DAGs
[2025-01-07T00:00:36.463+0000] {logging_mixin.py:188} INFO - [2025-01-07T00:00:36.462+0000] {dag.py:3823} INFO - Setting next_dagrun for example_weekday_branch_operator to 2025-01-06 00:00:00+00:00, run_after=2025-01-07 00:00:00+00:00
[2025-01-07T00:00:36.504+0000] {processor.py:183} INFO - Processing /home/airflow/.local/lib/python3.8/site-packages/airflow/example_dags/example_branch_day_of_week_operator.py took 0.208 seconds
[2025-01-07T00:01:06.702+0000] {processor.py:161} INFO - Started process (PID=6061) to work on /home/airflow/.local/lib/python3.8/site-packages/airflow/example_dags/example_branch_day_of_week_operator.py
[2025-01-07T00:01:06.704+0000] {processor.py:830} INFO - Processing file /home/airflow/.local/lib/python3.8/site-packages/airflow/example_dags/example_branch_day_of_week_operator.py for tasks to queue
[2025-01-07T00:01:06.706+0000] {logging_mixin.py:188} INFO - [2025-01-07T00:01:06.706+0000] {dagbag.py:538} INFO - Filling up the DagBag from /home/airflow/.local/lib/python3.8/site-packages/airflow/example_dags/example_branch_day_of_week_operator.py
[2025-01-07T00:01:06.720+0000] {processor.py:840} INFO - DAG(s) 'example_weekday_branch_operator' retrieved from /home/airflow/.local/lib/python3.8/site-packages/airflow/example_dags/example_branch_day_of_week_operator.py
[2025-01-07T00:01:06.758+0000] {logging_mixin.py:188} INFO - [2025-01-07T00:01:06.758+0000] {dag.py:3036} INFO - Sync 1 DAGs
[2025-01-07T00:01:06.811+0000] {logging_mixin.py:188} INFO - [2025-01-07T00:01:06.810+0000] {dag.py:3823} INFO - Setting next_dagrun for example_weekday_branch_operator to 2025-01-06 00:00:00+00:00, run_after=2025-01-07 00:00:00+00:00
[2025-01-07T00:01:06.859+0000] {processor.py:183} INFO - Processing /home/airflow/.local/lib/python3.8/site-packages/airflow/example_dags/example_branch_day_of_week_operator.py took 0.162 seconds
[2025-01-07T00:01:37.143+0000] {processor.py:161} INFO - Started process (PID=6118) to work on /home/airflow/.local/lib/python3.8/site-packages/airflow/example_dags/example_branch_day_of_week_operator.py
[2025-01-07T00:01:37.144+0000] {processor.py:830} INFO - Processing file /home/airflow/.local/lib/python3.8/site-packages/airflow/example_dags/example_branch_day_of_week_operator.py for tasks to queue
[2025-01-07T00:01:37.147+0000] {logging_mixin.py:188} INFO - [2025-01-07T00:01:37.147+0000] {dagbag.py:538} INFO - Filling up the DagBag from /home/airflow/.local/lib/python3.8/site-packages/airflow/example_dags/example_branch_day_of_week_operator.py
[2025-01-07T00:01:37.160+0000] {processor.py:840} INFO - DAG(s) 'example_weekday_branch_operator' retrieved from /home/airflow/.local/lib/python3.8/site-packages/airflow/example_dags/example_branch_day_of_week_operator.py
[2025-01-07T00:01:37.195+0000] {logging_mixin.py:188} INFO - [2025-01-07T00:01:37.194+0000] {dag.py:3036} INFO - Sync 1 DAGs
[2025-01-07T00:01:37.232+0000] {logging_mixin.py:188} INFO - [2025-01-07T00:01:37.231+0000] {dag.py:3823} INFO - Setting next_dagrun for example_weekday_branch_operator to 2025-01-06 00:00:00+00:00, run_after=2025-01-07 00:00:00+00:00
[2025-01-07T00:01:37.291+0000] {processor.py:183} INFO - Processing /home/airflow/.local/lib/python3.8/site-packages/airflow/example_dags/example_branch_day_of_week_operator.py took 0.153 seconds
[2025-01-07T00:02:14.991+0000] {processor.py:161} INFO - Started process (PID=6189) to work on /home/airflow/.local/lib/python3.8/site-packages/airflow/example_dags/example_branch_day_of_week_operator.py
[2025-01-07T00:02:14.993+0000] {processor.py:830} INFO - Processing file /home/airflow/.local/lib/python3.8/site-packages/airflow/example_dags/example_branch_day_of_week_operator.py for tasks to queue
[2025-01-07T00:02:15.001+0000] {logging_mixin.py:188} INFO - [2025-01-07T00:02:15.000+0000] {dagbag.py:538} INFO - Filling up the DagBag from /home/airflow/.local/lib/python3.8/site-packages/airflow/example_dags/example_branch_day_of_week_operator.py
[2025-01-07T00:02:15.025+0000] {processor.py:840} INFO - DAG(s) 'example_weekday_branch_operator' retrieved from /home/airflow/.local/lib/python3.8/site-packages/airflow/example_dags/example_branch_day_of_week_operator.py
[2025-01-07T00:02:15.151+0000] {logging_mixin.py:188} INFO - [2025-01-07T00:02:15.150+0000] {dag.py:3036} INFO - Sync 1 DAGs
[2025-01-07T00:02:15.473+0000] {logging_mixin.py:188} INFO - [2025-01-07T00:02:15.472+0000] {dag.py:3823} INFO - Setting next_dagrun for example_weekday_branch_operator to 2025-01-06 00:00:00+00:00, run_after=2025-01-07 00:00:00+00:00
[2025-01-07T00:02:15.693+0000] {processor.py:183} INFO - Processing /home/airflow/.local/lib/python3.8/site-packages/airflow/example_dags/example_branch_day_of_week_operator.py took 0.722 seconds
[2025-01-07T00:02:47.148+0000] {processor.py:161} INFO - Started process (PID=6251) to work on /home/airflow/.local/lib/python3.8/site-packages/airflow/example_dags/example_branch_day_of_week_operator.py
[2025-01-07T00:02:47.151+0000] {processor.py:830} INFO - Processing file /home/airflow/.local/lib/python3.8/site-packages/airflow/example_dags/example_branch_day_of_week_operator.py for tasks to queue
[2025-01-07T00:02:47.164+0000] {logging_mixin.py:188} INFO - [2025-01-07T00:02:47.163+0000] {dagbag.py:538} INFO - Filling up the DagBag from /home/airflow/.local/lib/python3.8/site-packages/airflow/example_dags/example_branch_day_of_week_operator.py
[2025-01-07T00:02:47.196+0000] {processor.py:840} INFO - DAG(s) 'example_weekday_branch_operator' retrieved from /home/airflow/.local/lib/python3.8/site-packages/airflow/example_dags/example_branch_day_of_week_operator.py
[2025-01-07T00:02:47.273+0000] {logging_mixin.py:188} INFO - [2025-01-07T00:02:47.273+0000] {dag.py:3036} INFO - Sync 1 DAGs
[2025-01-07T00:02:47.358+0000] {logging_mixin.py:188} INFO - [2025-01-07T00:02:47.357+0000] {dag.py:3823} INFO - Setting next_dagrun for example_weekday_branch_operator to 2025-01-06 00:00:00+00:00, run_after=2025-01-07 00:00:00+00:00
[2025-01-07T00:02:47.403+0000] {processor.py:183} INFO - Processing /home/airflow/.local/lib/python3.8/site-packages/airflow/example_dags/example_branch_day_of_week_operator.py took 0.268 seconds
[2025-01-07T00:03:18.984+0000] {processor.py:161} INFO - Started process (PID=6308) to work on /home/airflow/.local/lib/python3.8/site-packages/airflow/example_dags/example_branch_day_of_week_operator.py
[2025-01-07T00:03:18.987+0000] {processor.py:830} INFO - Processing file /home/airflow/.local/lib/python3.8/site-packages/airflow/example_dags/example_branch_day_of_week_operator.py for tasks to queue
[2025-01-07T00:03:18.999+0000] {logging_mixin.py:188} INFO - [2025-01-07T00:03:18.998+0000] {dagbag.py:538} INFO - Filling up the DagBag from /home/airflow/.local/lib/python3.8/site-packages/airflow/example_dags/example_branch_day_of_week_operator.py
[2025-01-07T00:03:19.027+0000] {processor.py:840} INFO - DAG(s) 'example_weekday_branch_operator' retrieved from /home/airflow/.local/lib/python3.8/site-packages/airflow/example_dags/example_branch_day_of_week_operator.py
[2025-01-07T00:03:19.141+0000] {logging_mixin.py:188} INFO - [2025-01-07T00:03:19.141+0000] {dag.py:3036} INFO - Sync 1 DAGs
[2025-01-07T00:03:19.264+0000] {logging_mixin.py:188} INFO - [2025-01-07T00:03:19.263+0000] {dag.py:3823} INFO - Setting next_dagrun for example_weekday_branch_operator to 2025-01-06 00:00:00+00:00, run_after=2025-01-07 00:00:00+00:00
[2025-01-07T00:03:19.357+0000] {processor.py:183} INFO - Processing /home/airflow/.local/lib/python3.8/site-packages/airflow/example_dags/example_branch_day_of_week_operator.py took 0.390 seconds
[2025-01-07T00:03:49.821+0000] {processor.py:161} INFO - Started process (PID=6365) to work on /home/airflow/.local/lib/python3.8/site-packages/airflow/example_dags/example_branch_day_of_week_operator.py
[2025-01-07T00:03:49.823+0000] {processor.py:830} INFO - Processing file /home/airflow/.local/lib/python3.8/site-packages/airflow/example_dags/example_branch_day_of_week_operator.py for tasks to queue
[2025-01-07T00:03:49.825+0000] {logging_mixin.py:188} INFO - [2025-01-07T00:03:49.824+0000] {dagbag.py:538} INFO - Filling up the DagBag from /home/airflow/.local/lib/python3.8/site-packages/airflow/example_dags/example_branch_day_of_week_operator.py
[2025-01-07T00:03:49.837+0000] {processor.py:840} INFO - DAG(s) 'example_weekday_branch_operator' retrieved from /home/airflow/.local/lib/python3.8/site-packages/airflow/example_dags/example_branch_day_of_week_operator.py
[2025-01-07T00:03:49.867+0000] {logging_mixin.py:188} INFO - [2025-01-07T00:03:49.866+0000] {dag.py:3036} INFO - Sync 1 DAGs
[2025-01-07T00:03:49.901+0000] {logging_mixin.py:188} INFO - [2025-01-07T00:03:49.901+0000] {dag.py:3823} INFO - Setting next_dagrun for example_weekday_branch_operator to 2025-01-06 00:00:00+00:00, run_after=2025-01-07 00:00:00+00:00
[2025-01-07T00:03:49.929+0000] {processor.py:183} INFO - Processing /home/airflow/.local/lib/python3.8/site-packages/airflow/example_dags/example_branch_day_of_week_operator.py took 0.112 seconds
[2025-01-07T00:04:20.042+0000] {processor.py:161} INFO - Started process (PID=6421) to work on /home/airflow/.local/lib/python3.8/site-packages/airflow/example_dags/example_branch_day_of_week_operator.py
[2025-01-07T00:04:20.044+0000] {processor.py:830} INFO - Processing file /home/airflow/.local/lib/python3.8/site-packages/airflow/example_dags/example_branch_day_of_week_operator.py for tasks to queue
[2025-01-07T00:04:20.047+0000] {logging_mixin.py:188} INFO - [2025-01-07T00:04:20.046+0000] {dagbag.py:538} INFO - Filling up the DagBag from /home/airflow/.local/lib/python3.8/site-packages/airflow/example_dags/example_branch_day_of_week_operator.py
[2025-01-07T00:04:20.059+0000] {processor.py:840} INFO - DAG(s) 'example_weekday_branch_operator' retrieved from /home/airflow/.local/lib/python3.8/site-packages/airflow/example_dags/example_branch_day_of_week_operator.py
[2025-01-07T00:04:20.097+0000] {logging_mixin.py:188} INFO - [2025-01-07T00:04:20.097+0000] {dag.py:3036} INFO - Sync 1 DAGs
[2025-01-07T00:04:20.134+0000] {logging_mixin.py:188} INFO - [2025-01-07T00:04:20.134+0000] {dag.py:3823} INFO - Setting next_dagrun for example_weekday_branch_operator to 2025-01-06 00:00:00+00:00, run_after=2025-01-07 00:00:00+00:00
[2025-01-07T00:04:20.165+0000] {processor.py:183} INFO - Processing /home/airflow/.local/lib/python3.8/site-packages/airflow/example_dags/example_branch_day_of_week_operator.py took 0.128 seconds
[2025-01-07T00:04:50.310+0000] {processor.py:161} INFO - Started process (PID=6478) to work on /home/airflow/.local/lib/python3.8/site-packages/airflow/example_dags/example_branch_day_of_week_operator.py
[2025-01-07T00:04:50.311+0000] {processor.py:830} INFO - Processing file /home/airflow/.local/lib/python3.8/site-packages/airflow/example_dags/example_branch_day_of_week_operator.py for tasks to queue
[2025-01-07T00:04:50.313+0000] {logging_mixin.py:188} INFO - [2025-01-07T00:04:50.313+0000] {dagbag.py:538} INFO - Filling up the DagBag from /home/airflow/.local/lib/python3.8/site-packages/airflow/example_dags/example_branch_day_of_week_operator.py
[2025-01-07T00:04:50.325+0000] {processor.py:840} INFO - DAG(s) 'example_weekday_branch_operator' retrieved from /home/airflow/.local/lib/python3.8/site-packages/airflow/example_dags/example_branch_day_of_week_operator.py
[2025-01-07T00:04:50.355+0000] {logging_mixin.py:188} INFO - [2025-01-07T00:04:50.355+0000] {dag.py:3036} INFO - Sync 1 DAGs
[2025-01-07T00:04:50.388+0000] {logging_mixin.py:188} INFO - [2025-01-07T00:04:50.388+0000] {dag.py:3823} INFO - Setting next_dagrun for example_weekday_branch_operator to 2025-01-06 00:00:00+00:00, run_after=2025-01-07 00:00:00+00:00
[2025-01-07T00:04:50.416+0000] {processor.py:183} INFO - Processing /home/airflow/.local/lib/python3.8/site-packages/airflow/example_dags/example_branch_day_of_week_operator.py took 0.111 seconds
[2025-01-07T00:05:20.547+0000] {processor.py:161} INFO - Started process (PID=6535) to work on /home/airflow/.local/lib/python3.8/site-packages/airflow/example_dags/example_branch_day_of_week_operator.py
[2025-01-07T00:05:20.549+0000] {processor.py:830} INFO - Processing file /home/airflow/.local/lib/python3.8/site-packages/airflow/example_dags/example_branch_day_of_week_operator.py for tasks to queue
[2025-01-07T00:05:20.551+0000] {logging_mixin.py:188} INFO - [2025-01-07T00:05:20.551+0000] {dagbag.py:538} INFO - Filling up the DagBag from /home/airflow/.local/lib/python3.8/site-packages/airflow/example_dags/example_branch_day_of_week_operator.py
[2025-01-07T00:05:20.564+0000] {processor.py:840} INFO - DAG(s) 'example_weekday_branch_operator' retrieved from /home/airflow/.local/lib/python3.8/site-packages/airflow/example_dags/example_branch_day_of_week_operator.py
[2025-01-07T00:05:20.597+0000] {logging_mixin.py:188} INFO - [2025-01-07T00:05:20.596+0000] {dag.py:3036} INFO - Sync 1 DAGs
[2025-01-07T00:05:20.631+0000] {logging_mixin.py:188} INFO - [2025-01-07T00:05:20.630+0000] {dag.py:3823} INFO - Setting next_dagrun for example_weekday_branch_operator to 2025-01-06 00:00:00+00:00, run_after=2025-01-07 00:00:00+00:00
[2025-01-07T00:05:20.661+0000] {processor.py:183} INFO - Processing /home/airflow/.local/lib/python3.8/site-packages/airflow/example_dags/example_branch_day_of_week_operator.py took 0.118 seconds
[2025-01-07T00:05:50.907+0000] {processor.py:161} INFO - Started process (PID=6592) to work on /home/airflow/.local/lib/python3.8/site-packages/airflow/example_dags/example_branch_day_of_week_operator.py
[2025-01-07T00:05:50.909+0000] {processor.py:830} INFO - Processing file /home/airflow/.local/lib/python3.8/site-packages/airflow/example_dags/example_branch_day_of_week_operator.py for tasks to queue
[2025-01-07T00:05:50.912+0000] {logging_mixin.py:188} INFO - [2025-01-07T00:05:50.911+0000] {dagbag.py:538} INFO - Filling up the DagBag from /home/airflow/.local/lib/python3.8/site-packages/airflow/example_dags/example_branch_day_of_week_operator.py
[2025-01-07T00:05:50.926+0000] {processor.py:840} INFO - DAG(s) 'example_weekday_branch_operator' retrieved from /home/airflow/.local/lib/python3.8/site-packages/airflow/example_dags/example_branch_day_of_week_operator.py
[2025-01-07T00:05:50.999+0000] {logging_mixin.py:188} INFO - [2025-01-07T00:05:50.998+0000] {dag.py:3036} INFO - Sync 1 DAGs
[2025-01-07T00:05:51.076+0000] {logging_mixin.py:188} INFO - [2025-01-07T00:05:51.075+0000] {dag.py:3823} INFO - Setting next_dagrun for example_weekday_branch_operator to 2025-01-06 00:00:00+00:00, run_after=2025-01-07 00:00:00+00:00
[2025-01-07T00:05:51.125+0000] {processor.py:183} INFO - Processing /home/airflow/.local/lib/python3.8/site-packages/airflow/example_dags/example_branch_day_of_week_operator.py took 0.223 seconds
[2025-01-07T00:06:21.294+0000] {processor.py:161} INFO - Started process (PID=6648) to work on /home/airflow/.local/lib/python3.8/site-packages/airflow/example_dags/example_branch_day_of_week_operator.py
[2025-01-07T00:06:21.296+0000] {processor.py:830} INFO - Processing file /home/airflow/.local/lib/python3.8/site-packages/airflow/example_dags/example_branch_day_of_week_operator.py for tasks to queue
[2025-01-07T00:06:21.301+0000] {logging_mixin.py:188} INFO - [2025-01-07T00:06:21.301+0000] {dagbag.py:538} INFO - Filling up the DagBag from /home/airflow/.local/lib/python3.8/site-packages/airflow/example_dags/example_branch_day_of_week_operator.py
[2025-01-07T00:06:21.315+0000] {processor.py:840} INFO - DAG(s) 'example_weekday_branch_operator' retrieved from /home/airflow/.local/lib/python3.8/site-packages/airflow/example_dags/example_branch_day_of_week_operator.py
[2025-01-07T00:06:21.350+0000] {logging_mixin.py:188} INFO - [2025-01-07T00:06:21.349+0000] {dag.py:3036} INFO - Sync 1 DAGs
[2025-01-07T00:06:21.391+0000] {logging_mixin.py:188} INFO - [2025-01-07T00:06:21.390+0000] {dag.py:3823} INFO - Setting next_dagrun for example_weekday_branch_operator to 2025-01-06 00:00:00+00:00, run_after=2025-01-07 00:00:00+00:00
[2025-01-07T00:06:21.422+0000] {processor.py:183} INFO - Processing /home/airflow/.local/lib/python3.8/site-packages/airflow/example_dags/example_branch_day_of_week_operator.py took 0.133 seconds
[2025-01-07T00:06:54.777+0000] {processor.py:161} INFO - Started process (PID=6716) to work on /home/airflow/.local/lib/python3.8/site-packages/airflow/example_dags/example_branch_day_of_week_operator.py
[2025-01-07T00:06:54.780+0000] {processor.py:830} INFO - Processing file /home/airflow/.local/lib/python3.8/site-packages/airflow/example_dags/example_branch_day_of_week_operator.py for tasks to queue
[2025-01-07T00:06:54.783+0000] {logging_mixin.py:188} INFO - [2025-01-07T00:06:54.783+0000] {dagbag.py:538} INFO - Filling up the DagBag from /home/airflow/.local/lib/python3.8/site-packages/airflow/example_dags/example_branch_day_of_week_operator.py
[2025-01-07T00:06:54.847+0000] {processor.py:840} INFO - DAG(s) 'example_weekday_branch_operator' retrieved from /home/airflow/.local/lib/python3.8/site-packages/airflow/example_dags/example_branch_day_of_week_operator.py
[2025-01-07T00:06:55.054+0000] {logging_mixin.py:188} INFO - [2025-01-07T00:06:55.053+0000] {dag.py:3036} INFO - Sync 1 DAGs
[2025-01-07T00:06:55.274+0000] {logging_mixin.py:188} INFO - [2025-01-07T00:06:55.274+0000] {dag.py:3823} INFO - Setting next_dagrun for example_weekday_branch_operator to 2025-01-06 00:00:00+00:00, run_after=2025-01-07 00:00:00+00:00
[2025-01-07T00:06:55.496+0000] {processor.py:183} INFO - Processing /home/airflow/.local/lib/python3.8/site-packages/airflow/example_dags/example_branch_day_of_week_operator.py took 0.755 seconds
[2025-01-07T00:07:26.514+0000] {processor.py:161} INFO - Started process (PID=6773) to work on /home/airflow/.local/lib/python3.8/site-packages/airflow/example_dags/example_branch_day_of_week_operator.py
[2025-01-07T00:07:26.516+0000] {processor.py:830} INFO - Processing file /home/airflow/.local/lib/python3.8/site-packages/airflow/example_dags/example_branch_day_of_week_operator.py for tasks to queue
[2025-01-07T00:07:26.519+0000] {logging_mixin.py:188} INFO - [2025-01-07T00:07:26.519+0000] {dagbag.py:538} INFO - Filling up the DagBag from /home/airflow/.local/lib/python3.8/site-packages/airflow/example_dags/example_branch_day_of_week_operator.py
[2025-01-07T00:07:26.533+0000] {processor.py:840} INFO - DAG(s) 'example_weekday_branch_operator' retrieved from /home/airflow/.local/lib/python3.8/site-packages/airflow/example_dags/example_branch_day_of_week_operator.py
[2025-01-07T00:07:26.570+0000] {logging_mixin.py:188} INFO - [2025-01-07T00:07:26.569+0000] {dag.py:3036} INFO - Sync 1 DAGs
[2025-01-07T00:07:26.612+0000] {logging_mixin.py:188} INFO - [2025-01-07T00:07:26.611+0000] {dag.py:3823} INFO - Setting next_dagrun for example_weekday_branch_operator to 2025-01-06 00:00:00+00:00, run_after=2025-01-07 00:00:00+00:00
[2025-01-07T00:07:26.643+0000] {processor.py:183} INFO - Processing /home/airflow/.local/lib/python3.8/site-packages/airflow/example_dags/example_branch_day_of_week_operator.py took 0.133 seconds
[2025-01-07T00:07:56.819+0000] {processor.py:161} INFO - Started process (PID=6830) to work on /home/airflow/.local/lib/python3.8/site-packages/airflow/example_dags/example_branch_day_of_week_operator.py
[2025-01-07T00:07:56.821+0000] {processor.py:830} INFO - Processing file /home/airflow/.local/lib/python3.8/site-packages/airflow/example_dags/example_branch_day_of_week_operator.py for tasks to queue
[2025-01-07T00:07:56.824+0000] {logging_mixin.py:188} INFO - [2025-01-07T00:07:56.824+0000] {dagbag.py:538} INFO - Filling up the DagBag from /home/airflow/.local/lib/python3.8/site-packages/airflow/example_dags/example_branch_day_of_week_operator.py
[2025-01-07T00:07:56.836+0000] {processor.py:840} INFO - DAG(s) 'example_weekday_branch_operator' retrieved from /home/airflow/.local/lib/python3.8/site-packages/airflow/example_dags/example_branch_day_of_week_operator.py
[2025-01-07T00:07:56.866+0000] {logging_mixin.py:188} INFO - [2025-01-07T00:07:56.866+0000] {dag.py:3036} INFO - Sync 1 DAGs
[2025-01-07T00:07:56.902+0000] {logging_mixin.py:188} INFO - [2025-01-07T00:07:56.901+0000] {dag.py:3823} INFO - Setting next_dagrun for example_weekday_branch_operator to 2025-01-06 00:00:00+00:00, run_after=2025-01-07 00:00:00+00:00
[2025-01-07T00:07:56.929+0000] {processor.py:183} INFO - Processing /home/airflow/.local/lib/python3.8/site-packages/airflow/example_dags/example_branch_day_of_week_operator.py took 0.114 seconds
[2025-01-07T00:08:27.234+0000] {processor.py:161} INFO - Started process (PID=6888) to work on /home/airflow/.local/lib/python3.8/site-packages/airflow/example_dags/example_branch_day_of_week_operator.py
[2025-01-07T00:08:27.244+0000] {processor.py:830} INFO - Processing file /home/airflow/.local/lib/python3.8/site-packages/airflow/example_dags/example_branch_day_of_week_operator.py for tasks to queue
[2025-01-07T00:08:27.254+0000] {logging_mixin.py:188} INFO - [2025-01-07T00:08:27.253+0000] {dagbag.py:538} INFO - Filling up the DagBag from /home/airflow/.local/lib/python3.8/site-packages/airflow/example_dags/example_branch_day_of_week_operator.py
[2025-01-07T00:08:27.277+0000] {processor.py:840} INFO - DAG(s) 'example_weekday_branch_operator' retrieved from /home/airflow/.local/lib/python3.8/site-packages/airflow/example_dags/example_branch_day_of_week_operator.py
[2025-01-07T00:08:27.441+0000] {logging_mixin.py:188} INFO - [2025-01-07T00:08:27.439+0000] {dag.py:3036} INFO - Sync 1 DAGs
[2025-01-07T00:08:27.581+0000] {logging_mixin.py:188} INFO - [2025-01-07T00:08:27.580+0000] {dag.py:3823} INFO - Setting next_dagrun for example_weekday_branch_operator to 2025-01-06 00:00:00+00:00, run_after=2025-01-07 00:00:00+00:00
[2025-01-07T00:08:27.686+0000] {processor.py:183} INFO - Processing /home/airflow/.local/lib/python3.8/site-packages/airflow/example_dags/example_branch_day_of_week_operator.py took 0.460 seconds
[2025-01-07T00:08:58.373+0000] {processor.py:161} INFO - Started process (PID=6955) to work on /home/airflow/.local/lib/python3.8/site-packages/airflow/example_dags/example_branch_day_of_week_operator.py
[2025-01-07T00:08:58.376+0000] {processor.py:830} INFO - Processing file /home/airflow/.local/lib/python3.8/site-packages/airflow/example_dags/example_branch_day_of_week_operator.py for tasks to queue
[2025-01-07T00:08:58.383+0000] {logging_mixin.py:188} INFO - [2025-01-07T00:08:58.383+0000] {dagbag.py:538} INFO - Filling up the DagBag from /home/airflow/.local/lib/python3.8/site-packages/airflow/example_dags/example_branch_day_of_week_operator.py
[2025-01-07T00:08:58.407+0000] {processor.py:840} INFO - DAG(s) 'example_weekday_branch_operator' retrieved from /home/airflow/.local/lib/python3.8/site-packages/airflow/example_dags/example_branch_day_of_week_operator.py
[2025-01-07T00:08:58.478+0000] {logging_mixin.py:188} INFO - [2025-01-07T00:08:58.477+0000] {dag.py:3036} INFO - Sync 1 DAGs
[2025-01-07T00:08:58.586+0000] {logging_mixin.py:188} INFO - [2025-01-07T00:08:58.586+0000] {dag.py:3823} INFO - Setting next_dagrun for example_weekday_branch_operator to 2025-01-06 00:00:00+00:00, run_after=2025-01-07 00:00:00+00:00
[2025-01-07T00:08:58.665+0000] {processor.py:183} INFO - Processing /home/airflow/.local/lib/python3.8/site-packages/airflow/example_dags/example_branch_day_of_week_operator.py took 0.306 seconds
[2025-01-07T00:09:28.821+0000] {processor.py:161} INFO - Started process (PID=7012) to work on /home/airflow/.local/lib/python3.8/site-packages/airflow/example_dags/example_branch_day_of_week_operator.py
[2025-01-07T00:09:28.823+0000] {processor.py:830} INFO - Processing file /home/airflow/.local/lib/python3.8/site-packages/airflow/example_dags/example_branch_day_of_week_operator.py for tasks to queue
[2025-01-07T00:09:28.825+0000] {logging_mixin.py:188} INFO - [2025-01-07T00:09:28.825+0000] {dagbag.py:538} INFO - Filling up the DagBag from /home/airflow/.local/lib/python3.8/site-packages/airflow/example_dags/example_branch_day_of_week_operator.py
[2025-01-07T00:09:28.840+0000] {processor.py:840} INFO - DAG(s) 'example_weekday_branch_operator' retrieved from /home/airflow/.local/lib/python3.8/site-packages/airflow/example_dags/example_branch_day_of_week_operator.py
[2025-01-07T00:09:28.875+0000] {logging_mixin.py:188} INFO - [2025-01-07T00:09:28.875+0000] {dag.py:3036} INFO - Sync 1 DAGs
[2025-01-07T00:09:28.914+0000] {logging_mixin.py:188} INFO - [2025-01-07T00:09:28.913+0000] {dag.py:3823} INFO - Setting next_dagrun for example_weekday_branch_operator to 2025-01-06 00:00:00+00:00, run_after=2025-01-07 00:00:00+00:00
[2025-01-07T00:09:28.941+0000] {processor.py:183} INFO - Processing /home/airflow/.local/lib/python3.8/site-packages/airflow/example_dags/example_branch_day_of_week_operator.py took 0.125 seconds
[2025-01-07T00:09:59.092+0000] {processor.py:161} INFO - Started process (PID=7070) to work on /home/airflow/.local/lib/python3.8/site-packages/airflow/example_dags/example_branch_day_of_week_operator.py
[2025-01-07T00:09:59.093+0000] {processor.py:830} INFO - Processing file /home/airflow/.local/lib/python3.8/site-packages/airflow/example_dags/example_branch_day_of_week_operator.py for tasks to queue
[2025-01-07T00:09:59.096+0000] {logging_mixin.py:188} INFO - [2025-01-07T00:09:59.095+0000] {dagbag.py:538} INFO - Filling up the DagBag from /home/airflow/.local/lib/python3.8/site-packages/airflow/example_dags/example_branch_day_of_week_operator.py
[2025-01-07T00:09:59.111+0000] {processor.py:840} INFO - DAG(s) 'example_weekday_branch_operator' retrieved from /home/airflow/.local/lib/python3.8/site-packages/airflow/example_dags/example_branch_day_of_week_operator.py
[2025-01-07T00:09:59.160+0000] {logging_mixin.py:188} INFO - [2025-01-07T00:09:59.159+0000] {dag.py:3036} INFO - Sync 1 DAGs
[2025-01-07T00:09:59.214+0000] {logging_mixin.py:188} INFO - [2025-01-07T00:09:59.213+0000] {dag.py:3823} INFO - Setting next_dagrun for example_weekday_branch_operator to 2025-01-06 00:00:00+00:00, run_after=2025-01-07 00:00:00+00:00
[2025-01-07T00:09:59.255+0000] {processor.py:183} INFO - Processing /home/airflow/.local/lib/python3.8/site-packages/airflow/example_dags/example_branch_day_of_week_operator.py took 0.168 seconds
[2025-01-07T00:10:29.402+0000] {processor.py:161} INFO - Started process (PID=7127) to work on /home/airflow/.local/lib/python3.8/site-packages/airflow/example_dags/example_branch_day_of_week_operator.py
[2025-01-07T00:10:29.403+0000] {processor.py:830} INFO - Processing file /home/airflow/.local/lib/python3.8/site-packages/airflow/example_dags/example_branch_day_of_week_operator.py for tasks to queue
[2025-01-07T00:10:29.406+0000] {logging_mixin.py:188} INFO - [2025-01-07T00:10:29.406+0000] {dagbag.py:538} INFO - Filling up the DagBag from /home/airflow/.local/lib/python3.8/site-packages/airflow/example_dags/example_branch_day_of_week_operator.py
[2025-01-07T00:10:29.419+0000] {processor.py:840} INFO - DAG(s) 'example_weekday_branch_operator' retrieved from /home/airflow/.local/lib/python3.8/site-packages/airflow/example_dags/example_branch_day_of_week_operator.py
[2025-01-07T00:10:29.452+0000] {logging_mixin.py:188} INFO - [2025-01-07T00:10:29.452+0000] {dag.py:3036} INFO - Sync 1 DAGs
[2025-01-07T00:10:29.491+0000] {logging_mixin.py:188} INFO - [2025-01-07T00:10:29.491+0000] {dag.py:3823} INFO - Setting next_dagrun for example_weekday_branch_operator to 2025-01-06 00:00:00+00:00, run_after=2025-01-07 00:00:00+00:00
[2025-01-07T00:10:29.523+0000] {processor.py:183} INFO - Processing /home/airflow/.local/lib/python3.8/site-packages/airflow/example_dags/example_branch_day_of_week_operator.py took 0.128 seconds
[2025-01-07T00:10:59.855+0000] {processor.py:161} INFO - Started process (PID=7184) to work on /home/airflow/.local/lib/python3.8/site-packages/airflow/example_dags/example_branch_day_of_week_operator.py
[2025-01-07T00:10:59.857+0000] {processor.py:830} INFO - Processing file /home/airflow/.local/lib/python3.8/site-packages/airflow/example_dags/example_branch_day_of_week_operator.py for tasks to queue
[2025-01-07T00:10:59.860+0000] {logging_mixin.py:188} INFO - [2025-01-07T00:10:59.860+0000] {dagbag.py:538} INFO - Filling up the DagBag from /home/airflow/.local/lib/python3.8/site-packages/airflow/example_dags/example_branch_day_of_week_operator.py
[2025-01-07T00:10:59.875+0000] {processor.py:840} INFO - DAG(s) 'example_weekday_branch_operator' retrieved from /home/airflow/.local/lib/python3.8/site-packages/airflow/example_dags/example_branch_day_of_week_operator.py
[2025-01-07T00:10:59.913+0000] {logging_mixin.py:188} INFO - [2025-01-07T00:10:59.913+0000] {dag.py:3036} INFO - Sync 1 DAGs
[2025-01-07T00:10:59.957+0000] {logging_mixin.py:188} INFO - [2025-01-07T00:10:59.957+0000] {dag.py:3823} INFO - Setting next_dagrun for example_weekday_branch_operator to 2025-01-06 00:00:00+00:00, run_after=2025-01-07 00:00:00+00:00
[2025-01-07T00:10:59.992+0000] {processor.py:183} INFO - Processing /home/airflow/.local/lib/python3.8/site-packages/airflow/example_dags/example_branch_day_of_week_operator.py took 0.142 seconds
[2025-01-07T00:11:30.056+0000] {processor.py:161} INFO - Started process (PID=7241) to work on /home/airflow/.local/lib/python3.8/site-packages/airflow/example_dags/example_branch_day_of_week_operator.py
[2025-01-07T00:11:30.058+0000] {processor.py:830} INFO - Processing file /home/airflow/.local/lib/python3.8/site-packages/airflow/example_dags/example_branch_day_of_week_operator.py for tasks to queue
[2025-01-07T00:11:30.060+0000] {logging_mixin.py:188} INFO - [2025-01-07T00:11:30.060+0000] {dagbag.py:538} INFO - Filling up the DagBag from /home/airflow/.local/lib/python3.8/site-packages/airflow/example_dags/example_branch_day_of_week_operator.py
[2025-01-07T00:11:30.073+0000] {processor.py:840} INFO - DAG(s) 'example_weekday_branch_operator' retrieved from /home/airflow/.local/lib/python3.8/site-packages/airflow/example_dags/example_branch_day_of_week_operator.py
[2025-01-07T00:11:30.106+0000] {logging_mixin.py:188} INFO - [2025-01-07T00:11:30.105+0000] {dag.py:3036} INFO - Sync 1 DAGs
[2025-01-07T00:11:30.143+0000] {logging_mixin.py:188} INFO - [2025-01-07T00:11:30.143+0000] {dag.py:3823} INFO - Setting next_dagrun for example_weekday_branch_operator to 2025-01-06 00:00:00+00:00, run_after=2025-01-07 00:00:00+00:00
[2025-01-07T00:11:30.170+0000] {processor.py:183} INFO - Processing /home/airflow/.local/lib/python3.8/site-packages/airflow/example_dags/example_branch_day_of_week_operator.py took 0.117 seconds
[2025-01-07T00:12:00.754+0000] {processor.py:161} INFO - Started process (PID=7297) to work on /home/airflow/.local/lib/python3.8/site-packages/airflow/example_dags/example_branch_day_of_week_operator.py
[2025-01-07T00:12:00.756+0000] {processor.py:830} INFO - Processing file /home/airflow/.local/lib/python3.8/site-packages/airflow/example_dags/example_branch_day_of_week_operator.py for tasks to queue
[2025-01-07T00:12:00.759+0000] {logging_mixin.py:188} INFO - [2025-01-07T00:12:00.758+0000] {dagbag.py:538} INFO - Filling up the DagBag from /home/airflow/.local/lib/python3.8/site-packages/airflow/example_dags/example_branch_day_of_week_operator.py
[2025-01-07T00:12:00.767+0000] {processor.py:840} INFO - DAG(s) 'example_weekday_branch_operator' retrieved from /home/airflow/.local/lib/python3.8/site-packages/airflow/example_dags/example_branch_day_of_week_operator.py
[2025-01-07T00:12:00.794+0000] {logging_mixin.py:188} INFO - [2025-01-07T00:12:00.794+0000] {dag.py:3036} INFO - Sync 1 DAGs
[2025-01-07T00:12:00.827+0000] {logging_mixin.py:188} INFO - [2025-01-07T00:12:00.827+0000] {dag.py:3823} INFO - Setting next_dagrun for example_weekday_branch_operator to 2025-01-06 00:00:00+00:00, run_after=2025-01-07 00:00:00+00:00
[2025-01-07T00:12:00.851+0000] {processor.py:183} INFO - Processing /home/airflow/.local/lib/python3.8/site-packages/airflow/example_dags/example_branch_day_of_week_operator.py took 0.101 seconds
[2025-01-07T00:12:31.298+0000] {processor.py:161} INFO - Started process (PID=7354) to work on /home/airflow/.local/lib/python3.8/site-packages/airflow/example_dags/example_branch_day_of_week_operator.py
[2025-01-07T00:12:31.299+0000] {processor.py:830} INFO - Processing file /home/airflow/.local/lib/python3.8/site-packages/airflow/example_dags/example_branch_day_of_week_operator.py for tasks to queue
[2025-01-07T00:12:31.302+0000] {logging_mixin.py:188} INFO - [2025-01-07T00:12:31.302+0000] {dagbag.py:538} INFO - Filling up the DagBag from /home/airflow/.local/lib/python3.8/site-packages/airflow/example_dags/example_branch_day_of_week_operator.py
[2025-01-07T00:12:31.311+0000] {processor.py:840} INFO - DAG(s) 'example_weekday_branch_operator' retrieved from /home/airflow/.local/lib/python3.8/site-packages/airflow/example_dags/example_branch_day_of_week_operator.py
[2025-01-07T00:12:31.336+0000] {logging_mixin.py:188} INFO - [2025-01-07T00:12:31.336+0000] {dag.py:3036} INFO - Sync 1 DAGs
[2025-01-07T00:12:31.365+0000] {logging_mixin.py:188} INFO - [2025-01-07T00:12:31.364+0000] {dag.py:3823} INFO - Setting next_dagrun for example_weekday_branch_operator to 2025-01-06 00:00:00+00:00, run_after=2025-01-07 00:00:00+00:00
[2025-01-07T00:12:31.390+0000] {processor.py:183} INFO - Processing /home/airflow/.local/lib/python3.8/site-packages/airflow/example_dags/example_branch_day_of_week_operator.py took 0.096 seconds
[2025-01-07T00:13:01.778+0000] {processor.py:161} INFO - Started process (PID=7411) to work on /home/airflow/.local/lib/python3.8/site-packages/airflow/example_dags/example_branch_day_of_week_operator.py
[2025-01-07T00:13:01.779+0000] {processor.py:830} INFO - Processing file /home/airflow/.local/lib/python3.8/site-packages/airflow/example_dags/example_branch_day_of_week_operator.py for tasks to queue
[2025-01-07T00:13:01.781+0000] {logging_mixin.py:188} INFO - [2025-01-07T00:13:01.781+0000] {dagbag.py:538} INFO - Filling up the DagBag from /home/airflow/.local/lib/python3.8/site-packages/airflow/example_dags/example_branch_day_of_week_operator.py
[2025-01-07T00:13:01.791+0000] {processor.py:840} INFO - DAG(s) 'example_weekday_branch_operator' retrieved from /home/airflow/.local/lib/python3.8/site-packages/airflow/example_dags/example_branch_day_of_week_operator.py
[2025-01-07T00:13:01.815+0000] {logging_mixin.py:188} INFO - [2025-01-07T00:13:01.815+0000] {dag.py:3036} INFO - Sync 1 DAGs
[2025-01-07T00:13:01.843+0000] {logging_mixin.py:188} INFO - [2025-01-07T00:13:01.843+0000] {dag.py:3823} INFO - Setting next_dagrun for example_weekday_branch_operator to 2025-01-06 00:00:00+00:00, run_after=2025-01-07 00:00:00+00:00
[2025-01-07T00:13:01.880+0000] {processor.py:183} INFO - Processing /home/airflow/.local/lib/python3.8/site-packages/airflow/example_dags/example_branch_day_of_week_operator.py took 0.105 seconds
[2025-01-07T00:13:32.154+0000] {processor.py:161} INFO - Started process (PID=7469) to work on /home/airflow/.local/lib/python3.8/site-packages/airflow/example_dags/example_branch_day_of_week_operator.py
[2025-01-07T00:13:32.155+0000] {processor.py:830} INFO - Processing file /home/airflow/.local/lib/python3.8/site-packages/airflow/example_dags/example_branch_day_of_week_operator.py for tasks to queue
[2025-01-07T00:13:32.158+0000] {logging_mixin.py:188} INFO - [2025-01-07T00:13:32.157+0000] {dagbag.py:538} INFO - Filling up the DagBag from /home/airflow/.local/lib/python3.8/site-packages/airflow/example_dags/example_branch_day_of_week_operator.py
[2025-01-07T00:13:32.167+0000] {processor.py:840} INFO - DAG(s) 'example_weekday_branch_operator' retrieved from /home/airflow/.local/lib/python3.8/site-packages/airflow/example_dags/example_branch_day_of_week_operator.py
[2025-01-07T00:13:32.191+0000] {logging_mixin.py:188} INFO - [2025-01-07T00:13:32.190+0000] {dag.py:3036} INFO - Sync 1 DAGs
[2025-01-07T00:13:32.221+0000] {logging_mixin.py:188} INFO - [2025-01-07T00:13:32.221+0000] {dag.py:3823} INFO - Setting next_dagrun for example_weekday_branch_operator to 2025-01-06 00:00:00+00:00, run_after=2025-01-07 00:00:00+00:00
[2025-01-07T00:13:32.246+0000] {processor.py:183} INFO - Processing /home/airflow/.local/lib/python3.8/site-packages/airflow/example_dags/example_branch_day_of_week_operator.py took 0.097 seconds
[2025-01-07T00:14:02.754+0000] {processor.py:161} INFO - Started process (PID=7526) to work on /home/airflow/.local/lib/python3.8/site-packages/airflow/example_dags/example_branch_day_of_week_operator.py
[2025-01-07T00:14:02.756+0000] {processor.py:830} INFO - Processing file /home/airflow/.local/lib/python3.8/site-packages/airflow/example_dags/example_branch_day_of_week_operator.py for tasks to queue
[2025-01-07T00:14:02.759+0000] {logging_mixin.py:188} INFO - [2025-01-07T00:14:02.758+0000] {dagbag.py:538} INFO - Filling up the DagBag from /home/airflow/.local/lib/python3.8/site-packages/airflow/example_dags/example_branch_day_of_week_operator.py
[2025-01-07T00:14:02.768+0000] {processor.py:840} INFO - DAG(s) 'example_weekday_branch_operator' retrieved from /home/airflow/.local/lib/python3.8/site-packages/airflow/example_dags/example_branch_day_of_week_operator.py
[2025-01-07T00:14:02.801+0000] {logging_mixin.py:188} INFO - [2025-01-07T00:14:02.800+0000] {dag.py:3036} INFO - Sync 1 DAGs
[2025-01-07T00:14:02.834+0000] {logging_mixin.py:188} INFO - [2025-01-07T00:14:02.834+0000] {dag.py:3823} INFO - Setting next_dagrun for example_weekday_branch_operator to 2025-01-06 00:00:00+00:00, run_after=2025-01-07 00:00:00+00:00
[2025-01-07T00:14:02.868+0000] {processor.py:183} INFO - Processing /home/airflow/.local/lib/python3.8/site-packages/airflow/example_dags/example_branch_day_of_week_operator.py took 0.118 seconds
[2025-01-07T00:14:33.441+0000] {processor.py:161} INFO - Started process (PID=7583) to work on /home/airflow/.local/lib/python3.8/site-packages/airflow/example_dags/example_branch_day_of_week_operator.py
[2025-01-07T00:14:33.442+0000] {processor.py:830} INFO - Processing file /home/airflow/.local/lib/python3.8/site-packages/airflow/example_dags/example_branch_day_of_week_operator.py for tasks to queue
[2025-01-07T00:14:33.444+0000] {logging_mixin.py:188} INFO - [2025-01-07T00:14:33.444+0000] {dagbag.py:538} INFO - Filling up the DagBag from /home/airflow/.local/lib/python3.8/site-packages/airflow/example_dags/example_branch_day_of_week_operator.py
[2025-01-07T00:14:33.455+0000] {processor.py:840} INFO - DAG(s) 'example_weekday_branch_operator' retrieved from /home/airflow/.local/lib/python3.8/site-packages/airflow/example_dags/example_branch_day_of_week_operator.py
[2025-01-07T00:14:33.481+0000] {logging_mixin.py:188} INFO - [2025-01-07T00:14:33.481+0000] {dag.py:3036} INFO - Sync 1 DAGs
[2025-01-07T00:14:33.513+0000] {logging_mixin.py:188} INFO - [2025-01-07T00:14:33.513+0000] {dag.py:3823} INFO - Setting next_dagrun for example_weekday_branch_operator to 2025-01-06 00:00:00+00:00, run_after=2025-01-07 00:00:00+00:00
[2025-01-07T00:14:33.540+0000] {processor.py:183} INFO - Processing /home/airflow/.local/lib/python3.8/site-packages/airflow/example_dags/example_branch_day_of_week_operator.py took 0.103 seconds
[2025-01-07T00:15:05.342+0000] {processor.py:161} INFO - Started process (PID=7640) to work on /home/airflow/.local/lib/python3.8/site-packages/airflow/example_dags/example_branch_day_of_week_operator.py
[2025-01-07T00:15:05.344+0000] {processor.py:830} INFO - Processing file /home/airflow/.local/lib/python3.8/site-packages/airflow/example_dags/example_branch_day_of_week_operator.py for tasks to queue
[2025-01-07T00:15:05.358+0000] {logging_mixin.py:188} INFO - [2025-01-07T00:15:05.354+0000] {dagbag.py:538} INFO - Filling up the DagBag from /home/airflow/.local/lib/python3.8/site-packages/airflow/example_dags/example_branch_day_of_week_operator.py
[2025-01-07T00:15:05.383+0000] {processor.py:840} INFO - DAG(s) 'example_weekday_branch_operator' retrieved from /home/airflow/.local/lib/python3.8/site-packages/airflow/example_dags/example_branch_day_of_week_operator.py
[2025-01-07T00:15:05.557+0000] {logging_mixin.py:188} INFO - [2025-01-07T00:15:05.556+0000] {dag.py:3036} INFO - Sync 1 DAGs
[2025-01-07T00:15:05.771+0000] {logging_mixin.py:188} INFO - [2025-01-07T00:15:05.770+0000] {dag.py:3823} INFO - Setting next_dagrun for example_weekday_branch_operator to 2025-01-06 00:00:00+00:00, run_after=2025-01-07 00:00:00+00:00
[2025-01-07T00:15:06.041+0000] {processor.py:183} INFO - Processing /home/airflow/.local/lib/python3.8/site-packages/airflow/example_dags/example_branch_day_of_week_operator.py took 0.716 seconds
[2025-01-07T00:15:36.363+0000] {processor.py:161} INFO - Started process (PID=7697) to work on /home/airflow/.local/lib/python3.8/site-packages/airflow/example_dags/example_branch_day_of_week_operator.py
[2025-01-07T00:15:36.365+0000] {processor.py:830} INFO - Processing file /home/airflow/.local/lib/python3.8/site-packages/airflow/example_dags/example_branch_day_of_week_operator.py for tasks to queue
[2025-01-07T00:15:36.369+0000] {logging_mixin.py:188} INFO - [2025-01-07T00:15:36.369+0000] {dagbag.py:538} INFO - Filling up the DagBag from /home/airflow/.local/lib/python3.8/site-packages/airflow/example_dags/example_branch_day_of_week_operator.py
[2025-01-07T00:15:36.387+0000] {processor.py:840} INFO - DAG(s) 'example_weekday_branch_operator' retrieved from /home/airflow/.local/lib/python3.8/site-packages/airflow/example_dags/example_branch_day_of_week_operator.py
[2025-01-07T00:15:36.431+0000] {logging_mixin.py:188} INFO - [2025-01-07T00:15:36.431+0000] {dag.py:3036} INFO - Sync 1 DAGs
[2025-01-07T00:15:36.479+0000] {logging_mixin.py:188} INFO - [2025-01-07T00:15:36.479+0000] {dag.py:3823} INFO - Setting next_dagrun for example_weekday_branch_operator to 2025-01-06 00:00:00+00:00, run_after=2025-01-07 00:00:00+00:00
[2025-01-07T00:15:36.520+0000] {processor.py:183} INFO - Processing /home/airflow/.local/lib/python3.8/site-packages/airflow/example_dags/example_branch_day_of_week_operator.py took 0.170 seconds
[2025-01-07T00:16:07.342+0000] {processor.py:161} INFO - Started process (PID=7754) to work on /home/airflow/.local/lib/python3.8/site-packages/airflow/example_dags/example_branch_day_of_week_operator.py
[2025-01-07T00:16:07.344+0000] {processor.py:830} INFO - Processing file /home/airflow/.local/lib/python3.8/site-packages/airflow/example_dags/example_branch_day_of_week_operator.py for tasks to queue
[2025-01-07T00:16:07.359+0000] {logging_mixin.py:188} INFO - [2025-01-07T00:16:07.358+0000] {dagbag.py:538} INFO - Filling up the DagBag from /home/airflow/.local/lib/python3.8/site-packages/airflow/example_dags/example_branch_day_of_week_operator.py
[2025-01-07T00:16:07.406+0000] {processor.py:840} INFO - DAG(s) 'example_weekday_branch_operator' retrieved from /home/airflow/.local/lib/python3.8/site-packages/airflow/example_dags/example_branch_day_of_week_operator.py
[2025-01-07T00:16:07.488+0000] {logging_mixin.py:188} INFO - [2025-01-07T00:16:07.488+0000] {dag.py:3036} INFO - Sync 1 DAGs
[2025-01-07T00:16:07.575+0000] {logging_mixin.py:188} INFO - [2025-01-07T00:16:07.574+0000] {dag.py:3823} INFO - Setting next_dagrun for example_weekday_branch_operator to 2025-01-06 00:00:00+00:00, run_after=2025-01-07 00:00:00+00:00
[2025-01-07T00:16:07.624+0000] {processor.py:183} INFO - Processing /home/airflow/.local/lib/python3.8/site-packages/airflow/example_dags/example_branch_day_of_week_operator.py took 0.293 seconds
[2025-01-07T00:16:39.117+0000] {processor.py:161} INFO - Started process (PID=7812) to work on /home/airflow/.local/lib/python3.8/site-packages/airflow/example_dags/example_branch_day_of_week_operator.py
[2025-01-07T00:16:39.120+0000] {processor.py:830} INFO - Processing file /home/airflow/.local/lib/python3.8/site-packages/airflow/example_dags/example_branch_day_of_week_operator.py for tasks to queue
[2025-01-07T00:16:39.139+0000] {logging_mixin.py:188} INFO - [2025-01-07T00:16:39.138+0000] {dagbag.py:538} INFO - Filling up the DagBag from /home/airflow/.local/lib/python3.8/site-packages/airflow/example_dags/example_branch_day_of_week_operator.py
[2025-01-07T00:16:39.183+0000] {processor.py:840} INFO - DAG(s) 'example_weekday_branch_operator' retrieved from /home/airflow/.local/lib/python3.8/site-packages/airflow/example_dags/example_branch_day_of_week_operator.py
[2025-01-07T00:16:39.303+0000] {logging_mixin.py:188} INFO - [2025-01-07T00:16:39.302+0000] {dag.py:3036} INFO - Sync 1 DAGs
[2025-01-07T00:16:39.448+0000] {logging_mixin.py:188} INFO - [2025-01-07T00:16:39.447+0000] {dag.py:3823} INFO - Setting next_dagrun for example_weekday_branch_operator to 2025-01-06 00:00:00+00:00, run_after=2025-01-07 00:00:00+00:00
[2025-01-07T00:16:39.529+0000] {processor.py:183} INFO - Processing /home/airflow/.local/lib/python3.8/site-packages/airflow/example_dags/example_branch_day_of_week_operator.py took 0.430 seconds
[2025-01-07T00:17:09.812+0000] {processor.py:161} INFO - Started process (PID=7869) to work on /home/airflow/.local/lib/python3.8/site-packages/airflow/example_dags/example_branch_day_of_week_operator.py
[2025-01-07T00:17:09.814+0000] {processor.py:830} INFO - Processing file /home/airflow/.local/lib/python3.8/site-packages/airflow/example_dags/example_branch_day_of_week_operator.py for tasks to queue
[2025-01-07T00:17:09.827+0000] {logging_mixin.py:188} INFO - [2025-01-07T00:17:09.826+0000] {dagbag.py:538} INFO - Filling up the DagBag from /home/airflow/.local/lib/python3.8/site-packages/airflow/example_dags/example_branch_day_of_week_operator.py
[2025-01-07T00:17:09.862+0000] {processor.py:840} INFO - DAG(s) 'example_weekday_branch_operator' retrieved from /home/airflow/.local/lib/python3.8/site-packages/airflow/example_dags/example_branch_day_of_week_operator.py
[2025-01-07T00:17:09.961+0000] {logging_mixin.py:188} INFO - [2025-01-07T00:17:09.961+0000] {dag.py:3036} INFO - Sync 1 DAGs
[2025-01-07T00:17:10.075+0000] {logging_mixin.py:188} INFO - [2025-01-07T00:17:10.074+0000] {dag.py:3823} INFO - Setting next_dagrun for example_weekday_branch_operator to 2025-01-06 00:00:00+00:00, run_after=2025-01-07 00:00:00+00:00
[2025-01-07T00:17:10.160+0000] {processor.py:183} INFO - Processing /home/airflow/.local/lib/python3.8/site-packages/airflow/example_dags/example_branch_day_of_week_operator.py took 0.354 seconds
[2025-01-07T00:17:43.598+0000] {processor.py:161} INFO - Started process (PID=7926) to work on /home/airflow/.local/lib/python3.8/site-packages/airflow/example_dags/example_branch_day_of_week_operator.py
[2025-01-07T00:17:43.600+0000] {processor.py:830} INFO - Processing file /home/airflow/.local/lib/python3.8/site-packages/airflow/example_dags/example_branch_day_of_week_operator.py for tasks to queue
[2025-01-07T00:17:43.614+0000] {logging_mixin.py:188} INFO - [2025-01-07T00:17:43.614+0000] {dagbag.py:538} INFO - Filling up the DagBag from /home/airflow/.local/lib/python3.8/site-packages/airflow/example_dags/example_branch_day_of_week_operator.py
[2025-01-07T00:17:43.745+0000] {processor.py:840} INFO - DAG(s) 'example_weekday_branch_operator' retrieved from /home/airflow/.local/lib/python3.8/site-packages/airflow/example_dags/example_branch_day_of_week_operator.py
[2025-01-07T00:17:43.947+0000] {logging_mixin.py:188} INFO - [2025-01-07T00:17:43.947+0000] {dag.py:3036} INFO - Sync 1 DAGs
[2025-01-07T00:17:44.082+0000] {logging_mixin.py:188} INFO - [2025-01-07T00:17:44.081+0000] {dag.py:3823} INFO - Setting next_dagrun for example_weekday_branch_operator to 2025-01-06 00:00:00+00:00, run_after=2025-01-07 00:00:00+00:00
[2025-01-07T00:17:44.166+0000] {processor.py:183} INFO - Processing /home/airflow/.local/lib/python3.8/site-packages/airflow/example_dags/example_branch_day_of_week_operator.py took 0.616 seconds
[2025-01-07T00:18:16.744+0000] {processor.py:161} INFO - Started process (PID=7984) to work on /home/airflow/.local/lib/python3.8/site-packages/airflow/example_dags/example_branch_day_of_week_operator.py
[2025-01-07T00:18:16.748+0000] {processor.py:830} INFO - Processing file /home/airflow/.local/lib/python3.8/site-packages/airflow/example_dags/example_branch_day_of_week_operator.py for tasks to queue
[2025-01-07T00:18:16.786+0000] {logging_mixin.py:188} INFO - [2025-01-07T00:18:16.785+0000] {dagbag.py:538} INFO - Filling up the DagBag from /home/airflow/.local/lib/python3.8/site-packages/airflow/example_dags/example_branch_day_of_week_operator.py
[2025-01-07T00:18:16.862+0000] {processor.py:840} INFO - DAG(s) 'example_weekday_branch_operator' retrieved from /home/airflow/.local/lib/python3.8/site-packages/airflow/example_dags/example_branch_day_of_week_operator.py
[2025-01-07T00:18:16.991+0000] {logging_mixin.py:188} INFO - [2025-01-07T00:18:16.990+0000] {dag.py:3036} INFO - Sync 1 DAGs
[2025-01-07T00:18:17.264+0000] {logging_mixin.py:188} INFO - [2025-01-07T00:18:17.264+0000] {dag.py:3823} INFO - Setting next_dagrun for example_weekday_branch_operator to 2025-01-06 00:00:00+00:00, run_after=2025-01-07 00:00:00+00:00
[2025-01-07T00:18:17.515+0000] {processor.py:183} INFO - Processing /home/airflow/.local/lib/python3.8/site-packages/airflow/example_dags/example_branch_day_of_week_operator.py took 0.790 seconds
[2025-01-07T00:18:50.847+0000] {processor.py:161} INFO - Started process (PID=8052) to work on /home/airflow/.local/lib/python3.8/site-packages/airflow/example_dags/example_branch_day_of_week_operator.py
[2025-01-07T00:18:50.877+0000] {processor.py:830} INFO - Processing file /home/airflow/.local/lib/python3.8/site-packages/airflow/example_dags/example_branch_day_of_week_operator.py for tasks to queue
[2025-01-07T00:18:50.892+0000] {logging_mixin.py:188} INFO - [2025-01-07T00:18:50.891+0000] {dagbag.py:538} INFO - Filling up the DagBag from /home/airflow/.local/lib/python3.8/site-packages/airflow/example_dags/example_branch_day_of_week_operator.py
[2025-01-07T00:18:51.021+0000] {processor.py:840} INFO - DAG(s) 'example_weekday_branch_operator' retrieved from /home/airflow/.local/lib/python3.8/site-packages/airflow/example_dags/example_branch_day_of_week_operator.py
[2025-01-07T00:18:51.246+0000] {logging_mixin.py:188} INFO - [2025-01-07T00:18:51.245+0000] {dag.py:3036} INFO - Sync 1 DAGs
[2025-01-07T00:18:51.536+0000] {logging_mixin.py:188} INFO - [2025-01-07T00:18:51.536+0000] {dag.py:3823} INFO - Setting next_dagrun for example_weekday_branch_operator to 2025-01-06 00:00:00+00:00, run_after=2025-01-07 00:00:00+00:00
[2025-01-07T00:18:51.887+0000] {processor.py:183} INFO - Processing /home/airflow/.local/lib/python3.8/site-packages/airflow/example_dags/example_branch_day_of_week_operator.py took 1.071 seconds
[2025-01-07T00:19:22.753+0000] {processor.py:161} INFO - Started process (PID=8112) to work on /home/airflow/.local/lib/python3.8/site-packages/airflow/example_dags/example_branch_day_of_week_operator.py
[2025-01-07T00:19:22.781+0000] {processor.py:830} INFO - Processing file /home/airflow/.local/lib/python3.8/site-packages/airflow/example_dags/example_branch_day_of_week_operator.py for tasks to queue
[2025-01-07T00:19:22.784+0000] {logging_mixin.py:188} INFO - [2025-01-07T00:19:22.784+0000] {dagbag.py:538} INFO - Filling up the DagBag from /home/airflow/.local/lib/python3.8/site-packages/airflow/example_dags/example_branch_day_of_week_operator.py
[2025-01-07T00:19:22.846+0000] {processor.py:840} INFO - DAG(s) 'example_weekday_branch_operator' retrieved from /home/airflow/.local/lib/python3.8/site-packages/airflow/example_dags/example_branch_day_of_week_operator.py
[2025-01-07T00:19:23.037+0000] {logging_mixin.py:188} INFO - [2025-01-07T00:19:23.037+0000] {dag.py:3036} INFO - Sync 1 DAGs
[2025-01-07T00:19:23.255+0000] {logging_mixin.py:188} INFO - [2025-01-07T00:19:23.241+0000] {dag.py:3823} INFO - Setting next_dagrun for example_weekday_branch_operator to 2025-01-06 00:00:00+00:00, run_after=2025-01-07 00:00:00+00:00
[2025-01-07T00:19:23.318+0000] {processor.py:183} INFO - Processing /home/airflow/.local/lib/python3.8/site-packages/airflow/example_dags/example_branch_day_of_week_operator.py took 0.573 seconds
[2025-01-07T00:19:53.845+0000] {processor.py:161} INFO - Started process (PID=8169) to work on /home/airflow/.local/lib/python3.8/site-packages/airflow/example_dags/example_branch_day_of_week_operator.py
[2025-01-07T00:19:53.846+0000] {processor.py:830} INFO - Processing file /home/airflow/.local/lib/python3.8/site-packages/airflow/example_dags/example_branch_day_of_week_operator.py for tasks to queue
[2025-01-07T00:19:53.848+0000] {logging_mixin.py:188} INFO - [2025-01-07T00:19:53.848+0000] {dagbag.py:538} INFO - Filling up the DagBag from /home/airflow/.local/lib/python3.8/site-packages/airflow/example_dags/example_branch_day_of_week_operator.py
[2025-01-07T00:19:53.858+0000] {processor.py:840} INFO - DAG(s) 'example_weekday_branch_operator' retrieved from /home/airflow/.local/lib/python3.8/site-packages/airflow/example_dags/example_branch_day_of_week_operator.py
[2025-01-07T00:19:53.883+0000] {logging_mixin.py:188} INFO - [2025-01-07T00:19:53.882+0000] {dag.py:3036} INFO - Sync 1 DAGs
[2025-01-07T00:19:53.915+0000] {logging_mixin.py:188} INFO - [2025-01-07T00:19:53.915+0000] {dag.py:3823} INFO - Setting next_dagrun for example_weekday_branch_operator to 2025-01-06 00:00:00+00:00, run_after=2025-01-07 00:00:00+00:00
[2025-01-07T00:19:53.946+0000] {processor.py:183} INFO - Processing /home/airflow/.local/lib/python3.8/site-packages/airflow/example_dags/example_branch_day_of_week_operator.py took 0.105 seconds
[2025-01-07T00:20:24.710+0000] {processor.py:161} INFO - Started process (PID=8226) to work on /home/airflow/.local/lib/python3.8/site-packages/airflow/example_dags/example_branch_day_of_week_operator.py
[2025-01-07T00:20:24.711+0000] {processor.py:830} INFO - Processing file /home/airflow/.local/lib/python3.8/site-packages/airflow/example_dags/example_branch_day_of_week_operator.py for tasks to queue
[2025-01-07T00:20:24.713+0000] {logging_mixin.py:188} INFO - [2025-01-07T00:20:24.713+0000] {dagbag.py:538} INFO - Filling up the DagBag from /home/airflow/.local/lib/python3.8/site-packages/airflow/example_dags/example_branch_day_of_week_operator.py
[2025-01-07T00:20:24.724+0000] {processor.py:840} INFO - DAG(s) 'example_weekday_branch_operator' retrieved from /home/airflow/.local/lib/python3.8/site-packages/airflow/example_dags/example_branch_day_of_week_operator.py
[2025-01-07T00:20:24.750+0000] {logging_mixin.py:188} INFO - [2025-01-07T00:20:24.749+0000] {dag.py:3036} INFO - Sync 1 DAGs
[2025-01-07T00:20:24.782+0000] {logging_mixin.py:188} INFO - [2025-01-07T00:20:24.782+0000] {dag.py:3823} INFO - Setting next_dagrun for example_weekday_branch_operator to 2025-01-06 00:00:00+00:00, run_after=2025-01-07 00:00:00+00:00
[2025-01-07T00:20:24.808+0000] {processor.py:183} INFO - Processing /home/airflow/.local/lib/python3.8/site-packages/airflow/example_dags/example_branch_day_of_week_operator.py took 0.101 seconds
[2025-01-07T00:20:55.519+0000] {processor.py:161} INFO - Started process (PID=8284) to work on /home/airflow/.local/lib/python3.8/site-packages/airflow/example_dags/example_branch_day_of_week_operator.py
[2025-01-07T00:20:55.521+0000] {processor.py:830} INFO - Processing file /home/airflow/.local/lib/python3.8/site-packages/airflow/example_dags/example_branch_day_of_week_operator.py for tasks to queue
[2025-01-07T00:20:55.524+0000] {logging_mixin.py:188} INFO - [2025-01-07T00:20:55.523+0000] {dagbag.py:538} INFO - Filling up the DagBag from /home/airflow/.local/lib/python3.8/site-packages/airflow/example_dags/example_branch_day_of_week_operator.py
[2025-01-07T00:20:55.535+0000] {processor.py:840} INFO - DAG(s) 'example_weekday_branch_operator' retrieved from /home/airflow/.local/lib/python3.8/site-packages/airflow/example_dags/example_branch_day_of_week_operator.py
[2025-01-07T00:20:55.559+0000] {logging_mixin.py:188} INFO - [2025-01-07T00:20:55.558+0000] {dag.py:3036} INFO - Sync 1 DAGs
[2025-01-07T00:20:55.587+0000] {logging_mixin.py:188} INFO - [2025-01-07T00:20:55.587+0000] {dag.py:3823} INFO - Setting next_dagrun for example_weekday_branch_operator to 2025-01-06 00:00:00+00:00, run_after=2025-01-07 00:00:00+00:00
[2025-01-07T00:20:55.609+0000] {processor.py:183} INFO - Processing /home/airflow/.local/lib/python3.8/site-packages/airflow/example_dags/example_branch_day_of_week_operator.py took 0.094 seconds
[2025-01-07T00:21:26.376+0000] {processor.py:161} INFO - Started process (PID=8341) to work on /home/airflow/.local/lib/python3.8/site-packages/airflow/example_dags/example_branch_day_of_week_operator.py
[2025-01-07T00:21:26.378+0000] {processor.py:830} INFO - Processing file /home/airflow/.local/lib/python3.8/site-packages/airflow/example_dags/example_branch_day_of_week_operator.py for tasks to queue
[2025-01-07T00:21:26.380+0000] {logging_mixin.py:188} INFO - [2025-01-07T00:21:26.380+0000] {dagbag.py:538} INFO - Filling up the DagBag from /home/airflow/.local/lib/python3.8/site-packages/airflow/example_dags/example_branch_day_of_week_operator.py
[2025-01-07T00:21:26.389+0000] {processor.py:840} INFO - DAG(s) 'example_weekday_branch_operator' retrieved from /home/airflow/.local/lib/python3.8/site-packages/airflow/example_dags/example_branch_day_of_week_operator.py
[2025-01-07T00:21:26.415+0000] {logging_mixin.py:188} INFO - [2025-01-07T00:21:26.414+0000] {dag.py:3036} INFO - Sync 1 DAGs
[2025-01-07T00:21:26.445+0000] {logging_mixin.py:188} INFO - [2025-01-07T00:21:26.445+0000] {dag.py:3823} INFO - Setting next_dagrun for example_weekday_branch_operator to 2025-01-06 00:00:00+00:00, run_after=2025-01-07 00:00:00+00:00
[2025-01-07T00:21:26.471+0000] {processor.py:183} INFO - Processing /home/airflow/.local/lib/python3.8/site-packages/airflow/example_dags/example_branch_day_of_week_operator.py took 0.098 seconds
[2025-01-07T00:21:56.911+0000] {processor.py:161} INFO - Started process (PID=8398) to work on /home/airflow/.local/lib/python3.8/site-packages/airflow/example_dags/example_branch_day_of_week_operator.py
[2025-01-07T00:21:56.912+0000] {processor.py:830} INFO - Processing file /home/airflow/.local/lib/python3.8/site-packages/airflow/example_dags/example_branch_day_of_week_operator.py for tasks to queue
[2025-01-07T00:21:56.915+0000] {logging_mixin.py:188} INFO - [2025-01-07T00:21:56.915+0000] {dagbag.py:538} INFO - Filling up the DagBag from /home/airflow/.local/lib/python3.8/site-packages/airflow/example_dags/example_branch_day_of_week_operator.py
[2025-01-07T00:21:56.928+0000] {processor.py:840} INFO - DAG(s) 'example_weekday_branch_operator' retrieved from /home/airflow/.local/lib/python3.8/site-packages/airflow/example_dags/example_branch_day_of_week_operator.py
[2025-01-07T00:21:56.954+0000] {logging_mixin.py:188} INFO - [2025-01-07T00:21:56.954+0000] {dag.py:3036} INFO - Sync 1 DAGs
[2025-01-07T00:21:56.984+0000] {logging_mixin.py:188} INFO - [2025-01-07T00:21:56.984+0000] {dag.py:3823} INFO - Setting next_dagrun for example_weekday_branch_operator to 2025-01-06 00:00:00+00:00, run_after=2025-01-07 00:00:00+00:00
[2025-01-07T00:21:57.009+0000] {processor.py:183} INFO - Processing /home/airflow/.local/lib/python3.8/site-packages/airflow/example_dags/example_branch_day_of_week_operator.py took 0.102 seconds
[2025-01-07T00:22:27.289+0000] {processor.py:161} INFO - Started process (PID=8455) to work on /home/airflow/.local/lib/python3.8/site-packages/airflow/example_dags/example_branch_day_of_week_operator.py
[2025-01-07T00:22:27.291+0000] {processor.py:830} INFO - Processing file /home/airflow/.local/lib/python3.8/site-packages/airflow/example_dags/example_branch_day_of_week_operator.py for tasks to queue
[2025-01-07T00:22:27.296+0000] {logging_mixin.py:188} INFO - [2025-01-07T00:22:27.296+0000] {dagbag.py:538} INFO - Filling up the DagBag from /home/airflow/.local/lib/python3.8/site-packages/airflow/example_dags/example_branch_day_of_week_operator.py
[2025-01-07T00:22:27.307+0000] {processor.py:840} INFO - DAG(s) 'example_weekday_branch_operator' retrieved from /home/airflow/.local/lib/python3.8/site-packages/airflow/example_dags/example_branch_day_of_week_operator.py
[2025-01-07T00:22:27.346+0000] {logging_mixin.py:188} INFO - [2025-01-07T00:22:27.346+0000] {dag.py:3036} INFO - Sync 1 DAGs
[2025-01-07T00:22:27.392+0000] {logging_mixin.py:188} INFO - [2025-01-07T00:22:27.392+0000] {dag.py:3823} INFO - Setting next_dagrun for example_weekday_branch_operator to 2025-01-06 00:00:00+00:00, run_after=2025-01-07 00:00:00+00:00
[2025-01-07T00:22:27.427+0000] {processor.py:183} INFO - Processing /home/airflow/.local/lib/python3.8/site-packages/airflow/example_dags/example_branch_day_of_week_operator.py took 0.143 seconds
[2025-01-07T00:22:57.779+0000] {processor.py:161} INFO - Started process (PID=8512) to work on /home/airflow/.local/lib/python3.8/site-packages/airflow/example_dags/example_branch_day_of_week_operator.py
[2025-01-07T00:22:57.781+0000] {processor.py:830} INFO - Processing file /home/airflow/.local/lib/python3.8/site-packages/airflow/example_dags/example_branch_day_of_week_operator.py for tasks to queue
[2025-01-07T00:22:57.793+0000] {logging_mixin.py:188} INFO - [2025-01-07T00:22:57.784+0000] {dagbag.py:538} INFO - Filling up the DagBag from /home/airflow/.local/lib/python3.8/site-packages/airflow/example_dags/example_branch_day_of_week_operator.py
[2025-01-07T00:22:57.820+0000] {processor.py:840} INFO - DAG(s) 'example_weekday_branch_operator' retrieved from /home/airflow/.local/lib/python3.8/site-packages/airflow/example_dags/example_branch_day_of_week_operator.py
[2025-01-07T00:22:57.919+0000] {logging_mixin.py:188} INFO - [2025-01-07T00:22:57.918+0000] {dag.py:3036} INFO - Sync 1 DAGs
[2025-01-07T00:22:58.010+0000] {logging_mixin.py:188} INFO - [2025-01-07T00:22:58.009+0000] {dag.py:3823} INFO - Setting next_dagrun for example_weekday_branch_operator to 2025-01-06 00:00:00+00:00, run_after=2025-01-07 00:00:00+00:00
[2025-01-07T00:22:58.117+0000] {processor.py:183} INFO - Processing /home/airflow/.local/lib/python3.8/site-packages/airflow/example_dags/example_branch_day_of_week_operator.py took 0.346 seconds
[2025-01-07T00:23:28.514+0000] {processor.py:161} INFO - Started process (PID=8569) to work on /home/airflow/.local/lib/python3.8/site-packages/airflow/example_dags/example_branch_day_of_week_operator.py
[2025-01-07T00:23:28.515+0000] {processor.py:830} INFO - Processing file /home/airflow/.local/lib/python3.8/site-packages/airflow/example_dags/example_branch_day_of_week_operator.py for tasks to queue
[2025-01-07T00:23:28.519+0000] {logging_mixin.py:188} INFO - [2025-01-07T00:23:28.518+0000] {dagbag.py:538} INFO - Filling up the DagBag from /home/airflow/.local/lib/python3.8/site-packages/airflow/example_dags/example_branch_day_of_week_operator.py
[2025-01-07T00:23:28.529+0000] {processor.py:840} INFO - DAG(s) 'example_weekday_branch_operator' retrieved from /home/airflow/.local/lib/python3.8/site-packages/airflow/example_dags/example_branch_day_of_week_operator.py
[2025-01-07T00:23:28.558+0000] {logging_mixin.py:188} INFO - [2025-01-07T00:23:28.558+0000] {dag.py:3036} INFO - Sync 1 DAGs
[2025-01-07T00:23:28.588+0000] {logging_mixin.py:188} INFO - [2025-01-07T00:23:28.588+0000] {dag.py:3823} INFO - Setting next_dagrun for example_weekday_branch_operator to 2025-01-06 00:00:00+00:00, run_after=2025-01-07 00:00:00+00:00
[2025-01-07T00:23:28.617+0000] {processor.py:183} INFO - Processing /home/airflow/.local/lib/python3.8/site-packages/airflow/example_dags/example_branch_day_of_week_operator.py took 0.106 seconds
[2025-01-07T00:23:59.559+0000] {processor.py:161} INFO - Started process (PID=8626) to work on /home/airflow/.local/lib/python3.8/site-packages/airflow/example_dags/example_branch_day_of_week_operator.py
[2025-01-07T00:23:59.560+0000] {processor.py:830} INFO - Processing file /home/airflow/.local/lib/python3.8/site-packages/airflow/example_dags/example_branch_day_of_week_operator.py for tasks to queue
[2025-01-07T00:23:59.563+0000] {logging_mixin.py:188} INFO - [2025-01-07T00:23:59.562+0000] {dagbag.py:538} INFO - Filling up the DagBag from /home/airflow/.local/lib/python3.8/site-packages/airflow/example_dags/example_branch_day_of_week_operator.py
[2025-01-07T00:23:59.574+0000] {processor.py:840} INFO - DAG(s) 'example_weekday_branch_operator' retrieved from /home/airflow/.local/lib/python3.8/site-packages/airflow/example_dags/example_branch_day_of_week_operator.py
[2025-01-07T00:23:59.600+0000] {logging_mixin.py:188} INFO - [2025-01-07T00:23:59.599+0000] {dag.py:3036} INFO - Sync 1 DAGs
[2025-01-07T00:23:59.628+0000] {logging_mixin.py:188} INFO - [2025-01-07T00:23:59.627+0000] {dag.py:3823} INFO - Setting next_dagrun for example_weekday_branch_operator to 2025-01-06 00:00:00+00:00, run_after=2025-01-07 00:00:00+00:00
[2025-01-07T00:23:59.654+0000] {processor.py:183} INFO - Processing /home/airflow/.local/lib/python3.8/site-packages/airflow/example_dags/example_branch_day_of_week_operator.py took 0.098 seconds
[2025-01-07T00:24:30.096+0000] {processor.py:161} INFO - Started process (PID=8682) to work on /home/airflow/.local/lib/python3.8/site-packages/airflow/example_dags/example_branch_day_of_week_operator.py
[2025-01-07T00:24:30.097+0000] {processor.py:830} INFO - Processing file /home/airflow/.local/lib/python3.8/site-packages/airflow/example_dags/example_branch_day_of_week_operator.py for tasks to queue
[2025-01-07T00:24:30.100+0000] {logging_mixin.py:188} INFO - [2025-01-07T00:24:30.099+0000] {dagbag.py:538} INFO - Filling up the DagBag from /home/airflow/.local/lib/python3.8/site-packages/airflow/example_dags/example_branch_day_of_week_operator.py
[2025-01-07T00:24:30.112+0000] {processor.py:840} INFO - DAG(s) 'example_weekday_branch_operator' retrieved from /home/airflow/.local/lib/python3.8/site-packages/airflow/example_dags/example_branch_day_of_week_operator.py
[2025-01-07T00:24:30.142+0000] {logging_mixin.py:188} INFO - [2025-01-07T00:24:30.142+0000] {dag.py:3036} INFO - Sync 1 DAGs
[2025-01-07T00:24:30.172+0000] {logging_mixin.py:188} INFO - [2025-01-07T00:24:30.171+0000] {dag.py:3823} INFO - Setting next_dagrun for example_weekday_branch_operator to 2025-01-06 00:00:00+00:00, run_after=2025-01-07 00:00:00+00:00
[2025-01-07T00:24:30.200+0000] {processor.py:183} INFO - Processing /home/airflow/.local/lib/python3.8/site-packages/airflow/example_dags/example_branch_day_of_week_operator.py took 0.109 seconds
[2025-01-07T00:25:00.573+0000] {processor.py:161} INFO - Started process (PID=8739) to work on /home/airflow/.local/lib/python3.8/site-packages/airflow/example_dags/example_branch_day_of_week_operator.py
[2025-01-07T00:25:00.575+0000] {processor.py:830} INFO - Processing file /home/airflow/.local/lib/python3.8/site-packages/airflow/example_dags/example_branch_day_of_week_operator.py for tasks to queue
[2025-01-07T00:25:00.578+0000] {logging_mixin.py:188} INFO - [2025-01-07T00:25:00.577+0000] {dagbag.py:538} INFO - Filling up the DagBag from /home/airflow/.local/lib/python3.8/site-packages/airflow/example_dags/example_branch_day_of_week_operator.py
[2025-01-07T00:25:00.594+0000] {processor.py:840} INFO - DAG(s) 'example_weekday_branch_operator' retrieved from /home/airflow/.local/lib/python3.8/site-packages/airflow/example_dags/example_branch_day_of_week_operator.py
[2025-01-07T00:25:00.632+0000] {logging_mixin.py:188} INFO - [2025-01-07T00:25:00.632+0000] {dag.py:3036} INFO - Sync 1 DAGs
[2025-01-07T00:25:00.677+0000] {logging_mixin.py:188} INFO - [2025-01-07T00:25:00.676+0000] {dag.py:3823} INFO - Setting next_dagrun for example_weekday_branch_operator to 2025-01-06 00:00:00+00:00, run_after=2025-01-07 00:00:00+00:00
[2025-01-07T00:25:00.713+0000] {processor.py:183} INFO - Processing /home/airflow/.local/lib/python3.8/site-packages/airflow/example_dags/example_branch_day_of_week_operator.py took 0.145 seconds
