[2025-01-07T00:00:10.015+0000] {processor.py:161} INFO - Started process (PID=5951) to work on /home/airflow/.local/lib/python3.8/site-packages/airflow/example_dags/example_local_kubernetes_executor.py
[2025-01-07T00:00:10.029+0000] {processor.py:830} INFO - Processing file /home/airflow/.local/lib/python3.8/site-packages/airflow/example_dags/example_local_kubernetes_executor.py for tasks to queue
[2025-01-07T00:00:10.081+0000] {logging_mixin.py:188} INFO - [2025-01-07T00:00:10.081+0000] {dagbag.py:538} INFO - Filling up the DagBag from /home/airflow/.local/lib/python3.8/site-packages/airflow/example_dags/example_local_kubernetes_executor.py
[2025-01-07T00:00:10.169+0000] {processor.py:840} INFO - DAG(s) 'example_local_kubernetes_executor' retrieved from /home/airflow/.local/lib/python3.8/site-packages/airflow/example_dags/example_local_kubernetes_executor.py
[2025-01-07T00:00:10.389+0000] {logging_mixin.py:188} INFO - [2025-01-07T00:00:10.388+0000] {dag.py:3036} INFO - Sync 1 DAGs
[2025-01-07T00:00:10.445+0000] {logging_mixin.py:188} INFO - [2025-01-07T00:00:10.444+0000] {dag.py:3823} INFO - Setting next_dagrun for example_local_kubernetes_executor to None, run_after=None
[2025-01-07T00:00:10.567+0000] {processor.py:183} INFO - Processing /home/airflow/.local/lib/python3.8/site-packages/airflow/example_dags/example_local_kubernetes_executor.py took 0.573 seconds
[2025-01-07T00:00:40.691+0000] {processor.py:161} INFO - Started process (PID=6013) to work on /home/airflow/.local/lib/python3.8/site-packages/airflow/example_dags/example_local_kubernetes_executor.py
[2025-01-07T00:00:40.692+0000] {processor.py:830} INFO - Processing file /home/airflow/.local/lib/python3.8/site-packages/airflow/example_dags/example_local_kubernetes_executor.py for tasks to queue
[2025-01-07T00:00:40.694+0000] {logging_mixin.py:188} INFO - [2025-01-07T00:00:40.694+0000] {dagbag.py:538} INFO - Filling up the DagBag from /home/airflow/.local/lib/python3.8/site-packages/airflow/example_dags/example_local_kubernetes_executor.py
[2025-01-07T00:00:40.705+0000] {processor.py:840} INFO - DAG(s) 'example_local_kubernetes_executor' retrieved from /home/airflow/.local/lib/python3.8/site-packages/airflow/example_dags/example_local_kubernetes_executor.py
[2025-01-07T00:00:40.758+0000] {logging_mixin.py:188} INFO - [2025-01-07T00:00:40.758+0000] {dag.py:3036} INFO - Sync 1 DAGs
[2025-01-07T00:00:40.777+0000] {logging_mixin.py:188} INFO - [2025-01-07T00:00:40.777+0000] {dag.py:3823} INFO - Setting next_dagrun for example_local_kubernetes_executor to None, run_after=None
[2025-01-07T00:00:40.806+0000] {processor.py:183} INFO - Processing /home/airflow/.local/lib/python3.8/site-packages/airflow/example_dags/example_local_kubernetes_executor.py took 0.119 seconds
[2025-01-07T00:01:10.994+0000] {processor.py:161} INFO - Started process (PID=6071) to work on /home/airflow/.local/lib/python3.8/site-packages/airflow/example_dags/example_local_kubernetes_executor.py
[2025-01-07T00:01:10.995+0000] {processor.py:830} INFO - Processing file /home/airflow/.local/lib/python3.8/site-packages/airflow/example_dags/example_local_kubernetes_executor.py for tasks to queue
[2025-01-07T00:01:10.998+0000] {logging_mixin.py:188} INFO - [2025-01-07T00:01:10.998+0000] {dagbag.py:538} INFO - Filling up the DagBag from /home/airflow/.local/lib/python3.8/site-packages/airflow/example_dags/example_local_kubernetes_executor.py
[2025-01-07T00:01:11.010+0000] {processor.py:840} INFO - DAG(s) 'example_local_kubernetes_executor' retrieved from /home/airflow/.local/lib/python3.8/site-packages/airflow/example_dags/example_local_kubernetes_executor.py
[2025-01-07T00:01:11.081+0000] {logging_mixin.py:188} INFO - [2025-01-07T00:01:11.080+0000] {dag.py:3036} INFO - Sync 1 DAGs
[2025-01-07T00:01:11.102+0000] {logging_mixin.py:188} INFO - [2025-01-07T00:01:11.102+0000] {dag.py:3823} INFO - Setting next_dagrun for example_local_kubernetes_executor to None, run_after=None
[2025-01-07T00:01:11.143+0000] {processor.py:183} INFO - Processing /home/airflow/.local/lib/python3.8/site-packages/airflow/example_dags/example_local_kubernetes_executor.py took 0.154 seconds
[2025-01-07T00:01:41.268+0000] {processor.py:161} INFO - Started process (PID=6128) to work on /home/airflow/.local/lib/python3.8/site-packages/airflow/example_dags/example_local_kubernetes_executor.py
[2025-01-07T00:01:41.269+0000] {processor.py:830} INFO - Processing file /home/airflow/.local/lib/python3.8/site-packages/airflow/example_dags/example_local_kubernetes_executor.py for tasks to queue
[2025-01-07T00:01:41.272+0000] {logging_mixin.py:188} INFO - [2025-01-07T00:01:41.271+0000] {dagbag.py:538} INFO - Filling up the DagBag from /home/airflow/.local/lib/python3.8/site-packages/airflow/example_dags/example_local_kubernetes_executor.py
[2025-01-07T00:01:41.283+0000] {processor.py:840} INFO - DAG(s) 'example_local_kubernetes_executor' retrieved from /home/airflow/.local/lib/python3.8/site-packages/airflow/example_dags/example_local_kubernetes_executor.py
[2025-01-07T00:01:41.345+0000] {logging_mixin.py:188} INFO - [2025-01-07T00:01:41.345+0000] {dag.py:3036} INFO - Sync 1 DAGs
[2025-01-07T00:01:41.373+0000] {logging_mixin.py:188} INFO - [2025-01-07T00:01:41.372+0000] {dag.py:3823} INFO - Setting next_dagrun for example_local_kubernetes_executor to None, run_after=None
[2025-01-07T00:01:41.435+0000] {processor.py:183} INFO - Processing /home/airflow/.local/lib/python3.8/site-packages/airflow/example_dags/example_local_kubernetes_executor.py took 0.170 seconds
[2025-01-07T00:02:13.441+0000] {processor.py:161} INFO - Started process (PID=6185) to work on /home/airflow/.local/lib/python3.8/site-packages/airflow/example_dags/example_local_kubernetes_executor.py
[2025-01-07T00:02:13.446+0000] {processor.py:830} INFO - Processing file /home/airflow/.local/lib/python3.8/site-packages/airflow/example_dags/example_local_kubernetes_executor.py for tasks to queue
[2025-01-07T00:02:13.451+0000] {logging_mixin.py:188} INFO - [2025-01-07T00:02:13.450+0000] {dagbag.py:538} INFO - Filling up the DagBag from /home/airflow/.local/lib/python3.8/site-packages/airflow/example_dags/example_local_kubernetes_executor.py
[2025-01-07T00:02:13.490+0000] {processor.py:840} INFO - DAG(s) 'example_local_kubernetes_executor' retrieved from /home/airflow/.local/lib/python3.8/site-packages/airflow/example_dags/example_local_kubernetes_executor.py
[2025-01-07T00:02:13.643+0000] {logging_mixin.py:188} INFO - [2025-01-07T00:02:13.642+0000] {dag.py:3036} INFO - Sync 1 DAGs
[2025-01-07T00:02:13.803+0000] {logging_mixin.py:188} INFO - [2025-01-07T00:02:13.802+0000] {dag.py:3823} INFO - Setting next_dagrun for example_local_kubernetes_executor to None, run_after=None
[2025-01-07T00:02:13.985+0000] {processor.py:183} INFO - Processing /home/airflow/.local/lib/python3.8/site-packages/airflow/example_dags/example_local_kubernetes_executor.py took 0.568 seconds
[2025-01-07T00:02:46.190+0000] {processor.py:161} INFO - Started process (PID=6247) to work on /home/airflow/.local/lib/python3.8/site-packages/airflow/example_dags/example_local_kubernetes_executor.py
[2025-01-07T00:02:46.206+0000] {processor.py:830} INFO - Processing file /home/airflow/.local/lib/python3.8/site-packages/airflow/example_dags/example_local_kubernetes_executor.py for tasks to queue
[2025-01-07T00:02:46.215+0000] {logging_mixin.py:188} INFO - [2025-01-07T00:02:46.215+0000] {dagbag.py:538} INFO - Filling up the DagBag from /home/airflow/.local/lib/python3.8/site-packages/airflow/example_dags/example_local_kubernetes_executor.py
[2025-01-07T00:02:46.250+0000] {processor.py:840} INFO - DAG(s) 'example_local_kubernetes_executor' retrieved from /home/airflow/.local/lib/python3.8/site-packages/airflow/example_dags/example_local_kubernetes_executor.py
[2025-01-07T00:02:46.397+0000] {logging_mixin.py:188} INFO - [2025-01-07T00:02:46.397+0000] {dag.py:3036} INFO - Sync 1 DAGs
[2025-01-07T00:02:46.450+0000] {logging_mixin.py:188} INFO - [2025-01-07T00:02:46.450+0000] {dag.py:3823} INFO - Setting next_dagrun for example_local_kubernetes_executor to None, run_after=None
[2025-01-07T00:02:46.517+0000] {processor.py:183} INFO - Processing /home/airflow/.local/lib/python3.8/site-packages/airflow/example_dags/example_local_kubernetes_executor.py took 0.342 seconds
[2025-01-07T00:03:17.223+0000] {processor.py:161} INFO - Started process (PID=6304) to work on /home/airflow/.local/lib/python3.8/site-packages/airflow/example_dags/example_local_kubernetes_executor.py
[2025-01-07T00:03:17.225+0000] {processor.py:830} INFO - Processing file /home/airflow/.local/lib/python3.8/site-packages/airflow/example_dags/example_local_kubernetes_executor.py for tasks to queue
[2025-01-07T00:03:17.228+0000] {logging_mixin.py:188} INFO - [2025-01-07T00:03:17.228+0000] {dagbag.py:538} INFO - Filling up the DagBag from /home/airflow/.local/lib/python3.8/site-packages/airflow/example_dags/example_local_kubernetes_executor.py
[2025-01-07T00:03:17.241+0000] {processor.py:840} INFO - DAG(s) 'example_local_kubernetes_executor' retrieved from /home/airflow/.local/lib/python3.8/site-packages/airflow/example_dags/example_local_kubernetes_executor.py
[2025-01-07T00:03:17.300+0000] {logging_mixin.py:188} INFO - [2025-01-07T00:03:17.300+0000] {dag.py:3036} INFO - Sync 1 DAGs
[2025-01-07T00:03:17.323+0000] {logging_mixin.py:188} INFO - [2025-01-07T00:03:17.323+0000] {dag.py:3823} INFO - Setting next_dagrun for example_local_kubernetes_executor to None, run_after=None
[2025-01-07T00:03:17.418+0000] {processor.py:183} INFO - Processing /home/airflow/.local/lib/python3.8/site-packages/airflow/example_dags/example_local_kubernetes_executor.py took 0.205 seconds
[2025-01-07T00:03:47.465+0000] {processor.py:161} INFO - Started process (PID=6359) to work on /home/airflow/.local/lib/python3.8/site-packages/airflow/example_dags/example_local_kubernetes_executor.py
[2025-01-07T00:03:47.467+0000] {processor.py:830} INFO - Processing file /home/airflow/.local/lib/python3.8/site-packages/airflow/example_dags/example_local_kubernetes_executor.py for tasks to queue
[2025-01-07T00:03:47.470+0000] {logging_mixin.py:188} INFO - [2025-01-07T00:03:47.470+0000] {dagbag.py:538} INFO - Filling up the DagBag from /home/airflow/.local/lib/python3.8/site-packages/airflow/example_dags/example_local_kubernetes_executor.py
[2025-01-07T00:03:47.479+0000] {processor.py:840} INFO - DAG(s) 'example_local_kubernetes_executor' retrieved from /home/airflow/.local/lib/python3.8/site-packages/airflow/example_dags/example_local_kubernetes_executor.py
[2025-01-07T00:03:47.527+0000] {logging_mixin.py:188} INFO - [2025-01-07T00:03:47.527+0000] {dag.py:3036} INFO - Sync 1 DAGs
[2025-01-07T00:03:47.544+0000] {logging_mixin.py:188} INFO - [2025-01-07T00:03:47.544+0000] {dag.py:3823} INFO - Setting next_dagrun for example_local_kubernetes_executor to None, run_after=None
[2025-01-07T00:03:47.573+0000] {processor.py:183} INFO - Processing /home/airflow/.local/lib/python3.8/site-packages/airflow/example_dags/example_local_kubernetes_executor.py took 0.112 seconds
[2025-01-07T00:04:17.734+0000] {processor.py:161} INFO - Started process (PID=6417) to work on /home/airflow/.local/lib/python3.8/site-packages/airflow/example_dags/example_local_kubernetes_executor.py
[2025-01-07T00:04:17.736+0000] {processor.py:830} INFO - Processing file /home/airflow/.local/lib/python3.8/site-packages/airflow/example_dags/example_local_kubernetes_executor.py for tasks to queue
[2025-01-07T00:04:17.739+0000] {logging_mixin.py:188} INFO - [2025-01-07T00:04:17.739+0000] {dagbag.py:538} INFO - Filling up the DagBag from /home/airflow/.local/lib/python3.8/site-packages/airflow/example_dags/example_local_kubernetes_executor.py
[2025-01-07T00:04:17.758+0000] {processor.py:840} INFO - DAG(s) 'example_local_kubernetes_executor' retrieved from /home/airflow/.local/lib/python3.8/site-packages/airflow/example_dags/example_local_kubernetes_executor.py
[2025-01-07T00:04:17.833+0000] {logging_mixin.py:188} INFO - [2025-01-07T00:04:17.833+0000] {dag.py:3036} INFO - Sync 1 DAGs
[2025-01-07T00:04:17.852+0000] {logging_mixin.py:188} INFO - [2025-01-07T00:04:17.851+0000] {dag.py:3823} INFO - Setting next_dagrun for example_local_kubernetes_executor to None, run_after=None
[2025-01-07T00:04:17.877+0000] {processor.py:183} INFO - Processing /home/airflow/.local/lib/python3.8/site-packages/airflow/example_dags/example_local_kubernetes_executor.py took 0.147 seconds
[2025-01-07T00:04:48.001+0000] {processor.py:161} INFO - Started process (PID=6474) to work on /home/airflow/.local/lib/python3.8/site-packages/airflow/example_dags/example_local_kubernetes_executor.py
[2025-01-07T00:04:48.002+0000] {processor.py:830} INFO - Processing file /home/airflow/.local/lib/python3.8/site-packages/airflow/example_dags/example_local_kubernetes_executor.py for tasks to queue
[2025-01-07T00:04:48.004+0000] {logging_mixin.py:188} INFO - [2025-01-07T00:04:48.004+0000] {dagbag.py:538} INFO - Filling up the DagBag from /home/airflow/.local/lib/python3.8/site-packages/airflow/example_dags/example_local_kubernetes_executor.py
[2025-01-07T00:04:48.016+0000] {processor.py:840} INFO - DAG(s) 'example_local_kubernetes_executor' retrieved from /home/airflow/.local/lib/python3.8/site-packages/airflow/example_dags/example_local_kubernetes_executor.py
[2025-01-07T00:04:48.065+0000] {logging_mixin.py:188} INFO - [2025-01-07T00:04:48.065+0000] {dag.py:3036} INFO - Sync 1 DAGs
[2025-01-07T00:04:48.082+0000] {logging_mixin.py:188} INFO - [2025-01-07T00:04:48.082+0000] {dag.py:3823} INFO - Setting next_dagrun for example_local_kubernetes_executor to None, run_after=None
[2025-01-07T00:04:48.108+0000] {processor.py:183} INFO - Processing /home/airflow/.local/lib/python3.8/site-packages/airflow/example_dags/example_local_kubernetes_executor.py took 0.110 seconds
[2025-01-07T00:05:18.210+0000] {processor.py:161} INFO - Started process (PID=6531) to work on /home/airflow/.local/lib/python3.8/site-packages/airflow/example_dags/example_local_kubernetes_executor.py
[2025-01-07T00:05:18.212+0000] {processor.py:830} INFO - Processing file /home/airflow/.local/lib/python3.8/site-packages/airflow/example_dags/example_local_kubernetes_executor.py for tasks to queue
[2025-01-07T00:05:18.214+0000] {logging_mixin.py:188} INFO - [2025-01-07T00:05:18.214+0000] {dagbag.py:538} INFO - Filling up the DagBag from /home/airflow/.local/lib/python3.8/site-packages/airflow/example_dags/example_local_kubernetes_executor.py
[2025-01-07T00:05:18.226+0000] {processor.py:840} INFO - DAG(s) 'example_local_kubernetes_executor' retrieved from /home/airflow/.local/lib/python3.8/site-packages/airflow/example_dags/example_local_kubernetes_executor.py
[2025-01-07T00:05:18.299+0000] {logging_mixin.py:188} INFO - [2025-01-07T00:05:18.299+0000] {dag.py:3036} INFO - Sync 1 DAGs
[2025-01-07T00:05:18.318+0000] {logging_mixin.py:188} INFO - [2025-01-07T00:05:18.318+0000] {dag.py:3823} INFO - Setting next_dagrun for example_local_kubernetes_executor to None, run_after=None
[2025-01-07T00:05:18.346+0000] {processor.py:183} INFO - Processing /home/airflow/.local/lib/python3.8/site-packages/airflow/example_dags/example_local_kubernetes_executor.py took 0.143 seconds
[2025-01-07T00:05:49.327+0000] {processor.py:161} INFO - Started process (PID=6588) to work on /home/airflow/.local/lib/python3.8/site-packages/airflow/example_dags/example_local_kubernetes_executor.py
[2025-01-07T00:05:49.328+0000] {processor.py:830} INFO - Processing file /home/airflow/.local/lib/python3.8/site-packages/airflow/example_dags/example_local_kubernetes_executor.py for tasks to queue
[2025-01-07T00:05:49.341+0000] {logging_mixin.py:188} INFO - [2025-01-07T00:05:49.340+0000] {dagbag.py:538} INFO - Filling up the DagBag from /home/airflow/.local/lib/python3.8/site-packages/airflow/example_dags/example_local_kubernetes_executor.py
[2025-01-07T00:05:49.366+0000] {processor.py:840} INFO - DAG(s) 'example_local_kubernetes_executor' retrieved from /home/airflow/.local/lib/python3.8/site-packages/airflow/example_dags/example_local_kubernetes_executor.py
[2025-01-07T00:05:49.508+0000] {logging_mixin.py:188} INFO - [2025-01-07T00:05:49.508+0000] {dag.py:3036} INFO - Sync 1 DAGs
[2025-01-07T00:05:49.552+0000] {logging_mixin.py:188} INFO - [2025-01-07T00:05:49.552+0000] {dag.py:3823} INFO - Setting next_dagrun for example_local_kubernetes_executor to None, run_after=None
[2025-01-07T00:05:49.596+0000] {processor.py:183} INFO - Processing /home/airflow/.local/lib/python3.8/site-packages/airflow/example_dags/example_local_kubernetes_executor.py took 0.276 seconds
[2025-01-07T00:06:19.752+0000] {processor.py:161} INFO - Started process (PID=6644) to work on /home/airflow/.local/lib/python3.8/site-packages/airflow/example_dags/example_local_kubernetes_executor.py
[2025-01-07T00:06:19.754+0000] {processor.py:830} INFO - Processing file /home/airflow/.local/lib/python3.8/site-packages/airflow/example_dags/example_local_kubernetes_executor.py for tasks to queue
[2025-01-07T00:06:19.756+0000] {logging_mixin.py:188} INFO - [2025-01-07T00:06:19.756+0000] {dagbag.py:538} INFO - Filling up the DagBag from /home/airflow/.local/lib/python3.8/site-packages/airflow/example_dags/example_local_kubernetes_executor.py
[2025-01-07T00:06:19.767+0000] {processor.py:840} INFO - DAG(s) 'example_local_kubernetes_executor' retrieved from /home/airflow/.local/lib/python3.8/site-packages/airflow/example_dags/example_local_kubernetes_executor.py
[2025-01-07T00:06:19.830+0000] {logging_mixin.py:188} INFO - [2025-01-07T00:06:19.829+0000] {dag.py:3036} INFO - Sync 1 DAGs
[2025-01-07T00:06:19.857+0000] {logging_mixin.py:188} INFO - [2025-01-07T00:06:19.856+0000] {dag.py:3823} INFO - Setting next_dagrun for example_local_kubernetes_executor to None, run_after=None
[2025-01-07T00:06:19.898+0000] {processor.py:183} INFO - Processing /home/airflow/.local/lib/python3.8/site-packages/airflow/example_dags/example_local_kubernetes_executor.py took 0.151 seconds
[2025-01-07T00:06:52.940+0000] {processor.py:161} INFO - Started process (PID=6711) to work on /home/airflow/.local/lib/python3.8/site-packages/airflow/example_dags/example_local_kubernetes_executor.py
[2025-01-07T00:06:52.948+0000] {processor.py:830} INFO - Processing file /home/airflow/.local/lib/python3.8/site-packages/airflow/example_dags/example_local_kubernetes_executor.py for tasks to queue
[2025-01-07T00:06:52.951+0000] {logging_mixin.py:188} INFO - [2025-01-07T00:06:52.950+0000] {dagbag.py:538} INFO - Filling up the DagBag from /home/airflow/.local/lib/python3.8/site-packages/airflow/example_dags/example_local_kubernetes_executor.py
[2025-01-07T00:06:52.984+0000] {processor.py:840} INFO - DAG(s) 'example_local_kubernetes_executor' retrieved from /home/airflow/.local/lib/python3.8/site-packages/airflow/example_dags/example_local_kubernetes_executor.py
[2025-01-07T00:06:53.112+0000] {logging_mixin.py:188} INFO - [2025-01-07T00:06:53.112+0000] {dag.py:3036} INFO - Sync 1 DAGs
[2025-01-07T00:06:53.172+0000] {logging_mixin.py:188} INFO - [2025-01-07T00:06:53.171+0000] {dag.py:3823} INFO - Setting next_dagrun for example_local_kubernetes_executor to None, run_after=None
[2025-01-07T00:06:53.257+0000] {processor.py:183} INFO - Processing /home/airflow/.local/lib/python3.8/site-packages/airflow/example_dags/example_local_kubernetes_executor.py took 0.329 seconds
[2025-01-07T00:07:23.959+0000] {processor.py:161} INFO - Started process (PID=6768) to work on /home/airflow/.local/lib/python3.8/site-packages/airflow/example_dags/example_local_kubernetes_executor.py
[2025-01-07T00:07:23.960+0000] {processor.py:830} INFO - Processing file /home/airflow/.local/lib/python3.8/site-packages/airflow/example_dags/example_local_kubernetes_executor.py for tasks to queue
[2025-01-07T00:07:23.963+0000] {logging_mixin.py:188} INFO - [2025-01-07T00:07:23.963+0000] {dagbag.py:538} INFO - Filling up the DagBag from /home/airflow/.local/lib/python3.8/site-packages/airflow/example_dags/example_local_kubernetes_executor.py
[2025-01-07T00:07:23.982+0000] {processor.py:840} INFO - DAG(s) 'example_local_kubernetes_executor' retrieved from /home/airflow/.local/lib/python3.8/site-packages/airflow/example_dags/example_local_kubernetes_executor.py
[2025-01-07T00:07:24.059+0000] {logging_mixin.py:188} INFO - [2025-01-07T00:07:24.059+0000] {dag.py:3036} INFO - Sync 1 DAGs
[2025-01-07T00:07:24.088+0000] {logging_mixin.py:188} INFO - [2025-01-07T00:07:24.088+0000] {dag.py:3823} INFO - Setting next_dagrun for example_local_kubernetes_executor to None, run_after=None
[2025-01-07T00:07:24.123+0000] {processor.py:183} INFO - Processing /home/airflow/.local/lib/python3.8/site-packages/airflow/example_dags/example_local_kubernetes_executor.py took 0.169 seconds
[2025-01-07T00:07:54.281+0000] {processor.py:161} INFO - Started process (PID=6825) to work on /home/airflow/.local/lib/python3.8/site-packages/airflow/example_dags/example_local_kubernetes_executor.py
[2025-01-07T00:07:54.283+0000] {processor.py:830} INFO - Processing file /home/airflow/.local/lib/python3.8/site-packages/airflow/example_dags/example_local_kubernetes_executor.py for tasks to queue
[2025-01-07T00:07:54.286+0000] {logging_mixin.py:188} INFO - [2025-01-07T00:07:54.285+0000] {dagbag.py:538} INFO - Filling up the DagBag from /home/airflow/.local/lib/python3.8/site-packages/airflow/example_dags/example_local_kubernetes_executor.py
[2025-01-07T00:07:54.298+0000] {processor.py:840} INFO - DAG(s) 'example_local_kubernetes_executor' retrieved from /home/airflow/.local/lib/python3.8/site-packages/airflow/example_dags/example_local_kubernetes_executor.py
[2025-01-07T00:07:54.350+0000] {logging_mixin.py:188} INFO - [2025-01-07T00:07:54.350+0000] {dag.py:3036} INFO - Sync 1 DAGs
[2025-01-07T00:07:54.369+0000] {logging_mixin.py:188} INFO - [2025-01-07T00:07:54.368+0000] {dag.py:3823} INFO - Setting next_dagrun for example_local_kubernetes_executor to None, run_after=None
[2025-01-07T00:07:54.399+0000] {processor.py:183} INFO - Processing /home/airflow/.local/lib/python3.8/site-packages/airflow/example_dags/example_local_kubernetes_executor.py took 0.124 seconds
[2025-01-07T00:08:25.252+0000] {processor.py:161} INFO - Started process (PID=6883) to work on /home/airflow/.local/lib/python3.8/site-packages/airflow/example_dags/example_local_kubernetes_executor.py
[2025-01-07T00:08:25.265+0000] {processor.py:830} INFO - Processing file /home/airflow/.local/lib/python3.8/site-packages/airflow/example_dags/example_local_kubernetes_executor.py for tasks to queue
[2025-01-07T00:08:25.281+0000] {logging_mixin.py:188} INFO - [2025-01-07T00:08:25.280+0000] {dagbag.py:538} INFO - Filling up the DagBag from /home/airflow/.local/lib/python3.8/site-packages/airflow/example_dags/example_local_kubernetes_executor.py
[2025-01-07T00:08:25.336+0000] {processor.py:840} INFO - DAG(s) 'example_local_kubernetes_executor' retrieved from /home/airflow/.local/lib/python3.8/site-packages/airflow/example_dags/example_local_kubernetes_executor.py
[2025-01-07T00:08:25.629+0000] {logging_mixin.py:188} INFO - [2025-01-07T00:08:25.628+0000] {dag.py:3036} INFO - Sync 1 DAGs
[2025-01-07T00:08:25.729+0000] {logging_mixin.py:188} INFO - [2025-01-07T00:08:25.729+0000] {dag.py:3823} INFO - Setting next_dagrun for example_local_kubernetes_executor to None, run_after=None
[2025-01-07T00:08:25.812+0000] {processor.py:183} INFO - Processing /home/airflow/.local/lib/python3.8/site-packages/airflow/example_dags/example_local_kubernetes_executor.py took 0.611 seconds
[2025-01-07T00:08:56.201+0000] {processor.py:161} INFO - Started process (PID=6950) to work on /home/airflow/.local/lib/python3.8/site-packages/airflow/example_dags/example_local_kubernetes_executor.py
[2025-01-07T00:08:56.208+0000] {processor.py:830} INFO - Processing file /home/airflow/.local/lib/python3.8/site-packages/airflow/example_dags/example_local_kubernetes_executor.py for tasks to queue
[2025-01-07T00:08:56.234+0000] {logging_mixin.py:188} INFO - [2025-01-07T00:08:56.231+0000] {dagbag.py:538} INFO - Filling up the DagBag from /home/airflow/.local/lib/python3.8/site-packages/airflow/example_dags/example_local_kubernetes_executor.py
[2025-01-07T00:08:56.260+0000] {processor.py:840} INFO - DAG(s) 'example_local_kubernetes_executor' retrieved from /home/airflow/.local/lib/python3.8/site-packages/airflow/example_dags/example_local_kubernetes_executor.py
[2025-01-07T00:08:56.388+0000] {logging_mixin.py:188} INFO - [2025-01-07T00:08:56.387+0000] {dag.py:3036} INFO - Sync 1 DAGs
[2025-01-07T00:08:56.443+0000] {logging_mixin.py:188} INFO - [2025-01-07T00:08:56.442+0000] {dag.py:3823} INFO - Setting next_dagrun for example_local_kubernetes_executor to None, run_after=None
[2025-01-07T00:08:56.553+0000] {processor.py:183} INFO - Processing /home/airflow/.local/lib/python3.8/site-packages/airflow/example_dags/example_local_kubernetes_executor.py took 0.368 seconds
[2025-01-07T00:09:27.372+0000] {processor.py:161} INFO - Started process (PID=7007) to work on /home/airflow/.local/lib/python3.8/site-packages/airflow/example_dags/example_local_kubernetes_executor.py
[2025-01-07T00:09:27.377+0000] {processor.py:830} INFO - Processing file /home/airflow/.local/lib/python3.8/site-packages/airflow/example_dags/example_local_kubernetes_executor.py for tasks to queue
[2025-01-07T00:09:27.380+0000] {logging_mixin.py:188} INFO - [2025-01-07T00:09:27.380+0000] {dagbag.py:538} INFO - Filling up the DagBag from /home/airflow/.local/lib/python3.8/site-packages/airflow/example_dags/example_local_kubernetes_executor.py
[2025-01-07T00:09:27.408+0000] {processor.py:840} INFO - DAG(s) 'example_local_kubernetes_executor' retrieved from /home/airflow/.local/lib/python3.8/site-packages/airflow/example_dags/example_local_kubernetes_executor.py
[2025-01-07T00:09:27.514+0000] {logging_mixin.py:188} INFO - [2025-01-07T00:09:27.513+0000] {dag.py:3036} INFO - Sync 1 DAGs
[2025-01-07T00:09:27.558+0000] {logging_mixin.py:188} INFO - [2025-01-07T00:09:27.558+0000] {dag.py:3823} INFO - Setting next_dagrun for example_local_kubernetes_executor to None, run_after=None
[2025-01-07T00:09:27.622+0000] {processor.py:183} INFO - Processing /home/airflow/.local/lib/python3.8/site-packages/airflow/example_dags/example_local_kubernetes_executor.py took 0.257 seconds
[2025-01-07T00:09:57.690+0000] {processor.py:161} INFO - Started process (PID=7065) to work on /home/airflow/.local/lib/python3.8/site-packages/airflow/example_dags/example_local_kubernetes_executor.py
[2025-01-07T00:09:57.692+0000] {processor.py:830} INFO - Processing file /home/airflow/.local/lib/python3.8/site-packages/airflow/example_dags/example_local_kubernetes_executor.py for tasks to queue
[2025-01-07T00:09:57.695+0000] {logging_mixin.py:188} INFO - [2025-01-07T00:09:57.694+0000] {dagbag.py:538} INFO - Filling up the DagBag from /home/airflow/.local/lib/python3.8/site-packages/airflow/example_dags/example_local_kubernetes_executor.py
[2025-01-07T00:09:57.706+0000] {processor.py:840} INFO - DAG(s) 'example_local_kubernetes_executor' retrieved from /home/airflow/.local/lib/python3.8/site-packages/airflow/example_dags/example_local_kubernetes_executor.py
[2025-01-07T00:09:57.771+0000] {logging_mixin.py:188} INFO - [2025-01-07T00:09:57.771+0000] {dag.py:3036} INFO - Sync 1 DAGs
[2025-01-07T00:09:57.796+0000] {logging_mixin.py:188} INFO - [2025-01-07T00:09:57.795+0000] {dag.py:3823} INFO - Setting next_dagrun for example_local_kubernetes_executor to None, run_after=None
[2025-01-07T00:09:57.839+0000] {processor.py:183} INFO - Processing /home/airflow/.local/lib/python3.8/site-packages/airflow/example_dags/example_local_kubernetes_executor.py took 0.156 seconds
[2025-01-07T00:10:28.194+0000] {processor.py:161} INFO - Started process (PID=7122) to work on /home/airflow/.local/lib/python3.8/site-packages/airflow/example_dags/example_local_kubernetes_executor.py
[2025-01-07T00:10:28.195+0000] {processor.py:830} INFO - Processing file /home/airflow/.local/lib/python3.8/site-packages/airflow/example_dags/example_local_kubernetes_executor.py for tasks to queue
[2025-01-07T00:10:28.199+0000] {logging_mixin.py:188} INFO - [2025-01-07T00:10:28.198+0000] {dagbag.py:538} INFO - Filling up the DagBag from /home/airflow/.local/lib/python3.8/site-packages/airflow/example_dags/example_local_kubernetes_executor.py
[2025-01-07T00:10:28.211+0000] {processor.py:840} INFO - DAG(s) 'example_local_kubernetes_executor' retrieved from /home/airflow/.local/lib/python3.8/site-packages/airflow/example_dags/example_local_kubernetes_executor.py
[2025-01-07T00:10:28.263+0000] {logging_mixin.py:188} INFO - [2025-01-07T00:10:28.263+0000] {dag.py:3036} INFO - Sync 1 DAGs
[2025-01-07T00:10:28.280+0000] {logging_mixin.py:188} INFO - [2025-01-07T00:10:28.280+0000] {dag.py:3823} INFO - Setting next_dagrun for example_local_kubernetes_executor to None, run_after=None
[2025-01-07T00:10:28.307+0000] {processor.py:183} INFO - Processing /home/airflow/.local/lib/python3.8/site-packages/airflow/example_dags/example_local_kubernetes_executor.py took 0.119 seconds
[2025-01-07T00:10:59.254+0000] {processor.py:161} INFO - Started process (PID=7179) to work on /home/airflow/.local/lib/python3.8/site-packages/airflow/example_dags/example_local_kubernetes_executor.py
[2025-01-07T00:10:59.256+0000] {processor.py:830} INFO - Processing file /home/airflow/.local/lib/python3.8/site-packages/airflow/example_dags/example_local_kubernetes_executor.py for tasks to queue
[2025-01-07T00:10:59.259+0000] {logging_mixin.py:188} INFO - [2025-01-07T00:10:59.259+0000] {dagbag.py:538} INFO - Filling up the DagBag from /home/airflow/.local/lib/python3.8/site-packages/airflow/example_dags/example_local_kubernetes_executor.py
[2025-01-07T00:10:59.270+0000] {processor.py:840} INFO - DAG(s) 'example_local_kubernetes_executor' retrieved from /home/airflow/.local/lib/python3.8/site-packages/airflow/example_dags/example_local_kubernetes_executor.py
[2025-01-07T00:10:59.330+0000] {logging_mixin.py:188} INFO - [2025-01-07T00:10:59.330+0000] {dag.py:3036} INFO - Sync 1 DAGs
[2025-01-07T00:10:59.363+0000] {logging_mixin.py:188} INFO - [2025-01-07T00:10:59.363+0000] {dag.py:3823} INFO - Setting next_dagrun for example_local_kubernetes_executor to None, run_after=None
[2025-01-07T00:10:59.427+0000] {processor.py:183} INFO - Processing /home/airflow/.local/lib/python3.8/site-packages/airflow/example_dags/example_local_kubernetes_executor.py took 0.178 seconds
[2025-01-07T00:11:29.646+0000] {processor.py:161} INFO - Started process (PID=7236) to work on /home/airflow/.local/lib/python3.8/site-packages/airflow/example_dags/example_local_kubernetes_executor.py
[2025-01-07T00:11:29.647+0000] {processor.py:830} INFO - Processing file /home/airflow/.local/lib/python3.8/site-packages/airflow/example_dags/example_local_kubernetes_executor.py for tasks to queue
[2025-01-07T00:11:29.649+0000] {logging_mixin.py:188} INFO - [2025-01-07T00:11:29.649+0000] {dagbag.py:538} INFO - Filling up the DagBag from /home/airflow/.local/lib/python3.8/site-packages/airflow/example_dags/example_local_kubernetes_executor.py
[2025-01-07T00:11:29.660+0000] {processor.py:840} INFO - DAG(s) 'example_local_kubernetes_executor' retrieved from /home/airflow/.local/lib/python3.8/site-packages/airflow/example_dags/example_local_kubernetes_executor.py
[2025-01-07T00:11:29.709+0000] {logging_mixin.py:188} INFO - [2025-01-07T00:11:29.709+0000] {dag.py:3036} INFO - Sync 1 DAGs
[2025-01-07T00:11:29.733+0000] {logging_mixin.py:188} INFO - [2025-01-07T00:11:29.732+0000] {dag.py:3823} INFO - Setting next_dagrun for example_local_kubernetes_executor to None, run_after=None
[2025-01-07T00:11:29.765+0000] {processor.py:183} INFO - Processing /home/airflow/.local/lib/python3.8/site-packages/airflow/example_dags/example_local_kubernetes_executor.py took 0.124 seconds
[2025-01-07T00:12:00.337+0000] {processor.py:161} INFO - Started process (PID=7293) to work on /home/airflow/.local/lib/python3.8/site-packages/airflow/example_dags/example_local_kubernetes_executor.py
[2025-01-07T00:12:00.340+0000] {processor.py:830} INFO - Processing file /home/airflow/.local/lib/python3.8/site-packages/airflow/example_dags/example_local_kubernetes_executor.py for tasks to queue
[2025-01-07T00:12:00.343+0000] {logging_mixin.py:188} INFO - [2025-01-07T00:12:00.343+0000] {dagbag.py:538} INFO - Filling up the DagBag from /home/airflow/.local/lib/python3.8/site-packages/airflow/example_dags/example_local_kubernetes_executor.py
[2025-01-07T00:12:00.356+0000] {processor.py:840} INFO - DAG(s) 'example_local_kubernetes_executor' retrieved from /home/airflow/.local/lib/python3.8/site-packages/airflow/example_dags/example_local_kubernetes_executor.py
[2025-01-07T00:12:00.409+0000] {logging_mixin.py:188} INFO - [2025-01-07T00:12:00.408+0000] {dag.py:3036} INFO - Sync 1 DAGs
[2025-01-07T00:12:00.429+0000] {logging_mixin.py:188} INFO - [2025-01-07T00:12:00.428+0000] {dag.py:3823} INFO - Setting next_dagrun for example_local_kubernetes_executor to None, run_after=None
[2025-01-07T00:12:00.455+0000] {processor.py:183} INFO - Processing /home/airflow/.local/lib/python3.8/site-packages/airflow/example_dags/example_local_kubernetes_executor.py took 0.123 seconds
[2025-01-07T00:12:30.873+0000] {processor.py:161} INFO - Started process (PID=7350) to work on /home/airflow/.local/lib/python3.8/site-packages/airflow/example_dags/example_local_kubernetes_executor.py
[2025-01-07T00:12:30.874+0000] {processor.py:830} INFO - Processing file /home/airflow/.local/lib/python3.8/site-packages/airflow/example_dags/example_local_kubernetes_executor.py for tasks to queue
[2025-01-07T00:12:30.877+0000] {logging_mixin.py:188} INFO - [2025-01-07T00:12:30.876+0000] {dagbag.py:538} INFO - Filling up the DagBag from /home/airflow/.local/lib/python3.8/site-packages/airflow/example_dags/example_local_kubernetes_executor.py
[2025-01-07T00:12:30.887+0000] {processor.py:840} INFO - DAG(s) 'example_local_kubernetes_executor' retrieved from /home/airflow/.local/lib/python3.8/site-packages/airflow/example_dags/example_local_kubernetes_executor.py
[2025-01-07T00:12:30.939+0000] {logging_mixin.py:188} INFO - [2025-01-07T00:12:30.939+0000] {dag.py:3036} INFO - Sync 1 DAGs
[2025-01-07T00:12:30.957+0000] {logging_mixin.py:188} INFO - [2025-01-07T00:12:30.957+0000] {dag.py:3823} INFO - Setting next_dagrun for example_local_kubernetes_executor to None, run_after=None
[2025-01-07T00:12:30.985+0000] {processor.py:183} INFO - Processing /home/airflow/.local/lib/python3.8/site-packages/airflow/example_dags/example_local_kubernetes_executor.py took 0.116 seconds
[2025-01-07T00:13:01.367+0000] {processor.py:161} INFO - Started process (PID=7407) to work on /home/airflow/.local/lib/python3.8/site-packages/airflow/example_dags/example_local_kubernetes_executor.py
[2025-01-07T00:13:01.369+0000] {processor.py:830} INFO - Processing file /home/airflow/.local/lib/python3.8/site-packages/airflow/example_dags/example_local_kubernetes_executor.py for tasks to queue
[2025-01-07T00:13:01.371+0000] {logging_mixin.py:188} INFO - [2025-01-07T00:13:01.371+0000] {dagbag.py:538} INFO - Filling up the DagBag from /home/airflow/.local/lib/python3.8/site-packages/airflow/example_dags/example_local_kubernetes_executor.py
[2025-01-07T00:13:01.382+0000] {processor.py:840} INFO - DAG(s) 'example_local_kubernetes_executor' retrieved from /home/airflow/.local/lib/python3.8/site-packages/airflow/example_dags/example_local_kubernetes_executor.py
[2025-01-07T00:13:01.443+0000] {logging_mixin.py:188} INFO - [2025-01-07T00:13:01.442+0000] {dag.py:3036} INFO - Sync 1 DAGs
[2025-01-07T00:13:01.461+0000] {logging_mixin.py:188} INFO - [2025-01-07T00:13:01.460+0000] {dag.py:3823} INFO - Setting next_dagrun for example_local_kubernetes_executor to None, run_after=None
[2025-01-07T00:13:01.487+0000] {processor.py:183} INFO - Processing /home/airflow/.local/lib/python3.8/site-packages/airflow/example_dags/example_local_kubernetes_executor.py took 0.123 seconds
[2025-01-07T00:13:31.756+0000] {processor.py:161} INFO - Started process (PID=7465) to work on /home/airflow/.local/lib/python3.8/site-packages/airflow/example_dags/example_local_kubernetes_executor.py
[2025-01-07T00:13:31.757+0000] {processor.py:830} INFO - Processing file /home/airflow/.local/lib/python3.8/site-packages/airflow/example_dags/example_local_kubernetes_executor.py for tasks to queue
[2025-01-07T00:13:31.760+0000] {logging_mixin.py:188} INFO - [2025-01-07T00:13:31.760+0000] {dagbag.py:538} INFO - Filling up the DagBag from /home/airflow/.local/lib/python3.8/site-packages/airflow/example_dags/example_local_kubernetes_executor.py
[2025-01-07T00:13:31.770+0000] {processor.py:840} INFO - DAG(s) 'example_local_kubernetes_executor' retrieved from /home/airflow/.local/lib/python3.8/site-packages/airflow/example_dags/example_local_kubernetes_executor.py
[2025-01-07T00:13:31.821+0000] {logging_mixin.py:188} INFO - [2025-01-07T00:13:31.821+0000] {dag.py:3036} INFO - Sync 1 DAGs
[2025-01-07T00:13:31.841+0000] {logging_mixin.py:188} INFO - [2025-01-07T00:13:31.840+0000] {dag.py:3823} INFO - Setting next_dagrun for example_local_kubernetes_executor to None, run_after=None
[2025-01-07T00:13:31.868+0000] {processor.py:183} INFO - Processing /home/airflow/.local/lib/python3.8/site-packages/airflow/example_dags/example_local_kubernetes_executor.py took 0.116 seconds
[2025-01-07T00:14:02.277+0000] {processor.py:161} INFO - Started process (PID=7522) to work on /home/airflow/.local/lib/python3.8/site-packages/airflow/example_dags/example_local_kubernetes_executor.py
[2025-01-07T00:14:02.284+0000] {processor.py:830} INFO - Processing file /home/airflow/.local/lib/python3.8/site-packages/airflow/example_dags/example_local_kubernetes_executor.py for tasks to queue
[2025-01-07T00:14:02.288+0000] {logging_mixin.py:188} INFO - [2025-01-07T00:14:02.288+0000] {dagbag.py:538} INFO - Filling up the DagBag from /home/airflow/.local/lib/python3.8/site-packages/airflow/example_dags/example_local_kubernetes_executor.py
[2025-01-07T00:14:02.302+0000] {processor.py:840} INFO - DAG(s) 'example_local_kubernetes_executor' retrieved from /home/airflow/.local/lib/python3.8/site-packages/airflow/example_dags/example_local_kubernetes_executor.py
[2025-01-07T00:14:02.365+0000] {logging_mixin.py:188} INFO - [2025-01-07T00:14:02.365+0000] {dag.py:3036} INFO - Sync 1 DAGs
[2025-01-07T00:14:02.390+0000] {logging_mixin.py:188} INFO - [2025-01-07T00:14:02.389+0000] {dag.py:3823} INFO - Setting next_dagrun for example_local_kubernetes_executor to None, run_after=None
[2025-01-07T00:14:02.422+0000] {processor.py:183} INFO - Processing /home/airflow/.local/lib/python3.8/site-packages/airflow/example_dags/example_local_kubernetes_executor.py took 0.153 seconds
[2025-01-07T00:14:32.923+0000] {processor.py:161} INFO - Started process (PID=7579) to work on /home/airflow/.local/lib/python3.8/site-packages/airflow/example_dags/example_local_kubernetes_executor.py
[2025-01-07T00:14:32.924+0000] {processor.py:830} INFO - Processing file /home/airflow/.local/lib/python3.8/site-packages/airflow/example_dags/example_local_kubernetes_executor.py for tasks to queue
[2025-01-07T00:14:32.928+0000] {logging_mixin.py:188} INFO - [2025-01-07T00:14:32.927+0000] {dagbag.py:538} INFO - Filling up the DagBag from /home/airflow/.local/lib/python3.8/site-packages/airflow/example_dags/example_local_kubernetes_executor.py
[2025-01-07T00:14:32.947+0000] {processor.py:840} INFO - DAG(s) 'example_local_kubernetes_executor' retrieved from /home/airflow/.local/lib/python3.8/site-packages/airflow/example_dags/example_local_kubernetes_executor.py
[2025-01-07T00:14:33.038+0000] {logging_mixin.py:188} INFO - [2025-01-07T00:14:33.037+0000] {dag.py:3036} INFO - Sync 1 DAGs
[2025-01-07T00:14:33.062+0000] {logging_mixin.py:188} INFO - [2025-01-07T00:14:33.061+0000] {dag.py:3823} INFO - Setting next_dagrun for example_local_kubernetes_executor to None, run_after=None
[2025-01-07T00:14:33.098+0000] {processor.py:183} INFO - Processing /home/airflow/.local/lib/python3.8/site-packages/airflow/example_dags/example_local_kubernetes_executor.py took 0.188 seconds
[2025-01-07T00:15:04.026+0000] {processor.py:161} INFO - Started process (PID=7635) to work on /home/airflow/.local/lib/python3.8/site-packages/airflow/example_dags/example_local_kubernetes_executor.py
[2025-01-07T00:15:04.028+0000] {processor.py:830} INFO - Processing file /home/airflow/.local/lib/python3.8/site-packages/airflow/example_dags/example_local_kubernetes_executor.py for tasks to queue
[2025-01-07T00:15:04.038+0000] {logging_mixin.py:188} INFO - [2025-01-07T00:15:04.037+0000] {dagbag.py:538} INFO - Filling up the DagBag from /home/airflow/.local/lib/python3.8/site-packages/airflow/example_dags/example_local_kubernetes_executor.py
[2025-01-07T00:15:04.061+0000] {processor.py:840} INFO - DAG(s) 'example_local_kubernetes_executor' retrieved from /home/airflow/.local/lib/python3.8/site-packages/airflow/example_dags/example_local_kubernetes_executor.py
[2025-01-07T00:15:04.244+0000] {logging_mixin.py:188} INFO - [2025-01-07T00:15:04.229+0000] {dag.py:3036} INFO - Sync 1 DAGs
[2025-01-07T00:15:04.338+0000] {logging_mixin.py:188} INFO - [2025-01-07T00:15:04.337+0000] {dag.py:3823} INFO - Setting next_dagrun for example_local_kubernetes_executor to None, run_after=None
[2025-01-07T00:15:04.433+0000] {processor.py:183} INFO - Processing /home/airflow/.local/lib/python3.8/site-packages/airflow/example_dags/example_local_kubernetes_executor.py took 0.418 seconds
[2025-01-07T00:15:34.836+0000] {processor.py:161} INFO - Started process (PID=7692) to work on /home/airflow/.local/lib/python3.8/site-packages/airflow/example_dags/example_local_kubernetes_executor.py
[2025-01-07T00:15:34.838+0000] {processor.py:830} INFO - Processing file /home/airflow/.local/lib/python3.8/site-packages/airflow/example_dags/example_local_kubernetes_executor.py for tasks to queue
[2025-01-07T00:15:34.841+0000] {logging_mixin.py:188} INFO - [2025-01-07T00:15:34.840+0000] {dagbag.py:538} INFO - Filling up the DagBag from /home/airflow/.local/lib/python3.8/site-packages/airflow/example_dags/example_local_kubernetes_executor.py
[2025-01-07T00:15:34.853+0000] {processor.py:840} INFO - DAG(s) 'example_local_kubernetes_executor' retrieved from /home/airflow/.local/lib/python3.8/site-packages/airflow/example_dags/example_local_kubernetes_executor.py
[2025-01-07T00:15:34.908+0000] {logging_mixin.py:188} INFO - [2025-01-07T00:15:34.907+0000] {dag.py:3036} INFO - Sync 1 DAGs
[2025-01-07T00:15:34.928+0000] {logging_mixin.py:188} INFO - [2025-01-07T00:15:34.928+0000] {dag.py:3823} INFO - Setting next_dagrun for example_local_kubernetes_executor to None, run_after=None
[2025-01-07T00:15:34.978+0000] {processor.py:183} INFO - Processing /home/airflow/.local/lib/python3.8/site-packages/airflow/example_dags/example_local_kubernetes_executor.py took 0.148 seconds
[2025-01-07T00:16:05.973+0000] {processor.py:161} INFO - Started process (PID=7749) to work on /home/airflow/.local/lib/python3.8/site-packages/airflow/example_dags/example_local_kubernetes_executor.py
[2025-01-07T00:16:05.976+0000] {processor.py:830} INFO - Processing file /home/airflow/.local/lib/python3.8/site-packages/airflow/example_dags/example_local_kubernetes_executor.py for tasks to queue
[2025-01-07T00:16:05.988+0000] {logging_mixin.py:188} INFO - [2025-01-07T00:16:05.987+0000] {dagbag.py:538} INFO - Filling up the DagBag from /home/airflow/.local/lib/python3.8/site-packages/airflow/example_dags/example_local_kubernetes_executor.py
[2025-01-07T00:16:06.023+0000] {processor.py:840} INFO - DAG(s) 'example_local_kubernetes_executor' retrieved from /home/airflow/.local/lib/python3.8/site-packages/airflow/example_dags/example_local_kubernetes_executor.py
[2025-01-07T00:16:06.195+0000] {logging_mixin.py:188} INFO - [2025-01-07T00:16:06.194+0000] {dag.py:3036} INFO - Sync 1 DAGs
[2025-01-07T00:16:06.274+0000] {logging_mixin.py:188} INFO - [2025-01-07T00:16:06.273+0000] {dag.py:3823} INFO - Setting next_dagrun for example_local_kubernetes_executor to None, run_after=None
[2025-01-07T00:16:06.408+0000] {processor.py:183} INFO - Processing /home/airflow/.local/lib/python3.8/site-packages/airflow/example_dags/example_local_kubernetes_executor.py took 0.442 seconds
[2025-01-07T00:16:37.723+0000] {processor.py:161} INFO - Started process (PID=7807) to work on /home/airflow/.local/lib/python3.8/site-packages/airflow/example_dags/example_local_kubernetes_executor.py
[2025-01-07T00:16:37.733+0000] {processor.py:830} INFO - Processing file /home/airflow/.local/lib/python3.8/site-packages/airflow/example_dags/example_local_kubernetes_executor.py for tasks to queue
[2025-01-07T00:16:37.739+0000] {logging_mixin.py:188} INFO - [2025-01-07T00:16:37.739+0000] {dagbag.py:538} INFO - Filling up the DagBag from /home/airflow/.local/lib/python3.8/site-packages/airflow/example_dags/example_local_kubernetes_executor.py
[2025-01-07T00:16:37.791+0000] {processor.py:840} INFO - DAG(s) 'example_local_kubernetes_executor' retrieved from /home/airflow/.local/lib/python3.8/site-packages/airflow/example_dags/example_local_kubernetes_executor.py
[2025-01-07T00:16:37.956+0000] {logging_mixin.py:188} INFO - [2025-01-07T00:16:37.956+0000] {dag.py:3036} INFO - Sync 1 DAGs
[2025-01-07T00:16:38.017+0000] {logging_mixin.py:188} INFO - [2025-01-07T00:16:38.017+0000] {dag.py:3823} INFO - Setting next_dagrun for example_local_kubernetes_executor to None, run_after=None
[2025-01-07T00:16:38.133+0000] {processor.py:183} INFO - Processing /home/airflow/.local/lib/python3.8/site-packages/airflow/example_dags/example_local_kubernetes_executor.py took 0.427 seconds
[2025-01-07T00:17:08.846+0000] {processor.py:161} INFO - Started process (PID=7864) to work on /home/airflow/.local/lib/python3.8/site-packages/airflow/example_dags/example_local_kubernetes_executor.py
[2025-01-07T00:17:08.848+0000] {processor.py:830} INFO - Processing file /home/airflow/.local/lib/python3.8/site-packages/airflow/example_dags/example_local_kubernetes_executor.py for tasks to queue
[2025-01-07T00:17:08.862+0000] {logging_mixin.py:188} INFO - [2025-01-07T00:17:08.862+0000] {dagbag.py:538} INFO - Filling up the DagBag from /home/airflow/.local/lib/python3.8/site-packages/airflow/example_dags/example_local_kubernetes_executor.py
[2025-01-07T00:17:08.896+0000] {processor.py:840} INFO - DAG(s) 'example_local_kubernetes_executor' retrieved from /home/airflow/.local/lib/python3.8/site-packages/airflow/example_dags/example_local_kubernetes_executor.py
[2025-01-07T00:17:09.053+0000] {logging_mixin.py:188} INFO - [2025-01-07T00:17:09.053+0000] {dag.py:3036} INFO - Sync 1 DAGs
[2025-01-07T00:17:09.107+0000] {logging_mixin.py:188} INFO - [2025-01-07T00:17:09.107+0000] {dag.py:3823} INFO - Setting next_dagrun for example_local_kubernetes_executor to None, run_after=None
[2025-01-07T00:17:09.184+0000] {processor.py:183} INFO - Processing /home/airflow/.local/lib/python3.8/site-packages/airflow/example_dags/example_local_kubernetes_executor.py took 0.343 seconds
[2025-01-07T00:17:40.398+0000] {processor.py:161} INFO - Started process (PID=7920) to work on /home/airflow/.local/lib/python3.8/site-packages/airflow/example_dags/example_local_kubernetes_executor.py
[2025-01-07T00:17:40.408+0000] {processor.py:830} INFO - Processing file /home/airflow/.local/lib/python3.8/site-packages/airflow/example_dags/example_local_kubernetes_executor.py for tasks to queue
[2025-01-07T00:17:40.429+0000] {logging_mixin.py:188} INFO - [2025-01-07T00:17:40.428+0000] {dagbag.py:538} INFO - Filling up the DagBag from /home/airflow/.local/lib/python3.8/site-packages/airflow/example_dags/example_local_kubernetes_executor.py
[2025-01-07T00:17:40.487+0000] {processor.py:840} INFO - DAG(s) 'example_local_kubernetes_executor' retrieved from /home/airflow/.local/lib/python3.8/site-packages/airflow/example_dags/example_local_kubernetes_executor.py
[2025-01-07T00:17:40.695+0000] {logging_mixin.py:188} INFO - [2025-01-07T00:17:40.695+0000] {dag.py:3036} INFO - Sync 1 DAGs
[2025-01-07T00:17:40.790+0000] {logging_mixin.py:188} INFO - [2025-01-07T00:17:40.790+0000] {dag.py:3823} INFO - Setting next_dagrun for example_local_kubernetes_executor to None, run_after=None
[2025-01-07T00:17:40.906+0000] {processor.py:183} INFO - Processing /home/airflow/.local/lib/python3.8/site-packages/airflow/example_dags/example_local_kubernetes_executor.py took 0.525 seconds
[2025-01-07T00:18:11.249+0000] {processor.py:161} INFO - Started process (PID=7975) to work on /home/airflow/.local/lib/python3.8/site-packages/airflow/example_dags/example_local_kubernetes_executor.py
[2025-01-07T00:18:11.250+0000] {processor.py:830} INFO - Processing file /home/airflow/.local/lib/python3.8/site-packages/airflow/example_dags/example_local_kubernetes_executor.py for tasks to queue
[2025-01-07T00:18:11.263+0000] {logging_mixin.py:188} INFO - [2025-01-07T00:18:11.262+0000] {dagbag.py:538} INFO - Filling up the DagBag from /home/airflow/.local/lib/python3.8/site-packages/airflow/example_dags/example_local_kubernetes_executor.py
[2025-01-07T00:18:11.295+0000] {processor.py:840} INFO - DAG(s) 'example_local_kubernetes_executor' retrieved from /home/airflow/.local/lib/python3.8/site-packages/airflow/example_dags/example_local_kubernetes_executor.py
[2025-01-07T00:18:11.485+0000] {logging_mixin.py:188} INFO - [2025-01-07T00:18:11.480+0000] {dag.py:3036} INFO - Sync 1 DAGs
[2025-01-07T00:18:11.550+0000] {logging_mixin.py:188} INFO - [2025-01-07T00:18:11.549+0000] {dag.py:3823} INFO - Setting next_dagrun for example_local_kubernetes_executor to None, run_after=None
[2025-01-07T00:18:11.645+0000] {processor.py:183} INFO - Processing /home/airflow/.local/lib/python3.8/site-packages/airflow/example_dags/example_local_kubernetes_executor.py took 0.404 seconds
[2025-01-07T00:18:42.155+0000] {processor.py:161} INFO - Started process (PID=8031) to work on /home/airflow/.local/lib/python3.8/site-packages/airflow/example_dags/example_local_kubernetes_executor.py
[2025-01-07T00:18:42.160+0000] {processor.py:830} INFO - Processing file /home/airflow/.local/lib/python3.8/site-packages/airflow/example_dags/example_local_kubernetes_executor.py for tasks to queue
[2025-01-07T00:18:42.167+0000] {logging_mixin.py:188} INFO - [2025-01-07T00:18:42.163+0000] {dagbag.py:538} INFO - Filling up the DagBag from /home/airflow/.local/lib/python3.8/site-packages/airflow/example_dags/example_local_kubernetes_executor.py
[2025-01-07T00:18:42.187+0000] {processor.py:840} INFO - DAG(s) 'example_local_kubernetes_executor' retrieved from /home/airflow/.local/lib/python3.8/site-packages/airflow/example_dags/example_local_kubernetes_executor.py
[2025-01-07T00:18:42.314+0000] {logging_mixin.py:188} INFO - [2025-01-07T00:18:42.314+0000] {dag.py:3036} INFO - Sync 1 DAGs
[2025-01-07T00:18:42.353+0000] {logging_mixin.py:188} INFO - [2025-01-07T00:18:42.352+0000] {dag.py:3823} INFO - Setting next_dagrun for example_local_kubernetes_executor to None, run_after=None
[2025-01-07T00:18:42.424+0000] {processor.py:183} INFO - Processing /home/airflow/.local/lib/python3.8/site-packages/airflow/example_dags/example_local_kubernetes_executor.py took 0.275 seconds
[2025-01-07T00:19:12.711+0000] {processor.py:161} INFO - Started process (PID=8091) to work on /home/airflow/.local/lib/python3.8/site-packages/airflow/example_dags/example_local_kubernetes_executor.py
[2025-01-07T00:19:12.716+0000] {processor.py:830} INFO - Processing file /home/airflow/.local/lib/python3.8/site-packages/airflow/example_dags/example_local_kubernetes_executor.py for tasks to queue
[2025-01-07T00:19:12.721+0000] {logging_mixin.py:188} INFO - [2025-01-07T00:19:12.720+0000] {dagbag.py:538} INFO - Filling up the DagBag from /home/airflow/.local/lib/python3.8/site-packages/airflow/example_dags/example_local_kubernetes_executor.py
[2025-01-07T00:19:12.749+0000] {processor.py:840} INFO - DAG(s) 'example_local_kubernetes_executor' retrieved from /home/airflow/.local/lib/python3.8/site-packages/airflow/example_dags/example_local_kubernetes_executor.py
[2025-01-07T00:19:12.874+0000] {logging_mixin.py:188} INFO - [2025-01-07T00:19:12.874+0000] {dag.py:3036} INFO - Sync 1 DAGs
[2025-01-07T00:19:12.912+0000] {logging_mixin.py:188} INFO - [2025-01-07T00:19:12.911+0000] {dag.py:3823} INFO - Setting next_dagrun for example_local_kubernetes_executor to None, run_after=None
[2025-01-07T00:19:13.031+0000] {processor.py:183} INFO - Processing /home/airflow/.local/lib/python3.8/site-packages/airflow/example_dags/example_local_kubernetes_executor.py took 0.331 seconds
[2025-01-07T00:19:43.397+0000] {processor.py:161} INFO - Started process (PID=8152) to work on /home/airflow/.local/lib/python3.8/site-packages/airflow/example_dags/example_local_kubernetes_executor.py
[2025-01-07T00:19:43.399+0000] {processor.py:830} INFO - Processing file /home/airflow/.local/lib/python3.8/site-packages/airflow/example_dags/example_local_kubernetes_executor.py for tasks to queue
[2025-01-07T00:19:43.401+0000] {logging_mixin.py:188} INFO - [2025-01-07T00:19:43.401+0000] {dagbag.py:538} INFO - Filling up the DagBag from /home/airflow/.local/lib/python3.8/site-packages/airflow/example_dags/example_local_kubernetes_executor.py
[2025-01-07T00:19:43.412+0000] {processor.py:840} INFO - DAG(s) 'example_local_kubernetes_executor' retrieved from /home/airflow/.local/lib/python3.8/site-packages/airflow/example_dags/example_local_kubernetes_executor.py
[2025-01-07T00:19:43.463+0000] {logging_mixin.py:188} INFO - [2025-01-07T00:19:43.463+0000] {dag.py:3036} INFO - Sync 1 DAGs
[2025-01-07T00:19:43.482+0000] {logging_mixin.py:188} INFO - [2025-01-07T00:19:43.481+0000] {dag.py:3823} INFO - Setting next_dagrun for example_local_kubernetes_executor to None, run_after=None
[2025-01-07T00:19:43.510+0000] {processor.py:183} INFO - Processing /home/airflow/.local/lib/python3.8/site-packages/airflow/example_dags/example_local_kubernetes_executor.py took 0.119 seconds
[2025-01-07T00:20:14.376+0000] {processor.py:161} INFO - Started process (PID=8209) to work on /home/airflow/.local/lib/python3.8/site-packages/airflow/example_dags/example_local_kubernetes_executor.py
[2025-01-07T00:20:14.378+0000] {processor.py:830} INFO - Processing file /home/airflow/.local/lib/python3.8/site-packages/airflow/example_dags/example_local_kubernetes_executor.py for tasks to queue
[2025-01-07T00:20:14.380+0000] {logging_mixin.py:188} INFO - [2025-01-07T00:20:14.379+0000] {dagbag.py:538} INFO - Filling up the DagBag from /home/airflow/.local/lib/python3.8/site-packages/airflow/example_dags/example_local_kubernetes_executor.py
[2025-01-07T00:20:14.392+0000] {processor.py:840} INFO - DAG(s) 'example_local_kubernetes_executor' retrieved from /home/airflow/.local/lib/python3.8/site-packages/airflow/example_dags/example_local_kubernetes_executor.py
[2025-01-07T00:20:14.479+0000] {logging_mixin.py:188} INFO - [2025-01-07T00:20:14.478+0000] {dag.py:3036} INFO - Sync 1 DAGs
[2025-01-07T00:20:14.509+0000] {logging_mixin.py:188} INFO - [2025-01-07T00:20:14.508+0000] {dag.py:3823} INFO - Setting next_dagrun for example_local_kubernetes_executor to None, run_after=None
[2025-01-07T00:20:14.559+0000] {processor.py:183} INFO - Processing /home/airflow/.local/lib/python3.8/site-packages/airflow/example_dags/example_local_kubernetes_executor.py took 0.189 seconds
[2025-01-07T00:20:45.543+0000] {processor.py:161} INFO - Started process (PID=8266) to work on /home/airflow/.local/lib/python3.8/site-packages/airflow/example_dags/example_local_kubernetes_executor.py
[2025-01-07T00:20:45.544+0000] {processor.py:830} INFO - Processing file /home/airflow/.local/lib/python3.8/site-packages/airflow/example_dags/example_local_kubernetes_executor.py for tasks to queue
[2025-01-07T00:20:45.547+0000] {logging_mixin.py:188} INFO - [2025-01-07T00:20:45.547+0000] {dagbag.py:538} INFO - Filling up the DagBag from /home/airflow/.local/lib/python3.8/site-packages/airflow/example_dags/example_local_kubernetes_executor.py
[2025-01-07T00:20:45.564+0000] {processor.py:840} INFO - DAG(s) 'example_local_kubernetes_executor' retrieved from /home/airflow/.local/lib/python3.8/site-packages/airflow/example_dags/example_local_kubernetes_executor.py
[2025-01-07T00:20:45.644+0000] {logging_mixin.py:188} INFO - [2025-01-07T00:20:45.644+0000] {dag.py:3036} INFO - Sync 1 DAGs
[2025-01-07T00:20:45.669+0000] {logging_mixin.py:188} INFO - [2025-01-07T00:20:45.669+0000] {dag.py:3823} INFO - Setting next_dagrun for example_local_kubernetes_executor to None, run_after=None
[2025-01-07T00:20:45.700+0000] {processor.py:183} INFO - Processing /home/airflow/.local/lib/python3.8/site-packages/airflow/example_dags/example_local_kubernetes_executor.py took 0.165 seconds
[2025-01-07T00:21:15.764+0000] {processor.py:161} INFO - Started process (PID=8324) to work on /home/airflow/.local/lib/python3.8/site-packages/airflow/example_dags/example_local_kubernetes_executor.py
[2025-01-07T00:21:15.766+0000] {processor.py:830} INFO - Processing file /home/airflow/.local/lib/python3.8/site-packages/airflow/example_dags/example_local_kubernetes_executor.py for tasks to queue
[2025-01-07T00:21:15.771+0000] {logging_mixin.py:188} INFO - [2025-01-07T00:21:15.771+0000] {dagbag.py:538} INFO - Filling up the DagBag from /home/airflow/.local/lib/python3.8/site-packages/airflow/example_dags/example_local_kubernetes_executor.py
[2025-01-07T00:21:15.790+0000] {processor.py:840} INFO - DAG(s) 'example_local_kubernetes_executor' retrieved from /home/airflow/.local/lib/python3.8/site-packages/airflow/example_dags/example_local_kubernetes_executor.py
[2025-01-07T00:21:15.864+0000] {logging_mixin.py:188} INFO - [2025-01-07T00:21:15.863+0000] {dag.py:3036} INFO - Sync 1 DAGs
[2025-01-07T00:21:15.902+0000] {logging_mixin.py:188} INFO - [2025-01-07T00:21:15.901+0000] {dag.py:3823} INFO - Setting next_dagrun for example_local_kubernetes_executor to None, run_after=None
[2025-01-07T00:21:15.975+0000] {processor.py:183} INFO - Processing /home/airflow/.local/lib/python3.8/site-packages/airflow/example_dags/example_local_kubernetes_executor.py took 0.220 seconds
[2025-01-07T00:21:46.349+0000] {processor.py:161} INFO - Started process (PID=8381) to work on /home/airflow/.local/lib/python3.8/site-packages/airflow/example_dags/example_local_kubernetes_executor.py
[2025-01-07T00:21:46.350+0000] {processor.py:830} INFO - Processing file /home/airflow/.local/lib/python3.8/site-packages/airflow/example_dags/example_local_kubernetes_executor.py for tasks to queue
[2025-01-07T00:21:46.353+0000] {logging_mixin.py:188} INFO - [2025-01-07T00:21:46.352+0000] {dagbag.py:538} INFO - Filling up the DagBag from /home/airflow/.local/lib/python3.8/site-packages/airflow/example_dags/example_local_kubernetes_executor.py
[2025-01-07T00:21:46.361+0000] {processor.py:840} INFO - DAG(s) 'example_local_kubernetes_executor' retrieved from /home/airflow/.local/lib/python3.8/site-packages/airflow/example_dags/example_local_kubernetes_executor.py
[2025-01-07T00:21:46.405+0000] {logging_mixin.py:188} INFO - [2025-01-07T00:21:46.405+0000] {dag.py:3036} INFO - Sync 1 DAGs
[2025-01-07T00:21:46.421+0000] {logging_mixin.py:188} INFO - [2025-01-07T00:21:46.421+0000] {dag.py:3823} INFO - Setting next_dagrun for example_local_kubernetes_executor to None, run_after=None
[2025-01-07T00:21:46.454+0000] {processor.py:183} INFO - Processing /home/airflow/.local/lib/python3.8/site-packages/airflow/example_dags/example_local_kubernetes_executor.py took 0.109 seconds
[2025-01-07T00:22:16.860+0000] {processor.py:161} INFO - Started process (PID=8438) to work on /home/airflow/.local/lib/python3.8/site-packages/airflow/example_dags/example_local_kubernetes_executor.py
[2025-01-07T00:22:16.861+0000] {processor.py:830} INFO - Processing file /home/airflow/.local/lib/python3.8/site-packages/airflow/example_dags/example_local_kubernetes_executor.py for tasks to queue
[2025-01-07T00:22:16.863+0000] {logging_mixin.py:188} INFO - [2025-01-07T00:22:16.863+0000] {dagbag.py:538} INFO - Filling up the DagBag from /home/airflow/.local/lib/python3.8/site-packages/airflow/example_dags/example_local_kubernetes_executor.py
[2025-01-07T00:22:16.871+0000] {processor.py:840} INFO - DAG(s) 'example_local_kubernetes_executor' retrieved from /home/airflow/.local/lib/python3.8/site-packages/airflow/example_dags/example_local_kubernetes_executor.py
[2025-01-07T00:22:16.917+0000] {logging_mixin.py:188} INFO - [2025-01-07T00:22:16.917+0000] {dag.py:3036} INFO - Sync 1 DAGs
[2025-01-07T00:22:16.933+0000] {logging_mixin.py:188} INFO - [2025-01-07T00:22:16.933+0000] {dag.py:3823} INFO - Setting next_dagrun for example_local_kubernetes_executor to None, run_after=None
[2025-01-07T00:22:16.959+0000] {processor.py:183} INFO - Processing /home/airflow/.local/lib/python3.8/site-packages/airflow/example_dags/example_local_kubernetes_executor.py took 0.103 seconds
[2025-01-07T00:22:47.090+0000] {processor.py:161} INFO - Started process (PID=8495) to work on /home/airflow/.local/lib/python3.8/site-packages/airflow/example_dags/example_local_kubernetes_executor.py
[2025-01-07T00:22:47.091+0000] {processor.py:830} INFO - Processing file /home/airflow/.local/lib/python3.8/site-packages/airflow/example_dags/example_local_kubernetes_executor.py for tasks to queue
[2025-01-07T00:22:47.094+0000] {logging_mixin.py:188} INFO - [2025-01-07T00:22:47.094+0000] {dagbag.py:538} INFO - Filling up the DagBag from /home/airflow/.local/lib/python3.8/site-packages/airflow/example_dags/example_local_kubernetes_executor.py
[2025-01-07T00:22:47.103+0000] {processor.py:840} INFO - DAG(s) 'example_local_kubernetes_executor' retrieved from /home/airflow/.local/lib/python3.8/site-packages/airflow/example_dags/example_local_kubernetes_executor.py
[2025-01-07T00:22:47.147+0000] {logging_mixin.py:188} INFO - [2025-01-07T00:22:47.147+0000] {dag.py:3036} INFO - Sync 1 DAGs
[2025-01-07T00:22:47.163+0000] {logging_mixin.py:188} INFO - [2025-01-07T00:22:47.163+0000] {dag.py:3823} INFO - Setting next_dagrun for example_local_kubernetes_executor to None, run_after=None
[2025-01-07T00:22:47.190+0000] {processor.py:183} INFO - Processing /home/airflow/.local/lib/python3.8/site-packages/airflow/example_dags/example_local_kubernetes_executor.py took 0.104 seconds
[2025-01-07T00:23:18.045+0000] {processor.py:161} INFO - Started process (PID=8558) to work on /home/airflow/.local/lib/python3.8/site-packages/airflow/example_dags/example_local_kubernetes_executor.py
[2025-01-07T00:23:18.046+0000] {processor.py:830} INFO - Processing file /home/airflow/.local/lib/python3.8/site-packages/airflow/example_dags/example_local_kubernetes_executor.py for tasks to queue
[2025-01-07T00:23:18.049+0000] {logging_mixin.py:188} INFO - [2025-01-07T00:23:18.048+0000] {dagbag.py:538} INFO - Filling up the DagBag from /home/airflow/.local/lib/python3.8/site-packages/airflow/example_dags/example_local_kubernetes_executor.py
[2025-01-07T00:23:18.058+0000] {processor.py:840} INFO - DAG(s) 'example_local_kubernetes_executor' retrieved from /home/airflow/.local/lib/python3.8/site-packages/airflow/example_dags/example_local_kubernetes_executor.py
[2025-01-07T00:23:18.124+0000] {logging_mixin.py:188} INFO - [2025-01-07T00:23:18.124+0000] {dag.py:3036} INFO - Sync 1 DAGs
[2025-01-07T00:23:18.143+0000] {logging_mixin.py:188} INFO - [2025-01-07T00:23:18.143+0000] {dag.py:3823} INFO - Setting next_dagrun for example_local_kubernetes_executor to None, run_after=None
[2025-01-07T00:23:18.180+0000] {processor.py:183} INFO - Processing /home/airflow/.local/lib/python3.8/site-packages/airflow/example_dags/example_local_kubernetes_executor.py took 0.140 seconds
[2025-01-07T00:23:48.836+0000] {processor.py:161} INFO - Started process (PID=8615) to work on /home/airflow/.local/lib/python3.8/site-packages/airflow/example_dags/example_local_kubernetes_executor.py
[2025-01-07T00:23:48.837+0000] {processor.py:830} INFO - Processing file /home/airflow/.local/lib/python3.8/site-packages/airflow/example_dags/example_local_kubernetes_executor.py for tasks to queue
[2025-01-07T00:23:48.840+0000] {logging_mixin.py:188} INFO - [2025-01-07T00:23:48.839+0000] {dagbag.py:538} INFO - Filling up the DagBag from /home/airflow/.local/lib/python3.8/site-packages/airflow/example_dags/example_local_kubernetes_executor.py
[2025-01-07T00:23:48.852+0000] {processor.py:840} INFO - DAG(s) 'example_local_kubernetes_executor' retrieved from /home/airflow/.local/lib/python3.8/site-packages/airflow/example_dags/example_local_kubernetes_executor.py
[2025-01-07T00:23:48.902+0000] {logging_mixin.py:188} INFO - [2025-01-07T00:23:48.902+0000] {dag.py:3036} INFO - Sync 1 DAGs
[2025-01-07T00:23:48.921+0000] {logging_mixin.py:188} INFO - [2025-01-07T00:23:48.921+0000] {dag.py:3823} INFO - Setting next_dagrun for example_local_kubernetes_executor to None, run_after=None
[2025-01-07T00:23:48.954+0000] {processor.py:183} INFO - Processing /home/airflow/.local/lib/python3.8/site-packages/airflow/example_dags/example_local_kubernetes_executor.py took 0.131 seconds
[2025-01-07T00:24:19.516+0000] {processor.py:161} INFO - Started process (PID=8671) to work on /home/airflow/.local/lib/python3.8/site-packages/airflow/example_dags/example_local_kubernetes_executor.py
[2025-01-07T00:24:19.517+0000] {processor.py:830} INFO - Processing file /home/airflow/.local/lib/python3.8/site-packages/airflow/example_dags/example_local_kubernetes_executor.py for tasks to queue
[2025-01-07T00:24:19.520+0000] {logging_mixin.py:188} INFO - [2025-01-07T00:24:19.519+0000] {dagbag.py:538} INFO - Filling up the DagBag from /home/airflow/.local/lib/python3.8/site-packages/airflow/example_dags/example_local_kubernetes_executor.py
[2025-01-07T00:24:19.530+0000] {processor.py:840} INFO - DAG(s) 'example_local_kubernetes_executor' retrieved from /home/airflow/.local/lib/python3.8/site-packages/airflow/example_dags/example_local_kubernetes_executor.py
[2025-01-07T00:24:19.583+0000] {logging_mixin.py:188} INFO - [2025-01-07T00:24:19.583+0000] {dag.py:3036} INFO - Sync 1 DAGs
[2025-01-07T00:24:19.605+0000] {logging_mixin.py:188} INFO - [2025-01-07T00:24:19.605+0000] {dag.py:3823} INFO - Setting next_dagrun for example_local_kubernetes_executor to None, run_after=None
[2025-01-07T00:24:19.640+0000] {processor.py:183} INFO - Processing /home/airflow/.local/lib/python3.8/site-packages/airflow/example_dags/example_local_kubernetes_executor.py took 0.128 seconds
[2025-01-07T00:24:50.520+0000] {processor.py:161} INFO - Started process (PID=8728) to work on /home/airflow/.local/lib/python3.8/site-packages/airflow/example_dags/example_local_kubernetes_executor.py
[2025-01-07T00:24:50.521+0000] {processor.py:830} INFO - Processing file /home/airflow/.local/lib/python3.8/site-packages/airflow/example_dags/example_local_kubernetes_executor.py for tasks to queue
[2025-01-07T00:24:50.524+0000] {logging_mixin.py:188} INFO - [2025-01-07T00:24:50.523+0000] {dagbag.py:538} INFO - Filling up the DagBag from /home/airflow/.local/lib/python3.8/site-packages/airflow/example_dags/example_local_kubernetes_executor.py
[2025-01-07T00:24:50.532+0000] {processor.py:840} INFO - DAG(s) 'example_local_kubernetes_executor' retrieved from /home/airflow/.local/lib/python3.8/site-packages/airflow/example_dags/example_local_kubernetes_executor.py
[2025-01-07T00:24:50.582+0000] {logging_mixin.py:188} INFO - [2025-01-07T00:24:50.582+0000] {dag.py:3036} INFO - Sync 1 DAGs
[2025-01-07T00:24:50.597+0000] {logging_mixin.py:188} INFO - [2025-01-07T00:24:50.596+0000] {dag.py:3823} INFO - Setting next_dagrun for example_local_kubernetes_executor to None, run_after=None
[2025-01-07T00:24:50.623+0000] {processor.py:183} INFO - Processing /home/airflow/.local/lib/python3.8/site-packages/airflow/example_dags/example_local_kubernetes_executor.py took 0.107 seconds
