[2025-01-07T00:00:23.934+0000] {processor.py:161} INFO - Started process (PID=5975) to work on /home/airflow/.local/lib/python3.8/site-packages/airflow/example_dags/example_branch_labels.py
[2025-01-07T00:00:23.936+0000] {processor.py:830} INFO - Processing file /home/airflow/.local/lib/python3.8/site-packages/airflow/example_dags/example_branch_labels.py for tasks to queue
[2025-01-07T00:00:23.939+0000] {logging_mixin.py:188} INFO - [2025-01-07T00:00:23.938+0000] {dagbag.py:538} INFO - Filling up the DagBag from /home/airflow/.local/lib/python3.8/site-packages/airflow/example_dags/example_branch_labels.py
[2025-01-07T00:00:23.963+0000] {processor.py:840} INFO - DAG(s) 'example_branch_labels' retrieved from /home/airflow/.local/lib/python3.8/site-packages/airflow/example_dags/example_branch_labels.py
[2025-01-07T00:00:24.050+0000] {logging_mixin.py:188} INFO - [2025-01-07T00:00:24.050+0000] {dag.py:3036} INFO - Sync 1 DAGs
[2025-01-07T00:00:24.110+0000] {logging_mixin.py:188} INFO - [2025-01-07T00:00:24.110+0000] {dag.py:3823} INFO - Setting next_dagrun for example_branch_labels to 2025-01-06 00:00:00+00:00, run_after=2025-01-07 00:00:00+00:00
[2025-01-07T00:00:24.157+0000] {processor.py:183} INFO - Processing /home/airflow/.local/lib/python3.8/site-packages/airflow/example_dags/example_branch_labels.py took 0.229 seconds
[2025-01-07T00:00:54.977+0000] {processor.py:161} INFO - Started process (PID=6033) to work on /home/airflow/.local/lib/python3.8/site-packages/airflow/example_dags/example_branch_labels.py
[2025-01-07T00:00:54.978+0000] {processor.py:830} INFO - Processing file /home/airflow/.local/lib/python3.8/site-packages/airflow/example_dags/example_branch_labels.py for tasks to queue
[2025-01-07T00:00:54.981+0000] {logging_mixin.py:188} INFO - [2025-01-07T00:00:54.980+0000] {dagbag.py:538} INFO - Filling up the DagBag from /home/airflow/.local/lib/python3.8/site-packages/airflow/example_dags/example_branch_labels.py
[2025-01-07T00:00:54.992+0000] {processor.py:840} INFO - DAG(s) 'example_branch_labels' retrieved from /home/airflow/.local/lib/python3.8/site-packages/airflow/example_dags/example_branch_labels.py
[2025-01-07T00:00:55.023+0000] {logging_mixin.py:188} INFO - [2025-01-07T00:00:55.023+0000] {dag.py:3036} INFO - Sync 1 DAGs
[2025-01-07T00:00:55.059+0000] {logging_mixin.py:188} INFO - [2025-01-07T00:00:55.059+0000] {dag.py:3823} INFO - Setting next_dagrun for example_branch_labels to 2025-01-06 00:00:00+00:00, run_after=2025-01-07 00:00:00+00:00
[2025-01-07T00:00:55.090+0000] {processor.py:183} INFO - Processing /home/airflow/.local/lib/python3.8/site-packages/airflow/example_dags/example_branch_labels.py took 0.117 seconds
[2025-01-07T00:01:25.200+0000] {processor.py:161} INFO - Started process (PID=6090) to work on /home/airflow/.local/lib/python3.8/site-packages/airflow/example_dags/example_branch_labels.py
[2025-01-07T00:01:25.201+0000] {processor.py:830} INFO - Processing file /home/airflow/.local/lib/python3.8/site-packages/airflow/example_dags/example_branch_labels.py for tasks to queue
[2025-01-07T00:01:25.203+0000] {logging_mixin.py:188} INFO - [2025-01-07T00:01:25.203+0000] {dagbag.py:538} INFO - Filling up the DagBag from /home/airflow/.local/lib/python3.8/site-packages/airflow/example_dags/example_branch_labels.py
[2025-01-07T00:01:25.213+0000] {processor.py:840} INFO - DAG(s) 'example_branch_labels' retrieved from /home/airflow/.local/lib/python3.8/site-packages/airflow/example_dags/example_branch_labels.py
[2025-01-07T00:01:25.240+0000] {logging_mixin.py:188} INFO - [2025-01-07T00:01:25.239+0000] {dag.py:3036} INFO - Sync 1 DAGs
[2025-01-07T00:01:25.267+0000] {logging_mixin.py:188} INFO - [2025-01-07T00:01:25.266+0000] {dag.py:3823} INFO - Setting next_dagrun for example_branch_labels to 2025-01-06 00:00:00+00:00, run_after=2025-01-07 00:00:00+00:00
[2025-01-07T00:01:25.304+0000] {processor.py:183} INFO - Processing /home/airflow/.local/lib/python3.8/site-packages/airflow/example_dags/example_branch_labels.py took 0.108 seconds
[2025-01-07T00:01:55.703+0000] {processor.py:161} INFO - Started process (PID=6147) to work on /home/airflow/.local/lib/python3.8/site-packages/airflow/example_dags/example_branch_labels.py
[2025-01-07T00:01:55.705+0000] {processor.py:830} INFO - Processing file /home/airflow/.local/lib/python3.8/site-packages/airflow/example_dags/example_branch_labels.py for tasks to queue
[2025-01-07T00:01:55.707+0000] {logging_mixin.py:188} INFO - [2025-01-07T00:01:55.707+0000] {dagbag.py:538} INFO - Filling up the DagBag from /home/airflow/.local/lib/python3.8/site-packages/airflow/example_dags/example_branch_labels.py
[2025-01-07T00:01:55.719+0000] {processor.py:840} INFO - DAG(s) 'example_branch_labels' retrieved from /home/airflow/.local/lib/python3.8/site-packages/airflow/example_dags/example_branch_labels.py
[2025-01-07T00:01:55.746+0000] {logging_mixin.py:188} INFO - [2025-01-07T00:01:55.746+0000] {dag.py:3036} INFO - Sync 1 DAGs
[2025-01-07T00:01:55.785+0000] {logging_mixin.py:188} INFO - [2025-01-07T00:01:55.785+0000] {dag.py:3823} INFO - Setting next_dagrun for example_branch_labels to 2025-01-06 00:00:00+00:00, run_after=2025-01-07 00:00:00+00:00
[2025-01-07T00:01:55.824+0000] {processor.py:183} INFO - Processing /home/airflow/.local/lib/python3.8/site-packages/airflow/example_dags/example_branch_labels.py took 0.125 seconds
[2025-01-07T00:02:27.396+0000] {processor.py:161} INFO - Started process (PID=6209) to work on /home/airflow/.local/lib/python3.8/site-packages/airflow/example_dags/example_branch_labels.py
[2025-01-07T00:02:27.423+0000] {processor.py:830} INFO - Processing file /home/airflow/.local/lib/python3.8/site-packages/airflow/example_dags/example_branch_labels.py for tasks to queue
[2025-01-07T00:02:27.434+0000] {logging_mixin.py:188} INFO - [2025-01-07T00:02:27.434+0000] {dagbag.py:538} INFO - Filling up the DagBag from /home/airflow/.local/lib/python3.8/site-packages/airflow/example_dags/example_branch_labels.py
[2025-01-07T00:02:27.482+0000] {processor.py:840} INFO - DAG(s) 'example_branch_labels' retrieved from /home/airflow/.local/lib/python3.8/site-packages/airflow/example_dags/example_branch_labels.py
[2025-01-07T00:02:27.582+0000] {logging_mixin.py:188} INFO - [2025-01-07T00:02:27.581+0000] {dag.py:3036} INFO - Sync 1 DAGs
[2025-01-07T00:02:27.754+0000] {logging_mixin.py:188} INFO - [2025-01-07T00:02:27.743+0000] {dag.py:3823} INFO - Setting next_dagrun for example_branch_labels to 2025-01-06 00:00:00+00:00, run_after=2025-01-07 00:00:00+00:00
[2025-01-07T00:02:27.842+0000] {processor.py:183} INFO - Processing /home/airflow/.local/lib/python3.8/site-packages/airflow/example_dags/example_branch_labels.py took 0.462 seconds
[2025-01-07T00:02:58.076+0000] {processor.py:161} INFO - Started process (PID=6271) to work on /home/airflow/.local/lib/python3.8/site-packages/airflow/example_dags/example_branch_labels.py
[2025-01-07T00:02:58.078+0000] {processor.py:830} INFO - Processing file /home/airflow/.local/lib/python3.8/site-packages/airflow/example_dags/example_branch_labels.py for tasks to queue
[2025-01-07T00:02:58.100+0000] {logging_mixin.py:188} INFO - [2025-01-07T00:02:58.100+0000] {dagbag.py:538} INFO - Filling up the DagBag from /home/airflow/.local/lib/python3.8/site-packages/airflow/example_dags/example_branch_labels.py
[2025-01-07T00:02:58.124+0000] {processor.py:840} INFO - DAG(s) 'example_branch_labels' retrieved from /home/airflow/.local/lib/python3.8/site-packages/airflow/example_dags/example_branch_labels.py
[2025-01-07T00:02:58.188+0000] {logging_mixin.py:188} INFO - [2025-01-07T00:02:58.187+0000] {dag.py:3036} INFO - Sync 1 DAGs
[2025-01-07T00:02:58.237+0000] {logging_mixin.py:188} INFO - [2025-01-07T00:02:58.236+0000] {dag.py:3823} INFO - Setting next_dagrun for example_branch_labels to 2025-01-06 00:00:00+00:00, run_after=2025-01-07 00:00:00+00:00
[2025-01-07T00:02:58.269+0000] {processor.py:183} INFO - Processing /home/airflow/.local/lib/python3.8/site-packages/airflow/example_dags/example_branch_labels.py took 0.203 seconds
[2025-01-07T00:03:28.375+0000] {processor.py:161} INFO - Started process (PID=6328) to work on /home/airflow/.local/lib/python3.8/site-packages/airflow/example_dags/example_branch_labels.py
[2025-01-07T00:03:28.376+0000] {processor.py:830} INFO - Processing file /home/airflow/.local/lib/python3.8/site-packages/airflow/example_dags/example_branch_labels.py for tasks to queue
[2025-01-07T00:03:28.380+0000] {logging_mixin.py:188} INFO - [2025-01-07T00:03:28.379+0000] {dagbag.py:538} INFO - Filling up the DagBag from /home/airflow/.local/lib/python3.8/site-packages/airflow/example_dags/example_branch_labels.py
[2025-01-07T00:03:28.394+0000] {processor.py:840} INFO - DAG(s) 'example_branch_labels' retrieved from /home/airflow/.local/lib/python3.8/site-packages/airflow/example_dags/example_branch_labels.py
[2025-01-07T00:03:28.428+0000] {logging_mixin.py:188} INFO - [2025-01-07T00:03:28.427+0000] {dag.py:3036} INFO - Sync 1 DAGs
[2025-01-07T00:03:28.459+0000] {logging_mixin.py:188} INFO - [2025-01-07T00:03:28.458+0000] {dag.py:3823} INFO - Setting next_dagrun for example_branch_labels to 2025-01-06 00:00:00+00:00, run_after=2025-01-07 00:00:00+00:00
[2025-01-07T00:03:28.483+0000] {processor.py:183} INFO - Processing /home/airflow/.local/lib/python3.8/site-packages/airflow/example_dags/example_branch_labels.py took 0.114 seconds
[2025-01-07T00:03:58.879+0000] {processor.py:161} INFO - Started process (PID=6385) to work on /home/airflow/.local/lib/python3.8/site-packages/airflow/example_dags/example_branch_labels.py
[2025-01-07T00:03:58.881+0000] {processor.py:830} INFO - Processing file /home/airflow/.local/lib/python3.8/site-packages/airflow/example_dags/example_branch_labels.py for tasks to queue
[2025-01-07T00:03:58.888+0000] {logging_mixin.py:188} INFO - [2025-01-07T00:03:58.887+0000] {dagbag.py:538} INFO - Filling up the DagBag from /home/airflow/.local/lib/python3.8/site-packages/airflow/example_dags/example_branch_labels.py
[2025-01-07T00:03:58.908+0000] {processor.py:840} INFO - DAG(s) 'example_branch_labels' retrieved from /home/airflow/.local/lib/python3.8/site-packages/airflow/example_dags/example_branch_labels.py
[2025-01-07T00:03:58.948+0000] {logging_mixin.py:188} INFO - [2025-01-07T00:03:58.948+0000] {dag.py:3036} INFO - Sync 1 DAGs
[2025-01-07T00:03:58.990+0000] {logging_mixin.py:188} INFO - [2025-01-07T00:03:58.990+0000] {dag.py:3823} INFO - Setting next_dagrun for example_branch_labels to 2025-01-06 00:00:00+00:00, run_after=2025-01-07 00:00:00+00:00
[2025-01-07T00:03:59.021+0000] {processor.py:183} INFO - Processing /home/airflow/.local/lib/python3.8/site-packages/airflow/example_dags/example_branch_labels.py took 0.145 seconds
[2025-01-07T00:04:29.250+0000] {processor.py:161} INFO - Started process (PID=6443) to work on /home/airflow/.local/lib/python3.8/site-packages/airflow/example_dags/example_branch_labels.py
[2025-01-07T00:04:29.252+0000] {processor.py:830} INFO - Processing file /home/airflow/.local/lib/python3.8/site-packages/airflow/example_dags/example_branch_labels.py for tasks to queue
[2025-01-07T00:04:29.256+0000] {logging_mixin.py:188} INFO - [2025-01-07T00:04:29.255+0000] {dagbag.py:538} INFO - Filling up the DagBag from /home/airflow/.local/lib/python3.8/site-packages/airflow/example_dags/example_branch_labels.py
[2025-01-07T00:04:29.271+0000] {processor.py:840} INFO - DAG(s) 'example_branch_labels' retrieved from /home/airflow/.local/lib/python3.8/site-packages/airflow/example_dags/example_branch_labels.py
[2025-01-07T00:04:29.323+0000] {logging_mixin.py:188} INFO - [2025-01-07T00:04:29.323+0000] {dag.py:3036} INFO - Sync 1 DAGs
[2025-01-07T00:04:29.386+0000] {logging_mixin.py:188} INFO - [2025-01-07T00:04:29.386+0000] {dag.py:3823} INFO - Setting next_dagrun for example_branch_labels to 2025-01-06 00:00:00+00:00, run_after=2025-01-07 00:00:00+00:00
[2025-01-07T00:04:29.424+0000] {processor.py:183} INFO - Processing /home/airflow/.local/lib/python3.8/site-packages/airflow/example_dags/example_branch_labels.py took 0.180 seconds
[2025-01-07T00:04:59.494+0000] {processor.py:161} INFO - Started process (PID=6500) to work on /home/airflow/.local/lib/python3.8/site-packages/airflow/example_dags/example_branch_labels.py
[2025-01-07T00:04:59.495+0000] {processor.py:830} INFO - Processing file /home/airflow/.local/lib/python3.8/site-packages/airflow/example_dags/example_branch_labels.py for tasks to queue
[2025-01-07T00:04:59.499+0000] {logging_mixin.py:188} INFO - [2025-01-07T00:04:59.498+0000] {dagbag.py:538} INFO - Filling up the DagBag from /home/airflow/.local/lib/python3.8/site-packages/airflow/example_dags/example_branch_labels.py
[2025-01-07T00:04:59.510+0000] {processor.py:840} INFO - DAG(s) 'example_branch_labels' retrieved from /home/airflow/.local/lib/python3.8/site-packages/airflow/example_dags/example_branch_labels.py
[2025-01-07T00:04:59.548+0000] {logging_mixin.py:188} INFO - [2025-01-07T00:04:59.548+0000] {dag.py:3036} INFO - Sync 1 DAGs
[2025-01-07T00:04:59.584+0000] {logging_mixin.py:188} INFO - [2025-01-07T00:04:59.584+0000] {dag.py:3823} INFO - Setting next_dagrun for example_branch_labels to 2025-01-06 00:00:00+00:00, run_after=2025-01-07 00:00:00+00:00
[2025-01-07T00:04:59.625+0000] {processor.py:183} INFO - Processing /home/airflow/.local/lib/python3.8/site-packages/airflow/example_dags/example_branch_labels.py took 0.136 seconds
[2025-01-07T00:05:30.220+0000] {processor.py:161} INFO - Started process (PID=6557) to work on /home/airflow/.local/lib/python3.8/site-packages/airflow/example_dags/example_branch_labels.py
[2025-01-07T00:05:30.222+0000] {processor.py:830} INFO - Processing file /home/airflow/.local/lib/python3.8/site-packages/airflow/example_dags/example_branch_labels.py for tasks to queue
[2025-01-07T00:05:30.225+0000] {logging_mixin.py:188} INFO - [2025-01-07T00:05:30.224+0000] {dagbag.py:538} INFO - Filling up the DagBag from /home/airflow/.local/lib/python3.8/site-packages/airflow/example_dags/example_branch_labels.py
[2025-01-07T00:05:30.235+0000] {processor.py:840} INFO - DAG(s) 'example_branch_labels' retrieved from /home/airflow/.local/lib/python3.8/site-packages/airflow/example_dags/example_branch_labels.py
[2025-01-07T00:05:30.266+0000] {logging_mixin.py:188} INFO - [2025-01-07T00:05:30.266+0000] {dag.py:3036} INFO - Sync 1 DAGs
[2025-01-07T00:05:30.298+0000] {logging_mixin.py:188} INFO - [2025-01-07T00:05:30.298+0000] {dag.py:3823} INFO - Setting next_dagrun for example_branch_labels to 2025-01-06 00:00:00+00:00, run_after=2025-01-07 00:00:00+00:00
[2025-01-07T00:05:30.323+0000] {processor.py:183} INFO - Processing /home/airflow/.local/lib/python3.8/site-packages/airflow/example_dags/example_branch_labels.py took 0.108 seconds
[2025-01-07T00:06:00.591+0000] {processor.py:161} INFO - Started process (PID=6614) to work on /home/airflow/.local/lib/python3.8/site-packages/airflow/example_dags/example_branch_labels.py
[2025-01-07T00:06:00.592+0000] {processor.py:830} INFO - Processing file /home/airflow/.local/lib/python3.8/site-packages/airflow/example_dags/example_branch_labels.py for tasks to queue
[2025-01-07T00:06:00.594+0000] {logging_mixin.py:188} INFO - [2025-01-07T00:06:00.593+0000] {dagbag.py:538} INFO - Filling up the DagBag from /home/airflow/.local/lib/python3.8/site-packages/airflow/example_dags/example_branch_labels.py
[2025-01-07T00:06:00.604+0000] {processor.py:840} INFO - DAG(s) 'example_branch_labels' retrieved from /home/airflow/.local/lib/python3.8/site-packages/airflow/example_dags/example_branch_labels.py
[2025-01-07T00:06:00.630+0000] {logging_mixin.py:188} INFO - [2025-01-07T00:06:00.630+0000] {dag.py:3036} INFO - Sync 1 DAGs
[2025-01-07T00:06:00.662+0000] {logging_mixin.py:188} INFO - [2025-01-07T00:06:00.661+0000] {dag.py:3823} INFO - Setting next_dagrun for example_branch_labels to 2025-01-06 00:00:00+00:00, run_after=2025-01-07 00:00:00+00:00
[2025-01-07T00:06:00.687+0000] {processor.py:183} INFO - Processing /home/airflow/.local/lib/python3.8/site-packages/airflow/example_dags/example_branch_labels.py took 0.100 seconds
[2025-01-07T00:06:31.039+0000] {processor.py:161} INFO - Started process (PID=6670) to work on /home/airflow/.local/lib/python3.8/site-packages/airflow/example_dags/example_branch_labels.py
[2025-01-07T00:06:31.041+0000] {processor.py:830} INFO - Processing file /home/airflow/.local/lib/python3.8/site-packages/airflow/example_dags/example_branch_labels.py for tasks to queue
[2025-01-07T00:06:31.044+0000] {logging_mixin.py:188} INFO - [2025-01-07T00:06:31.043+0000] {dagbag.py:538} INFO - Filling up the DagBag from /home/airflow/.local/lib/python3.8/site-packages/airflow/example_dags/example_branch_labels.py
[2025-01-07T00:06:31.055+0000] {processor.py:840} INFO - DAG(s) 'example_branch_labels' retrieved from /home/airflow/.local/lib/python3.8/site-packages/airflow/example_dags/example_branch_labels.py
[2025-01-07T00:06:31.088+0000] {logging_mixin.py:188} INFO - [2025-01-07T00:06:31.087+0000] {dag.py:3036} INFO - Sync 1 DAGs
[2025-01-07T00:06:31.126+0000] {logging_mixin.py:188} INFO - [2025-01-07T00:06:31.126+0000] {dag.py:3823} INFO - Setting next_dagrun for example_branch_labels to 2025-01-06 00:00:00+00:00, run_after=2025-01-07 00:00:00+00:00
[2025-01-07T00:06:31.154+0000] {processor.py:183} INFO - Processing /home/airflow/.local/lib/python3.8/site-packages/airflow/example_dags/example_branch_labels.py took 0.120 seconds
[2025-01-07T00:07:03.137+0000] {processor.py:161} INFO - Started process (PID=6735) to work on /home/airflow/.local/lib/python3.8/site-packages/airflow/example_dags/example_branch_labels.py
[2025-01-07T00:07:03.139+0000] {processor.py:830} INFO - Processing file /home/airflow/.local/lib/python3.8/site-packages/airflow/example_dags/example_branch_labels.py for tasks to queue
[2025-01-07T00:07:03.142+0000] {logging_mixin.py:188} INFO - [2025-01-07T00:07:03.141+0000] {dagbag.py:538} INFO - Filling up the DagBag from /home/airflow/.local/lib/python3.8/site-packages/airflow/example_dags/example_branch_labels.py
[2025-01-07T00:07:03.167+0000] {processor.py:840} INFO - DAG(s) 'example_branch_labels' retrieved from /home/airflow/.local/lib/python3.8/site-packages/airflow/example_dags/example_branch_labels.py
[2025-01-07T00:07:03.248+0000] {logging_mixin.py:188} INFO - [2025-01-07T00:07:03.247+0000] {dag.py:3036} INFO - Sync 1 DAGs
[2025-01-07T00:07:03.317+0000] {logging_mixin.py:188} INFO - [2025-01-07T00:07:03.317+0000] {dag.py:3823} INFO - Setting next_dagrun for example_branch_labels to 2025-01-06 00:00:00+00:00, run_after=2025-01-07 00:00:00+00:00
[2025-01-07T00:07:03.381+0000] {processor.py:183} INFO - Processing /home/airflow/.local/lib/python3.8/site-packages/airflow/example_dags/example_branch_labels.py took 0.257 seconds
[2025-01-07T00:07:34.245+0000] {processor.py:161} INFO - Started process (PID=6792) to work on /home/airflow/.local/lib/python3.8/site-packages/airflow/example_dags/example_branch_labels.py
[2025-01-07T00:07:34.247+0000] {processor.py:830} INFO - Processing file /home/airflow/.local/lib/python3.8/site-packages/airflow/example_dags/example_branch_labels.py for tasks to queue
[2025-01-07T00:07:34.250+0000] {logging_mixin.py:188} INFO - [2025-01-07T00:07:34.250+0000] {dagbag.py:538} INFO - Filling up the DagBag from /home/airflow/.local/lib/python3.8/site-packages/airflow/example_dags/example_branch_labels.py
[2025-01-07T00:07:34.264+0000] {processor.py:840} INFO - DAG(s) 'example_branch_labels' retrieved from /home/airflow/.local/lib/python3.8/site-packages/airflow/example_dags/example_branch_labels.py
[2025-01-07T00:07:34.298+0000] {logging_mixin.py:188} INFO - [2025-01-07T00:07:34.297+0000] {dag.py:3036} INFO - Sync 1 DAGs
[2025-01-07T00:07:34.332+0000] {logging_mixin.py:188} INFO - [2025-01-07T00:07:34.332+0000] {dag.py:3823} INFO - Setting next_dagrun for example_branch_labels to 2025-01-06 00:00:00+00:00, run_after=2025-01-07 00:00:00+00:00
[2025-01-07T00:07:34.360+0000] {processor.py:183} INFO - Processing /home/airflow/.local/lib/python3.8/site-packages/airflow/example_dags/example_branch_labels.py took 0.119 seconds
[2025-01-07T00:08:05.036+0000] {processor.py:161} INFO - Started process (PID=6849) to work on /home/airflow/.local/lib/python3.8/site-packages/airflow/example_dags/example_branch_labels.py
[2025-01-07T00:08:05.037+0000] {processor.py:830} INFO - Processing file /home/airflow/.local/lib/python3.8/site-packages/airflow/example_dags/example_branch_labels.py for tasks to queue
[2025-01-07T00:08:05.041+0000] {logging_mixin.py:188} INFO - [2025-01-07T00:08:05.040+0000] {dagbag.py:538} INFO - Filling up the DagBag from /home/airflow/.local/lib/python3.8/site-packages/airflow/example_dags/example_branch_labels.py
[2025-01-07T00:08:05.053+0000] {processor.py:840} INFO - DAG(s) 'example_branch_labels' retrieved from /home/airflow/.local/lib/python3.8/site-packages/airflow/example_dags/example_branch_labels.py
[2025-01-07T00:08:05.089+0000] {logging_mixin.py:188} INFO - [2025-01-07T00:08:05.089+0000] {dag.py:3036} INFO - Sync 1 DAGs
[2025-01-07T00:08:05.128+0000] {logging_mixin.py:188} INFO - [2025-01-07T00:08:05.128+0000] {dag.py:3823} INFO - Setting next_dagrun for example_branch_labels to 2025-01-06 00:00:00+00:00, run_after=2025-01-07 00:00:00+00:00
[2025-01-07T00:08:05.156+0000] {processor.py:183} INFO - Processing /home/airflow/.local/lib/python3.8/site-packages/airflow/example_dags/example_branch_labels.py took 0.126 seconds
[2025-01-07T00:08:37.000+0000] {processor.py:161} INFO - Started process (PID=6912) to work on /home/airflow/.local/lib/python3.8/site-packages/airflow/example_dags/example_branch_labels.py
[2025-01-07T00:08:37.009+0000] {processor.py:830} INFO - Processing file /home/airflow/.local/lib/python3.8/site-packages/airflow/example_dags/example_branch_labels.py for tasks to queue
[2025-01-07T00:08:37.017+0000] {logging_mixin.py:188} INFO - [2025-01-07T00:08:37.012+0000] {dagbag.py:538} INFO - Filling up the DagBag from /home/airflow/.local/lib/python3.8/site-packages/airflow/example_dags/example_branch_labels.py
[2025-01-07T00:08:37.092+0000] {processor.py:840} INFO - DAG(s) 'example_branch_labels' retrieved from /home/airflow/.local/lib/python3.8/site-packages/airflow/example_dags/example_branch_labels.py
[2025-01-07T00:08:37.162+0000] {logging_mixin.py:188} INFO - [2025-01-07T00:08:37.161+0000] {dag.py:3036} INFO - Sync 1 DAGs
[2025-01-07T00:08:37.288+0000] {logging_mixin.py:188} INFO - [2025-01-07T00:08:37.288+0000] {dag.py:3823} INFO - Setting next_dagrun for example_branch_labels to 2025-01-06 00:00:00+00:00, run_after=2025-01-07 00:00:00+00:00
[2025-01-07T00:08:37.387+0000] {processor.py:183} INFO - Processing /home/airflow/.local/lib/python3.8/site-packages/airflow/example_dags/example_branch_labels.py took 0.417 seconds
[2025-01-07T00:09:08.230+0000] {processor.py:161} INFO - Started process (PID=6974) to work on /home/airflow/.local/lib/python3.8/site-packages/airflow/example_dags/example_branch_labels.py
[2025-01-07T00:09:08.234+0000] {processor.py:830} INFO - Processing file /home/airflow/.local/lib/python3.8/site-packages/airflow/example_dags/example_branch_labels.py for tasks to queue
[2025-01-07T00:09:08.240+0000] {logging_mixin.py:188} INFO - [2025-01-07T00:09:08.239+0000] {dagbag.py:538} INFO - Filling up the DagBag from /home/airflow/.local/lib/python3.8/site-packages/airflow/example_dags/example_branch_labels.py
[2025-01-07T00:09:08.287+0000] {processor.py:840} INFO - DAG(s) 'example_branch_labels' retrieved from /home/airflow/.local/lib/python3.8/site-packages/airflow/example_dags/example_branch_labels.py
[2025-01-07T00:09:08.393+0000] {logging_mixin.py:188} INFO - [2025-01-07T00:09:08.392+0000] {dag.py:3036} INFO - Sync 1 DAGs
[2025-01-07T00:09:08.524+0000] {logging_mixin.py:188} INFO - [2025-01-07T00:09:08.524+0000] {dag.py:3823} INFO - Setting next_dagrun for example_branch_labels to 2025-01-06 00:00:00+00:00, run_after=2025-01-07 00:00:00+00:00
[2025-01-07T00:09:08.620+0000] {processor.py:183} INFO - Processing /home/airflow/.local/lib/python3.8/site-packages/airflow/example_dags/example_branch_labels.py took 0.397 seconds
[2025-01-07T00:09:39.574+0000] {processor.py:161} INFO - Started process (PID=7030) to work on /home/airflow/.local/lib/python3.8/site-packages/airflow/example_dags/example_branch_labels.py
[2025-01-07T00:09:39.579+0000] {processor.py:830} INFO - Processing file /home/airflow/.local/lib/python3.8/site-packages/airflow/example_dags/example_branch_labels.py for tasks to queue
[2025-01-07T00:09:39.583+0000] {logging_mixin.py:188} INFO - [2025-01-07T00:09:39.582+0000] {dagbag.py:538} INFO - Filling up the DagBag from /home/airflow/.local/lib/python3.8/site-packages/airflow/example_dags/example_branch_labels.py
[2025-01-07T00:09:39.594+0000] {processor.py:840} INFO - DAG(s) 'example_branch_labels' retrieved from /home/airflow/.local/lib/python3.8/site-packages/airflow/example_dags/example_branch_labels.py
[2025-01-07T00:09:39.630+0000] {logging_mixin.py:188} INFO - [2025-01-07T00:09:39.630+0000] {dag.py:3036} INFO - Sync 1 DAGs
[2025-01-07T00:09:39.667+0000] {logging_mixin.py:188} INFO - [2025-01-07T00:09:39.667+0000] {dag.py:3823} INFO - Setting next_dagrun for example_branch_labels to 2025-01-06 00:00:00+00:00, run_after=2025-01-07 00:00:00+00:00
[2025-01-07T00:09:39.696+0000] {processor.py:183} INFO - Processing /home/airflow/.local/lib/python3.8/site-packages/airflow/example_dags/example_branch_labels.py took 0.128 seconds
[2025-01-07T00:10:09.805+0000] {processor.py:161} INFO - Started process (PID=7087) to work on /home/airflow/.local/lib/python3.8/site-packages/airflow/example_dags/example_branch_labels.py
[2025-01-07T00:10:09.812+0000] {processor.py:830} INFO - Processing file /home/airflow/.local/lib/python3.8/site-packages/airflow/example_dags/example_branch_labels.py for tasks to queue
[2025-01-07T00:10:09.815+0000] {logging_mixin.py:188} INFO - [2025-01-07T00:10:09.815+0000] {dagbag.py:538} INFO - Filling up the DagBag from /home/airflow/.local/lib/python3.8/site-packages/airflow/example_dags/example_branch_labels.py
[2025-01-07T00:10:09.828+0000] {processor.py:840} INFO - DAG(s) 'example_branch_labels' retrieved from /home/airflow/.local/lib/python3.8/site-packages/airflow/example_dags/example_branch_labels.py
[2025-01-07T00:10:09.860+0000] {logging_mixin.py:188} INFO - [2025-01-07T00:10:09.860+0000] {dag.py:3036} INFO - Sync 1 DAGs
[2025-01-07T00:10:09.898+0000] {logging_mixin.py:188} INFO - [2025-01-07T00:10:09.898+0000] {dag.py:3823} INFO - Setting next_dagrun for example_branch_labels to 2025-01-06 00:00:00+00:00, run_after=2025-01-07 00:00:00+00:00
[2025-01-07T00:10:09.965+0000] {processor.py:183} INFO - Processing /home/airflow/.local/lib/python3.8/site-packages/airflow/example_dags/example_branch_labels.py took 0.165 seconds
[2025-01-07T00:10:40.914+0000] {processor.py:161} INFO - Started process (PID=7144) to work on /home/airflow/.local/lib/python3.8/site-packages/airflow/example_dags/example_branch_labels.py
[2025-01-07T00:10:40.915+0000] {processor.py:830} INFO - Processing file /home/airflow/.local/lib/python3.8/site-packages/airflow/example_dags/example_branch_labels.py for tasks to queue
[2025-01-07T00:10:40.926+0000] {logging_mixin.py:188} INFO - [2025-01-07T00:10:40.925+0000] {dagbag.py:538} INFO - Filling up the DagBag from /home/airflow/.local/lib/python3.8/site-packages/airflow/example_dags/example_branch_labels.py
[2025-01-07T00:10:40.953+0000] {processor.py:840} INFO - DAG(s) 'example_branch_labels' retrieved from /home/airflow/.local/lib/python3.8/site-packages/airflow/example_dags/example_branch_labels.py
[2025-01-07T00:10:41.029+0000] {logging_mixin.py:188} INFO - [2025-01-07T00:10:41.028+0000] {dag.py:3036} INFO - Sync 1 DAGs
[2025-01-07T00:10:41.090+0000] {logging_mixin.py:188} INFO - [2025-01-07T00:10:41.090+0000] {dag.py:3823} INFO - Setting next_dagrun for example_branch_labels to 2025-01-06 00:00:00+00:00, run_after=2025-01-07 00:00:00+00:00
[2025-01-07T00:10:41.151+0000] {processor.py:183} INFO - Processing /home/airflow/.local/lib/python3.8/site-packages/airflow/example_dags/example_branch_labels.py took 0.243 seconds
[2025-01-07T00:11:11.260+0000] {processor.py:161} INFO - Started process (PID=7201) to work on /home/airflow/.local/lib/python3.8/site-packages/airflow/example_dags/example_branch_labels.py
[2025-01-07T00:11:11.262+0000] {processor.py:830} INFO - Processing file /home/airflow/.local/lib/python3.8/site-packages/airflow/example_dags/example_branch_labels.py for tasks to queue
[2025-01-07T00:11:11.264+0000] {logging_mixin.py:188} INFO - [2025-01-07T00:11:11.264+0000] {dagbag.py:538} INFO - Filling up the DagBag from /home/airflow/.local/lib/python3.8/site-packages/airflow/example_dags/example_branch_labels.py
[2025-01-07T00:11:11.275+0000] {processor.py:840} INFO - DAG(s) 'example_branch_labels' retrieved from /home/airflow/.local/lib/python3.8/site-packages/airflow/example_dags/example_branch_labels.py
[2025-01-07T00:11:11.307+0000] {logging_mixin.py:188} INFO - [2025-01-07T00:11:11.307+0000] {dag.py:3036} INFO - Sync 1 DAGs
[2025-01-07T00:11:11.342+0000] {logging_mixin.py:188} INFO - [2025-01-07T00:11:11.341+0000] {dag.py:3823} INFO - Setting next_dagrun for example_branch_labels to 2025-01-06 00:00:00+00:00, run_after=2025-01-07 00:00:00+00:00
[2025-01-07T00:11:11.370+0000] {processor.py:183} INFO - Processing /home/airflow/.local/lib/python3.8/site-packages/airflow/example_dags/example_branch_labels.py took 0.114 seconds
[2025-01-07T00:11:41.497+0000] {processor.py:161} INFO - Started process (PID=7258) to work on /home/airflow/.local/lib/python3.8/site-packages/airflow/example_dags/example_branch_labels.py
[2025-01-07T00:11:41.499+0000] {processor.py:830} INFO - Processing file /home/airflow/.local/lib/python3.8/site-packages/airflow/example_dags/example_branch_labels.py for tasks to queue
[2025-01-07T00:11:41.502+0000] {logging_mixin.py:188} INFO - [2025-01-07T00:11:41.501+0000] {dagbag.py:538} INFO - Filling up the DagBag from /home/airflow/.local/lib/python3.8/site-packages/airflow/example_dags/example_branch_labels.py
[2025-01-07T00:11:41.514+0000] {processor.py:840} INFO - DAG(s) 'example_branch_labels' retrieved from /home/airflow/.local/lib/python3.8/site-packages/airflow/example_dags/example_branch_labels.py
[2025-01-07T00:11:41.547+0000] {logging_mixin.py:188} INFO - [2025-01-07T00:11:41.547+0000] {dag.py:3036} INFO - Sync 1 DAGs
[2025-01-07T00:11:41.593+0000] {logging_mixin.py:188} INFO - [2025-01-07T00:11:41.593+0000] {dag.py:3823} INFO - Setting next_dagrun for example_branch_labels to 2025-01-06 00:00:00+00:00, run_after=2025-01-07 00:00:00+00:00
[2025-01-07T00:11:41.632+0000] {processor.py:183} INFO - Processing /home/airflow/.local/lib/python3.8/site-packages/airflow/example_dags/example_branch_labels.py took 0.140 seconds
[2025-01-07T00:12:12.218+0000] {processor.py:161} INFO - Started process (PID=7314) to work on /home/airflow/.local/lib/python3.8/site-packages/airflow/example_dags/example_branch_labels.py
[2025-01-07T00:12:12.221+0000] {processor.py:830} INFO - Processing file /home/airflow/.local/lib/python3.8/site-packages/airflow/example_dags/example_branch_labels.py for tasks to queue
[2025-01-07T00:12:12.225+0000] {logging_mixin.py:188} INFO - [2025-01-07T00:12:12.224+0000] {dagbag.py:538} INFO - Filling up the DagBag from /home/airflow/.local/lib/python3.8/site-packages/airflow/example_dags/example_branch_labels.py
[2025-01-07T00:12:12.239+0000] {processor.py:840} INFO - DAG(s) 'example_branch_labels' retrieved from /home/airflow/.local/lib/python3.8/site-packages/airflow/example_dags/example_branch_labels.py
[2025-01-07T00:12:12.275+0000] {logging_mixin.py:188} INFO - [2025-01-07T00:12:12.275+0000] {dag.py:3036} INFO - Sync 1 DAGs
[2025-01-07T00:12:12.329+0000] {logging_mixin.py:188} INFO - [2025-01-07T00:12:12.329+0000] {dag.py:3823} INFO - Setting next_dagrun for example_branch_labels to 2025-01-06 00:00:00+00:00, run_after=2025-01-07 00:00:00+00:00
[2025-01-07T00:12:12.422+0000] {processor.py:183} INFO - Processing /home/airflow/.local/lib/python3.8/site-packages/airflow/example_dags/example_branch_labels.py took 0.209 seconds
[2025-01-07T00:12:42.654+0000] {processor.py:161} INFO - Started process (PID=7371) to work on /home/airflow/.local/lib/python3.8/site-packages/airflow/example_dags/example_branch_labels.py
[2025-01-07T00:12:42.656+0000] {processor.py:830} INFO - Processing file /home/airflow/.local/lib/python3.8/site-packages/airflow/example_dags/example_branch_labels.py for tasks to queue
[2025-01-07T00:12:42.659+0000] {logging_mixin.py:188} INFO - [2025-01-07T00:12:42.659+0000] {dagbag.py:538} INFO - Filling up the DagBag from /home/airflow/.local/lib/python3.8/site-packages/airflow/example_dags/example_branch_labels.py
[2025-01-07T00:12:42.673+0000] {processor.py:840} INFO - DAG(s) 'example_branch_labels' retrieved from /home/airflow/.local/lib/python3.8/site-packages/airflow/example_dags/example_branch_labels.py
[2025-01-07T00:12:42.714+0000] {logging_mixin.py:188} INFO - [2025-01-07T00:12:42.713+0000] {dag.py:3036} INFO - Sync 1 DAGs
[2025-01-07T00:12:42.754+0000] {logging_mixin.py:188} INFO - [2025-01-07T00:12:42.754+0000] {dag.py:3823} INFO - Setting next_dagrun for example_branch_labels to 2025-01-06 00:00:00+00:00, run_after=2025-01-07 00:00:00+00:00
[2025-01-07T00:12:42.821+0000] {processor.py:183} INFO - Processing /home/airflow/.local/lib/python3.8/site-packages/airflow/example_dags/example_branch_labels.py took 0.173 seconds
[2025-01-07T00:13:13.188+0000] {processor.py:161} INFO - Started process (PID=7428) to work on /home/airflow/.local/lib/python3.8/site-packages/airflow/example_dags/example_branch_labels.py
[2025-01-07T00:13:13.190+0000] {processor.py:830} INFO - Processing file /home/airflow/.local/lib/python3.8/site-packages/airflow/example_dags/example_branch_labels.py for tasks to queue
[2025-01-07T00:13:13.194+0000] {logging_mixin.py:188} INFO - [2025-01-07T00:13:13.193+0000] {dagbag.py:538} INFO - Filling up the DagBag from /home/airflow/.local/lib/python3.8/site-packages/airflow/example_dags/example_branch_labels.py
[2025-01-07T00:13:13.209+0000] {processor.py:840} INFO - DAG(s) 'example_branch_labels' retrieved from /home/airflow/.local/lib/python3.8/site-packages/airflow/example_dags/example_branch_labels.py
[2025-01-07T00:13:13.250+0000] {logging_mixin.py:188} INFO - [2025-01-07T00:13:13.249+0000] {dag.py:3036} INFO - Sync 1 DAGs
[2025-01-07T00:13:13.282+0000] {logging_mixin.py:188} INFO - [2025-01-07T00:13:13.281+0000] {dag.py:3823} INFO - Setting next_dagrun for example_branch_labels to 2025-01-06 00:00:00+00:00, run_after=2025-01-07 00:00:00+00:00
[2025-01-07T00:13:13.308+0000] {processor.py:183} INFO - Processing /home/airflow/.local/lib/python3.8/site-packages/airflow/example_dags/example_branch_labels.py took 0.125 seconds
[2025-01-07T00:13:43.510+0000] {processor.py:161} INFO - Started process (PID=7486) to work on /home/airflow/.local/lib/python3.8/site-packages/airflow/example_dags/example_branch_labels.py
[2025-01-07T00:13:43.512+0000] {processor.py:830} INFO - Processing file /home/airflow/.local/lib/python3.8/site-packages/airflow/example_dags/example_branch_labels.py for tasks to queue
[2025-01-07T00:13:43.518+0000] {logging_mixin.py:188} INFO - [2025-01-07T00:13:43.517+0000] {dagbag.py:538} INFO - Filling up the DagBag from /home/airflow/.local/lib/python3.8/site-packages/airflow/example_dags/example_branch_labels.py
[2025-01-07T00:13:43.535+0000] {processor.py:840} INFO - DAG(s) 'example_branch_labels' retrieved from /home/airflow/.local/lib/python3.8/site-packages/airflow/example_dags/example_branch_labels.py
[2025-01-07T00:13:43.573+0000] {logging_mixin.py:188} INFO - [2025-01-07T00:13:43.573+0000] {dag.py:3036} INFO - Sync 1 DAGs
[2025-01-07T00:13:43.604+0000] {logging_mixin.py:188} INFO - [2025-01-07T00:13:43.603+0000] {dag.py:3823} INFO - Setting next_dagrun for example_branch_labels to 2025-01-06 00:00:00+00:00, run_after=2025-01-07 00:00:00+00:00
[2025-01-07T00:13:43.630+0000] {processor.py:183} INFO - Processing /home/airflow/.local/lib/python3.8/site-packages/airflow/example_dags/example_branch_labels.py took 0.128 seconds
[2025-01-07T00:14:13.935+0000] {processor.py:161} INFO - Started process (PID=7543) to work on /home/airflow/.local/lib/python3.8/site-packages/airflow/example_dags/example_branch_labels.py
[2025-01-07T00:14:13.937+0000] {processor.py:830} INFO - Processing file /home/airflow/.local/lib/python3.8/site-packages/airflow/example_dags/example_branch_labels.py for tasks to queue
[2025-01-07T00:14:13.944+0000] {logging_mixin.py:188} INFO - [2025-01-07T00:14:13.944+0000] {dagbag.py:538} INFO - Filling up the DagBag from /home/airflow/.local/lib/python3.8/site-packages/airflow/example_dags/example_branch_labels.py
[2025-01-07T00:14:13.965+0000] {processor.py:840} INFO - DAG(s) 'example_branch_labels' retrieved from /home/airflow/.local/lib/python3.8/site-packages/airflow/example_dags/example_branch_labels.py
[2025-01-07T00:14:14.011+0000] {logging_mixin.py:188} INFO - [2025-01-07T00:14:14.010+0000] {dag.py:3036} INFO - Sync 1 DAGs
[2025-01-07T00:14:14.057+0000] {logging_mixin.py:188} INFO - [2025-01-07T00:14:14.055+0000] {dag.py:3823} INFO - Setting next_dagrun for example_branch_labels to 2025-01-06 00:00:00+00:00, run_after=2025-01-07 00:00:00+00:00
[2025-01-07T00:14:14.092+0000] {processor.py:183} INFO - Processing /home/airflow/.local/lib/python3.8/site-packages/airflow/example_dags/example_branch_labels.py took 0.163 seconds
[2025-01-07T00:14:45.267+0000] {processor.py:161} INFO - Started process (PID=7600) to work on /home/airflow/.local/lib/python3.8/site-packages/airflow/example_dags/example_branch_labels.py
[2025-01-07T00:14:45.280+0000] {processor.py:830} INFO - Processing file /home/airflow/.local/lib/python3.8/site-packages/airflow/example_dags/example_branch_labels.py for tasks to queue
[2025-01-07T00:14:45.302+0000] {logging_mixin.py:188} INFO - [2025-01-07T00:14:45.297+0000] {dagbag.py:538} INFO - Filling up the DagBag from /home/airflow/.local/lib/python3.8/site-packages/airflow/example_dags/example_branch_labels.py
[2025-01-07T00:14:45.327+0000] {processor.py:840} INFO - DAG(s) 'example_branch_labels' retrieved from /home/airflow/.local/lib/python3.8/site-packages/airflow/example_dags/example_branch_labels.py
[2025-01-07T00:14:45.425+0000] {logging_mixin.py:188} INFO - [2025-01-07T00:14:45.425+0000] {dag.py:3036} INFO - Sync 1 DAGs
[2025-01-07T00:14:45.495+0000] {logging_mixin.py:188} INFO - [2025-01-07T00:14:45.495+0000] {dag.py:3823} INFO - Setting next_dagrun for example_branch_labels to 2025-01-06 00:00:00+00:00, run_after=2025-01-07 00:00:00+00:00
[2025-01-07T00:14:45.537+0000] {processor.py:183} INFO - Processing /home/airflow/.local/lib/python3.8/site-packages/airflow/example_dags/example_branch_labels.py took 0.275 seconds
[2025-01-07T00:15:16.368+0000] {processor.py:161} INFO - Started process (PID=7663) to work on /home/airflow/.local/lib/python3.8/site-packages/airflow/example_dags/example_branch_labels.py
[2025-01-07T00:15:16.369+0000] {processor.py:830} INFO - Processing file /home/airflow/.local/lib/python3.8/site-packages/airflow/example_dags/example_branch_labels.py for tasks to queue
[2025-01-07T00:15:16.372+0000] {logging_mixin.py:188} INFO - [2025-01-07T00:15:16.371+0000] {dagbag.py:538} INFO - Filling up the DagBag from /home/airflow/.local/lib/python3.8/site-packages/airflow/example_dags/example_branch_labels.py
[2025-01-07T00:15:16.390+0000] {processor.py:840} INFO - DAG(s) 'example_branch_labels' retrieved from /home/airflow/.local/lib/python3.8/site-packages/airflow/example_dags/example_branch_labels.py
[2025-01-07T00:15:16.427+0000] {logging_mixin.py:188} INFO - [2025-01-07T00:15:16.426+0000] {dag.py:3036} INFO - Sync 1 DAGs
[2025-01-07T00:15:16.465+0000] {logging_mixin.py:188} INFO - [2025-01-07T00:15:16.464+0000] {dag.py:3823} INFO - Setting next_dagrun for example_branch_labels to 2025-01-06 00:00:00+00:00, run_after=2025-01-07 00:00:00+00:00
[2025-01-07T00:15:16.493+0000] {processor.py:183} INFO - Processing /home/airflow/.local/lib/python3.8/site-packages/airflow/example_dags/example_branch_labels.py took 0.130 seconds
[2025-01-07T00:15:47.218+0000] {processor.py:161} INFO - Started process (PID=7720) to work on /home/airflow/.local/lib/python3.8/site-packages/airflow/example_dags/example_branch_labels.py
[2025-01-07T00:15:47.222+0000] {processor.py:830} INFO - Processing file /home/airflow/.local/lib/python3.8/site-packages/airflow/example_dags/example_branch_labels.py for tasks to queue
[2025-01-07T00:15:47.232+0000] {logging_mixin.py:188} INFO - [2025-01-07T00:15:47.232+0000] {dagbag.py:538} INFO - Filling up the DagBag from /home/airflow/.local/lib/python3.8/site-packages/airflow/example_dags/example_branch_labels.py
[2025-01-07T00:15:47.256+0000] {processor.py:840} INFO - DAG(s) 'example_branch_labels' retrieved from /home/airflow/.local/lib/python3.8/site-packages/airflow/example_dags/example_branch_labels.py
[2025-01-07T00:15:47.339+0000] {logging_mixin.py:188} INFO - [2025-01-07T00:15:47.339+0000] {dag.py:3036} INFO - Sync 1 DAGs
[2025-01-07T00:15:47.399+0000] {logging_mixin.py:188} INFO - [2025-01-07T00:15:47.399+0000] {dag.py:3823} INFO - Setting next_dagrun for example_branch_labels to 2025-01-06 00:00:00+00:00, run_after=2025-01-07 00:00:00+00:00
[2025-01-07T00:15:47.439+0000] {processor.py:183} INFO - Processing /home/airflow/.local/lib/python3.8/site-packages/airflow/example_dags/example_branch_labels.py took 0.227 seconds
[2025-01-07T00:16:17.494+0000] {processor.py:161} INFO - Started process (PID=7778) to work on /home/airflow/.local/lib/python3.8/site-packages/airflow/example_dags/example_branch_labels.py
[2025-01-07T00:16:17.496+0000] {processor.py:830} INFO - Processing file /home/airflow/.local/lib/python3.8/site-packages/airflow/example_dags/example_branch_labels.py for tasks to queue
[2025-01-07T00:16:17.502+0000] {logging_mixin.py:188} INFO - [2025-01-07T00:16:17.500+0000] {dagbag.py:538} INFO - Filling up the DagBag from /home/airflow/.local/lib/python3.8/site-packages/airflow/example_dags/example_branch_labels.py
[2025-01-07T00:16:17.520+0000] {processor.py:840} INFO - DAG(s) 'example_branch_labels' retrieved from /home/airflow/.local/lib/python3.8/site-packages/airflow/example_dags/example_branch_labels.py
[2025-01-07T00:16:17.558+0000] {logging_mixin.py:188} INFO - [2025-01-07T00:16:17.558+0000] {dag.py:3036} INFO - Sync 1 DAGs
[2025-01-07T00:16:17.600+0000] {logging_mixin.py:188} INFO - [2025-01-07T00:16:17.599+0000] {dag.py:3823} INFO - Setting next_dagrun for example_branch_labels to 2025-01-06 00:00:00+00:00, run_after=2025-01-07 00:00:00+00:00
[2025-01-07T00:16:17.635+0000] {processor.py:183} INFO - Processing /home/airflow/.local/lib/python3.8/site-packages/airflow/example_dags/example_branch_labels.py took 0.146 seconds
[2025-01-07T00:16:48.259+0000] {processor.py:161} INFO - Started process (PID=7835) to work on /home/airflow/.local/lib/python3.8/site-packages/airflow/example_dags/example_branch_labels.py
[2025-01-07T00:16:48.265+0000] {processor.py:830} INFO - Processing file /home/airflow/.local/lib/python3.8/site-packages/airflow/example_dags/example_branch_labels.py for tasks to queue
[2025-01-07T00:16:48.277+0000] {logging_mixin.py:188} INFO - [2025-01-07T00:16:48.277+0000] {dagbag.py:538} INFO - Filling up the DagBag from /home/airflow/.local/lib/python3.8/site-packages/airflow/example_dags/example_branch_labels.py
[2025-01-07T00:16:48.327+0000] {processor.py:840} INFO - DAG(s) 'example_branch_labels' retrieved from /home/airflow/.local/lib/python3.8/site-packages/airflow/example_dags/example_branch_labels.py
[2025-01-07T00:16:48.444+0000] {logging_mixin.py:188} INFO - [2025-01-07T00:16:48.444+0000] {dag.py:3036} INFO - Sync 1 DAGs
[2025-01-07T00:16:48.601+0000] {logging_mixin.py:188} INFO - [2025-01-07T00:16:48.601+0000] {dag.py:3823} INFO - Setting next_dagrun for example_branch_labels to 2025-01-06 00:00:00+00:00, run_after=2025-01-07 00:00:00+00:00
[2025-01-07T00:16:48.686+0000] {processor.py:183} INFO - Processing /home/airflow/.local/lib/python3.8/site-packages/airflow/example_dags/example_branch_labels.py took 0.442 seconds
[2025-01-07T00:17:19.097+0000] {processor.py:161} INFO - Started process (PID=7891) to work on /home/airflow/.local/lib/python3.8/site-packages/airflow/example_dags/example_branch_labels.py
[2025-01-07T00:17:19.103+0000] {processor.py:830} INFO - Processing file /home/airflow/.local/lib/python3.8/site-packages/airflow/example_dags/example_branch_labels.py for tasks to queue
[2025-01-07T00:17:19.113+0000] {logging_mixin.py:188} INFO - [2025-01-07T00:17:19.113+0000] {dagbag.py:538} INFO - Filling up the DagBag from /home/airflow/.local/lib/python3.8/site-packages/airflow/example_dags/example_branch_labels.py
[2025-01-07T00:17:19.159+0000] {processor.py:840} INFO - DAG(s) 'example_branch_labels' retrieved from /home/airflow/.local/lib/python3.8/site-packages/airflow/example_dags/example_branch_labels.py
[2025-01-07T00:17:19.261+0000] {logging_mixin.py:188} INFO - [2025-01-07T00:17:19.261+0000] {dag.py:3036} INFO - Sync 1 DAGs
[2025-01-07T00:17:19.408+0000] {logging_mixin.py:188} INFO - [2025-01-07T00:17:19.398+0000] {dag.py:3823} INFO - Setting next_dagrun for example_branch_labels to 2025-01-06 00:00:00+00:00, run_after=2025-01-07 00:00:00+00:00
[2025-01-07T00:17:19.491+0000] {processor.py:183} INFO - Processing /home/airflow/.local/lib/python3.8/site-packages/airflow/example_dags/example_branch_labels.py took 0.400 seconds
[2025-01-07T00:17:50.040+0000] {processor.py:161} INFO - Started process (PID=7948) to work on /home/airflow/.local/lib/python3.8/site-packages/airflow/example_dags/example_branch_labels.py
[2025-01-07T00:17:50.042+0000] {processor.py:830} INFO - Processing file /home/airflow/.local/lib/python3.8/site-packages/airflow/example_dags/example_branch_labels.py for tasks to queue
[2025-01-07T00:17:50.056+0000] {logging_mixin.py:188} INFO - [2025-01-07T00:17:50.056+0000] {dagbag.py:538} INFO - Filling up the DagBag from /home/airflow/.local/lib/python3.8/site-packages/airflow/example_dags/example_branch_labels.py
[2025-01-07T00:17:50.092+0000] {processor.py:840} INFO - DAG(s) 'example_branch_labels' retrieved from /home/airflow/.local/lib/python3.8/site-packages/airflow/example_dags/example_branch_labels.py
[2025-01-07T00:17:50.186+0000] {logging_mixin.py:188} INFO - [2025-01-07T00:17:50.186+0000] {dag.py:3036} INFO - Sync 1 DAGs
[2025-01-07T00:17:50.304+0000] {logging_mixin.py:188} INFO - [2025-01-07T00:17:50.304+0000] {dag.py:3823} INFO - Setting next_dagrun for example_branch_labels to 2025-01-06 00:00:00+00:00, run_after=2025-01-07 00:00:00+00:00
[2025-01-07T00:17:50.385+0000] {processor.py:183} INFO - Processing /home/airflow/.local/lib/python3.8/site-packages/airflow/example_dags/example_branch_labels.py took 0.356 seconds
[2025-01-07T00:18:22.604+0000] {processor.py:161} INFO - Started process (PID=8005) to work on /home/airflow/.local/lib/python3.8/site-packages/airflow/example_dags/example_branch_labels.py
[2025-01-07T00:18:22.617+0000] {processor.py:830} INFO - Processing file /home/airflow/.local/lib/python3.8/site-packages/airflow/example_dags/example_branch_labels.py for tasks to queue
[2025-01-07T00:18:22.628+0000] {logging_mixin.py:188} INFO - [2025-01-07T00:18:22.627+0000] {dagbag.py:538} INFO - Filling up the DagBag from /home/airflow/.local/lib/python3.8/site-packages/airflow/example_dags/example_branch_labels.py
[2025-01-07T00:18:22.682+0000] {processor.py:840} INFO - DAG(s) 'example_branch_labels' retrieved from /home/airflow/.local/lib/python3.8/site-packages/airflow/example_dags/example_branch_labels.py
[2025-01-07T00:18:22.831+0000] {logging_mixin.py:188} INFO - [2025-01-07T00:18:22.830+0000] {dag.py:3036} INFO - Sync 1 DAGs
[2025-01-07T00:18:23.007+0000] {logging_mixin.py:188} INFO - [2025-01-07T00:18:23.007+0000] {dag.py:3823} INFO - Setting next_dagrun for example_branch_labels to 2025-01-06 00:00:00+00:00, run_after=2025-01-07 00:00:00+00:00
[2025-01-07T00:18:23.137+0000] {processor.py:183} INFO - Processing /home/airflow/.local/lib/python3.8/site-packages/airflow/example_dags/example_branch_labels.py took 0.548 seconds
[2025-01-07T00:18:56.827+0000] {processor.py:161} INFO - Started process (PID=8060) to work on /home/airflow/.local/lib/python3.8/site-packages/airflow/example_dags/example_branch_labels.py
[2025-01-07T00:18:56.856+0000] {processor.py:830} INFO - Processing file /home/airflow/.local/lib/python3.8/site-packages/airflow/example_dags/example_branch_labels.py for tasks to queue
[2025-01-07T00:18:56.882+0000] {logging_mixin.py:188} INFO - [2025-01-07T00:18:56.881+0000] {dagbag.py:538} INFO - Filling up the DagBag from /home/airflow/.local/lib/python3.8/site-packages/airflow/example_dags/example_branch_labels.py
[2025-01-07T00:18:56.994+0000] {processor.py:840} INFO - DAG(s) 'example_branch_labels' retrieved from /home/airflow/.local/lib/python3.8/site-packages/airflow/example_dags/example_branch_labels.py
[2025-01-07T00:18:57.234+0000] {logging_mixin.py:188} INFO - [2025-01-07T00:18:57.233+0000] {dag.py:3036} INFO - Sync 1 DAGs
[2025-01-07T00:18:57.558+0000] {logging_mixin.py:188} INFO - [2025-01-07T00:18:57.558+0000] {dag.py:3823} INFO - Setting next_dagrun for example_branch_labels to 2025-01-06 00:00:00+00:00, run_after=2025-01-07 00:00:00+00:00
[2025-01-07T00:18:57.647+0000] {processor.py:183} INFO - Processing /home/airflow/.local/lib/python3.8/site-packages/airflow/example_dags/example_branch_labels.py took 0.847 seconds
[2025-01-07T00:19:28.244+0000] {processor.py:161} INFO - Started process (PID=8122) to work on /home/airflow/.local/lib/python3.8/site-packages/airflow/example_dags/example_branch_labels.py
[2025-01-07T00:19:28.248+0000] {processor.py:830} INFO - Processing file /home/airflow/.local/lib/python3.8/site-packages/airflow/example_dags/example_branch_labels.py for tasks to queue
[2025-01-07T00:19:28.251+0000] {logging_mixin.py:188} INFO - [2025-01-07T00:19:28.251+0000] {dagbag.py:538} INFO - Filling up the DagBag from /home/airflow/.local/lib/python3.8/site-packages/airflow/example_dags/example_branch_labels.py
[2025-01-07T00:19:28.275+0000] {processor.py:840} INFO - DAG(s) 'example_branch_labels' retrieved from /home/airflow/.local/lib/python3.8/site-packages/airflow/example_dags/example_branch_labels.py
[2025-01-07T00:19:28.341+0000] {logging_mixin.py:188} INFO - [2025-01-07T00:19:28.340+0000] {dag.py:3036} INFO - Sync 1 DAGs
[2025-01-07T00:19:28.427+0000] {logging_mixin.py:188} INFO - [2025-01-07T00:19:28.427+0000] {dag.py:3823} INFO - Setting next_dagrun for example_branch_labels to 2025-01-06 00:00:00+00:00, run_after=2025-01-07 00:00:00+00:00
[2025-01-07T00:19:28.534+0000] {processor.py:183} INFO - Processing /home/airflow/.local/lib/python3.8/site-packages/airflow/example_dags/example_branch_labels.py took 0.298 seconds
[2025-01-07T00:19:59.126+0000] {processor.py:161} INFO - Started process (PID=8179) to work on /home/airflow/.local/lib/python3.8/site-packages/airflow/example_dags/example_branch_labels.py
[2025-01-07T00:19:59.128+0000] {processor.py:830} INFO - Processing file /home/airflow/.local/lib/python3.8/site-packages/airflow/example_dags/example_branch_labels.py for tasks to queue
[2025-01-07T00:19:59.132+0000] {logging_mixin.py:188} INFO - [2025-01-07T00:19:59.132+0000] {dagbag.py:538} INFO - Filling up the DagBag from /home/airflow/.local/lib/python3.8/site-packages/airflow/example_dags/example_branch_labels.py
[2025-01-07T00:19:59.145+0000] {processor.py:840} INFO - DAG(s) 'example_branch_labels' retrieved from /home/airflow/.local/lib/python3.8/site-packages/airflow/example_dags/example_branch_labels.py
[2025-01-07T00:19:59.180+0000] {logging_mixin.py:188} INFO - [2025-01-07T00:19:59.180+0000] {dag.py:3036} INFO - Sync 1 DAGs
[2025-01-07T00:19:59.223+0000] {logging_mixin.py:188} INFO - [2025-01-07T00:19:59.222+0000] {dag.py:3823} INFO - Setting next_dagrun for example_branch_labels to 2025-01-06 00:00:00+00:00, run_after=2025-01-07 00:00:00+00:00
[2025-01-07T00:19:59.263+0000] {processor.py:183} INFO - Processing /home/airflow/.local/lib/python3.8/site-packages/airflow/example_dags/example_branch_labels.py took 0.143 seconds
[2025-01-07T00:20:29.779+0000] {processor.py:161} INFO - Started process (PID=8236) to work on /home/airflow/.local/lib/python3.8/site-packages/airflow/example_dags/example_branch_labels.py
[2025-01-07T00:20:29.780+0000] {processor.py:830} INFO - Processing file /home/airflow/.local/lib/python3.8/site-packages/airflow/example_dags/example_branch_labels.py for tasks to queue
[2025-01-07T00:20:29.783+0000] {logging_mixin.py:188} INFO - [2025-01-07T00:20:29.782+0000] {dagbag.py:538} INFO - Filling up the DagBag from /home/airflow/.local/lib/python3.8/site-packages/airflow/example_dags/example_branch_labels.py
[2025-01-07T00:20:29.795+0000] {processor.py:840} INFO - DAG(s) 'example_branch_labels' retrieved from /home/airflow/.local/lib/python3.8/site-packages/airflow/example_dags/example_branch_labels.py
[2025-01-07T00:20:29.830+0000] {logging_mixin.py:188} INFO - [2025-01-07T00:20:29.829+0000] {dag.py:3036} INFO - Sync 1 DAGs
[2025-01-07T00:20:29.871+0000] {logging_mixin.py:188} INFO - [2025-01-07T00:20:29.871+0000] {dag.py:3823} INFO - Setting next_dagrun for example_branch_labels to 2025-01-06 00:00:00+00:00, run_after=2025-01-07 00:00:00+00:00
[2025-01-07T00:20:29.904+0000] {processor.py:183} INFO - Processing /home/airflow/.local/lib/python3.8/site-packages/airflow/example_dags/example_branch_labels.py took 0.128 seconds
[2025-01-07T00:21:00.226+0000] {processor.py:161} INFO - Started process (PID=8294) to work on /home/airflow/.local/lib/python3.8/site-packages/airflow/example_dags/example_branch_labels.py
[2025-01-07T00:21:00.228+0000] {processor.py:830} INFO - Processing file /home/airflow/.local/lib/python3.8/site-packages/airflow/example_dags/example_branch_labels.py for tasks to queue
[2025-01-07T00:21:00.231+0000] {logging_mixin.py:188} INFO - [2025-01-07T00:21:00.231+0000] {dagbag.py:538} INFO - Filling up the DagBag from /home/airflow/.local/lib/python3.8/site-packages/airflow/example_dags/example_branch_labels.py
[2025-01-07T00:21:00.247+0000] {processor.py:840} INFO - DAG(s) 'example_branch_labels' retrieved from /home/airflow/.local/lib/python3.8/site-packages/airflow/example_dags/example_branch_labels.py
[2025-01-07T00:21:00.290+0000] {logging_mixin.py:188} INFO - [2025-01-07T00:21:00.289+0000] {dag.py:3036} INFO - Sync 1 DAGs
[2025-01-07T00:21:00.339+0000] {logging_mixin.py:188} INFO - [2025-01-07T00:21:00.338+0000] {dag.py:3823} INFO - Setting next_dagrun for example_branch_labels to 2025-01-06 00:00:00+00:00, run_after=2025-01-07 00:00:00+00:00
[2025-01-07T00:21:00.369+0000] {processor.py:183} INFO - Processing /home/airflow/.local/lib/python3.8/site-packages/airflow/example_dags/example_branch_labels.py took 0.152 seconds
[2025-01-07T00:21:32.320+0000] {processor.py:161} INFO - Started process (PID=8351) to work on /home/airflow/.local/lib/python3.8/site-packages/airflow/example_dags/example_branch_labels.py
[2025-01-07T00:21:32.416+0000] {processor.py:830} INFO - Processing file /home/airflow/.local/lib/python3.8/site-packages/airflow/example_dags/example_branch_labels.py for tasks to queue
[2025-01-07T00:21:32.484+0000] {logging_mixin.py:188} INFO - [2025-01-07T00:21:32.483+0000] {dagbag.py:538} INFO - Filling up the DagBag from /home/airflow/.local/lib/python3.8/site-packages/airflow/example_dags/example_branch_labels.py
[2025-01-07T00:21:32.533+0000] {processor.py:840} INFO - DAG(s) 'example_branch_labels' retrieved from /home/airflow/.local/lib/python3.8/site-packages/airflow/example_dags/example_branch_labels.py
[2025-01-07T00:21:32.622+0000] {logging_mixin.py:188} INFO - [2025-01-07T00:21:32.622+0000] {dag.py:3036} INFO - Sync 1 DAGs
[2025-01-07T00:21:32.770+0000] {logging_mixin.py:188} INFO - [2025-01-07T00:21:32.759+0000] {dag.py:3823} INFO - Setting next_dagrun for example_branch_labels to 2025-01-06 00:00:00+00:00, run_after=2025-01-07 00:00:00+00:00
[2025-01-07T00:21:32.901+0000] {processor.py:183} INFO - Processing /home/airflow/.local/lib/python3.8/site-packages/airflow/example_dags/example_branch_labels.py took 0.586 seconds
[2025-01-07T00:22:03.076+0000] {processor.py:161} INFO - Started process (PID=8408) to work on /home/airflow/.local/lib/python3.8/site-packages/airflow/example_dags/example_branch_labels.py
[2025-01-07T00:22:03.079+0000] {processor.py:830} INFO - Processing file /home/airflow/.local/lib/python3.8/site-packages/airflow/example_dags/example_branch_labels.py for tasks to queue
[2025-01-07T00:22:03.082+0000] {logging_mixin.py:188} INFO - [2025-01-07T00:22:03.081+0000] {dagbag.py:538} INFO - Filling up the DagBag from /home/airflow/.local/lib/python3.8/site-packages/airflow/example_dags/example_branch_labels.py
[2025-01-07T00:22:03.096+0000] {processor.py:840} INFO - DAG(s) 'example_branch_labels' retrieved from /home/airflow/.local/lib/python3.8/site-packages/airflow/example_dags/example_branch_labels.py
[2025-01-07T00:22:03.130+0000] {logging_mixin.py:188} INFO - [2025-01-07T00:22:03.130+0000] {dag.py:3036} INFO - Sync 1 DAGs
[2025-01-07T00:22:03.166+0000] {logging_mixin.py:188} INFO - [2025-01-07T00:22:03.165+0000] {dag.py:3823} INFO - Setting next_dagrun for example_branch_labels to 2025-01-06 00:00:00+00:00, run_after=2025-01-07 00:00:00+00:00
[2025-01-07T00:22:03.190+0000] {processor.py:183} INFO - Processing /home/airflow/.local/lib/python3.8/site-packages/airflow/example_dags/example_branch_labels.py took 0.119 seconds
[2025-01-07T00:22:33.567+0000] {processor.py:161} INFO - Started process (PID=8465) to work on /home/airflow/.local/lib/python3.8/site-packages/airflow/example_dags/example_branch_labels.py
[2025-01-07T00:22:33.569+0000] {processor.py:830} INFO - Processing file /home/airflow/.local/lib/python3.8/site-packages/airflow/example_dags/example_branch_labels.py for tasks to queue
[2025-01-07T00:22:33.575+0000] {logging_mixin.py:188} INFO - [2025-01-07T00:22:33.574+0000] {dagbag.py:538} INFO - Filling up the DagBag from /home/airflow/.local/lib/python3.8/site-packages/airflow/example_dags/example_branch_labels.py
[2025-01-07T00:22:33.591+0000] {processor.py:840} INFO - DAG(s) 'example_branch_labels' retrieved from /home/airflow/.local/lib/python3.8/site-packages/airflow/example_dags/example_branch_labels.py
[2025-01-07T00:22:33.633+0000] {logging_mixin.py:188} INFO - [2025-01-07T00:22:33.632+0000] {dag.py:3036} INFO - Sync 1 DAGs
[2025-01-07T00:22:33.694+0000] {logging_mixin.py:188} INFO - [2025-01-07T00:22:33.694+0000] {dag.py:3823} INFO - Setting next_dagrun for example_branch_labels to 2025-01-06 00:00:00+00:00, run_after=2025-01-07 00:00:00+00:00
[2025-01-07T00:22:33.730+0000] {processor.py:183} INFO - Processing /home/airflow/.local/lib/python3.8/site-packages/airflow/example_dags/example_branch_labels.py took 0.170 seconds
[2025-01-07T00:23:04.420+0000] {processor.py:161} INFO - Started process (PID=8522) to work on /home/airflow/.local/lib/python3.8/site-packages/airflow/example_dags/example_branch_labels.py
[2025-01-07T00:23:04.421+0000] {processor.py:830} INFO - Processing file /home/airflow/.local/lib/python3.8/site-packages/airflow/example_dags/example_branch_labels.py for tasks to queue
[2025-01-07T00:23:04.423+0000] {logging_mixin.py:188} INFO - [2025-01-07T00:23:04.423+0000] {dagbag.py:538} INFO - Filling up the DagBag from /home/airflow/.local/lib/python3.8/site-packages/airflow/example_dags/example_branch_labels.py
[2025-01-07T00:23:04.434+0000] {processor.py:840} INFO - DAG(s) 'example_branch_labels' retrieved from /home/airflow/.local/lib/python3.8/site-packages/airflow/example_dags/example_branch_labels.py
[2025-01-07T00:23:04.461+0000] {logging_mixin.py:188} INFO - [2025-01-07T00:23:04.461+0000] {dag.py:3036} INFO - Sync 1 DAGs
[2025-01-07T00:23:04.491+0000] {logging_mixin.py:188} INFO - [2025-01-07T00:23:04.491+0000] {dag.py:3823} INFO - Setting next_dagrun for example_branch_labels to 2025-01-06 00:00:00+00:00, run_after=2025-01-07 00:00:00+00:00
[2025-01-07T00:23:04.527+0000] {processor.py:183} INFO - Processing /home/airflow/.local/lib/python3.8/site-packages/airflow/example_dags/example_branch_labels.py took 0.112 seconds
[2025-01-07T00:23:35.126+0000] {processor.py:161} INFO - Started process (PID=8577) to work on /home/airflow/.local/lib/python3.8/site-packages/airflow/example_dags/example_branch_labels.py
[2025-01-07T00:23:35.131+0000] {processor.py:830} INFO - Processing file /home/airflow/.local/lib/python3.8/site-packages/airflow/example_dags/example_branch_labels.py for tasks to queue
[2025-01-07T00:23:35.145+0000] {logging_mixin.py:188} INFO - [2025-01-07T00:23:35.145+0000] {dagbag.py:538} INFO - Filling up the DagBag from /home/airflow/.local/lib/python3.8/site-packages/airflow/example_dags/example_branch_labels.py
[2025-01-07T00:23:35.171+0000] {processor.py:840} INFO - DAG(s) 'example_branch_labels' retrieved from /home/airflow/.local/lib/python3.8/site-packages/airflow/example_dags/example_branch_labels.py
[2025-01-07T00:23:35.270+0000] {logging_mixin.py:188} INFO - [2025-01-07T00:23:35.269+0000] {dag.py:3036} INFO - Sync 1 DAGs
[2025-01-07T00:23:35.379+0000] {logging_mixin.py:188} INFO - [2025-01-07T00:23:35.379+0000] {dag.py:3823} INFO - Setting next_dagrun for example_branch_labels to 2025-01-06 00:00:00+00:00, run_after=2025-01-07 00:00:00+00:00
[2025-01-07T00:23:35.460+0000] {processor.py:183} INFO - Processing /home/airflow/.local/lib/python3.8/site-packages/airflow/example_dags/example_branch_labels.py took 0.339 seconds
[2025-01-07T00:24:06.300+0000] {processor.py:161} INFO - Started process (PID=8634) to work on /home/airflow/.local/lib/python3.8/site-packages/airflow/example_dags/example_branch_labels.py
[2025-01-07T00:24:06.301+0000] {processor.py:830} INFO - Processing file /home/airflow/.local/lib/python3.8/site-packages/airflow/example_dags/example_branch_labels.py for tasks to queue
[2025-01-07T00:24:06.304+0000] {logging_mixin.py:188} INFO - [2025-01-07T00:24:06.303+0000] {dagbag.py:538} INFO - Filling up the DagBag from /home/airflow/.local/lib/python3.8/site-packages/airflow/example_dags/example_branch_labels.py
[2025-01-07T00:24:06.315+0000] {processor.py:840} INFO - DAG(s) 'example_branch_labels' retrieved from /home/airflow/.local/lib/python3.8/site-packages/airflow/example_dags/example_branch_labels.py
[2025-01-07T00:24:06.347+0000] {logging_mixin.py:188} INFO - [2025-01-07T00:24:06.347+0000] {dag.py:3036} INFO - Sync 1 DAGs
[2025-01-07T00:24:06.388+0000] {logging_mixin.py:188} INFO - [2025-01-07T00:24:06.388+0000] {dag.py:3823} INFO - Setting next_dagrun for example_branch_labels to 2025-01-06 00:00:00+00:00, run_after=2025-01-07 00:00:00+00:00
[2025-01-07T00:24:06.417+0000] {processor.py:183} INFO - Processing /home/airflow/.local/lib/python3.8/site-packages/airflow/example_dags/example_branch_labels.py took 0.123 seconds
[2025-01-07T00:24:36.654+0000] {processor.py:161} INFO - Started process (PID=8690) to work on /home/airflow/.local/lib/python3.8/site-packages/airflow/example_dags/example_branch_labels.py
[2025-01-07T00:24:36.656+0000] {processor.py:830} INFO - Processing file /home/airflow/.local/lib/python3.8/site-packages/airflow/example_dags/example_branch_labels.py for tasks to queue
[2025-01-07T00:24:36.662+0000] {logging_mixin.py:188} INFO - [2025-01-07T00:24:36.661+0000] {dagbag.py:538} INFO - Filling up the DagBag from /home/airflow/.local/lib/python3.8/site-packages/airflow/example_dags/example_branch_labels.py
[2025-01-07T00:24:36.681+0000] {processor.py:840} INFO - DAG(s) 'example_branch_labels' retrieved from /home/airflow/.local/lib/python3.8/site-packages/airflow/example_dags/example_branch_labels.py
[2025-01-07T00:24:36.726+0000] {logging_mixin.py:188} INFO - [2025-01-07T00:24:36.726+0000] {dag.py:3036} INFO - Sync 1 DAGs
[2025-01-07T00:24:36.789+0000] {logging_mixin.py:188} INFO - [2025-01-07T00:24:36.789+0000] {dag.py:3823} INFO - Setting next_dagrun for example_branch_labels to 2025-01-06 00:00:00+00:00, run_after=2025-01-07 00:00:00+00:00
[2025-01-07T00:24:37.087+0000] {processor.py:183} INFO - Processing /home/airflow/.local/lib/python3.8/site-packages/airflow/example_dags/example_branch_labels.py took 0.437 seconds
