[2025-01-07T00:00:02.221+0000] {processor.py:161} INFO - Started process (PID=5924) to work on /home/airflow/.local/lib/python3.8/site-packages/airflow/example_dags/example_params_trigger_ui.py
[2025-01-07T00:00:02.222+0000] {processor.py:830} INFO - Processing file /home/airflow/.local/lib/python3.8/site-packages/airflow/example_dags/example_params_trigger_ui.py for tasks to queue
[2025-01-07T00:00:02.226+0000] {logging_mixin.py:188} INFO - [2025-01-07T00:00:02.225+0000] {dagbag.py:538} INFO - Filling up the DagBag from /home/airflow/.local/lib/python3.8/site-packages/airflow/example_dags/example_params_trigger_ui.py
[2025-01-07T00:00:02.253+0000] {processor.py:840} INFO - DAG(s) 'example_params_trigger_ui' retrieved from /home/airflow/.local/lib/python3.8/site-packages/airflow/example_dags/example_params_trigger_ui.py
[2025-01-07T00:00:02.361+0000] {logging_mixin.py:188} INFO - [2025-01-07T00:00:02.361+0000] {dag.py:3036} INFO - Sync 1 DAGs
[2025-01-07T00:00:02.388+0000] {logging_mixin.py:188} INFO - [2025-01-07T00:00:02.388+0000] {dag.py:3823} INFO - Setting next_dagrun for example_params_trigger_ui to None, run_after=None
[2025-01-07T00:00:02.426+0000] {processor.py:183} INFO - Processing /home/airflow/.local/lib/python3.8/site-packages/airflow/example_dags/example_params_trigger_ui.py took 0.211 seconds
[2025-01-07T00:00:34.079+0000] {processor.py:161} INFO - Started process (PID=5991) to work on /home/airflow/.local/lib/python3.8/site-packages/airflow/example_dags/example_params_trigger_ui.py
[2025-01-07T00:00:34.089+0000] {processor.py:830} INFO - Processing file /home/airflow/.local/lib/python3.8/site-packages/airflow/example_dags/example_params_trigger_ui.py for tasks to queue
[2025-01-07T00:00:34.095+0000] {logging_mixin.py:188} INFO - [2025-01-07T00:00:34.095+0000] {dagbag.py:538} INFO - Filling up the DagBag from /home/airflow/.local/lib/python3.8/site-packages/airflow/example_dags/example_params_trigger_ui.py
[2025-01-07T00:00:34.133+0000] {processor.py:840} INFO - DAG(s) 'example_params_trigger_ui' retrieved from /home/airflow/.local/lib/python3.8/site-packages/airflow/example_dags/example_params_trigger_ui.py
[2025-01-07T00:00:34.376+0000] {logging_mixin.py:188} INFO - [2025-01-07T00:00:34.375+0000] {dag.py:3036} INFO - Sync 1 DAGs
[2025-01-07T00:00:34.415+0000] {logging_mixin.py:188} INFO - [2025-01-07T00:00:34.415+0000] {dag.py:3823} INFO - Setting next_dagrun for example_params_trigger_ui to None, run_after=None
[2025-01-07T00:00:34.469+0000] {processor.py:183} INFO - Processing /home/airflow/.local/lib/python3.8/site-packages/airflow/example_dags/example_params_trigger_ui.py took 0.397 seconds
[2025-01-07T00:01:05.174+0000] {processor.py:161} INFO - Started process (PID=6048) to work on /home/airflow/.local/lib/python3.8/site-packages/airflow/example_dags/example_params_trigger_ui.py
[2025-01-07T00:01:05.176+0000] {processor.py:830} INFO - Processing file /home/airflow/.local/lib/python3.8/site-packages/airflow/example_dags/example_params_trigger_ui.py for tasks to queue
[2025-01-07T00:01:05.179+0000] {logging_mixin.py:188} INFO - [2025-01-07T00:01:05.179+0000] {dagbag.py:538} INFO - Filling up the DagBag from /home/airflow/.local/lib/python3.8/site-packages/airflow/example_dags/example_params_trigger_ui.py
[2025-01-07T00:01:05.200+0000] {processor.py:840} INFO - DAG(s) 'example_params_trigger_ui' retrieved from /home/airflow/.local/lib/python3.8/site-packages/airflow/example_dags/example_params_trigger_ui.py
[2025-01-07T00:01:05.287+0000] {logging_mixin.py:188} INFO - [2025-01-07T00:01:05.287+0000] {dag.py:3036} INFO - Sync 1 DAGs
[2025-01-07T00:01:05.307+0000] {logging_mixin.py:188} INFO - [2025-01-07T00:01:05.306+0000] {dag.py:3823} INFO - Setting next_dagrun for example_params_trigger_ui to None, run_after=None
[2025-01-07T00:01:05.341+0000] {processor.py:183} INFO - Processing /home/airflow/.local/lib/python3.8/site-packages/airflow/example_dags/example_params_trigger_ui.py took 0.172 seconds
[2025-01-07T00:01:35.614+0000] {processor.py:161} INFO - Started process (PID=6104) to work on /home/airflow/.local/lib/python3.8/site-packages/airflow/example_dags/example_params_trigger_ui.py
[2025-01-07T00:01:35.616+0000] {processor.py:830} INFO - Processing file /home/airflow/.local/lib/python3.8/site-packages/airflow/example_dags/example_params_trigger_ui.py for tasks to queue
[2025-01-07T00:01:35.624+0000] {logging_mixin.py:188} INFO - [2025-01-07T00:01:35.623+0000] {dagbag.py:538} INFO - Filling up the DagBag from /home/airflow/.local/lib/python3.8/site-packages/airflow/example_dags/example_params_trigger_ui.py
[2025-01-07T00:01:35.658+0000] {processor.py:840} INFO - DAG(s) 'example_params_trigger_ui' retrieved from /home/airflow/.local/lib/python3.8/site-packages/airflow/example_dags/example_params_trigger_ui.py
[2025-01-07T00:01:35.835+0000] {logging_mixin.py:188} INFO - [2025-01-07T00:01:35.834+0000] {dag.py:3036} INFO - Sync 1 DAGs
[2025-01-07T00:01:35.862+0000] {logging_mixin.py:188} INFO - [2025-01-07T00:01:35.861+0000] {dag.py:3823} INFO - Setting next_dagrun for example_params_trigger_ui to None, run_after=None
[2025-01-07T00:01:35.896+0000] {processor.py:183} INFO - Processing /home/airflow/.local/lib/python3.8/site-packages/airflow/example_dags/example_params_trigger_ui.py took 0.296 seconds
[2025-01-07T00:02:06.089+0000] {processor.py:161} INFO - Started process (PID=6161) to work on /home/airflow/.local/lib/python3.8/site-packages/airflow/example_dags/example_params_trigger_ui.py
[2025-01-07T00:02:06.092+0000] {processor.py:830} INFO - Processing file /home/airflow/.local/lib/python3.8/site-packages/airflow/example_dags/example_params_trigger_ui.py for tasks to queue
[2025-01-07T00:02:06.098+0000] {logging_mixin.py:188} INFO - [2025-01-07T00:02:06.097+0000] {dagbag.py:538} INFO - Filling up the DagBag from /home/airflow/.local/lib/python3.8/site-packages/airflow/example_dags/example_params_trigger_ui.py
[2025-01-07T00:02:06.137+0000] {processor.py:840} INFO - DAG(s) 'example_params_trigger_ui' retrieved from /home/airflow/.local/lib/python3.8/site-packages/airflow/example_dags/example_params_trigger_ui.py
[2025-01-07T00:02:06.454+0000] {logging_mixin.py:188} INFO - [2025-01-07T00:02:06.454+0000] {dag.py:3036} INFO - Sync 1 DAGs
[2025-01-07T00:02:06.521+0000] {logging_mixin.py:188} INFO - [2025-01-07T00:02:06.521+0000] {dag.py:3823} INFO - Setting next_dagrun for example_params_trigger_ui to None, run_after=None
[2025-01-07T00:02:06.605+0000] {processor.py:183} INFO - Processing /home/airflow/.local/lib/python3.8/site-packages/airflow/example_dags/example_params_trigger_ui.py took 0.521 seconds
[2025-01-07T00:02:38.293+0000] {processor.py:161} INFO - Started process (PID=6230) to work on /home/airflow/.local/lib/python3.8/site-packages/airflow/example_dags/example_params_trigger_ui.py
[2025-01-07T00:02:38.296+0000] {processor.py:830} INFO - Processing file /home/airflow/.local/lib/python3.8/site-packages/airflow/example_dags/example_params_trigger_ui.py for tasks to queue
[2025-01-07T00:02:38.300+0000] {logging_mixin.py:188} INFO - [2025-01-07T00:02:38.300+0000] {dagbag.py:538} INFO - Filling up the DagBag from /home/airflow/.local/lib/python3.8/site-packages/airflow/example_dags/example_params_trigger_ui.py
[2025-01-07T00:02:38.341+0000] {processor.py:840} INFO - DAG(s) 'example_params_trigger_ui' retrieved from /home/airflow/.local/lib/python3.8/site-packages/airflow/example_dags/example_params_trigger_ui.py
[2025-01-07T00:02:38.830+0000] {logging_mixin.py:188} INFO - [2025-01-07T00:02:38.829+0000] {dag.py:3036} INFO - Sync 1 DAGs
[2025-01-07T00:02:38.968+0000] {logging_mixin.py:188} INFO - [2025-01-07T00:02:38.967+0000] {dag.py:3823} INFO - Setting next_dagrun for example_params_trigger_ui to None, run_after=None
[2025-01-07T00:02:39.154+0000] {processor.py:183} INFO - Processing /home/airflow/.local/lib/python3.8/site-packages/airflow/example_dags/example_params_trigger_ui.py took 0.867 seconds
[2025-01-07T00:03:09.984+0000] {processor.py:161} INFO - Started process (PID=6288) to work on /home/airflow/.local/lib/python3.8/site-packages/airflow/example_dags/example_params_trigger_ui.py
[2025-01-07T00:03:09.986+0000] {processor.py:830} INFO - Processing file /home/airflow/.local/lib/python3.8/site-packages/airflow/example_dags/example_params_trigger_ui.py for tasks to queue
[2025-01-07T00:03:09.988+0000] {logging_mixin.py:188} INFO - [2025-01-07T00:03:09.988+0000] {dagbag.py:538} INFO - Filling up the DagBag from /home/airflow/.local/lib/python3.8/site-packages/airflow/example_dags/example_params_trigger_ui.py
[2025-01-07T00:03:10.011+0000] {processor.py:840} INFO - DAG(s) 'example_params_trigger_ui' retrieved from /home/airflow/.local/lib/python3.8/site-packages/airflow/example_dags/example_params_trigger_ui.py
[2025-01-07T00:03:10.116+0000] {logging_mixin.py:188} INFO - [2025-01-07T00:03:10.115+0000] {dag.py:3036} INFO - Sync 1 DAGs
[2025-01-07T00:03:10.136+0000] {logging_mixin.py:188} INFO - [2025-01-07T00:03:10.135+0000] {dag.py:3823} INFO - Setting next_dagrun for example_params_trigger_ui to None, run_after=None
[2025-01-07T00:03:10.176+0000] {processor.py:183} INFO - Processing /home/airflow/.local/lib/python3.8/site-packages/airflow/example_dags/example_params_trigger_ui.py took 0.197 seconds
[2025-01-07T00:03:40.288+0000] {processor.py:161} INFO - Started process (PID=6345) to work on /home/airflow/.local/lib/python3.8/site-packages/airflow/example_dags/example_params_trigger_ui.py
[2025-01-07T00:03:40.290+0000] {processor.py:830} INFO - Processing file /home/airflow/.local/lib/python3.8/site-packages/airflow/example_dags/example_params_trigger_ui.py for tasks to queue
[2025-01-07T00:03:40.293+0000] {logging_mixin.py:188} INFO - [2025-01-07T00:03:40.293+0000] {dagbag.py:538} INFO - Filling up the DagBag from /home/airflow/.local/lib/python3.8/site-packages/airflow/example_dags/example_params_trigger_ui.py
[2025-01-07T00:03:40.318+0000] {processor.py:840} INFO - DAG(s) 'example_params_trigger_ui' retrieved from /home/airflow/.local/lib/python3.8/site-packages/airflow/example_dags/example_params_trigger_ui.py
[2025-01-07T00:03:40.445+0000] {logging_mixin.py:188} INFO - [2025-01-07T00:03:40.445+0000] {dag.py:3036} INFO - Sync 1 DAGs
[2025-01-07T00:03:40.468+0000] {logging_mixin.py:188} INFO - [2025-01-07T00:03:40.466+0000] {dag.py:3823} INFO - Setting next_dagrun for example_params_trigger_ui to None, run_after=None
[2025-01-07T00:03:40.501+0000] {processor.py:183} INFO - Processing /home/airflow/.local/lib/python3.8/site-packages/airflow/example_dags/example_params_trigger_ui.py took 0.220 seconds
[2025-01-07T00:04:10.563+0000] {processor.py:161} INFO - Started process (PID=6402) to work on /home/airflow/.local/lib/python3.8/site-packages/airflow/example_dags/example_params_trigger_ui.py
[2025-01-07T00:04:10.564+0000] {processor.py:830} INFO - Processing file /home/airflow/.local/lib/python3.8/site-packages/airflow/example_dags/example_params_trigger_ui.py for tasks to queue
[2025-01-07T00:04:10.567+0000] {logging_mixin.py:188} INFO - [2025-01-07T00:04:10.566+0000] {dagbag.py:538} INFO - Filling up the DagBag from /home/airflow/.local/lib/python3.8/site-packages/airflow/example_dags/example_params_trigger_ui.py
[2025-01-07T00:04:10.593+0000] {processor.py:840} INFO - DAG(s) 'example_params_trigger_ui' retrieved from /home/airflow/.local/lib/python3.8/site-packages/airflow/example_dags/example_params_trigger_ui.py
[2025-01-07T00:04:10.724+0000] {logging_mixin.py:188} INFO - [2025-01-07T00:04:10.724+0000] {dag.py:3036} INFO - Sync 1 DAGs
[2025-01-07T00:04:10.747+0000] {logging_mixin.py:188} INFO - [2025-01-07T00:04:10.747+0000] {dag.py:3823} INFO - Setting next_dagrun for example_params_trigger_ui to None, run_after=None
[2025-01-07T00:04:10.781+0000] {processor.py:183} INFO - Processing /home/airflow/.local/lib/python3.8/site-packages/airflow/example_dags/example_params_trigger_ui.py took 0.225 seconds
[2025-01-07T00:04:41.419+0000] {processor.py:161} INFO - Started process (PID=6461) to work on /home/airflow/.local/lib/python3.8/site-packages/airflow/example_dags/example_params_trigger_ui.py
[2025-01-07T00:04:41.421+0000] {processor.py:830} INFO - Processing file /home/airflow/.local/lib/python3.8/site-packages/airflow/example_dags/example_params_trigger_ui.py for tasks to queue
[2025-01-07T00:04:41.424+0000] {logging_mixin.py:188} INFO - [2025-01-07T00:04:41.423+0000] {dagbag.py:538} INFO - Filling up the DagBag from /home/airflow/.local/lib/python3.8/site-packages/airflow/example_dags/example_params_trigger_ui.py
[2025-01-07T00:04:41.447+0000] {processor.py:840} INFO - DAG(s) 'example_params_trigger_ui' retrieved from /home/airflow/.local/lib/python3.8/site-packages/airflow/example_dags/example_params_trigger_ui.py
[2025-01-07T00:04:41.559+0000] {logging_mixin.py:188} INFO - [2025-01-07T00:04:41.558+0000] {dag.py:3036} INFO - Sync 1 DAGs
[2025-01-07T00:04:41.583+0000] {logging_mixin.py:188} INFO - [2025-01-07T00:04:41.582+0000] {dag.py:3823} INFO - Setting next_dagrun for example_params_trigger_ui to None, run_after=None
[2025-01-07T00:04:41.626+0000] {processor.py:183} INFO - Processing /home/airflow/.local/lib/python3.8/site-packages/airflow/example_dags/example_params_trigger_ui.py took 0.212 seconds
[2025-01-07T00:05:12.452+0000] {processor.py:161} INFO - Started process (PID=6518) to work on /home/airflow/.local/lib/python3.8/site-packages/airflow/example_dags/example_params_trigger_ui.py
[2025-01-07T00:05:12.453+0000] {processor.py:830} INFO - Processing file /home/airflow/.local/lib/python3.8/site-packages/airflow/example_dags/example_params_trigger_ui.py for tasks to queue
[2025-01-07T00:05:12.456+0000] {logging_mixin.py:188} INFO - [2025-01-07T00:05:12.455+0000] {dagbag.py:538} INFO - Filling up the DagBag from /home/airflow/.local/lib/python3.8/site-packages/airflow/example_dags/example_params_trigger_ui.py
[2025-01-07T00:05:12.481+0000] {processor.py:840} INFO - DAG(s) 'example_params_trigger_ui' retrieved from /home/airflow/.local/lib/python3.8/site-packages/airflow/example_dags/example_params_trigger_ui.py
[2025-01-07T00:05:12.644+0000] {logging_mixin.py:188} INFO - [2025-01-07T00:05:12.644+0000] {dag.py:3036} INFO - Sync 1 DAGs
[2025-01-07T00:05:12.678+0000] {logging_mixin.py:188} INFO - [2025-01-07T00:05:12.678+0000] {dag.py:3823} INFO - Setting next_dagrun for example_params_trigger_ui to None, run_after=None
[2025-01-07T00:05:12.734+0000] {processor.py:183} INFO - Processing /home/airflow/.local/lib/python3.8/site-packages/airflow/example_dags/example_params_trigger_ui.py took 0.287 seconds
[2025-01-07T00:05:43.454+0000] {processor.py:161} INFO - Started process (PID=6575) to work on /home/airflow/.local/lib/python3.8/site-packages/airflow/example_dags/example_params_trigger_ui.py
[2025-01-07T00:05:43.455+0000] {processor.py:830} INFO - Processing file /home/airflow/.local/lib/python3.8/site-packages/airflow/example_dags/example_params_trigger_ui.py for tasks to queue
[2025-01-07T00:05:43.459+0000] {logging_mixin.py:188} INFO - [2025-01-07T00:05:43.458+0000] {dagbag.py:538} INFO - Filling up the DagBag from /home/airflow/.local/lib/python3.8/site-packages/airflow/example_dags/example_params_trigger_ui.py
[2025-01-07T00:05:43.485+0000] {processor.py:840} INFO - DAG(s) 'example_params_trigger_ui' retrieved from /home/airflow/.local/lib/python3.8/site-packages/airflow/example_dags/example_params_trigger_ui.py
[2025-01-07T00:05:43.587+0000] {logging_mixin.py:188} INFO - [2025-01-07T00:05:43.587+0000] {dag.py:3036} INFO - Sync 1 DAGs
[2025-01-07T00:05:43.605+0000] {logging_mixin.py:188} INFO - [2025-01-07T00:05:43.605+0000] {dag.py:3823} INFO - Setting next_dagrun for example_params_trigger_ui to None, run_after=None
[2025-01-07T00:05:43.639+0000] {processor.py:183} INFO - Processing /home/airflow/.local/lib/python3.8/site-packages/airflow/example_dags/example_params_trigger_ui.py took 0.191 seconds
[2025-01-07T00:06:13.964+0000] {processor.py:161} INFO - Started process (PID=6632) to work on /home/airflow/.local/lib/python3.8/site-packages/airflow/example_dags/example_params_trigger_ui.py
[2025-01-07T00:06:13.967+0000] {processor.py:830} INFO - Processing file /home/airflow/.local/lib/python3.8/site-packages/airflow/example_dags/example_params_trigger_ui.py for tasks to queue
[2025-01-07T00:06:13.970+0000] {logging_mixin.py:188} INFO - [2025-01-07T00:06:13.969+0000] {dagbag.py:538} INFO - Filling up the DagBag from /home/airflow/.local/lib/python3.8/site-packages/airflow/example_dags/example_params_trigger_ui.py
[2025-01-07T00:06:13.998+0000] {processor.py:840} INFO - DAG(s) 'example_params_trigger_ui' retrieved from /home/airflow/.local/lib/python3.8/site-packages/airflow/example_dags/example_params_trigger_ui.py
[2025-01-07T00:06:14.256+0000] {logging_mixin.py:188} INFO - [2025-01-07T00:06:14.256+0000] {dag.py:3036} INFO - Sync 1 DAGs
[2025-01-07T00:06:14.284+0000] {logging_mixin.py:188} INFO - [2025-01-07T00:06:14.284+0000] {dag.py:3823} INFO - Setting next_dagrun for example_params_trigger_ui to None, run_after=None
[2025-01-07T00:06:14.368+0000] {processor.py:183} INFO - Processing /home/airflow/.local/lib/python3.8/site-packages/airflow/example_dags/example_params_trigger_ui.py took 0.414 seconds
[2025-01-07T00:06:44.892+0000] {processor.py:161} INFO - Started process (PID=6704) to work on /home/airflow/.local/lib/python3.8/site-packages/airflow/example_dags/example_params_trigger_ui.py
[2025-01-07T00:06:44.898+0000] {processor.py:830} INFO - Processing file /home/airflow/.local/lib/python3.8/site-packages/airflow/example_dags/example_params_trigger_ui.py for tasks to queue
[2025-01-07T00:06:44.902+0000] {logging_mixin.py:188} INFO - [2025-01-07T00:06:44.901+0000] {dagbag.py:538} INFO - Filling up the DagBag from /home/airflow/.local/lib/python3.8/site-packages/airflow/example_dags/example_params_trigger_ui.py
[2025-01-07T00:06:44.947+0000] {processor.py:840} INFO - DAG(s) 'example_params_trigger_ui' retrieved from /home/airflow/.local/lib/python3.8/site-packages/airflow/example_dags/example_params_trigger_ui.py
[2025-01-07T00:06:45.109+0000] {logging_mixin.py:188} INFO - [2025-01-07T00:06:45.108+0000] {dag.py:3036} INFO - Sync 1 DAGs
[2025-01-07T00:06:45.152+0000] {logging_mixin.py:188} INFO - [2025-01-07T00:06:45.152+0000] {dag.py:3823} INFO - Setting next_dagrun for example_params_trigger_ui to None, run_after=None
[2025-01-07T00:06:45.203+0000] {processor.py:183} INFO - Processing /home/airflow/.local/lib/python3.8/site-packages/airflow/example_dags/example_params_trigger_ui.py took 0.319 seconds
[2025-01-07T00:07:15.353+0000] {processor.py:161} INFO - Started process (PID=6761) to work on /home/airflow/.local/lib/python3.8/site-packages/airflow/example_dags/example_params_trigger_ui.py
[2025-01-07T00:07:15.354+0000] {processor.py:830} INFO - Processing file /home/airflow/.local/lib/python3.8/site-packages/airflow/example_dags/example_params_trigger_ui.py for tasks to queue
[2025-01-07T00:07:15.357+0000] {logging_mixin.py:188} INFO - [2025-01-07T00:07:15.357+0000] {dagbag.py:538} INFO - Filling up the DagBag from /home/airflow/.local/lib/python3.8/site-packages/airflow/example_dags/example_params_trigger_ui.py
[2025-01-07T00:07:15.379+0000] {processor.py:840} INFO - DAG(s) 'example_params_trigger_ui' retrieved from /home/airflow/.local/lib/python3.8/site-packages/airflow/example_dags/example_params_trigger_ui.py
[2025-01-07T00:07:15.479+0000] {logging_mixin.py:188} INFO - [2025-01-07T00:07:15.479+0000] {dag.py:3036} INFO - Sync 1 DAGs
[2025-01-07T00:07:15.498+0000] {logging_mixin.py:188} INFO - [2025-01-07T00:07:15.497+0000] {dag.py:3823} INFO - Setting next_dagrun for example_params_trigger_ui to None, run_after=None
[2025-01-07T00:07:15.526+0000] {processor.py:183} INFO - Processing /home/airflow/.local/lib/python3.8/site-packages/airflow/example_dags/example_params_trigger_ui.py took 0.179 seconds
[2025-01-07T00:07:45.730+0000] {processor.py:161} INFO - Started process (PID=6818) to work on /home/airflow/.local/lib/python3.8/site-packages/airflow/example_dags/example_params_trigger_ui.py
[2025-01-07T00:07:45.732+0000] {processor.py:830} INFO - Processing file /home/airflow/.local/lib/python3.8/site-packages/airflow/example_dags/example_params_trigger_ui.py for tasks to queue
[2025-01-07T00:07:45.735+0000] {logging_mixin.py:188} INFO - [2025-01-07T00:07:45.734+0000] {dagbag.py:538} INFO - Filling up the DagBag from /home/airflow/.local/lib/python3.8/site-packages/airflow/example_dags/example_params_trigger_ui.py
[2025-01-07T00:07:45.755+0000] {processor.py:840} INFO - DAG(s) 'example_params_trigger_ui' retrieved from /home/airflow/.local/lib/python3.8/site-packages/airflow/example_dags/example_params_trigger_ui.py
[2025-01-07T00:07:45.842+0000] {logging_mixin.py:188} INFO - [2025-01-07T00:07:45.842+0000] {dag.py:3036} INFO - Sync 1 DAGs
[2025-01-07T00:07:45.860+0000] {logging_mixin.py:188} INFO - [2025-01-07T00:07:45.860+0000] {dag.py:3823} INFO - Setting next_dagrun for example_params_trigger_ui to None, run_after=None
[2025-01-07T00:07:45.892+0000] {processor.py:183} INFO - Processing /home/airflow/.local/lib/python3.8/site-packages/airflow/example_dags/example_params_trigger_ui.py took 0.167 seconds
[2025-01-07T00:08:16.629+0000] {processor.py:161} INFO - Started process (PID=6876) to work on /home/airflow/.local/lib/python3.8/site-packages/airflow/example_dags/example_params_trigger_ui.py
[2025-01-07T00:08:16.630+0000] {processor.py:830} INFO - Processing file /home/airflow/.local/lib/python3.8/site-packages/airflow/example_dags/example_params_trigger_ui.py for tasks to queue
[2025-01-07T00:08:16.633+0000] {logging_mixin.py:188} INFO - [2025-01-07T00:08:16.633+0000] {dagbag.py:538} INFO - Filling up the DagBag from /home/airflow/.local/lib/python3.8/site-packages/airflow/example_dags/example_params_trigger_ui.py
[2025-01-07T00:08:16.655+0000] {processor.py:840} INFO - DAG(s) 'example_params_trigger_ui' retrieved from /home/airflow/.local/lib/python3.8/site-packages/airflow/example_dags/example_params_trigger_ui.py
[2025-01-07T00:08:16.744+0000] {logging_mixin.py:188} INFO - [2025-01-07T00:08:16.744+0000] {dag.py:3036} INFO - Sync 1 DAGs
[2025-01-07T00:08:16.766+0000] {logging_mixin.py:188} INFO - [2025-01-07T00:08:16.765+0000] {dag.py:3823} INFO - Setting next_dagrun for example_params_trigger_ui to None, run_after=None
[2025-01-07T00:08:16.794+0000] {processor.py:183} INFO - Processing /home/airflow/.local/lib/python3.8/site-packages/airflow/example_dags/example_params_trigger_ui.py took 0.169 seconds
[2025-01-07T00:08:48.769+0000] {processor.py:161} INFO - Started process (PID=6938) to work on /home/airflow/.local/lib/python3.8/site-packages/airflow/example_dags/example_params_trigger_ui.py
[2025-01-07T00:08:48.775+0000] {processor.py:830} INFO - Processing file /home/airflow/.local/lib/python3.8/site-packages/airflow/example_dags/example_params_trigger_ui.py for tasks to queue
[2025-01-07T00:08:48.779+0000] {logging_mixin.py:188} INFO - [2025-01-07T00:08:48.778+0000] {dagbag.py:538} INFO - Filling up the DagBag from /home/airflow/.local/lib/python3.8/site-packages/airflow/example_dags/example_params_trigger_ui.py
[2025-01-07T00:08:48.816+0000] {processor.py:840} INFO - DAG(s) 'example_params_trigger_ui' retrieved from /home/airflow/.local/lib/python3.8/site-packages/airflow/example_dags/example_params_trigger_ui.py
[2025-01-07T00:08:49.230+0000] {logging_mixin.py:188} INFO - [2025-01-07T00:08:49.230+0000] {dag.py:3036} INFO - Sync 1 DAGs
[2025-01-07T00:08:49.303+0000] {logging_mixin.py:188} INFO - [2025-01-07T00:08:49.303+0000] {dag.py:3823} INFO - Setting next_dagrun for example_params_trigger_ui to None, run_after=None
[2025-01-07T00:08:49.552+0000] {processor.py:183} INFO - Processing /home/airflow/.local/lib/python3.8/site-packages/airflow/example_dags/example_params_trigger_ui.py took 0.790 seconds
[2025-01-07T00:09:20.422+0000] {processor.py:161} INFO - Started process (PID=7000) to work on /home/airflow/.local/lib/python3.8/site-packages/airflow/example_dags/example_params_trigger_ui.py
[2025-01-07T00:09:20.424+0000] {processor.py:830} INFO - Processing file /home/airflow/.local/lib/python3.8/site-packages/airflow/example_dags/example_params_trigger_ui.py for tasks to queue
[2025-01-07T00:09:20.427+0000] {logging_mixin.py:188} INFO - [2025-01-07T00:09:20.426+0000] {dagbag.py:538} INFO - Filling up the DagBag from /home/airflow/.local/lib/python3.8/site-packages/airflow/example_dags/example_params_trigger_ui.py
[2025-01-07T00:09:20.448+0000] {processor.py:840} INFO - DAG(s) 'example_params_trigger_ui' retrieved from /home/airflow/.local/lib/python3.8/site-packages/airflow/example_dags/example_params_trigger_ui.py
[2025-01-07T00:09:20.574+0000] {logging_mixin.py:188} INFO - [2025-01-07T00:09:20.574+0000] {dag.py:3036} INFO - Sync 1 DAGs
[2025-01-07T00:09:20.597+0000] {logging_mixin.py:188} INFO - [2025-01-07T00:09:20.596+0000] {dag.py:3823} INFO - Setting next_dagrun for example_params_trigger_ui to None, run_after=None
[2025-01-07T00:09:20.635+0000] {processor.py:183} INFO - Processing /home/airflow/.local/lib/python3.8/site-packages/airflow/example_dags/example_params_trigger_ui.py took 0.216 seconds
[2025-01-07T00:09:50.769+0000] {processor.py:161} INFO - Started process (PID=7058) to work on /home/airflow/.local/lib/python3.8/site-packages/airflow/example_dags/example_params_trigger_ui.py
[2025-01-07T00:09:50.772+0000] {processor.py:830} INFO - Processing file /home/airflow/.local/lib/python3.8/site-packages/airflow/example_dags/example_params_trigger_ui.py for tasks to queue
[2025-01-07T00:09:50.777+0000] {logging_mixin.py:188} INFO - [2025-01-07T00:09:50.777+0000] {dagbag.py:538} INFO - Filling up the DagBag from /home/airflow/.local/lib/python3.8/site-packages/airflow/example_dags/example_params_trigger_ui.py
[2025-01-07T00:09:50.807+0000] {processor.py:840} INFO - DAG(s) 'example_params_trigger_ui' retrieved from /home/airflow/.local/lib/python3.8/site-packages/airflow/example_dags/example_params_trigger_ui.py
[2025-01-07T00:09:51.013+0000] {logging_mixin.py:188} INFO - [2025-01-07T00:09:51.012+0000] {dag.py:3036} INFO - Sync 1 DAGs
[2025-01-07T00:09:51.065+0000] {logging_mixin.py:188} INFO - [2025-01-07T00:09:51.064+0000] {dag.py:3823} INFO - Setting next_dagrun for example_params_trigger_ui to None, run_after=None
[2025-01-07T00:09:51.122+0000] {processor.py:183} INFO - Processing /home/airflow/.local/lib/python3.8/site-packages/airflow/example_dags/example_params_trigger_ui.py took 0.359 seconds
[2025-01-07T00:10:21.299+0000] {processor.py:161} INFO - Started process (PID=7116) to work on /home/airflow/.local/lib/python3.8/site-packages/airflow/example_dags/example_params_trigger_ui.py
[2025-01-07T00:10:21.300+0000] {processor.py:830} INFO - Processing file /home/airflow/.local/lib/python3.8/site-packages/airflow/example_dags/example_params_trigger_ui.py for tasks to queue
[2025-01-07T00:10:21.303+0000] {logging_mixin.py:188} INFO - [2025-01-07T00:10:21.302+0000] {dagbag.py:538} INFO - Filling up the DagBag from /home/airflow/.local/lib/python3.8/site-packages/airflow/example_dags/example_params_trigger_ui.py
[2025-01-07T00:10:21.321+0000] {processor.py:840} INFO - DAG(s) 'example_params_trigger_ui' retrieved from /home/airflow/.local/lib/python3.8/site-packages/airflow/example_dags/example_params_trigger_ui.py
[2025-01-07T00:10:21.399+0000] {logging_mixin.py:188} INFO - [2025-01-07T00:10:21.398+0000] {dag.py:3036} INFO - Sync 1 DAGs
[2025-01-07T00:10:21.414+0000] {logging_mixin.py:188} INFO - [2025-01-07T00:10:21.414+0000] {dag.py:3823} INFO - Setting next_dagrun for example_params_trigger_ui to None, run_after=None
[2025-01-07T00:10:21.441+0000] {processor.py:183} INFO - Processing /home/airflow/.local/lib/python3.8/site-packages/airflow/example_dags/example_params_trigger_ui.py took 0.146 seconds
[2025-01-07T00:10:51.646+0000] {processor.py:161} INFO - Started process (PID=7172) to work on /home/airflow/.local/lib/python3.8/site-packages/airflow/example_dags/example_params_trigger_ui.py
[2025-01-07T00:10:51.647+0000] {processor.py:830} INFO - Processing file /home/airflow/.local/lib/python3.8/site-packages/airflow/example_dags/example_params_trigger_ui.py for tasks to queue
[2025-01-07T00:10:51.649+0000] {logging_mixin.py:188} INFO - [2025-01-07T00:10:51.649+0000] {dagbag.py:538} INFO - Filling up the DagBag from /home/airflow/.local/lib/python3.8/site-packages/airflow/example_dags/example_params_trigger_ui.py
[2025-01-07T00:10:51.669+0000] {processor.py:840} INFO - DAG(s) 'example_params_trigger_ui' retrieved from /home/airflow/.local/lib/python3.8/site-packages/airflow/example_dags/example_params_trigger_ui.py
[2025-01-07T00:10:51.762+0000] {logging_mixin.py:188} INFO - [2025-01-07T00:10:51.761+0000] {dag.py:3036} INFO - Sync 1 DAGs
[2025-01-07T00:10:51.782+0000] {logging_mixin.py:188} INFO - [2025-01-07T00:10:51.782+0000] {dag.py:3823} INFO - Setting next_dagrun for example_params_trigger_ui to None, run_after=None
[2025-01-07T00:10:51.813+0000] {processor.py:183} INFO - Processing /home/airflow/.local/lib/python3.8/site-packages/airflow/example_dags/example_params_trigger_ui.py took 0.172 seconds
[2025-01-07T00:11:22.738+0000] {processor.py:161} INFO - Started process (PID=7229) to work on /home/airflow/.local/lib/python3.8/site-packages/airflow/example_dags/example_params_trigger_ui.py
[2025-01-07T00:11:22.739+0000] {processor.py:830} INFO - Processing file /home/airflow/.local/lib/python3.8/site-packages/airflow/example_dags/example_params_trigger_ui.py for tasks to queue
[2025-01-07T00:11:22.746+0000] {logging_mixin.py:188} INFO - [2025-01-07T00:11:22.745+0000] {dagbag.py:538} INFO - Filling up the DagBag from /home/airflow/.local/lib/python3.8/site-packages/airflow/example_dags/example_params_trigger_ui.py
[2025-01-07T00:11:22.771+0000] {processor.py:840} INFO - DAG(s) 'example_params_trigger_ui' retrieved from /home/airflow/.local/lib/python3.8/site-packages/airflow/example_dags/example_params_trigger_ui.py
[2025-01-07T00:11:22.895+0000] {logging_mixin.py:188} INFO - [2025-01-07T00:11:22.894+0000] {dag.py:3036} INFO - Sync 1 DAGs
[2025-01-07T00:11:22.917+0000] {logging_mixin.py:188} INFO - [2025-01-07T00:11:22.917+0000] {dag.py:3823} INFO - Setting next_dagrun for example_params_trigger_ui to None, run_after=None
[2025-01-07T00:11:22.953+0000] {processor.py:183} INFO - Processing /home/airflow/.local/lib/python3.8/site-packages/airflow/example_dags/example_params_trigger_ui.py took 0.221 seconds
[2025-01-07T00:11:53.587+0000] {processor.py:161} INFO - Started process (PID=7285) to work on /home/airflow/.local/lib/python3.8/site-packages/airflow/example_dags/example_params_trigger_ui.py
[2025-01-07T00:11:53.591+0000] {processor.py:830} INFO - Processing file /home/airflow/.local/lib/python3.8/site-packages/airflow/example_dags/example_params_trigger_ui.py for tasks to queue
[2025-01-07T00:11:53.593+0000] {logging_mixin.py:188} INFO - [2025-01-07T00:11:53.593+0000] {dagbag.py:538} INFO - Filling up the DagBag from /home/airflow/.local/lib/python3.8/site-packages/airflow/example_dags/example_params_trigger_ui.py
[2025-01-07T00:11:53.617+0000] {processor.py:840} INFO - DAG(s) 'example_params_trigger_ui' retrieved from /home/airflow/.local/lib/python3.8/site-packages/airflow/example_dags/example_params_trigger_ui.py
[2025-01-07T00:11:53.708+0000] {logging_mixin.py:188} INFO - [2025-01-07T00:11:53.708+0000] {dag.py:3036} INFO - Sync 1 DAGs
[2025-01-07T00:11:53.724+0000] {logging_mixin.py:188} INFO - [2025-01-07T00:11:53.724+0000] {dag.py:3823} INFO - Setting next_dagrun for example_params_trigger_ui to None, run_after=None
[2025-01-07T00:11:53.750+0000] {processor.py:183} INFO - Processing /home/airflow/.local/lib/python3.8/site-packages/airflow/example_dags/example_params_trigger_ui.py took 0.167 seconds
[2025-01-07T00:12:23.818+0000] {processor.py:161} INFO - Started process (PID=7341) to work on /home/airflow/.local/lib/python3.8/site-packages/airflow/example_dags/example_params_trigger_ui.py
[2025-01-07T00:12:23.821+0000] {processor.py:830} INFO - Processing file /home/airflow/.local/lib/python3.8/site-packages/airflow/example_dags/example_params_trigger_ui.py for tasks to queue
[2025-01-07T00:12:23.824+0000] {logging_mixin.py:188} INFO - [2025-01-07T00:12:23.824+0000] {dagbag.py:538} INFO - Filling up the DagBag from /home/airflow/.local/lib/python3.8/site-packages/airflow/example_dags/example_params_trigger_ui.py
[2025-01-07T00:12:23.852+0000] {processor.py:840} INFO - DAG(s) 'example_params_trigger_ui' retrieved from /home/airflow/.local/lib/python3.8/site-packages/airflow/example_dags/example_params_trigger_ui.py
[2025-01-07T00:12:23.953+0000] {logging_mixin.py:188} INFO - [2025-01-07T00:12:23.953+0000] {dag.py:3036} INFO - Sync 1 DAGs
[2025-01-07T00:12:23.976+0000] {logging_mixin.py:188} INFO - [2025-01-07T00:12:23.976+0000] {dag.py:3823} INFO - Setting next_dagrun for example_params_trigger_ui to None, run_after=None
[2025-01-07T00:12:24.016+0000] {processor.py:183} INFO - Processing /home/airflow/.local/lib/python3.8/site-packages/airflow/example_dags/example_params_trigger_ui.py took 0.203 seconds
[2025-01-07T00:12:54.216+0000] {processor.py:161} INFO - Started process (PID=7398) to work on /home/airflow/.local/lib/python3.8/site-packages/airflow/example_dags/example_params_trigger_ui.py
[2025-01-07T00:12:54.217+0000] {processor.py:830} INFO - Processing file /home/airflow/.local/lib/python3.8/site-packages/airflow/example_dags/example_params_trigger_ui.py for tasks to queue
[2025-01-07T00:12:54.220+0000] {logging_mixin.py:188} INFO - [2025-01-07T00:12:54.219+0000] {dagbag.py:538} INFO - Filling up the DagBag from /home/airflow/.local/lib/python3.8/site-packages/airflow/example_dags/example_params_trigger_ui.py
[2025-01-07T00:12:54.242+0000] {processor.py:840} INFO - DAG(s) 'example_params_trigger_ui' retrieved from /home/airflow/.local/lib/python3.8/site-packages/airflow/example_dags/example_params_trigger_ui.py
[2025-01-07T00:12:54.333+0000] {logging_mixin.py:188} INFO - [2025-01-07T00:12:54.333+0000] {dag.py:3036} INFO - Sync 1 DAGs
[2025-01-07T00:12:54.352+0000] {logging_mixin.py:188} INFO - [2025-01-07T00:12:54.352+0000] {dag.py:3823} INFO - Setting next_dagrun for example_params_trigger_ui to None, run_after=None
[2025-01-07T00:12:54.385+0000] {processor.py:183} INFO - Processing /home/airflow/.local/lib/python3.8/site-packages/airflow/example_dags/example_params_trigger_ui.py took 0.173 seconds
[2025-01-07T00:13:24.476+0000] {processor.py:161} INFO - Started process (PID=7456) to work on /home/airflow/.local/lib/python3.8/site-packages/airflow/example_dags/example_params_trigger_ui.py
[2025-01-07T00:13:24.478+0000] {processor.py:830} INFO - Processing file /home/airflow/.local/lib/python3.8/site-packages/airflow/example_dags/example_params_trigger_ui.py for tasks to queue
[2025-01-07T00:13:24.480+0000] {logging_mixin.py:188} INFO - [2025-01-07T00:13:24.480+0000] {dagbag.py:538} INFO - Filling up the DagBag from /home/airflow/.local/lib/python3.8/site-packages/airflow/example_dags/example_params_trigger_ui.py
[2025-01-07T00:13:24.501+0000] {processor.py:840} INFO - DAG(s) 'example_params_trigger_ui' retrieved from /home/airflow/.local/lib/python3.8/site-packages/airflow/example_dags/example_params_trigger_ui.py
[2025-01-07T00:13:24.600+0000] {logging_mixin.py:188} INFO - [2025-01-07T00:13:24.600+0000] {dag.py:3036} INFO - Sync 1 DAGs
[2025-01-07T00:13:24.624+0000] {logging_mixin.py:188} INFO - [2025-01-07T00:13:24.624+0000] {dag.py:3823} INFO - Setting next_dagrun for example_params_trigger_ui to None, run_after=None
[2025-01-07T00:13:24.665+0000] {processor.py:183} INFO - Processing /home/airflow/.local/lib/python3.8/site-packages/airflow/example_dags/example_params_trigger_ui.py took 0.194 seconds
[2025-01-07T00:13:54.971+0000] {processor.py:161} INFO - Started process (PID=7513) to work on /home/airflow/.local/lib/python3.8/site-packages/airflow/example_dags/example_params_trigger_ui.py
[2025-01-07T00:13:54.973+0000] {processor.py:830} INFO - Processing file /home/airflow/.local/lib/python3.8/site-packages/airflow/example_dags/example_params_trigger_ui.py for tasks to queue
[2025-01-07T00:13:54.976+0000] {logging_mixin.py:188} INFO - [2025-01-07T00:13:54.975+0000] {dagbag.py:538} INFO - Filling up the DagBag from /home/airflow/.local/lib/python3.8/site-packages/airflow/example_dags/example_params_trigger_ui.py
[2025-01-07T00:13:54.997+0000] {processor.py:840} INFO - DAG(s) 'example_params_trigger_ui' retrieved from /home/airflow/.local/lib/python3.8/site-packages/airflow/example_dags/example_params_trigger_ui.py
[2025-01-07T00:13:55.098+0000] {logging_mixin.py:188} INFO - [2025-01-07T00:13:55.097+0000] {dag.py:3036} INFO - Sync 1 DAGs
[2025-01-07T00:13:55.121+0000] {logging_mixin.py:188} INFO - [2025-01-07T00:13:55.121+0000] {dag.py:3823} INFO - Setting next_dagrun for example_params_trigger_ui to None, run_after=None
[2025-01-07T00:13:55.157+0000] {processor.py:183} INFO - Processing /home/airflow/.local/lib/python3.8/site-packages/airflow/example_dags/example_params_trigger_ui.py took 0.191 seconds
[2025-01-07T00:14:26.165+0000] {processor.py:161} INFO - Started process (PID=7571) to work on /home/airflow/.local/lib/python3.8/site-packages/airflow/example_dags/example_params_trigger_ui.py
[2025-01-07T00:14:26.167+0000] {processor.py:830} INFO - Processing file /home/airflow/.local/lib/python3.8/site-packages/airflow/example_dags/example_params_trigger_ui.py for tasks to queue
[2025-01-07T00:14:26.170+0000] {logging_mixin.py:188} INFO - [2025-01-07T00:14:26.169+0000] {dagbag.py:538} INFO - Filling up the DagBag from /home/airflow/.local/lib/python3.8/site-packages/airflow/example_dags/example_params_trigger_ui.py
[2025-01-07T00:14:26.192+0000] {processor.py:840} INFO - DAG(s) 'example_params_trigger_ui' retrieved from /home/airflow/.local/lib/python3.8/site-packages/airflow/example_dags/example_params_trigger_ui.py
[2025-01-07T00:14:26.294+0000] {logging_mixin.py:188} INFO - [2025-01-07T00:14:26.294+0000] {dag.py:3036} INFO - Sync 1 DAGs
[2025-01-07T00:14:26.318+0000] {logging_mixin.py:188} INFO - [2025-01-07T00:14:26.318+0000] {dag.py:3823} INFO - Setting next_dagrun for example_params_trigger_ui to None, run_after=None
[2025-01-07T00:14:26.359+0000] {processor.py:183} INFO - Processing /home/airflow/.local/lib/python3.8/site-packages/airflow/example_dags/example_params_trigger_ui.py took 0.198 seconds
[2025-01-07T00:14:56.701+0000] {processor.py:161} INFO - Started process (PID=7627) to work on /home/airflow/.local/lib/python3.8/site-packages/airflow/example_dags/example_params_trigger_ui.py
[2025-01-07T00:14:56.702+0000] {processor.py:830} INFO - Processing file /home/airflow/.local/lib/python3.8/site-packages/airflow/example_dags/example_params_trigger_ui.py for tasks to queue
[2025-01-07T00:14:56.708+0000] {logging_mixin.py:188} INFO - [2025-01-07T00:14:56.705+0000] {dagbag.py:538} INFO - Filling up the DagBag from /home/airflow/.local/lib/python3.8/site-packages/airflow/example_dags/example_params_trigger_ui.py
[2025-01-07T00:14:56.746+0000] {processor.py:840} INFO - DAG(s) 'example_params_trigger_ui' retrieved from /home/airflow/.local/lib/python3.8/site-packages/airflow/example_dags/example_params_trigger_ui.py
[2025-01-07T00:14:57.035+0000] {logging_mixin.py:188} INFO - [2025-01-07T00:14:57.035+0000] {dag.py:3036} INFO - Sync 1 DAGs
[2025-01-07T00:14:57.098+0000] {logging_mixin.py:188} INFO - [2025-01-07T00:14:57.097+0000] {dag.py:3823} INFO - Setting next_dagrun for example_params_trigger_ui to None, run_after=None
[2025-01-07T00:14:57.193+0000] {processor.py:183} INFO - Processing /home/airflow/.local/lib/python3.8/site-packages/airflow/example_dags/example_params_trigger_ui.py took 0.497 seconds
[2025-01-07T00:15:28.207+0000] {processor.py:161} INFO - Started process (PID=7683) to work on /home/airflow/.local/lib/python3.8/site-packages/airflow/example_dags/example_params_trigger_ui.py
[2025-01-07T00:15:28.209+0000] {processor.py:830} INFO - Processing file /home/airflow/.local/lib/python3.8/site-packages/airflow/example_dags/example_params_trigger_ui.py for tasks to queue
[2025-01-07T00:15:28.213+0000] {logging_mixin.py:188} INFO - [2025-01-07T00:15:28.212+0000] {dagbag.py:538} INFO - Filling up the DagBag from /home/airflow/.local/lib/python3.8/site-packages/airflow/example_dags/example_params_trigger_ui.py
[2025-01-07T00:15:28.256+0000] {processor.py:840} INFO - DAG(s) 'example_params_trigger_ui' retrieved from /home/airflow/.local/lib/python3.8/site-packages/airflow/example_dags/example_params_trigger_ui.py
[2025-01-07T00:15:28.400+0000] {logging_mixin.py:188} INFO - [2025-01-07T00:15:28.400+0000] {dag.py:3036} INFO - Sync 1 DAGs
[2025-01-07T00:15:28.427+0000] {logging_mixin.py:188} INFO - [2025-01-07T00:15:28.427+0000] {dag.py:3823} INFO - Setting next_dagrun for example_params_trigger_ui to None, run_after=None
[2025-01-07T00:15:28.466+0000] {processor.py:183} INFO - Processing /home/airflow/.local/lib/python3.8/site-packages/airflow/example_dags/example_params_trigger_ui.py took 0.264 seconds
[2025-01-07T00:15:59.026+0000] {processor.py:161} INFO - Started process (PID=7740) to work on /home/airflow/.local/lib/python3.8/site-packages/airflow/example_dags/example_params_trigger_ui.py
[2025-01-07T00:15:59.038+0000] {processor.py:830} INFO - Processing file /home/airflow/.local/lib/python3.8/site-packages/airflow/example_dags/example_params_trigger_ui.py for tasks to queue
[2025-01-07T00:15:59.041+0000] {logging_mixin.py:188} INFO - [2025-01-07T00:15:59.041+0000] {dagbag.py:538} INFO - Filling up the DagBag from /home/airflow/.local/lib/python3.8/site-packages/airflow/example_dags/example_params_trigger_ui.py
[2025-01-07T00:15:59.118+0000] {processor.py:840} INFO - DAG(s) 'example_params_trigger_ui' retrieved from /home/airflow/.local/lib/python3.8/site-packages/airflow/example_dags/example_params_trigger_ui.py
[2025-01-07T00:15:59.395+0000] {logging_mixin.py:188} INFO - [2025-01-07T00:15:59.395+0000] {dag.py:3036} INFO - Sync 1 DAGs
[2025-01-07T00:15:59.450+0000] {logging_mixin.py:188} INFO - [2025-01-07T00:15:59.449+0000] {dag.py:3823} INFO - Setting next_dagrun for example_params_trigger_ui to None, run_after=None
[2025-01-07T00:15:59.529+0000] {processor.py:183} INFO - Processing /home/airflow/.local/lib/python3.8/site-packages/airflow/example_dags/example_params_trigger_ui.py took 0.509 seconds
[2025-01-07T00:16:30.045+0000] {processor.py:161} INFO - Started process (PID=7799) to work on /home/airflow/.local/lib/python3.8/site-packages/airflow/example_dags/example_params_trigger_ui.py
[2025-01-07T00:16:30.058+0000] {processor.py:830} INFO - Processing file /home/airflow/.local/lib/python3.8/site-packages/airflow/example_dags/example_params_trigger_ui.py for tasks to queue
[2025-01-07T00:16:30.069+0000] {logging_mixin.py:188} INFO - [2025-01-07T00:16:30.069+0000] {dagbag.py:538} INFO - Filling up the DagBag from /home/airflow/.local/lib/python3.8/site-packages/airflow/example_dags/example_params_trigger_ui.py
[2025-01-07T00:16:30.155+0000] {processor.py:840} INFO - DAG(s) 'example_params_trigger_ui' retrieved from /home/airflow/.local/lib/python3.8/site-packages/airflow/example_dags/example_params_trigger_ui.py
[2025-01-07T00:16:30.528+0000] {logging_mixin.py:188} INFO - [2025-01-07T00:16:30.527+0000] {dag.py:3036} INFO - Sync 1 DAGs
[2025-01-07T00:16:30.580+0000] {logging_mixin.py:188} INFO - [2025-01-07T00:16:30.580+0000] {dag.py:3823} INFO - Setting next_dagrun for example_params_trigger_ui to None, run_after=None
[2025-01-07T00:16:30.666+0000] {processor.py:183} INFO - Processing /home/airflow/.local/lib/python3.8/site-packages/airflow/example_dags/example_params_trigger_ui.py took 0.627 seconds
[2025-01-07T00:17:03.252+0000] {processor.py:161} INFO - Started process (PID=7857) to work on /home/airflow/.local/lib/python3.8/site-packages/airflow/example_dags/example_params_trigger_ui.py
[2025-01-07T00:17:03.257+0000] {processor.py:830} INFO - Processing file /home/airflow/.local/lib/python3.8/site-packages/airflow/example_dags/example_params_trigger_ui.py for tasks to queue
[2025-01-07T00:17:03.261+0000] {logging_mixin.py:188} INFO - [2025-01-07T00:17:03.260+0000] {dagbag.py:538} INFO - Filling up the DagBag from /home/airflow/.local/lib/python3.8/site-packages/airflow/example_dags/example_params_trigger_ui.py
[2025-01-07T00:17:03.312+0000] {processor.py:840} INFO - DAG(s) 'example_params_trigger_ui' retrieved from /home/airflow/.local/lib/python3.8/site-packages/airflow/example_dags/example_params_trigger_ui.py
[2025-01-07T00:17:03.566+0000] {logging_mixin.py:188} INFO - [2025-01-07T00:17:03.565+0000] {dag.py:3036} INFO - Sync 1 DAGs
[2025-01-07T00:17:03.596+0000] {logging_mixin.py:188} INFO - [2025-01-07T00:17:03.595+0000] {dag.py:3823} INFO - Setting next_dagrun for example_params_trigger_ui to None, run_after=None
[2025-01-07T00:17:03.655+0000] {processor.py:183} INFO - Processing /home/airflow/.local/lib/python3.8/site-packages/airflow/example_dags/example_params_trigger_ui.py took 0.417 seconds
[2025-01-07T00:17:34.515+0000] {processor.py:161} INFO - Started process (PID=7913) to work on /home/airflow/.local/lib/python3.8/site-packages/airflow/example_dags/example_params_trigger_ui.py
[2025-01-07T00:17:34.539+0000] {processor.py:830} INFO - Processing file /home/airflow/.local/lib/python3.8/site-packages/airflow/example_dags/example_params_trigger_ui.py for tasks to queue
[2025-01-07T00:17:34.545+0000] {logging_mixin.py:188} INFO - [2025-01-07T00:17:34.542+0000] {dagbag.py:538} INFO - Filling up the DagBag from /home/airflow/.local/lib/python3.8/site-packages/airflow/example_dags/example_params_trigger_ui.py
[2025-01-07T00:17:34.628+0000] {processor.py:840} INFO - DAG(s) 'example_params_trigger_ui' retrieved from /home/airflow/.local/lib/python3.8/site-packages/airflow/example_dags/example_params_trigger_ui.py
[2025-01-07T00:17:35.044+0000] {logging_mixin.py:188} INFO - [2025-01-07T00:17:35.043+0000] {dag.py:3036} INFO - Sync 1 DAGs
[2025-01-07T00:17:35.125+0000] {logging_mixin.py:188} INFO - [2025-01-07T00:17:35.125+0000] {dag.py:3823} INFO - Setting next_dagrun for example_params_trigger_ui to None, run_after=None
[2025-01-07T00:17:35.270+0000] {processor.py:183} INFO - Processing /home/airflow/.local/lib/python3.8/site-packages/airflow/example_dags/example_params_trigger_ui.py took 0.776 seconds
[2025-01-07T00:18:05.752+0000] {processor.py:161} INFO - Started process (PID=7968) to work on /home/airflow/.local/lib/python3.8/site-packages/airflow/example_dags/example_params_trigger_ui.py
[2025-01-07T00:18:05.754+0000] {processor.py:830} INFO - Processing file /home/airflow/.local/lib/python3.8/site-packages/airflow/example_dags/example_params_trigger_ui.py for tasks to queue
[2025-01-07T00:18:05.766+0000] {logging_mixin.py:188} INFO - [2025-01-07T00:18:05.756+0000] {dagbag.py:538} INFO - Filling up the DagBag from /home/airflow/.local/lib/python3.8/site-packages/airflow/example_dags/example_params_trigger_ui.py
[2025-01-07T00:18:05.819+0000] {processor.py:840} INFO - DAG(s) 'example_params_trigger_ui' retrieved from /home/airflow/.local/lib/python3.8/site-packages/airflow/example_dags/example_params_trigger_ui.py
[2025-01-07T00:18:06.076+0000] {logging_mixin.py:188} INFO - [2025-01-07T00:18:06.076+0000] {dag.py:3036} INFO - Sync 1 DAGs
[2025-01-07T00:18:06.136+0000] {logging_mixin.py:188} INFO - [2025-01-07T00:18:06.135+0000] {dag.py:3823} INFO - Setting next_dagrun for example_params_trigger_ui to None, run_after=None
[2025-01-07T00:18:06.200+0000] {processor.py:183} INFO - Processing /home/airflow/.local/lib/python3.8/site-packages/airflow/example_dags/example_params_trigger_ui.py took 0.455 seconds
[2025-01-07T00:18:37.438+0000] {processor.py:161} INFO - Started process (PID=8025) to work on /home/airflow/.local/lib/python3.8/site-packages/airflow/example_dags/example_params_trigger_ui.py
[2025-01-07T00:18:37.472+0000] {processor.py:830} INFO - Processing file /home/airflow/.local/lib/python3.8/site-packages/airflow/example_dags/example_params_trigger_ui.py for tasks to queue
[2025-01-07T00:18:37.500+0000] {logging_mixin.py:188} INFO - [2025-01-07T00:18:37.500+0000] {dagbag.py:538} INFO - Filling up the DagBag from /home/airflow/.local/lib/python3.8/site-packages/airflow/example_dags/example_params_trigger_ui.py
[2025-01-07T00:18:37.628+0000] {processor.py:840} INFO - DAG(s) 'example_params_trigger_ui' retrieved from /home/airflow/.local/lib/python3.8/site-packages/airflow/example_dags/example_params_trigger_ui.py
[2025-01-07T00:18:38.401+0000] {logging_mixin.py:188} INFO - [2025-01-07T00:18:38.401+0000] {dag.py:3036} INFO - Sync 1 DAGs
[2025-01-07T00:18:38.467+0000] {logging_mixin.py:188} INFO - [2025-01-07T00:18:38.467+0000] {dag.py:3823} INFO - Setting next_dagrun for example_params_trigger_ui to None, run_after=None
[2025-01-07T00:18:38.600+0000] {processor.py:183} INFO - Processing /home/airflow/.local/lib/python3.8/site-packages/airflow/example_dags/example_params_trigger_ui.py took 1.196 seconds
[2025-01-07T00:19:11.418+0000] {processor.py:161} INFO - Started process (PID=8088) to work on /home/airflow/.local/lib/python3.8/site-packages/airflow/example_dags/example_params_trigger_ui.py
[2025-01-07T00:19:11.434+0000] {processor.py:830} INFO - Processing file /home/airflow/.local/lib/python3.8/site-packages/airflow/example_dags/example_params_trigger_ui.py for tasks to queue
[2025-01-07T00:19:11.453+0000] {logging_mixin.py:188} INFO - [2025-01-07T00:19:11.452+0000] {dagbag.py:538} INFO - Filling up the DagBag from /home/airflow/.local/lib/python3.8/site-packages/airflow/example_dags/example_params_trigger_ui.py
[2025-01-07T00:19:11.515+0000] {processor.py:840} INFO - DAG(s) 'example_params_trigger_ui' retrieved from /home/airflow/.local/lib/python3.8/site-packages/airflow/example_dags/example_params_trigger_ui.py
[2025-01-07T00:19:11.733+0000] {logging_mixin.py:188} INFO - [2025-01-07T00:19:11.733+0000] {dag.py:3036} INFO - Sync 1 DAGs
[2025-01-07T00:19:11.833+0000] {logging_mixin.py:188} INFO - [2025-01-07T00:19:11.832+0000] {dag.py:3823} INFO - Setting next_dagrun for example_params_trigger_ui to None, run_after=None
[2025-01-07T00:19:11.943+0000] {processor.py:183} INFO - Processing /home/airflow/.local/lib/python3.8/site-packages/airflow/example_dags/example_params_trigger_ui.py took 0.538 seconds
[2025-01-07T00:19:42.146+0000] {processor.py:161} INFO - Started process (PID=8151) to work on /home/airflow/.local/lib/python3.8/site-packages/airflow/example_dags/example_params_trigger_ui.py
[2025-01-07T00:19:42.148+0000] {processor.py:830} INFO - Processing file /home/airflow/.local/lib/python3.8/site-packages/airflow/example_dags/example_params_trigger_ui.py for tasks to queue
[2025-01-07T00:19:42.158+0000] {logging_mixin.py:188} INFO - [2025-01-07T00:19:42.151+0000] {dagbag.py:538} INFO - Filling up the DagBag from /home/airflow/.local/lib/python3.8/site-packages/airflow/example_dags/example_params_trigger_ui.py
[2025-01-07T00:19:42.202+0000] {processor.py:840} INFO - DAG(s) 'example_params_trigger_ui' retrieved from /home/airflow/.local/lib/python3.8/site-packages/airflow/example_dags/example_params_trigger_ui.py
[2025-01-07T00:19:42.361+0000] {logging_mixin.py:188} INFO - [2025-01-07T00:19:42.360+0000] {dag.py:3036} INFO - Sync 1 DAGs
[2025-01-07T00:19:42.395+0000] {logging_mixin.py:188} INFO - [2025-01-07T00:19:42.395+0000] {dag.py:3823} INFO - Setting next_dagrun for example_params_trigger_ui to None, run_after=None
[2025-01-07T00:19:42.431+0000] {processor.py:183} INFO - Processing /home/airflow/.local/lib/python3.8/site-packages/airflow/example_dags/example_params_trigger_ui.py took 0.290 seconds
[2025-01-07T00:20:13.174+0000] {processor.py:161} INFO - Started process (PID=8208) to work on /home/airflow/.local/lib/python3.8/site-packages/airflow/example_dags/example_params_trigger_ui.py
[2025-01-07T00:20:13.176+0000] {processor.py:830} INFO - Processing file /home/airflow/.local/lib/python3.8/site-packages/airflow/example_dags/example_params_trigger_ui.py for tasks to queue
[2025-01-07T00:20:13.179+0000] {logging_mixin.py:188} INFO - [2025-01-07T00:20:13.178+0000] {dagbag.py:538} INFO - Filling up the DagBag from /home/airflow/.local/lib/python3.8/site-packages/airflow/example_dags/example_params_trigger_ui.py
[2025-01-07T00:20:13.210+0000] {processor.py:840} INFO - DAG(s) 'example_params_trigger_ui' retrieved from /home/airflow/.local/lib/python3.8/site-packages/airflow/example_dags/example_params_trigger_ui.py
[2025-01-07T00:20:13.336+0000] {logging_mixin.py:188} INFO - [2025-01-07T00:20:13.336+0000] {dag.py:3036} INFO - Sync 1 DAGs
[2025-01-07T00:20:13.361+0000] {logging_mixin.py:188} INFO - [2025-01-07T00:20:13.361+0000] {dag.py:3823} INFO - Setting next_dagrun for example_params_trigger_ui to None, run_after=None
[2025-01-07T00:20:13.392+0000] {processor.py:183} INFO - Processing /home/airflow/.local/lib/python3.8/site-packages/airflow/example_dags/example_params_trigger_ui.py took 0.222 seconds
[2025-01-07T00:20:44.326+0000] {processor.py:161} INFO - Started process (PID=8265) to work on /home/airflow/.local/lib/python3.8/site-packages/airflow/example_dags/example_params_trigger_ui.py
[2025-01-07T00:20:44.327+0000] {processor.py:830} INFO - Processing file /home/airflow/.local/lib/python3.8/site-packages/airflow/example_dags/example_params_trigger_ui.py for tasks to queue
[2025-01-07T00:20:44.331+0000] {logging_mixin.py:188} INFO - [2025-01-07T00:20:44.330+0000] {dagbag.py:538} INFO - Filling up the DagBag from /home/airflow/.local/lib/python3.8/site-packages/airflow/example_dags/example_params_trigger_ui.py
[2025-01-07T00:20:44.357+0000] {processor.py:840} INFO - DAG(s) 'example_params_trigger_ui' retrieved from /home/airflow/.local/lib/python3.8/site-packages/airflow/example_dags/example_params_trigger_ui.py
[2025-01-07T00:20:44.478+0000] {logging_mixin.py:188} INFO - [2025-01-07T00:20:44.477+0000] {dag.py:3036} INFO - Sync 1 DAGs
[2025-01-07T00:20:44.504+0000] {logging_mixin.py:188} INFO - [2025-01-07T00:20:44.504+0000] {dag.py:3823} INFO - Setting next_dagrun for example_params_trigger_ui to None, run_after=None
[2025-01-07T00:20:44.532+0000] {processor.py:183} INFO - Processing /home/airflow/.local/lib/python3.8/site-packages/airflow/example_dags/example_params_trigger_ui.py took 0.211 seconds
[2025-01-07T00:21:14.579+0000] {processor.py:161} INFO - Started process (PID=8323) to work on /home/airflow/.local/lib/python3.8/site-packages/airflow/example_dags/example_params_trigger_ui.py
[2025-01-07T00:21:14.581+0000] {processor.py:830} INFO - Processing file /home/airflow/.local/lib/python3.8/site-packages/airflow/example_dags/example_params_trigger_ui.py for tasks to queue
[2025-01-07T00:21:14.584+0000] {logging_mixin.py:188} INFO - [2025-01-07T00:21:14.583+0000] {dagbag.py:538} INFO - Filling up the DagBag from /home/airflow/.local/lib/python3.8/site-packages/airflow/example_dags/example_params_trigger_ui.py
[2025-01-07T00:21:14.612+0000] {processor.py:840} INFO - DAG(s) 'example_params_trigger_ui' retrieved from /home/airflow/.local/lib/python3.8/site-packages/airflow/example_dags/example_params_trigger_ui.py
[2025-01-07T00:21:14.710+0000] {logging_mixin.py:188} INFO - [2025-01-07T00:21:14.710+0000] {dag.py:3036} INFO - Sync 1 DAGs
[2025-01-07T00:21:14.726+0000] {logging_mixin.py:188} INFO - [2025-01-07T00:21:14.726+0000] {dag.py:3823} INFO - Setting next_dagrun for example_params_trigger_ui to None, run_after=None
[2025-01-07T00:21:14.750+0000] {processor.py:183} INFO - Processing /home/airflow/.local/lib/python3.8/site-packages/airflow/example_dags/example_params_trigger_ui.py took 0.176 seconds
[2025-01-07T00:21:45.187+0000] {processor.py:161} INFO - Started process (PID=8380) to work on /home/airflow/.local/lib/python3.8/site-packages/airflow/example_dags/example_params_trigger_ui.py
[2025-01-07T00:21:45.188+0000] {processor.py:830} INFO - Processing file /home/airflow/.local/lib/python3.8/site-packages/airflow/example_dags/example_params_trigger_ui.py for tasks to queue
[2025-01-07T00:21:45.191+0000] {logging_mixin.py:188} INFO - [2025-01-07T00:21:45.191+0000] {dagbag.py:538} INFO - Filling up the DagBag from /home/airflow/.local/lib/python3.8/site-packages/airflow/example_dags/example_params_trigger_ui.py
[2025-01-07T00:21:45.211+0000] {processor.py:840} INFO - DAG(s) 'example_params_trigger_ui' retrieved from /home/airflow/.local/lib/python3.8/site-packages/airflow/example_dags/example_params_trigger_ui.py
[2025-01-07T00:21:45.294+0000] {logging_mixin.py:188} INFO - [2025-01-07T00:21:45.294+0000] {dag.py:3036} INFO - Sync 1 DAGs
[2025-01-07T00:21:45.310+0000] {logging_mixin.py:188} INFO - [2025-01-07T00:21:45.310+0000] {dag.py:3823} INFO - Setting next_dagrun for example_params_trigger_ui to None, run_after=None
[2025-01-07T00:21:45.333+0000] {processor.py:183} INFO - Processing /home/airflow/.local/lib/python3.8/site-packages/airflow/example_dags/example_params_trigger_ui.py took 0.151 seconds
[2025-01-07T00:22:15.658+0000] {processor.py:161} INFO - Started process (PID=8437) to work on /home/airflow/.local/lib/python3.8/site-packages/airflow/example_dags/example_params_trigger_ui.py
[2025-01-07T00:22:15.659+0000] {processor.py:830} INFO - Processing file /home/airflow/.local/lib/python3.8/site-packages/airflow/example_dags/example_params_trigger_ui.py for tasks to queue
[2025-01-07T00:22:15.663+0000] {logging_mixin.py:188} INFO - [2025-01-07T00:22:15.662+0000] {dagbag.py:538} INFO - Filling up the DagBag from /home/airflow/.local/lib/python3.8/site-packages/airflow/example_dags/example_params_trigger_ui.py
[2025-01-07T00:22:15.690+0000] {processor.py:840} INFO - DAG(s) 'example_params_trigger_ui' retrieved from /home/airflow/.local/lib/python3.8/site-packages/airflow/example_dags/example_params_trigger_ui.py
[2025-01-07T00:22:15.829+0000] {logging_mixin.py:188} INFO - [2025-01-07T00:22:15.828+0000] {dag.py:3036} INFO - Sync 1 DAGs
[2025-01-07T00:22:15.849+0000] {logging_mixin.py:188} INFO - [2025-01-07T00:22:15.849+0000] {dag.py:3823} INFO - Setting next_dagrun for example_params_trigger_ui to None, run_after=None
[2025-01-07T00:22:15.883+0000] {processor.py:183} INFO - Processing /home/airflow/.local/lib/python3.8/site-packages/airflow/example_dags/example_params_trigger_ui.py took 0.230 seconds
[2025-01-07T00:22:46.009+0000] {processor.py:161} INFO - Started process (PID=8494) to work on /home/airflow/.local/lib/python3.8/site-packages/airflow/example_dags/example_params_trigger_ui.py
[2025-01-07T00:22:46.010+0000] {processor.py:830} INFO - Processing file /home/airflow/.local/lib/python3.8/site-packages/airflow/example_dags/example_params_trigger_ui.py for tasks to queue
[2025-01-07T00:22:46.015+0000] {logging_mixin.py:188} INFO - [2025-01-07T00:22:46.013+0000] {dagbag.py:538} INFO - Filling up the DagBag from /home/airflow/.local/lib/python3.8/site-packages/airflow/example_dags/example_params_trigger_ui.py
[2025-01-07T00:22:46.044+0000] {processor.py:840} INFO - DAG(s) 'example_params_trigger_ui' retrieved from /home/airflow/.local/lib/python3.8/site-packages/airflow/example_dags/example_params_trigger_ui.py
[2025-01-07T00:22:46.115+0000] {logging_mixin.py:188} INFO - [2025-01-07T00:22:46.115+0000] {dag.py:3036} INFO - Sync 1 DAGs
[2025-01-07T00:22:46.129+0000] {logging_mixin.py:188} INFO - [2025-01-07T00:22:46.129+0000] {dag.py:3823} INFO - Setting next_dagrun for example_params_trigger_ui to None, run_after=None
[2025-01-07T00:22:46.154+0000] {processor.py:183} INFO - Processing /home/airflow/.local/lib/python3.8/site-packages/airflow/example_dags/example_params_trigger_ui.py took 0.149 seconds
[2025-01-07T00:23:16.891+0000] {processor.py:161} INFO - Started process (PID=8551) to work on /home/airflow/.local/lib/python3.8/site-packages/airflow/example_dags/example_params_trigger_ui.py
[2025-01-07T00:23:16.892+0000] {processor.py:830} INFO - Processing file /home/airflow/.local/lib/python3.8/site-packages/airflow/example_dags/example_params_trigger_ui.py for tasks to queue
[2025-01-07T00:23:16.894+0000] {logging_mixin.py:188} INFO - [2025-01-07T00:23:16.894+0000] {dagbag.py:538} INFO - Filling up the DagBag from /home/airflow/.local/lib/python3.8/site-packages/airflow/example_dags/example_params_trigger_ui.py
[2025-01-07T00:23:16.920+0000] {processor.py:840} INFO - DAG(s) 'example_params_trigger_ui' retrieved from /home/airflow/.local/lib/python3.8/site-packages/airflow/example_dags/example_params_trigger_ui.py
[2025-01-07T00:23:17.012+0000] {logging_mixin.py:188} INFO - [2025-01-07T00:23:17.012+0000] {dag.py:3036} INFO - Sync 1 DAGs
[2025-01-07T00:23:17.028+0000] {logging_mixin.py:188} INFO - [2025-01-07T00:23:17.028+0000] {dag.py:3823} INFO - Setting next_dagrun for example_params_trigger_ui to None, run_after=None
[2025-01-07T00:23:17.052+0000] {processor.py:183} INFO - Processing /home/airflow/.local/lib/python3.8/site-packages/airflow/example_dags/example_params_trigger_ui.py took 0.166 seconds
[2025-01-07T00:23:47.544+0000] {processor.py:161} INFO - Started process (PID=8608) to work on /home/airflow/.local/lib/python3.8/site-packages/airflow/example_dags/example_params_trigger_ui.py
[2025-01-07T00:23:47.545+0000] {processor.py:830} INFO - Processing file /home/airflow/.local/lib/python3.8/site-packages/airflow/example_dags/example_params_trigger_ui.py for tasks to queue
[2025-01-07T00:23:47.550+0000] {logging_mixin.py:188} INFO - [2025-01-07T00:23:47.549+0000] {dagbag.py:538} INFO - Filling up the DagBag from /home/airflow/.local/lib/python3.8/site-packages/airflow/example_dags/example_params_trigger_ui.py
[2025-01-07T00:23:47.608+0000] {processor.py:840} INFO - DAG(s) 'example_params_trigger_ui' retrieved from /home/airflow/.local/lib/python3.8/site-packages/airflow/example_dags/example_params_trigger_ui.py
[2025-01-07T00:23:47.720+0000] {logging_mixin.py:188} INFO - [2025-01-07T00:23:47.720+0000] {dag.py:3036} INFO - Sync 1 DAGs
[2025-01-07T00:23:47.740+0000] {logging_mixin.py:188} INFO - [2025-01-07T00:23:47.740+0000] {dag.py:3823} INFO - Setting next_dagrun for example_params_trigger_ui to None, run_after=None
[2025-01-07T00:23:47.763+0000] {processor.py:183} INFO - Processing /home/airflow/.local/lib/python3.8/site-packages/airflow/example_dags/example_params_trigger_ui.py took 0.225 seconds
[2025-01-07T00:24:18.357+0000] {processor.py:161} INFO - Started process (PID=8670) to work on /home/airflow/.local/lib/python3.8/site-packages/airflow/example_dags/example_params_trigger_ui.py
[2025-01-07T00:24:18.359+0000] {processor.py:830} INFO - Processing file /home/airflow/.local/lib/python3.8/site-packages/airflow/example_dags/example_params_trigger_ui.py for tasks to queue
[2025-01-07T00:24:18.361+0000] {logging_mixin.py:188} INFO - [2025-01-07T00:24:18.361+0000] {dagbag.py:538} INFO - Filling up the DagBag from /home/airflow/.local/lib/python3.8/site-packages/airflow/example_dags/example_params_trigger_ui.py
[2025-01-07T00:24:18.387+0000] {processor.py:840} INFO - DAG(s) 'example_params_trigger_ui' retrieved from /home/airflow/.local/lib/python3.8/site-packages/airflow/example_dags/example_params_trigger_ui.py
[2025-01-07T00:24:18.473+0000] {logging_mixin.py:188} INFO - [2025-01-07T00:24:18.473+0000] {dag.py:3036} INFO - Sync 1 DAGs
[2025-01-07T00:24:18.487+0000] {logging_mixin.py:188} INFO - [2025-01-07T00:24:18.487+0000] {dag.py:3823} INFO - Setting next_dagrun for example_params_trigger_ui to None, run_after=None
[2025-01-07T00:24:18.511+0000] {processor.py:183} INFO - Processing /home/airflow/.local/lib/python3.8/site-packages/airflow/example_dags/example_params_trigger_ui.py took 0.160 seconds
[2025-01-07T00:24:49.262+0000] {processor.py:161} INFO - Started process (PID=8727) to work on /home/airflow/.local/lib/python3.8/site-packages/airflow/example_dags/example_params_trigger_ui.py
[2025-01-07T00:24:49.264+0000] {processor.py:830} INFO - Processing file /home/airflow/.local/lib/python3.8/site-packages/airflow/example_dags/example_params_trigger_ui.py for tasks to queue
[2025-01-07T00:24:49.276+0000] {logging_mixin.py:188} INFO - [2025-01-07T00:24:49.268+0000] {dagbag.py:538} INFO - Filling up the DagBag from /home/airflow/.local/lib/python3.8/site-packages/airflow/example_dags/example_params_trigger_ui.py
[2025-01-07T00:24:49.332+0000] {processor.py:840} INFO - DAG(s) 'example_params_trigger_ui' retrieved from /home/airflow/.local/lib/python3.8/site-packages/airflow/example_dags/example_params_trigger_ui.py
[2025-01-07T00:24:49.494+0000] {logging_mixin.py:188} INFO - [2025-01-07T00:24:49.494+0000] {dag.py:3036} INFO - Sync 1 DAGs
[2025-01-07T00:24:49.517+0000] {logging_mixin.py:188} INFO - [2025-01-07T00:24:49.517+0000] {dag.py:3823} INFO - Setting next_dagrun for example_params_trigger_ui to None, run_after=None
[2025-01-07T00:24:49.573+0000] {processor.py:183} INFO - Processing /home/airflow/.local/lib/python3.8/site-packages/airflow/example_dags/example_params_trigger_ui.py took 0.316 seconds
