[2025-01-07T00:00:24.228+0000] {processor.py:161} INFO - Started process (PID=5976) to work on /home/airflow/.local/lib/python3.8/site-packages/airflow/example_dags/example_nested_branch_dag.py
[2025-01-07T00:00:24.230+0000] {processor.py:830} INFO - Processing file /home/airflow/.local/lib/python3.8/site-packages/airflow/example_dags/example_nested_branch_dag.py for tasks to queue
[2025-01-07T00:00:24.233+0000] {logging_mixin.py:188} INFO - [2025-01-07T00:00:24.232+0000] {dagbag.py:538} INFO - Filling up the DagBag from /home/airflow/.local/lib/python3.8/site-packages/airflow/example_dags/example_nested_branch_dag.py
[2025-01-07T00:00:24.254+0000] {processor.py:840} INFO - DAG(s) 'example_nested_branch_dag' retrieved from /home/airflow/.local/lib/python3.8/site-packages/airflow/example_dags/example_nested_branch_dag.py
[2025-01-07T00:00:24.310+0000] {logging_mixin.py:188} INFO - [2025-01-07T00:00:24.309+0000] {dag.py:3036} INFO - Sync 1 DAGs
[2025-01-07T00:00:24.401+0000] {logging_mixin.py:188} INFO - [2025-01-07T00:00:24.401+0000] {dag.py:3823} INFO - Setting next_dagrun for example_nested_branch_dag to 2025-01-06 00:00:00+00:00, run_after=2025-01-07 00:00:00+00:00
[2025-01-07T00:00:24.496+0000] {processor.py:183} INFO - Processing /home/airflow/.local/lib/python3.8/site-packages/airflow/example_dags/example_nested_branch_dag.py took 0.274 seconds
[2025-01-07T00:00:55.132+0000] {processor.py:161} INFO - Started process (PID=6034) to work on /home/airflow/.local/lib/python3.8/site-packages/airflow/example_dags/example_nested_branch_dag.py
[2025-01-07T00:00:55.134+0000] {processor.py:830} INFO - Processing file /home/airflow/.local/lib/python3.8/site-packages/airflow/example_dags/example_nested_branch_dag.py for tasks to queue
[2025-01-07T00:00:55.137+0000] {logging_mixin.py:188} INFO - [2025-01-07T00:00:55.136+0000] {dagbag.py:538} INFO - Filling up the DagBag from /home/airflow/.local/lib/python3.8/site-packages/airflow/example_dags/example_nested_branch_dag.py
[2025-01-07T00:00:55.151+0000] {processor.py:840} INFO - DAG(s) 'example_nested_branch_dag' retrieved from /home/airflow/.local/lib/python3.8/site-packages/airflow/example_dags/example_nested_branch_dag.py
[2025-01-07T00:00:55.180+0000] {logging_mixin.py:188} INFO - [2025-01-07T00:00:55.180+0000] {dag.py:3036} INFO - Sync 1 DAGs
[2025-01-07T00:00:55.216+0000] {logging_mixin.py:188} INFO - [2025-01-07T00:00:55.216+0000] {dag.py:3823} INFO - Setting next_dagrun for example_nested_branch_dag to 2025-01-06 00:00:00+00:00, run_after=2025-01-07 00:00:00+00:00
[2025-01-07T00:00:55.275+0000] {processor.py:183} INFO - Processing /home/airflow/.local/lib/python3.8/site-packages/airflow/example_dags/example_nested_branch_dag.py took 0.148 seconds
[2025-01-07T00:01:25.362+0000] {processor.py:161} INFO - Started process (PID=6091) to work on /home/airflow/.local/lib/python3.8/site-packages/airflow/example_dags/example_nested_branch_dag.py
[2025-01-07T00:01:25.363+0000] {processor.py:830} INFO - Processing file /home/airflow/.local/lib/python3.8/site-packages/airflow/example_dags/example_nested_branch_dag.py for tasks to queue
[2025-01-07T00:01:25.365+0000] {logging_mixin.py:188} INFO - [2025-01-07T00:01:25.365+0000] {dagbag.py:538} INFO - Filling up the DagBag from /home/airflow/.local/lib/python3.8/site-packages/airflow/example_dags/example_nested_branch_dag.py
[2025-01-07T00:01:25.381+0000] {processor.py:840} INFO - DAG(s) 'example_nested_branch_dag' retrieved from /home/airflow/.local/lib/python3.8/site-packages/airflow/example_dags/example_nested_branch_dag.py
[2025-01-07T00:01:25.417+0000] {logging_mixin.py:188} INFO - [2025-01-07T00:01:25.417+0000] {dag.py:3036} INFO - Sync 1 DAGs
[2025-01-07T00:01:25.483+0000] {logging_mixin.py:188} INFO - [2025-01-07T00:01:25.482+0000] {dag.py:3823} INFO - Setting next_dagrun for example_nested_branch_dag to 2025-01-06 00:00:00+00:00, run_after=2025-01-07 00:00:00+00:00
[2025-01-07T00:01:25.515+0000] {processor.py:183} INFO - Processing /home/airflow/.local/lib/python3.8/site-packages/airflow/example_dags/example_nested_branch_dag.py took 0.158 seconds
[2025-01-07T00:01:55.890+0000] {processor.py:161} INFO - Started process (PID=6148) to work on /home/airflow/.local/lib/python3.8/site-packages/airflow/example_dags/example_nested_branch_dag.py
[2025-01-07T00:01:55.891+0000] {processor.py:830} INFO - Processing file /home/airflow/.local/lib/python3.8/site-packages/airflow/example_dags/example_nested_branch_dag.py for tasks to queue
[2025-01-07T00:01:55.895+0000] {logging_mixin.py:188} INFO - [2025-01-07T00:01:55.894+0000] {dagbag.py:538} INFO - Filling up the DagBag from /home/airflow/.local/lib/python3.8/site-packages/airflow/example_dags/example_nested_branch_dag.py
[2025-01-07T00:01:55.908+0000] {processor.py:840} INFO - DAG(s) 'example_nested_branch_dag' retrieved from /home/airflow/.local/lib/python3.8/site-packages/airflow/example_dags/example_nested_branch_dag.py
[2025-01-07T00:01:55.938+0000] {logging_mixin.py:188} INFO - [2025-01-07T00:01:55.937+0000] {dag.py:3036} INFO - Sync 1 DAGs
[2025-01-07T00:01:55.968+0000] {logging_mixin.py:188} INFO - [2025-01-07T00:01:55.967+0000] {dag.py:3823} INFO - Setting next_dagrun for example_nested_branch_dag to 2025-01-06 00:00:00+00:00, run_after=2025-01-07 00:00:00+00:00
[2025-01-07T00:01:55.992+0000] {processor.py:183} INFO - Processing /home/airflow/.local/lib/python3.8/site-packages/airflow/example_dags/example_nested_branch_dag.py took 0.107 seconds
[2025-01-07T00:02:27.471+0000] {processor.py:161} INFO - Started process (PID=6210) to work on /home/airflow/.local/lib/python3.8/site-packages/airflow/example_dags/example_nested_branch_dag.py
[2025-01-07T00:02:27.485+0000] {processor.py:830} INFO - Processing file /home/airflow/.local/lib/python3.8/site-packages/airflow/example_dags/example_nested_branch_dag.py for tasks to queue
[2025-01-07T00:02:27.493+0000] {logging_mixin.py:188} INFO - [2025-01-07T00:02:27.493+0000] {dagbag.py:538} INFO - Filling up the DagBag from /home/airflow/.local/lib/python3.8/site-packages/airflow/example_dags/example_nested_branch_dag.py
[2025-01-07T00:02:27.540+0000] {processor.py:840} INFO - DAG(s) 'example_nested_branch_dag' retrieved from /home/airflow/.local/lib/python3.8/site-packages/airflow/example_dags/example_nested_branch_dag.py
[2025-01-07T00:02:27.619+0000] {logging_mixin.py:188} INFO - [2025-01-07T00:02:27.618+0000] {dag.py:3036} INFO - Sync 1 DAGs
[2025-01-07T00:02:27.821+0000] {logging_mixin.py:188} INFO - [2025-01-07T00:02:27.815+0000] {dag.py:3823} INFO - Setting next_dagrun for example_nested_branch_dag to 2025-01-06 00:00:00+00:00, run_after=2025-01-07 00:00:00+00:00
[2025-01-07T00:02:27.954+0000] {processor.py:183} INFO - Processing /home/airflow/.local/lib/python3.8/site-packages/airflow/example_dags/example_nested_branch_dag.py took 0.491 seconds
[2025-01-07T00:02:58.332+0000] {processor.py:161} INFO - Started process (PID=6272) to work on /home/airflow/.local/lib/python3.8/site-packages/airflow/example_dags/example_nested_branch_dag.py
[2025-01-07T00:02:58.333+0000] {processor.py:830} INFO - Processing file /home/airflow/.local/lib/python3.8/site-packages/airflow/example_dags/example_nested_branch_dag.py for tasks to queue
[2025-01-07T00:02:58.337+0000] {logging_mixin.py:188} INFO - [2025-01-07T00:02:58.336+0000] {dagbag.py:538} INFO - Filling up the DagBag from /home/airflow/.local/lib/python3.8/site-packages/airflow/example_dags/example_nested_branch_dag.py
[2025-01-07T00:02:58.361+0000] {processor.py:840} INFO - DAG(s) 'example_nested_branch_dag' retrieved from /home/airflow/.local/lib/python3.8/site-packages/airflow/example_dags/example_nested_branch_dag.py
[2025-01-07T00:02:58.398+0000] {logging_mixin.py:188} INFO - [2025-01-07T00:02:58.398+0000] {dag.py:3036} INFO - Sync 1 DAGs
[2025-01-07T00:02:58.439+0000] {logging_mixin.py:188} INFO - [2025-01-07T00:02:58.438+0000] {dag.py:3823} INFO - Setting next_dagrun for example_nested_branch_dag to 2025-01-06 00:00:00+00:00, run_after=2025-01-07 00:00:00+00:00
[2025-01-07T00:02:58.477+0000] {processor.py:183} INFO - Processing /home/airflow/.local/lib/python3.8/site-packages/airflow/example_dags/example_nested_branch_dag.py took 0.151 seconds
[2025-01-07T00:03:28.522+0000] {processor.py:161} INFO - Started process (PID=6329) to work on /home/airflow/.local/lib/python3.8/site-packages/airflow/example_dags/example_nested_branch_dag.py
[2025-01-07T00:03:28.523+0000] {processor.py:830} INFO - Processing file /home/airflow/.local/lib/python3.8/site-packages/airflow/example_dags/example_nested_branch_dag.py for tasks to queue
[2025-01-07T00:03:28.526+0000] {logging_mixin.py:188} INFO - [2025-01-07T00:03:28.525+0000] {dagbag.py:538} INFO - Filling up the DagBag from /home/airflow/.local/lib/python3.8/site-packages/airflow/example_dags/example_nested_branch_dag.py
[2025-01-07T00:03:28.539+0000] {processor.py:840} INFO - DAG(s) 'example_nested_branch_dag' retrieved from /home/airflow/.local/lib/python3.8/site-packages/airflow/example_dags/example_nested_branch_dag.py
[2025-01-07T00:03:28.570+0000] {logging_mixin.py:188} INFO - [2025-01-07T00:03:28.569+0000] {dag.py:3036} INFO - Sync 1 DAGs
[2025-01-07T00:03:28.600+0000] {logging_mixin.py:188} INFO - [2025-01-07T00:03:28.600+0000] {dag.py:3823} INFO - Setting next_dagrun for example_nested_branch_dag to 2025-01-06 00:00:00+00:00, run_after=2025-01-07 00:00:00+00:00
[2025-01-07T00:03:28.639+0000] {processor.py:183} INFO - Processing /home/airflow/.local/lib/python3.8/site-packages/airflow/example_dags/example_nested_branch_dag.py took 0.122 seconds
[2025-01-07T00:03:59.061+0000] {processor.py:161} INFO - Started process (PID=6386) to work on /home/airflow/.local/lib/python3.8/site-packages/airflow/example_dags/example_nested_branch_dag.py
[2025-01-07T00:03:59.062+0000] {processor.py:830} INFO - Processing file /home/airflow/.local/lib/python3.8/site-packages/airflow/example_dags/example_nested_branch_dag.py for tasks to queue
[2025-01-07T00:03:59.066+0000] {logging_mixin.py:188} INFO - [2025-01-07T00:03:59.066+0000] {dagbag.py:538} INFO - Filling up the DagBag from /home/airflow/.local/lib/python3.8/site-packages/airflow/example_dags/example_nested_branch_dag.py
[2025-01-07T00:03:59.078+0000] {processor.py:840} INFO - DAG(s) 'example_nested_branch_dag' retrieved from /home/airflow/.local/lib/python3.8/site-packages/airflow/example_dags/example_nested_branch_dag.py
[2025-01-07T00:03:59.108+0000] {logging_mixin.py:188} INFO - [2025-01-07T00:03:59.107+0000] {dag.py:3036} INFO - Sync 1 DAGs
[2025-01-07T00:03:59.137+0000] {logging_mixin.py:188} INFO - [2025-01-07T00:03:59.137+0000] {dag.py:3823} INFO - Setting next_dagrun for example_nested_branch_dag to 2025-01-06 00:00:00+00:00, run_after=2025-01-07 00:00:00+00:00
[2025-01-07T00:03:59.166+0000] {processor.py:183} INFO - Processing /home/airflow/.local/lib/python3.8/site-packages/airflow/example_dags/example_nested_branch_dag.py took 0.109 seconds
[2025-01-07T00:04:29.469+0000] {processor.py:161} INFO - Started process (PID=6444) to work on /home/airflow/.local/lib/python3.8/site-packages/airflow/example_dags/example_nested_branch_dag.py
[2025-01-07T00:04:29.470+0000] {processor.py:830} INFO - Processing file /home/airflow/.local/lib/python3.8/site-packages/airflow/example_dags/example_nested_branch_dag.py for tasks to queue
[2025-01-07T00:04:29.474+0000] {logging_mixin.py:188} INFO - [2025-01-07T00:04:29.474+0000] {dagbag.py:538} INFO - Filling up the DagBag from /home/airflow/.local/lib/python3.8/site-packages/airflow/example_dags/example_nested_branch_dag.py
[2025-01-07T00:04:29.492+0000] {processor.py:840} INFO - DAG(s) 'example_nested_branch_dag' retrieved from /home/airflow/.local/lib/python3.8/site-packages/airflow/example_dags/example_nested_branch_dag.py
[2025-01-07T00:04:29.527+0000] {logging_mixin.py:188} INFO - [2025-01-07T00:04:29.526+0000] {dag.py:3036} INFO - Sync 1 DAGs
[2025-01-07T00:04:29.561+0000] {logging_mixin.py:188} INFO - [2025-01-07T00:04:29.561+0000] {dag.py:3823} INFO - Setting next_dagrun for example_nested_branch_dag to 2025-01-06 00:00:00+00:00, run_after=2025-01-07 00:00:00+00:00
[2025-01-07T00:04:29.601+0000] {processor.py:183} INFO - Processing /home/airflow/.local/lib/python3.8/site-packages/airflow/example_dags/example_nested_branch_dag.py took 0.137 seconds
[2025-01-07T00:04:59.669+0000] {processor.py:161} INFO - Started process (PID=6501) to work on /home/airflow/.local/lib/python3.8/site-packages/airflow/example_dags/example_nested_branch_dag.py
[2025-01-07T00:04:59.671+0000] {processor.py:830} INFO - Processing file /home/airflow/.local/lib/python3.8/site-packages/airflow/example_dags/example_nested_branch_dag.py for tasks to queue
[2025-01-07T00:04:59.674+0000] {logging_mixin.py:188} INFO - [2025-01-07T00:04:59.673+0000] {dagbag.py:538} INFO - Filling up the DagBag from /home/airflow/.local/lib/python3.8/site-packages/airflow/example_dags/example_nested_branch_dag.py
[2025-01-07T00:04:59.687+0000] {processor.py:840} INFO - DAG(s) 'example_nested_branch_dag' retrieved from /home/airflow/.local/lib/python3.8/site-packages/airflow/example_dags/example_nested_branch_dag.py
[2025-01-07T00:04:59.715+0000] {logging_mixin.py:188} INFO - [2025-01-07T00:04:59.714+0000] {dag.py:3036} INFO - Sync 1 DAGs
[2025-01-07T00:04:59.748+0000] {logging_mixin.py:188} INFO - [2025-01-07T00:04:59.747+0000] {dag.py:3823} INFO - Setting next_dagrun for example_nested_branch_dag to 2025-01-06 00:00:00+00:00, run_after=2025-01-07 00:00:00+00:00
[2025-01-07T00:04:59.773+0000] {processor.py:183} INFO - Processing /home/airflow/.local/lib/python3.8/site-packages/airflow/example_dags/example_nested_branch_dag.py took 0.107 seconds
[2025-01-07T00:05:30.363+0000] {processor.py:161} INFO - Started process (PID=6558) to work on /home/airflow/.local/lib/python3.8/site-packages/airflow/example_dags/example_nested_branch_dag.py
[2025-01-07T00:05:30.365+0000] {processor.py:830} INFO - Processing file /home/airflow/.local/lib/python3.8/site-packages/airflow/example_dags/example_nested_branch_dag.py for tasks to queue
[2025-01-07T00:05:30.367+0000] {logging_mixin.py:188} INFO - [2025-01-07T00:05:30.367+0000] {dagbag.py:538} INFO - Filling up the DagBag from /home/airflow/.local/lib/python3.8/site-packages/airflow/example_dags/example_nested_branch_dag.py
[2025-01-07T00:05:30.383+0000] {processor.py:840} INFO - DAG(s) 'example_nested_branch_dag' retrieved from /home/airflow/.local/lib/python3.8/site-packages/airflow/example_dags/example_nested_branch_dag.py
[2025-01-07T00:05:30.414+0000] {logging_mixin.py:188} INFO - [2025-01-07T00:05:30.414+0000] {dag.py:3036} INFO - Sync 1 DAGs
[2025-01-07T00:05:30.444+0000] {logging_mixin.py:188} INFO - [2025-01-07T00:05:30.444+0000] {dag.py:3823} INFO - Setting next_dagrun for example_nested_branch_dag to 2025-01-06 00:00:00+00:00, run_after=2025-01-07 00:00:00+00:00
[2025-01-07T00:05:30.467+0000] {processor.py:183} INFO - Processing /home/airflow/.local/lib/python3.8/site-packages/airflow/example_dags/example_nested_branch_dag.py took 0.108 seconds
[2025-01-07T00:06:00.723+0000] {processor.py:161} INFO - Started process (PID=6615) to work on /home/airflow/.local/lib/python3.8/site-packages/airflow/example_dags/example_nested_branch_dag.py
[2025-01-07T00:06:00.725+0000] {processor.py:830} INFO - Processing file /home/airflow/.local/lib/python3.8/site-packages/airflow/example_dags/example_nested_branch_dag.py for tasks to queue
[2025-01-07T00:06:00.727+0000] {logging_mixin.py:188} INFO - [2025-01-07T00:06:00.726+0000] {dagbag.py:538} INFO - Filling up the DagBag from /home/airflow/.local/lib/python3.8/site-packages/airflow/example_dags/example_nested_branch_dag.py
[2025-01-07T00:06:00.741+0000] {processor.py:840} INFO - DAG(s) 'example_nested_branch_dag' retrieved from /home/airflow/.local/lib/python3.8/site-packages/airflow/example_dags/example_nested_branch_dag.py
[2025-01-07T00:06:00.770+0000] {logging_mixin.py:188} INFO - [2025-01-07T00:06:00.770+0000] {dag.py:3036} INFO - Sync 1 DAGs
[2025-01-07T00:06:00.800+0000] {logging_mixin.py:188} INFO - [2025-01-07T00:06:00.800+0000] {dag.py:3823} INFO - Setting next_dagrun for example_nested_branch_dag to 2025-01-06 00:00:00+00:00, run_after=2025-01-07 00:00:00+00:00
[2025-01-07T00:06:00.838+0000] {processor.py:183} INFO - Processing /home/airflow/.local/lib/python3.8/site-packages/airflow/example_dags/example_nested_branch_dag.py took 0.118 seconds
[2025-01-07T00:06:31.199+0000] {processor.py:161} INFO - Started process (PID=6671) to work on /home/airflow/.local/lib/python3.8/site-packages/airflow/example_dags/example_nested_branch_dag.py
[2025-01-07T00:06:31.200+0000] {processor.py:830} INFO - Processing file /home/airflow/.local/lib/python3.8/site-packages/airflow/example_dags/example_nested_branch_dag.py for tasks to queue
[2025-01-07T00:06:31.203+0000] {logging_mixin.py:188} INFO - [2025-01-07T00:06:31.203+0000] {dagbag.py:538} INFO - Filling up the DagBag from /home/airflow/.local/lib/python3.8/site-packages/airflow/example_dags/example_nested_branch_dag.py
[2025-01-07T00:06:31.221+0000] {processor.py:840} INFO - DAG(s) 'example_nested_branch_dag' retrieved from /home/airflow/.local/lib/python3.8/site-packages/airflow/example_dags/example_nested_branch_dag.py
[2025-01-07T00:06:31.256+0000] {logging_mixin.py:188} INFO - [2025-01-07T00:06:31.255+0000] {dag.py:3036} INFO - Sync 1 DAGs
[2025-01-07T00:06:31.291+0000] {logging_mixin.py:188} INFO - [2025-01-07T00:06:31.291+0000] {dag.py:3823} INFO - Setting next_dagrun for example_nested_branch_dag to 2025-01-06 00:00:00+00:00, run_after=2025-01-07 00:00:00+00:00
[2025-01-07T00:06:31.322+0000] {processor.py:183} INFO - Processing /home/airflow/.local/lib/python3.8/site-packages/airflow/example_dags/example_nested_branch_dag.py took 0.129 seconds
[2025-01-07T00:07:03.278+0000] {processor.py:161} INFO - Started process (PID=6736) to work on /home/airflow/.local/lib/python3.8/site-packages/airflow/example_dags/example_nested_branch_dag.py
[2025-01-07T00:07:03.283+0000] {processor.py:830} INFO - Processing file /home/airflow/.local/lib/python3.8/site-packages/airflow/example_dags/example_nested_branch_dag.py for tasks to queue
[2025-01-07T00:07:03.302+0000] {logging_mixin.py:188} INFO - [2025-01-07T00:07:03.301+0000] {dagbag.py:538} INFO - Filling up the DagBag from /home/airflow/.local/lib/python3.8/site-packages/airflow/example_dags/example_nested_branch_dag.py
[2025-01-07T00:07:03.321+0000] {processor.py:840} INFO - DAG(s) 'example_nested_branch_dag' retrieved from /home/airflow/.local/lib/python3.8/site-packages/airflow/example_dags/example_nested_branch_dag.py
[2025-01-07T00:07:03.371+0000] {logging_mixin.py:188} INFO - [2025-01-07T00:07:03.371+0000] {dag.py:3036} INFO - Sync 1 DAGs
[2025-01-07T00:07:03.433+0000] {logging_mixin.py:188} INFO - [2025-01-07T00:07:03.432+0000] {dag.py:3823} INFO - Setting next_dagrun for example_nested_branch_dag to 2025-01-06 00:00:00+00:00, run_after=2025-01-07 00:00:00+00:00
[2025-01-07T00:07:03.482+0000] {processor.py:183} INFO - Processing /home/airflow/.local/lib/python3.8/site-packages/airflow/example_dags/example_nested_branch_dag.py took 0.214 seconds
[2025-01-07T00:07:34.248+0000] {processor.py:161} INFO - Started process (PID=6793) to work on /home/airflow/.local/lib/python3.8/site-packages/airflow/example_dags/example_nested_branch_dag.py
[2025-01-07T00:07:34.250+0000] {processor.py:830} INFO - Processing file /home/airflow/.local/lib/python3.8/site-packages/airflow/example_dags/example_nested_branch_dag.py for tasks to queue
[2025-01-07T00:07:34.253+0000] {logging_mixin.py:188} INFO - [2025-01-07T00:07:34.253+0000] {dagbag.py:538} INFO - Filling up the DagBag from /home/airflow/.local/lib/python3.8/site-packages/airflow/example_dags/example_nested_branch_dag.py
[2025-01-07T00:07:34.269+0000] {processor.py:840} INFO - DAG(s) 'example_nested_branch_dag' retrieved from /home/airflow/.local/lib/python3.8/site-packages/airflow/example_dags/example_nested_branch_dag.py
[2025-01-07T00:07:34.305+0000] {logging_mixin.py:188} INFO - [2025-01-07T00:07:34.304+0000] {dag.py:3036} INFO - Sync 1 DAGs
[2025-01-07T00:07:34.339+0000] {logging_mixin.py:188} INFO - [2025-01-07T00:07:34.338+0000] {dag.py:3823} INFO - Setting next_dagrun for example_nested_branch_dag to 2025-01-06 00:00:00+00:00, run_after=2025-01-07 00:00:00+00:00
[2025-01-07T00:07:34.366+0000] {processor.py:183} INFO - Processing /home/airflow/.local/lib/python3.8/site-packages/airflow/example_dags/example_nested_branch_dag.py took 0.123 seconds
[2025-01-07T00:08:05.036+0000] {processor.py:161} INFO - Started process (PID=6850) to work on /home/airflow/.local/lib/python3.8/site-packages/airflow/example_dags/example_nested_branch_dag.py
[2025-01-07T00:08:05.037+0000] {processor.py:830} INFO - Processing file /home/airflow/.local/lib/python3.8/site-packages/airflow/example_dags/example_nested_branch_dag.py for tasks to queue
[2025-01-07T00:08:05.041+0000] {logging_mixin.py:188} INFO - [2025-01-07T00:08:05.041+0000] {dagbag.py:538} INFO - Filling up the DagBag from /home/airflow/.local/lib/python3.8/site-packages/airflow/example_dags/example_nested_branch_dag.py
[2025-01-07T00:08:05.057+0000] {processor.py:840} INFO - DAG(s) 'example_nested_branch_dag' retrieved from /home/airflow/.local/lib/python3.8/site-packages/airflow/example_dags/example_nested_branch_dag.py
[2025-01-07T00:08:05.095+0000] {logging_mixin.py:188} INFO - [2025-01-07T00:08:05.094+0000] {dag.py:3036} INFO - Sync 1 DAGs
[2025-01-07T00:08:05.132+0000] {logging_mixin.py:188} INFO - [2025-01-07T00:08:05.131+0000] {dag.py:3823} INFO - Setting next_dagrun for example_nested_branch_dag to 2025-01-06 00:00:00+00:00, run_after=2025-01-07 00:00:00+00:00
[2025-01-07T00:08:05.158+0000] {processor.py:183} INFO - Processing /home/airflow/.local/lib/python3.8/site-packages/airflow/example_dags/example_nested_branch_dag.py took 0.127 seconds
[2025-01-07T00:08:37.285+0000] {processor.py:161} INFO - Started process (PID=6913) to work on /home/airflow/.local/lib/python3.8/site-packages/airflow/example_dags/example_nested_branch_dag.py
[2025-01-07T00:08:37.295+0000] {processor.py:830} INFO - Processing file /home/airflow/.local/lib/python3.8/site-packages/airflow/example_dags/example_nested_branch_dag.py for tasks to queue
[2025-01-07T00:08:37.324+0000] {logging_mixin.py:188} INFO - [2025-01-07T00:08:37.318+0000] {dagbag.py:538} INFO - Filling up the DagBag from /home/airflow/.local/lib/python3.8/site-packages/airflow/example_dags/example_nested_branch_dag.py
[2025-01-07T00:08:37.391+0000] {processor.py:840} INFO - DAG(s) 'example_nested_branch_dag' retrieved from /home/airflow/.local/lib/python3.8/site-packages/airflow/example_dags/example_nested_branch_dag.py
[2025-01-07T00:08:37.468+0000] {logging_mixin.py:188} INFO - [2025-01-07T00:08:37.467+0000] {dag.py:3036} INFO - Sync 1 DAGs
[2025-01-07T00:08:37.561+0000] {logging_mixin.py:188} INFO - [2025-01-07T00:08:37.560+0000] {dag.py:3823} INFO - Setting next_dagrun for example_nested_branch_dag to 2025-01-06 00:00:00+00:00, run_after=2025-01-07 00:00:00+00:00
[2025-01-07T00:08:37.632+0000] {processor.py:183} INFO - Processing /home/airflow/.local/lib/python3.8/site-packages/airflow/example_dags/example_nested_branch_dag.py took 0.370 seconds
[2025-01-07T00:09:08.777+0000] {processor.py:161} INFO - Started process (PID=6975) to work on /home/airflow/.local/lib/python3.8/site-packages/airflow/example_dags/example_nested_branch_dag.py
[2025-01-07T00:09:08.786+0000] {processor.py:830} INFO - Processing file /home/airflow/.local/lib/python3.8/site-packages/airflow/example_dags/example_nested_branch_dag.py for tasks to queue
[2025-01-07T00:09:08.794+0000] {logging_mixin.py:188} INFO - [2025-01-07T00:09:08.794+0000] {dagbag.py:538} INFO - Filling up the DagBag from /home/airflow/.local/lib/python3.8/site-packages/airflow/example_dags/example_nested_branch_dag.py
[2025-01-07T00:09:08.829+0000] {processor.py:840} INFO - DAG(s) 'example_nested_branch_dag' retrieved from /home/airflow/.local/lib/python3.8/site-packages/airflow/example_dags/example_nested_branch_dag.py
[2025-01-07T00:09:08.874+0000] {logging_mixin.py:188} INFO - [2025-01-07T00:09:08.873+0000] {dag.py:3036} INFO - Sync 1 DAGs
[2025-01-07T00:09:08.930+0000] {logging_mixin.py:188} INFO - [2025-01-07T00:09:08.929+0000] {dag.py:3823} INFO - Setting next_dagrun for example_nested_branch_dag to 2025-01-06 00:00:00+00:00, run_after=2025-01-07 00:00:00+00:00
[2025-01-07T00:09:08.970+0000] {processor.py:183} INFO - Processing /home/airflow/.local/lib/python3.8/site-packages/airflow/example_dags/example_nested_branch_dag.py took 0.211 seconds
[2025-01-07T00:09:39.733+0000] {processor.py:161} INFO - Started process (PID=7032) to work on /home/airflow/.local/lib/python3.8/site-packages/airflow/example_dags/example_nested_branch_dag.py
[2025-01-07T00:09:39.735+0000] {processor.py:830} INFO - Processing file /home/airflow/.local/lib/python3.8/site-packages/airflow/example_dags/example_nested_branch_dag.py for tasks to queue
[2025-01-07T00:09:39.738+0000] {logging_mixin.py:188} INFO - [2025-01-07T00:09:39.737+0000] {dagbag.py:538} INFO - Filling up the DagBag from /home/airflow/.local/lib/python3.8/site-packages/airflow/example_dags/example_nested_branch_dag.py
[2025-01-07T00:09:39.751+0000] {processor.py:840} INFO - DAG(s) 'example_nested_branch_dag' retrieved from /home/airflow/.local/lib/python3.8/site-packages/airflow/example_dags/example_nested_branch_dag.py
[2025-01-07T00:09:39.780+0000] {logging_mixin.py:188} INFO - [2025-01-07T00:09:39.780+0000] {dag.py:3036} INFO - Sync 1 DAGs
[2025-01-07T00:09:39.816+0000] {logging_mixin.py:188} INFO - [2025-01-07T00:09:39.816+0000] {dag.py:3823} INFO - Setting next_dagrun for example_nested_branch_dag to 2025-01-06 00:00:00+00:00, run_after=2025-01-07 00:00:00+00:00
[2025-01-07T00:09:39.848+0000] {processor.py:183} INFO - Processing /home/airflow/.local/lib/python3.8/site-packages/airflow/example_dags/example_nested_branch_dag.py took 0.120 seconds
[2025-01-07T00:10:10.296+0000] {processor.py:161} INFO - Started process (PID=7088) to work on /home/airflow/.local/lib/python3.8/site-packages/airflow/example_dags/example_nested_branch_dag.py
[2025-01-07T00:10:10.300+0000] {processor.py:830} INFO - Processing file /home/airflow/.local/lib/python3.8/site-packages/airflow/example_dags/example_nested_branch_dag.py for tasks to queue
[2025-01-07T00:10:10.305+0000] {logging_mixin.py:188} INFO - [2025-01-07T00:10:10.305+0000] {dagbag.py:538} INFO - Filling up the DagBag from /home/airflow/.local/lib/python3.8/site-packages/airflow/example_dags/example_nested_branch_dag.py
[2025-01-07T00:10:10.323+0000] {processor.py:840} INFO - DAG(s) 'example_nested_branch_dag' retrieved from /home/airflow/.local/lib/python3.8/site-packages/airflow/example_dags/example_nested_branch_dag.py
[2025-01-07T00:10:10.359+0000] {logging_mixin.py:188} INFO - [2025-01-07T00:10:10.359+0000] {dag.py:3036} INFO - Sync 1 DAGs
[2025-01-07T00:10:10.391+0000] {logging_mixin.py:188} INFO - [2025-01-07T00:10:10.391+0000] {dag.py:3823} INFO - Setting next_dagrun for example_nested_branch_dag to 2025-01-06 00:00:00+00:00, run_after=2025-01-07 00:00:00+00:00
[2025-01-07T00:10:10.421+0000] {processor.py:183} INFO - Processing /home/airflow/.local/lib/python3.8/site-packages/airflow/example_dags/example_nested_branch_dag.py took 0.129 seconds
[2025-01-07T00:10:40.918+0000] {processor.py:161} INFO - Started process (PID=7145) to work on /home/airflow/.local/lib/python3.8/site-packages/airflow/example_dags/example_nested_branch_dag.py
[2025-01-07T00:10:40.920+0000] {processor.py:830} INFO - Processing file /home/airflow/.local/lib/python3.8/site-packages/airflow/example_dags/example_nested_branch_dag.py for tasks to queue
[2025-01-07T00:10:40.941+0000] {logging_mixin.py:188} INFO - [2025-01-07T00:10:40.940+0000] {dagbag.py:538} INFO - Filling up the DagBag from /home/airflow/.local/lib/python3.8/site-packages/airflow/example_dags/example_nested_branch_dag.py
[2025-01-07T00:10:40.968+0000] {processor.py:840} INFO - DAG(s) 'example_nested_branch_dag' retrieved from /home/airflow/.local/lib/python3.8/site-packages/airflow/example_dags/example_nested_branch_dag.py
[2025-01-07T00:10:41.051+0000] {logging_mixin.py:188} INFO - [2025-01-07T00:10:41.050+0000] {dag.py:3036} INFO - Sync 1 DAGs
[2025-01-07T00:10:41.110+0000] {logging_mixin.py:188} INFO - [2025-01-07T00:10:41.110+0000] {dag.py:3823} INFO - Setting next_dagrun for example_nested_branch_dag to 2025-01-06 00:00:00+00:00, run_after=2025-01-07 00:00:00+00:00
[2025-01-07T00:10:41.184+0000] {processor.py:183} INFO - Processing /home/airflow/.local/lib/python3.8/site-packages/airflow/example_dags/example_nested_branch_dag.py took 0.271 seconds
[2025-01-07T00:11:11.262+0000] {processor.py:161} INFO - Started process (PID=7202) to work on /home/airflow/.local/lib/python3.8/site-packages/airflow/example_dags/example_nested_branch_dag.py
[2025-01-07T00:11:11.263+0000] {processor.py:830} INFO - Processing file /home/airflow/.local/lib/python3.8/site-packages/airflow/example_dags/example_nested_branch_dag.py for tasks to queue
[2025-01-07T00:11:11.265+0000] {logging_mixin.py:188} INFO - [2025-01-07T00:11:11.265+0000] {dagbag.py:538} INFO - Filling up the DagBag from /home/airflow/.local/lib/python3.8/site-packages/airflow/example_dags/example_nested_branch_dag.py
[2025-01-07T00:11:11.279+0000] {processor.py:840} INFO - DAG(s) 'example_nested_branch_dag' retrieved from /home/airflow/.local/lib/python3.8/site-packages/airflow/example_dags/example_nested_branch_dag.py
[2025-01-07T00:11:11.312+0000] {logging_mixin.py:188} INFO - [2025-01-07T00:11:11.312+0000] {dag.py:3036} INFO - Sync 1 DAGs
[2025-01-07T00:11:11.347+0000] {logging_mixin.py:188} INFO - [2025-01-07T00:11:11.346+0000] {dag.py:3823} INFO - Setting next_dagrun for example_nested_branch_dag to 2025-01-06 00:00:00+00:00, run_after=2025-01-07 00:00:00+00:00
[2025-01-07T00:11:11.375+0000] {processor.py:183} INFO - Processing /home/airflow/.local/lib/python3.8/site-packages/airflow/example_dags/example_nested_branch_dag.py took 0.118 seconds
[2025-01-07T00:11:41.500+0000] {processor.py:161} INFO - Started process (PID=7259) to work on /home/airflow/.local/lib/python3.8/site-packages/airflow/example_dags/example_nested_branch_dag.py
[2025-01-07T00:11:41.501+0000] {processor.py:830} INFO - Processing file /home/airflow/.local/lib/python3.8/site-packages/airflow/example_dags/example_nested_branch_dag.py for tasks to queue
[2025-01-07T00:11:41.504+0000] {logging_mixin.py:188} INFO - [2025-01-07T00:11:41.503+0000] {dagbag.py:538} INFO - Filling up the DagBag from /home/airflow/.local/lib/python3.8/site-packages/airflow/example_dags/example_nested_branch_dag.py
[2025-01-07T00:11:41.521+0000] {processor.py:840} INFO - DAG(s) 'example_nested_branch_dag' retrieved from /home/airflow/.local/lib/python3.8/site-packages/airflow/example_dags/example_nested_branch_dag.py
[2025-01-07T00:11:41.561+0000] {logging_mixin.py:188} INFO - [2025-01-07T00:11:41.561+0000] {dag.py:3036} INFO - Sync 1 DAGs
[2025-01-07T00:11:41.603+0000] {logging_mixin.py:188} INFO - [2025-01-07T00:11:41.603+0000] {dag.py:3823} INFO - Setting next_dagrun for example_nested_branch_dag to 2025-01-06 00:00:00+00:00, run_after=2025-01-07 00:00:00+00:00
[2025-01-07T00:11:41.642+0000] {processor.py:183} INFO - Processing /home/airflow/.local/lib/python3.8/site-packages/airflow/example_dags/example_nested_branch_dag.py took 0.148 seconds
[2025-01-07T00:12:12.222+0000] {processor.py:161} INFO - Started process (PID=7315) to work on /home/airflow/.local/lib/python3.8/site-packages/airflow/example_dags/example_nested_branch_dag.py
[2025-01-07T00:12:12.224+0000] {processor.py:830} INFO - Processing file /home/airflow/.local/lib/python3.8/site-packages/airflow/example_dags/example_nested_branch_dag.py for tasks to queue
[2025-01-07T00:12:12.226+0000] {logging_mixin.py:188} INFO - [2025-01-07T00:12:12.226+0000] {dagbag.py:538} INFO - Filling up the DagBag from /home/airflow/.local/lib/python3.8/site-packages/airflow/example_dags/example_nested_branch_dag.py
[2025-01-07T00:12:12.246+0000] {processor.py:840} INFO - DAG(s) 'example_nested_branch_dag' retrieved from /home/airflow/.local/lib/python3.8/site-packages/airflow/example_dags/example_nested_branch_dag.py
[2025-01-07T00:12:12.286+0000] {logging_mixin.py:188} INFO - [2025-01-07T00:12:12.285+0000] {dag.py:3036} INFO - Sync 1 DAGs
[2025-01-07T00:12:12.335+0000] {logging_mixin.py:188} INFO - [2025-01-07T00:12:12.334+0000] {dag.py:3823} INFO - Setting next_dagrun for example_nested_branch_dag to 2025-01-06 00:00:00+00:00, run_after=2025-01-07 00:00:00+00:00
[2025-01-07T00:12:12.404+0000] {processor.py:183} INFO - Processing /home/airflow/.local/lib/python3.8/site-packages/airflow/example_dags/example_nested_branch_dag.py took 0.188 seconds
[2025-01-07T00:12:42.661+0000] {processor.py:161} INFO - Started process (PID=7372) to work on /home/airflow/.local/lib/python3.8/site-packages/airflow/example_dags/example_nested_branch_dag.py
[2025-01-07T00:12:42.663+0000] {processor.py:830} INFO - Processing file /home/airflow/.local/lib/python3.8/site-packages/airflow/example_dags/example_nested_branch_dag.py for tasks to queue
[2025-01-07T00:12:42.667+0000] {logging_mixin.py:188} INFO - [2025-01-07T00:12:42.666+0000] {dagbag.py:538} INFO - Filling up the DagBag from /home/airflow/.local/lib/python3.8/site-packages/airflow/example_dags/example_nested_branch_dag.py
[2025-01-07T00:12:42.683+0000] {processor.py:840} INFO - DAG(s) 'example_nested_branch_dag' retrieved from /home/airflow/.local/lib/python3.8/site-packages/airflow/example_dags/example_nested_branch_dag.py
[2025-01-07T00:12:42.722+0000] {logging_mixin.py:188} INFO - [2025-01-07T00:12:42.722+0000] {dag.py:3036} INFO - Sync 1 DAGs
[2025-01-07T00:12:42.787+0000] {logging_mixin.py:188} INFO - [2025-01-07T00:12:42.787+0000] {dag.py:3823} INFO - Setting next_dagrun for example_nested_branch_dag to 2025-01-06 00:00:00+00:00, run_after=2025-01-07 00:00:00+00:00
[2025-01-07T00:12:42.847+0000] {processor.py:183} INFO - Processing /home/airflow/.local/lib/python3.8/site-packages/airflow/example_dags/example_nested_branch_dag.py took 0.190 seconds
[2025-01-07T00:13:13.197+0000] {processor.py:161} INFO - Started process (PID=7429) to work on /home/airflow/.local/lib/python3.8/site-packages/airflow/example_dags/example_nested_branch_dag.py
[2025-01-07T00:13:13.199+0000] {processor.py:830} INFO - Processing file /home/airflow/.local/lib/python3.8/site-packages/airflow/example_dags/example_nested_branch_dag.py for tasks to queue
[2025-01-07T00:13:13.202+0000] {logging_mixin.py:188} INFO - [2025-01-07T00:13:13.201+0000] {dagbag.py:538} INFO - Filling up the DagBag from /home/airflow/.local/lib/python3.8/site-packages/airflow/example_dags/example_nested_branch_dag.py
[2025-01-07T00:13:13.229+0000] {processor.py:840} INFO - DAG(s) 'example_nested_branch_dag' retrieved from /home/airflow/.local/lib/python3.8/site-packages/airflow/example_dags/example_nested_branch_dag.py
[2025-01-07T00:13:13.259+0000] {logging_mixin.py:188} INFO - [2025-01-07T00:13:13.259+0000] {dag.py:3036} INFO - Sync 1 DAGs
[2025-01-07T00:13:13.291+0000] {logging_mixin.py:188} INFO - [2025-01-07T00:13:13.290+0000] {dag.py:3823} INFO - Setting next_dagrun for example_nested_branch_dag to 2025-01-06 00:00:00+00:00, run_after=2025-01-07 00:00:00+00:00
[2025-01-07T00:13:13.320+0000] {processor.py:183} INFO - Processing /home/airflow/.local/lib/python3.8/site-packages/airflow/example_dags/example_nested_branch_dag.py took 0.128 seconds
[2025-01-07T00:13:43.508+0000] {processor.py:161} INFO - Started process (PID=7487) to work on /home/airflow/.local/lib/python3.8/site-packages/airflow/example_dags/example_nested_branch_dag.py
[2025-01-07T00:13:43.510+0000] {processor.py:830} INFO - Processing file /home/airflow/.local/lib/python3.8/site-packages/airflow/example_dags/example_nested_branch_dag.py for tasks to queue
[2025-01-07T00:13:43.514+0000] {logging_mixin.py:188} INFO - [2025-01-07T00:13:43.513+0000] {dagbag.py:538} INFO - Filling up the DagBag from /home/airflow/.local/lib/python3.8/site-packages/airflow/example_dags/example_nested_branch_dag.py
[2025-01-07T00:13:43.535+0000] {processor.py:840} INFO - DAG(s) 'example_nested_branch_dag' retrieved from /home/airflow/.local/lib/python3.8/site-packages/airflow/example_dags/example_nested_branch_dag.py
[2025-01-07T00:13:43.575+0000] {logging_mixin.py:188} INFO - [2025-01-07T00:13:43.575+0000] {dag.py:3036} INFO - Sync 1 DAGs
[2025-01-07T00:13:43.604+0000] {logging_mixin.py:188} INFO - [2025-01-07T00:13:43.603+0000] {dag.py:3823} INFO - Setting next_dagrun for example_nested_branch_dag to 2025-01-06 00:00:00+00:00, run_after=2025-01-07 00:00:00+00:00
[2025-01-07T00:13:43.631+0000] {processor.py:183} INFO - Processing /home/airflow/.local/lib/python3.8/site-packages/airflow/example_dags/example_nested_branch_dag.py took 0.128 seconds
[2025-01-07T00:14:13.935+0000] {processor.py:161} INFO - Started process (PID=7544) to work on /home/airflow/.local/lib/python3.8/site-packages/airflow/example_dags/example_nested_branch_dag.py
[2025-01-07T00:14:13.937+0000] {processor.py:830} INFO - Processing file /home/airflow/.local/lib/python3.8/site-packages/airflow/example_dags/example_nested_branch_dag.py for tasks to queue
[2025-01-07T00:14:13.946+0000] {logging_mixin.py:188} INFO - [2025-01-07T00:14:13.945+0000] {dagbag.py:538} INFO - Filling up the DagBag from /home/airflow/.local/lib/python3.8/site-packages/airflow/example_dags/example_nested_branch_dag.py
[2025-01-07T00:14:13.971+0000] {processor.py:840} INFO - DAG(s) 'example_nested_branch_dag' retrieved from /home/airflow/.local/lib/python3.8/site-packages/airflow/example_dags/example_nested_branch_dag.py
[2025-01-07T00:14:14.019+0000] {logging_mixin.py:188} INFO - [2025-01-07T00:14:14.019+0000] {dag.py:3036} INFO - Sync 1 DAGs
[2025-01-07T00:14:14.073+0000] {logging_mixin.py:188} INFO - [2025-01-07T00:14:14.069+0000] {dag.py:3823} INFO - Setting next_dagrun for example_nested_branch_dag to 2025-01-06 00:00:00+00:00, run_after=2025-01-07 00:00:00+00:00
[2025-01-07T00:14:14.106+0000] {processor.py:183} INFO - Processing /home/airflow/.local/lib/python3.8/site-packages/airflow/example_dags/example_nested_branch_dag.py took 0.176 seconds
[2025-01-07T00:14:45.275+0000] {processor.py:161} INFO - Started process (PID=7601) to work on /home/airflow/.local/lib/python3.8/site-packages/airflow/example_dags/example_nested_branch_dag.py
[2025-01-07T00:14:45.278+0000] {processor.py:830} INFO - Processing file /home/airflow/.local/lib/python3.8/site-packages/airflow/example_dags/example_nested_branch_dag.py for tasks to queue
[2025-01-07T00:14:45.282+0000] {logging_mixin.py:188} INFO - [2025-01-07T00:14:45.281+0000] {dagbag.py:538} INFO - Filling up the DagBag from /home/airflow/.local/lib/python3.8/site-packages/airflow/example_dags/example_nested_branch_dag.py
[2025-01-07T00:14:45.341+0000] {processor.py:840} INFO - DAG(s) 'example_nested_branch_dag' retrieved from /home/airflow/.local/lib/python3.8/site-packages/airflow/example_dags/example_nested_branch_dag.py
[2025-01-07T00:14:45.450+0000] {logging_mixin.py:188} INFO - [2025-01-07T00:14:45.438+0000] {dag.py:3036} INFO - Sync 1 DAGs
[2025-01-07T00:14:45.514+0000] {logging_mixin.py:188} INFO - [2025-01-07T00:14:45.514+0000] {dag.py:3823} INFO - Setting next_dagrun for example_nested_branch_dag to 2025-01-06 00:00:00+00:00, run_after=2025-01-07 00:00:00+00:00
[2025-01-07T00:14:45.551+0000] {processor.py:183} INFO - Processing /home/airflow/.local/lib/python3.8/site-packages/airflow/example_dags/example_nested_branch_dag.py took 0.289 seconds
[2025-01-07T00:15:16.370+0000] {processor.py:161} INFO - Started process (PID=7664) to work on /home/airflow/.local/lib/python3.8/site-packages/airflow/example_dags/example_nested_branch_dag.py
[2025-01-07T00:15:16.371+0000] {processor.py:830} INFO - Processing file /home/airflow/.local/lib/python3.8/site-packages/airflow/example_dags/example_nested_branch_dag.py for tasks to queue
[2025-01-07T00:15:16.373+0000] {logging_mixin.py:188} INFO - [2025-01-07T00:15:16.373+0000] {dagbag.py:538} INFO - Filling up the DagBag from /home/airflow/.local/lib/python3.8/site-packages/airflow/example_dags/example_nested_branch_dag.py
[2025-01-07T00:15:16.394+0000] {processor.py:840} INFO - DAG(s) 'example_nested_branch_dag' retrieved from /home/airflow/.local/lib/python3.8/site-packages/airflow/example_dags/example_nested_branch_dag.py
[2025-01-07T00:15:16.428+0000] {logging_mixin.py:188} INFO - [2025-01-07T00:15:16.428+0000] {dag.py:3036} INFO - Sync 1 DAGs
[2025-01-07T00:15:16.465+0000] {logging_mixin.py:188} INFO - [2025-01-07T00:15:16.465+0000] {dag.py:3823} INFO - Setting next_dagrun for example_nested_branch_dag to 2025-01-06 00:00:00+00:00, run_after=2025-01-07 00:00:00+00:00
[2025-01-07T00:15:16.495+0000] {processor.py:183} INFO - Processing /home/airflow/.local/lib/python3.8/site-packages/airflow/example_dags/example_nested_branch_dag.py took 0.129 seconds
[2025-01-07T00:15:47.218+0000] {processor.py:161} INFO - Started process (PID=7721) to work on /home/airflow/.local/lib/python3.8/site-packages/airflow/example_dags/example_nested_branch_dag.py
[2025-01-07T00:15:47.221+0000] {processor.py:830} INFO - Processing file /home/airflow/.local/lib/python3.8/site-packages/airflow/example_dags/example_nested_branch_dag.py for tasks to queue
[2025-01-07T00:15:47.232+0000] {logging_mixin.py:188} INFO - [2025-01-07T00:15:47.232+0000] {dagbag.py:538} INFO - Filling up the DagBag from /home/airflow/.local/lib/python3.8/site-packages/airflow/example_dags/example_nested_branch_dag.py
[2025-01-07T00:15:47.276+0000] {processor.py:840} INFO - DAG(s) 'example_nested_branch_dag' retrieved from /home/airflow/.local/lib/python3.8/site-packages/airflow/example_dags/example_nested_branch_dag.py
[2025-01-07T00:15:47.366+0000] {logging_mixin.py:188} INFO - [2025-01-07T00:15:47.365+0000] {dag.py:3036} INFO - Sync 1 DAGs
[2025-01-07T00:15:47.415+0000] {logging_mixin.py:188} INFO - [2025-01-07T00:15:47.414+0000] {dag.py:3823} INFO - Setting next_dagrun for example_nested_branch_dag to 2025-01-06 00:00:00+00:00, run_after=2025-01-07 00:00:00+00:00
[2025-01-07T00:15:47.455+0000] {processor.py:183} INFO - Processing /home/airflow/.local/lib/python3.8/site-packages/airflow/example_dags/example_nested_branch_dag.py took 0.244 seconds
[2025-01-07T00:16:17.685+0000] {processor.py:161} INFO - Started process (PID=7779) to work on /home/airflow/.local/lib/python3.8/site-packages/airflow/example_dags/example_nested_branch_dag.py
[2025-01-07T00:16:17.688+0000] {processor.py:830} INFO - Processing file /home/airflow/.local/lib/python3.8/site-packages/airflow/example_dags/example_nested_branch_dag.py for tasks to queue
[2025-01-07T00:16:17.692+0000] {logging_mixin.py:188} INFO - [2025-01-07T00:16:17.691+0000] {dagbag.py:538} INFO - Filling up the DagBag from /home/airflow/.local/lib/python3.8/site-packages/airflow/example_dags/example_nested_branch_dag.py
[2025-01-07T00:16:17.714+0000] {processor.py:840} INFO - DAG(s) 'example_nested_branch_dag' retrieved from /home/airflow/.local/lib/python3.8/site-packages/airflow/example_dags/example_nested_branch_dag.py
[2025-01-07T00:16:17.768+0000] {logging_mixin.py:188} INFO - [2025-01-07T00:16:17.767+0000] {dag.py:3036} INFO - Sync 1 DAGs
[2025-01-07T00:16:17.816+0000] {logging_mixin.py:188} INFO - [2025-01-07T00:16:17.815+0000] {dag.py:3823} INFO - Setting next_dagrun for example_nested_branch_dag to 2025-01-06 00:00:00+00:00, run_after=2025-01-07 00:00:00+00:00
[2025-01-07T00:16:17.860+0000] {processor.py:183} INFO - Processing /home/airflow/.local/lib/python3.8/site-packages/airflow/example_dags/example_nested_branch_dag.py took 0.180 seconds
[2025-01-07T00:16:48.263+0000] {processor.py:161} INFO - Started process (PID=7836) to work on /home/airflow/.local/lib/python3.8/site-packages/airflow/example_dags/example_nested_branch_dag.py
[2025-01-07T00:16:48.276+0000] {processor.py:830} INFO - Processing file /home/airflow/.local/lib/python3.8/site-packages/airflow/example_dags/example_nested_branch_dag.py for tasks to queue
[2025-01-07T00:16:48.295+0000] {logging_mixin.py:188} INFO - [2025-01-07T00:16:48.295+0000] {dagbag.py:538} INFO - Filling up the DagBag from /home/airflow/.local/lib/python3.8/site-packages/airflow/example_dags/example_nested_branch_dag.py
[2025-01-07T00:16:48.358+0000] {processor.py:840} INFO - DAG(s) 'example_nested_branch_dag' retrieved from /home/airflow/.local/lib/python3.8/site-packages/airflow/example_dags/example_nested_branch_dag.py
[2025-01-07T00:16:48.476+0000] {logging_mixin.py:188} INFO - [2025-01-07T00:16:48.476+0000] {dag.py:3036} INFO - Sync 1 DAGs
[2025-01-07T00:16:48.610+0000] {logging_mixin.py:188} INFO - [2025-01-07T00:16:48.609+0000] {dag.py:3823} INFO - Setting next_dagrun for example_nested_branch_dag to 2025-01-06 00:00:00+00:00, run_after=2025-01-07 00:00:00+00:00
[2025-01-07T00:16:48.706+0000] {processor.py:183} INFO - Processing /home/airflow/.local/lib/python3.8/site-packages/airflow/example_dags/example_nested_branch_dag.py took 0.452 seconds
[2025-01-07T00:17:19.108+0000] {processor.py:161} INFO - Started process (PID=7892) to work on /home/airflow/.local/lib/python3.8/site-packages/airflow/example_dags/example_nested_branch_dag.py
[2025-01-07T00:17:19.113+0000] {processor.py:830} INFO - Processing file /home/airflow/.local/lib/python3.8/site-packages/airflow/example_dags/example_nested_branch_dag.py for tasks to queue
[2025-01-07T00:17:19.135+0000] {logging_mixin.py:188} INFO - [2025-01-07T00:17:19.134+0000] {dagbag.py:538} INFO - Filling up the DagBag from /home/airflow/.local/lib/python3.8/site-packages/airflow/example_dags/example_nested_branch_dag.py
[2025-01-07T00:17:19.203+0000] {processor.py:840} INFO - DAG(s) 'example_nested_branch_dag' retrieved from /home/airflow/.local/lib/python3.8/site-packages/airflow/example_dags/example_nested_branch_dag.py
[2025-01-07T00:17:19.316+0000] {logging_mixin.py:188} INFO - [2025-01-07T00:17:19.315+0000] {dag.py:3036} INFO - Sync 1 DAGs
[2025-01-07T00:17:19.444+0000] {logging_mixin.py:188} INFO - [2025-01-07T00:17:19.443+0000] {dag.py:3823} INFO - Setting next_dagrun for example_nested_branch_dag to 2025-01-06 00:00:00+00:00, run_after=2025-01-07 00:00:00+00:00
[2025-01-07T00:17:19.539+0000] {processor.py:183} INFO - Processing /home/airflow/.local/lib/python3.8/site-packages/airflow/example_dags/example_nested_branch_dag.py took 0.438 seconds
[2025-01-07T00:17:50.061+0000] {processor.py:161} INFO - Started process (PID=7949) to work on /home/airflow/.local/lib/python3.8/site-packages/airflow/example_dags/example_nested_branch_dag.py
[2025-01-07T00:17:50.062+0000] {processor.py:830} INFO - Processing file /home/airflow/.local/lib/python3.8/site-packages/airflow/example_dags/example_nested_branch_dag.py for tasks to queue
[2025-01-07T00:17:50.075+0000] {logging_mixin.py:188} INFO - [2025-01-07T00:17:50.075+0000] {dagbag.py:538} INFO - Filling up the DagBag from /home/airflow/.local/lib/python3.8/site-packages/airflow/example_dags/example_nested_branch_dag.py
[2025-01-07T00:17:50.125+0000] {processor.py:840} INFO - DAG(s) 'example_nested_branch_dag' retrieved from /home/airflow/.local/lib/python3.8/site-packages/airflow/example_dags/example_nested_branch_dag.py
[2025-01-07T00:17:50.229+0000] {logging_mixin.py:188} INFO - [2025-01-07T00:17:50.229+0000] {dag.py:3036} INFO - Sync 1 DAGs
[2025-01-07T00:17:50.352+0000] {logging_mixin.py:188} INFO - [2025-01-07T00:17:50.342+0000] {dag.py:3823} INFO - Setting next_dagrun for example_nested_branch_dag to 2025-01-06 00:00:00+00:00, run_after=2025-01-07 00:00:00+00:00
[2025-01-07T00:17:50.435+0000] {processor.py:183} INFO - Processing /home/airflow/.local/lib/python3.8/site-packages/airflow/example_dags/example_nested_branch_dag.py took 0.380 seconds
[2025-01-07T00:18:23.653+0000] {processor.py:161} INFO - Started process (PID=8008) to work on /home/airflow/.local/lib/python3.8/site-packages/airflow/example_dags/example_nested_branch_dag.py
[2025-01-07T00:18:23.655+0000] {processor.py:830} INFO - Processing file /home/airflow/.local/lib/python3.8/site-packages/airflow/example_dags/example_nested_branch_dag.py for tasks to queue
[2025-01-07T00:18:23.669+0000] {logging_mixin.py:188} INFO - [2025-01-07T00:18:23.668+0000] {dagbag.py:538} INFO - Filling up the DagBag from /home/airflow/.local/lib/python3.8/site-packages/airflow/example_dags/example_nested_branch_dag.py
[2025-01-07T00:18:23.747+0000] {processor.py:840} INFO - DAG(s) 'example_nested_branch_dag' retrieved from /home/airflow/.local/lib/python3.8/site-packages/airflow/example_dags/example_nested_branch_dag.py
[2025-01-07T00:18:23.923+0000] {logging_mixin.py:188} INFO - [2025-01-07T00:18:23.922+0000] {dag.py:3036} INFO - Sync 1 DAGs
[2025-01-07T00:18:24.154+0000] {logging_mixin.py:188} INFO - [2025-01-07T00:18:24.153+0000] {dag.py:3823} INFO - Setting next_dagrun for example_nested_branch_dag to 2025-01-06 00:00:00+00:00, run_after=2025-01-07 00:00:00+00:00
[2025-01-07T00:18:24.283+0000] {processor.py:183} INFO - Processing /home/airflow/.local/lib/python3.8/site-packages/airflow/example_dags/example_nested_branch_dag.py took 0.643 seconds
[2025-01-07T00:19:06.349+0000] {processor.py:161} INFO - Started process (PID=8078) to work on /home/airflow/.local/lib/python3.8/site-packages/airflow/example_dags/example_nested_branch_dag.py
[2025-01-07T00:19:06.357+0000] {processor.py:830} INFO - Processing file /home/airflow/.local/lib/python3.8/site-packages/airflow/example_dags/example_nested_branch_dag.py for tasks to queue
[2025-01-07T00:19:06.363+0000] {logging_mixin.py:188} INFO - [2025-01-07T00:19:06.362+0000] {dagbag.py:538} INFO - Filling up the DagBag from /home/airflow/.local/lib/python3.8/site-packages/airflow/example_dags/example_nested_branch_dag.py
[2025-01-07T00:19:06.504+0000] {processor.py:840} INFO - DAG(s) 'example_nested_branch_dag' retrieved from /home/airflow/.local/lib/python3.8/site-packages/airflow/example_dags/example_nested_branch_dag.py
[2025-01-07T00:19:06.775+0000] {logging_mixin.py:188} INFO - [2025-01-07T00:19:06.760+0000] {dag.py:3036} INFO - Sync 1 DAGs
[2025-01-07T00:19:06.931+0000] {logging_mixin.py:188} INFO - [2025-01-07T00:19:06.931+0000] {dag.py:3823} INFO - Setting next_dagrun for example_nested_branch_dag to 2025-01-06 00:00:00+00:00, run_after=2025-01-07 00:00:00+00:00
[2025-01-07T00:19:07.053+0000] {processor.py:183} INFO - Processing /home/airflow/.local/lib/python3.8/site-packages/airflow/example_dags/example_nested_branch_dag.py took 0.709 seconds
[2025-01-07T00:19:37.501+0000] {processor.py:161} INFO - Started process (PID=8140) to work on /home/airflow/.local/lib/python3.8/site-packages/airflow/example_dags/example_nested_branch_dag.py
[2025-01-07T00:19:37.503+0000] {processor.py:830} INFO - Processing file /home/airflow/.local/lib/python3.8/site-packages/airflow/example_dags/example_nested_branch_dag.py for tasks to queue
[2025-01-07T00:19:37.506+0000] {logging_mixin.py:188} INFO - [2025-01-07T00:19:37.505+0000] {dagbag.py:538} INFO - Filling up the DagBag from /home/airflow/.local/lib/python3.8/site-packages/airflow/example_dags/example_nested_branch_dag.py
[2025-01-07T00:19:37.524+0000] {processor.py:840} INFO - DAG(s) 'example_nested_branch_dag' retrieved from /home/airflow/.local/lib/python3.8/site-packages/airflow/example_dags/example_nested_branch_dag.py
[2025-01-07T00:19:37.563+0000] {logging_mixin.py:188} INFO - [2025-01-07T00:19:37.562+0000] {dag.py:3036} INFO - Sync 1 DAGs
[2025-01-07T00:19:37.611+0000] {logging_mixin.py:188} INFO - [2025-01-07T00:19:37.610+0000] {dag.py:3823} INFO - Setting next_dagrun for example_nested_branch_dag to 2025-01-06 00:00:00+00:00, run_after=2025-01-07 00:00:00+00:00
[2025-01-07T00:19:37.714+0000] {processor.py:183} INFO - Processing /home/airflow/.local/lib/python3.8/site-packages/airflow/example_dags/example_nested_branch_dag.py took 0.218 seconds
[2025-01-07T00:20:07.824+0000] {processor.py:161} INFO - Started process (PID=8197) to work on /home/airflow/.local/lib/python3.8/site-packages/airflow/example_dags/example_nested_branch_dag.py
[2025-01-07T00:20:07.832+0000] {processor.py:830} INFO - Processing file /home/airflow/.local/lib/python3.8/site-packages/airflow/example_dags/example_nested_branch_dag.py for tasks to queue
[2025-01-07T00:20:07.836+0000] {logging_mixin.py:188} INFO - [2025-01-07T00:20:07.836+0000] {dagbag.py:538} INFO - Filling up the DagBag from /home/airflow/.local/lib/python3.8/site-packages/airflow/example_dags/example_nested_branch_dag.py
[2025-01-07T00:20:07.873+0000] {processor.py:840} INFO - DAG(s) 'example_nested_branch_dag' retrieved from /home/airflow/.local/lib/python3.8/site-packages/airflow/example_dags/example_nested_branch_dag.py
[2025-01-07T00:20:07.946+0000] {logging_mixin.py:188} INFO - [2025-01-07T00:20:07.946+0000] {dag.py:3036} INFO - Sync 1 DAGs
[2025-01-07T00:20:08.023+0000] {logging_mixin.py:188} INFO - [2025-01-07T00:20:08.022+0000] {dag.py:3823} INFO - Setting next_dagrun for example_nested_branch_dag to 2025-01-06 00:00:00+00:00, run_after=2025-01-07 00:00:00+00:00
[2025-01-07T00:20:08.060+0000] {processor.py:183} INFO - Processing /home/airflow/.local/lib/python3.8/site-packages/airflow/example_dags/example_nested_branch_dag.py took 0.242 seconds
[2025-01-07T00:20:38.230+0000] {processor.py:161} INFO - Started process (PID=8254) to work on /home/airflow/.local/lib/python3.8/site-packages/airflow/example_dags/example_nested_branch_dag.py
[2025-01-07T00:20:38.232+0000] {processor.py:830} INFO - Processing file /home/airflow/.local/lib/python3.8/site-packages/airflow/example_dags/example_nested_branch_dag.py for tasks to queue
[2025-01-07T00:20:38.235+0000] {logging_mixin.py:188} INFO - [2025-01-07T00:20:38.234+0000] {dagbag.py:538} INFO - Filling up the DagBag from /home/airflow/.local/lib/python3.8/site-packages/airflow/example_dags/example_nested_branch_dag.py
[2025-01-07T00:20:38.250+0000] {processor.py:840} INFO - DAG(s) 'example_nested_branch_dag' retrieved from /home/airflow/.local/lib/python3.8/site-packages/airflow/example_dags/example_nested_branch_dag.py
[2025-01-07T00:20:38.286+0000] {logging_mixin.py:188} INFO - [2025-01-07T00:20:38.285+0000] {dag.py:3036} INFO - Sync 1 DAGs
[2025-01-07T00:20:38.342+0000] {logging_mixin.py:188} INFO - [2025-01-07T00:20:38.342+0000] {dag.py:3823} INFO - Setting next_dagrun for example_nested_branch_dag to 2025-01-06 00:00:00+00:00, run_after=2025-01-07 00:00:00+00:00
[2025-01-07T00:20:38.413+0000] {processor.py:183} INFO - Processing /home/airflow/.local/lib/python3.8/site-packages/airflow/example_dags/example_nested_branch_dag.py took 0.190 seconds
[2025-01-07T00:21:09.437+0000] {processor.py:161} INFO - Started process (PID=8312) to work on /home/airflow/.local/lib/python3.8/site-packages/airflow/example_dags/example_nested_branch_dag.py
[2025-01-07T00:21:09.439+0000] {processor.py:830} INFO - Processing file /home/airflow/.local/lib/python3.8/site-packages/airflow/example_dags/example_nested_branch_dag.py for tasks to queue
[2025-01-07T00:21:09.441+0000] {logging_mixin.py:188} INFO - [2025-01-07T00:21:09.441+0000] {dagbag.py:538} INFO - Filling up the DagBag from /home/airflow/.local/lib/python3.8/site-packages/airflow/example_dags/example_nested_branch_dag.py
[2025-01-07T00:21:09.455+0000] {processor.py:840} INFO - DAG(s) 'example_nested_branch_dag' retrieved from /home/airflow/.local/lib/python3.8/site-packages/airflow/example_dags/example_nested_branch_dag.py
[2025-01-07T00:21:09.502+0000] {logging_mixin.py:188} INFO - [2025-01-07T00:21:09.501+0000] {dag.py:3036} INFO - Sync 1 DAGs
[2025-01-07T00:21:09.546+0000] {logging_mixin.py:188} INFO - [2025-01-07T00:21:09.546+0000] {dag.py:3823} INFO - Setting next_dagrun for example_nested_branch_dag to 2025-01-06 00:00:00+00:00, run_after=2025-01-07 00:00:00+00:00
[2025-01-07T00:21:09.578+0000] {processor.py:183} INFO - Processing /home/airflow/.local/lib/python3.8/site-packages/airflow/example_dags/example_nested_branch_dag.py took 0.145 seconds
[2025-01-07T00:21:39.906+0000] {processor.py:161} INFO - Started process (PID=8369) to work on /home/airflow/.local/lib/python3.8/site-packages/airflow/example_dags/example_nested_branch_dag.py
[2025-01-07T00:21:39.908+0000] {processor.py:830} INFO - Processing file /home/airflow/.local/lib/python3.8/site-packages/airflow/example_dags/example_nested_branch_dag.py for tasks to queue
[2025-01-07T00:21:39.912+0000] {logging_mixin.py:188} INFO - [2025-01-07T00:21:39.911+0000] {dagbag.py:538} INFO - Filling up the DagBag from /home/airflow/.local/lib/python3.8/site-packages/airflow/example_dags/example_nested_branch_dag.py
[2025-01-07T00:21:39.938+0000] {processor.py:840} INFO - DAG(s) 'example_nested_branch_dag' retrieved from /home/airflow/.local/lib/python3.8/site-packages/airflow/example_dags/example_nested_branch_dag.py
[2025-01-07T00:21:39.992+0000] {logging_mixin.py:188} INFO - [2025-01-07T00:21:39.992+0000] {dag.py:3036} INFO - Sync 1 DAGs
[2025-01-07T00:21:40.048+0000] {logging_mixin.py:188} INFO - [2025-01-07T00:21:40.048+0000] {dag.py:3823} INFO - Setting next_dagrun for example_nested_branch_dag to 2025-01-06 00:00:00+00:00, run_after=2025-01-07 00:00:00+00:00
[2025-01-07T00:21:40.089+0000] {processor.py:183} INFO - Processing /home/airflow/.local/lib/python3.8/site-packages/airflow/example_dags/example_nested_branch_dag.py took 0.189 seconds
[2025-01-07T00:22:10.763+0000] {processor.py:161} INFO - Started process (PID=8426) to work on /home/airflow/.local/lib/python3.8/site-packages/airflow/example_dags/example_nested_branch_dag.py
[2025-01-07T00:22:10.765+0000] {processor.py:830} INFO - Processing file /home/airflow/.local/lib/python3.8/site-packages/airflow/example_dags/example_nested_branch_dag.py for tasks to queue
[2025-01-07T00:22:10.769+0000] {logging_mixin.py:188} INFO - [2025-01-07T00:22:10.768+0000] {dagbag.py:538} INFO - Filling up the DagBag from /home/airflow/.local/lib/python3.8/site-packages/airflow/example_dags/example_nested_branch_dag.py
[2025-01-07T00:22:10.788+0000] {processor.py:840} INFO - DAG(s) 'example_nested_branch_dag' retrieved from /home/airflow/.local/lib/python3.8/site-packages/airflow/example_dags/example_nested_branch_dag.py
[2025-01-07T00:22:10.823+0000] {logging_mixin.py:188} INFO - [2025-01-07T00:22:10.823+0000] {dag.py:3036} INFO - Sync 1 DAGs
[2025-01-07T00:22:10.863+0000] {logging_mixin.py:188} INFO - [2025-01-07T00:22:10.863+0000] {dag.py:3823} INFO - Setting next_dagrun for example_nested_branch_dag to 2025-01-06 00:00:00+00:00, run_after=2025-01-07 00:00:00+00:00
[2025-01-07T00:22:10.891+0000] {processor.py:183} INFO - Processing /home/airflow/.local/lib/python3.8/site-packages/airflow/example_dags/example_nested_branch_dag.py took 0.134 seconds
[2025-01-07T00:22:41.098+0000] {processor.py:161} INFO - Started process (PID=8483) to work on /home/airflow/.local/lib/python3.8/site-packages/airflow/example_dags/example_nested_branch_dag.py
[2025-01-07T00:22:41.099+0000] {processor.py:830} INFO - Processing file /home/airflow/.local/lib/python3.8/site-packages/airflow/example_dags/example_nested_branch_dag.py for tasks to queue
[2025-01-07T00:22:41.102+0000] {logging_mixin.py:188} INFO - [2025-01-07T00:22:41.102+0000] {dagbag.py:538} INFO - Filling up the DagBag from /home/airflow/.local/lib/python3.8/site-packages/airflow/example_dags/example_nested_branch_dag.py
[2025-01-07T00:22:41.122+0000] {processor.py:840} INFO - DAG(s) 'example_nested_branch_dag' retrieved from /home/airflow/.local/lib/python3.8/site-packages/airflow/example_dags/example_nested_branch_dag.py
[2025-01-07T00:22:41.184+0000] {logging_mixin.py:188} INFO - [2025-01-07T00:22:41.183+0000] {dag.py:3036} INFO - Sync 1 DAGs
[2025-01-07T00:22:41.228+0000] {logging_mixin.py:188} INFO - [2025-01-07T00:22:41.227+0000] {dag.py:3823} INFO - Setting next_dagrun for example_nested_branch_dag to 2025-01-06 00:00:00+00:00, run_after=2025-01-07 00:00:00+00:00
[2025-01-07T00:22:41.262+0000] {processor.py:183} INFO - Processing /home/airflow/.local/lib/python3.8/site-packages/airflow/example_dags/example_nested_branch_dag.py took 0.169 seconds
[2025-01-07T00:23:11.985+0000] {processor.py:161} INFO - Started process (PID=8540) to work on /home/airflow/.local/lib/python3.8/site-packages/airflow/example_dags/example_nested_branch_dag.py
[2025-01-07T00:23:11.986+0000] {processor.py:830} INFO - Processing file /home/airflow/.local/lib/python3.8/site-packages/airflow/example_dags/example_nested_branch_dag.py for tasks to queue
[2025-01-07T00:23:11.989+0000] {logging_mixin.py:188} INFO - [2025-01-07T00:23:11.989+0000] {dagbag.py:538} INFO - Filling up the DagBag from /home/airflow/.local/lib/python3.8/site-packages/airflow/example_dags/example_nested_branch_dag.py
[2025-01-07T00:23:12.005+0000] {processor.py:840} INFO - DAG(s) 'example_nested_branch_dag' retrieved from /home/airflow/.local/lib/python3.8/site-packages/airflow/example_dags/example_nested_branch_dag.py
[2025-01-07T00:23:12.035+0000] {logging_mixin.py:188} INFO - [2025-01-07T00:23:12.035+0000] {dag.py:3036} INFO - Sync 1 DAGs
[2025-01-07T00:23:12.065+0000] {logging_mixin.py:188} INFO - [2025-01-07T00:23:12.065+0000] {dag.py:3823} INFO - Setting next_dagrun for example_nested_branch_dag to 2025-01-06 00:00:00+00:00, run_after=2025-01-07 00:00:00+00:00
[2025-01-07T00:23:12.094+0000] {processor.py:183} INFO - Processing /home/airflow/.local/lib/python3.8/site-packages/airflow/example_dags/example_nested_branch_dag.py took 0.115 seconds
[2025-01-07T00:23:42.698+0000] {processor.py:161} INFO - Started process (PID=8597) to work on /home/airflow/.local/lib/python3.8/site-packages/airflow/example_dags/example_nested_branch_dag.py
[2025-01-07T00:23:42.699+0000] {processor.py:830} INFO - Processing file /home/airflow/.local/lib/python3.8/site-packages/airflow/example_dags/example_nested_branch_dag.py for tasks to queue
[2025-01-07T00:23:42.702+0000] {logging_mixin.py:188} INFO - [2025-01-07T00:23:42.702+0000] {dagbag.py:538} INFO - Filling up the DagBag from /home/airflow/.local/lib/python3.8/site-packages/airflow/example_dags/example_nested_branch_dag.py
[2025-01-07T00:23:42.720+0000] {processor.py:840} INFO - DAG(s) 'example_nested_branch_dag' retrieved from /home/airflow/.local/lib/python3.8/site-packages/airflow/example_dags/example_nested_branch_dag.py
[2025-01-07T00:23:42.753+0000] {logging_mixin.py:188} INFO - [2025-01-07T00:23:42.753+0000] {dag.py:3036} INFO - Sync 1 DAGs
[2025-01-07T00:23:42.786+0000] {logging_mixin.py:188} INFO - [2025-01-07T00:23:42.786+0000] {dag.py:3823} INFO - Setting next_dagrun for example_nested_branch_dag to 2025-01-06 00:00:00+00:00, run_after=2025-01-07 00:00:00+00:00
[2025-01-07T00:23:42.815+0000] {processor.py:183} INFO - Processing /home/airflow/.local/lib/python3.8/site-packages/airflow/example_dags/example_nested_branch_dag.py took 0.123 seconds
[2025-01-07T00:24:13.452+0000] {processor.py:161} INFO - Started process (PID=8654) to work on /home/airflow/.local/lib/python3.8/site-packages/airflow/example_dags/example_nested_branch_dag.py
[2025-01-07T00:24:13.453+0000] {processor.py:830} INFO - Processing file /home/airflow/.local/lib/python3.8/site-packages/airflow/example_dags/example_nested_branch_dag.py for tasks to queue
[2025-01-07T00:24:13.456+0000] {logging_mixin.py:188} INFO - [2025-01-07T00:24:13.456+0000] {dagbag.py:538} INFO - Filling up the DagBag from /home/airflow/.local/lib/python3.8/site-packages/airflow/example_dags/example_nested_branch_dag.py
[2025-01-07T00:24:13.469+0000] {processor.py:840} INFO - DAG(s) 'example_nested_branch_dag' retrieved from /home/airflow/.local/lib/python3.8/site-packages/airflow/example_dags/example_nested_branch_dag.py
[2025-01-07T00:24:13.500+0000] {logging_mixin.py:188} INFO - [2025-01-07T00:24:13.500+0000] {dag.py:3036} INFO - Sync 1 DAGs
[2025-01-07T00:24:13.531+0000] {logging_mixin.py:188} INFO - [2025-01-07T00:24:13.530+0000] {dag.py:3823} INFO - Setting next_dagrun for example_nested_branch_dag to 2025-01-06 00:00:00+00:00, run_after=2025-01-07 00:00:00+00:00
[2025-01-07T00:24:13.559+0000] {processor.py:183} INFO - Processing /home/airflow/.local/lib/python3.8/site-packages/airflow/example_dags/example_nested_branch_dag.py took 0.111 seconds
[2025-01-07T00:24:44.185+0000] {processor.py:161} INFO - Started process (PID=8710) to work on /home/airflow/.local/lib/python3.8/site-packages/airflow/example_dags/example_nested_branch_dag.py
[2025-01-07T00:24:44.197+0000] {processor.py:830} INFO - Processing file /home/airflow/.local/lib/python3.8/site-packages/airflow/example_dags/example_nested_branch_dag.py for tasks to queue
[2025-01-07T00:24:44.200+0000] {logging_mixin.py:188} INFO - [2025-01-07T00:24:44.200+0000] {dagbag.py:538} INFO - Filling up the DagBag from /home/airflow/.local/lib/python3.8/site-packages/airflow/example_dags/example_nested_branch_dag.py
[2025-01-07T00:24:44.256+0000] {processor.py:840} INFO - DAG(s) 'example_nested_branch_dag' retrieved from /home/airflow/.local/lib/python3.8/site-packages/airflow/example_dags/example_nested_branch_dag.py
[2025-01-07T00:24:44.405+0000] {logging_mixin.py:188} INFO - [2025-01-07T00:24:44.405+0000] {dag.py:3036} INFO - Sync 1 DAGs
[2025-01-07T00:24:44.512+0000] {logging_mixin.py:188} INFO - [2025-01-07T00:24:44.511+0000] {dag.py:3823} INFO - Setting next_dagrun for example_nested_branch_dag to 2025-01-06 00:00:00+00:00, run_after=2025-01-07 00:00:00+00:00
[2025-01-07T00:24:44.596+0000] {processor.py:183} INFO - Processing /home/airflow/.local/lib/python3.8/site-packages/airflow/example_dags/example_nested_branch_dag.py took 0.428 seconds
