[2025-01-07T00:00:03.309+0000] {processor.py:161} INFO - Started process (PID=5933) to work on /home/airflow/.local/lib/python3.8/site-packages/airflow/example_dags/example_params_ui_tutorial.py
[2025-01-07T00:00:03.311+0000] {processor.py:830} INFO - Processing file /home/airflow/.local/lib/python3.8/site-packages/airflow/example_dags/example_params_ui_tutorial.py for tasks to queue
[2025-01-07T00:00:03.313+0000] {logging_mixin.py:188} INFO - [2025-01-07T00:00:03.312+0000] {dagbag.py:538} INFO - Filling up the DagBag from /home/airflow/.local/lib/python3.8/site-packages/airflow/example_dags/example_params_ui_tutorial.py
[2025-01-07T00:00:03.334+0000] {processor.py:840} INFO - DAG(s) 'example_params_ui_tutorial' retrieved from /home/airflow/.local/lib/python3.8/site-packages/airflow/example_dags/example_params_ui_tutorial.py
[2025-01-07T00:00:03.720+0000] {logging_mixin.py:188} INFO - [2025-01-07T00:00:03.719+0000] {dag.py:3036} INFO - Sync 1 DAGs
[2025-01-07T00:00:03.752+0000] {logging_mixin.py:188} INFO - [2025-01-07T00:00:03.749+0000] {dag.py:3823} INFO - Setting next_dagrun for example_params_ui_tutorial to None, run_after=None
[2025-01-07T00:00:03.824+0000] {processor.py:183} INFO - Processing /home/airflow/.local/lib/python3.8/site-packages/airflow/example_dags/example_params_ui_tutorial.py took 0.520 seconds
[2025-01-07T00:00:35.511+0000] {processor.py:161} INFO - Started process (PID=5998) to work on /home/airflow/.local/lib/python3.8/site-packages/airflow/example_dags/example_params_ui_tutorial.py
[2025-01-07T00:00:35.516+0000] {processor.py:830} INFO - Processing file /home/airflow/.local/lib/python3.8/site-packages/airflow/example_dags/example_params_ui_tutorial.py for tasks to queue
[2025-01-07T00:00:35.521+0000] {logging_mixin.py:188} INFO - [2025-01-07T00:00:35.520+0000] {dagbag.py:538} INFO - Filling up the DagBag from /home/airflow/.local/lib/python3.8/site-packages/airflow/example_dags/example_params_ui_tutorial.py
[2025-01-07T00:00:35.546+0000] {processor.py:840} INFO - DAG(s) 'example_params_ui_tutorial' retrieved from /home/airflow/.local/lib/python3.8/site-packages/airflow/example_dags/example_params_ui_tutorial.py
[2025-01-07T00:00:35.812+0000] {logging_mixin.py:188} INFO - [2025-01-07T00:00:35.811+0000] {dag.py:3036} INFO - Sync 1 DAGs
[2025-01-07T00:00:35.837+0000] {logging_mixin.py:188} INFO - [2025-01-07T00:00:35.837+0000] {dag.py:3823} INFO - Setting next_dagrun for example_params_ui_tutorial to None, run_after=None
[2025-01-07T00:00:35.899+0000] {processor.py:183} INFO - Processing /home/airflow/.local/lib/python3.8/site-packages/airflow/example_dags/example_params_ui_tutorial.py took 0.393 seconds
[2025-01-07T00:01:06.138+0000] {processor.py:161} INFO - Started process (PID=6056) to work on /home/airflow/.local/lib/python3.8/site-packages/airflow/example_dags/example_params_ui_tutorial.py
[2025-01-07T00:01:06.139+0000] {processor.py:830} INFO - Processing file /home/airflow/.local/lib/python3.8/site-packages/airflow/example_dags/example_params_ui_tutorial.py for tasks to queue
[2025-01-07T00:01:06.144+0000] {logging_mixin.py:188} INFO - [2025-01-07T00:01:06.143+0000] {dagbag.py:538} INFO - Filling up the DagBag from /home/airflow/.local/lib/python3.8/site-packages/airflow/example_dags/example_params_ui_tutorial.py
[2025-01-07T00:01:06.173+0000] {processor.py:840} INFO - DAG(s) 'example_params_ui_tutorial' retrieved from /home/airflow/.local/lib/python3.8/site-packages/airflow/example_dags/example_params_ui_tutorial.py
[2025-01-07T00:01:06.334+0000] {logging_mixin.py:188} INFO - [2025-01-07T00:01:06.334+0000] {dag.py:3036} INFO - Sync 1 DAGs
[2025-01-07T00:01:06.355+0000] {logging_mixin.py:188} INFO - [2025-01-07T00:01:06.355+0000] {dag.py:3823} INFO - Setting next_dagrun for example_params_ui_tutorial to None, run_after=None
[2025-01-07T00:01:06.389+0000] {processor.py:183} INFO - Processing /home/airflow/.local/lib/python3.8/site-packages/airflow/example_dags/example_params_ui_tutorial.py took 0.256 seconds
[2025-01-07T00:01:36.533+0000] {processor.py:161} INFO - Started process (PID=6113) to work on /home/airflow/.local/lib/python3.8/site-packages/airflow/example_dags/example_params_ui_tutorial.py
[2025-01-07T00:01:36.535+0000] {processor.py:830} INFO - Processing file /home/airflow/.local/lib/python3.8/site-packages/airflow/example_dags/example_params_ui_tutorial.py for tasks to queue
[2025-01-07T00:01:36.538+0000] {logging_mixin.py:188} INFO - [2025-01-07T00:01:36.537+0000] {dagbag.py:538} INFO - Filling up the DagBag from /home/airflow/.local/lib/python3.8/site-packages/airflow/example_dags/example_params_ui_tutorial.py
[2025-01-07T00:01:36.560+0000] {processor.py:840} INFO - DAG(s) 'example_params_ui_tutorial' retrieved from /home/airflow/.local/lib/python3.8/site-packages/airflow/example_dags/example_params_ui_tutorial.py
[2025-01-07T00:01:36.694+0000] {logging_mixin.py:188} INFO - [2025-01-07T00:01:36.693+0000] {dag.py:3036} INFO - Sync 1 DAGs
[2025-01-07T00:01:36.712+0000] {logging_mixin.py:188} INFO - [2025-01-07T00:01:36.712+0000] {dag.py:3823} INFO - Setting next_dagrun for example_params_ui_tutorial to None, run_after=None
[2025-01-07T00:01:36.740+0000] {processor.py:183} INFO - Processing /home/airflow/.local/lib/python3.8/site-packages/airflow/example_dags/example_params_ui_tutorial.py took 0.213 seconds
[2025-01-07T00:02:08.131+0000] {processor.py:161} INFO - Started process (PID=6170) to work on /home/airflow/.local/lib/python3.8/site-packages/airflow/example_dags/example_params_ui_tutorial.py
[2025-01-07T00:02:08.137+0000] {processor.py:830} INFO - Processing file /home/airflow/.local/lib/python3.8/site-packages/airflow/example_dags/example_params_ui_tutorial.py for tasks to queue
[2025-01-07T00:02:08.141+0000] {logging_mixin.py:188} INFO - [2025-01-07T00:02:08.140+0000] {dagbag.py:538} INFO - Filling up the DagBag from /home/airflow/.local/lib/python3.8/site-packages/airflow/example_dags/example_params_ui_tutorial.py
[2025-01-07T00:02:08.176+0000] {processor.py:840} INFO - DAG(s) 'example_params_ui_tutorial' retrieved from /home/airflow/.local/lib/python3.8/site-packages/airflow/example_dags/example_params_ui_tutorial.py
[2025-01-07T00:02:08.440+0000] {logging_mixin.py:188} INFO - [2025-01-07T00:02:08.438+0000] {dag.py:3036} INFO - Sync 1 DAGs
[2025-01-07T00:02:08.476+0000] {logging_mixin.py:188} INFO - [2025-01-07T00:02:08.476+0000] {dag.py:3823} INFO - Setting next_dagrun for example_params_ui_tutorial to None, run_after=None
[2025-01-07T00:02:09.365+0000] {processor.py:183} INFO - Processing /home/airflow/.local/lib/python3.8/site-packages/airflow/example_dags/example_params_ui_tutorial.py took 1.244 seconds
[2025-01-07T00:02:42.496+0000] {processor.py:161} INFO - Started process (PID=6236) to work on /home/airflow/.local/lib/python3.8/site-packages/airflow/example_dags/example_params_ui_tutorial.py
[2025-01-07T00:02:42.497+0000] {processor.py:830} INFO - Processing file /home/airflow/.local/lib/python3.8/site-packages/airflow/example_dags/example_params_ui_tutorial.py for tasks to queue
[2025-01-07T00:02:42.503+0000] {logging_mixin.py:188} INFO - [2025-01-07T00:02:42.502+0000] {dagbag.py:538} INFO - Filling up the DagBag from /home/airflow/.local/lib/python3.8/site-packages/airflow/example_dags/example_params_ui_tutorial.py
[2025-01-07T00:02:42.582+0000] {processor.py:840} INFO - DAG(s) 'example_params_ui_tutorial' retrieved from /home/airflow/.local/lib/python3.8/site-packages/airflow/example_dags/example_params_ui_tutorial.py
[2025-01-07T00:02:42.966+0000] {logging_mixin.py:188} INFO - [2025-01-07T00:02:42.964+0000] {dag.py:3036} INFO - Sync 1 DAGs
[2025-01-07T00:02:43.014+0000] {logging_mixin.py:188} INFO - [2025-01-07T00:02:43.005+0000] {dag.py:3823} INFO - Setting next_dagrun for example_params_ui_tutorial to None, run_after=None
[2025-01-07T00:02:43.081+0000] {processor.py:183} INFO - Processing /home/airflow/.local/lib/python3.8/site-packages/airflow/example_dags/example_params_ui_tutorial.py took 0.597 seconds
[2025-01-07T00:03:13.441+0000] {processor.py:161} INFO - Started process (PID=6292) to work on /home/airflow/.local/lib/python3.8/site-packages/airflow/example_dags/example_params_ui_tutorial.py
[2025-01-07T00:03:13.442+0000] {processor.py:830} INFO - Processing file /home/airflow/.local/lib/python3.8/site-packages/airflow/example_dags/example_params_ui_tutorial.py for tasks to queue
[2025-01-07T00:03:13.445+0000] {logging_mixin.py:188} INFO - [2025-01-07T00:03:13.444+0000] {dagbag.py:538} INFO - Filling up the DagBag from /home/airflow/.local/lib/python3.8/site-packages/airflow/example_dags/example_params_ui_tutorial.py
[2025-01-07T00:03:13.462+0000] {processor.py:840} INFO - DAG(s) 'example_params_ui_tutorial' retrieved from /home/airflow/.local/lib/python3.8/site-packages/airflow/example_dags/example_params_ui_tutorial.py
[2025-01-07T00:03:13.559+0000] {logging_mixin.py:188} INFO - [2025-01-07T00:03:13.559+0000] {dag.py:3036} INFO - Sync 1 DAGs
[2025-01-07T00:03:13.575+0000] {logging_mixin.py:188} INFO - [2025-01-07T00:03:13.575+0000] {dag.py:3823} INFO - Setting next_dagrun for example_params_ui_tutorial to None, run_after=None
[2025-01-07T00:03:13.599+0000] {processor.py:183} INFO - Processing /home/airflow/.local/lib/python3.8/site-packages/airflow/example_dags/example_params_ui_tutorial.py took 0.164 seconds
[2025-01-07T00:03:43.735+0000] {processor.py:161} INFO - Started process (PID=6349) to work on /home/airflow/.local/lib/python3.8/site-packages/airflow/example_dags/example_params_ui_tutorial.py
[2025-01-07T00:03:43.738+0000] {processor.py:830} INFO - Processing file /home/airflow/.local/lib/python3.8/site-packages/airflow/example_dags/example_params_ui_tutorial.py for tasks to queue
[2025-01-07T00:03:43.743+0000] {logging_mixin.py:188} INFO - [2025-01-07T00:03:43.742+0000] {dagbag.py:538} INFO - Filling up the DagBag from /home/airflow/.local/lib/python3.8/site-packages/airflow/example_dags/example_params_ui_tutorial.py
[2025-01-07T00:03:43.771+0000] {processor.py:840} INFO - DAG(s) 'example_params_ui_tutorial' retrieved from /home/airflow/.local/lib/python3.8/site-packages/airflow/example_dags/example_params_ui_tutorial.py
[2025-01-07T00:03:43.903+0000] {logging_mixin.py:188} INFO - [2025-01-07T00:03:43.903+0000] {dag.py:3036} INFO - Sync 1 DAGs
[2025-01-07T00:03:43.920+0000] {logging_mixin.py:188} INFO - [2025-01-07T00:03:43.920+0000] {dag.py:3823} INFO - Setting next_dagrun for example_params_ui_tutorial to None, run_after=None
[2025-01-07T00:03:43.969+0000] {processor.py:183} INFO - Processing /home/airflow/.local/lib/python3.8/site-packages/airflow/example_dags/example_params_ui_tutorial.py took 0.241 seconds
[2025-01-07T00:04:14.071+0000] {processor.py:161} INFO - Started process (PID=6413) to work on /home/airflow/.local/lib/python3.8/site-packages/airflow/example_dags/example_params_ui_tutorial.py
[2025-01-07T00:04:14.072+0000] {processor.py:830} INFO - Processing file /home/airflow/.local/lib/python3.8/site-packages/airflow/example_dags/example_params_ui_tutorial.py for tasks to queue
[2025-01-07T00:04:14.085+0000] {logging_mixin.py:188} INFO - [2025-01-07T00:04:14.075+0000] {dagbag.py:538} INFO - Filling up the DagBag from /home/airflow/.local/lib/python3.8/site-packages/airflow/example_dags/example_params_ui_tutorial.py
[2025-01-07T00:04:14.151+0000] {processor.py:840} INFO - DAG(s) 'example_params_ui_tutorial' retrieved from /home/airflow/.local/lib/python3.8/site-packages/airflow/example_dags/example_params_ui_tutorial.py
[2025-01-07T00:04:14.331+0000] {logging_mixin.py:188} INFO - [2025-01-07T00:04:14.330+0000] {dag.py:3036} INFO - Sync 1 DAGs
[2025-01-07T00:04:14.354+0000] {logging_mixin.py:188} INFO - [2025-01-07T00:04:14.354+0000] {dag.py:3823} INFO - Setting next_dagrun for example_params_ui_tutorial to None, run_after=None
[2025-01-07T00:04:14.403+0000] {processor.py:183} INFO - Processing /home/airflow/.local/lib/python3.8/site-packages/airflow/example_dags/example_params_ui_tutorial.py took 0.345 seconds
[2025-01-07T00:04:44.701+0000] {processor.py:161} INFO - Started process (PID=6470) to work on /home/airflow/.local/lib/python3.8/site-packages/airflow/example_dags/example_params_ui_tutorial.py
[2025-01-07T00:04:44.703+0000] {processor.py:830} INFO - Processing file /home/airflow/.local/lib/python3.8/site-packages/airflow/example_dags/example_params_ui_tutorial.py for tasks to queue
[2025-01-07T00:04:44.705+0000] {logging_mixin.py:188} INFO - [2025-01-07T00:04:44.705+0000] {dagbag.py:538} INFO - Filling up the DagBag from /home/airflow/.local/lib/python3.8/site-packages/airflow/example_dags/example_params_ui_tutorial.py
[2025-01-07T00:04:44.721+0000] {processor.py:840} INFO - DAG(s) 'example_params_ui_tutorial' retrieved from /home/airflow/.local/lib/python3.8/site-packages/airflow/example_dags/example_params_ui_tutorial.py
[2025-01-07T00:04:44.816+0000] {logging_mixin.py:188} INFO - [2025-01-07T00:04:44.816+0000] {dag.py:3036} INFO - Sync 1 DAGs
[2025-01-07T00:04:44.831+0000] {logging_mixin.py:188} INFO - [2025-01-07T00:04:44.831+0000] {dag.py:3823} INFO - Setting next_dagrun for example_params_ui_tutorial to None, run_after=None
[2025-01-07T00:04:44.860+0000] {processor.py:183} INFO - Processing /home/airflow/.local/lib/python3.8/site-packages/airflow/example_dags/example_params_ui_tutorial.py took 0.163 seconds
[2025-01-07T00:05:14.915+0000] {processor.py:161} INFO - Started process (PID=6527) to work on /home/airflow/.local/lib/python3.8/site-packages/airflow/example_dags/example_params_ui_tutorial.py
[2025-01-07T00:05:14.917+0000] {processor.py:830} INFO - Processing file /home/airflow/.local/lib/python3.8/site-packages/airflow/example_dags/example_params_ui_tutorial.py for tasks to queue
[2025-01-07T00:05:14.920+0000] {logging_mixin.py:188} INFO - [2025-01-07T00:05:14.920+0000] {dagbag.py:538} INFO - Filling up the DagBag from /home/airflow/.local/lib/python3.8/site-packages/airflow/example_dags/example_params_ui_tutorial.py
[2025-01-07T00:05:14.945+0000] {processor.py:840} INFO - DAG(s) 'example_params_ui_tutorial' retrieved from /home/airflow/.local/lib/python3.8/site-packages/airflow/example_dags/example_params_ui_tutorial.py
[2025-01-07T00:05:15.069+0000] {logging_mixin.py:188} INFO - [2025-01-07T00:05:15.068+0000] {dag.py:3036} INFO - Sync 1 DAGs
[2025-01-07T00:05:15.100+0000] {logging_mixin.py:188} INFO - [2025-01-07T00:05:15.099+0000] {dag.py:3823} INFO - Setting next_dagrun for example_params_ui_tutorial to None, run_after=None
[2025-01-07T00:05:15.138+0000] {processor.py:183} INFO - Processing /home/airflow/.local/lib/python3.8/site-packages/airflow/example_dags/example_params_ui_tutorial.py took 0.229 seconds
[2025-01-07T00:05:45.729+0000] {processor.py:161} INFO - Started process (PID=6584) to work on /home/airflow/.local/lib/python3.8/site-packages/airflow/example_dags/example_params_ui_tutorial.py
[2025-01-07T00:05:45.730+0000] {processor.py:830} INFO - Processing file /home/airflow/.local/lib/python3.8/site-packages/airflow/example_dags/example_params_ui_tutorial.py for tasks to queue
[2025-01-07T00:05:45.732+0000] {logging_mixin.py:188} INFO - [2025-01-07T00:05:45.732+0000] {dagbag.py:538} INFO - Filling up the DagBag from /home/airflow/.local/lib/python3.8/site-packages/airflow/example_dags/example_params_ui_tutorial.py
[2025-01-07T00:05:45.760+0000] {processor.py:840} INFO - DAG(s) 'example_params_ui_tutorial' retrieved from /home/airflow/.local/lib/python3.8/site-packages/airflow/example_dags/example_params_ui_tutorial.py
[2025-01-07T00:05:45.938+0000] {logging_mixin.py:188} INFO - [2025-01-07T00:05:45.938+0000] {dag.py:3036} INFO - Sync 1 DAGs
[2025-01-07T00:05:45.955+0000] {logging_mixin.py:188} INFO - [2025-01-07T00:05:45.955+0000] {dag.py:3823} INFO - Setting next_dagrun for example_params_ui_tutorial to None, run_after=None
[2025-01-07T00:05:45.984+0000] {processor.py:183} INFO - Processing /home/airflow/.local/lib/python3.8/site-packages/airflow/example_dags/example_params_ui_tutorial.py took 0.260 seconds
[2025-01-07T00:06:16.476+0000] {processor.py:161} INFO - Started process (PID=6640) to work on /home/airflow/.local/lib/python3.8/site-packages/airflow/example_dags/example_params_ui_tutorial.py
[2025-01-07T00:06:16.477+0000] {processor.py:830} INFO - Processing file /home/airflow/.local/lib/python3.8/site-packages/airflow/example_dags/example_params_ui_tutorial.py for tasks to queue
[2025-01-07T00:06:16.480+0000] {logging_mixin.py:188} INFO - [2025-01-07T00:06:16.480+0000] {dagbag.py:538} INFO - Filling up the DagBag from /home/airflow/.local/lib/python3.8/site-packages/airflow/example_dags/example_params_ui_tutorial.py
[2025-01-07T00:06:16.500+0000] {processor.py:840} INFO - DAG(s) 'example_params_ui_tutorial' retrieved from /home/airflow/.local/lib/python3.8/site-packages/airflow/example_dags/example_params_ui_tutorial.py
[2025-01-07T00:06:16.584+0000] {logging_mixin.py:188} INFO - [2025-01-07T00:06:16.584+0000] {dag.py:3036} INFO - Sync 1 DAGs
[2025-01-07T00:06:16.600+0000] {logging_mixin.py:188} INFO - [2025-01-07T00:06:16.599+0000] {dag.py:3823} INFO - Setting next_dagrun for example_params_ui_tutorial to None, run_after=None
[2025-01-07T00:06:16.625+0000] {processor.py:183} INFO - Processing /home/airflow/.local/lib/python3.8/site-packages/airflow/example_dags/example_params_ui_tutorial.py took 0.154 seconds
[2025-01-07T00:06:47.355+0000] {processor.py:161} INFO - Started process (PID=6707) to work on /home/airflow/.local/lib/python3.8/site-packages/airflow/example_dags/example_params_ui_tutorial.py
[2025-01-07T00:06:47.361+0000] {processor.py:830} INFO - Processing file /home/airflow/.local/lib/python3.8/site-packages/airflow/example_dags/example_params_ui_tutorial.py for tasks to queue
[2025-01-07T00:06:47.364+0000] {logging_mixin.py:188} INFO - [2025-01-07T00:06:47.363+0000] {dagbag.py:538} INFO - Filling up the DagBag from /home/airflow/.local/lib/python3.8/site-packages/airflow/example_dags/example_params_ui_tutorial.py
[2025-01-07T00:06:47.407+0000] {processor.py:840} INFO - DAG(s) 'example_params_ui_tutorial' retrieved from /home/airflow/.local/lib/python3.8/site-packages/airflow/example_dags/example_params_ui_tutorial.py
[2025-01-07T00:06:47.668+0000] {logging_mixin.py:188} INFO - [2025-01-07T00:06:47.667+0000] {dag.py:3036} INFO - Sync 1 DAGs
[2025-01-07T00:06:47.697+0000] {logging_mixin.py:188} INFO - [2025-01-07T00:06:47.696+0000] {dag.py:3823} INFO - Setting next_dagrun for example_params_ui_tutorial to None, run_after=None
[2025-01-07T00:06:47.766+0000] {processor.py:183} INFO - Processing /home/airflow/.local/lib/python3.8/site-packages/airflow/example_dags/example_params_ui_tutorial.py took 0.418 seconds
[2025-01-07T00:07:18.605+0000] {processor.py:161} INFO - Started process (PID=6764) to work on /home/airflow/.local/lib/python3.8/site-packages/airflow/example_dags/example_params_ui_tutorial.py
[2025-01-07T00:07:18.606+0000] {processor.py:830} INFO - Processing file /home/airflow/.local/lib/python3.8/site-packages/airflow/example_dags/example_params_ui_tutorial.py for tasks to queue
[2025-01-07T00:07:18.609+0000] {logging_mixin.py:188} INFO - [2025-01-07T00:07:18.609+0000] {dagbag.py:538} INFO - Filling up the DagBag from /home/airflow/.local/lib/python3.8/site-packages/airflow/example_dags/example_params_ui_tutorial.py
[2025-01-07T00:07:18.625+0000] {processor.py:840} INFO - DAG(s) 'example_params_ui_tutorial' retrieved from /home/airflow/.local/lib/python3.8/site-packages/airflow/example_dags/example_params_ui_tutorial.py
[2025-01-07T00:07:18.713+0000] {logging_mixin.py:188} INFO - [2025-01-07T00:07:18.712+0000] {dag.py:3036} INFO - Sync 1 DAGs
[2025-01-07T00:07:18.732+0000] {logging_mixin.py:188} INFO - [2025-01-07T00:07:18.731+0000] {dag.py:3823} INFO - Setting next_dagrun for example_params_ui_tutorial to None, run_after=None
[2025-01-07T00:07:18.760+0000] {processor.py:183} INFO - Processing /home/airflow/.local/lib/python3.8/site-packages/airflow/example_dags/example_params_ui_tutorial.py took 0.159 seconds
[2025-01-07T00:07:48.973+0000] {processor.py:161} INFO - Started process (PID=6821) to work on /home/airflow/.local/lib/python3.8/site-packages/airflow/example_dags/example_params_ui_tutorial.py
[2025-01-07T00:07:48.974+0000] {processor.py:830} INFO - Processing file /home/airflow/.local/lib/python3.8/site-packages/airflow/example_dags/example_params_ui_tutorial.py for tasks to queue
[2025-01-07T00:07:48.977+0000] {logging_mixin.py:188} INFO - [2025-01-07T00:07:48.977+0000] {dagbag.py:538} INFO - Filling up the DagBag from /home/airflow/.local/lib/python3.8/site-packages/airflow/example_dags/example_params_ui_tutorial.py
[2025-01-07T00:07:49.000+0000] {processor.py:840} INFO - DAG(s) 'example_params_ui_tutorial' retrieved from /home/airflow/.local/lib/python3.8/site-packages/airflow/example_dags/example_params_ui_tutorial.py
[2025-01-07T00:07:49.094+0000] {logging_mixin.py:188} INFO - [2025-01-07T00:07:49.094+0000] {dag.py:3036} INFO - Sync 1 DAGs
[2025-01-07T00:07:49.116+0000] {logging_mixin.py:188} INFO - [2025-01-07T00:07:49.115+0000] {dag.py:3823} INFO - Setting next_dagrun for example_params_ui_tutorial to None, run_after=None
[2025-01-07T00:07:49.174+0000] {processor.py:183} INFO - Processing /home/airflow/.local/lib/python3.8/site-packages/airflow/example_dags/example_params_ui_tutorial.py took 0.206 seconds
[2025-01-07T00:08:19.878+0000] {processor.py:161} INFO - Started process (PID=6879) to work on /home/airflow/.local/lib/python3.8/site-packages/airflow/example_dags/example_params_ui_tutorial.py
[2025-01-07T00:08:19.879+0000] {processor.py:830} INFO - Processing file /home/airflow/.local/lib/python3.8/site-packages/airflow/example_dags/example_params_ui_tutorial.py for tasks to queue
[2025-01-07T00:08:19.882+0000] {logging_mixin.py:188} INFO - [2025-01-07T00:08:19.882+0000] {dagbag.py:538} INFO - Filling up the DagBag from /home/airflow/.local/lib/python3.8/site-packages/airflow/example_dags/example_params_ui_tutorial.py
[2025-01-07T00:08:19.901+0000] {processor.py:840} INFO - DAG(s) 'example_params_ui_tutorial' retrieved from /home/airflow/.local/lib/python3.8/site-packages/airflow/example_dags/example_params_ui_tutorial.py
[2025-01-07T00:08:20.136+0000] {logging_mixin.py:188} INFO - [2025-01-07T00:08:20.135+0000] {dag.py:3036} INFO - Sync 1 DAGs
[2025-01-07T00:08:20.190+0000] {logging_mixin.py:188} INFO - [2025-01-07T00:08:20.189+0000] {dag.py:3823} INFO - Setting next_dagrun for example_params_ui_tutorial to None, run_after=None
[2025-01-07T00:08:20.273+0000] {processor.py:183} INFO - Processing /home/airflow/.local/lib/python3.8/site-packages/airflow/example_dags/example_params_ui_tutorial.py took 0.400 seconds
[2025-01-07T00:08:50.764+0000] {processor.py:161} INFO - Started process (PID=6941) to work on /home/airflow/.local/lib/python3.8/site-packages/airflow/example_dags/example_params_ui_tutorial.py
[2025-01-07T00:08:50.773+0000] {processor.py:830} INFO - Processing file /home/airflow/.local/lib/python3.8/site-packages/airflow/example_dags/example_params_ui_tutorial.py for tasks to queue
[2025-01-07T00:08:50.779+0000] {logging_mixin.py:188} INFO - [2025-01-07T00:08:50.778+0000] {dagbag.py:538} INFO - Filling up the DagBag from /home/airflow/.local/lib/python3.8/site-packages/airflow/example_dags/example_params_ui_tutorial.py
[2025-01-07T00:08:50.816+0000] {processor.py:840} INFO - DAG(s) 'example_params_ui_tutorial' retrieved from /home/airflow/.local/lib/python3.8/site-packages/airflow/example_dags/example_params_ui_tutorial.py
[2025-01-07T00:08:50.969+0000] {logging_mixin.py:188} INFO - [2025-01-07T00:08:50.969+0000] {dag.py:3036} INFO - Sync 1 DAGs
[2025-01-07T00:08:50.989+0000] {logging_mixin.py:188} INFO - [2025-01-07T00:08:50.988+0000] {dag.py:3823} INFO - Setting next_dagrun for example_params_ui_tutorial to None, run_after=None
[2025-01-07T00:08:51.024+0000] {processor.py:183} INFO - Processing /home/airflow/.local/lib/python3.8/site-packages/airflow/example_dags/example_params_ui_tutorial.py took 0.266 seconds
[2025-01-07T00:09:21.728+0000] {processor.py:161} INFO - Started process (PID=7003) to work on /home/airflow/.local/lib/python3.8/site-packages/airflow/example_dags/example_params_ui_tutorial.py
[2025-01-07T00:09:21.730+0000] {processor.py:830} INFO - Processing file /home/airflow/.local/lib/python3.8/site-packages/airflow/example_dags/example_params_ui_tutorial.py for tasks to queue
[2025-01-07T00:09:21.733+0000] {logging_mixin.py:188} INFO - [2025-01-07T00:09:21.732+0000] {dagbag.py:538} INFO - Filling up the DagBag from /home/airflow/.local/lib/python3.8/site-packages/airflow/example_dags/example_params_ui_tutorial.py
[2025-01-07T00:09:21.751+0000] {processor.py:840} INFO - DAG(s) 'example_params_ui_tutorial' retrieved from /home/airflow/.local/lib/python3.8/site-packages/airflow/example_dags/example_params_ui_tutorial.py
[2025-01-07T00:09:21.849+0000] {logging_mixin.py:188} INFO - [2025-01-07T00:09:21.848+0000] {dag.py:3036} INFO - Sync 1 DAGs
[2025-01-07T00:09:21.869+0000] {logging_mixin.py:188} INFO - [2025-01-07T00:09:21.868+0000] {dag.py:3823} INFO - Setting next_dagrun for example_params_ui_tutorial to None, run_after=None
[2025-01-07T00:09:21.898+0000] {processor.py:183} INFO - Processing /home/airflow/.local/lib/python3.8/site-packages/airflow/example_dags/example_params_ui_tutorial.py took 0.175 seconds
[2025-01-07T00:09:52.201+0000] {processor.py:161} INFO - Started process (PID=7061) to work on /home/airflow/.local/lib/python3.8/site-packages/airflow/example_dags/example_params_ui_tutorial.py
[2025-01-07T00:09:52.202+0000] {processor.py:830} INFO - Processing file /home/airflow/.local/lib/python3.8/site-packages/airflow/example_dags/example_params_ui_tutorial.py for tasks to queue
[2025-01-07T00:09:52.205+0000] {logging_mixin.py:188} INFO - [2025-01-07T00:09:52.205+0000] {dagbag.py:538} INFO - Filling up the DagBag from /home/airflow/.local/lib/python3.8/site-packages/airflow/example_dags/example_params_ui_tutorial.py
[2025-01-07T00:09:52.223+0000] {processor.py:840} INFO - DAG(s) 'example_params_ui_tutorial' retrieved from /home/airflow/.local/lib/python3.8/site-packages/airflow/example_dags/example_params_ui_tutorial.py
[2025-01-07T00:09:52.333+0000] {logging_mixin.py:188} INFO - [2025-01-07T00:09:52.332+0000] {dag.py:3036} INFO - Sync 1 DAGs
[2025-01-07T00:09:52.352+0000] {logging_mixin.py:188} INFO - [2025-01-07T00:09:52.352+0000] {dag.py:3823} INFO - Setting next_dagrun for example_params_ui_tutorial to None, run_after=None
[2025-01-07T00:09:52.381+0000] {processor.py:183} INFO - Processing /home/airflow/.local/lib/python3.8/site-packages/airflow/example_dags/example_params_ui_tutorial.py took 0.184 seconds
[2025-01-07T00:10:22.502+0000] {processor.py:161} INFO - Started process (PID=7118) to work on /home/airflow/.local/lib/python3.8/site-packages/airflow/example_dags/example_params_ui_tutorial.py
[2025-01-07T00:10:22.504+0000] {processor.py:830} INFO - Processing file /home/airflow/.local/lib/python3.8/site-packages/airflow/example_dags/example_params_ui_tutorial.py for tasks to queue
[2025-01-07T00:10:22.507+0000] {logging_mixin.py:188} INFO - [2025-01-07T00:10:22.506+0000] {dagbag.py:538} INFO - Filling up the DagBag from /home/airflow/.local/lib/python3.8/site-packages/airflow/example_dags/example_params_ui_tutorial.py
[2025-01-07T00:10:22.524+0000] {processor.py:840} INFO - DAG(s) 'example_params_ui_tutorial' retrieved from /home/airflow/.local/lib/python3.8/site-packages/airflow/example_dags/example_params_ui_tutorial.py
[2025-01-07T00:10:22.620+0000] {logging_mixin.py:188} INFO - [2025-01-07T00:10:22.620+0000] {dag.py:3036} INFO - Sync 1 DAGs
[2025-01-07T00:10:22.638+0000] {logging_mixin.py:188} INFO - [2025-01-07T00:10:22.638+0000] {dag.py:3823} INFO - Setting next_dagrun for example_params_ui_tutorial to None, run_after=None
[2025-01-07T00:10:22.666+0000] {processor.py:183} INFO - Processing /home/airflow/.local/lib/python3.8/site-packages/airflow/example_dags/example_params_ui_tutorial.py took 0.168 seconds
[2025-01-07T00:10:52.888+0000] {processor.py:161} INFO - Started process (PID=7175) to work on /home/airflow/.local/lib/python3.8/site-packages/airflow/example_dags/example_params_ui_tutorial.py
[2025-01-07T00:10:52.890+0000] {processor.py:830} INFO - Processing file /home/airflow/.local/lib/python3.8/site-packages/airflow/example_dags/example_params_ui_tutorial.py for tasks to queue
[2025-01-07T00:10:52.892+0000] {logging_mixin.py:188} INFO - [2025-01-07T00:10:52.892+0000] {dagbag.py:538} INFO - Filling up the DagBag from /home/airflow/.local/lib/python3.8/site-packages/airflow/example_dags/example_params_ui_tutorial.py
[2025-01-07T00:10:52.908+0000] {processor.py:840} INFO - DAG(s) 'example_params_ui_tutorial' retrieved from /home/airflow/.local/lib/python3.8/site-packages/airflow/example_dags/example_params_ui_tutorial.py
[2025-01-07T00:10:52.991+0000] {logging_mixin.py:188} INFO - [2025-01-07T00:10:52.991+0000] {dag.py:3036} INFO - Sync 1 DAGs
[2025-01-07T00:10:53.007+0000] {logging_mixin.py:188} INFO - [2025-01-07T00:10:53.006+0000] {dag.py:3823} INFO - Setting next_dagrun for example_params_ui_tutorial to None, run_after=None
[2025-01-07T00:10:53.034+0000] {processor.py:183} INFO - Processing /home/airflow/.local/lib/python3.8/site-packages/airflow/example_dags/example_params_ui_tutorial.py took 0.150 seconds
[2025-01-07T00:11:23.310+0000] {processor.py:161} INFO - Started process (PID=7232) to work on /home/airflow/.local/lib/python3.8/site-packages/airflow/example_dags/example_params_ui_tutorial.py
[2025-01-07T00:11:23.316+0000] {processor.py:830} INFO - Processing file /home/airflow/.local/lib/python3.8/site-packages/airflow/example_dags/example_params_ui_tutorial.py for tasks to queue
[2025-01-07T00:11:23.323+0000] {logging_mixin.py:188} INFO - [2025-01-07T00:11:23.322+0000] {dagbag.py:538} INFO - Filling up the DagBag from /home/airflow/.local/lib/python3.8/site-packages/airflow/example_dags/example_params_ui_tutorial.py
[2025-01-07T00:11:23.346+0000] {processor.py:840} INFO - DAG(s) 'example_params_ui_tutorial' retrieved from /home/airflow/.local/lib/python3.8/site-packages/airflow/example_dags/example_params_ui_tutorial.py
[2025-01-07T00:11:23.458+0000] {logging_mixin.py:188} INFO - [2025-01-07T00:11:23.458+0000] {dag.py:3036} INFO - Sync 1 DAGs
[2025-01-07T00:11:23.484+0000] {logging_mixin.py:188} INFO - [2025-01-07T00:11:23.484+0000] {dag.py:3823} INFO - Setting next_dagrun for example_params_ui_tutorial to None, run_after=None
[2025-01-07T00:11:23.518+0000] {processor.py:183} INFO - Processing /home/airflow/.local/lib/python3.8/site-packages/airflow/example_dags/example_params_ui_tutorial.py took 0.215 seconds
[2025-01-07T00:11:53.962+0000] {processor.py:161} INFO - Started process (PID=7288) to work on /home/airflow/.local/lib/python3.8/site-packages/airflow/example_dags/example_params_ui_tutorial.py
[2025-01-07T00:11:53.964+0000] {processor.py:830} INFO - Processing file /home/airflow/.local/lib/python3.8/site-packages/airflow/example_dags/example_params_ui_tutorial.py for tasks to queue
[2025-01-07T00:11:53.966+0000] {logging_mixin.py:188} INFO - [2025-01-07T00:11:53.966+0000] {dagbag.py:538} INFO - Filling up the DagBag from /home/airflow/.local/lib/python3.8/site-packages/airflow/example_dags/example_params_ui_tutorial.py
[2025-01-07T00:11:53.986+0000] {processor.py:840} INFO - DAG(s) 'example_params_ui_tutorial' retrieved from /home/airflow/.local/lib/python3.8/site-packages/airflow/example_dags/example_params_ui_tutorial.py
[2025-01-07T00:11:54.088+0000] {logging_mixin.py:188} INFO - [2025-01-07T00:11:54.087+0000] {dag.py:3036} INFO - Sync 1 DAGs
[2025-01-07T00:11:54.103+0000] {logging_mixin.py:188} INFO - [2025-01-07T00:11:54.102+0000] {dag.py:3823} INFO - Setting next_dagrun for example_params_ui_tutorial to None, run_after=None
[2025-01-07T00:11:54.128+0000] {processor.py:183} INFO - Processing /home/airflow/.local/lib/python3.8/site-packages/airflow/example_dags/example_params_ui_tutorial.py took 0.171 seconds
[2025-01-07T00:12:24.245+0000] {processor.py:161} INFO - Started process (PID=7344) to work on /home/airflow/.local/lib/python3.8/site-packages/airflow/example_dags/example_params_ui_tutorial.py
[2025-01-07T00:12:24.247+0000] {processor.py:830} INFO - Processing file /home/airflow/.local/lib/python3.8/site-packages/airflow/example_dags/example_params_ui_tutorial.py for tasks to queue
[2025-01-07T00:12:24.250+0000] {logging_mixin.py:188} INFO - [2025-01-07T00:12:24.249+0000] {dagbag.py:538} INFO - Filling up the DagBag from /home/airflow/.local/lib/python3.8/site-packages/airflow/example_dags/example_params_ui_tutorial.py
[2025-01-07T00:12:24.266+0000] {processor.py:840} INFO - DAG(s) 'example_params_ui_tutorial' retrieved from /home/airflow/.local/lib/python3.8/site-packages/airflow/example_dags/example_params_ui_tutorial.py
[2025-01-07T00:12:24.373+0000] {logging_mixin.py:188} INFO - [2025-01-07T00:12:24.373+0000] {dag.py:3036} INFO - Sync 1 DAGs
[2025-01-07T00:12:24.391+0000] {logging_mixin.py:188} INFO - [2025-01-07T00:12:24.391+0000] {dag.py:3823} INFO - Setting next_dagrun for example_params_ui_tutorial to None, run_after=None
[2025-01-07T00:12:24.418+0000] {processor.py:183} INFO - Processing /home/airflow/.local/lib/python3.8/site-packages/airflow/example_dags/example_params_ui_tutorial.py took 0.177 seconds
[2025-01-07T00:12:54.516+0000] {processor.py:161} INFO - Started process (PID=7401) to work on /home/airflow/.local/lib/python3.8/site-packages/airflow/example_dags/example_params_ui_tutorial.py
[2025-01-07T00:12:54.517+0000] {processor.py:830} INFO - Processing file /home/airflow/.local/lib/python3.8/site-packages/airflow/example_dags/example_params_ui_tutorial.py for tasks to queue
[2025-01-07T00:12:54.519+0000] {logging_mixin.py:188} INFO - [2025-01-07T00:12:54.519+0000] {dagbag.py:538} INFO - Filling up the DagBag from /home/airflow/.local/lib/python3.8/site-packages/airflow/example_dags/example_params_ui_tutorial.py
[2025-01-07T00:12:54.539+0000] {processor.py:840} INFO - DAG(s) 'example_params_ui_tutorial' retrieved from /home/airflow/.local/lib/python3.8/site-packages/airflow/example_dags/example_params_ui_tutorial.py
[2025-01-07T00:12:54.674+0000] {logging_mixin.py:188} INFO - [2025-01-07T00:12:54.673+0000] {dag.py:3036} INFO - Sync 1 DAGs
[2025-01-07T00:12:54.699+0000] {logging_mixin.py:188} INFO - [2025-01-07T00:12:54.699+0000] {dag.py:3823} INFO - Setting next_dagrun for example_params_ui_tutorial to None, run_after=None
[2025-01-07T00:12:54.745+0000] {processor.py:183} INFO - Processing /home/airflow/.local/lib/python3.8/site-packages/airflow/example_dags/example_params_ui_tutorial.py took 0.234 seconds
[2025-01-07T00:13:24.806+0000] {processor.py:161} INFO - Started process (PID=7458) to work on /home/airflow/.local/lib/python3.8/site-packages/airflow/example_dags/example_params_ui_tutorial.py
[2025-01-07T00:13:24.807+0000] {processor.py:830} INFO - Processing file /home/airflow/.local/lib/python3.8/site-packages/airflow/example_dags/example_params_ui_tutorial.py for tasks to queue
[2025-01-07T00:13:24.809+0000] {logging_mixin.py:188} INFO - [2025-01-07T00:13:24.809+0000] {dagbag.py:538} INFO - Filling up the DagBag from /home/airflow/.local/lib/python3.8/site-packages/airflow/example_dags/example_params_ui_tutorial.py
[2025-01-07T00:13:24.825+0000] {processor.py:840} INFO - DAG(s) 'example_params_ui_tutorial' retrieved from /home/airflow/.local/lib/python3.8/site-packages/airflow/example_dags/example_params_ui_tutorial.py
[2025-01-07T00:13:24.912+0000] {logging_mixin.py:188} INFO - [2025-01-07T00:13:24.911+0000] {dag.py:3036} INFO - Sync 1 DAGs
[2025-01-07T00:13:24.927+0000] {logging_mixin.py:188} INFO - [2025-01-07T00:13:24.927+0000] {dag.py:3823} INFO - Setting next_dagrun for example_params_ui_tutorial to None, run_after=None
[2025-01-07T00:13:24.949+0000] {processor.py:183} INFO - Processing /home/airflow/.local/lib/python3.8/site-packages/airflow/example_dags/example_params_ui_tutorial.py took 0.147 seconds
[2025-01-07T00:13:55.199+0000] {processor.py:161} INFO - Started process (PID=7515) to work on /home/airflow/.local/lib/python3.8/site-packages/airflow/example_dags/example_params_ui_tutorial.py
[2025-01-07T00:13:55.201+0000] {processor.py:830} INFO - Processing file /home/airflow/.local/lib/python3.8/site-packages/airflow/example_dags/example_params_ui_tutorial.py for tasks to queue
[2025-01-07T00:13:55.204+0000] {logging_mixin.py:188} INFO - [2025-01-07T00:13:55.204+0000] {dagbag.py:538} INFO - Filling up the DagBag from /home/airflow/.local/lib/python3.8/site-packages/airflow/example_dags/example_params_ui_tutorial.py
[2025-01-07T00:13:55.223+0000] {processor.py:840} INFO - DAG(s) 'example_params_ui_tutorial' retrieved from /home/airflow/.local/lib/python3.8/site-packages/airflow/example_dags/example_params_ui_tutorial.py
[2025-01-07T00:13:55.346+0000] {logging_mixin.py:188} INFO - [2025-01-07T00:13:55.345+0000] {dag.py:3036} INFO - Sync 1 DAGs
[2025-01-07T00:13:55.365+0000] {logging_mixin.py:188} INFO - [2025-01-07T00:13:55.364+0000] {dag.py:3823} INFO - Setting next_dagrun for example_params_ui_tutorial to None, run_after=None
[2025-01-07T00:13:55.397+0000] {processor.py:183} INFO - Processing /home/airflow/.local/lib/python3.8/site-packages/airflow/example_dags/example_params_ui_tutorial.py took 0.204 seconds
[2025-01-07T00:14:25.986+0000] {processor.py:161} INFO - Started process (PID=7569) to work on /home/airflow/.local/lib/python3.8/site-packages/airflow/example_dags/example_params_ui_tutorial.py
[2025-01-07T00:14:25.987+0000] {processor.py:830} INFO - Processing file /home/airflow/.local/lib/python3.8/site-packages/airflow/example_dags/example_params_ui_tutorial.py for tasks to queue
[2025-01-07T00:14:25.990+0000] {logging_mixin.py:188} INFO - [2025-01-07T00:14:25.990+0000] {dagbag.py:538} INFO - Filling up the DagBag from /home/airflow/.local/lib/python3.8/site-packages/airflow/example_dags/example_params_ui_tutorial.py
[2025-01-07T00:14:26.010+0000] {processor.py:840} INFO - DAG(s) 'example_params_ui_tutorial' retrieved from /home/airflow/.local/lib/python3.8/site-packages/airflow/example_dags/example_params_ui_tutorial.py
[2025-01-07T00:14:26.130+0000] {logging_mixin.py:188} INFO - [2025-01-07T00:14:26.130+0000] {dag.py:3036} INFO - Sync 1 DAGs
[2025-01-07T00:14:26.156+0000] {logging_mixin.py:188} INFO - [2025-01-07T00:14:26.155+0000] {dag.py:3823} INFO - Setting next_dagrun for example_params_ui_tutorial to None, run_after=None
[2025-01-07T00:14:26.187+0000] {processor.py:183} INFO - Processing /home/airflow/.local/lib/python3.8/site-packages/airflow/example_dags/example_params_ui_tutorial.py took 0.206 seconds
[2025-01-07T00:14:56.357+0000] {processor.py:161} INFO - Started process (PID=7624) to work on /home/airflow/.local/lib/python3.8/site-packages/airflow/example_dags/example_params_ui_tutorial.py
[2025-01-07T00:14:56.359+0000] {processor.py:830} INFO - Processing file /home/airflow/.local/lib/python3.8/site-packages/airflow/example_dags/example_params_ui_tutorial.py for tasks to queue
[2025-01-07T00:14:56.362+0000] {logging_mixin.py:188} INFO - [2025-01-07T00:14:56.362+0000] {dagbag.py:538} INFO - Filling up the DagBag from /home/airflow/.local/lib/python3.8/site-packages/airflow/example_dags/example_params_ui_tutorial.py
[2025-01-07T00:14:56.402+0000] {processor.py:840} INFO - DAG(s) 'example_params_ui_tutorial' retrieved from /home/airflow/.local/lib/python3.8/site-packages/airflow/example_dags/example_params_ui_tutorial.py
[2025-01-07T00:14:56.579+0000] {logging_mixin.py:188} INFO - [2025-01-07T00:14:56.578+0000] {dag.py:3036} INFO - Sync 1 DAGs
[2025-01-07T00:14:56.603+0000] {logging_mixin.py:188} INFO - [2025-01-07T00:14:56.603+0000] {dag.py:3823} INFO - Setting next_dagrun for example_params_ui_tutorial to None, run_after=None
[2025-01-07T00:14:56.647+0000] {processor.py:183} INFO - Processing /home/airflow/.local/lib/python3.8/site-packages/airflow/example_dags/example_params_ui_tutorial.py took 0.295 seconds
[2025-01-07T00:15:26.937+0000] {processor.py:161} INFO - Started process (PID=7681) to work on /home/airflow/.local/lib/python3.8/site-packages/airflow/example_dags/example_params_ui_tutorial.py
[2025-01-07T00:15:26.938+0000] {processor.py:830} INFO - Processing file /home/airflow/.local/lib/python3.8/site-packages/airflow/example_dags/example_params_ui_tutorial.py for tasks to queue
[2025-01-07T00:15:26.944+0000] {logging_mixin.py:188} INFO - [2025-01-07T00:15:26.943+0000] {dagbag.py:538} INFO - Filling up the DagBag from /home/airflow/.local/lib/python3.8/site-packages/airflow/example_dags/example_params_ui_tutorial.py
[2025-01-07T00:15:26.973+0000] {processor.py:840} INFO - DAG(s) 'example_params_ui_tutorial' retrieved from /home/airflow/.local/lib/python3.8/site-packages/airflow/example_dags/example_params_ui_tutorial.py
[2025-01-07T00:15:27.139+0000] {logging_mixin.py:188} INFO - [2025-01-07T00:15:27.138+0000] {dag.py:3036} INFO - Sync 1 DAGs
[2025-01-07T00:15:27.172+0000] {logging_mixin.py:188} INFO - [2025-01-07T00:15:27.171+0000] {dag.py:3823} INFO - Setting next_dagrun for example_params_ui_tutorial to None, run_after=None
[2025-01-07T00:15:27.208+0000] {processor.py:183} INFO - Processing /home/airflow/.local/lib/python3.8/site-packages/airflow/example_dags/example_params_ui_tutorial.py took 0.277 seconds
[2025-01-07T00:15:57.624+0000] {processor.py:161} INFO - Started process (PID=7738) to work on /home/airflow/.local/lib/python3.8/site-packages/airflow/example_dags/example_params_ui_tutorial.py
[2025-01-07T00:15:57.634+0000] {processor.py:830} INFO - Processing file /home/airflow/.local/lib/python3.8/site-packages/airflow/example_dags/example_params_ui_tutorial.py for tasks to queue
[2025-01-07T00:15:57.638+0000] {logging_mixin.py:188} INFO - [2025-01-07T00:15:57.637+0000] {dagbag.py:538} INFO - Filling up the DagBag from /home/airflow/.local/lib/python3.8/site-packages/airflow/example_dags/example_params_ui_tutorial.py
[2025-01-07T00:15:57.679+0000] {processor.py:840} INFO - DAG(s) 'example_params_ui_tutorial' retrieved from /home/airflow/.local/lib/python3.8/site-packages/airflow/example_dags/example_params_ui_tutorial.py
[2025-01-07T00:15:57.931+0000] {logging_mixin.py:188} INFO - [2025-01-07T00:15:57.930+0000] {dag.py:3036} INFO - Sync 1 DAGs
[2025-01-07T00:15:57.999+0000] {logging_mixin.py:188} INFO - [2025-01-07T00:15:57.999+0000] {dag.py:3823} INFO - Setting next_dagrun for example_params_ui_tutorial to None, run_after=None
[2025-01-07T00:15:58.148+0000] {processor.py:183} INFO - Processing /home/airflow/.local/lib/python3.8/site-packages/airflow/example_dags/example_params_ui_tutorial.py took 0.530 seconds
[2025-01-07T00:16:28.410+0000] {processor.py:161} INFO - Started process (PID=7796) to work on /home/airflow/.local/lib/python3.8/site-packages/airflow/example_dags/example_params_ui_tutorial.py
[2025-01-07T00:16:28.412+0000] {processor.py:830} INFO - Processing file /home/airflow/.local/lib/python3.8/site-packages/airflow/example_dags/example_params_ui_tutorial.py for tasks to queue
[2025-01-07T00:16:28.426+0000] {logging_mixin.py:188} INFO - [2025-01-07T00:16:28.416+0000] {dagbag.py:538} INFO - Filling up the DagBag from /home/airflow/.local/lib/python3.8/site-packages/airflow/example_dags/example_params_ui_tutorial.py
[2025-01-07T00:16:28.490+0000] {processor.py:840} INFO - DAG(s) 'example_params_ui_tutorial' retrieved from /home/airflow/.local/lib/python3.8/site-packages/airflow/example_dags/example_params_ui_tutorial.py
[2025-01-07T00:16:28.898+0000] {logging_mixin.py:188} INFO - [2025-01-07T00:16:28.898+0000] {dag.py:3036} INFO - Sync 1 DAGs
[2025-01-07T00:16:28.960+0000] {logging_mixin.py:188} INFO - [2025-01-07T00:16:28.960+0000] {dag.py:3823} INFO - Setting next_dagrun for example_params_ui_tutorial to None, run_after=None
[2025-01-07T00:16:29.031+0000] {processor.py:183} INFO - Processing /home/airflow/.local/lib/python3.8/site-packages/airflow/example_dags/example_params_ui_tutorial.py took 0.637 seconds
[2025-01-07T00:17:00.062+0000] {processor.py:161} INFO - Started process (PID=7852) to work on /home/airflow/.local/lib/python3.8/site-packages/airflow/example_dags/example_params_ui_tutorial.py
[2025-01-07T00:17:00.070+0000] {processor.py:830} INFO - Processing file /home/airflow/.local/lib/python3.8/site-packages/airflow/example_dags/example_params_ui_tutorial.py for tasks to queue
[2025-01-07T00:17:00.087+0000] {logging_mixin.py:188} INFO - [2025-01-07T00:17:00.086+0000] {dagbag.py:538} INFO - Filling up the DagBag from /home/airflow/.local/lib/python3.8/site-packages/airflow/example_dags/example_params_ui_tutorial.py
[2025-01-07T00:17:00.159+0000] {processor.py:840} INFO - DAG(s) 'example_params_ui_tutorial' retrieved from /home/airflow/.local/lib/python3.8/site-packages/airflow/example_dags/example_params_ui_tutorial.py
[2025-01-07T00:17:00.695+0000] {logging_mixin.py:188} INFO - [2025-01-07T00:17:00.695+0000] {dag.py:3036} INFO - Sync 1 DAGs
[2025-01-07T00:17:00.797+0000] {logging_mixin.py:188} INFO - [2025-01-07T00:17:00.796+0000] {dag.py:3823} INFO - Setting next_dagrun for example_params_ui_tutorial to None, run_after=None
[2025-01-07T00:17:00.986+0000] {processor.py:183} INFO - Processing /home/airflow/.local/lib/python3.8/site-packages/airflow/example_dags/example_params_ui_tutorial.py took 0.930 seconds
[2025-01-07T00:17:31.206+0000] {processor.py:161} INFO - Started process (PID=7907) to work on /home/airflow/.local/lib/python3.8/site-packages/airflow/example_dags/example_params_ui_tutorial.py
[2025-01-07T00:17:31.208+0000] {processor.py:830} INFO - Processing file /home/airflow/.local/lib/python3.8/site-packages/airflow/example_dags/example_params_ui_tutorial.py for tasks to queue
[2025-01-07T00:17:31.211+0000] {logging_mixin.py:188} INFO - [2025-01-07T00:17:31.211+0000] {dagbag.py:538} INFO - Filling up the DagBag from /home/airflow/.local/lib/python3.8/site-packages/airflow/example_dags/example_params_ui_tutorial.py
[2025-01-07T00:17:31.274+0000] {processor.py:840} INFO - DAG(s) 'example_params_ui_tutorial' retrieved from /home/airflow/.local/lib/python3.8/site-packages/airflow/example_dags/example_params_ui_tutorial.py
[2025-01-07T00:17:31.728+0000] {logging_mixin.py:188} INFO - [2025-01-07T00:17:31.717+0000] {dag.py:3036} INFO - Sync 1 DAGs
[2025-01-07T00:17:31.811+0000] {logging_mixin.py:188} INFO - [2025-01-07T00:17:31.811+0000] {dag.py:3823} INFO - Setting next_dagrun for example_params_ui_tutorial to None, run_after=None
[2025-01-07T00:17:31.938+0000] {processor.py:183} INFO - Processing /home/airflow/.local/lib/python3.8/site-packages/airflow/example_dags/example_params_ui_tutorial.py took 0.748 seconds
[2025-01-07T00:18:02.027+0000] {processor.py:161} INFO - Started process (PID=7964) to work on /home/airflow/.local/lib/python3.8/site-packages/airflow/example_dags/example_params_ui_tutorial.py
[2025-01-07T00:18:02.031+0000] {processor.py:830} INFO - Processing file /home/airflow/.local/lib/python3.8/site-packages/airflow/example_dags/example_params_ui_tutorial.py for tasks to queue
[2025-01-07T00:18:02.042+0000] {logging_mixin.py:188} INFO - [2025-01-07T00:18:02.041+0000] {dagbag.py:538} INFO - Filling up the DagBag from /home/airflow/.local/lib/python3.8/site-packages/airflow/example_dags/example_params_ui_tutorial.py
[2025-01-07T00:18:02.092+0000] {processor.py:840} INFO - DAG(s) 'example_params_ui_tutorial' retrieved from /home/airflow/.local/lib/python3.8/site-packages/airflow/example_dags/example_params_ui_tutorial.py
[2025-01-07T00:18:02.473+0000] {logging_mixin.py:188} INFO - [2025-01-07T00:18:02.472+0000] {dag.py:3036} INFO - Sync 1 DAGs
[2025-01-07T00:18:02.525+0000] {logging_mixin.py:188} INFO - [2025-01-07T00:18:02.524+0000] {dag.py:3823} INFO - Setting next_dagrun for example_params_ui_tutorial to None, run_after=None
[2025-01-07T00:18:02.603+0000] {processor.py:183} INFO - Processing /home/airflow/.local/lib/python3.8/site-packages/airflow/example_dags/example_params_ui_tutorial.py took 0.582 seconds
[2025-01-07T00:18:33.392+0000] {processor.py:161} INFO - Started process (PID=8021) to work on /home/airflow/.local/lib/python3.8/site-packages/airflow/example_dags/example_params_ui_tutorial.py
[2025-01-07T00:18:33.394+0000] {processor.py:830} INFO - Processing file /home/airflow/.local/lib/python3.8/site-packages/airflow/example_dags/example_params_ui_tutorial.py for tasks to queue
[2025-01-07T00:18:33.405+0000] {logging_mixin.py:188} INFO - [2025-01-07T00:18:33.405+0000] {dagbag.py:538} INFO - Filling up the DagBag from /home/airflow/.local/lib/python3.8/site-packages/airflow/example_dags/example_params_ui_tutorial.py
[2025-01-07T00:18:33.456+0000] {processor.py:840} INFO - DAG(s) 'example_params_ui_tutorial' retrieved from /home/airflow/.local/lib/python3.8/site-packages/airflow/example_dags/example_params_ui_tutorial.py
[2025-01-07T00:18:33.810+0000] {logging_mixin.py:188} INFO - [2025-01-07T00:18:33.809+0000] {dag.py:3036} INFO - Sync 1 DAGs
[2025-01-07T00:18:33.871+0000] {logging_mixin.py:188} INFO - [2025-01-07T00:18:33.870+0000] {dag.py:3823} INFO - Setting next_dagrun for example_params_ui_tutorial to None, run_after=None
[2025-01-07T00:18:33.942+0000] {processor.py:183} INFO - Processing /home/airflow/.local/lib/python3.8/site-packages/airflow/example_dags/example_params_ui_tutorial.py took 0.556 seconds
[2025-01-07T00:19:09.154+0000] {processor.py:161} INFO - Started process (PID=8083) to work on /home/airflow/.local/lib/python3.8/site-packages/airflow/example_dags/example_params_ui_tutorial.py
[2025-01-07T00:19:09.175+0000] {processor.py:830} INFO - Processing file /home/airflow/.local/lib/python3.8/site-packages/airflow/example_dags/example_params_ui_tutorial.py for tasks to queue
[2025-01-07T00:19:09.221+0000] {logging_mixin.py:188} INFO - [2025-01-07T00:19:09.219+0000] {dagbag.py:538} INFO - Filling up the DagBag from /home/airflow/.local/lib/python3.8/site-packages/airflow/example_dags/example_params_ui_tutorial.py
[2025-01-07T00:19:09.299+0000] {processor.py:840} INFO - DAG(s) 'example_params_ui_tutorial' retrieved from /home/airflow/.local/lib/python3.8/site-packages/airflow/example_dags/example_params_ui_tutorial.py
[2025-01-07T00:19:09.747+0000] {logging_mixin.py:188} INFO - [2025-01-07T00:19:09.747+0000] {dag.py:3036} INFO - Sync 1 DAGs
[2025-01-07T00:19:09.827+0000] {logging_mixin.py:188} INFO - [2025-01-07T00:19:09.827+0000] {dag.py:3823} INFO - Setting next_dagrun for example_params_ui_tutorial to None, run_after=None
[2025-01-07T00:19:10.032+0000] {processor.py:183} INFO - Processing /home/airflow/.local/lib/python3.8/site-packages/airflow/example_dags/example_params_ui_tutorial.py took 0.941 seconds
[2025-01-07T00:19:40.257+0000] {processor.py:161} INFO - Started process (PID=8145) to work on /home/airflow/.local/lib/python3.8/site-packages/airflow/example_dags/example_params_ui_tutorial.py
[2025-01-07T00:19:40.258+0000] {processor.py:830} INFO - Processing file /home/airflow/.local/lib/python3.8/site-packages/airflow/example_dags/example_params_ui_tutorial.py for tasks to queue
[2025-01-07T00:19:40.262+0000] {logging_mixin.py:188} INFO - [2025-01-07T00:19:40.262+0000] {dagbag.py:538} INFO - Filling up the DagBag from /home/airflow/.local/lib/python3.8/site-packages/airflow/example_dags/example_params_ui_tutorial.py
[2025-01-07T00:19:40.281+0000] {processor.py:840} INFO - DAG(s) 'example_params_ui_tutorial' retrieved from /home/airflow/.local/lib/python3.8/site-packages/airflow/example_dags/example_params_ui_tutorial.py
[2025-01-07T00:19:40.425+0000] {logging_mixin.py:188} INFO - [2025-01-07T00:19:40.425+0000] {dag.py:3036} INFO - Sync 1 DAGs
[2025-01-07T00:19:40.450+0000] {logging_mixin.py:188} INFO - [2025-01-07T00:19:40.450+0000] {dag.py:3823} INFO - Setting next_dagrun for example_params_ui_tutorial to None, run_after=None
[2025-01-07T00:19:40.500+0000] {processor.py:183} INFO - Processing /home/airflow/.local/lib/python3.8/site-packages/airflow/example_dags/example_params_ui_tutorial.py took 0.250 seconds
[2025-01-07T00:20:10.797+0000] {processor.py:161} INFO - Started process (PID=8202) to work on /home/airflow/.local/lib/python3.8/site-packages/airflow/example_dags/example_params_ui_tutorial.py
[2025-01-07T00:20:10.800+0000] {processor.py:830} INFO - Processing file /home/airflow/.local/lib/python3.8/site-packages/airflow/example_dags/example_params_ui_tutorial.py for tasks to queue
[2025-01-07T00:20:10.804+0000] {logging_mixin.py:188} INFO - [2025-01-07T00:20:10.803+0000] {dagbag.py:538} INFO - Filling up the DagBag from /home/airflow/.local/lib/python3.8/site-packages/airflow/example_dags/example_params_ui_tutorial.py
[2025-01-07T00:20:10.837+0000] {processor.py:840} INFO - DAG(s) 'example_params_ui_tutorial' retrieved from /home/airflow/.local/lib/python3.8/site-packages/airflow/example_dags/example_params_ui_tutorial.py
[2025-01-07T00:20:10.988+0000] {logging_mixin.py:188} INFO - [2025-01-07T00:20:10.987+0000] {dag.py:3036} INFO - Sync 1 DAGs
[2025-01-07T00:20:11.012+0000] {logging_mixin.py:188} INFO - [2025-01-07T00:20:11.012+0000] {dag.py:3823} INFO - Setting next_dagrun for example_params_ui_tutorial to None, run_after=None
[2025-01-07T00:20:11.048+0000] {processor.py:183} INFO - Processing /home/airflow/.local/lib/python3.8/site-packages/airflow/example_dags/example_params_ui_tutorial.py took 0.263 seconds
[2025-01-07T00:20:41.528+0000] {processor.py:161} INFO - Started process (PID=8259) to work on /home/airflow/.local/lib/python3.8/site-packages/airflow/example_dags/example_params_ui_tutorial.py
[2025-01-07T00:20:41.531+0000] {processor.py:830} INFO - Processing file /home/airflow/.local/lib/python3.8/site-packages/airflow/example_dags/example_params_ui_tutorial.py for tasks to queue
[2025-01-07T00:20:41.546+0000] {logging_mixin.py:188} INFO - [2025-01-07T00:20:41.545+0000] {dagbag.py:538} INFO - Filling up the DagBag from /home/airflow/.local/lib/python3.8/site-packages/airflow/example_dags/example_params_ui_tutorial.py
[2025-01-07T00:20:41.587+0000] {processor.py:840} INFO - DAG(s) 'example_params_ui_tutorial' retrieved from /home/airflow/.local/lib/python3.8/site-packages/airflow/example_dags/example_params_ui_tutorial.py
[2025-01-07T00:20:41.766+0000] {logging_mixin.py:188} INFO - [2025-01-07T00:20:41.765+0000] {dag.py:3036} INFO - Sync 1 DAGs
[2025-01-07T00:20:41.790+0000] {logging_mixin.py:188} INFO - [2025-01-07T00:20:41.790+0000] {dag.py:3823} INFO - Setting next_dagrun for example_params_ui_tutorial to None, run_after=None
[2025-01-07T00:20:41.821+0000] {processor.py:183} INFO - Processing /home/airflow/.local/lib/python3.8/site-packages/airflow/example_dags/example_params_ui_tutorial.py took 0.303 seconds
[2025-01-07T00:21:11.919+0000] {processor.py:161} INFO - Started process (PID=8317) to work on /home/airflow/.local/lib/python3.8/site-packages/airflow/example_dags/example_params_ui_tutorial.py
[2025-01-07T00:21:11.920+0000] {processor.py:830} INFO - Processing file /home/airflow/.local/lib/python3.8/site-packages/airflow/example_dags/example_params_ui_tutorial.py for tasks to queue
[2025-01-07T00:21:11.922+0000] {logging_mixin.py:188} INFO - [2025-01-07T00:21:11.922+0000] {dagbag.py:538} INFO - Filling up the DagBag from /home/airflow/.local/lib/python3.8/site-packages/airflow/example_dags/example_params_ui_tutorial.py
[2025-01-07T00:21:11.940+0000] {processor.py:840} INFO - DAG(s) 'example_params_ui_tutorial' retrieved from /home/airflow/.local/lib/python3.8/site-packages/airflow/example_dags/example_params_ui_tutorial.py
[2025-01-07T00:21:12.053+0000] {logging_mixin.py:188} INFO - [2025-01-07T00:21:12.053+0000] {dag.py:3036} INFO - Sync 1 DAGs
[2025-01-07T00:21:12.070+0000] {logging_mixin.py:188} INFO - [2025-01-07T00:21:12.069+0000] {dag.py:3823} INFO - Setting next_dagrun for example_params_ui_tutorial to None, run_after=None
[2025-01-07T00:21:12.098+0000] {processor.py:183} INFO - Processing /home/airflow/.local/lib/python3.8/site-packages/airflow/example_dags/example_params_ui_tutorial.py took 0.184 seconds
[2025-01-07T00:21:42.491+0000] {processor.py:161} INFO - Started process (PID=8374) to work on /home/airflow/.local/lib/python3.8/site-packages/airflow/example_dags/example_params_ui_tutorial.py
[2025-01-07T00:21:42.492+0000] {processor.py:830} INFO - Processing file /home/airflow/.local/lib/python3.8/site-packages/airflow/example_dags/example_params_ui_tutorial.py for tasks to queue
[2025-01-07T00:21:42.494+0000] {logging_mixin.py:188} INFO - [2025-01-07T00:21:42.494+0000] {dagbag.py:538} INFO - Filling up the DagBag from /home/airflow/.local/lib/python3.8/site-packages/airflow/example_dags/example_params_ui_tutorial.py
[2025-01-07T00:21:42.515+0000] {processor.py:840} INFO - DAG(s) 'example_params_ui_tutorial' retrieved from /home/airflow/.local/lib/python3.8/site-packages/airflow/example_dags/example_params_ui_tutorial.py
[2025-01-07T00:21:42.626+0000] {logging_mixin.py:188} INFO - [2025-01-07T00:21:42.626+0000] {dag.py:3036} INFO - Sync 1 DAGs
[2025-01-07T00:21:42.641+0000] {logging_mixin.py:188} INFO - [2025-01-07T00:21:42.640+0000] {dag.py:3823} INFO - Setting next_dagrun for example_params_ui_tutorial to None, run_after=None
[2025-01-07T00:21:42.662+0000] {processor.py:183} INFO - Processing /home/airflow/.local/lib/python3.8/site-packages/airflow/example_dags/example_params_ui_tutorial.py took 0.175 seconds
[2025-01-07T00:22:13.112+0000] {processor.py:161} INFO - Started process (PID=8431) to work on /home/airflow/.local/lib/python3.8/site-packages/airflow/example_dags/example_params_ui_tutorial.py
[2025-01-07T00:22:13.113+0000] {processor.py:830} INFO - Processing file /home/airflow/.local/lib/python3.8/site-packages/airflow/example_dags/example_params_ui_tutorial.py for tasks to queue
[2025-01-07T00:22:13.116+0000] {logging_mixin.py:188} INFO - [2025-01-07T00:22:13.115+0000] {dagbag.py:538} INFO - Filling up the DagBag from /home/airflow/.local/lib/python3.8/site-packages/airflow/example_dags/example_params_ui_tutorial.py
[2025-01-07T00:22:13.132+0000] {processor.py:840} INFO - DAG(s) 'example_params_ui_tutorial' retrieved from /home/airflow/.local/lib/python3.8/site-packages/airflow/example_dags/example_params_ui_tutorial.py
[2025-01-07T00:22:13.252+0000] {logging_mixin.py:188} INFO - [2025-01-07T00:22:13.251+0000] {dag.py:3036} INFO - Sync 1 DAGs
[2025-01-07T00:22:13.277+0000] {logging_mixin.py:188} INFO - [2025-01-07T00:22:13.276+0000] {dag.py:3823} INFO - Setting next_dagrun for example_params_ui_tutorial to None, run_after=None
[2025-01-07T00:22:13.310+0000] {processor.py:183} INFO - Processing /home/airflow/.local/lib/python3.8/site-packages/airflow/example_dags/example_params_ui_tutorial.py took 0.203 seconds
[2025-01-07T00:22:43.499+0000] {processor.py:161} INFO - Started process (PID=8488) to work on /home/airflow/.local/lib/python3.8/site-packages/airflow/example_dags/example_params_ui_tutorial.py
[2025-01-07T00:22:43.501+0000] {processor.py:830} INFO - Processing file /home/airflow/.local/lib/python3.8/site-packages/airflow/example_dags/example_params_ui_tutorial.py for tasks to queue
[2025-01-07T00:22:43.505+0000] {logging_mixin.py:188} INFO - [2025-01-07T00:22:43.505+0000] {dagbag.py:538} INFO - Filling up the DagBag from /home/airflow/.local/lib/python3.8/site-packages/airflow/example_dags/example_params_ui_tutorial.py
[2025-01-07T00:22:43.538+0000] {processor.py:840} INFO - DAG(s) 'example_params_ui_tutorial' retrieved from /home/airflow/.local/lib/python3.8/site-packages/airflow/example_dags/example_params_ui_tutorial.py
[2025-01-07T00:22:43.666+0000] {logging_mixin.py:188} INFO - [2025-01-07T00:22:43.666+0000] {dag.py:3036} INFO - Sync 1 DAGs
[2025-01-07T00:22:43.688+0000] {logging_mixin.py:188} INFO - [2025-01-07T00:22:43.688+0000] {dag.py:3823} INFO - Setting next_dagrun for example_params_ui_tutorial to None, run_after=None
[2025-01-07T00:22:43.712+0000] {processor.py:183} INFO - Processing /home/airflow/.local/lib/python3.8/site-packages/airflow/example_dags/example_params_ui_tutorial.py took 0.220 seconds
[2025-01-07T00:23:14.461+0000] {processor.py:161} INFO - Started process (PID=8545) to work on /home/airflow/.local/lib/python3.8/site-packages/airflow/example_dags/example_params_ui_tutorial.py
[2025-01-07T00:23:14.462+0000] {processor.py:830} INFO - Processing file /home/airflow/.local/lib/python3.8/site-packages/airflow/example_dags/example_params_ui_tutorial.py for tasks to queue
[2025-01-07T00:23:14.465+0000] {logging_mixin.py:188} INFO - [2025-01-07T00:23:14.464+0000] {dagbag.py:538} INFO - Filling up the DagBag from /home/airflow/.local/lib/python3.8/site-packages/airflow/example_dags/example_params_ui_tutorial.py
[2025-01-07T00:23:14.482+0000] {processor.py:840} INFO - DAG(s) 'example_params_ui_tutorial' retrieved from /home/airflow/.local/lib/python3.8/site-packages/airflow/example_dags/example_params_ui_tutorial.py
[2025-01-07T00:23:14.608+0000] {logging_mixin.py:188} INFO - [2025-01-07T00:23:14.607+0000] {dag.py:3036} INFO - Sync 1 DAGs
[2025-01-07T00:23:14.625+0000] {logging_mixin.py:188} INFO - [2025-01-07T00:23:14.625+0000] {dag.py:3823} INFO - Setting next_dagrun for example_params_ui_tutorial to None, run_after=None
[2025-01-07T00:23:14.648+0000] {processor.py:183} INFO - Processing /home/airflow/.local/lib/python3.8/site-packages/airflow/example_dags/example_params_ui_tutorial.py took 0.192 seconds
[2025-01-07T00:23:45.154+0000] {processor.py:161} INFO - Started process (PID=8602) to work on /home/airflow/.local/lib/python3.8/site-packages/airflow/example_dags/example_params_ui_tutorial.py
[2025-01-07T00:23:45.155+0000] {processor.py:830} INFO - Processing file /home/airflow/.local/lib/python3.8/site-packages/airflow/example_dags/example_params_ui_tutorial.py for tasks to queue
[2025-01-07T00:23:45.158+0000] {logging_mixin.py:188} INFO - [2025-01-07T00:23:45.157+0000] {dagbag.py:538} INFO - Filling up the DagBag from /home/airflow/.local/lib/python3.8/site-packages/airflow/example_dags/example_params_ui_tutorial.py
[2025-01-07T00:23:45.177+0000] {processor.py:840} INFO - DAG(s) 'example_params_ui_tutorial' retrieved from /home/airflow/.local/lib/python3.8/site-packages/airflow/example_dags/example_params_ui_tutorial.py
[2025-01-07T00:23:45.285+0000] {logging_mixin.py:188} INFO - [2025-01-07T00:23:45.285+0000] {dag.py:3036} INFO - Sync 1 DAGs
[2025-01-07T00:23:45.299+0000] {logging_mixin.py:188} INFO - [2025-01-07T00:23:45.299+0000] {dag.py:3823} INFO - Setting next_dagrun for example_params_ui_tutorial to None, run_after=None
[2025-01-07T00:23:45.321+0000] {processor.py:183} INFO - Processing /home/airflow/.local/lib/python3.8/site-packages/airflow/example_dags/example_params_ui_tutorial.py took 0.170 seconds
[2025-01-07T00:24:15.868+0000] {processor.py:161} INFO - Started process (PID=8659) to work on /home/airflow/.local/lib/python3.8/site-packages/airflow/example_dags/example_params_ui_tutorial.py
[2025-01-07T00:24:15.870+0000] {processor.py:830} INFO - Processing file /home/airflow/.local/lib/python3.8/site-packages/airflow/example_dags/example_params_ui_tutorial.py for tasks to queue
[2025-01-07T00:24:15.872+0000] {logging_mixin.py:188} INFO - [2025-01-07T00:24:15.872+0000] {dagbag.py:538} INFO - Filling up the DagBag from /home/airflow/.local/lib/python3.8/site-packages/airflow/example_dags/example_params_ui_tutorial.py
[2025-01-07T00:24:15.888+0000] {processor.py:840} INFO - DAG(s) 'example_params_ui_tutorial' retrieved from /home/airflow/.local/lib/python3.8/site-packages/airflow/example_dags/example_params_ui_tutorial.py
[2025-01-07T00:24:15.991+0000] {logging_mixin.py:188} INFO - [2025-01-07T00:24:15.990+0000] {dag.py:3036} INFO - Sync 1 DAGs
[2025-01-07T00:24:16.007+0000] {logging_mixin.py:188} INFO - [2025-01-07T00:24:16.007+0000] {dag.py:3823} INFO - Setting next_dagrun for example_params_ui_tutorial to None, run_after=None
[2025-01-07T00:24:16.030+0000] {processor.py:183} INFO - Processing /home/airflow/.local/lib/python3.8/site-packages/airflow/example_dags/example_params_ui_tutorial.py took 0.167 seconds
[2025-01-07T00:24:46.254+0000] {processor.py:161} INFO - Started process (PID=8715) to work on /home/airflow/.local/lib/python3.8/site-packages/airflow/example_dags/example_params_ui_tutorial.py
[2025-01-07T00:24:46.257+0000] {processor.py:830} INFO - Processing file /home/airflow/.local/lib/python3.8/site-packages/airflow/example_dags/example_params_ui_tutorial.py for tasks to queue
[2025-01-07T00:24:46.263+0000] {logging_mixin.py:188} INFO - [2025-01-07T00:24:46.263+0000] {dagbag.py:538} INFO - Filling up the DagBag from /home/airflow/.local/lib/python3.8/site-packages/airflow/example_dags/example_params_ui_tutorial.py
[2025-01-07T00:24:46.300+0000] {processor.py:840} INFO - DAG(s) 'example_params_ui_tutorial' retrieved from /home/airflow/.local/lib/python3.8/site-packages/airflow/example_dags/example_params_ui_tutorial.py
[2025-01-07T00:24:46.477+0000] {logging_mixin.py:188} INFO - [2025-01-07T00:24:46.477+0000] {dag.py:3036} INFO - Sync 1 DAGs
[2025-01-07T00:24:46.506+0000] {logging_mixin.py:188} INFO - [2025-01-07T00:24:46.506+0000] {dag.py:3823} INFO - Setting next_dagrun for example_params_ui_tutorial to None, run_after=None
[2025-01-07T00:24:46.554+0000] {processor.py:183} INFO - Processing /home/airflow/.local/lib/python3.8/site-packages/airflow/example_dags/example_params_ui_tutorial.py took 0.306 seconds
