[2025-01-07T00:00:03.746+0000] {processor.py:161} INFO - Started process (PID=5935) to work on /home/airflow/.local/lib/python3.8/site-packages/airflow/example_dags/example_python_decorator.py
[2025-01-07T00:00:03.749+0000] {processor.py:830} INFO - Processing file /home/airflow/.local/lib/python3.8/site-packages/airflow/example_dags/example_python_decorator.py for tasks to queue
[2025-01-07T00:00:03.756+0000] {logging_mixin.py:188} INFO - [2025-01-07T00:00:03.755+0000] {dagbag.py:538} INFO - Filling up the DagBag from /home/airflow/.local/lib/python3.8/site-packages/airflow/example_dags/example_python_decorator.py
[2025-01-07T00:00:03.796+0000] {processor.py:840} INFO - DAG(s) 'example_python_decorator' retrieved from /home/airflow/.local/lib/python3.8/site-packages/airflow/example_dags/example_python_decorator.py
[2025-01-07T00:00:03.845+0000] {logging_mixin.py:188} INFO - [2025-01-07T00:00:03.844+0000] {dag.py:3036} INFO - Sync 1 DAGs
[2025-01-07T00:00:03.871+0000] {logging_mixin.py:188} INFO - [2025-01-07T00:00:03.871+0000] {dag.py:3823} INFO - Setting next_dagrun for example_python_decorator to None, run_after=None
[2025-01-07T00:00:03.981+0000] {processor.py:183} INFO - Processing /home/airflow/.local/lib/python3.8/site-packages/airflow/example_dags/example_python_decorator.py took 0.240 seconds
[2025-01-07T00:00:36.197+0000] {processor.py:161} INFO - Started process (PID=6002) to work on /home/airflow/.local/lib/python3.8/site-packages/airflow/example_dags/example_python_decorator.py
[2025-01-07T00:00:36.199+0000] {processor.py:830} INFO - Processing file /home/airflow/.local/lib/python3.8/site-packages/airflow/example_dags/example_python_decorator.py for tasks to queue
[2025-01-07T00:00:36.202+0000] {logging_mixin.py:188} INFO - [2025-01-07T00:00:36.202+0000] {dagbag.py:538} INFO - Filling up the DagBag from /home/airflow/.local/lib/python3.8/site-packages/airflow/example_dags/example_python_decorator.py
[2025-01-07T00:00:36.247+0000] {processor.py:840} INFO - DAG(s) 'example_python_decorator' retrieved from /home/airflow/.local/lib/python3.8/site-packages/airflow/example_dags/example_python_decorator.py
[2025-01-07T00:00:36.324+0000] {logging_mixin.py:188} INFO - [2025-01-07T00:00:36.323+0000] {dag.py:3036} INFO - Sync 1 DAGs
[2025-01-07T00:00:36.365+0000] {logging_mixin.py:188} INFO - [2025-01-07T00:00:36.365+0000] {dag.py:3823} INFO - Setting next_dagrun for example_python_decorator to None, run_after=None
[2025-01-07T00:00:36.413+0000] {processor.py:183} INFO - Processing /home/airflow/.local/lib/python3.8/site-packages/airflow/example_dags/example_python_decorator.py took 0.222 seconds
[2025-01-07T00:01:06.591+0000] {processor.py:161} INFO - Started process (PID=6060) to work on /home/airflow/.local/lib/python3.8/site-packages/airflow/example_dags/example_python_decorator.py
[2025-01-07T00:01:06.592+0000] {processor.py:830} INFO - Processing file /home/airflow/.local/lib/python3.8/site-packages/airflow/example_dags/example_python_decorator.py for tasks to queue
[2025-01-07T00:01:06.595+0000] {logging_mixin.py:188} INFO - [2025-01-07T00:01:06.595+0000] {dagbag.py:538} INFO - Filling up the DagBag from /home/airflow/.local/lib/python3.8/site-packages/airflow/example_dags/example_python_decorator.py
[2025-01-07T00:01:06.617+0000] {processor.py:840} INFO - DAG(s) 'example_python_decorator' retrieved from /home/airflow/.local/lib/python3.8/site-packages/airflow/example_dags/example_python_decorator.py
[2025-01-07T00:01:06.645+0000] {logging_mixin.py:188} INFO - [2025-01-07T00:01:06.645+0000] {dag.py:3036} INFO - Sync 1 DAGs
[2025-01-07T00:01:06.666+0000] {logging_mixin.py:188} INFO - [2025-01-07T00:01:06.666+0000] {dag.py:3823} INFO - Setting next_dagrun for example_python_decorator to None, run_after=None
[2025-01-07T00:01:06.708+0000] {processor.py:183} INFO - Processing /home/airflow/.local/lib/python3.8/site-packages/airflow/example_dags/example_python_decorator.py took 0.123 seconds
[2025-01-07T00:01:37.025+0000] {processor.py:161} INFO - Started process (PID=6117) to work on /home/airflow/.local/lib/python3.8/site-packages/airflow/example_dags/example_python_decorator.py
[2025-01-07T00:01:37.027+0000] {processor.py:830} INFO - Processing file /home/airflow/.local/lib/python3.8/site-packages/airflow/example_dags/example_python_decorator.py for tasks to queue
[2025-01-07T00:01:37.031+0000] {logging_mixin.py:188} INFO - [2025-01-07T00:01:37.031+0000] {dagbag.py:538} INFO - Filling up the DagBag from /home/airflow/.local/lib/python3.8/site-packages/airflow/example_dags/example_python_decorator.py
[2025-01-07T00:01:37.062+0000] {processor.py:840} INFO - DAG(s) 'example_python_decorator' retrieved from /home/airflow/.local/lib/python3.8/site-packages/airflow/example_dags/example_python_decorator.py
[2025-01-07T00:01:37.105+0000] {logging_mixin.py:188} INFO - [2025-01-07T00:01:37.105+0000] {dag.py:3036} INFO - Sync 1 DAGs
[2025-01-07T00:01:37.130+0000] {logging_mixin.py:188} INFO - [2025-01-07T00:01:37.129+0000] {dag.py:3823} INFO - Setting next_dagrun for example_python_decorator to None, run_after=None
[2025-01-07T00:01:37.164+0000] {processor.py:183} INFO - Processing /home/airflow/.local/lib/python3.8/site-packages/airflow/example_dags/example_python_decorator.py took 0.146 seconds
[2025-01-07T00:02:14.292+0000] {processor.py:161} INFO - Started process (PID=6188) to work on /home/airflow/.local/lib/python3.8/site-packages/airflow/example_dags/example_python_decorator.py
[2025-01-07T00:02:14.298+0000] {processor.py:830} INFO - Processing file /home/airflow/.local/lib/python3.8/site-packages/airflow/example_dags/example_python_decorator.py for tasks to queue
[2025-01-07T00:02:14.325+0000] {logging_mixin.py:188} INFO - [2025-01-07T00:02:14.323+0000] {dagbag.py:538} INFO - Filling up the DagBag from /home/airflow/.local/lib/python3.8/site-packages/airflow/example_dags/example_python_decorator.py
[2025-01-07T00:02:14.414+0000] {processor.py:840} INFO - DAG(s) 'example_python_decorator' retrieved from /home/airflow/.local/lib/python3.8/site-packages/airflow/example_dags/example_python_decorator.py
[2025-01-07T00:02:14.706+0000] {logging_mixin.py:188} INFO - [2025-01-07T00:02:14.706+0000] {dag.py:3036} INFO - Sync 1 DAGs
[2025-01-07T00:02:14.863+0000] {logging_mixin.py:188} INFO - [2025-01-07T00:02:14.845+0000] {dag.py:3823} INFO - Setting next_dagrun for example_python_decorator to None, run_after=None
[2025-01-07T00:02:15.038+0000] {processor.py:183} INFO - Processing /home/airflow/.local/lib/python3.8/site-packages/airflow/example_dags/example_python_decorator.py took 0.791 seconds
[2025-01-07T00:02:46.689+0000] {processor.py:161} INFO - Started process (PID=6250) to work on /home/airflow/.local/lib/python3.8/site-packages/airflow/example_dags/example_python_decorator.py
[2025-01-07T00:02:46.703+0000] {processor.py:830} INFO - Processing file /home/airflow/.local/lib/python3.8/site-packages/airflow/example_dags/example_python_decorator.py for tasks to queue
[2025-01-07T00:02:46.723+0000] {logging_mixin.py:188} INFO - [2025-01-07T00:02:46.723+0000] {dagbag.py:538} INFO - Filling up the DagBag from /home/airflow/.local/lib/python3.8/site-packages/airflow/example_dags/example_python_decorator.py
[2025-01-07T00:02:46.817+0000] {processor.py:840} INFO - DAG(s) 'example_python_decorator' retrieved from /home/airflow/.local/lib/python3.8/site-packages/airflow/example_dags/example_python_decorator.py
[2025-01-07T00:02:46.929+0000] {logging_mixin.py:188} INFO - [2025-01-07T00:02:46.929+0000] {dag.py:3036} INFO - Sync 1 DAGs
[2025-01-07T00:02:46.975+0000] {logging_mixin.py:188} INFO - [2025-01-07T00:02:46.974+0000] {dag.py:3823} INFO - Setting next_dagrun for example_python_decorator to None, run_after=None
[2025-01-07T00:02:47.078+0000] {processor.py:183} INFO - Processing /home/airflow/.local/lib/python3.8/site-packages/airflow/example_dags/example_python_decorator.py took 0.395 seconds
[2025-01-07T00:03:18.442+0000] {processor.py:161} INFO - Started process (PID=6307) to work on /home/airflow/.local/lib/python3.8/site-packages/airflow/example_dags/example_python_decorator.py
[2025-01-07T00:03:18.449+0000] {processor.py:830} INFO - Processing file /home/airflow/.local/lib/python3.8/site-packages/airflow/example_dags/example_python_decorator.py for tasks to queue
[2025-01-07T00:03:18.453+0000] {logging_mixin.py:188} INFO - [2025-01-07T00:03:18.453+0000] {dagbag.py:538} INFO - Filling up the DagBag from /home/airflow/.local/lib/python3.8/site-packages/airflow/example_dags/example_python_decorator.py
[2025-01-07T00:03:18.542+0000] {processor.py:840} INFO - DAG(s) 'example_python_decorator' retrieved from /home/airflow/.local/lib/python3.8/site-packages/airflow/example_dags/example_python_decorator.py
[2025-01-07T00:03:18.708+0000] {logging_mixin.py:188} INFO - [2025-01-07T00:03:18.708+0000] {dag.py:3036} INFO - Sync 1 DAGs
[2025-01-07T00:03:18.786+0000] {logging_mixin.py:188} INFO - [2025-01-07T00:03:18.786+0000] {dag.py:3823} INFO - Setting next_dagrun for example_python_decorator to None, run_after=None
[2025-01-07T00:03:18.894+0000] {processor.py:183} INFO - Processing /home/airflow/.local/lib/python3.8/site-packages/airflow/example_dags/example_python_decorator.py took 0.469 seconds
[2025-01-07T00:03:49.668+0000] {processor.py:161} INFO - Started process (PID=6363) to work on /home/airflow/.local/lib/python3.8/site-packages/airflow/example_dags/example_python_decorator.py
[2025-01-07T00:03:49.669+0000] {processor.py:830} INFO - Processing file /home/airflow/.local/lib/python3.8/site-packages/airflow/example_dags/example_python_decorator.py for tasks to queue
[2025-01-07T00:03:49.672+0000] {logging_mixin.py:188} INFO - [2025-01-07T00:03:49.672+0000] {dagbag.py:538} INFO - Filling up the DagBag from /home/airflow/.local/lib/python3.8/site-packages/airflow/example_dags/example_python_decorator.py
[2025-01-07T00:03:49.694+0000] {processor.py:840} INFO - DAG(s) 'example_python_decorator' retrieved from /home/airflow/.local/lib/python3.8/site-packages/airflow/example_dags/example_python_decorator.py
[2025-01-07T00:03:49.728+0000] {logging_mixin.py:188} INFO - [2025-01-07T00:03:49.728+0000] {dag.py:3036} INFO - Sync 1 DAGs
[2025-01-07T00:03:49.748+0000] {logging_mixin.py:188} INFO - [2025-01-07T00:03:49.748+0000] {dag.py:3823} INFO - Setting next_dagrun for example_python_decorator to None, run_after=None
[2025-01-07T00:03:49.786+0000] {processor.py:183} INFO - Processing /home/airflow/.local/lib/python3.8/site-packages/airflow/example_dags/example_python_decorator.py took 0.122 seconds
[2025-01-07T00:04:19.885+0000] {processor.py:161} INFO - Started process (PID=6420) to work on /home/airflow/.local/lib/python3.8/site-packages/airflow/example_dags/example_python_decorator.py
[2025-01-07T00:04:19.887+0000] {processor.py:830} INFO - Processing file /home/airflow/.local/lib/python3.8/site-packages/airflow/example_dags/example_python_decorator.py for tasks to queue
[2025-01-07T00:04:19.889+0000] {logging_mixin.py:188} INFO - [2025-01-07T00:04:19.889+0000] {dagbag.py:538} INFO - Filling up the DagBag from /home/airflow/.local/lib/python3.8/site-packages/airflow/example_dags/example_python_decorator.py
[2025-01-07T00:04:19.914+0000] {processor.py:840} INFO - DAG(s) 'example_python_decorator' retrieved from /home/airflow/.local/lib/python3.8/site-packages/airflow/example_dags/example_python_decorator.py
[2025-01-07T00:04:19.951+0000] {logging_mixin.py:188} INFO - [2025-01-07T00:04:19.950+0000] {dag.py:3036} INFO - Sync 1 DAGs
[2025-01-07T00:04:19.970+0000] {logging_mixin.py:188} INFO - [2025-01-07T00:04:19.970+0000] {dag.py:3823} INFO - Setting next_dagrun for example_python_decorator to None, run_after=None
[2025-01-07T00:04:19.999+0000] {processor.py:183} INFO - Processing /home/airflow/.local/lib/python3.8/site-packages/airflow/example_dags/example_python_decorator.py took 0.118 seconds
[2025-01-07T00:04:50.309+0000] {processor.py:161} INFO - Started process (PID=6477) to work on /home/airflow/.local/lib/python3.8/site-packages/airflow/example_dags/example_python_decorator.py
[2025-01-07T00:04:50.311+0000] {processor.py:830} INFO - Processing file /home/airflow/.local/lib/python3.8/site-packages/airflow/example_dags/example_python_decorator.py for tasks to queue
[2025-01-07T00:04:50.313+0000] {logging_mixin.py:188} INFO - [2025-01-07T00:04:50.313+0000] {dagbag.py:538} INFO - Filling up the DagBag from /home/airflow/.local/lib/python3.8/site-packages/airflow/example_dags/example_python_decorator.py
[2025-01-07T00:04:50.336+0000] {processor.py:840} INFO - DAG(s) 'example_python_decorator' retrieved from /home/airflow/.local/lib/python3.8/site-packages/airflow/example_dags/example_python_decorator.py
[2025-01-07T00:04:50.364+0000] {logging_mixin.py:188} INFO - [2025-01-07T00:04:50.363+0000] {dag.py:3036} INFO - Sync 1 DAGs
[2025-01-07T00:04:50.381+0000] {logging_mixin.py:188} INFO - [2025-01-07T00:04:50.381+0000] {dag.py:3823} INFO - Setting next_dagrun for example_python_decorator to None, run_after=None
[2025-01-07T00:04:50.413+0000] {processor.py:183} INFO - Processing /home/airflow/.local/lib/python3.8/site-packages/airflow/example_dags/example_python_decorator.py took 0.108 seconds
[2025-01-07T00:05:20.547+0000] {processor.py:161} INFO - Started process (PID=6534) to work on /home/airflow/.local/lib/python3.8/site-packages/airflow/example_dags/example_python_decorator.py
[2025-01-07T00:05:20.548+0000] {processor.py:830} INFO - Processing file /home/airflow/.local/lib/python3.8/site-packages/airflow/example_dags/example_python_decorator.py for tasks to queue
[2025-01-07T00:05:20.551+0000] {logging_mixin.py:188} INFO - [2025-01-07T00:05:20.551+0000] {dagbag.py:538} INFO - Filling up the DagBag from /home/airflow/.local/lib/python3.8/site-packages/airflow/example_dags/example_python_decorator.py
[2025-01-07T00:05:20.572+0000] {processor.py:840} INFO - DAG(s) 'example_python_decorator' retrieved from /home/airflow/.local/lib/python3.8/site-packages/airflow/example_dags/example_python_decorator.py
[2025-01-07T00:05:20.606+0000] {logging_mixin.py:188} INFO - [2025-01-07T00:05:20.606+0000] {dag.py:3036} INFO - Sync 1 DAGs
[2025-01-07T00:05:20.623+0000] {logging_mixin.py:188} INFO - [2025-01-07T00:05:20.622+0000] {dag.py:3823} INFO - Setting next_dagrun for example_python_decorator to None, run_after=None
[2025-01-07T00:05:20.652+0000] {processor.py:183} INFO - Processing /home/airflow/.local/lib/python3.8/site-packages/airflow/example_dags/example_python_decorator.py took 0.110 seconds
[2025-01-07T00:05:50.891+0000] {processor.py:161} INFO - Started process (PID=6591) to work on /home/airflow/.local/lib/python3.8/site-packages/airflow/example_dags/example_python_decorator.py
[2025-01-07T00:05:50.895+0000] {processor.py:830} INFO - Processing file /home/airflow/.local/lib/python3.8/site-packages/airflow/example_dags/example_python_decorator.py for tasks to queue
[2025-01-07T00:05:50.912+0000] {logging_mixin.py:188} INFO - [2025-01-07T00:05:50.911+0000] {dagbag.py:538} INFO - Filling up the DagBag from /home/airflow/.local/lib/python3.8/site-packages/airflow/example_dags/example_python_decorator.py
[2025-01-07T00:05:50.944+0000] {processor.py:840} INFO - DAG(s) 'example_python_decorator' retrieved from /home/airflow/.local/lib/python3.8/site-packages/airflow/example_dags/example_python_decorator.py
[2025-01-07T00:05:51.043+0000] {logging_mixin.py:188} INFO - [2025-01-07T00:05:51.042+0000] {dag.py:3036} INFO - Sync 1 DAGs
[2025-01-07T00:05:51.081+0000] {logging_mixin.py:188} INFO - [2025-01-07T00:05:51.081+0000] {dag.py:3823} INFO - Setting next_dagrun for example_python_decorator to None, run_after=None
[2025-01-07T00:05:51.130+0000] {processor.py:183} INFO - Processing /home/airflow/.local/lib/python3.8/site-packages/airflow/example_dags/example_python_decorator.py took 0.249 seconds
[2025-01-07T00:06:21.286+0000] {processor.py:161} INFO - Started process (PID=6647) to work on /home/airflow/.local/lib/python3.8/site-packages/airflow/example_dags/example_python_decorator.py
[2025-01-07T00:06:21.287+0000] {processor.py:830} INFO - Processing file /home/airflow/.local/lib/python3.8/site-packages/airflow/example_dags/example_python_decorator.py for tasks to queue
[2025-01-07T00:06:21.297+0000] {logging_mixin.py:188} INFO - [2025-01-07T00:06:21.295+0000] {dagbag.py:538} INFO - Filling up the DagBag from /home/airflow/.local/lib/python3.8/site-packages/airflow/example_dags/example_python_decorator.py
[2025-01-07T00:06:21.324+0000] {processor.py:840} INFO - DAG(s) 'example_python_decorator' retrieved from /home/airflow/.local/lib/python3.8/site-packages/airflow/example_dags/example_python_decorator.py
[2025-01-07T00:06:21.359+0000] {logging_mixin.py:188} INFO - [2025-01-07T00:06:21.358+0000] {dag.py:3036} INFO - Sync 1 DAGs
[2025-01-07T00:06:21.384+0000] {logging_mixin.py:188} INFO - [2025-01-07T00:06:21.384+0000] {dag.py:3823} INFO - Setting next_dagrun for example_python_decorator to None, run_after=None
[2025-01-07T00:06:21.418+0000] {processor.py:183} INFO - Processing /home/airflow/.local/lib/python3.8/site-packages/airflow/example_dags/example_python_decorator.py took 0.138 seconds
[2025-01-07T00:06:54.293+0000] {processor.py:161} INFO - Started process (PID=6715) to work on /home/airflow/.local/lib/python3.8/site-packages/airflow/example_dags/example_python_decorator.py
[2025-01-07T00:06:54.306+0000] {processor.py:830} INFO - Processing file /home/airflow/.local/lib/python3.8/site-packages/airflow/example_dags/example_python_decorator.py for tasks to queue
[2025-01-07T00:06:54.325+0000] {logging_mixin.py:188} INFO - [2025-01-07T00:06:54.324+0000] {dagbag.py:538} INFO - Filling up the DagBag from /home/airflow/.local/lib/python3.8/site-packages/airflow/example_dags/example_python_decorator.py
[2025-01-07T00:06:54.404+0000] {processor.py:840} INFO - DAG(s) 'example_python_decorator' retrieved from /home/airflow/.local/lib/python3.8/site-packages/airflow/example_dags/example_python_decorator.py
[2025-01-07T00:06:54.556+0000] {logging_mixin.py:188} INFO - [2025-01-07T00:06:54.556+0000] {dag.py:3036} INFO - Sync 1 DAGs
[2025-01-07T00:06:54.666+0000] {logging_mixin.py:188} INFO - [2025-01-07T00:06:54.665+0000] {dag.py:3823} INFO - Setting next_dagrun for example_python_decorator to None, run_after=None
[2025-01-07T00:06:54.846+0000] {processor.py:183} INFO - Processing /home/airflow/.local/lib/python3.8/site-packages/airflow/example_dags/example_python_decorator.py took 0.589 seconds
[2025-01-07T00:07:25.373+0000] {processor.py:161} INFO - Started process (PID=6772) to work on /home/airflow/.local/lib/python3.8/site-packages/airflow/example_dags/example_python_decorator.py
[2025-01-07T00:07:25.375+0000] {processor.py:830} INFO - Processing file /home/airflow/.local/lib/python3.8/site-packages/airflow/example_dags/example_python_decorator.py for tasks to queue
[2025-01-07T00:07:25.378+0000] {logging_mixin.py:188} INFO - [2025-01-07T00:07:25.377+0000] {dagbag.py:538} INFO - Filling up the DagBag from /home/airflow/.local/lib/python3.8/site-packages/airflow/example_dags/example_python_decorator.py
[2025-01-07T00:07:25.400+0000] {processor.py:840} INFO - DAG(s) 'example_python_decorator' retrieved from /home/airflow/.local/lib/python3.8/site-packages/airflow/example_dags/example_python_decorator.py
[2025-01-07T00:07:25.430+0000] {logging_mixin.py:188} INFO - [2025-01-07T00:07:25.430+0000] {dag.py:3036} INFO - Sync 1 DAGs
[2025-01-07T00:07:25.448+0000] {logging_mixin.py:188} INFO - [2025-01-07T00:07:25.448+0000] {dag.py:3823} INFO - Setting next_dagrun for example_python_decorator to None, run_after=None
[2025-01-07T00:07:25.494+0000] {processor.py:183} INFO - Processing /home/airflow/.local/lib/python3.8/site-packages/airflow/example_dags/example_python_decorator.py took 0.126 seconds
[2025-01-07T00:07:55.655+0000] {processor.py:161} INFO - Started process (PID=6829) to work on /home/airflow/.local/lib/python3.8/site-packages/airflow/example_dags/example_python_decorator.py
[2025-01-07T00:07:55.656+0000] {processor.py:830} INFO - Processing file /home/airflow/.local/lib/python3.8/site-packages/airflow/example_dags/example_python_decorator.py for tasks to queue
[2025-01-07T00:07:55.658+0000] {logging_mixin.py:188} INFO - [2025-01-07T00:07:55.658+0000] {dagbag.py:538} INFO - Filling up the DagBag from /home/airflow/.local/lib/python3.8/site-packages/airflow/example_dags/example_python_decorator.py
[2025-01-07T00:07:55.675+0000] {processor.py:840} INFO - DAG(s) 'example_python_decorator' retrieved from /home/airflow/.local/lib/python3.8/site-packages/airflow/example_dags/example_python_decorator.py
[2025-01-07T00:07:55.705+0000] {logging_mixin.py:188} INFO - [2025-01-07T00:07:55.704+0000] {dag.py:3036} INFO - Sync 1 DAGs
[2025-01-07T00:07:55.722+0000] {logging_mixin.py:188} INFO - [2025-01-07T00:07:55.722+0000] {dag.py:3823} INFO - Setting next_dagrun for example_python_decorator to None, run_after=None
[2025-01-07T00:07:55.747+0000] {processor.py:183} INFO - Processing /home/airflow/.local/lib/python3.8/site-packages/airflow/example_dags/example_python_decorator.py took 0.098 seconds
[2025-01-07T00:08:27.039+0000] {processor.py:161} INFO - Started process (PID=6887) to work on /home/airflow/.local/lib/python3.8/site-packages/airflow/example_dags/example_python_decorator.py
[2025-01-07T00:08:27.041+0000] {processor.py:830} INFO - Processing file /home/airflow/.local/lib/python3.8/site-packages/airflow/example_dags/example_python_decorator.py for tasks to queue
[2025-01-07T00:08:27.052+0000] {logging_mixin.py:188} INFO - [2025-01-07T00:08:27.051+0000] {dagbag.py:538} INFO - Filling up the DagBag from /home/airflow/.local/lib/python3.8/site-packages/airflow/example_dags/example_python_decorator.py
[2025-01-07T00:08:27.084+0000] {processor.py:840} INFO - DAG(s) 'example_python_decorator' retrieved from /home/airflow/.local/lib/python3.8/site-packages/airflow/example_dags/example_python_decorator.py
[2025-01-07T00:08:27.155+0000] {logging_mixin.py:188} INFO - [2025-01-07T00:08:27.155+0000] {dag.py:3036} INFO - Sync 1 DAGs
[2025-01-07T00:08:27.211+0000] {logging_mixin.py:188} INFO - [2025-01-07T00:08:27.205+0000] {dag.py:3823} INFO - Setting next_dagrun for example_python_decorator to None, run_after=None
[2025-01-07T00:08:27.320+0000] {processor.py:183} INFO - Processing /home/airflow/.local/lib/python3.8/site-packages/airflow/example_dags/example_python_decorator.py took 0.290 seconds
[2025-01-07T00:08:58.258+0000] {processor.py:161} INFO - Started process (PID=6954) to work on /home/airflow/.local/lib/python3.8/site-packages/airflow/example_dags/example_python_decorator.py
[2025-01-07T00:08:58.265+0000] {processor.py:830} INFO - Processing file /home/airflow/.local/lib/python3.8/site-packages/airflow/example_dags/example_python_decorator.py for tasks to queue
[2025-01-07T00:08:58.290+0000] {logging_mixin.py:188} INFO - [2025-01-07T00:08:58.290+0000] {dagbag.py:538} INFO - Filling up the DagBag from /home/airflow/.local/lib/python3.8/site-packages/airflow/example_dags/example_python_decorator.py
[2025-01-07T00:08:58.367+0000] {processor.py:840} INFO - DAG(s) 'example_python_decorator' retrieved from /home/airflow/.local/lib/python3.8/site-packages/airflow/example_dags/example_python_decorator.py
[2025-01-07T00:08:58.478+0000] {logging_mixin.py:188} INFO - [2025-01-07T00:08:58.478+0000] {dag.py:3036} INFO - Sync 1 DAGs
[2025-01-07T00:08:58.517+0000] {logging_mixin.py:188} INFO - [2025-01-07T00:08:58.517+0000] {dag.py:3823} INFO - Setting next_dagrun for example_python_decorator to None, run_after=None
[2025-01-07T00:08:58.621+0000] {processor.py:183} INFO - Processing /home/airflow/.local/lib/python3.8/site-packages/airflow/example_dags/example_python_decorator.py took 0.369 seconds
[2025-01-07T00:09:28.788+0000] {processor.py:161} INFO - Started process (PID=7011) to work on /home/airflow/.local/lib/python3.8/site-packages/airflow/example_dags/example_python_decorator.py
[2025-01-07T00:09:28.790+0000] {processor.py:830} INFO - Processing file /home/airflow/.local/lib/python3.8/site-packages/airflow/example_dags/example_python_decorator.py for tasks to queue
[2025-01-07T00:09:28.792+0000] {logging_mixin.py:188} INFO - [2025-01-07T00:09:28.792+0000] {dagbag.py:538} INFO - Filling up the DagBag from /home/airflow/.local/lib/python3.8/site-packages/airflow/example_dags/example_python_decorator.py
[2025-01-07T00:09:28.817+0000] {processor.py:840} INFO - DAG(s) 'example_python_decorator' retrieved from /home/airflow/.local/lib/python3.8/site-packages/airflow/example_dags/example_python_decorator.py
[2025-01-07T00:09:28.854+0000] {logging_mixin.py:188} INFO - [2025-01-07T00:09:28.853+0000] {dag.py:3036} INFO - Sync 1 DAGs
[2025-01-07T00:09:28.875+0000] {logging_mixin.py:188} INFO - [2025-01-07T00:09:28.875+0000] {dag.py:3823} INFO - Setting next_dagrun for example_python_decorator to None, run_after=None
[2025-01-07T00:09:28.906+0000] {processor.py:183} INFO - Processing /home/airflow/.local/lib/python3.8/site-packages/airflow/example_dags/example_python_decorator.py took 0.124 seconds
[2025-01-07T00:09:59.075+0000] {processor.py:161} INFO - Started process (PID=7069) to work on /home/airflow/.local/lib/python3.8/site-packages/airflow/example_dags/example_python_decorator.py
[2025-01-07T00:09:59.077+0000] {processor.py:830} INFO - Processing file /home/airflow/.local/lib/python3.8/site-packages/airflow/example_dags/example_python_decorator.py for tasks to queue
[2025-01-07T00:09:59.080+0000] {logging_mixin.py:188} INFO - [2025-01-07T00:09:59.079+0000] {dagbag.py:538} INFO - Filling up the DagBag from /home/airflow/.local/lib/python3.8/site-packages/airflow/example_dags/example_python_decorator.py
[2025-01-07T00:09:59.107+0000] {processor.py:840} INFO - DAG(s) 'example_python_decorator' retrieved from /home/airflow/.local/lib/python3.8/site-packages/airflow/example_dags/example_python_decorator.py
[2025-01-07T00:09:59.150+0000] {logging_mixin.py:188} INFO - [2025-01-07T00:09:59.149+0000] {dag.py:3036} INFO - Sync 1 DAGs
[2025-01-07T00:09:59.173+0000] {logging_mixin.py:188} INFO - [2025-01-07T00:09:59.173+0000] {dag.py:3823} INFO - Setting next_dagrun for example_python_decorator to None, run_after=None
[2025-01-07T00:09:59.220+0000] {processor.py:183} INFO - Processing /home/airflow/.local/lib/python3.8/site-packages/airflow/example_dags/example_python_decorator.py took 0.149 seconds
[2025-01-07T00:10:29.376+0000] {processor.py:161} INFO - Started process (PID=7126) to work on /home/airflow/.local/lib/python3.8/site-packages/airflow/example_dags/example_python_decorator.py
[2025-01-07T00:10:29.378+0000] {processor.py:830} INFO - Processing file /home/airflow/.local/lib/python3.8/site-packages/airflow/example_dags/example_python_decorator.py for tasks to queue
[2025-01-07T00:10:29.380+0000] {logging_mixin.py:188} INFO - [2025-01-07T00:10:29.380+0000] {dagbag.py:538} INFO - Filling up the DagBag from /home/airflow/.local/lib/python3.8/site-packages/airflow/example_dags/example_python_decorator.py
[2025-01-07T00:10:29.404+0000] {processor.py:840} INFO - DAG(s) 'example_python_decorator' retrieved from /home/airflow/.local/lib/python3.8/site-packages/airflow/example_dags/example_python_decorator.py
[2025-01-07T00:10:29.443+0000] {logging_mixin.py:188} INFO - [2025-01-07T00:10:29.443+0000] {dag.py:3036} INFO - Sync 1 DAGs
[2025-01-07T00:10:29.461+0000] {logging_mixin.py:188} INFO - [2025-01-07T00:10:29.460+0000] {dag.py:3823} INFO - Setting next_dagrun for example_python_decorator to None, run_after=None
[2025-01-07T00:10:29.494+0000] {processor.py:183} INFO - Processing /home/airflow/.local/lib/python3.8/site-packages/airflow/example_dags/example_python_decorator.py took 0.123 seconds
[2025-01-07T00:10:59.854+0000] {processor.py:161} INFO - Started process (PID=7183) to work on /home/airflow/.local/lib/python3.8/site-packages/airflow/example_dags/example_python_decorator.py
[2025-01-07T00:10:59.855+0000] {processor.py:830} INFO - Processing file /home/airflow/.local/lib/python3.8/site-packages/airflow/example_dags/example_python_decorator.py for tasks to queue
[2025-01-07T00:10:59.860+0000] {logging_mixin.py:188} INFO - [2025-01-07T00:10:59.859+0000] {dagbag.py:538} INFO - Filling up the DagBag from /home/airflow/.local/lib/python3.8/site-packages/airflow/example_dags/example_python_decorator.py
[2025-01-07T00:10:59.885+0000] {processor.py:840} INFO - DAG(s) 'example_python_decorator' retrieved from /home/airflow/.local/lib/python3.8/site-packages/airflow/example_dags/example_python_decorator.py
[2025-01-07T00:10:59.922+0000] {logging_mixin.py:188} INFO - [2025-01-07T00:10:59.922+0000] {dag.py:3036} INFO - Sync 1 DAGs
[2025-01-07T00:10:59.943+0000] {logging_mixin.py:188} INFO - [2025-01-07T00:10:59.942+0000] {dag.py:3823} INFO - Setting next_dagrun for example_python_decorator to None, run_after=None
[2025-01-07T00:10:59.970+0000] {processor.py:183} INFO - Processing /home/airflow/.local/lib/python3.8/site-packages/airflow/example_dags/example_python_decorator.py took 0.120 seconds
[2025-01-07T00:11:30.056+0000] {processor.py:161} INFO - Started process (PID=7240) to work on /home/airflow/.local/lib/python3.8/site-packages/airflow/example_dags/example_python_decorator.py
[2025-01-07T00:11:30.057+0000] {processor.py:830} INFO - Processing file /home/airflow/.local/lib/python3.8/site-packages/airflow/example_dags/example_python_decorator.py for tasks to queue
[2025-01-07T00:11:30.060+0000] {logging_mixin.py:188} INFO - [2025-01-07T00:11:30.059+0000] {dagbag.py:538} INFO - Filling up the DagBag from /home/airflow/.local/lib/python3.8/site-packages/airflow/example_dags/example_python_decorator.py
[2025-01-07T00:11:30.083+0000] {processor.py:840} INFO - DAG(s) 'example_python_decorator' retrieved from /home/airflow/.local/lib/python3.8/site-packages/airflow/example_dags/example_python_decorator.py
[2025-01-07T00:11:30.118+0000] {logging_mixin.py:188} INFO - [2025-01-07T00:11:30.118+0000] {dag.py:3036} INFO - Sync 1 DAGs
[2025-01-07T00:11:30.137+0000] {logging_mixin.py:188} INFO - [2025-01-07T00:11:30.137+0000] {dag.py:3823} INFO - Setting next_dagrun for example_python_decorator to None, run_after=None
[2025-01-07T00:11:30.164+0000] {processor.py:183} INFO - Processing /home/airflow/.local/lib/python3.8/site-packages/airflow/example_dags/example_python_decorator.py took 0.112 seconds
[2025-01-07T00:12:00.625+0000] {processor.py:161} INFO - Started process (PID=7296) to work on /home/airflow/.local/lib/python3.8/site-packages/airflow/example_dags/example_python_decorator.py
[2025-01-07T00:12:00.627+0000] {processor.py:830} INFO - Processing file /home/airflow/.local/lib/python3.8/site-packages/airflow/example_dags/example_python_decorator.py for tasks to queue
[2025-01-07T00:12:00.630+0000] {logging_mixin.py:188} INFO - [2025-01-07T00:12:00.629+0000] {dagbag.py:538} INFO - Filling up the DagBag from /home/airflow/.local/lib/python3.8/site-packages/airflow/example_dags/example_python_decorator.py
[2025-01-07T00:12:00.657+0000] {processor.py:840} INFO - DAG(s) 'example_python_decorator' retrieved from /home/airflow/.local/lib/python3.8/site-packages/airflow/example_dags/example_python_decorator.py
[2025-01-07T00:12:00.687+0000] {logging_mixin.py:188} INFO - [2025-01-07T00:12:00.686+0000] {dag.py:3036} INFO - Sync 1 DAGs
[2025-01-07T00:12:00.708+0000] {logging_mixin.py:188} INFO - [2025-01-07T00:12:00.708+0000] {dag.py:3823} INFO - Setting next_dagrun for example_python_decorator to None, run_after=None
[2025-01-07T00:12:00.738+0000] {processor.py:183} INFO - Processing /home/airflow/.local/lib/python3.8/site-packages/airflow/example_dags/example_python_decorator.py took 0.118 seconds
[2025-01-07T00:12:31.166+0000] {processor.py:161} INFO - Started process (PID=7353) to work on /home/airflow/.local/lib/python3.8/site-packages/airflow/example_dags/example_python_decorator.py
[2025-01-07T00:12:31.168+0000] {processor.py:830} INFO - Processing file /home/airflow/.local/lib/python3.8/site-packages/airflow/example_dags/example_python_decorator.py for tasks to queue
[2025-01-07T00:12:31.171+0000] {logging_mixin.py:188} INFO - [2025-01-07T00:12:31.171+0000] {dagbag.py:538} INFO - Filling up the DagBag from /home/airflow/.local/lib/python3.8/site-packages/airflow/example_dags/example_python_decorator.py
[2025-01-07T00:12:31.196+0000] {processor.py:840} INFO - DAG(s) 'example_python_decorator' retrieved from /home/airflow/.local/lib/python3.8/site-packages/airflow/example_dags/example_python_decorator.py
[2025-01-07T00:12:31.226+0000] {logging_mixin.py:188} INFO - [2025-01-07T00:12:31.226+0000] {dag.py:3036} INFO - Sync 1 DAGs
[2025-01-07T00:12:31.243+0000] {logging_mixin.py:188} INFO - [2025-01-07T00:12:31.243+0000] {dag.py:3823} INFO - Setting next_dagrun for example_python_decorator to None, run_after=None
[2025-01-07T00:12:31.274+0000] {processor.py:183} INFO - Processing /home/airflow/.local/lib/python3.8/site-packages/airflow/example_dags/example_python_decorator.py took 0.112 seconds
[2025-01-07T00:13:01.649+0000] {processor.py:161} INFO - Started process (PID=7410) to work on /home/airflow/.local/lib/python3.8/site-packages/airflow/example_dags/example_python_decorator.py
[2025-01-07T00:13:01.651+0000] {processor.py:830} INFO - Processing file /home/airflow/.local/lib/python3.8/site-packages/airflow/example_dags/example_python_decorator.py for tasks to queue
[2025-01-07T00:13:01.654+0000] {logging_mixin.py:188} INFO - [2025-01-07T00:13:01.653+0000] {dagbag.py:538} INFO - Filling up the DagBag from /home/airflow/.local/lib/python3.8/site-packages/airflow/example_dags/example_python_decorator.py
[2025-01-07T00:13:01.675+0000] {processor.py:840} INFO - DAG(s) 'example_python_decorator' retrieved from /home/airflow/.local/lib/python3.8/site-packages/airflow/example_dags/example_python_decorator.py
[2025-01-07T00:13:01.711+0000] {logging_mixin.py:188} INFO - [2025-01-07T00:13:01.711+0000] {dag.py:3036} INFO - Sync 1 DAGs
[2025-01-07T00:13:01.729+0000] {logging_mixin.py:188} INFO - [2025-01-07T00:13:01.728+0000] {dag.py:3823} INFO - Setting next_dagrun for example_python_decorator to None, run_after=None
[2025-01-07T00:13:01.757+0000] {processor.py:183} INFO - Processing /home/airflow/.local/lib/python3.8/site-packages/airflow/example_dags/example_python_decorator.py took 0.114 seconds
[2025-01-07T00:13:32.035+0000] {processor.py:161} INFO - Started process (PID=7468) to work on /home/airflow/.local/lib/python3.8/site-packages/airflow/example_dags/example_python_decorator.py
[2025-01-07T00:13:32.037+0000] {processor.py:830} INFO - Processing file /home/airflow/.local/lib/python3.8/site-packages/airflow/example_dags/example_python_decorator.py for tasks to queue
[2025-01-07T00:13:32.040+0000] {logging_mixin.py:188} INFO - [2025-01-07T00:13:32.039+0000] {dagbag.py:538} INFO - Filling up the DagBag from /home/airflow/.local/lib/python3.8/site-packages/airflow/example_dags/example_python_decorator.py
[2025-01-07T00:13:32.061+0000] {processor.py:840} INFO - DAG(s) 'example_python_decorator' retrieved from /home/airflow/.local/lib/python3.8/site-packages/airflow/example_dags/example_python_decorator.py
[2025-01-07T00:13:32.093+0000] {logging_mixin.py:188} INFO - [2025-01-07T00:13:32.093+0000] {dag.py:3036} INFO - Sync 1 DAGs
[2025-01-07T00:13:32.112+0000] {logging_mixin.py:188} INFO - [2025-01-07T00:13:32.111+0000] {dag.py:3823} INFO - Setting next_dagrun for example_python_decorator to None, run_after=None
[2025-01-07T00:13:32.139+0000] {processor.py:183} INFO - Processing /home/airflow/.local/lib/python3.8/site-packages/airflow/example_dags/example_python_decorator.py took 0.108 seconds
[2025-01-07T00:14:02.608+0000] {processor.py:161} INFO - Started process (PID=7525) to work on /home/airflow/.local/lib/python3.8/site-packages/airflow/example_dags/example_python_decorator.py
[2025-01-07T00:14:02.611+0000] {processor.py:830} INFO - Processing file /home/airflow/.local/lib/python3.8/site-packages/airflow/example_dags/example_python_decorator.py for tasks to queue
[2025-01-07T00:14:02.615+0000] {logging_mixin.py:188} INFO - [2025-01-07T00:14:02.614+0000] {dagbag.py:538} INFO - Filling up the DagBag from /home/airflow/.local/lib/python3.8/site-packages/airflow/example_dags/example_python_decorator.py
[2025-01-07T00:14:02.637+0000] {processor.py:840} INFO - DAG(s) 'example_python_decorator' retrieved from /home/airflow/.local/lib/python3.8/site-packages/airflow/example_dags/example_python_decorator.py
[2025-01-07T00:14:02.679+0000] {logging_mixin.py:188} INFO - [2025-01-07T00:14:02.677+0000] {dag.py:3036} INFO - Sync 1 DAGs
[2025-01-07T00:14:02.699+0000] {logging_mixin.py:188} INFO - [2025-01-07T00:14:02.698+0000] {dag.py:3823} INFO - Setting next_dagrun for example_python_decorator to None, run_after=None
[2025-01-07T00:14:02.733+0000] {processor.py:183} INFO - Processing /home/airflow/.local/lib/python3.8/site-packages/airflow/example_dags/example_python_decorator.py took 0.131 seconds
[2025-01-07T00:14:33.308+0000] {processor.py:161} INFO - Started process (PID=7582) to work on /home/airflow/.local/lib/python3.8/site-packages/airflow/example_dags/example_python_decorator.py
[2025-01-07T00:14:33.309+0000] {processor.py:830} INFO - Processing file /home/airflow/.local/lib/python3.8/site-packages/airflow/example_dags/example_python_decorator.py for tasks to queue
[2025-01-07T00:14:33.312+0000] {logging_mixin.py:188} INFO - [2025-01-07T00:14:33.311+0000] {dagbag.py:538} INFO - Filling up the DagBag from /home/airflow/.local/lib/python3.8/site-packages/airflow/example_dags/example_python_decorator.py
[2025-01-07T00:14:33.329+0000] {processor.py:840} INFO - DAG(s) 'example_python_decorator' retrieved from /home/airflow/.local/lib/python3.8/site-packages/airflow/example_dags/example_python_decorator.py
[2025-01-07T00:14:33.360+0000] {logging_mixin.py:188} INFO - [2025-01-07T00:14:33.360+0000] {dag.py:3036} INFO - Sync 1 DAGs
[2025-01-07T00:14:33.378+0000] {logging_mixin.py:188} INFO - [2025-01-07T00:14:33.377+0000] {dag.py:3823} INFO - Setting next_dagrun for example_python_decorator to None, run_after=None
[2025-01-07T00:14:33.401+0000] {processor.py:183} INFO - Processing /home/airflow/.local/lib/python3.8/site-packages/airflow/example_dags/example_python_decorator.py took 0.097 seconds
[2025-01-07T00:15:05.285+0000] {processor.py:161} INFO - Started process (PID=7639) to work on /home/airflow/.local/lib/python3.8/site-packages/airflow/example_dags/example_python_decorator.py
[2025-01-07T00:15:05.296+0000] {processor.py:830} INFO - Processing file /home/airflow/.local/lib/python3.8/site-packages/airflow/example_dags/example_python_decorator.py for tasks to queue
[2025-01-07T00:15:05.305+0000] {logging_mixin.py:188} INFO - [2025-01-07T00:15:05.304+0000] {dagbag.py:538} INFO - Filling up the DagBag from /home/airflow/.local/lib/python3.8/site-packages/airflow/example_dags/example_python_decorator.py
[2025-01-07T00:15:05.405+0000] {processor.py:840} INFO - DAG(s) 'example_python_decorator' retrieved from /home/airflow/.local/lib/python3.8/site-packages/airflow/example_dags/example_python_decorator.py
[2025-01-07T00:15:05.576+0000] {logging_mixin.py:188} INFO - [2025-01-07T00:15:05.572+0000] {dag.py:3036} INFO - Sync 1 DAGs
[2025-01-07T00:15:05.673+0000] {logging_mixin.py:188} INFO - [2025-01-07T00:15:05.661+0000] {dag.py:3823} INFO - Setting next_dagrun for example_python_decorator to None, run_after=None
[2025-01-07T00:15:05.829+0000] {processor.py:183} INFO - Processing /home/airflow/.local/lib/python3.8/site-packages/airflow/example_dags/example_python_decorator.py took 0.553 seconds
[2025-01-07T00:15:36.294+0000] {processor.py:161} INFO - Started process (PID=7696) to work on /home/airflow/.local/lib/python3.8/site-packages/airflow/example_dags/example_python_decorator.py
[2025-01-07T00:15:36.296+0000] {processor.py:830} INFO - Processing file /home/airflow/.local/lib/python3.8/site-packages/airflow/example_dags/example_python_decorator.py for tasks to queue
[2025-01-07T00:15:36.301+0000] {logging_mixin.py:188} INFO - [2025-01-07T00:15:36.301+0000] {dagbag.py:538} INFO - Filling up the DagBag from /home/airflow/.local/lib/python3.8/site-packages/airflow/example_dags/example_python_decorator.py
[2025-01-07T00:15:36.337+0000] {processor.py:840} INFO - DAG(s) 'example_python_decorator' retrieved from /home/airflow/.local/lib/python3.8/site-packages/airflow/example_dags/example_python_decorator.py
[2025-01-07T00:15:36.406+0000] {logging_mixin.py:188} INFO - [2025-01-07T00:15:36.405+0000] {dag.py:3036} INFO - Sync 1 DAGs
[2025-01-07T00:15:36.431+0000] {logging_mixin.py:188} INFO - [2025-01-07T00:15:36.430+0000] {dag.py:3823} INFO - Setting next_dagrun for example_python_decorator to None, run_after=None
[2025-01-07T00:15:36.472+0000] {processor.py:183} INFO - Processing /home/airflow/.local/lib/python3.8/site-packages/airflow/example_dags/example_python_decorator.py took 0.183 seconds
[2025-01-07T00:16:07.014+0000] {processor.py:161} INFO - Started process (PID=7753) to work on /home/airflow/.local/lib/python3.8/site-packages/airflow/example_dags/example_python_decorator.py
[2025-01-07T00:16:07.016+0000] {processor.py:830} INFO - Processing file /home/airflow/.local/lib/python3.8/site-packages/airflow/example_dags/example_python_decorator.py for tasks to queue
[2025-01-07T00:16:07.031+0000] {logging_mixin.py:188} INFO - [2025-01-07T00:16:07.030+0000] {dagbag.py:538} INFO - Filling up the DagBag from /home/airflow/.local/lib/python3.8/site-packages/airflow/example_dags/example_python_decorator.py
[2025-01-07T00:16:07.114+0000] {processor.py:840} INFO - DAG(s) 'example_python_decorator' retrieved from /home/airflow/.local/lib/python3.8/site-packages/airflow/example_dags/example_python_decorator.py
[2025-01-07T00:16:07.217+0000] {logging_mixin.py:188} INFO - [2025-01-07T00:16:07.217+0000] {dag.py:3036} INFO - Sync 1 DAGs
[2025-01-07T00:16:07.291+0000] {logging_mixin.py:188} INFO - [2025-01-07T00:16:07.281+0000] {dag.py:3823} INFO - Setting next_dagrun for example_python_decorator to None, run_after=None
[2025-01-07T00:16:07.365+0000] {processor.py:183} INFO - Processing /home/airflow/.local/lib/python3.8/site-packages/airflow/example_dags/example_python_decorator.py took 0.367 seconds
[2025-01-07T00:16:38.841+0000] {processor.py:161} INFO - Started process (PID=7811) to work on /home/airflow/.local/lib/python3.8/site-packages/airflow/example_dags/example_python_decorator.py
[2025-01-07T00:16:38.853+0000] {processor.py:830} INFO - Processing file /home/airflow/.local/lib/python3.8/site-packages/airflow/example_dags/example_python_decorator.py for tasks to queue
[2025-01-07T00:16:38.871+0000] {logging_mixin.py:188} INFO - [2025-01-07T00:16:38.857+0000] {dagbag.py:538} INFO - Filling up the DagBag from /home/airflow/.local/lib/python3.8/site-packages/airflow/example_dags/example_python_decorator.py
[2025-01-07T00:16:38.983+0000] {processor.py:840} INFO - DAG(s) 'example_python_decorator' retrieved from /home/airflow/.local/lib/python3.8/site-packages/airflow/example_dags/example_python_decorator.py
[2025-01-07T00:16:39.120+0000] {logging_mixin.py:188} INFO - [2025-01-07T00:16:39.110+0000] {dag.py:3036} INFO - Sync 1 DAGs
[2025-01-07T00:16:39.205+0000] {logging_mixin.py:188} INFO - [2025-01-07T00:16:39.205+0000] {dag.py:3823} INFO - Setting next_dagrun for example_python_decorator to None, run_after=None
[2025-01-07T00:16:39.314+0000] {processor.py:183} INFO - Processing /home/airflow/.local/lib/python3.8/site-packages/airflow/example_dags/example_python_decorator.py took 0.481 seconds
[2025-01-07T00:17:09.736+0000] {processor.py:161} INFO - Started process (PID=7868) to work on /home/airflow/.local/lib/python3.8/site-packages/airflow/example_dags/example_python_decorator.py
[2025-01-07T00:17:09.737+0000] {processor.py:830} INFO - Processing file /home/airflow/.local/lib/python3.8/site-packages/airflow/example_dags/example_python_decorator.py for tasks to queue
[2025-01-07T00:17:09.751+0000] {logging_mixin.py:188} INFO - [2025-01-07T00:17:09.750+0000] {dagbag.py:538} INFO - Filling up the DagBag from /home/airflow/.local/lib/python3.8/site-packages/airflow/example_dags/example_python_decorator.py
[2025-01-07T00:17:09.817+0000] {processor.py:840} INFO - DAG(s) 'example_python_decorator' retrieved from /home/airflow/.local/lib/python3.8/site-packages/airflow/example_dags/example_python_decorator.py
[2025-01-07T00:17:09.909+0000] {logging_mixin.py:188} INFO - [2025-01-07T00:17:09.909+0000] {dag.py:3036} INFO - Sync 1 DAGs
[2025-01-07T00:17:09.963+0000] {logging_mixin.py:188} INFO - [2025-01-07T00:17:09.963+0000] {dag.py:3823} INFO - Setting next_dagrun for example_python_decorator to None, run_after=None
[2025-01-07T00:17:10.041+0000] {processor.py:183} INFO - Processing /home/airflow/.local/lib/python3.8/site-packages/airflow/example_dags/example_python_decorator.py took 0.315 seconds
[2025-01-07T00:17:43.230+0000] {processor.py:161} INFO - Started process (PID=7925) to work on /home/airflow/.local/lib/python3.8/site-packages/airflow/example_dags/example_python_decorator.py
[2025-01-07T00:17:43.232+0000] {processor.py:830} INFO - Processing file /home/airflow/.local/lib/python3.8/site-packages/airflow/example_dags/example_python_decorator.py for tasks to queue
[2025-01-07T00:17:43.247+0000] {logging_mixin.py:188} INFO - [2025-01-07T00:17:43.247+0000] {dagbag.py:538} INFO - Filling up the DagBag from /home/airflow/.local/lib/python3.8/site-packages/airflow/example_dags/example_python_decorator.py
[2025-01-07T00:17:43.359+0000] {processor.py:840} INFO - DAG(s) 'example_python_decorator' retrieved from /home/airflow/.local/lib/python3.8/site-packages/airflow/example_dags/example_python_decorator.py
[2025-01-07T00:17:43.586+0000] {logging_mixin.py:188} INFO - [2025-01-07T00:17:43.586+0000] {dag.py:3036} INFO - Sync 1 DAGs
[2025-01-07T00:17:43.651+0000] {logging_mixin.py:188} INFO - [2025-01-07T00:17:43.651+0000] {dag.py:3823} INFO - Setting next_dagrun for example_python_decorator to None, run_after=None
[2025-01-07T00:17:43.813+0000] {processor.py:183} INFO - Processing /home/airflow/.local/lib/python3.8/site-packages/airflow/example_dags/example_python_decorator.py took 0.597 seconds
[2025-01-07T00:18:16.320+0000] {processor.py:161} INFO - Started process (PID=7983) to work on /home/airflow/.local/lib/python3.8/site-packages/airflow/example_dags/example_python_decorator.py
[2025-01-07T00:18:16.322+0000] {processor.py:830} INFO - Processing file /home/airflow/.local/lib/python3.8/site-packages/airflow/example_dags/example_python_decorator.py for tasks to queue
[2025-01-07T00:18:16.337+0000] {logging_mixin.py:188} INFO - [2025-01-07T00:18:16.336+0000] {dagbag.py:538} INFO - Filling up the DagBag from /home/airflow/.local/lib/python3.8/site-packages/airflow/example_dags/example_python_decorator.py
[2025-01-07T00:18:16.455+0000] {processor.py:840} INFO - DAG(s) 'example_python_decorator' retrieved from /home/airflow/.local/lib/python3.8/site-packages/airflow/example_dags/example_python_decorator.py
[2025-01-07T00:18:16.668+0000] {logging_mixin.py:188} INFO - [2025-01-07T00:18:16.667+0000] {dag.py:3036} INFO - Sync 1 DAGs
[2025-01-07T00:18:16.797+0000] {logging_mixin.py:188} INFO - [2025-01-07T00:18:16.787+0000] {dag.py:3823} INFO - Setting next_dagrun for example_python_decorator to None, run_after=None
[2025-01-07T00:18:17.025+0000] {processor.py:183} INFO - Processing /home/airflow/.local/lib/python3.8/site-packages/airflow/example_dags/example_python_decorator.py took 0.723 seconds
[2025-01-07T00:18:49.518+0000] {processor.py:161} INFO - Started process (PID=8051) to work on /home/airflow/.local/lib/python3.8/site-packages/airflow/example_dags/example_python_decorator.py
[2025-01-07T00:18:49.523+0000] {processor.py:830} INFO - Processing file /home/airflow/.local/lib/python3.8/site-packages/airflow/example_dags/example_python_decorator.py for tasks to queue
[2025-01-07T00:18:49.536+0000] {logging_mixin.py:188} INFO - [2025-01-07T00:18:49.536+0000] {dagbag.py:538} INFO - Filling up the DagBag from /home/airflow/.local/lib/python3.8/site-packages/airflow/example_dags/example_python_decorator.py
[2025-01-07T00:18:49.626+0000] {processor.py:840} INFO - DAG(s) 'example_python_decorator' retrieved from /home/airflow/.local/lib/python3.8/site-packages/airflow/example_dags/example_python_decorator.py
[2025-01-07T00:18:49.724+0000] {logging_mixin.py:188} INFO - [2025-01-07T00:18:49.723+0000] {dag.py:3036} INFO - Sync 1 DAGs
[2025-01-07T00:18:49.810+0000] {logging_mixin.py:188} INFO - [2025-01-07T00:18:49.808+0000] {dag.py:3823} INFO - Setting next_dagrun for example_python_decorator to None, run_after=None
[2025-01-07T00:18:50.135+0000] {processor.py:183} INFO - Processing /home/airflow/.local/lib/python3.8/site-packages/airflow/example_dags/example_python_decorator.py took 0.624 seconds
[2025-01-07T00:19:20.353+0000] {processor.py:161} INFO - Started process (PID=8111) to work on /home/airflow/.local/lib/python3.8/site-packages/airflow/example_dags/example_python_decorator.py
[2025-01-07T00:19:20.357+0000] {processor.py:830} INFO - Processing file /home/airflow/.local/lib/python3.8/site-packages/airflow/example_dags/example_python_decorator.py for tasks to queue
[2025-01-07T00:19:20.362+0000] {logging_mixin.py:188} INFO - [2025-01-07T00:19:20.361+0000] {dagbag.py:538} INFO - Filling up the DagBag from /home/airflow/.local/lib/python3.8/site-packages/airflow/example_dags/example_python_decorator.py
[2025-01-07T00:19:20.415+0000] {processor.py:840} INFO - DAG(s) 'example_python_decorator' retrieved from /home/airflow/.local/lib/python3.8/site-packages/airflow/example_dags/example_python_decorator.py
[2025-01-07T00:19:20.583+0000] {logging_mixin.py:188} INFO - [2025-01-07T00:19:20.582+0000] {dag.py:3036} INFO - Sync 1 DAGs
[2025-01-07T00:19:20.652+0000] {logging_mixin.py:188} INFO - [2025-01-07T00:19:20.651+0000] {dag.py:3823} INFO - Setting next_dagrun for example_python_decorator to None, run_after=None
[2025-01-07T00:19:20.733+0000] {processor.py:183} INFO - Processing /home/airflow/.local/lib/python3.8/site-packages/airflow/example_dags/example_python_decorator.py took 0.392 seconds
[2025-01-07T00:19:51.617+0000] {processor.py:161} INFO - Started process (PID=8168) to work on /home/airflow/.local/lib/python3.8/site-packages/airflow/example_dags/example_python_decorator.py
[2025-01-07T00:19:51.619+0000] {processor.py:830} INFO - Processing file /home/airflow/.local/lib/python3.8/site-packages/airflow/example_dags/example_python_decorator.py for tasks to queue
[2025-01-07T00:19:51.621+0000] {logging_mixin.py:188} INFO - [2025-01-07T00:19:51.621+0000] {dagbag.py:538} INFO - Filling up the DagBag from /home/airflow/.local/lib/python3.8/site-packages/airflow/example_dags/example_python_decorator.py
[2025-01-07T00:19:51.651+0000] {processor.py:840} INFO - DAG(s) 'example_python_decorator' retrieved from /home/airflow/.local/lib/python3.8/site-packages/airflow/example_dags/example_python_decorator.py
[2025-01-07T00:19:51.711+0000] {logging_mixin.py:188} INFO - [2025-01-07T00:19:51.711+0000] {dag.py:3036} INFO - Sync 1 DAGs
[2025-01-07T00:19:51.740+0000] {logging_mixin.py:188} INFO - [2025-01-07T00:19:51.740+0000] {dag.py:3823} INFO - Setting next_dagrun for example_python_decorator to None, run_after=None
[2025-01-07T00:19:51.780+0000] {processor.py:183} INFO - Processing /home/airflow/.local/lib/python3.8/site-packages/airflow/example_dags/example_python_decorator.py took 0.166 seconds
[2025-01-07T00:20:22.548+0000] {processor.py:161} INFO - Started process (PID=8225) to work on /home/airflow/.local/lib/python3.8/site-packages/airflow/example_dags/example_python_decorator.py
[2025-01-07T00:20:22.550+0000] {processor.py:830} INFO - Processing file /home/airflow/.local/lib/python3.8/site-packages/airflow/example_dags/example_python_decorator.py for tasks to queue
[2025-01-07T00:20:22.553+0000] {logging_mixin.py:188} INFO - [2025-01-07T00:20:22.552+0000] {dagbag.py:538} INFO - Filling up the DagBag from /home/airflow/.local/lib/python3.8/site-packages/airflow/example_dags/example_python_decorator.py
[2025-01-07T00:20:22.574+0000] {processor.py:840} INFO - DAG(s) 'example_python_decorator' retrieved from /home/airflow/.local/lib/python3.8/site-packages/airflow/example_dags/example_python_decorator.py
[2025-01-07T00:20:22.605+0000] {logging_mixin.py:188} INFO - [2025-01-07T00:20:22.605+0000] {dag.py:3036} INFO - Sync 1 DAGs
[2025-01-07T00:20:22.623+0000] {logging_mixin.py:188} INFO - [2025-01-07T00:20:22.623+0000] {dag.py:3823} INFO - Setting next_dagrun for example_python_decorator to None, run_after=None
[2025-01-07T00:20:22.652+0000] {processor.py:183} INFO - Processing /home/airflow/.local/lib/python3.8/site-packages/airflow/example_dags/example_python_decorator.py took 0.108 seconds
[2025-01-07T00:20:53.337+0000] {processor.py:161} INFO - Started process (PID=8283) to work on /home/airflow/.local/lib/python3.8/site-packages/airflow/example_dags/example_python_decorator.py
[2025-01-07T00:20:53.338+0000] {processor.py:830} INFO - Processing file /home/airflow/.local/lib/python3.8/site-packages/airflow/example_dags/example_python_decorator.py for tasks to queue
[2025-01-07T00:20:53.341+0000] {logging_mixin.py:188} INFO - [2025-01-07T00:20:53.341+0000] {dagbag.py:538} INFO - Filling up the DagBag from /home/airflow/.local/lib/python3.8/site-packages/airflow/example_dags/example_python_decorator.py
[2025-01-07T00:20:53.361+0000] {processor.py:840} INFO - DAG(s) 'example_python_decorator' retrieved from /home/airflow/.local/lib/python3.8/site-packages/airflow/example_dags/example_python_decorator.py
[2025-01-07T00:20:53.395+0000] {logging_mixin.py:188} INFO - [2025-01-07T00:20:53.394+0000] {dag.py:3036} INFO - Sync 1 DAGs
[2025-01-07T00:20:53.412+0000] {logging_mixin.py:188} INFO - [2025-01-07T00:20:53.412+0000] {dag.py:3823} INFO - Setting next_dagrun for example_python_decorator to None, run_after=None
[2025-01-07T00:20:53.440+0000] {processor.py:183} INFO - Processing /home/airflow/.local/lib/python3.8/site-packages/airflow/example_dags/example_python_decorator.py took 0.106 seconds
[2025-01-07T00:21:24.214+0000] {processor.py:161} INFO - Started process (PID=8340) to work on /home/airflow/.local/lib/python3.8/site-packages/airflow/example_dags/example_python_decorator.py
[2025-01-07T00:21:24.216+0000] {processor.py:830} INFO - Processing file /home/airflow/.local/lib/python3.8/site-packages/airflow/example_dags/example_python_decorator.py for tasks to queue
[2025-01-07T00:21:24.218+0000] {logging_mixin.py:188} INFO - [2025-01-07T00:21:24.217+0000] {dagbag.py:538} INFO - Filling up the DagBag from /home/airflow/.local/lib/python3.8/site-packages/airflow/example_dags/example_python_decorator.py
[2025-01-07T00:21:24.235+0000] {processor.py:840} INFO - DAG(s) 'example_python_decorator' retrieved from /home/airflow/.local/lib/python3.8/site-packages/airflow/example_dags/example_python_decorator.py
[2025-01-07T00:21:24.261+0000] {logging_mixin.py:188} INFO - [2025-01-07T00:21:24.261+0000] {dag.py:3036} INFO - Sync 1 DAGs
[2025-01-07T00:21:24.283+0000] {logging_mixin.py:188} INFO - [2025-01-07T00:21:24.283+0000] {dag.py:3823} INFO - Setting next_dagrun for example_python_decorator to None, run_after=None
[2025-01-07T00:21:24.309+0000] {processor.py:183} INFO - Processing /home/airflow/.local/lib/python3.8/site-packages/airflow/example_dags/example_python_decorator.py took 0.098 seconds
[2025-01-07T00:21:54.720+0000] {processor.py:161} INFO - Started process (PID=8397) to work on /home/airflow/.local/lib/python3.8/site-packages/airflow/example_dags/example_python_decorator.py
[2025-01-07T00:21:54.722+0000] {processor.py:830} INFO - Processing file /home/airflow/.local/lib/python3.8/site-packages/airflow/example_dags/example_python_decorator.py for tasks to queue
[2025-01-07T00:21:54.725+0000] {logging_mixin.py:188} INFO - [2025-01-07T00:21:54.724+0000] {dagbag.py:538} INFO - Filling up the DagBag from /home/airflow/.local/lib/python3.8/site-packages/airflow/example_dags/example_python_decorator.py
[2025-01-07T00:21:54.743+0000] {processor.py:840} INFO - DAG(s) 'example_python_decorator' retrieved from /home/airflow/.local/lib/python3.8/site-packages/airflow/example_dags/example_python_decorator.py
[2025-01-07T00:21:54.779+0000] {logging_mixin.py:188} INFO - [2025-01-07T00:21:54.778+0000] {dag.py:3036} INFO - Sync 1 DAGs
[2025-01-07T00:21:54.798+0000] {logging_mixin.py:188} INFO - [2025-01-07T00:21:54.798+0000] {dag.py:3823} INFO - Setting next_dagrun for example_python_decorator to None, run_after=None
[2025-01-07T00:21:54.831+0000] {processor.py:183} INFO - Processing /home/airflow/.local/lib/python3.8/site-packages/airflow/example_dags/example_python_decorator.py took 0.115 seconds
[2025-01-07T00:22:25.097+0000] {processor.py:161} INFO - Started process (PID=8454) to work on /home/airflow/.local/lib/python3.8/site-packages/airflow/example_dags/example_python_decorator.py
[2025-01-07T00:22:25.099+0000] {processor.py:830} INFO - Processing file /home/airflow/.local/lib/python3.8/site-packages/airflow/example_dags/example_python_decorator.py for tasks to queue
[2025-01-07T00:22:25.101+0000] {logging_mixin.py:188} INFO - [2025-01-07T00:22:25.101+0000] {dagbag.py:538} INFO - Filling up the DagBag from /home/airflow/.local/lib/python3.8/site-packages/airflow/example_dags/example_python_decorator.py
[2025-01-07T00:22:25.124+0000] {processor.py:840} INFO - DAG(s) 'example_python_decorator' retrieved from /home/airflow/.local/lib/python3.8/site-packages/airflow/example_dags/example_python_decorator.py
[2025-01-07T00:22:25.161+0000] {logging_mixin.py:188} INFO - [2025-01-07T00:22:25.161+0000] {dag.py:3036} INFO - Sync 1 DAGs
[2025-01-07T00:22:25.180+0000] {logging_mixin.py:188} INFO - [2025-01-07T00:22:25.180+0000] {dag.py:3823} INFO - Setting next_dagrun for example_python_decorator to None, run_after=None
[2025-01-07T00:22:25.216+0000] {processor.py:183} INFO - Processing /home/airflow/.local/lib/python3.8/site-packages/airflow/example_dags/example_python_decorator.py took 0.122 seconds
[2025-01-07T00:22:55.469+0000] {processor.py:161} INFO - Started process (PID=8511) to work on /home/airflow/.local/lib/python3.8/site-packages/airflow/example_dags/example_python_decorator.py
[2025-01-07T00:22:55.470+0000] {processor.py:830} INFO - Processing file /home/airflow/.local/lib/python3.8/site-packages/airflow/example_dags/example_python_decorator.py for tasks to queue
[2025-01-07T00:22:55.474+0000] {logging_mixin.py:188} INFO - [2025-01-07T00:22:55.474+0000] {dagbag.py:538} INFO - Filling up the DagBag from /home/airflow/.local/lib/python3.8/site-packages/airflow/example_dags/example_python_decorator.py
[2025-01-07T00:22:55.499+0000] {processor.py:840} INFO - DAG(s) 'example_python_decorator' retrieved from /home/airflow/.local/lib/python3.8/site-packages/airflow/example_dags/example_python_decorator.py
[2025-01-07T00:22:55.536+0000] {logging_mixin.py:188} INFO - [2025-01-07T00:22:55.536+0000] {dag.py:3036} INFO - Sync 1 DAGs
[2025-01-07T00:22:55.553+0000] {logging_mixin.py:188} INFO - [2025-01-07T00:22:55.553+0000] {dag.py:3823} INFO - Setting next_dagrun for example_python_decorator to None, run_after=None
[2025-01-07T00:22:55.582+0000] {processor.py:183} INFO - Processing /home/airflow/.local/lib/python3.8/site-packages/airflow/example_dags/example_python_decorator.py took 0.118 seconds
[2025-01-07T00:23:26.339+0000] {processor.py:161} INFO - Started process (PID=8568) to work on /home/airflow/.local/lib/python3.8/site-packages/airflow/example_dags/example_python_decorator.py
[2025-01-07T00:23:26.340+0000] {processor.py:830} INFO - Processing file /home/airflow/.local/lib/python3.8/site-packages/airflow/example_dags/example_python_decorator.py for tasks to queue
[2025-01-07T00:23:26.344+0000] {logging_mixin.py:188} INFO - [2025-01-07T00:23:26.343+0000] {dagbag.py:538} INFO - Filling up the DagBag from /home/airflow/.local/lib/python3.8/site-packages/airflow/example_dags/example_python_decorator.py
[2025-01-07T00:23:26.368+0000] {processor.py:840} INFO - DAG(s) 'example_python_decorator' retrieved from /home/airflow/.local/lib/python3.8/site-packages/airflow/example_dags/example_python_decorator.py
[2025-01-07T00:23:26.400+0000] {logging_mixin.py:188} INFO - [2025-01-07T00:23:26.399+0000] {dag.py:3036} INFO - Sync 1 DAGs
[2025-01-07T00:23:26.415+0000] {logging_mixin.py:188} INFO - [2025-01-07T00:23:26.415+0000] {dag.py:3823} INFO - Setting next_dagrun for example_python_decorator to None, run_after=None
[2025-01-07T00:23:26.443+0000] {processor.py:183} INFO - Processing /home/airflow/.local/lib/python3.8/site-packages/airflow/example_dags/example_python_decorator.py took 0.109 seconds
[2025-01-07T00:23:57.214+0000] {processor.py:161} INFO - Started process (PID=8625) to work on /home/airflow/.local/lib/python3.8/site-packages/airflow/example_dags/example_python_decorator.py
[2025-01-07T00:23:57.229+0000] {processor.py:830} INFO - Processing file /home/airflow/.local/lib/python3.8/site-packages/airflow/example_dags/example_python_decorator.py for tasks to queue
[2025-01-07T00:23:57.233+0000] {logging_mixin.py:188} INFO - [2025-01-07T00:23:57.232+0000] {dagbag.py:538} INFO - Filling up the DagBag from /home/airflow/.local/lib/python3.8/site-packages/airflow/example_dags/example_python_decorator.py
[2025-01-07T00:23:57.285+0000] {processor.py:840} INFO - DAG(s) 'example_python_decorator' retrieved from /home/airflow/.local/lib/python3.8/site-packages/airflow/example_dags/example_python_decorator.py
[2025-01-07T00:23:57.338+0000] {logging_mixin.py:188} INFO - [2025-01-07T00:23:57.327+0000] {dag.py:3036} INFO - Sync 1 DAGs
[2025-01-07T00:23:57.409+0000] {logging_mixin.py:188} INFO - [2025-01-07T00:23:57.408+0000] {dag.py:3823} INFO - Setting next_dagrun for example_python_decorator to None, run_after=None
[2025-01-07T00:23:57.483+0000] {processor.py:183} INFO - Processing /home/airflow/.local/lib/python3.8/site-packages/airflow/example_dags/example_python_decorator.py took 0.274 seconds
[2025-01-07T00:24:27.893+0000] {processor.py:161} INFO - Started process (PID=8681) to work on /home/airflow/.local/lib/python3.8/site-packages/airflow/example_dags/example_python_decorator.py
[2025-01-07T00:24:27.895+0000] {processor.py:830} INFO - Processing file /home/airflow/.local/lib/python3.8/site-packages/airflow/example_dags/example_python_decorator.py for tasks to queue
[2025-01-07T00:24:27.898+0000] {logging_mixin.py:188} INFO - [2025-01-07T00:24:27.897+0000] {dagbag.py:538} INFO - Filling up the DagBag from /home/airflow/.local/lib/python3.8/site-packages/airflow/example_dags/example_python_decorator.py
[2025-01-07T00:24:27.924+0000] {processor.py:840} INFO - DAG(s) 'example_python_decorator' retrieved from /home/airflow/.local/lib/python3.8/site-packages/airflow/example_dags/example_python_decorator.py
[2025-01-07T00:24:27.959+0000] {logging_mixin.py:188} INFO - [2025-01-07T00:24:27.958+0000] {dag.py:3036} INFO - Sync 1 DAGs
[2025-01-07T00:24:27.980+0000] {logging_mixin.py:188} INFO - [2025-01-07T00:24:27.979+0000] {dag.py:3823} INFO - Setting next_dagrun for example_python_decorator to None, run_after=None
[2025-01-07T00:24:28.017+0000] {processor.py:183} INFO - Processing /home/airflow/.local/lib/python3.8/site-packages/airflow/example_dags/example_python_decorator.py took 0.129 seconds
[2025-01-07T00:24:58.357+0000] {processor.py:161} INFO - Started process (PID=8738) to work on /home/airflow/.local/lib/python3.8/site-packages/airflow/example_dags/example_python_decorator.py
[2025-01-07T00:24:58.358+0000] {processor.py:830} INFO - Processing file /home/airflow/.local/lib/python3.8/site-packages/airflow/example_dags/example_python_decorator.py for tasks to queue
[2025-01-07T00:24:58.362+0000] {logging_mixin.py:188} INFO - [2025-01-07T00:24:58.361+0000] {dagbag.py:538} INFO - Filling up the DagBag from /home/airflow/.local/lib/python3.8/site-packages/airflow/example_dags/example_python_decorator.py
[2025-01-07T00:24:58.386+0000] {processor.py:840} INFO - DAG(s) 'example_python_decorator' retrieved from /home/airflow/.local/lib/python3.8/site-packages/airflow/example_dags/example_python_decorator.py
[2025-01-07T00:24:58.427+0000] {logging_mixin.py:188} INFO - [2025-01-07T00:24:58.427+0000] {dag.py:3036} INFO - Sync 1 DAGs
[2025-01-07T00:24:58.449+0000] {logging_mixin.py:188} INFO - [2025-01-07T00:24:58.448+0000] {dag.py:3823} INFO - Setting next_dagrun for example_python_decorator to None, run_after=None
[2025-01-07T00:24:58.486+0000] {processor.py:183} INFO - Processing /home/airflow/.local/lib/python3.8/site-packages/airflow/example_dags/example_python_decorator.py took 0.136 seconds
