[2025-01-07T00:00:02.665+0000] {processor.py:161} INFO - Started process (PID=5928) to work on /home/airflow/.local/lib/python3.8/site-packages/airflow/example_dags/example_sla_dag.py
[2025-01-07T00:00:02.667+0000] {processor.py:830} INFO - Processing file /home/airflow/.local/lib/python3.8/site-packages/airflow/example_dags/example_sla_dag.py for tasks to queue
[2025-01-07T00:00:02.670+0000] {logging_mixin.py:188} INFO - [2025-01-07T00:00:02.669+0000] {dagbag.py:538} INFO - Filling up the DagBag from /home/airflow/.local/lib/python3.8/site-packages/airflow/example_dags/example_sla_dag.py
[2025-01-07T00:00:02.700+0000] {processor.py:840} INFO - DAG(s) 'example_sla_dag' retrieved from /home/airflow/.local/lib/python3.8/site-packages/airflow/example_dags/example_sla_dag.py
[2025-01-07T00:00:02.760+0000] {logging_mixin.py:188} INFO - [2025-01-07T00:00:02.759+0000] {dag.py:3036} INFO - Sync 1 DAGs
[2025-01-07T00:00:02.854+0000] {logging_mixin.py:188} INFO - [2025-01-07T00:00:02.854+0000] {dag.py:3823} INFO - Setting next_dagrun for example_sla_dag to 2025-01-06 23:58:00+00:00, run_after=2025-01-07 00:00:00+00:00
[2025-01-07T00:00:02.905+0000] {processor.py:183} INFO - Processing /home/airflow/.local/lib/python3.8/site-packages/airflow/example_dags/example_sla_dag.py took 0.245 seconds
[2025-01-07T00:00:35.244+0000] {processor.py:161} INFO - Started process (PID=5995) to work on /home/airflow/.local/lib/python3.8/site-packages/airflow/example_dags/example_sla_dag.py
[2025-01-07T00:00:35.246+0000] {processor.py:830} INFO - Processing file /home/airflow/.local/lib/python3.8/site-packages/airflow/example_dags/example_sla_dag.py for tasks to queue
[2025-01-07T00:00:35.249+0000] {logging_mixin.py:188} INFO - [2025-01-07T00:00:35.249+0000] {dagbag.py:538} INFO - Filling up the DagBag from /home/airflow/.local/lib/python3.8/site-packages/airflow/example_dags/example_sla_dag.py
[2025-01-07T00:00:35.266+0000] {processor.py:840} INFO - DAG(s) 'example_sla_dag' retrieved from /home/airflow/.local/lib/python3.8/site-packages/airflow/example_dags/example_sla_dag.py
[2025-01-07T00:00:35.302+0000] {logging_mixin.py:188} INFO - [2025-01-07T00:00:35.301+0000] {dag.py:3036} INFO - Sync 1 DAGs
[2025-01-07T00:00:35.368+0000] {logging_mixin.py:188} INFO - [2025-01-07T00:00:35.368+0000] {dag.py:3823} INFO - Setting next_dagrun for example_sla_dag to 2025-01-06 23:58:00+00:00, run_after=2025-01-07 00:00:00+00:00
[2025-01-07T00:00:35.405+0000] {processor.py:183} INFO - Processing /home/airflow/.local/lib/python3.8/site-packages/airflow/example_dags/example_sla_dag.py took 0.165 seconds
[2025-01-07T00:01:05.797+0000] {processor.py:161} INFO - Started process (PID=6053) to work on /home/airflow/.local/lib/python3.8/site-packages/airflow/example_dags/example_sla_dag.py
[2025-01-07T00:01:05.799+0000] {processor.py:830} INFO - Processing file /home/airflow/.local/lib/python3.8/site-packages/airflow/example_dags/example_sla_dag.py for tasks to queue
[2025-01-07T00:01:05.803+0000] {logging_mixin.py:188} INFO - [2025-01-07T00:01:05.802+0000] {dagbag.py:538} INFO - Filling up the DagBag from /home/airflow/.local/lib/python3.8/site-packages/airflow/example_dags/example_sla_dag.py
[2025-01-07T00:01:05.816+0000] {processor.py:840} INFO - DAG(s) 'example_sla_dag' retrieved from /home/airflow/.local/lib/python3.8/site-packages/airflow/example_dags/example_sla_dag.py
[2025-01-07T00:01:05.844+0000] {logging_mixin.py:188} INFO - [2025-01-07T00:01:05.844+0000] {dag.py:3036} INFO - Sync 1 DAGs
[2025-01-07T00:01:05.879+0000] {logging_mixin.py:188} INFO - [2025-01-07T00:01:05.879+0000] {dag.py:3823} INFO - Setting next_dagrun for example_sla_dag to 2025-01-06 23:58:00+00:00, run_after=2025-01-07 00:00:00+00:00
[2025-01-07T00:01:05.907+0000] {processor.py:183} INFO - Processing /home/airflow/.local/lib/python3.8/site-packages/airflow/example_dags/example_sla_dag.py took 0.114 seconds
[2025-01-07T00:01:36.212+0000] {processor.py:161} INFO - Started process (PID=6110) to work on /home/airflow/.local/lib/python3.8/site-packages/airflow/example_dags/example_sla_dag.py
[2025-01-07T00:01:36.214+0000] {processor.py:830} INFO - Processing file /home/airflow/.local/lib/python3.8/site-packages/airflow/example_dags/example_sla_dag.py for tasks to queue
[2025-01-07T00:01:36.217+0000] {logging_mixin.py:188} INFO - [2025-01-07T00:01:36.217+0000] {dagbag.py:538} INFO - Filling up the DagBag from /home/airflow/.local/lib/python3.8/site-packages/airflow/example_dags/example_sla_dag.py
[2025-01-07T00:01:36.229+0000] {processor.py:840} INFO - DAG(s) 'example_sla_dag' retrieved from /home/airflow/.local/lib/python3.8/site-packages/airflow/example_dags/example_sla_dag.py
[2025-01-07T00:01:36.256+0000] {logging_mixin.py:188} INFO - [2025-01-07T00:01:36.255+0000] {dag.py:3036} INFO - Sync 1 DAGs
[2025-01-07T00:01:36.293+0000] {logging_mixin.py:188} INFO - [2025-01-07T00:01:36.292+0000] {dag.py:3823} INFO - Setting next_dagrun for example_sla_dag to 2025-01-06 23:58:00+00:00, run_after=2025-01-07 00:00:00+00:00
[2025-01-07T00:01:36.319+0000] {processor.py:183} INFO - Processing /home/airflow/.local/lib/python3.8/site-packages/airflow/example_dags/example_sla_dag.py took 0.113 seconds
[2025-01-07T00:02:06.676+0000] {processor.py:161} INFO - Started process (PID=6164) to work on /home/airflow/.local/lib/python3.8/site-packages/airflow/example_dags/example_sla_dag.py
[2025-01-07T00:02:06.680+0000] {processor.py:830} INFO - Processing file /home/airflow/.local/lib/python3.8/site-packages/airflow/example_dags/example_sla_dag.py for tasks to queue
[2025-01-07T00:02:06.689+0000] {logging_mixin.py:188} INFO - [2025-01-07T00:02:06.689+0000] {dagbag.py:538} INFO - Filling up the DagBag from /home/airflow/.local/lib/python3.8/site-packages/airflow/example_dags/example_sla_dag.py
[2025-01-07T00:02:06.720+0000] {processor.py:840} INFO - DAG(s) 'example_sla_dag' retrieved from /home/airflow/.local/lib/python3.8/site-packages/airflow/example_dags/example_sla_dag.py
[2025-01-07T00:02:06.769+0000] {logging_mixin.py:188} INFO - [2025-01-07T00:02:06.768+0000] {dag.py:3036} INFO - Sync 1 DAGs
[2025-01-07T00:02:06.884+0000] {logging_mixin.py:188} INFO - [2025-01-07T00:02:06.881+0000] {dag.py:3823} INFO - Setting next_dagrun for example_sla_dag to 2025-01-07 00:00:00+00:00, run_after=2025-01-07 00:02:00+00:00
[2025-01-07T00:02:06.933+0000] {processor.py:183} INFO - Processing /home/airflow/.local/lib/python3.8/site-packages/airflow/example_dags/example_sla_dag.py took 0.263 seconds
[2025-01-07T00:02:37.886+0000] {processor.py:161} INFO - Started process (PID=6228) to work on /home/airflow/.local/lib/python3.8/site-packages/airflow/example_dags/example_sla_dag.py
[2025-01-07T00:02:37.894+0000] {processor.py:830} INFO - Processing file /home/airflow/.local/lib/python3.8/site-packages/airflow/example_dags/example_sla_dag.py for tasks to queue
[2025-01-07T00:02:37.898+0000] {logging_mixin.py:188} INFO - [2025-01-07T00:02:37.897+0000] {dagbag.py:538} INFO - Filling up the DagBag from /home/airflow/.local/lib/python3.8/site-packages/airflow/example_dags/example_sla_dag.py
[2025-01-07T00:02:37.925+0000] {processor.py:840} INFO - DAG(s) 'example_sla_dag' retrieved from /home/airflow/.local/lib/python3.8/site-packages/airflow/example_dags/example_sla_dag.py
[2025-01-07T00:02:37.996+0000] {logging_mixin.py:188} INFO - [2025-01-07T00:02:37.995+0000] {dag.py:3036} INFO - Sync 1 DAGs
[2025-01-07T00:02:38.090+0000] {logging_mixin.py:188} INFO - [2025-01-07T00:02:38.089+0000] {dag.py:3823} INFO - Setting next_dagrun for example_sla_dag to 2025-01-07 00:00:00+00:00, run_after=2025-01-07 00:02:00+00:00
[2025-01-07T00:02:38.196+0000] {processor.py:183} INFO - Processing /home/airflow/.local/lib/python3.8/site-packages/airflow/example_dags/example_sla_dag.py took 0.322 seconds
[2025-01-07T00:03:08.749+0000] {processor.py:161} INFO - Started process (PID=6285) to work on /home/airflow/.local/lib/python3.8/site-packages/airflow/example_dags/example_sla_dag.py
[2025-01-07T00:03:08.751+0000] {processor.py:830} INFO - Processing file /home/airflow/.local/lib/python3.8/site-packages/airflow/example_dags/example_sla_dag.py for tasks to queue
[2025-01-07T00:03:08.754+0000] {logging_mixin.py:188} INFO - [2025-01-07T00:03:08.753+0000] {dagbag.py:538} INFO - Filling up the DagBag from /home/airflow/.local/lib/python3.8/site-packages/airflow/example_dags/example_sla_dag.py
[2025-01-07T00:03:08.770+0000] {processor.py:840} INFO - DAG(s) 'example_sla_dag' retrieved from /home/airflow/.local/lib/python3.8/site-packages/airflow/example_dags/example_sla_dag.py
[2025-01-07T00:03:08.809+0000] {logging_mixin.py:188} INFO - [2025-01-07T00:03:08.808+0000] {dag.py:3036} INFO - Sync 1 DAGs
[2025-01-07T00:03:08.862+0000] {logging_mixin.py:188} INFO - [2025-01-07T00:03:08.862+0000] {dag.py:3823} INFO - Setting next_dagrun for example_sla_dag to 2025-01-07 00:00:00+00:00, run_after=2025-01-07 00:02:00+00:00
[2025-01-07T00:03:08.895+0000] {processor.py:183} INFO - Processing /home/airflow/.local/lib/python3.8/site-packages/airflow/example_dags/example_sla_dag.py took 0.150 seconds
[2025-01-07T00:03:39.029+0000] {processor.py:161} INFO - Started process (PID=6342) to work on /home/airflow/.local/lib/python3.8/site-packages/airflow/example_dags/example_sla_dag.py
[2025-01-07T00:03:39.039+0000] {processor.py:830} INFO - Processing file /home/airflow/.local/lib/python3.8/site-packages/airflow/example_dags/example_sla_dag.py for tasks to queue
[2025-01-07T00:03:39.043+0000] {logging_mixin.py:188} INFO - [2025-01-07T00:03:39.042+0000] {dagbag.py:538} INFO - Filling up the DagBag from /home/airflow/.local/lib/python3.8/site-packages/airflow/example_dags/example_sla_dag.py
[2025-01-07T00:03:39.058+0000] {processor.py:840} INFO - DAG(s) 'example_sla_dag' retrieved from /home/airflow/.local/lib/python3.8/site-packages/airflow/example_dags/example_sla_dag.py
[2025-01-07T00:03:39.085+0000] {logging_mixin.py:188} INFO - [2025-01-07T00:03:39.085+0000] {dag.py:3036} INFO - Sync 1 DAGs
[2025-01-07T00:03:39.132+0000] {logging_mixin.py:188} INFO - [2025-01-07T00:03:39.132+0000] {dag.py:3823} INFO - Setting next_dagrun for example_sla_dag to 2025-01-07 00:00:00+00:00, run_after=2025-01-07 00:02:00+00:00
[2025-01-07T00:03:39.160+0000] {processor.py:183} INFO - Processing /home/airflow/.local/lib/python3.8/site-packages/airflow/example_dags/example_sla_dag.py took 0.135 seconds
[2025-01-07T00:04:09.376+0000] {processor.py:161} INFO - Started process (PID=6399) to work on /home/airflow/.local/lib/python3.8/site-packages/airflow/example_dags/example_sla_dag.py
[2025-01-07T00:04:09.379+0000] {processor.py:830} INFO - Processing file /home/airflow/.local/lib/python3.8/site-packages/airflow/example_dags/example_sla_dag.py for tasks to queue
[2025-01-07T00:04:09.383+0000] {logging_mixin.py:188} INFO - [2025-01-07T00:04:09.383+0000] {dagbag.py:538} INFO - Filling up the DagBag from /home/airflow/.local/lib/python3.8/site-packages/airflow/example_dags/example_sla_dag.py
[2025-01-07T00:04:09.402+0000] {processor.py:840} INFO - DAG(s) 'example_sla_dag' retrieved from /home/airflow/.local/lib/python3.8/site-packages/airflow/example_dags/example_sla_dag.py
[2025-01-07T00:04:09.431+0000] {logging_mixin.py:188} INFO - [2025-01-07T00:04:09.430+0000] {dag.py:3036} INFO - Sync 1 DAGs
[2025-01-07T00:04:09.471+0000] {logging_mixin.py:188} INFO - [2025-01-07T00:04:09.470+0000] {dag.py:3823} INFO - Setting next_dagrun for example_sla_dag to 2025-01-07 00:02:00+00:00, run_after=2025-01-07 00:04:00+00:00
[2025-01-07T00:04:09.505+0000] {processor.py:183} INFO - Processing /home/airflow/.local/lib/python3.8/site-packages/airflow/example_dags/example_sla_dag.py took 0.134 seconds
[2025-01-07T00:04:39.857+0000] {processor.py:161} INFO - Started process (PID=6456) to work on /home/airflow/.local/lib/python3.8/site-packages/airflow/example_dags/example_sla_dag.py
[2025-01-07T00:04:39.859+0000] {processor.py:830} INFO - Processing file /home/airflow/.local/lib/python3.8/site-packages/airflow/example_dags/example_sla_dag.py for tasks to queue
[2025-01-07T00:04:39.861+0000] {logging_mixin.py:188} INFO - [2025-01-07T00:04:39.861+0000] {dagbag.py:538} INFO - Filling up the DagBag from /home/airflow/.local/lib/python3.8/site-packages/airflow/example_dags/example_sla_dag.py
[2025-01-07T00:04:39.874+0000] {processor.py:840} INFO - DAG(s) 'example_sla_dag' retrieved from /home/airflow/.local/lib/python3.8/site-packages/airflow/example_dags/example_sla_dag.py
[2025-01-07T00:04:39.901+0000] {logging_mixin.py:188} INFO - [2025-01-07T00:04:39.900+0000] {dag.py:3036} INFO - Sync 1 DAGs
[2025-01-07T00:04:39.938+0000] {logging_mixin.py:188} INFO - [2025-01-07T00:04:39.938+0000] {dag.py:3823} INFO - Setting next_dagrun for example_sla_dag to 2025-01-07 00:02:00+00:00, run_after=2025-01-07 00:04:00+00:00
[2025-01-07T00:04:39.977+0000] {processor.py:183} INFO - Processing /home/airflow/.local/lib/python3.8/site-packages/airflow/example_dags/example_sla_dag.py took 0.124 seconds
[2025-01-07T00:05:10.906+0000] {processor.py:161} INFO - Started process (PID=6513) to work on /home/airflow/.local/lib/python3.8/site-packages/airflow/example_dags/example_sla_dag.py
[2025-01-07T00:05:10.908+0000] {processor.py:830} INFO - Processing file /home/airflow/.local/lib/python3.8/site-packages/airflow/example_dags/example_sla_dag.py for tasks to queue
[2025-01-07T00:05:10.912+0000] {logging_mixin.py:188} INFO - [2025-01-07T00:05:10.911+0000] {dagbag.py:538} INFO - Filling up the DagBag from /home/airflow/.local/lib/python3.8/site-packages/airflow/example_dags/example_sla_dag.py
[2025-01-07T00:05:10.925+0000] {processor.py:840} INFO - DAG(s) 'example_sla_dag' retrieved from /home/airflow/.local/lib/python3.8/site-packages/airflow/example_dags/example_sla_dag.py
[2025-01-07T00:05:10.959+0000] {logging_mixin.py:188} INFO - [2025-01-07T00:05:10.959+0000] {dag.py:3036} INFO - Sync 1 DAGs
[2025-01-07T00:05:11.010+0000] {logging_mixin.py:188} INFO - [2025-01-07T00:05:11.010+0000] {dag.py:3823} INFO - Setting next_dagrun for example_sla_dag to 2025-01-07 00:02:00+00:00, run_after=2025-01-07 00:04:00+00:00
[2025-01-07T00:05:11.046+0000] {processor.py:183} INFO - Processing /home/airflow/.local/lib/python3.8/site-packages/airflow/example_dags/example_sla_dag.py took 0.145 seconds
[2025-01-07T00:05:41.508+0000] {processor.py:161} INFO - Started process (PID=6570) to work on /home/airflow/.local/lib/python3.8/site-packages/airflow/example_dags/example_sla_dag.py
[2025-01-07T00:05:41.510+0000] {processor.py:830} INFO - Processing file /home/airflow/.local/lib/python3.8/site-packages/airflow/example_dags/example_sla_dag.py for tasks to queue
[2025-01-07T00:05:41.514+0000] {logging_mixin.py:188} INFO - [2025-01-07T00:05:41.513+0000] {dagbag.py:538} INFO - Filling up the DagBag from /home/airflow/.local/lib/python3.8/site-packages/airflow/example_dags/example_sla_dag.py
[2025-01-07T00:05:41.543+0000] {processor.py:840} INFO - DAG(s) 'example_sla_dag' retrieved from /home/airflow/.local/lib/python3.8/site-packages/airflow/example_dags/example_sla_dag.py
[2025-01-07T00:05:41.613+0000] {logging_mixin.py:188} INFO - [2025-01-07T00:05:41.613+0000] {dag.py:3036} INFO - Sync 1 DAGs
[2025-01-07T00:05:41.708+0000] {logging_mixin.py:188} INFO - [2025-01-07T00:05:41.708+0000] {dag.py:3823} INFO - Setting next_dagrun for example_sla_dag to 2025-01-07 00:02:00+00:00, run_after=2025-01-07 00:04:00+00:00
[2025-01-07T00:05:41.769+0000] {processor.py:183} INFO - Processing /home/airflow/.local/lib/python3.8/site-packages/airflow/example_dags/example_sla_dag.py took 0.271 seconds
[2025-01-07T00:06:12.359+0000] {processor.py:161} INFO - Started process (PID=6627) to work on /home/airflow/.local/lib/python3.8/site-packages/airflow/example_dags/example_sla_dag.py
[2025-01-07T00:06:12.361+0000] {processor.py:830} INFO - Processing file /home/airflow/.local/lib/python3.8/site-packages/airflow/example_dags/example_sla_dag.py for tasks to queue
[2025-01-07T00:06:12.364+0000] {logging_mixin.py:188} INFO - [2025-01-07T00:06:12.363+0000] {dagbag.py:538} INFO - Filling up the DagBag from /home/airflow/.local/lib/python3.8/site-packages/airflow/example_dags/example_sla_dag.py
[2025-01-07T00:06:12.379+0000] {processor.py:840} INFO - DAG(s) 'example_sla_dag' retrieved from /home/airflow/.local/lib/python3.8/site-packages/airflow/example_dags/example_sla_dag.py
[2025-01-07T00:06:12.408+0000] {logging_mixin.py:188} INFO - [2025-01-07T00:06:12.407+0000] {dag.py:3036} INFO - Sync 1 DAGs
[2025-01-07T00:06:12.458+0000] {logging_mixin.py:188} INFO - [2025-01-07T00:06:12.458+0000] {dag.py:3823} INFO - Setting next_dagrun for example_sla_dag to 2025-01-07 00:04:00+00:00, run_after=2025-01-07 00:06:00+00:00
[2025-01-07T00:06:12.492+0000] {processor.py:183} INFO - Processing /home/airflow/.local/lib/python3.8/site-packages/airflow/example_dags/example_sla_dag.py took 0.138 seconds
[2025-01-07T00:06:42.912+0000] {processor.py:161} INFO - Started process (PID=6688) to work on /home/airflow/.local/lib/python3.8/site-packages/airflow/example_dags/example_sla_dag.py
[2025-01-07T00:06:42.914+0000] {processor.py:830} INFO - Processing file /home/airflow/.local/lib/python3.8/site-packages/airflow/example_dags/example_sla_dag.py for tasks to queue
[2025-01-07T00:06:42.916+0000] {logging_mixin.py:188} INFO - [2025-01-07T00:06:42.916+0000] {dagbag.py:538} INFO - Filling up the DagBag from /home/airflow/.local/lib/python3.8/site-packages/airflow/example_dags/example_sla_dag.py
[2025-01-07T00:06:42.929+0000] {processor.py:840} INFO - DAG(s) 'example_sla_dag' retrieved from /home/airflow/.local/lib/python3.8/site-packages/airflow/example_dags/example_sla_dag.py
[2025-01-07T00:06:42.965+0000] {logging_mixin.py:188} INFO - [2025-01-07T00:06:42.965+0000] {dag.py:3036} INFO - Sync 1 DAGs
[2025-01-07T00:06:43.037+0000] {logging_mixin.py:188} INFO - [2025-01-07T00:06:43.037+0000] {dag.py:3823} INFO - Setting next_dagrun for example_sla_dag to 2025-01-07 00:04:00+00:00, run_after=2025-01-07 00:06:00+00:00
[2025-01-07T00:06:43.089+0000] {processor.py:183} INFO - Processing /home/airflow/.local/lib/python3.8/site-packages/airflow/example_dags/example_sla_dag.py took 0.182 seconds
[2025-01-07T00:07:13.711+0000] {processor.py:161} INFO - Started process (PID=6750) to work on /home/airflow/.local/lib/python3.8/site-packages/airflow/example_dags/example_sla_dag.py
[2025-01-07T00:07:13.713+0000] {processor.py:830} INFO - Processing file /home/airflow/.local/lib/python3.8/site-packages/airflow/example_dags/example_sla_dag.py for tasks to queue
[2025-01-07T00:07:13.715+0000] {logging_mixin.py:188} INFO - [2025-01-07T00:07:13.715+0000] {dagbag.py:538} INFO - Filling up the DagBag from /home/airflow/.local/lib/python3.8/site-packages/airflow/example_dags/example_sla_dag.py
[2025-01-07T00:07:13.728+0000] {processor.py:840} INFO - DAG(s) 'example_sla_dag' retrieved from /home/airflow/.local/lib/python3.8/site-packages/airflow/example_dags/example_sla_dag.py
[2025-01-07T00:07:13.770+0000] {logging_mixin.py:188} INFO - [2025-01-07T00:07:13.770+0000] {dag.py:3036} INFO - Sync 1 DAGs
[2025-01-07T00:07:13.822+0000] {logging_mixin.py:188} INFO - [2025-01-07T00:07:13.822+0000] {dag.py:3823} INFO - Setting next_dagrun for example_sla_dag to 2025-01-07 00:04:00+00:00, run_after=2025-01-07 00:06:00+00:00
[2025-01-07T00:07:13.850+0000] {processor.py:183} INFO - Processing /home/airflow/.local/lib/python3.8/site-packages/airflow/example_dags/example_sla_dag.py took 0.145 seconds
[2025-01-07T00:07:44.016+0000] {processor.py:161} INFO - Started process (PID=6806) to work on /home/airflow/.local/lib/python3.8/site-packages/airflow/example_dags/example_sla_dag.py
[2025-01-07T00:07:44.018+0000] {processor.py:830} INFO - Processing file /home/airflow/.local/lib/python3.8/site-packages/airflow/example_dags/example_sla_dag.py for tasks to queue
[2025-01-07T00:07:44.021+0000] {logging_mixin.py:188} INFO - [2025-01-07T00:07:44.021+0000] {dagbag.py:538} INFO - Filling up the DagBag from /home/airflow/.local/lib/python3.8/site-packages/airflow/example_dags/example_sla_dag.py
[2025-01-07T00:07:44.037+0000] {processor.py:840} INFO - DAG(s) 'example_sla_dag' retrieved from /home/airflow/.local/lib/python3.8/site-packages/airflow/example_dags/example_sla_dag.py
[2025-01-07T00:07:44.069+0000] {logging_mixin.py:188} INFO - [2025-01-07T00:07:44.068+0000] {dag.py:3036} INFO - Sync 1 DAGs
[2025-01-07T00:07:44.104+0000] {logging_mixin.py:188} INFO - [2025-01-07T00:07:44.104+0000] {dag.py:3823} INFO - Setting next_dagrun for example_sla_dag to 2025-01-07 00:04:00+00:00, run_after=2025-01-07 00:06:00+00:00
[2025-01-07T00:07:44.129+0000] {processor.py:183} INFO - Processing /home/airflow/.local/lib/python3.8/site-packages/airflow/example_dags/example_sla_dag.py took 0.117 seconds
[2025-01-07T00:08:14.854+0000] {processor.py:161} INFO - Started process (PID=6871) to work on /home/airflow/.local/lib/python3.8/site-packages/airflow/example_dags/example_sla_dag.py
[2025-01-07T00:08:14.855+0000] {processor.py:830} INFO - Processing file /home/airflow/.local/lib/python3.8/site-packages/airflow/example_dags/example_sla_dag.py for tasks to queue
[2025-01-07T00:08:14.858+0000] {logging_mixin.py:188} INFO - [2025-01-07T00:08:14.858+0000] {dagbag.py:538} INFO - Filling up the DagBag from /home/airflow/.local/lib/python3.8/site-packages/airflow/example_dags/example_sla_dag.py
[2025-01-07T00:08:14.873+0000] {processor.py:840} INFO - DAG(s) 'example_sla_dag' retrieved from /home/airflow/.local/lib/python3.8/site-packages/airflow/example_dags/example_sla_dag.py
[2025-01-07T00:08:14.917+0000] {logging_mixin.py:188} INFO - [2025-01-07T00:08:14.917+0000] {dag.py:3036} INFO - Sync 1 DAGs
[2025-01-07T00:08:14.964+0000] {logging_mixin.py:188} INFO - [2025-01-07T00:08:14.964+0000] {dag.py:3823} INFO - Setting next_dagrun for example_sla_dag to 2025-01-07 00:06:00+00:00, run_after=2025-01-07 00:08:00+00:00
[2025-01-07T00:08:15.000+0000] {processor.py:183} INFO - Processing /home/airflow/.local/lib/python3.8/site-packages/airflow/example_dags/example_sla_dag.py took 0.151 seconds
[2025-01-07T00:08:46.376+0000] {processor.py:161} INFO - Started process (PID=6932) to work on /home/airflow/.local/lib/python3.8/site-packages/airflow/example_dags/example_sla_dag.py
[2025-01-07T00:08:46.378+0000] {processor.py:830} INFO - Processing file /home/airflow/.local/lib/python3.8/site-packages/airflow/example_dags/example_sla_dag.py for tasks to queue
[2025-01-07T00:08:46.383+0000] {logging_mixin.py:188} INFO - [2025-01-07T00:08:46.382+0000] {dagbag.py:538} INFO - Filling up the DagBag from /home/airflow/.local/lib/python3.8/site-packages/airflow/example_dags/example_sla_dag.py
[2025-01-07T00:08:46.435+0000] {processor.py:840} INFO - DAG(s) 'example_sla_dag' retrieved from /home/airflow/.local/lib/python3.8/site-packages/airflow/example_dags/example_sla_dag.py
[2025-01-07T00:08:46.608+0000] {logging_mixin.py:188} INFO - [2025-01-07T00:08:46.608+0000] {dag.py:3036} INFO - Sync 1 DAGs
[2025-01-07T00:08:46.869+0000] {logging_mixin.py:188} INFO - [2025-01-07T00:08:46.868+0000] {dag.py:3823} INFO - Setting next_dagrun for example_sla_dag to 2025-01-07 00:06:00+00:00, run_after=2025-01-07 00:08:00+00:00
[2025-01-07T00:08:47.023+0000] {processor.py:183} INFO - Processing /home/airflow/.local/lib/python3.8/site-packages/airflow/example_dags/example_sla_dag.py took 0.663 seconds
[2025-01-07T00:09:17.375+0000] {processor.py:161} INFO - Started process (PID=6994) to work on /home/airflow/.local/lib/python3.8/site-packages/airflow/example_dags/example_sla_dag.py
[2025-01-07T00:09:17.377+0000] {processor.py:830} INFO - Processing file /home/airflow/.local/lib/python3.8/site-packages/airflow/example_dags/example_sla_dag.py for tasks to queue
[2025-01-07T00:09:17.379+0000] {logging_mixin.py:188} INFO - [2025-01-07T00:09:17.379+0000] {dagbag.py:538} INFO - Filling up the DagBag from /home/airflow/.local/lib/python3.8/site-packages/airflow/example_dags/example_sla_dag.py
[2025-01-07T00:09:17.400+0000] {processor.py:840} INFO - DAG(s) 'example_sla_dag' retrieved from /home/airflow/.local/lib/python3.8/site-packages/airflow/example_dags/example_sla_dag.py
[2025-01-07T00:09:17.441+0000] {logging_mixin.py:188} INFO - [2025-01-07T00:09:17.441+0000] {dag.py:3036} INFO - Sync 1 DAGs
[2025-01-07T00:09:17.497+0000] {logging_mixin.py:188} INFO - [2025-01-07T00:09:17.497+0000] {dag.py:3823} INFO - Setting next_dagrun for example_sla_dag to 2025-01-07 00:06:00+00:00, run_after=2025-01-07 00:08:00+00:00
[2025-01-07T00:09:17.537+0000] {processor.py:183} INFO - Processing /home/airflow/.local/lib/python3.8/site-packages/airflow/example_dags/example_sla_dag.py took 0.169 seconds
[2025-01-07T00:09:48.053+0000] {processor.py:161} INFO - Started process (PID=7052) to work on /home/airflow/.local/lib/python3.8/site-packages/airflow/example_dags/example_sla_dag.py
[2025-01-07T00:09:48.054+0000] {processor.py:830} INFO - Processing file /home/airflow/.local/lib/python3.8/site-packages/airflow/example_dags/example_sla_dag.py for tasks to queue
[2025-01-07T00:09:48.056+0000] {logging_mixin.py:188} INFO - [2025-01-07T00:09:48.056+0000] {dagbag.py:538} INFO - Filling up the DagBag from /home/airflow/.local/lib/python3.8/site-packages/airflow/example_dags/example_sla_dag.py
[2025-01-07T00:09:48.075+0000] {processor.py:840} INFO - DAG(s) 'example_sla_dag' retrieved from /home/airflow/.local/lib/python3.8/site-packages/airflow/example_dags/example_sla_dag.py
[2025-01-07T00:09:48.110+0000] {logging_mixin.py:188} INFO - [2025-01-07T00:09:48.109+0000] {dag.py:3036} INFO - Sync 1 DAGs
[2025-01-07T00:09:48.155+0000] {logging_mixin.py:188} INFO - [2025-01-07T00:09:48.154+0000] {dag.py:3823} INFO - Setting next_dagrun for example_sla_dag to 2025-01-07 00:06:00+00:00, run_after=2025-01-07 00:08:00+00:00
[2025-01-07T00:09:48.186+0000] {processor.py:183} INFO - Processing /home/airflow/.local/lib/python3.8/site-packages/airflow/example_dags/example_sla_dag.py took 0.137 seconds
[2025-01-07T00:10:18.384+0000] {processor.py:161} INFO - Started process (PID=7109) to work on /home/airflow/.local/lib/python3.8/site-packages/airflow/example_dags/example_sla_dag.py
[2025-01-07T00:10:18.385+0000] {processor.py:830} INFO - Processing file /home/airflow/.local/lib/python3.8/site-packages/airflow/example_dags/example_sla_dag.py for tasks to queue
[2025-01-07T00:10:18.388+0000] {logging_mixin.py:188} INFO - [2025-01-07T00:10:18.387+0000] {dagbag.py:538} INFO - Filling up the DagBag from /home/airflow/.local/lib/python3.8/site-packages/airflow/example_dags/example_sla_dag.py
[2025-01-07T00:10:18.406+0000] {processor.py:840} INFO - DAG(s) 'example_sla_dag' retrieved from /home/airflow/.local/lib/python3.8/site-packages/airflow/example_dags/example_sla_dag.py
[2025-01-07T00:10:18.438+0000] {logging_mixin.py:188} INFO - [2025-01-07T00:10:18.438+0000] {dag.py:3036} INFO - Sync 1 DAGs
[2025-01-07T00:10:18.484+0000] {logging_mixin.py:188} INFO - [2025-01-07T00:10:18.484+0000] {dag.py:3823} INFO - Setting next_dagrun for example_sla_dag to 2025-01-07 00:08:00+00:00, run_after=2025-01-07 00:10:00+00:00
[2025-01-07T00:10:18.514+0000] {processor.py:183} INFO - Processing /home/airflow/.local/lib/python3.8/site-packages/airflow/example_dags/example_sla_dag.py took 0.135 seconds
[2025-01-07T00:10:48.864+0000] {processor.py:161} INFO - Started process (PID=7166) to work on /home/airflow/.local/lib/python3.8/site-packages/airflow/example_dags/example_sla_dag.py
[2025-01-07T00:10:48.866+0000] {processor.py:830} INFO - Processing file /home/airflow/.local/lib/python3.8/site-packages/airflow/example_dags/example_sla_dag.py for tasks to queue
[2025-01-07T00:10:48.868+0000] {logging_mixin.py:188} INFO - [2025-01-07T00:10:48.868+0000] {dagbag.py:538} INFO - Filling up the DagBag from /home/airflow/.local/lib/python3.8/site-packages/airflow/example_dags/example_sla_dag.py
[2025-01-07T00:10:48.882+0000] {processor.py:840} INFO - DAG(s) 'example_sla_dag' retrieved from /home/airflow/.local/lib/python3.8/site-packages/airflow/example_dags/example_sla_dag.py
[2025-01-07T00:10:48.908+0000] {logging_mixin.py:188} INFO - [2025-01-07T00:10:48.908+0000] {dag.py:3036} INFO - Sync 1 DAGs
[2025-01-07T00:10:48.948+0000] {logging_mixin.py:188} INFO - [2025-01-07T00:10:48.947+0000] {dag.py:3823} INFO - Setting next_dagrun for example_sla_dag to 2025-01-07 00:08:00+00:00, run_after=2025-01-07 00:10:00+00:00
[2025-01-07T00:10:48.976+0000] {processor.py:183} INFO - Processing /home/airflow/.local/lib/python3.8/site-packages/airflow/example_dags/example_sla_dag.py took 0.117 seconds
[2025-01-07T00:11:19.502+0000] {processor.py:161} INFO - Started process (PID=7223) to work on /home/airflow/.local/lib/python3.8/site-packages/airflow/example_dags/example_sla_dag.py
[2025-01-07T00:11:19.513+0000] {processor.py:830} INFO - Processing file /home/airflow/.local/lib/python3.8/site-packages/airflow/example_dags/example_sla_dag.py for tasks to queue
[2025-01-07T00:11:19.516+0000] {logging_mixin.py:188} INFO - [2025-01-07T00:11:19.515+0000] {dagbag.py:538} INFO - Filling up the DagBag from /home/airflow/.local/lib/python3.8/site-packages/airflow/example_dags/example_sla_dag.py
[2025-01-07T00:11:19.552+0000] {processor.py:840} INFO - DAG(s) 'example_sla_dag' retrieved from /home/airflow/.local/lib/python3.8/site-packages/airflow/example_dags/example_sla_dag.py
[2025-01-07T00:11:19.660+0000] {logging_mixin.py:188} INFO - [2025-01-07T00:11:19.660+0000] {dag.py:3036} INFO - Sync 1 DAGs
[2025-01-07T00:11:19.800+0000] {logging_mixin.py:188} INFO - [2025-01-07T00:11:19.790+0000] {dag.py:3823} INFO - Setting next_dagrun for example_sla_dag to 2025-01-07 00:08:00+00:00, run_after=2025-01-07 00:10:00+00:00
[2025-01-07T00:11:19.933+0000] {processor.py:183} INFO - Processing /home/airflow/.local/lib/python3.8/site-packages/airflow/example_dags/example_sla_dag.py took 0.432 seconds
[2025-01-07T00:11:50.116+0000] {processor.py:161} INFO - Started process (PID=7279) to work on /home/airflow/.local/lib/python3.8/site-packages/airflow/example_dags/example_sla_dag.py
[2025-01-07T00:11:50.118+0000] {processor.py:830} INFO - Processing file /home/airflow/.local/lib/python3.8/site-packages/airflow/example_dags/example_sla_dag.py for tasks to queue
[2025-01-07T00:11:50.120+0000] {logging_mixin.py:188} INFO - [2025-01-07T00:11:50.120+0000] {dagbag.py:538} INFO - Filling up the DagBag from /home/airflow/.local/lib/python3.8/site-packages/airflow/example_dags/example_sla_dag.py
[2025-01-07T00:11:50.131+0000] {processor.py:840} INFO - DAG(s) 'example_sla_dag' retrieved from /home/airflow/.local/lib/python3.8/site-packages/airflow/example_dags/example_sla_dag.py
[2025-01-07T00:11:50.158+0000] {logging_mixin.py:188} INFO - [2025-01-07T00:11:50.157+0000] {dag.py:3036} INFO - Sync 1 DAGs
[2025-01-07T00:11:50.191+0000] {logging_mixin.py:188} INFO - [2025-01-07T00:11:50.191+0000] {dag.py:3823} INFO - Setting next_dagrun for example_sla_dag to 2025-01-07 00:08:00+00:00, run_after=2025-01-07 00:10:00+00:00
[2025-01-07T00:11:50.234+0000] {processor.py:183} INFO - Processing /home/airflow/.local/lib/python3.8/site-packages/airflow/example_dags/example_sla_dag.py took 0.121 seconds
[2025-01-07T00:12:21.005+0000] {processor.py:161} INFO - Started process (PID=7334) to work on /home/airflow/.local/lib/python3.8/site-packages/airflow/example_dags/example_sla_dag.py
[2025-01-07T00:12:21.007+0000] {processor.py:830} INFO - Processing file /home/airflow/.local/lib/python3.8/site-packages/airflow/example_dags/example_sla_dag.py for tasks to queue
[2025-01-07T00:12:21.011+0000] {logging_mixin.py:188} INFO - [2025-01-07T00:12:21.010+0000] {dagbag.py:538} INFO - Filling up the DagBag from /home/airflow/.local/lib/python3.8/site-packages/airflow/example_dags/example_sla_dag.py
[2025-01-07T00:12:21.028+0000] {processor.py:840} INFO - DAG(s) 'example_sla_dag' retrieved from /home/airflow/.local/lib/python3.8/site-packages/airflow/example_dags/example_sla_dag.py
[2025-01-07T00:12:21.058+0000] {logging_mixin.py:188} INFO - [2025-01-07T00:12:21.057+0000] {dag.py:3036} INFO - Sync 1 DAGs
[2025-01-07T00:12:21.106+0000] {logging_mixin.py:188} INFO - [2025-01-07T00:12:21.106+0000] {dag.py:3823} INFO - Setting next_dagrun for example_sla_dag to 2025-01-07 00:10:00+00:00, run_after=2025-01-07 00:12:00+00:00
[2025-01-07T00:12:21.141+0000] {processor.py:183} INFO - Processing /home/airflow/.local/lib/python3.8/site-packages/airflow/example_dags/example_sla_dag.py took 0.143 seconds
[2025-01-07T00:12:51.731+0000] {processor.py:161} INFO - Started process (PID=7391) to work on /home/airflow/.local/lib/python3.8/site-packages/airflow/example_dags/example_sla_dag.py
[2025-01-07T00:12:51.733+0000] {processor.py:830} INFO - Processing file /home/airflow/.local/lib/python3.8/site-packages/airflow/example_dags/example_sla_dag.py for tasks to queue
[2025-01-07T00:12:51.737+0000] {logging_mixin.py:188} INFO - [2025-01-07T00:12:51.736+0000] {dagbag.py:538} INFO - Filling up the DagBag from /home/airflow/.local/lib/python3.8/site-packages/airflow/example_dags/example_sla_dag.py
[2025-01-07T00:12:51.748+0000] {processor.py:840} INFO - DAG(s) 'example_sla_dag' retrieved from /home/airflow/.local/lib/python3.8/site-packages/airflow/example_dags/example_sla_dag.py
[2025-01-07T00:12:51.774+0000] {logging_mixin.py:188} INFO - [2025-01-07T00:12:51.774+0000] {dag.py:3036} INFO - Sync 1 DAGs
[2025-01-07T00:12:51.811+0000] {logging_mixin.py:188} INFO - [2025-01-07T00:12:51.810+0000] {dag.py:3823} INFO - Setting next_dagrun for example_sla_dag to 2025-01-07 00:10:00+00:00, run_after=2025-01-07 00:12:00+00:00
[2025-01-07T00:12:51.839+0000] {processor.py:183} INFO - Processing /home/airflow/.local/lib/python3.8/site-packages/airflow/example_dags/example_sla_dag.py took 0.115 seconds
[2025-01-07T00:13:22.094+0000] {processor.py:161} INFO - Started process (PID=7449) to work on /home/airflow/.local/lib/python3.8/site-packages/airflow/example_dags/example_sla_dag.py
[2025-01-07T00:13:22.103+0000] {processor.py:830} INFO - Processing file /home/airflow/.local/lib/python3.8/site-packages/airflow/example_dags/example_sla_dag.py for tasks to queue
[2025-01-07T00:13:22.110+0000] {logging_mixin.py:188} INFO - [2025-01-07T00:13:22.109+0000] {dagbag.py:538} INFO - Filling up the DagBag from /home/airflow/.local/lib/python3.8/site-packages/airflow/example_dags/example_sla_dag.py
[2025-01-07T00:13:22.147+0000] {processor.py:840} INFO - DAG(s) 'example_sla_dag' retrieved from /home/airflow/.local/lib/python3.8/site-packages/airflow/example_dags/example_sla_dag.py
[2025-01-07T00:13:22.206+0000] {logging_mixin.py:188} INFO - [2025-01-07T00:13:22.206+0000] {dag.py:3036} INFO - Sync 1 DAGs
[2025-01-07T00:13:22.296+0000] {logging_mixin.py:188} INFO - [2025-01-07T00:13:22.296+0000] {dag.py:3823} INFO - Setting next_dagrun for example_sla_dag to 2025-01-07 00:10:00+00:00, run_after=2025-01-07 00:12:00+00:00
[2025-01-07T00:13:22.345+0000] {processor.py:183} INFO - Processing /home/airflow/.local/lib/python3.8/site-packages/airflow/example_dags/example_sla_dag.py took 0.257 seconds
[2025-01-07T00:13:52.669+0000] {processor.py:161} INFO - Started process (PID=7506) to work on /home/airflow/.local/lib/python3.8/site-packages/airflow/example_dags/example_sla_dag.py
[2025-01-07T00:13:52.671+0000] {processor.py:830} INFO - Processing file /home/airflow/.local/lib/python3.8/site-packages/airflow/example_dags/example_sla_dag.py for tasks to queue
[2025-01-07T00:13:52.674+0000] {logging_mixin.py:188} INFO - [2025-01-07T00:13:52.674+0000] {dagbag.py:538} INFO - Filling up the DagBag from /home/airflow/.local/lib/python3.8/site-packages/airflow/example_dags/example_sla_dag.py
[2025-01-07T00:13:52.686+0000] {processor.py:840} INFO - DAG(s) 'example_sla_dag' retrieved from /home/airflow/.local/lib/python3.8/site-packages/airflow/example_dags/example_sla_dag.py
[2025-01-07T00:13:52.714+0000] {logging_mixin.py:188} INFO - [2025-01-07T00:13:52.714+0000] {dag.py:3036} INFO - Sync 1 DAGs
[2025-01-07T00:13:52.751+0000] {logging_mixin.py:188} INFO - [2025-01-07T00:13:52.751+0000] {dag.py:3823} INFO - Setting next_dagrun for example_sla_dag to 2025-01-07 00:10:00+00:00, run_after=2025-01-07 00:12:00+00:00
[2025-01-07T00:13:52.776+0000] {processor.py:183} INFO - Processing /home/airflow/.local/lib/python3.8/site-packages/airflow/example_dags/example_sla_dag.py took 0.112 seconds
[2025-01-07T00:14:23.585+0000] {processor.py:161} INFO - Started process (PID=7563) to work on /home/airflow/.local/lib/python3.8/site-packages/airflow/example_dags/example_sla_dag.py
[2025-01-07T00:14:23.587+0000] {processor.py:830} INFO - Processing file /home/airflow/.local/lib/python3.8/site-packages/airflow/example_dags/example_sla_dag.py for tasks to queue
[2025-01-07T00:14:23.591+0000] {logging_mixin.py:188} INFO - [2025-01-07T00:14:23.591+0000] {dagbag.py:538} INFO - Filling up the DagBag from /home/airflow/.local/lib/python3.8/site-packages/airflow/example_dags/example_sla_dag.py
[2025-01-07T00:14:23.615+0000] {processor.py:840} INFO - DAG(s) 'example_sla_dag' retrieved from /home/airflow/.local/lib/python3.8/site-packages/airflow/example_dags/example_sla_dag.py
[2025-01-07T00:14:23.649+0000] {logging_mixin.py:188} INFO - [2025-01-07T00:14:23.648+0000] {dag.py:3036} INFO - Sync 1 DAGs
[2025-01-07T00:14:23.703+0000] {logging_mixin.py:188} INFO - [2025-01-07T00:14:23.702+0000] {dag.py:3823} INFO - Setting next_dagrun for example_sla_dag to 2025-01-07 00:12:00+00:00, run_after=2025-01-07 00:14:00+00:00
[2025-01-07T00:14:23.744+0000] {processor.py:183} INFO - Processing /home/airflow/.local/lib/python3.8/site-packages/airflow/example_dags/example_sla_dag.py took 0.168 seconds
[2025-01-07T00:14:54.123+0000] {processor.py:161} INFO - Started process (PID=7620) to work on /home/airflow/.local/lib/python3.8/site-packages/airflow/example_dags/example_sla_dag.py
[2025-01-07T00:14:54.126+0000] {processor.py:830} INFO - Processing file /home/airflow/.local/lib/python3.8/site-packages/airflow/example_dags/example_sla_dag.py for tasks to queue
[2025-01-07T00:14:54.138+0000] {logging_mixin.py:188} INFO - [2025-01-07T00:14:54.137+0000] {dagbag.py:538} INFO - Filling up the DagBag from /home/airflow/.local/lib/python3.8/site-packages/airflow/example_dags/example_sla_dag.py
[2025-01-07T00:14:54.169+0000] {processor.py:840} INFO - DAG(s) 'example_sla_dag' retrieved from /home/airflow/.local/lib/python3.8/site-packages/airflow/example_dags/example_sla_dag.py
[2025-01-07T00:14:54.225+0000] {logging_mixin.py:188} INFO - [2025-01-07T00:14:54.225+0000] {dag.py:3036} INFO - Sync 1 DAGs
[2025-01-07T00:14:54.282+0000] {logging_mixin.py:188} INFO - [2025-01-07T00:14:54.280+0000] {dag.py:3823} INFO - Setting next_dagrun for example_sla_dag to 2025-01-07 00:12:00+00:00, run_after=2025-01-07 00:14:00+00:00
[2025-01-07T00:14:54.350+0000] {processor.py:183} INFO - Processing /home/airflow/.local/lib/python3.8/site-packages/airflow/example_dags/example_sla_dag.py took 0.233 seconds
[2025-01-07T00:15:24.639+0000] {processor.py:161} INFO - Started process (PID=7677) to work on /home/airflow/.local/lib/python3.8/site-packages/airflow/example_dags/example_sla_dag.py
[2025-01-07T00:15:24.645+0000] {processor.py:830} INFO - Processing file /home/airflow/.local/lib/python3.8/site-packages/airflow/example_dags/example_sla_dag.py for tasks to queue
[2025-01-07T00:15:24.649+0000] {logging_mixin.py:188} INFO - [2025-01-07T00:15:24.648+0000] {dagbag.py:538} INFO - Filling up the DagBag from /home/airflow/.local/lib/python3.8/site-packages/airflow/example_dags/example_sla_dag.py
[2025-01-07T00:15:24.673+0000] {processor.py:840} INFO - DAG(s) 'example_sla_dag' retrieved from /home/airflow/.local/lib/python3.8/site-packages/airflow/example_dags/example_sla_dag.py
[2025-01-07T00:15:24.728+0000] {logging_mixin.py:188} INFO - [2025-01-07T00:15:24.728+0000] {dag.py:3036} INFO - Sync 1 DAGs
[2025-01-07T00:15:24.794+0000] {logging_mixin.py:188} INFO - [2025-01-07T00:15:24.793+0000] {dag.py:3823} INFO - Setting next_dagrun for example_sla_dag to 2025-01-07 00:12:00+00:00, run_after=2025-01-07 00:14:00+00:00
[2025-01-07T00:15:24.835+0000] {processor.py:183} INFO - Processing /home/airflow/.local/lib/python3.8/site-packages/airflow/example_dags/example_sla_dag.py took 0.202 seconds
[2025-01-07T00:15:55.510+0000] {processor.py:161} INFO - Started process (PID=7734) to work on /home/airflow/.local/lib/python3.8/site-packages/airflow/example_dags/example_sla_dag.py
[2025-01-07T00:15:55.512+0000] {processor.py:830} INFO - Processing file /home/airflow/.local/lib/python3.8/site-packages/airflow/example_dags/example_sla_dag.py for tasks to queue
[2025-01-07T00:15:55.515+0000] {logging_mixin.py:188} INFO - [2025-01-07T00:15:55.515+0000] {dagbag.py:538} INFO - Filling up the DagBag from /home/airflow/.local/lib/python3.8/site-packages/airflow/example_dags/example_sla_dag.py
[2025-01-07T00:15:55.565+0000] {processor.py:840} INFO - DAG(s) 'example_sla_dag' retrieved from /home/airflow/.local/lib/python3.8/site-packages/airflow/example_dags/example_sla_dag.py
[2025-01-07T00:15:55.664+0000] {logging_mixin.py:188} INFO - [2025-01-07T00:15:55.663+0000] {dag.py:3036} INFO - Sync 1 DAGs
[2025-01-07T00:15:55.794+0000] {logging_mixin.py:188} INFO - [2025-01-07T00:15:55.793+0000] {dag.py:3823} INFO - Setting next_dagrun for example_sla_dag to 2025-01-07 00:12:00+00:00, run_after=2025-01-07 00:14:00+00:00
[2025-01-07T00:15:55.864+0000] {processor.py:183} INFO - Processing /home/airflow/.local/lib/python3.8/site-packages/airflow/example_dags/example_sla_dag.py took 0.371 seconds
[2025-01-07T00:16:26.277+0000] {processor.py:161} INFO - Started process (PID=7791) to work on /home/airflow/.local/lib/python3.8/site-packages/airflow/example_dags/example_sla_dag.py
[2025-01-07T00:16:26.279+0000] {processor.py:830} INFO - Processing file /home/airflow/.local/lib/python3.8/site-packages/airflow/example_dags/example_sla_dag.py for tasks to queue
[2025-01-07T00:16:26.282+0000] {logging_mixin.py:188} INFO - [2025-01-07T00:16:26.281+0000] {dagbag.py:538} INFO - Filling up the DagBag from /home/airflow/.local/lib/python3.8/site-packages/airflow/example_dags/example_sla_dag.py
[2025-01-07T00:16:26.325+0000] {processor.py:840} INFO - DAG(s) 'example_sla_dag' retrieved from /home/airflow/.local/lib/python3.8/site-packages/airflow/example_dags/example_sla_dag.py
[2025-01-07T00:16:26.386+0000] {logging_mixin.py:188} INFO - [2025-01-07T00:16:26.385+0000] {dag.py:3036} INFO - Sync 1 DAGs
[2025-01-07T00:16:26.528+0000] {logging_mixin.py:188} INFO - [2025-01-07T00:16:26.518+0000] {dag.py:3823} INFO - Setting next_dagrun for example_sla_dag to 2025-01-07 00:14:00+00:00, run_after=2025-01-07 00:16:00+00:00
[2025-01-07T00:16:26.606+0000] {processor.py:183} INFO - Processing /home/airflow/.local/lib/python3.8/site-packages/airflow/example_dags/example_sla_dag.py took 0.341 seconds
[2025-01-07T00:16:57.349+0000] {processor.py:161} INFO - Started process (PID=7847) to work on /home/airflow/.local/lib/python3.8/site-packages/airflow/example_dags/example_sla_dag.py
[2025-01-07T00:16:57.360+0000] {processor.py:830} INFO - Processing file /home/airflow/.local/lib/python3.8/site-packages/airflow/example_dags/example_sla_dag.py for tasks to queue
[2025-01-07T00:16:57.377+0000] {logging_mixin.py:188} INFO - [2025-01-07T00:16:57.376+0000] {dagbag.py:538} INFO - Filling up the DagBag from /home/airflow/.local/lib/python3.8/site-packages/airflow/example_dags/example_sla_dag.py
[2025-01-07T00:16:57.431+0000] {processor.py:840} INFO - DAG(s) 'example_sla_dag' retrieved from /home/airflow/.local/lib/python3.8/site-packages/airflow/example_dags/example_sla_dag.py
[2025-01-07T00:16:57.558+0000] {logging_mixin.py:188} INFO - [2025-01-07T00:16:57.558+0000] {dag.py:3036} INFO - Sync 1 DAGs
[2025-01-07T00:16:57.768+0000] {logging_mixin.py:188} INFO - [2025-01-07T00:16:57.767+0000] {dag.py:3823} INFO - Setting next_dagrun for example_sla_dag to 2025-01-07 00:14:00+00:00, run_after=2025-01-07 00:16:00+00:00
[2025-01-07T00:16:57.894+0000] {processor.py:183} INFO - Processing /home/airflow/.local/lib/python3.8/site-packages/airflow/example_dags/example_sla_dag.py took 0.549 seconds
[2025-01-07T00:17:28.032+0000] {processor.py:161} INFO - Started process (PID=7903) to work on /home/airflow/.local/lib/python3.8/site-packages/airflow/example_dags/example_sla_dag.py
[2025-01-07T00:17:28.044+0000] {processor.py:830} INFO - Processing file /home/airflow/.local/lib/python3.8/site-packages/airflow/example_dags/example_sla_dag.py for tasks to queue
[2025-01-07T00:17:28.047+0000] {logging_mixin.py:188} INFO - [2025-01-07T00:17:28.047+0000] {dagbag.py:538} INFO - Filling up the DagBag from /home/airflow/.local/lib/python3.8/site-packages/airflow/example_dags/example_sla_dag.py
[2025-01-07T00:17:28.095+0000] {processor.py:840} INFO - DAG(s) 'example_sla_dag' retrieved from /home/airflow/.local/lib/python3.8/site-packages/airflow/example_dags/example_sla_dag.py
[2025-01-07T00:17:28.177+0000] {logging_mixin.py:188} INFO - [2025-01-07T00:17:28.176+0000] {dag.py:3036} INFO - Sync 1 DAGs
[2025-01-07T00:17:28.312+0000] {logging_mixin.py:188} INFO - [2025-01-07T00:17:28.311+0000] {dag.py:3823} INFO - Setting next_dagrun for example_sla_dag to 2025-01-07 00:14:00+00:00, run_after=2025-01-07 00:16:00+00:00
[2025-01-07T00:17:28.395+0000] {processor.py:183} INFO - Processing /home/airflow/.local/lib/python3.8/site-packages/airflow/example_dags/example_sla_dag.py took 0.370 seconds
[2025-01-07T00:17:58.980+0000] {processor.py:161} INFO - Started process (PID=7959) to work on /home/airflow/.local/lib/python3.8/site-packages/airflow/example_dags/example_sla_dag.py
[2025-01-07T00:17:58.991+0000] {processor.py:830} INFO - Processing file /home/airflow/.local/lib/python3.8/site-packages/airflow/example_dags/example_sla_dag.py for tasks to queue
[2025-01-07T00:17:58.994+0000] {logging_mixin.py:188} INFO - [2025-01-07T00:17:58.994+0000] {dagbag.py:538} INFO - Filling up the DagBag from /home/airflow/.local/lib/python3.8/site-packages/airflow/example_dags/example_sla_dag.py
[2025-01-07T00:17:59.042+0000] {processor.py:840} INFO - DAG(s) 'example_sla_dag' retrieved from /home/airflow/.local/lib/python3.8/site-packages/airflow/example_dags/example_sla_dag.py
[2025-01-07T00:17:59.138+0000] {logging_mixin.py:188} INFO - [2025-01-07T00:17:59.137+0000] {dag.py:3036} INFO - Sync 1 DAGs
[2025-01-07T00:17:59.290+0000] {logging_mixin.py:188} INFO - [2025-01-07T00:17:59.279+0000] {dag.py:3823} INFO - Setting next_dagrun for example_sla_dag to 2025-01-07 00:14:00+00:00, run_after=2025-01-07 00:16:00+00:00
[2025-01-07T00:17:59.406+0000] {processor.py:183} INFO - Processing /home/airflow/.local/lib/python3.8/site-packages/airflow/example_dags/example_sla_dag.py took 0.431 seconds
[2025-01-07T00:18:29.981+0000] {processor.py:161} INFO - Started process (PID=8016) to work on /home/airflow/.local/lib/python3.8/site-packages/airflow/example_dags/example_sla_dag.py
[2025-01-07T00:18:29.991+0000] {processor.py:830} INFO - Processing file /home/airflow/.local/lib/python3.8/site-packages/airflow/example_dags/example_sla_dag.py for tasks to queue
[2025-01-07T00:18:29.996+0000] {logging_mixin.py:188} INFO - [2025-01-07T00:18:29.994+0000] {dagbag.py:538} INFO - Filling up the DagBag from /home/airflow/.local/lib/python3.8/site-packages/airflow/example_dags/example_sla_dag.py
[2025-01-07T00:18:30.046+0000] {processor.py:840} INFO - DAG(s) 'example_sla_dag' retrieved from /home/airflow/.local/lib/python3.8/site-packages/airflow/example_dags/example_sla_dag.py
[2025-01-07T00:18:30.142+0000] {logging_mixin.py:188} INFO - [2025-01-07T00:18:30.141+0000] {dag.py:3036} INFO - Sync 1 DAGs
[2025-01-07T00:18:30.289+0000] {logging_mixin.py:188} INFO - [2025-01-07T00:18:30.289+0000] {dag.py:3823} INFO - Setting next_dagrun for example_sla_dag to 2025-01-07 00:16:00+00:00, run_after=2025-01-07 00:18:00+00:00
[2025-01-07T00:18:30.375+0000] {processor.py:183} INFO - Processing /home/airflow/.local/lib/python3.8/site-packages/airflow/example_dags/example_sla_dag.py took 0.399 seconds
[2025-01-07T00:19:06.135+0000] {processor.py:161} INFO - Started process (PID=8077) to work on /home/airflow/.local/lib/python3.8/site-packages/airflow/example_dags/example_sla_dag.py
[2025-01-07T00:19:06.144+0000] {processor.py:830} INFO - Processing file /home/airflow/.local/lib/python3.8/site-packages/airflow/example_dags/example_sla_dag.py for tasks to queue
[2025-01-07T00:19:06.164+0000] {logging_mixin.py:188} INFO - [2025-01-07T00:19:06.163+0000] {dagbag.py:538} INFO - Filling up the DagBag from /home/airflow/.local/lib/python3.8/site-packages/airflow/example_dags/example_sla_dag.py
[2025-01-07T00:19:06.229+0000] {processor.py:840} INFO - DAG(s) 'example_sla_dag' retrieved from /home/airflow/.local/lib/python3.8/site-packages/airflow/example_dags/example_sla_dag.py
[2025-01-07T00:19:06.525+0000] {logging_mixin.py:188} INFO - [2025-01-07T00:19:06.523+0000] {dag.py:3036} INFO - Sync 1 DAGs
[2025-01-07T00:19:06.838+0000] {logging_mixin.py:188} INFO - [2025-01-07T00:19:06.838+0000] {dag.py:3823} INFO - Setting next_dagrun for example_sla_dag to 2025-01-07 00:16:00+00:00, run_after=2025-01-07 00:18:00+00:00
[2025-01-07T00:19:06.960+0000] {processor.py:183} INFO - Processing /home/airflow/.local/lib/python3.8/site-packages/airflow/example_dags/example_sla_dag.py took 0.847 seconds
[2025-01-07T00:19:37.496+0000] {processor.py:161} INFO - Started process (PID=8139) to work on /home/airflow/.local/lib/python3.8/site-packages/airflow/example_dags/example_sla_dag.py
[2025-01-07T00:19:37.497+0000] {processor.py:830} INFO - Processing file /home/airflow/.local/lib/python3.8/site-packages/airflow/example_dags/example_sla_dag.py for tasks to queue
[2025-01-07T00:19:37.501+0000] {logging_mixin.py:188} INFO - [2025-01-07T00:19:37.500+0000] {dagbag.py:538} INFO - Filling up the DagBag from /home/airflow/.local/lib/python3.8/site-packages/airflow/example_dags/example_sla_dag.py
[2025-01-07T00:19:37.516+0000] {processor.py:840} INFO - DAG(s) 'example_sla_dag' retrieved from /home/airflow/.local/lib/python3.8/site-packages/airflow/example_dags/example_sla_dag.py
[2025-01-07T00:19:37.549+0000] {logging_mixin.py:188} INFO - [2025-01-07T00:19:37.549+0000] {dag.py:3036} INFO - Sync 1 DAGs
[2025-01-07T00:19:37.601+0000] {logging_mixin.py:188} INFO - [2025-01-07T00:19:37.601+0000] {dag.py:3823} INFO - Setting next_dagrun for example_sla_dag to 2025-01-07 00:16:00+00:00, run_after=2025-01-07 00:18:00+00:00
[2025-01-07T00:19:37.675+0000] {processor.py:183} INFO - Processing /home/airflow/.local/lib/python3.8/site-packages/airflow/example_dags/example_sla_dag.py took 0.185 seconds
[2025-01-07T00:20:07.830+0000] {processor.py:161} INFO - Started process (PID=8196) to work on /home/airflow/.local/lib/python3.8/site-packages/airflow/example_dags/example_sla_dag.py
[2025-01-07T00:20:07.834+0000] {processor.py:830} INFO - Processing file /home/airflow/.local/lib/python3.8/site-packages/airflow/example_dags/example_sla_dag.py for tasks to queue
[2025-01-07T00:20:07.839+0000] {logging_mixin.py:188} INFO - [2025-01-07T00:20:07.838+0000] {dagbag.py:538} INFO - Filling up the DagBag from /home/airflow/.local/lib/python3.8/site-packages/airflow/example_dags/example_sla_dag.py
[2025-01-07T00:20:07.866+0000] {processor.py:840} INFO - DAG(s) 'example_sla_dag' retrieved from /home/airflow/.local/lib/python3.8/site-packages/airflow/example_dags/example_sla_dag.py
[2025-01-07T00:20:07.923+0000] {logging_mixin.py:188} INFO - [2025-01-07T00:20:07.922+0000] {dag.py:3036} INFO - Sync 1 DAGs
[2025-01-07T00:20:08.019+0000] {logging_mixin.py:188} INFO - [2025-01-07T00:20:08.018+0000] {dag.py:3823} INFO - Setting next_dagrun for example_sla_dag to 2025-01-07 00:18:00+00:00, run_after=2025-01-07 00:20:00+00:00
[2025-01-07T00:20:08.055+0000] {processor.py:183} INFO - Processing /home/airflow/.local/lib/python3.8/site-packages/airflow/example_dags/example_sla_dag.py took 0.236 seconds
[2025-01-07T00:20:38.227+0000] {processor.py:161} INFO - Started process (PID=8253) to work on /home/airflow/.local/lib/python3.8/site-packages/airflow/example_dags/example_sla_dag.py
[2025-01-07T00:20:38.229+0000] {processor.py:830} INFO - Processing file /home/airflow/.local/lib/python3.8/site-packages/airflow/example_dags/example_sla_dag.py for tasks to queue
[2025-01-07T00:20:38.233+0000] {logging_mixin.py:188} INFO - [2025-01-07T00:20:38.232+0000] {dagbag.py:538} INFO - Filling up the DagBag from /home/airflow/.local/lib/python3.8/site-packages/airflow/example_dags/example_sla_dag.py
[2025-01-07T00:20:38.247+0000] {processor.py:840} INFO - DAG(s) 'example_sla_dag' retrieved from /home/airflow/.local/lib/python3.8/site-packages/airflow/example_dags/example_sla_dag.py
[2025-01-07T00:20:38.278+0000] {logging_mixin.py:188} INFO - [2025-01-07T00:20:38.277+0000] {dag.py:3036} INFO - Sync 1 DAGs
[2025-01-07T00:20:38.351+0000] {logging_mixin.py:188} INFO - [2025-01-07T00:20:38.351+0000] {dag.py:3823} INFO - Setting next_dagrun for example_sla_dag to 2025-01-07 00:18:00+00:00, run_after=2025-01-07 00:20:00+00:00
[2025-01-07T00:20:38.408+0000] {processor.py:183} INFO - Processing /home/airflow/.local/lib/python3.8/site-packages/airflow/example_dags/example_sla_dag.py took 0.188 seconds
[2025-01-07T00:21:09.437+0000] {processor.py:161} INFO - Started process (PID=8311) to work on /home/airflow/.local/lib/python3.8/site-packages/airflow/example_dags/example_sla_dag.py
[2025-01-07T00:21:09.439+0000] {processor.py:830} INFO - Processing file /home/airflow/.local/lib/python3.8/site-packages/airflow/example_dags/example_sla_dag.py for tasks to queue
[2025-01-07T00:21:09.441+0000] {logging_mixin.py:188} INFO - [2025-01-07T00:21:09.441+0000] {dagbag.py:538} INFO - Filling up the DagBag from /home/airflow/.local/lib/python3.8/site-packages/airflow/example_dags/example_sla_dag.py
[2025-01-07T00:21:09.453+0000] {processor.py:840} INFO - DAG(s) 'example_sla_dag' retrieved from /home/airflow/.local/lib/python3.8/site-packages/airflow/example_dags/example_sla_dag.py
[2025-01-07T00:21:09.495+0000] {logging_mixin.py:188} INFO - [2025-01-07T00:21:09.495+0000] {dag.py:3036} INFO - Sync 1 DAGs
[2025-01-07T00:21:09.546+0000] {logging_mixin.py:188} INFO - [2025-01-07T00:21:09.545+0000] {dag.py:3823} INFO - Setting next_dagrun for example_sla_dag to 2025-01-07 00:18:00+00:00, run_after=2025-01-07 00:20:00+00:00
[2025-01-07T00:21:09.578+0000] {processor.py:183} INFO - Processing /home/airflow/.local/lib/python3.8/site-packages/airflow/example_dags/example_sla_dag.py took 0.146 seconds
[2025-01-07T00:21:39.905+0000] {processor.py:161} INFO - Started process (PID=8368) to work on /home/airflow/.local/lib/python3.8/site-packages/airflow/example_dags/example_sla_dag.py
[2025-01-07T00:21:39.906+0000] {processor.py:830} INFO - Processing file /home/airflow/.local/lib/python3.8/site-packages/airflow/example_dags/example_sla_dag.py for tasks to queue
[2025-01-07T00:21:39.909+0000] {logging_mixin.py:188} INFO - [2025-01-07T00:21:39.908+0000] {dagbag.py:538} INFO - Filling up the DagBag from /home/airflow/.local/lib/python3.8/site-packages/airflow/example_dags/example_sla_dag.py
[2025-01-07T00:21:39.927+0000] {processor.py:840} INFO - DAG(s) 'example_sla_dag' retrieved from /home/airflow/.local/lib/python3.8/site-packages/airflow/example_dags/example_sla_dag.py
[2025-01-07T00:21:39.974+0000] {logging_mixin.py:188} INFO - [2025-01-07T00:21:39.973+0000] {dag.py:3036} INFO - Sync 1 DAGs
[2025-01-07T00:21:40.037+0000] {logging_mixin.py:188} INFO - [2025-01-07T00:21:40.037+0000] {dag.py:3823} INFO - Setting next_dagrun for example_sla_dag to 2025-01-07 00:18:00+00:00, run_after=2025-01-07 00:20:00+00:00
[2025-01-07T00:21:40.076+0000] {processor.py:183} INFO - Processing /home/airflow/.local/lib/python3.8/site-packages/airflow/example_dags/example_sla_dag.py took 0.180 seconds
[2025-01-07T00:22:10.760+0000] {processor.py:161} INFO - Started process (PID=8425) to work on /home/airflow/.local/lib/python3.8/site-packages/airflow/example_dags/example_sla_dag.py
[2025-01-07T00:22:10.761+0000] {processor.py:830} INFO - Processing file /home/airflow/.local/lib/python3.8/site-packages/airflow/example_dags/example_sla_dag.py for tasks to queue
[2025-01-07T00:22:10.764+0000] {logging_mixin.py:188} INFO - [2025-01-07T00:22:10.764+0000] {dagbag.py:538} INFO - Filling up the DagBag from /home/airflow/.local/lib/python3.8/site-packages/airflow/example_dags/example_sla_dag.py
[2025-01-07T00:22:10.778+0000] {processor.py:840} INFO - DAG(s) 'example_sla_dag' retrieved from /home/airflow/.local/lib/python3.8/site-packages/airflow/example_dags/example_sla_dag.py
[2025-01-07T00:22:10.810+0000] {logging_mixin.py:188} INFO - [2025-01-07T00:22:10.809+0000] {dag.py:3036} INFO - Sync 1 DAGs
[2025-01-07T00:22:10.850+0000] {logging_mixin.py:188} INFO - [2025-01-07T00:22:10.850+0000] {dag.py:3823} INFO - Setting next_dagrun for example_sla_dag to 2025-01-07 00:20:00+00:00, run_after=2025-01-07 00:22:00+00:00
[2025-01-07T00:22:10.885+0000] {processor.py:183} INFO - Processing /home/airflow/.local/lib/python3.8/site-packages/airflow/example_dags/example_sla_dag.py took 0.130 seconds
[2025-01-07T00:22:41.096+0000] {processor.py:161} INFO - Started process (PID=8482) to work on /home/airflow/.local/lib/python3.8/site-packages/airflow/example_dags/example_sla_dag.py
[2025-01-07T00:22:41.098+0000] {processor.py:830} INFO - Processing file /home/airflow/.local/lib/python3.8/site-packages/airflow/example_dags/example_sla_dag.py for tasks to queue
[2025-01-07T00:22:41.102+0000] {logging_mixin.py:188} INFO - [2025-01-07T00:22:41.102+0000] {dagbag.py:538} INFO - Filling up the DagBag from /home/airflow/.local/lib/python3.8/site-packages/airflow/example_dags/example_sla_dag.py
[2025-01-07T00:22:41.115+0000] {processor.py:840} INFO - DAG(s) 'example_sla_dag' retrieved from /home/airflow/.local/lib/python3.8/site-packages/airflow/example_dags/example_sla_dag.py
[2025-01-07T00:22:41.159+0000] {logging_mixin.py:188} INFO - [2025-01-07T00:22:41.159+0000] {dag.py:3036} INFO - Sync 1 DAGs
[2025-01-07T00:22:41.212+0000] {logging_mixin.py:188} INFO - [2025-01-07T00:22:41.212+0000] {dag.py:3823} INFO - Setting next_dagrun for example_sla_dag to 2025-01-07 00:20:00+00:00, run_after=2025-01-07 00:22:00+00:00
[2025-01-07T00:22:41.243+0000] {processor.py:183} INFO - Processing /home/airflow/.local/lib/python3.8/site-packages/airflow/example_dags/example_sla_dag.py took 0.152 seconds
[2025-01-07T00:23:11.985+0000] {processor.py:161} INFO - Started process (PID=8539) to work on /home/airflow/.local/lib/python3.8/site-packages/airflow/example_dags/example_sla_dag.py
[2025-01-07T00:23:11.986+0000] {processor.py:830} INFO - Processing file /home/airflow/.local/lib/python3.8/site-packages/airflow/example_dags/example_sla_dag.py for tasks to queue
[2025-01-07T00:23:11.989+0000] {logging_mixin.py:188} INFO - [2025-01-07T00:23:11.989+0000] {dagbag.py:538} INFO - Filling up the DagBag from /home/airflow/.local/lib/python3.8/site-packages/airflow/example_dags/example_sla_dag.py
[2025-01-07T00:23:12.004+0000] {processor.py:840} INFO - DAG(s) 'example_sla_dag' retrieved from /home/airflow/.local/lib/python3.8/site-packages/airflow/example_dags/example_sla_dag.py
[2025-01-07T00:23:12.031+0000] {logging_mixin.py:188} INFO - [2025-01-07T00:23:12.031+0000] {dag.py:3036} INFO - Sync 1 DAGs
[2025-01-07T00:23:12.070+0000] {logging_mixin.py:188} INFO - [2025-01-07T00:23:12.070+0000] {dag.py:3823} INFO - Setting next_dagrun for example_sla_dag to 2025-01-07 00:20:00+00:00, run_after=2025-01-07 00:22:00+00:00
[2025-01-07T00:23:12.094+0000] {processor.py:183} INFO - Processing /home/airflow/.local/lib/python3.8/site-packages/airflow/example_dags/example_sla_dag.py took 0.115 seconds
[2025-01-07T00:23:42.692+0000] {processor.py:161} INFO - Started process (PID=8596) to work on /home/airflow/.local/lib/python3.8/site-packages/airflow/example_dags/example_sla_dag.py
[2025-01-07T00:23:42.695+0000] {processor.py:830} INFO - Processing file /home/airflow/.local/lib/python3.8/site-packages/airflow/example_dags/example_sla_dag.py for tasks to queue
[2025-01-07T00:23:42.698+0000] {logging_mixin.py:188} INFO - [2025-01-07T00:23:42.698+0000] {dagbag.py:538} INFO - Filling up the DagBag from /home/airflow/.local/lib/python3.8/site-packages/airflow/example_dags/example_sla_dag.py
[2025-01-07T00:23:42.713+0000] {processor.py:840} INFO - DAG(s) 'example_sla_dag' retrieved from /home/airflow/.local/lib/python3.8/site-packages/airflow/example_dags/example_sla_dag.py
[2025-01-07T00:23:42.745+0000] {logging_mixin.py:188} INFO - [2025-01-07T00:23:42.744+0000] {dag.py:3036} INFO - Sync 1 DAGs
[2025-01-07T00:23:42.782+0000] {logging_mixin.py:188} INFO - [2025-01-07T00:23:42.782+0000] {dag.py:3823} INFO - Setting next_dagrun for example_sla_dag to 2025-01-07 00:20:00+00:00, run_after=2025-01-07 00:22:00+00:00
[2025-01-07T00:23:42.811+0000] {processor.py:183} INFO - Processing /home/airflow/.local/lib/python3.8/site-packages/airflow/example_dags/example_sla_dag.py took 0.126 seconds
[2025-01-07T00:24:13.451+0000] {processor.py:161} INFO - Started process (PID=8653) to work on /home/airflow/.local/lib/python3.8/site-packages/airflow/example_dags/example_sla_dag.py
[2025-01-07T00:24:13.452+0000] {processor.py:830} INFO - Processing file /home/airflow/.local/lib/python3.8/site-packages/airflow/example_dags/example_sla_dag.py for tasks to queue
[2025-01-07T00:24:13.455+0000] {logging_mixin.py:188} INFO - [2025-01-07T00:24:13.455+0000] {dagbag.py:538} INFO - Filling up the DagBag from /home/airflow/.local/lib/python3.8/site-packages/airflow/example_dags/example_sla_dag.py
[2025-01-07T00:24:13.466+0000] {processor.py:840} INFO - DAG(s) 'example_sla_dag' retrieved from /home/airflow/.local/lib/python3.8/site-packages/airflow/example_dags/example_sla_dag.py
[2025-01-07T00:24:13.494+0000] {logging_mixin.py:188} INFO - [2025-01-07T00:24:13.493+0000] {dag.py:3036} INFO - Sync 1 DAGs
[2025-01-07T00:24:13.528+0000] {logging_mixin.py:188} INFO - [2025-01-07T00:24:13.528+0000] {dag.py:3823} INFO - Setting next_dagrun for example_sla_dag to 2025-01-07 00:22:00+00:00, run_after=2025-01-07 00:24:00+00:00
[2025-01-07T00:24:13.557+0000] {processor.py:183} INFO - Processing /home/airflow/.local/lib/python3.8/site-packages/airflow/example_dags/example_sla_dag.py took 0.110 seconds
[2025-01-07T00:24:44.186+0000] {processor.py:161} INFO - Started process (PID=8709) to work on /home/airflow/.local/lib/python3.8/site-packages/airflow/example_dags/example_sla_dag.py
[2025-01-07T00:24:44.215+0000] {processor.py:830} INFO - Processing file /home/airflow/.local/lib/python3.8/site-packages/airflow/example_dags/example_sla_dag.py for tasks to queue
[2025-01-07T00:24:44.220+0000] {logging_mixin.py:188} INFO - [2025-01-07T00:24:44.219+0000] {dagbag.py:538} INFO - Filling up the DagBag from /home/airflow/.local/lib/python3.8/site-packages/airflow/example_dags/example_sla_dag.py
[2025-01-07T00:24:44.247+0000] {processor.py:840} INFO - DAG(s) 'example_sla_dag' retrieved from /home/airflow/.local/lib/python3.8/site-packages/airflow/example_dags/example_sla_dag.py
[2025-01-07T00:24:44.354+0000] {logging_mixin.py:188} INFO - [2025-01-07T00:24:44.353+0000] {dag.py:3036} INFO - Sync 1 DAGs
[2025-01-07T00:24:44.491+0000] {logging_mixin.py:188} INFO - [2025-01-07T00:24:44.490+0000] {dag.py:3823} INFO - Setting next_dagrun for example_sla_dag to 2025-01-07 00:22:00+00:00, run_after=2025-01-07 00:24:00+00:00
[2025-01-07T00:24:44.539+0000] {processor.py:183} INFO - Processing /home/airflow/.local/lib/python3.8/site-packages/airflow/example_dags/example_sla_dag.py took 0.358 seconds
