[2025-01-07T00:00:30.510+0000] {processor.py:161} INFO - Started process (PID=5981) to work on /home/airflow/.local/lib/python3.8/site-packages/airflow/example_dags/example_branch_operator.py
[2025-01-07T00:00:30.515+0000] {processor.py:830} INFO - Processing file /home/airflow/.local/lib/python3.8/site-packages/airflow/example_dags/example_branch_operator.py for tasks to queue
[2025-01-07T00:00:30.525+0000] {logging_mixin.py:188} INFO - [2025-01-07T00:00:30.524+0000] {dagbag.py:538} INFO - Filling up the DagBag from /home/airflow/.local/lib/python3.8/site-packages/airflow/example_dags/example_branch_operator.py
[2025-01-07T00:00:30.612+0000] {processor.py:840} INFO - DAG(s) 'example_branch_operator' retrieved from /home/airflow/.local/lib/python3.8/site-packages/airflow/example_dags/example_branch_operator.py
[2025-01-07T00:00:30.732+0000] {logging_mixin.py:188} INFO - [2025-01-07T00:00:30.732+0000] {dag.py:3036} INFO - Sync 1 DAGs
[2025-01-07T00:00:30.808+0000] {logging_mixin.py:188} INFO - [2025-01-07T00:00:30.808+0000] {dag.py:3823} INFO - Setting next_dagrun for example_branch_operator to 2025-01-06 00:00:00+00:00, run_after=2025-01-07 00:00:00+00:00
[2025-01-07T00:00:30.902+0000] {processor.py:183} INFO - Processing /home/airflow/.local/lib/python3.8/site-packages/airflow/example_dags/example_branch_operator.py took 0.401 seconds
[2025-01-07T00:01:01.392+0000] {processor.py:161} INFO - Started process (PID=6039) to work on /home/airflow/.local/lib/python3.8/site-packages/airflow/example_dags/example_branch_operator.py
[2025-01-07T00:01:01.394+0000] {processor.py:830} INFO - Processing file /home/airflow/.local/lib/python3.8/site-packages/airflow/example_dags/example_branch_operator.py for tasks to queue
[2025-01-07T00:01:01.396+0000] {logging_mixin.py:188} INFO - [2025-01-07T00:01:01.396+0000] {dagbag.py:538} INFO - Filling up the DagBag from /home/airflow/.local/lib/python3.8/site-packages/airflow/example_dags/example_branch_operator.py
[2025-01-07T00:01:01.428+0000] {processor.py:840} INFO - DAG(s) 'example_branch_operator' retrieved from /home/airflow/.local/lib/python3.8/site-packages/airflow/example_dags/example_branch_operator.py
[2025-01-07T00:01:01.488+0000] {logging_mixin.py:188} INFO - [2025-01-07T00:01:01.487+0000] {dag.py:3036} INFO - Sync 1 DAGs
[2025-01-07T00:01:01.519+0000] {logging_mixin.py:188} INFO - [2025-01-07T00:01:01.519+0000] {dag.py:3823} INFO - Setting next_dagrun for example_branch_operator to 2025-01-06 00:00:00+00:00, run_after=2025-01-07 00:00:00+00:00
[2025-01-07T00:01:01.549+0000] {processor.py:183} INFO - Processing /home/airflow/.local/lib/python3.8/site-packages/airflow/example_dags/example_branch_operator.py took 0.164 seconds
[2025-01-07T00:01:31.639+0000] {processor.py:161} INFO - Started process (PID=6095) to work on /home/airflow/.local/lib/python3.8/site-packages/airflow/example_dags/example_branch_operator.py
[2025-01-07T00:01:31.640+0000] {processor.py:830} INFO - Processing file /home/airflow/.local/lib/python3.8/site-packages/airflow/example_dags/example_branch_operator.py for tasks to queue
[2025-01-07T00:01:31.642+0000] {logging_mixin.py:188} INFO - [2025-01-07T00:01:31.642+0000] {dagbag.py:538} INFO - Filling up the DagBag from /home/airflow/.local/lib/python3.8/site-packages/airflow/example_dags/example_branch_operator.py
[2025-01-07T00:01:31.667+0000] {processor.py:840} INFO - DAG(s) 'example_branch_operator' retrieved from /home/airflow/.local/lib/python3.8/site-packages/airflow/example_dags/example_branch_operator.py
[2025-01-07T00:01:31.737+0000] {logging_mixin.py:188} INFO - [2025-01-07T00:01:31.737+0000] {dag.py:3036} INFO - Sync 1 DAGs
[2025-01-07T00:01:31.783+0000] {logging_mixin.py:188} INFO - [2025-01-07T00:01:31.783+0000] {dag.py:3823} INFO - Setting next_dagrun for example_branch_operator to 2025-01-06 00:00:00+00:00, run_after=2025-01-07 00:00:00+00:00
[2025-01-07T00:01:31.807+0000] {processor.py:183} INFO - Processing /home/airflow/.local/lib/python3.8/site-packages/airflow/example_dags/example_branch_operator.py took 0.172 seconds
[2025-01-07T00:02:03.296+0000] {processor.py:161} INFO - Started process (PID=6153) to work on /home/airflow/.local/lib/python3.8/site-packages/airflow/example_dags/example_branch_operator.py
[2025-01-07T00:02:03.314+0000] {processor.py:830} INFO - Processing file /home/airflow/.local/lib/python3.8/site-packages/airflow/example_dags/example_branch_operator.py for tasks to queue
[2025-01-07T00:02:03.332+0000] {logging_mixin.py:188} INFO - [2025-01-07T00:02:03.331+0000] {dagbag.py:538} INFO - Filling up the DagBag from /home/airflow/.local/lib/python3.8/site-packages/airflow/example_dags/example_branch_operator.py
[2025-01-07T00:02:03.440+0000] {processor.py:840} INFO - DAG(s) 'example_branch_operator' retrieved from /home/airflow/.local/lib/python3.8/site-packages/airflow/example_dags/example_branch_operator.py
[2025-01-07T00:02:03.688+0000] {logging_mixin.py:188} INFO - [2025-01-07T00:02:03.688+0000] {dag.py:3036} INFO - Sync 1 DAGs
[2025-01-07T00:02:03.791+0000] {logging_mixin.py:188} INFO - [2025-01-07T00:02:03.791+0000] {dag.py:3823} INFO - Setting next_dagrun for example_branch_operator to 2025-01-06 00:00:00+00:00, run_after=2025-01-07 00:00:00+00:00
[2025-01-07T00:02:03.967+0000] {processor.py:183} INFO - Processing /home/airflow/.local/lib/python3.8/site-packages/airflow/example_dags/example_branch_operator.py took 0.689 seconds
[2025-01-07T00:02:34.927+0000] {processor.py:161} INFO - Started process (PID=6220) to work on /home/airflow/.local/lib/python3.8/site-packages/airflow/example_dags/example_branch_operator.py
[2025-01-07T00:02:34.945+0000] {processor.py:830} INFO - Processing file /home/airflow/.local/lib/python3.8/site-packages/airflow/example_dags/example_branch_operator.py for tasks to queue
[2025-01-07T00:02:34.951+0000] {logging_mixin.py:188} INFO - [2025-01-07T00:02:34.948+0000] {dagbag.py:538} INFO - Filling up the DagBag from /home/airflow/.local/lib/python3.8/site-packages/airflow/example_dags/example_branch_operator.py
[2025-01-07T00:02:35.023+0000] {processor.py:840} INFO - DAG(s) 'example_branch_operator' retrieved from /home/airflow/.local/lib/python3.8/site-packages/airflow/example_dags/example_branch_operator.py
[2025-01-07T00:02:35.105+0000] {logging_mixin.py:188} INFO - [2025-01-07T00:02:35.104+0000] {dag.py:3036} INFO - Sync 1 DAGs
[2025-01-07T00:02:35.166+0000] {logging_mixin.py:188} INFO - [2025-01-07T00:02:35.165+0000] {dag.py:3823} INFO - Setting next_dagrun for example_branch_operator to 2025-01-06 00:00:00+00:00, run_after=2025-01-07 00:00:00+00:00
[2025-01-07T00:02:35.226+0000] {processor.py:183} INFO - Processing /home/airflow/.local/lib/python3.8/site-packages/airflow/example_dags/example_branch_operator.py took 0.305 seconds
[2025-01-07T00:03:05.668+0000] {processor.py:161} INFO - Started process (PID=6276) to work on /home/airflow/.local/lib/python3.8/site-packages/airflow/example_dags/example_branch_operator.py
[2025-01-07T00:03:05.670+0000] {processor.py:830} INFO - Processing file /home/airflow/.local/lib/python3.8/site-packages/airflow/example_dags/example_branch_operator.py for tasks to queue
[2025-01-07T00:03:05.675+0000] {logging_mixin.py:188} INFO - [2025-01-07T00:03:05.672+0000] {dagbag.py:538} INFO - Filling up the DagBag from /home/airflow/.local/lib/python3.8/site-packages/airflow/example_dags/example_branch_operator.py
[2025-01-07T00:03:05.702+0000] {processor.py:840} INFO - DAG(s) 'example_branch_operator' retrieved from /home/airflow/.local/lib/python3.8/site-packages/airflow/example_dags/example_branch_operator.py
[2025-01-07T00:03:05.750+0000] {logging_mixin.py:188} INFO - [2025-01-07T00:03:05.749+0000] {dag.py:3036} INFO - Sync 1 DAGs
[2025-01-07T00:03:05.784+0000] {logging_mixin.py:188} INFO - [2025-01-07T00:03:05.784+0000] {dag.py:3823} INFO - Setting next_dagrun for example_branch_operator to 2025-01-06 00:00:00+00:00, run_after=2025-01-07 00:00:00+00:00
[2025-01-07T00:03:05.814+0000] {processor.py:183} INFO - Processing /home/airflow/.local/lib/python3.8/site-packages/airflow/example_dags/example_branch_operator.py took 0.149 seconds
[2025-01-07T00:03:35.910+0000] {processor.py:161} INFO - Started process (PID=6333) to work on /home/airflow/.local/lib/python3.8/site-packages/airflow/example_dags/example_branch_operator.py
[2025-01-07T00:03:35.911+0000] {processor.py:830} INFO - Processing file /home/airflow/.local/lib/python3.8/site-packages/airflow/example_dags/example_branch_operator.py for tasks to queue
[2025-01-07T00:03:35.913+0000] {logging_mixin.py:188} INFO - [2025-01-07T00:03:35.913+0000] {dagbag.py:538} INFO - Filling up the DagBag from /home/airflow/.local/lib/python3.8/site-packages/airflow/example_dags/example_branch_operator.py
[2025-01-07T00:03:35.946+0000] {processor.py:840} INFO - DAG(s) 'example_branch_operator' retrieved from /home/airflow/.local/lib/python3.8/site-packages/airflow/example_dags/example_branch_operator.py
[2025-01-07T00:03:35.983+0000] {logging_mixin.py:188} INFO - [2025-01-07T00:03:35.983+0000] {dag.py:3036} INFO - Sync 1 DAGs
[2025-01-07T00:03:36.013+0000] {logging_mixin.py:188} INFO - [2025-01-07T00:03:36.013+0000] {dag.py:3823} INFO - Setting next_dagrun for example_branch_operator to 2025-01-06 00:00:00+00:00, run_after=2025-01-07 00:00:00+00:00
[2025-01-07T00:03:36.045+0000] {processor.py:183} INFO - Processing /home/airflow/.local/lib/python3.8/site-packages/airflow/example_dags/example_branch_operator.py took 0.138 seconds
[2025-01-07T00:04:06.477+0000] {processor.py:161} INFO - Started process (PID=6390) to work on /home/airflow/.local/lib/python3.8/site-packages/airflow/example_dags/example_branch_operator.py
[2025-01-07T00:04:06.479+0000] {processor.py:830} INFO - Processing file /home/airflow/.local/lib/python3.8/site-packages/airflow/example_dags/example_branch_operator.py for tasks to queue
[2025-01-07T00:04:06.483+0000] {logging_mixin.py:188} INFO - [2025-01-07T00:04:06.483+0000] {dagbag.py:538} INFO - Filling up the DagBag from /home/airflow/.local/lib/python3.8/site-packages/airflow/example_dags/example_branch_operator.py
[2025-01-07T00:04:06.535+0000] {processor.py:840} INFO - DAG(s) 'example_branch_operator' retrieved from /home/airflow/.local/lib/python3.8/site-packages/airflow/example_dags/example_branch_operator.py
[2025-01-07T00:04:06.655+0000] {logging_mixin.py:188} INFO - [2025-01-07T00:04:06.655+0000] {dag.py:3036} INFO - Sync 1 DAGs
[2025-01-07T00:04:06.709+0000] {logging_mixin.py:188} INFO - [2025-01-07T00:04:06.709+0000] {dag.py:3823} INFO - Setting next_dagrun for example_branch_operator to 2025-01-06 00:00:00+00:00, run_after=2025-01-07 00:00:00+00:00
[2025-01-07T00:04:06.751+0000] {processor.py:183} INFO - Processing /home/airflow/.local/lib/python3.8/site-packages/airflow/example_dags/example_branch_operator.py took 0.279 seconds
[2025-01-07T00:04:37.704+0000] {processor.py:161} INFO - Started process (PID=6448) to work on /home/airflow/.local/lib/python3.8/site-packages/airflow/example_dags/example_branch_operator.py
[2025-01-07T00:04:37.705+0000] {processor.py:830} INFO - Processing file /home/airflow/.local/lib/python3.8/site-packages/airflow/example_dags/example_branch_operator.py for tasks to queue
[2025-01-07T00:04:37.708+0000] {logging_mixin.py:188} INFO - [2025-01-07T00:04:37.708+0000] {dagbag.py:538} INFO - Filling up the DagBag from /home/airflow/.local/lib/python3.8/site-packages/airflow/example_dags/example_branch_operator.py
[2025-01-07T00:04:37.810+0000] {processor.py:840} INFO - DAG(s) 'example_branch_operator' retrieved from /home/airflow/.local/lib/python3.8/site-packages/airflow/example_dags/example_branch_operator.py
[2025-01-07T00:04:37.903+0000] {logging_mixin.py:188} INFO - [2025-01-07T00:04:37.902+0000] {dag.py:3036} INFO - Sync 1 DAGs
[2025-01-07T00:04:37.959+0000] {logging_mixin.py:188} INFO - [2025-01-07T00:04:37.958+0000] {dag.py:3823} INFO - Setting next_dagrun for example_branch_operator to 2025-01-06 00:00:00+00:00, run_after=2025-01-07 00:00:00+00:00
[2025-01-07T00:04:38.023+0000] {processor.py:183} INFO - Processing /home/airflow/.local/lib/python3.8/site-packages/airflow/example_dags/example_branch_operator.py took 0.327 seconds
[2025-01-07T00:05:08.142+0000] {processor.py:161} INFO - Started process (PID=6505) to work on /home/airflow/.local/lib/python3.8/site-packages/airflow/example_dags/example_branch_operator.py
[2025-01-07T00:05:08.144+0000] {processor.py:830} INFO - Processing file /home/airflow/.local/lib/python3.8/site-packages/airflow/example_dags/example_branch_operator.py for tasks to queue
[2025-01-07T00:05:08.147+0000] {logging_mixin.py:188} INFO - [2025-01-07T00:05:08.146+0000] {dagbag.py:538} INFO - Filling up the DagBag from /home/airflow/.local/lib/python3.8/site-packages/airflow/example_dags/example_branch_operator.py
[2025-01-07T00:05:08.182+0000] {processor.py:840} INFO - DAG(s) 'example_branch_operator' retrieved from /home/airflow/.local/lib/python3.8/site-packages/airflow/example_dags/example_branch_operator.py
[2025-01-07T00:05:08.228+0000] {logging_mixin.py:188} INFO - [2025-01-07T00:05:08.227+0000] {dag.py:3036} INFO - Sync 1 DAGs
[2025-01-07T00:05:08.265+0000] {logging_mixin.py:188} INFO - [2025-01-07T00:05:08.265+0000] {dag.py:3823} INFO - Setting next_dagrun for example_branch_operator to 2025-01-06 00:00:00+00:00, run_after=2025-01-07 00:00:00+00:00
[2025-01-07T00:05:08.289+0000] {processor.py:183} INFO - Processing /home/airflow/.local/lib/python3.8/site-packages/airflow/example_dags/example_branch_operator.py took 0.153 seconds
[2025-01-07T00:05:38.873+0000] {processor.py:161} INFO - Started process (PID=6562) to work on /home/airflow/.local/lib/python3.8/site-packages/airflow/example_dags/example_branch_operator.py
[2025-01-07T00:05:38.874+0000] {processor.py:830} INFO - Processing file /home/airflow/.local/lib/python3.8/site-packages/airflow/example_dags/example_branch_operator.py for tasks to queue
[2025-01-07T00:05:38.877+0000] {logging_mixin.py:188} INFO - [2025-01-07T00:05:38.877+0000] {dagbag.py:538} INFO - Filling up the DagBag from /home/airflow/.local/lib/python3.8/site-packages/airflow/example_dags/example_branch_operator.py
[2025-01-07T00:05:38.918+0000] {processor.py:840} INFO - DAG(s) 'example_branch_operator' retrieved from /home/airflow/.local/lib/python3.8/site-packages/airflow/example_dags/example_branch_operator.py
[2025-01-07T00:05:38.990+0000] {logging_mixin.py:188} INFO - [2025-01-07T00:05:38.989+0000] {dag.py:3036} INFO - Sync 1 DAGs
[2025-01-07T00:05:39.119+0000] {logging_mixin.py:188} INFO - [2025-01-07T00:05:39.119+0000] {dag.py:3823} INFO - Setting next_dagrun for example_branch_operator to 2025-01-06 00:00:00+00:00, run_after=2025-01-07 00:00:00+00:00
[2025-01-07T00:05:39.195+0000] {processor.py:183} INFO - Processing /home/airflow/.local/lib/python3.8/site-packages/airflow/example_dags/example_branch_operator.py took 0.330 seconds
[2025-01-07T00:06:10.148+0000] {processor.py:161} INFO - Started process (PID=6619) to work on /home/airflow/.local/lib/python3.8/site-packages/airflow/example_dags/example_branch_operator.py
[2025-01-07T00:06:10.150+0000] {processor.py:830} INFO - Processing file /home/airflow/.local/lib/python3.8/site-packages/airflow/example_dags/example_branch_operator.py for tasks to queue
[2025-01-07T00:06:10.154+0000] {logging_mixin.py:188} INFO - [2025-01-07T00:06:10.153+0000] {dagbag.py:538} INFO - Filling up the DagBag from /home/airflow/.local/lib/python3.8/site-packages/airflow/example_dags/example_branch_operator.py
[2025-01-07T00:06:10.262+0000] {processor.py:840} INFO - DAG(s) 'example_branch_operator' retrieved from /home/airflow/.local/lib/python3.8/site-packages/airflow/example_dags/example_branch_operator.py
[2025-01-07T00:06:10.364+0000] {logging_mixin.py:188} INFO - [2025-01-07T00:06:10.363+0000] {dag.py:3036} INFO - Sync 1 DAGs
[2025-01-07T00:06:10.407+0000] {logging_mixin.py:188} INFO - [2025-01-07T00:06:10.407+0000] {dag.py:3823} INFO - Setting next_dagrun for example_branch_operator to 2025-01-06 00:00:00+00:00, run_after=2025-01-07 00:00:00+00:00
[2025-01-07T00:06:10.451+0000] {processor.py:183} INFO - Processing /home/airflow/.local/lib/python3.8/site-packages/airflow/example_dags/example_branch_operator.py took 0.308 seconds
[2025-01-07T00:06:40.654+0000] {processor.py:161} INFO - Started process (PID=6680) to work on /home/airflow/.local/lib/python3.8/site-packages/airflow/example_dags/example_branch_operator.py
[2025-01-07T00:06:40.664+0000] {processor.py:830} INFO - Processing file /home/airflow/.local/lib/python3.8/site-packages/airflow/example_dags/example_branch_operator.py for tasks to queue
[2025-01-07T00:06:40.668+0000] {logging_mixin.py:188} INFO - [2025-01-07T00:06:40.667+0000] {dagbag.py:538} INFO - Filling up the DagBag from /home/airflow/.local/lib/python3.8/site-packages/airflow/example_dags/example_branch_operator.py
[2025-01-07T00:06:40.723+0000] {processor.py:840} INFO - DAG(s) 'example_branch_operator' retrieved from /home/airflow/.local/lib/python3.8/site-packages/airflow/example_dags/example_branch_operator.py
[2025-01-07T00:06:40.849+0000] {logging_mixin.py:188} INFO - [2025-01-07T00:06:40.849+0000] {dag.py:3036} INFO - Sync 1 DAGs
[2025-01-07T00:06:40.917+0000] {logging_mixin.py:188} INFO - [2025-01-07T00:06:40.916+0000] {dag.py:3823} INFO - Setting next_dagrun for example_branch_operator to 2025-01-06 00:00:00+00:00, run_after=2025-01-07 00:00:00+00:00
[2025-01-07T00:06:40.956+0000] {processor.py:183} INFO - Processing /home/airflow/.local/lib/python3.8/site-packages/airflow/example_dags/example_branch_operator.py took 0.308 seconds
[2025-01-07T00:07:11.093+0000] {processor.py:161} INFO - Started process (PID=6743) to work on /home/airflow/.local/lib/python3.8/site-packages/airflow/example_dags/example_branch_operator.py
[2025-01-07T00:07:11.094+0000] {processor.py:830} INFO - Processing file /home/airflow/.local/lib/python3.8/site-packages/airflow/example_dags/example_branch_operator.py for tasks to queue
[2025-01-07T00:07:11.097+0000] {logging_mixin.py:188} INFO - [2025-01-07T00:07:11.096+0000] {dagbag.py:538} INFO - Filling up the DagBag from /home/airflow/.local/lib/python3.8/site-packages/airflow/example_dags/example_branch_operator.py
[2025-01-07T00:07:11.119+0000] {processor.py:840} INFO - DAG(s) 'example_branch_operator' retrieved from /home/airflow/.local/lib/python3.8/site-packages/airflow/example_dags/example_branch_operator.py
[2025-01-07T00:07:11.155+0000] {logging_mixin.py:188} INFO - [2025-01-07T00:07:11.155+0000] {dag.py:3036} INFO - Sync 1 DAGs
[2025-01-07T00:07:11.185+0000] {logging_mixin.py:188} INFO - [2025-01-07T00:07:11.184+0000] {dag.py:3823} INFO - Setting next_dagrun for example_branch_operator to 2025-01-06 00:00:00+00:00, run_after=2025-01-07 00:00:00+00:00
[2025-01-07T00:07:11.214+0000] {processor.py:183} INFO - Processing /home/airflow/.local/lib/python3.8/site-packages/airflow/example_dags/example_branch_operator.py took 0.125 seconds
[2025-01-07T00:07:41.365+0000] {processor.py:161} INFO - Started process (PID=6799) to work on /home/airflow/.local/lib/python3.8/site-packages/airflow/example_dags/example_branch_operator.py
[2025-01-07T00:07:41.367+0000] {processor.py:830} INFO - Processing file /home/airflow/.local/lib/python3.8/site-packages/airflow/example_dags/example_branch_operator.py for tasks to queue
[2025-01-07T00:07:41.370+0000] {logging_mixin.py:188} INFO - [2025-01-07T00:07:41.369+0000] {dagbag.py:538} INFO - Filling up the DagBag from /home/airflow/.local/lib/python3.8/site-packages/airflow/example_dags/example_branch_operator.py
[2025-01-07T00:07:41.395+0000] {processor.py:840} INFO - DAG(s) 'example_branch_operator' retrieved from /home/airflow/.local/lib/python3.8/site-packages/airflow/example_dags/example_branch_operator.py
[2025-01-07T00:07:41.439+0000] {logging_mixin.py:188} INFO - [2025-01-07T00:07:41.438+0000] {dag.py:3036} INFO - Sync 1 DAGs
[2025-01-07T00:07:41.475+0000] {logging_mixin.py:188} INFO - [2025-01-07T00:07:41.474+0000] {dag.py:3823} INFO - Setting next_dagrun for example_branch_operator to 2025-01-06 00:00:00+00:00, run_after=2025-01-07 00:00:00+00:00
[2025-01-07T00:07:41.507+0000] {processor.py:183} INFO - Processing /home/airflow/.local/lib/python3.8/site-packages/airflow/example_dags/example_branch_operator.py took 0.148 seconds
[2025-01-07T00:08:12.013+0000] {processor.py:161} INFO - Started process (PID=6857) to work on /home/airflow/.local/lib/python3.8/site-packages/airflow/example_dags/example_branch_operator.py
[2025-01-07T00:08:12.015+0000] {processor.py:830} INFO - Processing file /home/airflow/.local/lib/python3.8/site-packages/airflow/example_dags/example_branch_operator.py for tasks to queue
[2025-01-07T00:08:12.023+0000] {logging_mixin.py:188} INFO - [2025-01-07T00:08:12.022+0000] {dagbag.py:538} INFO - Filling up the DagBag from /home/airflow/.local/lib/python3.8/site-packages/airflow/example_dags/example_branch_operator.py
[2025-01-07T00:08:12.065+0000] {processor.py:840} INFO - DAG(s) 'example_branch_operator' retrieved from /home/airflow/.local/lib/python3.8/site-packages/airflow/example_dags/example_branch_operator.py
[2025-01-07T00:08:12.141+0000] {logging_mixin.py:188} INFO - [2025-01-07T00:08:12.140+0000] {dag.py:3036} INFO - Sync 1 DAGs
[2025-01-07T00:08:12.179+0000] {logging_mixin.py:188} INFO - [2025-01-07T00:08:12.179+0000] {dag.py:3823} INFO - Setting next_dagrun for example_branch_operator to 2025-01-06 00:00:00+00:00, run_after=2025-01-07 00:00:00+00:00
[2025-01-07T00:08:12.221+0000] {processor.py:183} INFO - Processing /home/airflow/.local/lib/python3.8/site-packages/airflow/example_dags/example_branch_operator.py took 0.215 seconds
[2025-01-07T00:08:43.245+0000] {processor.py:161} INFO - Started process (PID=6920) to work on /home/airflow/.local/lib/python3.8/site-packages/airflow/example_dags/example_branch_operator.py
[2025-01-07T00:08:43.261+0000] {processor.py:830} INFO - Processing file /home/airflow/.local/lib/python3.8/site-packages/airflow/example_dags/example_branch_operator.py for tasks to queue
[2025-01-07T00:08:43.270+0000] {logging_mixin.py:188} INFO - [2025-01-07T00:08:43.269+0000] {dagbag.py:538} INFO - Filling up the DagBag from /home/airflow/.local/lib/python3.8/site-packages/airflow/example_dags/example_branch_operator.py
[2025-01-07T00:08:43.392+0000] {processor.py:840} INFO - DAG(s) 'example_branch_operator' retrieved from /home/airflow/.local/lib/python3.8/site-packages/airflow/example_dags/example_branch_operator.py
[2025-01-07T00:08:43.517+0000] {logging_mixin.py:188} INFO - [2025-01-07T00:08:43.516+0000] {dag.py:3036} INFO - Sync 1 DAGs
[2025-01-07T00:08:43.640+0000] {logging_mixin.py:188} INFO - [2025-01-07T00:08:43.640+0000] {dag.py:3823} INFO - Setting next_dagrun for example_branch_operator to 2025-01-06 00:00:00+00:00, run_after=2025-01-07 00:00:00+00:00
[2025-01-07T00:08:43.771+0000] {processor.py:183} INFO - Processing /home/airflow/.local/lib/python3.8/site-packages/airflow/example_dags/example_branch_operator.py took 0.547 seconds
[2025-01-07T00:09:14.267+0000] {processor.py:161} INFO - Started process (PID=6982) to work on /home/airflow/.local/lib/python3.8/site-packages/airflow/example_dags/example_branch_operator.py
[2025-01-07T00:09:14.269+0000] {processor.py:830} INFO - Processing file /home/airflow/.local/lib/python3.8/site-packages/airflow/example_dags/example_branch_operator.py for tasks to queue
[2025-01-07T00:09:14.272+0000] {logging_mixin.py:188} INFO - [2025-01-07T00:09:14.271+0000] {dagbag.py:538} INFO - Filling up the DagBag from /home/airflow/.local/lib/python3.8/site-packages/airflow/example_dags/example_branch_operator.py
[2025-01-07T00:09:14.299+0000] {processor.py:840} INFO - DAG(s) 'example_branch_operator' retrieved from /home/airflow/.local/lib/python3.8/site-packages/airflow/example_dags/example_branch_operator.py
[2025-01-07T00:09:14.345+0000] {logging_mixin.py:188} INFO - [2025-01-07T00:09:14.344+0000] {dag.py:3036} INFO - Sync 1 DAGs
[2025-01-07T00:09:14.381+0000] {logging_mixin.py:188} INFO - [2025-01-07T00:09:14.381+0000] {dag.py:3823} INFO - Setting next_dagrun for example_branch_operator to 2025-01-06 00:00:00+00:00, run_after=2025-01-07 00:00:00+00:00
[2025-01-07T00:09:14.415+0000] {processor.py:183} INFO - Processing /home/airflow/.local/lib/python3.8/site-packages/airflow/example_dags/example_branch_operator.py took 0.151 seconds
[2025-01-07T00:09:44.467+0000] {processor.py:161} INFO - Started process (PID=7036) to work on /home/airflow/.local/lib/python3.8/site-packages/airflow/example_dags/example_branch_operator.py
[2025-01-07T00:09:44.469+0000] {processor.py:830} INFO - Processing file /home/airflow/.local/lib/python3.8/site-packages/airflow/example_dags/example_branch_operator.py for tasks to queue
[2025-01-07T00:09:44.471+0000] {logging_mixin.py:188} INFO - [2025-01-07T00:09:44.471+0000] {dagbag.py:538} INFO - Filling up the DagBag from /home/airflow/.local/lib/python3.8/site-packages/airflow/example_dags/example_branch_operator.py
[2025-01-07T00:09:44.502+0000] {processor.py:840} INFO - DAG(s) 'example_branch_operator' retrieved from /home/airflow/.local/lib/python3.8/site-packages/airflow/example_dags/example_branch_operator.py
[2025-01-07T00:09:44.567+0000] {logging_mixin.py:188} INFO - [2025-01-07T00:09:44.567+0000] {dag.py:3036} INFO - Sync 1 DAGs
[2025-01-07T00:09:44.601+0000] {logging_mixin.py:188} INFO - [2025-01-07T00:09:44.601+0000] {dag.py:3823} INFO - Setting next_dagrun for example_branch_operator to 2025-01-06 00:00:00+00:00, run_after=2025-01-07 00:00:00+00:00
[2025-01-07T00:09:44.628+0000] {processor.py:183} INFO - Processing /home/airflow/.local/lib/python3.8/site-packages/airflow/example_dags/example_branch_operator.py took 0.166 seconds
[2025-01-07T00:10:14.672+0000] {processor.py:161} INFO - Started process (PID=7094) to work on /home/airflow/.local/lib/python3.8/site-packages/airflow/example_dags/example_branch_operator.py
[2025-01-07T00:10:14.674+0000] {processor.py:830} INFO - Processing file /home/airflow/.local/lib/python3.8/site-packages/airflow/example_dags/example_branch_operator.py for tasks to queue
[2025-01-07T00:10:14.677+0000] {logging_mixin.py:188} INFO - [2025-01-07T00:10:14.676+0000] {dagbag.py:538} INFO - Filling up the DagBag from /home/airflow/.local/lib/python3.8/site-packages/airflow/example_dags/example_branch_operator.py
[2025-01-07T00:10:14.709+0000] {processor.py:840} INFO - DAG(s) 'example_branch_operator' retrieved from /home/airflow/.local/lib/python3.8/site-packages/airflow/example_dags/example_branch_operator.py
[2025-01-07T00:10:14.761+0000] {logging_mixin.py:188} INFO - [2025-01-07T00:10:14.761+0000] {dag.py:3036} INFO - Sync 1 DAGs
[2025-01-07T00:10:14.804+0000] {logging_mixin.py:188} INFO - [2025-01-07T00:10:14.804+0000] {dag.py:3823} INFO - Setting next_dagrun for example_branch_operator to 2025-01-06 00:00:00+00:00, run_after=2025-01-07 00:00:00+00:00
[2025-01-07T00:10:14.851+0000] {processor.py:183} INFO - Processing /home/airflow/.local/lib/python3.8/site-packages/airflow/example_dags/example_branch_operator.py took 0.183 seconds
[2025-01-07T00:10:45.239+0000] {processor.py:161} INFO - Started process (PID=7157) to work on /home/airflow/.local/lib/python3.8/site-packages/airflow/example_dags/example_branch_operator.py
[2025-01-07T00:10:45.241+0000] {processor.py:830} INFO - Processing file /home/airflow/.local/lib/python3.8/site-packages/airflow/example_dags/example_branch_operator.py for tasks to queue
[2025-01-07T00:10:45.243+0000] {logging_mixin.py:188} INFO - [2025-01-07T00:10:45.243+0000] {dagbag.py:538} INFO - Filling up the DagBag from /home/airflow/.local/lib/python3.8/site-packages/airflow/example_dags/example_branch_operator.py
[2025-01-07T00:10:45.265+0000] {processor.py:840} INFO - DAG(s) 'example_branch_operator' retrieved from /home/airflow/.local/lib/python3.8/site-packages/airflow/example_dags/example_branch_operator.py
[2025-01-07T00:10:45.307+0000] {logging_mixin.py:188} INFO - [2025-01-07T00:10:45.306+0000] {dag.py:3036} INFO - Sync 1 DAGs
[2025-01-07T00:10:45.353+0000] {logging_mixin.py:188} INFO - [2025-01-07T00:10:45.353+0000] {dag.py:3823} INFO - Setting next_dagrun for example_branch_operator to 2025-01-06 00:00:00+00:00, run_after=2025-01-07 00:00:00+00:00
[2025-01-07T00:10:45.391+0000] {processor.py:183} INFO - Processing /home/airflow/.local/lib/python3.8/site-packages/airflow/example_dags/example_branch_operator.py took 0.156 seconds
[2025-01-07T00:11:15.606+0000] {processor.py:161} INFO - Started process (PID=7214) to work on /home/airflow/.local/lib/python3.8/site-packages/airflow/example_dags/example_branch_operator.py
[2025-01-07T00:11:15.607+0000] {processor.py:830} INFO - Processing file /home/airflow/.local/lib/python3.8/site-packages/airflow/example_dags/example_branch_operator.py for tasks to queue
[2025-01-07T00:11:15.610+0000] {logging_mixin.py:188} INFO - [2025-01-07T00:11:15.610+0000] {dagbag.py:538} INFO - Filling up the DagBag from /home/airflow/.local/lib/python3.8/site-packages/airflow/example_dags/example_branch_operator.py
[2025-01-07T00:11:15.636+0000] {processor.py:840} INFO - DAG(s) 'example_branch_operator' retrieved from /home/airflow/.local/lib/python3.8/site-packages/airflow/example_dags/example_branch_operator.py
[2025-01-07T00:11:15.692+0000] {logging_mixin.py:188} INFO - [2025-01-07T00:11:15.692+0000] {dag.py:3036} INFO - Sync 1 DAGs
[2025-01-07T00:11:15.730+0000] {logging_mixin.py:188} INFO - [2025-01-07T00:11:15.730+0000] {dag.py:3823} INFO - Setting next_dagrun for example_branch_operator to 2025-01-06 00:00:00+00:00, run_after=2025-01-07 00:00:00+00:00
[2025-01-07T00:11:15.751+0000] {processor.py:183} INFO - Processing /home/airflow/.local/lib/python3.8/site-packages/airflow/example_dags/example_branch_operator.py took 0.148 seconds
[2025-01-07T00:11:46.014+0000] {processor.py:161} INFO - Started process (PID=7270) to work on /home/airflow/.local/lib/python3.8/site-packages/airflow/example_dags/example_branch_operator.py
[2025-01-07T00:11:46.016+0000] {processor.py:830} INFO - Processing file /home/airflow/.local/lib/python3.8/site-packages/airflow/example_dags/example_branch_operator.py for tasks to queue
[2025-01-07T00:11:46.018+0000] {logging_mixin.py:188} INFO - [2025-01-07T00:11:46.018+0000] {dagbag.py:538} INFO - Filling up the DagBag from /home/airflow/.local/lib/python3.8/site-packages/airflow/example_dags/example_branch_operator.py
[2025-01-07T00:11:46.041+0000] {processor.py:840} INFO - DAG(s) 'example_branch_operator' retrieved from /home/airflow/.local/lib/python3.8/site-packages/airflow/example_dags/example_branch_operator.py
[2025-01-07T00:11:46.078+0000] {logging_mixin.py:188} INFO - [2025-01-07T00:11:46.077+0000] {dag.py:3036} INFO - Sync 1 DAGs
[2025-01-07T00:11:46.107+0000] {logging_mixin.py:188} INFO - [2025-01-07T00:11:46.107+0000] {dag.py:3823} INFO - Setting next_dagrun for example_branch_operator to 2025-01-06 00:00:00+00:00, run_after=2025-01-07 00:00:00+00:00
[2025-01-07T00:11:46.136+0000] {processor.py:183} INFO - Processing /home/airflow/.local/lib/python3.8/site-packages/airflow/example_dags/example_branch_operator.py took 0.125 seconds
[2025-01-07T00:12:16.201+0000] {processor.py:161} INFO - Started process (PID=7327) to work on /home/airflow/.local/lib/python3.8/site-packages/airflow/example_dags/example_branch_operator.py
[2025-01-07T00:12:16.203+0000] {processor.py:830} INFO - Processing file /home/airflow/.local/lib/python3.8/site-packages/airflow/example_dags/example_branch_operator.py for tasks to queue
[2025-01-07T00:12:16.205+0000] {logging_mixin.py:188} INFO - [2025-01-07T00:12:16.205+0000] {dagbag.py:538} INFO - Filling up the DagBag from /home/airflow/.local/lib/python3.8/site-packages/airflow/example_dags/example_branch_operator.py
[2025-01-07T00:12:16.234+0000] {processor.py:840} INFO - DAG(s) 'example_branch_operator' retrieved from /home/airflow/.local/lib/python3.8/site-packages/airflow/example_dags/example_branch_operator.py
[2025-01-07T00:12:16.279+0000] {logging_mixin.py:188} INFO - [2025-01-07T00:12:16.279+0000] {dag.py:3036} INFO - Sync 1 DAGs
[2025-01-07T00:12:16.310+0000] {logging_mixin.py:188} INFO - [2025-01-07T00:12:16.310+0000] {dag.py:3823} INFO - Setting next_dagrun for example_branch_operator to 2025-01-06 00:00:00+00:00, run_after=2025-01-07 00:00:00+00:00
[2025-01-07T00:12:16.345+0000] {processor.py:183} INFO - Processing /home/airflow/.local/lib/python3.8/site-packages/airflow/example_dags/example_branch_operator.py took 0.149 seconds
[2025-01-07T00:12:47.121+0000] {processor.py:161} INFO - Started process (PID=7384) to work on /home/airflow/.local/lib/python3.8/site-packages/airflow/example_dags/example_branch_operator.py
[2025-01-07T00:12:47.123+0000] {processor.py:830} INFO - Processing file /home/airflow/.local/lib/python3.8/site-packages/airflow/example_dags/example_branch_operator.py for tasks to queue
[2025-01-07T00:12:47.126+0000] {logging_mixin.py:188} INFO - [2025-01-07T00:12:47.125+0000] {dagbag.py:538} INFO - Filling up the DagBag from /home/airflow/.local/lib/python3.8/site-packages/airflow/example_dags/example_branch_operator.py
[2025-01-07T00:12:47.150+0000] {processor.py:840} INFO - DAG(s) 'example_branch_operator' retrieved from /home/airflow/.local/lib/python3.8/site-packages/airflow/example_dags/example_branch_operator.py
[2025-01-07T00:12:47.191+0000] {logging_mixin.py:188} INFO - [2025-01-07T00:12:47.191+0000] {dag.py:3036} INFO - Sync 1 DAGs
[2025-01-07T00:12:47.225+0000] {logging_mixin.py:188} INFO - [2025-01-07T00:12:47.224+0000] {dag.py:3823} INFO - Setting next_dagrun for example_branch_operator to 2025-01-06 00:00:00+00:00, run_after=2025-01-07 00:00:00+00:00
[2025-01-07T00:12:47.254+0000] {processor.py:183} INFO - Processing /home/airflow/.local/lib/python3.8/site-packages/airflow/example_dags/example_branch_operator.py took 0.136 seconds
[2025-01-07T00:13:17.346+0000] {processor.py:161} INFO - Started process (PID=7442) to work on /home/airflow/.local/lib/python3.8/site-packages/airflow/example_dags/example_branch_operator.py
[2025-01-07T00:13:17.348+0000] {processor.py:830} INFO - Processing file /home/airflow/.local/lib/python3.8/site-packages/airflow/example_dags/example_branch_operator.py for tasks to queue
[2025-01-07T00:13:17.352+0000] {logging_mixin.py:188} INFO - [2025-01-07T00:13:17.351+0000] {dagbag.py:538} INFO - Filling up the DagBag from /home/airflow/.local/lib/python3.8/site-packages/airflow/example_dags/example_branch_operator.py
[2025-01-07T00:13:17.379+0000] {processor.py:840} INFO - DAG(s) 'example_branch_operator' retrieved from /home/airflow/.local/lib/python3.8/site-packages/airflow/example_dags/example_branch_operator.py
[2025-01-07T00:13:17.421+0000] {logging_mixin.py:188} INFO - [2025-01-07T00:13:17.421+0000] {dag.py:3036} INFO - Sync 1 DAGs
[2025-01-07T00:13:17.454+0000] {logging_mixin.py:188} INFO - [2025-01-07T00:13:17.453+0000] {dag.py:3823} INFO - Setting next_dagrun for example_branch_operator to 2025-01-06 00:00:00+00:00, run_after=2025-01-07 00:00:00+00:00
[2025-01-07T00:13:17.495+0000] {processor.py:183} INFO - Processing /home/airflow/.local/lib/python3.8/site-packages/airflow/example_dags/example_branch_operator.py took 0.155 seconds
[2025-01-07T00:13:47.901+0000] {processor.py:161} INFO - Started process (PID=7499) to work on /home/airflow/.local/lib/python3.8/site-packages/airflow/example_dags/example_branch_operator.py
[2025-01-07T00:13:47.902+0000] {processor.py:830} INFO - Processing file /home/airflow/.local/lib/python3.8/site-packages/airflow/example_dags/example_branch_operator.py for tasks to queue
[2025-01-07T00:13:47.905+0000] {logging_mixin.py:188} INFO - [2025-01-07T00:13:47.905+0000] {dagbag.py:538} INFO - Filling up the DagBag from /home/airflow/.local/lib/python3.8/site-packages/airflow/example_dags/example_branch_operator.py
[2025-01-07T00:13:47.944+0000] {processor.py:840} INFO - DAG(s) 'example_branch_operator' retrieved from /home/airflow/.local/lib/python3.8/site-packages/airflow/example_dags/example_branch_operator.py
[2025-01-07T00:13:47.995+0000] {logging_mixin.py:188} INFO - [2025-01-07T00:13:47.994+0000] {dag.py:3036} INFO - Sync 1 DAGs
[2025-01-07T00:13:48.039+0000] {logging_mixin.py:188} INFO - [2025-01-07T00:13:48.038+0000] {dag.py:3823} INFO - Setting next_dagrun for example_branch_operator to 2025-01-06 00:00:00+00:00, run_after=2025-01-07 00:00:00+00:00
[2025-01-07T00:13:48.074+0000] {processor.py:183} INFO - Processing /home/airflow/.local/lib/python3.8/site-packages/airflow/example_dags/example_branch_operator.py took 0.178 seconds
[2025-01-07T00:14:18.195+0000] {processor.py:161} INFO - Started process (PID=7554) to work on /home/airflow/.local/lib/python3.8/site-packages/airflow/example_dags/example_branch_operator.py
[2025-01-07T00:14:18.197+0000] {processor.py:830} INFO - Processing file /home/airflow/.local/lib/python3.8/site-packages/airflow/example_dags/example_branch_operator.py for tasks to queue
[2025-01-07T00:14:18.199+0000] {logging_mixin.py:188} INFO - [2025-01-07T00:14:18.199+0000] {dagbag.py:538} INFO - Filling up the DagBag from /home/airflow/.local/lib/python3.8/site-packages/airflow/example_dags/example_branch_operator.py
[2025-01-07T00:14:18.233+0000] {processor.py:840} INFO - DAG(s) 'example_branch_operator' retrieved from /home/airflow/.local/lib/python3.8/site-packages/airflow/example_dags/example_branch_operator.py
[2025-01-07T00:14:18.284+0000] {logging_mixin.py:188} INFO - [2025-01-07T00:14:18.283+0000] {dag.py:3036} INFO - Sync 1 DAGs
[2025-01-07T00:14:18.325+0000] {logging_mixin.py:188} INFO - [2025-01-07T00:14:18.324+0000] {dag.py:3823} INFO - Setting next_dagrun for example_branch_operator to 2025-01-06 00:00:00+00:00, run_after=2025-01-07 00:00:00+00:00
[2025-01-07T00:14:18.349+0000] {processor.py:183} INFO - Processing /home/airflow/.local/lib/python3.8/site-packages/airflow/example_dags/example_branch_operator.py took 0.159 seconds
[2025-01-07T00:14:48.772+0000] {processor.py:161} INFO - Started process (PID=7611) to work on /home/airflow/.local/lib/python3.8/site-packages/airflow/example_dags/example_branch_operator.py
[2025-01-07T00:14:48.774+0000] {processor.py:830} INFO - Processing file /home/airflow/.local/lib/python3.8/site-packages/airflow/example_dags/example_branch_operator.py for tasks to queue
[2025-01-07T00:14:48.776+0000] {logging_mixin.py:188} INFO - [2025-01-07T00:14:48.776+0000] {dagbag.py:538} INFO - Filling up the DagBag from /home/airflow/.local/lib/python3.8/site-packages/airflow/example_dags/example_branch_operator.py
[2025-01-07T00:14:48.811+0000] {processor.py:840} INFO - DAG(s) 'example_branch_operator' retrieved from /home/airflow/.local/lib/python3.8/site-packages/airflow/example_dags/example_branch_operator.py
[2025-01-07T00:14:48.857+0000] {logging_mixin.py:188} INFO - [2025-01-07T00:14:48.857+0000] {dag.py:3036} INFO - Sync 1 DAGs
[2025-01-07T00:14:48.900+0000] {logging_mixin.py:188} INFO - [2025-01-07T00:14:48.899+0000] {dag.py:3823} INFO - Setting next_dagrun for example_branch_operator to 2025-01-06 00:00:00+00:00, run_after=2025-01-07 00:00:00+00:00
[2025-01-07T00:14:48.926+0000] {processor.py:183} INFO - Processing /home/airflow/.local/lib/python3.8/site-packages/airflow/example_dags/example_branch_operator.py took 0.159 seconds
[2025-01-07T00:15:19.165+0000] {processor.py:161} INFO - Started process (PID=7668) to work on /home/airflow/.local/lib/python3.8/site-packages/airflow/example_dags/example_branch_operator.py
[2025-01-07T00:15:19.167+0000] {processor.py:830} INFO - Processing file /home/airflow/.local/lib/python3.8/site-packages/airflow/example_dags/example_branch_operator.py for tasks to queue
[2025-01-07T00:15:19.180+0000] {logging_mixin.py:188} INFO - [2025-01-07T00:15:19.179+0000] {dagbag.py:538} INFO - Filling up the DagBag from /home/airflow/.local/lib/python3.8/site-packages/airflow/example_dags/example_branch_operator.py
[2025-01-07T00:15:19.264+0000] {processor.py:840} INFO - DAG(s) 'example_branch_operator' retrieved from /home/airflow/.local/lib/python3.8/site-packages/airflow/example_dags/example_branch_operator.py
[2025-01-07T00:15:19.385+0000] {logging_mixin.py:188} INFO - [2025-01-07T00:15:19.385+0000] {dag.py:3036} INFO - Sync 1 DAGs
[2025-01-07T00:15:19.426+0000] {logging_mixin.py:188} INFO - [2025-01-07T00:15:19.426+0000] {dag.py:3823} INFO - Setting next_dagrun for example_branch_operator to 2025-01-06 00:00:00+00:00, run_after=2025-01-07 00:00:00+00:00
[2025-01-07T00:15:19.456+0000] {processor.py:183} INFO - Processing /home/airflow/.local/lib/python3.8/site-packages/airflow/example_dags/example_branch_operator.py took 0.303 seconds
[2025-01-07T00:15:49.873+0000] {processor.py:161} INFO - Started process (PID=7725) to work on /home/airflow/.local/lib/python3.8/site-packages/airflow/example_dags/example_branch_operator.py
[2025-01-07T00:15:49.875+0000] {processor.py:830} INFO - Processing file /home/airflow/.local/lib/python3.8/site-packages/airflow/example_dags/example_branch_operator.py for tasks to queue
[2025-01-07T00:15:49.879+0000] {logging_mixin.py:188} INFO - [2025-01-07T00:15:49.878+0000] {dagbag.py:538} INFO - Filling up the DagBag from /home/airflow/.local/lib/python3.8/site-packages/airflow/example_dags/example_branch_operator.py
[2025-01-07T00:15:49.922+0000] {processor.py:840} INFO - DAG(s) 'example_branch_operator' retrieved from /home/airflow/.local/lib/python3.8/site-packages/airflow/example_dags/example_branch_operator.py
[2025-01-07T00:15:49.981+0000] {logging_mixin.py:188} INFO - [2025-01-07T00:15:49.980+0000] {dag.py:3036} INFO - Sync 1 DAGs
[2025-01-07T00:15:50.044+0000] {logging_mixin.py:188} INFO - [2025-01-07T00:15:50.043+0000] {dag.py:3823} INFO - Setting next_dagrun for example_branch_operator to 2025-01-06 00:00:00+00:00, run_after=2025-01-07 00:00:00+00:00
[2025-01-07T00:15:50.098+0000] {processor.py:183} INFO - Processing /home/airflow/.local/lib/python3.8/site-packages/airflow/example_dags/example_branch_operator.py took 0.241 seconds
[2025-01-07T00:16:20.199+0000] {processor.py:161} INFO - Started process (PID=7783) to work on /home/airflow/.local/lib/python3.8/site-packages/airflow/example_dags/example_branch_operator.py
[2025-01-07T00:16:20.201+0000] {processor.py:830} INFO - Processing file /home/airflow/.local/lib/python3.8/site-packages/airflow/example_dags/example_branch_operator.py for tasks to queue
[2025-01-07T00:16:20.204+0000] {logging_mixin.py:188} INFO - [2025-01-07T00:16:20.203+0000] {dagbag.py:538} INFO - Filling up the DagBag from /home/airflow/.local/lib/python3.8/site-packages/airflow/example_dags/example_branch_operator.py
[2025-01-07T00:16:20.244+0000] {processor.py:840} INFO - DAG(s) 'example_branch_operator' retrieved from /home/airflow/.local/lib/python3.8/site-packages/airflow/example_dags/example_branch_operator.py
[2025-01-07T00:16:20.306+0000] {logging_mixin.py:188} INFO - [2025-01-07T00:16:20.305+0000] {dag.py:3036} INFO - Sync 1 DAGs
[2025-01-07T00:16:20.355+0000] {logging_mixin.py:188} INFO - [2025-01-07T00:16:20.354+0000] {dag.py:3823} INFO - Setting next_dagrun for example_branch_operator to 2025-01-06 00:00:00+00:00, run_after=2025-01-07 00:00:00+00:00
[2025-01-07T00:16:20.391+0000] {processor.py:183} INFO - Processing /home/airflow/.local/lib/python3.8/site-packages/airflow/example_dags/example_branch_operator.py took 0.197 seconds
[2025-01-07T00:16:50.859+0000] {processor.py:161} INFO - Started process (PID=7840) to work on /home/airflow/.local/lib/python3.8/site-packages/airflow/example_dags/example_branch_operator.py
[2025-01-07T00:16:50.873+0000] {processor.py:830} INFO - Processing file /home/airflow/.local/lib/python3.8/site-packages/airflow/example_dags/example_branch_operator.py for tasks to queue
[2025-01-07T00:16:50.880+0000] {logging_mixin.py:188} INFO - [2025-01-07T00:16:50.880+0000] {dagbag.py:538} INFO - Filling up the DagBag from /home/airflow/.local/lib/python3.8/site-packages/airflow/example_dags/example_branch_operator.py
[2025-01-07T00:16:51.018+0000] {processor.py:840} INFO - DAG(s) 'example_branch_operator' retrieved from /home/airflow/.local/lib/python3.8/site-packages/airflow/example_dags/example_branch_operator.py
[2025-01-07T00:16:51.267+0000] {logging_mixin.py:188} INFO - [2025-01-07T00:16:51.266+0000] {dag.py:3036} INFO - Sync 1 DAGs
[2025-01-07T00:16:51.427+0000] {logging_mixin.py:188} INFO - [2025-01-07T00:16:51.426+0000] {dag.py:3823} INFO - Setting next_dagrun for example_branch_operator to 2025-01-06 00:00:00+00:00, run_after=2025-01-07 00:00:00+00:00
[2025-01-07T00:16:51.557+0000] {processor.py:183} INFO - Processing /home/airflow/.local/lib/python3.8/site-packages/airflow/example_dags/example_branch_operator.py took 0.703 seconds
[2025-01-07T00:17:22.068+0000] {processor.py:161} INFO - Started process (PID=7896) to work on /home/airflow/.local/lib/python3.8/site-packages/airflow/example_dags/example_branch_operator.py
[2025-01-07T00:17:22.080+0000] {processor.py:830} INFO - Processing file /home/airflow/.local/lib/python3.8/site-packages/airflow/example_dags/example_branch_operator.py for tasks to queue
[2025-01-07T00:17:22.084+0000] {logging_mixin.py:188} INFO - [2025-01-07T00:17:22.083+0000] {dagbag.py:538} INFO - Filling up the DagBag from /home/airflow/.local/lib/python3.8/site-packages/airflow/example_dags/example_branch_operator.py
[2025-01-07T00:17:22.195+0000] {processor.py:840} INFO - DAG(s) 'example_branch_operator' retrieved from /home/airflow/.local/lib/python3.8/site-packages/airflow/example_dags/example_branch_operator.py
[2025-01-07T00:17:22.356+0000] {logging_mixin.py:188} INFO - [2025-01-07T00:17:22.356+0000] {dag.py:3036} INFO - Sync 1 DAGs
[2025-01-07T00:17:22.470+0000] {logging_mixin.py:188} INFO - [2025-01-07T00:17:22.469+0000] {dag.py:3823} INFO - Setting next_dagrun for example_branch_operator to 2025-01-06 00:00:00+00:00, run_after=2025-01-07 00:00:00+00:00
[2025-01-07T00:17:22.550+0000] {processor.py:183} INFO - Processing /home/airflow/.local/lib/python3.8/site-packages/airflow/example_dags/example_branch_operator.py took 0.489 seconds
[2025-01-07T00:17:52.906+0000] {processor.py:161} INFO - Started process (PID=7953) to work on /home/airflow/.local/lib/python3.8/site-packages/airflow/example_dags/example_branch_operator.py
[2025-01-07T00:17:52.915+0000] {processor.py:830} INFO - Processing file /home/airflow/.local/lib/python3.8/site-packages/airflow/example_dags/example_branch_operator.py for tasks to queue
[2025-01-07T00:17:52.928+0000] {logging_mixin.py:188} INFO - [2025-01-07T00:17:52.917+0000] {dagbag.py:538} INFO - Filling up the DagBag from /home/airflow/.local/lib/python3.8/site-packages/airflow/example_dags/example_branch_operator.py
[2025-01-07T00:17:53.024+0000] {processor.py:840} INFO - DAG(s) 'example_branch_operator' retrieved from /home/airflow/.local/lib/python3.8/site-packages/airflow/example_dags/example_branch_operator.py
[2025-01-07T00:17:53.184+0000] {logging_mixin.py:188} INFO - [2025-01-07T00:17:53.173+0000] {dag.py:3036} INFO - Sync 1 DAGs
[2025-01-07T00:17:53.292+0000] {logging_mixin.py:188} INFO - [2025-01-07T00:17:53.291+0000] {dag.py:3823} INFO - Setting next_dagrun for example_branch_operator to 2025-01-06 00:00:00+00:00, run_after=2025-01-07 00:00:00+00:00
[2025-01-07T00:17:53.429+0000] {processor.py:183} INFO - Processing /home/airflow/.local/lib/python3.8/site-packages/airflow/example_dags/example_branch_operator.py took 0.529 seconds
[2025-01-07T00:18:24.473+0000] {processor.py:161} INFO - Started process (PID=8010) to work on /home/airflow/.local/lib/python3.8/site-packages/airflow/example_dags/example_branch_operator.py
[2025-01-07T00:18:24.488+0000] {processor.py:830} INFO - Processing file /home/airflow/.local/lib/python3.8/site-packages/airflow/example_dags/example_branch_operator.py for tasks to queue
[2025-01-07T00:18:24.493+0000] {logging_mixin.py:188} INFO - [2025-01-07T00:18:24.492+0000] {dagbag.py:538} INFO - Filling up the DagBag from /home/airflow/.local/lib/python3.8/site-packages/airflow/example_dags/example_branch_operator.py
[2025-01-07T00:18:24.649+0000] {processor.py:840} INFO - DAG(s) 'example_branch_operator' retrieved from /home/airflow/.local/lib/python3.8/site-packages/airflow/example_dags/example_branch_operator.py
[2025-01-07T00:18:24.884+0000] {logging_mixin.py:188} INFO - [2025-01-07T00:18:24.873+0000] {dag.py:3036} INFO - Sync 1 DAGs
[2025-01-07T00:18:25.048+0000] {logging_mixin.py:188} INFO - [2025-01-07T00:18:25.047+0000] {dag.py:3823} INFO - Setting next_dagrun for example_branch_operator to 2025-01-06 00:00:00+00:00, run_after=2025-01-07 00:00:00+00:00
[2025-01-07T00:18:25.148+0000] {processor.py:183} INFO - Processing /home/airflow/.local/lib/python3.8/site-packages/airflow/example_dags/example_branch_operator.py took 0.699 seconds
[2025-01-07T00:19:03.620+0000] {processor.py:161} INFO - Started process (PID=8072) to work on /home/airflow/.local/lib/python3.8/site-packages/airflow/example_dags/example_branch_operator.py
[2025-01-07T00:19:03.633+0000] {processor.py:830} INFO - Processing file /home/airflow/.local/lib/python3.8/site-packages/airflow/example_dags/example_branch_operator.py for tasks to queue
[2025-01-07T00:19:03.637+0000] {logging_mixin.py:188} INFO - [2025-01-07T00:19:03.636+0000] {dagbag.py:538} INFO - Filling up the DagBag from /home/airflow/.local/lib/python3.8/site-packages/airflow/example_dags/example_branch_operator.py
[2025-01-07T00:19:03.728+0000] {processor.py:840} INFO - DAG(s) 'example_branch_operator' retrieved from /home/airflow/.local/lib/python3.8/site-packages/airflow/example_dags/example_branch_operator.py
[2025-01-07T00:19:03.872+0000] {logging_mixin.py:188} INFO - [2025-01-07T00:19:03.871+0000] {dag.py:3036} INFO - Sync 1 DAGs
[2025-01-07T00:19:04.036+0000] {logging_mixin.py:188} INFO - [2025-01-07T00:19:04.021+0000] {dag.py:3823} INFO - Setting next_dagrun for example_branch_operator to 2025-01-06 00:00:00+00:00, run_after=2025-01-07 00:00:00+00:00
[2025-01-07T00:19:04.137+0000] {processor.py:183} INFO - Processing /home/airflow/.local/lib/python3.8/site-packages/airflow/example_dags/example_branch_operator.py took 0.523 seconds
[2025-01-07T00:19:34.650+0000] {processor.py:161} INFO - Started process (PID=8134) to work on /home/airflow/.local/lib/python3.8/site-packages/airflow/example_dags/example_branch_operator.py
[2025-01-07T00:19:34.653+0000] {processor.py:830} INFO - Processing file /home/airflow/.local/lib/python3.8/site-packages/airflow/example_dags/example_branch_operator.py for tasks to queue
[2025-01-07T00:19:34.662+0000] {logging_mixin.py:188} INFO - [2025-01-07T00:19:34.662+0000] {dagbag.py:538} INFO - Filling up the DagBag from /home/airflow/.local/lib/python3.8/site-packages/airflow/example_dags/example_branch_operator.py
[2025-01-07T00:19:34.734+0000] {processor.py:840} INFO - DAG(s) 'example_branch_operator' retrieved from /home/airflow/.local/lib/python3.8/site-packages/airflow/example_dags/example_branch_operator.py
[2025-01-07T00:19:34.838+0000] {logging_mixin.py:188} INFO - [2025-01-07T00:19:34.838+0000] {dag.py:3036} INFO - Sync 1 DAGs
[2025-01-07T00:19:34.939+0000] {logging_mixin.py:188} INFO - [2025-01-07T00:19:34.938+0000] {dag.py:3823} INFO - Setting next_dagrun for example_branch_operator to 2025-01-06 00:00:00+00:00, run_after=2025-01-07 00:00:00+00:00
[2025-01-07T00:19:35.010+0000] {processor.py:183} INFO - Processing /home/airflow/.local/lib/python3.8/site-packages/airflow/example_dags/example_branch_operator.py took 0.373 seconds
[2025-01-07T00:20:05.180+0000] {processor.py:161} INFO - Started process (PID=8191) to work on /home/airflow/.local/lib/python3.8/site-packages/airflow/example_dags/example_branch_operator.py
[2025-01-07T00:20:05.181+0000] {processor.py:830} INFO - Processing file /home/airflow/.local/lib/python3.8/site-packages/airflow/example_dags/example_branch_operator.py for tasks to queue
[2025-01-07T00:20:05.184+0000] {logging_mixin.py:188} INFO - [2025-01-07T00:20:05.183+0000] {dagbag.py:538} INFO - Filling up the DagBag from /home/airflow/.local/lib/python3.8/site-packages/airflow/example_dags/example_branch_operator.py
[2025-01-07T00:20:05.211+0000] {processor.py:840} INFO - DAG(s) 'example_branch_operator' retrieved from /home/airflow/.local/lib/python3.8/site-packages/airflow/example_dags/example_branch_operator.py
[2025-01-07T00:20:05.273+0000] {logging_mixin.py:188} INFO - [2025-01-07T00:20:05.273+0000] {dag.py:3036} INFO - Sync 1 DAGs
[2025-01-07T00:20:05.332+0000] {logging_mixin.py:188} INFO - [2025-01-07T00:20:05.331+0000] {dag.py:3823} INFO - Setting next_dagrun for example_branch_operator to 2025-01-06 00:00:00+00:00, run_after=2025-01-07 00:00:00+00:00
[2025-01-07T00:20:05.382+0000] {processor.py:183} INFO - Processing /home/airflow/.local/lib/python3.8/site-packages/airflow/example_dags/example_branch_operator.py took 0.207 seconds
[2025-01-07T00:20:35.705+0000] {processor.py:161} INFO - Started process (PID=8248) to work on /home/airflow/.local/lib/python3.8/site-packages/airflow/example_dags/example_branch_operator.py
[2025-01-07T00:20:35.707+0000] {processor.py:830} INFO - Processing file /home/airflow/.local/lib/python3.8/site-packages/airflow/example_dags/example_branch_operator.py for tasks to queue
[2025-01-07T00:20:35.709+0000] {logging_mixin.py:188} INFO - [2025-01-07T00:20:35.709+0000] {dagbag.py:538} INFO - Filling up the DagBag from /home/airflow/.local/lib/python3.8/site-packages/airflow/example_dags/example_branch_operator.py
[2025-01-07T00:20:35.743+0000] {processor.py:840} INFO - DAG(s) 'example_branch_operator' retrieved from /home/airflow/.local/lib/python3.8/site-packages/airflow/example_dags/example_branch_operator.py
[2025-01-07T00:20:35.794+0000] {logging_mixin.py:188} INFO - [2025-01-07T00:20:35.794+0000] {dag.py:3036} INFO - Sync 1 DAGs
[2025-01-07T00:20:35.834+0000] {logging_mixin.py:188} INFO - [2025-01-07T00:20:35.833+0000] {dag.py:3823} INFO - Setting next_dagrun for example_branch_operator to 2025-01-06 00:00:00+00:00, run_after=2025-01-07 00:00:00+00:00
[2025-01-07T00:20:35.864+0000] {processor.py:183} INFO - Processing /home/airflow/.local/lib/python3.8/site-packages/airflow/example_dags/example_branch_operator.py took 0.164 seconds
[2025-01-07T00:21:06.004+0000] {processor.py:161} INFO - Started process (PID=8306) to work on /home/airflow/.local/lib/python3.8/site-packages/airflow/example_dags/example_branch_operator.py
[2025-01-07T00:21:06.006+0000] {processor.py:830} INFO - Processing file /home/airflow/.local/lib/python3.8/site-packages/airflow/example_dags/example_branch_operator.py for tasks to queue
[2025-01-07T00:21:06.008+0000] {logging_mixin.py:188} INFO - [2025-01-07T00:21:06.008+0000] {dagbag.py:538} INFO - Filling up the DagBag from /home/airflow/.local/lib/python3.8/site-packages/airflow/example_dags/example_branch_operator.py
[2025-01-07T00:21:06.037+0000] {processor.py:840} INFO - DAG(s) 'example_branch_operator' retrieved from /home/airflow/.local/lib/python3.8/site-packages/airflow/example_dags/example_branch_operator.py
[2025-01-07T00:21:06.095+0000] {logging_mixin.py:188} INFO - [2025-01-07T00:21:06.094+0000] {dag.py:3036} INFO - Sync 1 DAGs
[2025-01-07T00:21:06.133+0000] {logging_mixin.py:188} INFO - [2025-01-07T00:21:06.132+0000] {dag.py:3823} INFO - Setting next_dagrun for example_branch_operator to 2025-01-06 00:00:00+00:00, run_after=2025-01-07 00:00:00+00:00
[2025-01-07T00:21:06.160+0000] {processor.py:183} INFO - Processing /home/airflow/.local/lib/python3.8/site-packages/airflow/example_dags/example_branch_operator.py took 0.161 seconds
[2025-01-07T00:21:36.458+0000] {processor.py:161} INFO - Started process (PID=8363) to work on /home/airflow/.local/lib/python3.8/site-packages/airflow/example_dags/example_branch_operator.py
[2025-01-07T00:21:36.459+0000] {processor.py:830} INFO - Processing file /home/airflow/.local/lib/python3.8/site-packages/airflow/example_dags/example_branch_operator.py for tasks to queue
[2025-01-07T00:21:36.461+0000] {logging_mixin.py:188} INFO - [2025-01-07T00:21:36.461+0000] {dagbag.py:538} INFO - Filling up the DagBag from /home/airflow/.local/lib/python3.8/site-packages/airflow/example_dags/example_branch_operator.py
[2025-01-07T00:21:36.490+0000] {processor.py:840} INFO - DAG(s) 'example_branch_operator' retrieved from /home/airflow/.local/lib/python3.8/site-packages/airflow/example_dags/example_branch_operator.py
[2025-01-07T00:21:36.538+0000] {logging_mixin.py:188} INFO - [2025-01-07T00:21:36.537+0000] {dag.py:3036} INFO - Sync 1 DAGs
[2025-01-07T00:21:36.578+0000] {logging_mixin.py:188} INFO - [2025-01-07T00:21:36.577+0000] {dag.py:3823} INFO - Setting next_dagrun for example_branch_operator to 2025-01-06 00:00:00+00:00, run_after=2025-01-07 00:00:00+00:00
[2025-01-07T00:21:36.608+0000] {processor.py:183} INFO - Processing /home/airflow/.local/lib/python3.8/site-packages/airflow/example_dags/example_branch_operator.py took 0.155 seconds
[2025-01-07T00:22:07.045+0000] {processor.py:161} INFO - Started process (PID=8420) to work on /home/airflow/.local/lib/python3.8/site-packages/airflow/example_dags/example_branch_operator.py
[2025-01-07T00:22:07.047+0000] {processor.py:830} INFO - Processing file /home/airflow/.local/lib/python3.8/site-packages/airflow/example_dags/example_branch_operator.py for tasks to queue
[2025-01-07T00:22:07.050+0000] {logging_mixin.py:188} INFO - [2025-01-07T00:22:07.049+0000] {dagbag.py:538} INFO - Filling up the DagBag from /home/airflow/.local/lib/python3.8/site-packages/airflow/example_dags/example_branch_operator.py
[2025-01-07T00:22:07.077+0000] {processor.py:840} INFO - DAG(s) 'example_branch_operator' retrieved from /home/airflow/.local/lib/python3.8/site-packages/airflow/example_dags/example_branch_operator.py
[2025-01-07T00:22:07.119+0000] {logging_mixin.py:188} INFO - [2025-01-07T00:22:07.118+0000] {dag.py:3036} INFO - Sync 1 DAGs
[2025-01-07T00:22:07.156+0000] {logging_mixin.py:188} INFO - [2025-01-07T00:22:07.156+0000] {dag.py:3823} INFO - Setting next_dagrun for example_branch_operator to 2025-01-06 00:00:00+00:00, run_after=2025-01-07 00:00:00+00:00
[2025-01-07T00:22:07.183+0000] {processor.py:183} INFO - Processing /home/airflow/.local/lib/python3.8/site-packages/airflow/example_dags/example_branch_operator.py took 0.143 seconds
[2025-01-07T00:22:37.445+0000] {processor.py:161} INFO - Started process (PID=8477) to work on /home/airflow/.local/lib/python3.8/site-packages/airflow/example_dags/example_branch_operator.py
[2025-01-07T00:22:37.447+0000] {processor.py:830} INFO - Processing file /home/airflow/.local/lib/python3.8/site-packages/airflow/example_dags/example_branch_operator.py for tasks to queue
[2025-01-07T00:22:37.450+0000] {logging_mixin.py:188} INFO - [2025-01-07T00:22:37.450+0000] {dagbag.py:538} INFO - Filling up the DagBag from /home/airflow/.local/lib/python3.8/site-packages/airflow/example_dags/example_branch_operator.py
[2025-01-07T00:22:37.480+0000] {processor.py:840} INFO - DAG(s) 'example_branch_operator' retrieved from /home/airflow/.local/lib/python3.8/site-packages/airflow/example_dags/example_branch_operator.py
[2025-01-07T00:22:37.527+0000] {logging_mixin.py:188} INFO - [2025-01-07T00:22:37.527+0000] {dag.py:3036} INFO - Sync 1 DAGs
[2025-01-07T00:22:37.560+0000] {logging_mixin.py:188} INFO - [2025-01-07T00:22:37.560+0000] {dag.py:3823} INFO - Setting next_dagrun for example_branch_operator to 2025-01-06 00:00:00+00:00, run_after=2025-01-07 00:00:00+00:00
[2025-01-07T00:22:37.585+0000] {processor.py:183} INFO - Processing /home/airflow/.local/lib/python3.8/site-packages/airflow/example_dags/example_branch_operator.py took 0.144 seconds
[2025-01-07T00:23:08.462+0000] {processor.py:161} INFO - Started process (PID=8534) to work on /home/airflow/.local/lib/python3.8/site-packages/airflow/example_dags/example_branch_operator.py
[2025-01-07T00:23:08.463+0000] {processor.py:830} INFO - Processing file /home/airflow/.local/lib/python3.8/site-packages/airflow/example_dags/example_branch_operator.py for tasks to queue
[2025-01-07T00:23:08.465+0000] {logging_mixin.py:188} INFO - [2025-01-07T00:23:08.465+0000] {dagbag.py:538} INFO - Filling up the DagBag from /home/airflow/.local/lib/python3.8/site-packages/airflow/example_dags/example_branch_operator.py
[2025-01-07T00:23:08.512+0000] {processor.py:840} INFO - DAG(s) 'example_branch_operator' retrieved from /home/airflow/.local/lib/python3.8/site-packages/airflow/example_dags/example_branch_operator.py
[2025-01-07T00:23:08.580+0000] {logging_mixin.py:188} INFO - [2025-01-07T00:23:08.579+0000] {dag.py:3036} INFO - Sync 1 DAGs
[2025-01-07T00:23:08.644+0000] {logging_mixin.py:188} INFO - [2025-01-07T00:23:08.644+0000] {dag.py:3823} INFO - Setting next_dagrun for example_branch_operator to 2025-01-06 00:00:00+00:00, run_after=2025-01-07 00:00:00+00:00
[2025-01-07T00:23:08.678+0000] {processor.py:183} INFO - Processing /home/airflow/.local/lib/python3.8/site-packages/airflow/example_dags/example_branch_operator.py took 0.220 seconds
[2025-01-07T00:23:39.251+0000] {processor.py:161} INFO - Started process (PID=8591) to work on /home/airflow/.local/lib/python3.8/site-packages/airflow/example_dags/example_branch_operator.py
[2025-01-07T00:23:39.252+0000] {processor.py:830} INFO - Processing file /home/airflow/.local/lib/python3.8/site-packages/airflow/example_dags/example_branch_operator.py for tasks to queue
[2025-01-07T00:23:39.255+0000] {logging_mixin.py:188} INFO - [2025-01-07T00:23:39.254+0000] {dagbag.py:538} INFO - Filling up the DagBag from /home/airflow/.local/lib/python3.8/site-packages/airflow/example_dags/example_branch_operator.py
[2025-01-07T00:23:39.285+0000] {processor.py:840} INFO - DAG(s) 'example_branch_operator' retrieved from /home/airflow/.local/lib/python3.8/site-packages/airflow/example_dags/example_branch_operator.py
[2025-01-07T00:23:39.343+0000] {logging_mixin.py:188} INFO - [2025-01-07T00:23:39.342+0000] {dag.py:3036} INFO - Sync 1 DAGs
[2025-01-07T00:23:39.378+0000] {logging_mixin.py:188} INFO - [2025-01-07T00:23:39.378+0000] {dag.py:3823} INFO - Setting next_dagrun for example_branch_operator to 2025-01-06 00:00:00+00:00, run_after=2025-01-07 00:00:00+00:00
[2025-01-07T00:23:39.404+0000] {processor.py:183} INFO - Processing /home/airflow/.local/lib/python3.8/site-packages/airflow/example_dags/example_branch_operator.py took 0.158 seconds
[2025-01-07T00:24:09.965+0000] {processor.py:161} INFO - Started process (PID=8648) to work on /home/airflow/.local/lib/python3.8/site-packages/airflow/example_dags/example_branch_operator.py
[2025-01-07T00:24:09.966+0000] {processor.py:830} INFO - Processing file /home/airflow/.local/lib/python3.8/site-packages/airflow/example_dags/example_branch_operator.py for tasks to queue
[2025-01-07T00:24:09.970+0000] {logging_mixin.py:188} INFO - [2025-01-07T00:24:09.969+0000] {dagbag.py:538} INFO - Filling up the DagBag from /home/airflow/.local/lib/python3.8/site-packages/airflow/example_dags/example_branch_operator.py
[2025-01-07T00:24:10.005+0000] {processor.py:840} INFO - DAG(s) 'example_branch_operator' retrieved from /home/airflow/.local/lib/python3.8/site-packages/airflow/example_dags/example_branch_operator.py
[2025-01-07T00:24:10.061+0000] {logging_mixin.py:188} INFO - [2025-01-07T00:24:10.061+0000] {dag.py:3036} INFO - Sync 1 DAGs
[2025-01-07T00:24:10.118+0000] {logging_mixin.py:188} INFO - [2025-01-07T00:24:10.118+0000] {dag.py:3823} INFO - Setting next_dagrun for example_branch_operator to 2025-01-06 00:00:00+00:00, run_after=2025-01-07 00:00:00+00:00
[2025-01-07T00:24:10.154+0000] {processor.py:183} INFO - Processing /home/airflow/.local/lib/python3.8/site-packages/airflow/example_dags/example_branch_operator.py took 0.195 seconds
[2025-01-07T00:24:41.057+0000] {processor.py:161} INFO - Started process (PID=8704) to work on /home/airflow/.local/lib/python3.8/site-packages/airflow/example_dags/example_branch_operator.py
[2025-01-07T00:24:41.061+0000] {processor.py:830} INFO - Processing file /home/airflow/.local/lib/python3.8/site-packages/airflow/example_dags/example_branch_operator.py for tasks to queue
[2025-01-07T00:24:41.072+0000] {logging_mixin.py:188} INFO - [2025-01-07T00:24:41.070+0000] {dagbag.py:538} INFO - Filling up the DagBag from /home/airflow/.local/lib/python3.8/site-packages/airflow/example_dags/example_branch_operator.py
[2025-01-07T00:24:41.158+0000] {processor.py:840} INFO - DAG(s) 'example_branch_operator' retrieved from /home/airflow/.local/lib/python3.8/site-packages/airflow/example_dags/example_branch_operator.py
[2025-01-07T00:24:41.276+0000] {logging_mixin.py:188} INFO - [2025-01-07T00:24:41.276+0000] {dag.py:3036} INFO - Sync 1 DAGs
[2025-01-07T00:24:41.391+0000] {logging_mixin.py:188} INFO - [2025-01-07T00:24:41.391+0000] {dag.py:3823} INFO - Setting next_dagrun for example_branch_operator to 2025-01-06 00:00:00+00:00, run_after=2025-01-07 00:00:00+00:00
[2025-01-07T00:24:41.489+0000] {processor.py:183} INFO - Processing /home/airflow/.local/lib/python3.8/site-packages/airflow/example_dags/example_branch_operator.py took 0.440 seconds
