[2025-01-07T00:00:10.017+0000] {processor.py:161} INFO - Started process (PID=5950) to work on /home/airflow/.local/lib/python3.8/site-packages/airflow/example_dags/example_dynamic_task_mapping.py
[2025-01-07T00:00:10.032+0000] {processor.py:830} INFO - Processing file /home/airflow/.local/lib/python3.8/site-packages/airflow/example_dags/example_dynamic_task_mapping.py for tasks to queue
[2025-01-07T00:00:10.066+0000] {logging_mixin.py:188} INFO - [2025-01-07T00:00:10.066+0000] {dagbag.py:538} INFO - Filling up the DagBag from /home/airflow/.local/lib/python3.8/site-packages/airflow/example_dags/example_dynamic_task_mapping.py
[2025-01-07T00:00:10.129+0000] {processor.py:840} INFO - DAG(s) 'example_dynamic_task_mapping' retrieved from /home/airflow/.local/lib/python3.8/site-packages/airflow/example_dags/example_dynamic_task_mapping.py
[2025-01-07T00:00:10.238+0000] {logging_mixin.py:188} INFO - [2025-01-07T00:00:10.237+0000] {dag.py:3036} INFO - Sync 1 DAGs
[2025-01-07T00:00:10.334+0000] {logging_mixin.py:188} INFO - [2025-01-07T00:00:10.334+0000] {dag.py:3823} INFO - Setting next_dagrun for example_dynamic_task_mapping to 2022-03-04 00:00:00+00:00, run_after=2022-03-05 00:00:00+00:00
[2025-01-07T00:00:10.464+0000] {processor.py:183} INFO - Processing /home/airflow/.local/lib/python3.8/site-packages/airflow/example_dags/example_dynamic_task_mapping.py took 0.461 seconds
[2025-01-07T00:00:40.689+0000] {processor.py:161} INFO - Started process (PID=6012) to work on /home/airflow/.local/lib/python3.8/site-packages/airflow/example_dags/example_dynamic_task_mapping.py
[2025-01-07T00:00:40.691+0000] {processor.py:830} INFO - Processing file /home/airflow/.local/lib/python3.8/site-packages/airflow/example_dags/example_dynamic_task_mapping.py for tasks to queue
[2025-01-07T00:00:40.693+0000] {logging_mixin.py:188} INFO - [2025-01-07T00:00:40.693+0000] {dagbag.py:538} INFO - Filling up the DagBag from /home/airflow/.local/lib/python3.8/site-packages/airflow/example_dags/example_dynamic_task_mapping.py
[2025-01-07T00:00:40.701+0000] {processor.py:840} INFO - DAG(s) 'example_dynamic_task_mapping' retrieved from /home/airflow/.local/lib/python3.8/site-packages/airflow/example_dags/example_dynamic_task_mapping.py
[2025-01-07T00:00:40.728+0000] {logging_mixin.py:188} INFO - [2025-01-07T00:00:40.728+0000] {dag.py:3036} INFO - Sync 1 DAGs
[2025-01-07T00:00:40.764+0000] {logging_mixin.py:188} INFO - [2025-01-07T00:00:40.763+0000] {dag.py:3823} INFO - Setting next_dagrun for example_dynamic_task_mapping to 2022-03-04 00:00:00+00:00, run_after=2022-03-05 00:00:00+00:00
[2025-01-07T00:00:40.790+0000] {processor.py:183} INFO - Processing /home/airflow/.local/lib/python3.8/site-packages/airflow/example_dags/example_dynamic_task_mapping.py took 0.105 seconds
[2025-01-07T00:01:10.993+0000] {processor.py:161} INFO - Started process (PID=6070) to work on /home/airflow/.local/lib/python3.8/site-packages/airflow/example_dags/example_dynamic_task_mapping.py
[2025-01-07T00:01:10.995+0000] {processor.py:830} INFO - Processing file /home/airflow/.local/lib/python3.8/site-packages/airflow/example_dags/example_dynamic_task_mapping.py for tasks to queue
[2025-01-07T00:01:10.998+0000] {logging_mixin.py:188} INFO - [2025-01-07T00:01:10.998+0000] {dagbag.py:538} INFO - Filling up the DagBag from /home/airflow/.local/lib/python3.8/site-packages/airflow/example_dags/example_dynamic_task_mapping.py
[2025-01-07T00:01:11.008+0000] {processor.py:840} INFO - DAG(s) 'example_dynamic_task_mapping' retrieved from /home/airflow/.local/lib/python3.8/site-packages/airflow/example_dags/example_dynamic_task_mapping.py
[2025-01-07T00:01:11.042+0000] {logging_mixin.py:188} INFO - [2025-01-07T00:01:11.041+0000] {dag.py:3036} INFO - Sync 1 DAGs
[2025-01-07T00:01:11.085+0000] {logging_mixin.py:188} INFO - [2025-01-07T00:01:11.084+0000] {dag.py:3823} INFO - Setting next_dagrun for example_dynamic_task_mapping to 2022-03-04 00:00:00+00:00, run_after=2022-03-05 00:00:00+00:00
[2025-01-07T00:01:11.128+0000] {processor.py:183} INFO - Processing /home/airflow/.local/lib/python3.8/site-packages/airflow/example_dags/example_dynamic_task_mapping.py took 0.140 seconds
[2025-01-07T00:01:41.268+0000] {processor.py:161} INFO - Started process (PID=6127) to work on /home/airflow/.local/lib/python3.8/site-packages/airflow/example_dags/example_dynamic_task_mapping.py
[2025-01-07T00:01:41.269+0000] {processor.py:830} INFO - Processing file /home/airflow/.local/lib/python3.8/site-packages/airflow/example_dags/example_dynamic_task_mapping.py for tasks to queue
[2025-01-07T00:01:41.272+0000] {logging_mixin.py:188} INFO - [2025-01-07T00:01:41.271+0000] {dagbag.py:538} INFO - Filling up the DagBag from /home/airflow/.local/lib/python3.8/site-packages/airflow/example_dags/example_dynamic_task_mapping.py
[2025-01-07T00:01:41.281+0000] {processor.py:840} INFO - DAG(s) 'example_dynamic_task_mapping' retrieved from /home/airflow/.local/lib/python3.8/site-packages/airflow/example_dags/example_dynamic_task_mapping.py
[2025-01-07T00:01:41.318+0000] {logging_mixin.py:188} INFO - [2025-01-07T00:01:41.317+0000] {dag.py:3036} INFO - Sync 1 DAGs
[2025-01-07T00:01:41.357+0000] {logging_mixin.py:188} INFO - [2025-01-07T00:01:41.356+0000] {dag.py:3823} INFO - Setting next_dagrun for example_dynamic_task_mapping to 2022-03-04 00:00:00+00:00, run_after=2022-03-05 00:00:00+00:00
[2025-01-07T00:01:41.413+0000] {processor.py:183} INFO - Processing /home/airflow/.local/lib/python3.8/site-packages/airflow/example_dags/example_dynamic_task_mapping.py took 0.148 seconds
[2025-01-07T00:02:12.627+0000] {processor.py:161} INFO - Started process (PID=6173) to work on /home/airflow/.local/lib/python3.8/site-packages/airflow/example_dags/example_dynamic_task_mapping.py
[2025-01-07T00:02:12.630+0000] {processor.py:830} INFO - Processing file /home/airflow/.local/lib/python3.8/site-packages/airflow/example_dags/example_dynamic_task_mapping.py for tasks to queue
[2025-01-07T00:02:12.641+0000] {logging_mixin.py:188} INFO - [2025-01-07T00:02:12.641+0000] {dagbag.py:538} INFO - Filling up the DagBag from /home/airflow/.local/lib/python3.8/site-packages/airflow/example_dags/example_dynamic_task_mapping.py
[2025-01-07T00:02:12.679+0000] {processor.py:840} INFO - DAG(s) 'example_dynamic_task_mapping' retrieved from /home/airflow/.local/lib/python3.8/site-packages/airflow/example_dags/example_dynamic_task_mapping.py
[2025-01-07T00:02:12.766+0000] {logging_mixin.py:188} INFO - [2025-01-07T00:02:12.766+0000] {dag.py:3036} INFO - Sync 1 DAGs
[2025-01-07T00:02:12.931+0000] {logging_mixin.py:188} INFO - [2025-01-07T00:02:12.930+0000] {dag.py:3823} INFO - Setting next_dagrun for example_dynamic_task_mapping to 2022-03-04 00:00:00+00:00, run_after=2022-03-05 00:00:00+00:00
[2025-01-07T00:02:13.033+0000] {processor.py:183} INFO - Processing /home/airflow/.local/lib/python3.8/site-packages/airflow/example_dags/example_dynamic_task_mapping.py took 0.411 seconds
[2025-01-07T00:02:45.678+0000] {processor.py:161} INFO - Started process (PID=6246) to work on /home/airflow/.local/lib/python3.8/site-packages/airflow/example_dags/example_dynamic_task_mapping.py
[2025-01-07T00:02:45.681+0000] {processor.py:830} INFO - Processing file /home/airflow/.local/lib/python3.8/site-packages/airflow/example_dags/example_dynamic_task_mapping.py for tasks to queue
[2025-01-07T00:02:45.701+0000] {logging_mixin.py:188} INFO - [2025-01-07T00:02:45.700+0000] {dagbag.py:538} INFO - Filling up the DagBag from /home/airflow/.local/lib/python3.8/site-packages/airflow/example_dags/example_dynamic_task_mapping.py
[2025-01-07T00:02:45.733+0000] {processor.py:840} INFO - DAG(s) 'example_dynamic_task_mapping' retrieved from /home/airflow/.local/lib/python3.8/site-packages/airflow/example_dags/example_dynamic_task_mapping.py
[2025-01-07T00:02:45.795+0000] {logging_mixin.py:188} INFO - [2025-01-07T00:02:45.794+0000] {dag.py:3036} INFO - Sync 1 DAGs
[2025-01-07T00:02:45.906+0000] {logging_mixin.py:188} INFO - [2025-01-07T00:02:45.906+0000] {dag.py:3823} INFO - Setting next_dagrun for example_dynamic_task_mapping to 2022-03-04 00:00:00+00:00, run_after=2022-03-05 00:00:00+00:00
[2025-01-07T00:02:46.034+0000] {processor.py:183} INFO - Processing /home/airflow/.local/lib/python3.8/site-packages/airflow/example_dags/example_dynamic_task_mapping.py took 0.362 seconds
[2025-01-07T00:03:16.912+0000] {processor.py:161} INFO - Started process (PID=6302) to work on /home/airflow/.local/lib/python3.8/site-packages/airflow/example_dags/example_dynamic_task_mapping.py
[2025-01-07T00:03:16.918+0000] {processor.py:830} INFO - Processing file /home/airflow/.local/lib/python3.8/site-packages/airflow/example_dags/example_dynamic_task_mapping.py for tasks to queue
[2025-01-07T00:03:16.924+0000] {logging_mixin.py:188} INFO - [2025-01-07T00:03:16.924+0000] {dagbag.py:538} INFO - Filling up the DagBag from /home/airflow/.local/lib/python3.8/site-packages/airflow/example_dags/example_dynamic_task_mapping.py
[2025-01-07T00:03:16.943+0000] {processor.py:840} INFO - DAG(s) 'example_dynamic_task_mapping' retrieved from /home/airflow/.local/lib/python3.8/site-packages/airflow/example_dags/example_dynamic_task_mapping.py
[2025-01-07T00:03:17.013+0000] {logging_mixin.py:188} INFO - [2025-01-07T00:03:17.013+0000] {dag.py:3036} INFO - Sync 1 DAGs
[2025-01-07T00:03:17.084+0000] {logging_mixin.py:188} INFO - [2025-01-07T00:03:17.083+0000] {dag.py:3823} INFO - Setting next_dagrun for example_dynamic_task_mapping to 2022-03-04 00:00:00+00:00, run_after=2022-03-05 00:00:00+00:00
[2025-01-07T00:03:17.155+0000] {processor.py:183} INFO - Processing /home/airflow/.local/lib/python3.8/site-packages/airflow/example_dags/example_dynamic_task_mapping.py took 0.248 seconds
[2025-01-07T00:03:47.309+0000] {processor.py:161} INFO - Started process (PID=6358) to work on /home/airflow/.local/lib/python3.8/site-packages/airflow/example_dags/example_dynamic_task_mapping.py
[2025-01-07T00:03:47.311+0000] {processor.py:830} INFO - Processing file /home/airflow/.local/lib/python3.8/site-packages/airflow/example_dags/example_dynamic_task_mapping.py for tasks to queue
[2025-01-07T00:03:47.313+0000] {logging_mixin.py:188} INFO - [2025-01-07T00:03:47.313+0000] {dagbag.py:538} INFO - Filling up the DagBag from /home/airflow/.local/lib/python3.8/site-packages/airflow/example_dags/example_dynamic_task_mapping.py
[2025-01-07T00:03:47.322+0000] {processor.py:840} INFO - DAG(s) 'example_dynamic_task_mapping' retrieved from /home/airflow/.local/lib/python3.8/site-packages/airflow/example_dags/example_dynamic_task_mapping.py
[2025-01-07T00:03:47.345+0000] {logging_mixin.py:188} INFO - [2025-01-07T00:03:47.345+0000] {dag.py:3036} INFO - Sync 1 DAGs
[2025-01-07T00:03:47.374+0000] {logging_mixin.py:188} INFO - [2025-01-07T00:03:47.374+0000] {dag.py:3823} INFO - Setting next_dagrun for example_dynamic_task_mapping to 2022-03-04 00:00:00+00:00, run_after=2022-03-05 00:00:00+00:00
[2025-01-07T00:03:47.421+0000] {processor.py:183} INFO - Processing /home/airflow/.local/lib/python3.8/site-packages/airflow/example_dags/example_dynamic_task_mapping.py took 0.116 seconds
[2025-01-07T00:04:17.734+0000] {processor.py:161} INFO - Started process (PID=6416) to work on /home/airflow/.local/lib/python3.8/site-packages/airflow/example_dags/example_dynamic_task_mapping.py
[2025-01-07T00:04:17.736+0000] {processor.py:830} INFO - Processing file /home/airflow/.local/lib/python3.8/site-packages/airflow/example_dags/example_dynamic_task_mapping.py for tasks to queue
[2025-01-07T00:04:17.741+0000] {logging_mixin.py:188} INFO - [2025-01-07T00:04:17.740+0000] {dagbag.py:538} INFO - Filling up the DagBag from /home/airflow/.local/lib/python3.8/site-packages/airflow/example_dags/example_dynamic_task_mapping.py
[2025-01-07T00:04:17.766+0000] {processor.py:840} INFO - DAG(s) 'example_dynamic_task_mapping' retrieved from /home/airflow/.local/lib/python3.8/site-packages/airflow/example_dags/example_dynamic_task_mapping.py
[2025-01-07T00:04:17.809+0000] {logging_mixin.py:188} INFO - [2025-01-07T00:04:17.809+0000] {dag.py:3036} INFO - Sync 1 DAGs
[2025-01-07T00:04:17.847+0000] {logging_mixin.py:188} INFO - [2025-01-07T00:04:17.846+0000] {dag.py:3823} INFO - Setting next_dagrun for example_dynamic_task_mapping to 2022-03-04 00:00:00+00:00, run_after=2022-03-05 00:00:00+00:00
[2025-01-07T00:04:17.873+0000] {processor.py:183} INFO - Processing /home/airflow/.local/lib/python3.8/site-packages/airflow/example_dags/example_dynamic_task_mapping.py took 0.143 seconds
[2025-01-07T00:04:48.001+0000] {processor.py:161} INFO - Started process (PID=6473) to work on /home/airflow/.local/lib/python3.8/site-packages/airflow/example_dags/example_dynamic_task_mapping.py
[2025-01-07T00:04:48.002+0000] {processor.py:830} INFO - Processing file /home/airflow/.local/lib/python3.8/site-packages/airflow/example_dags/example_dynamic_task_mapping.py for tasks to queue
[2025-01-07T00:04:48.004+0000] {logging_mixin.py:188} INFO - [2025-01-07T00:04:48.004+0000] {dagbag.py:538} INFO - Filling up the DagBag from /home/airflow/.local/lib/python3.8/site-packages/airflow/example_dags/example_dynamic_task_mapping.py
[2025-01-07T00:04:48.014+0000] {processor.py:840} INFO - DAG(s) 'example_dynamic_task_mapping' retrieved from /home/airflow/.local/lib/python3.8/site-packages/airflow/example_dags/example_dynamic_task_mapping.py
[2025-01-07T00:04:48.041+0000] {logging_mixin.py:188} INFO - [2025-01-07T00:04:48.040+0000] {dag.py:3036} INFO - Sync 1 DAGs
[2025-01-07T00:04:48.072+0000] {logging_mixin.py:188} INFO - [2025-01-07T00:04:48.072+0000] {dag.py:3823} INFO - Setting next_dagrun for example_dynamic_task_mapping to 2022-03-04 00:00:00+00:00, run_after=2022-03-05 00:00:00+00:00
[2025-01-07T00:04:48.099+0000] {processor.py:183} INFO - Processing /home/airflow/.local/lib/python3.8/site-packages/airflow/example_dags/example_dynamic_task_mapping.py took 0.102 seconds
[2025-01-07T00:05:18.207+0000] {processor.py:161} INFO - Started process (PID=6530) to work on /home/airflow/.local/lib/python3.8/site-packages/airflow/example_dags/example_dynamic_task_mapping.py
[2025-01-07T00:05:18.209+0000] {processor.py:830} INFO - Processing file /home/airflow/.local/lib/python3.8/site-packages/airflow/example_dags/example_dynamic_task_mapping.py for tasks to queue
[2025-01-07T00:05:18.211+0000] {logging_mixin.py:188} INFO - [2025-01-07T00:05:18.211+0000] {dagbag.py:538} INFO - Filling up the DagBag from /home/airflow/.local/lib/python3.8/site-packages/airflow/example_dags/example_dynamic_task_mapping.py
[2025-01-07T00:05:18.222+0000] {processor.py:840} INFO - DAG(s) 'example_dynamic_task_mapping' retrieved from /home/airflow/.local/lib/python3.8/site-packages/airflow/example_dags/example_dynamic_task_mapping.py
[2025-01-07T00:05:18.259+0000] {logging_mixin.py:188} INFO - [2025-01-07T00:05:18.259+0000] {dag.py:3036} INFO - Sync 1 DAGs
[2025-01-07T00:05:18.303+0000] {logging_mixin.py:188} INFO - [2025-01-07T00:05:18.303+0000] {dag.py:3823} INFO - Setting next_dagrun for example_dynamic_task_mapping to 2022-03-04 00:00:00+00:00, run_after=2022-03-05 00:00:00+00:00
[2025-01-07T00:05:18.330+0000] {processor.py:183} INFO - Processing /home/airflow/.local/lib/python3.8/site-packages/airflow/example_dags/example_dynamic_task_mapping.py took 0.128 seconds
[2025-01-07T00:05:49.324+0000] {processor.py:161} INFO - Started process (PID=6587) to work on /home/airflow/.local/lib/python3.8/site-packages/airflow/example_dags/example_dynamic_task_mapping.py
[2025-01-07T00:05:49.327+0000] {processor.py:830} INFO - Processing file /home/airflow/.local/lib/python3.8/site-packages/airflow/example_dags/example_dynamic_task_mapping.py for tasks to queue
[2025-01-07T00:05:49.331+0000] {logging_mixin.py:188} INFO - [2025-01-07T00:05:49.331+0000] {dagbag.py:538} INFO - Filling up the DagBag from /home/airflow/.local/lib/python3.8/site-packages/airflow/example_dags/example_dynamic_task_mapping.py
[2025-01-07T00:05:49.360+0000] {processor.py:840} INFO - DAG(s) 'example_dynamic_task_mapping' retrieved from /home/airflow/.local/lib/python3.8/site-packages/airflow/example_dags/example_dynamic_task_mapping.py
[2025-01-07T00:05:49.427+0000] {logging_mixin.py:188} INFO - [2025-01-07T00:05:49.427+0000] {dag.py:3036} INFO - Sync 1 DAGs
[2025-01-07T00:05:49.496+0000] {logging_mixin.py:188} INFO - [2025-01-07T00:05:49.496+0000] {dag.py:3823} INFO - Setting next_dagrun for example_dynamic_task_mapping to 2022-03-04 00:00:00+00:00, run_after=2022-03-05 00:00:00+00:00
[2025-01-07T00:05:49.554+0000] {processor.py:183} INFO - Processing /home/airflow/.local/lib/python3.8/site-packages/airflow/example_dags/example_dynamic_task_mapping.py took 0.245 seconds
[2025-01-07T00:06:19.752+0000] {processor.py:161} INFO - Started process (PID=6643) to work on /home/airflow/.local/lib/python3.8/site-packages/airflow/example_dags/example_dynamic_task_mapping.py
[2025-01-07T00:06:19.754+0000] {processor.py:830} INFO - Processing file /home/airflow/.local/lib/python3.8/site-packages/airflow/example_dags/example_dynamic_task_mapping.py for tasks to queue
[2025-01-07T00:06:19.756+0000] {logging_mixin.py:188} INFO - [2025-01-07T00:06:19.756+0000] {dagbag.py:538} INFO - Filling up the DagBag from /home/airflow/.local/lib/python3.8/site-packages/airflow/example_dags/example_dynamic_task_mapping.py
[2025-01-07T00:06:19.765+0000] {processor.py:840} INFO - DAG(s) 'example_dynamic_task_mapping' retrieved from /home/airflow/.local/lib/python3.8/site-packages/airflow/example_dags/example_dynamic_task_mapping.py
[2025-01-07T00:06:19.795+0000] {logging_mixin.py:188} INFO - [2025-01-07T00:06:19.795+0000] {dag.py:3036} INFO - Sync 1 DAGs
[2025-01-07T00:06:19.838+0000] {logging_mixin.py:188} INFO - [2025-01-07T00:06:19.838+0000] {dag.py:3823} INFO - Setting next_dagrun for example_dynamic_task_mapping to 2022-03-04 00:00:00+00:00, run_after=2022-03-05 00:00:00+00:00
[2025-01-07T00:06:19.893+0000] {processor.py:183} INFO - Processing /home/airflow/.local/lib/python3.8/site-packages/airflow/example_dags/example_dynamic_task_mapping.py took 0.146 seconds
[2025-01-07T00:06:52.530+0000] {processor.py:161} INFO - Started process (PID=6710) to work on /home/airflow/.local/lib/python3.8/site-packages/airflow/example_dags/example_dynamic_task_mapping.py
[2025-01-07T00:06:52.551+0000] {processor.py:830} INFO - Processing file /home/airflow/.local/lib/python3.8/site-packages/airflow/example_dags/example_dynamic_task_mapping.py for tasks to queue
[2025-01-07T00:06:52.557+0000] {logging_mixin.py:188} INFO - [2025-01-07T00:06:52.557+0000] {dagbag.py:538} INFO - Filling up the DagBag from /home/airflow/.local/lib/python3.8/site-packages/airflow/example_dags/example_dynamic_task_mapping.py
[2025-01-07T00:06:52.583+0000] {processor.py:840} INFO - DAG(s) 'example_dynamic_task_mapping' retrieved from /home/airflow/.local/lib/python3.8/site-packages/airflow/example_dags/example_dynamic_task_mapping.py
[2025-01-07T00:06:52.675+0000] {logging_mixin.py:188} INFO - [2025-01-07T00:06:52.674+0000] {dag.py:3036} INFO - Sync 1 DAGs
[2025-01-07T00:06:52.755+0000] {logging_mixin.py:188} INFO - [2025-01-07T00:06:52.755+0000] {dag.py:3823} INFO - Setting next_dagrun for example_dynamic_task_mapping to 2022-03-04 00:00:00+00:00, run_after=2022-03-05 00:00:00+00:00
[2025-01-07T00:06:52.832+0000] {processor.py:183} INFO - Processing /home/airflow/.local/lib/python3.8/site-packages/airflow/example_dags/example_dynamic_task_mapping.py took 0.309 seconds
[2025-01-07T00:07:22.902+0000] {processor.py:161} INFO - Started process (PID=6767) to work on /home/airflow/.local/lib/python3.8/site-packages/airflow/example_dags/example_dynamic_task_mapping.py
[2025-01-07T00:07:22.903+0000] {processor.py:830} INFO - Processing file /home/airflow/.local/lib/python3.8/site-packages/airflow/example_dags/example_dynamic_task_mapping.py for tasks to queue
[2025-01-07T00:07:22.907+0000] {logging_mixin.py:188} INFO - [2025-01-07T00:07:22.906+0000] {dagbag.py:538} INFO - Filling up the DagBag from /home/airflow/.local/lib/python3.8/site-packages/airflow/example_dags/example_dynamic_task_mapping.py
[2025-01-07T00:07:22.921+0000] {processor.py:840} INFO - DAG(s) 'example_dynamic_task_mapping' retrieved from /home/airflow/.local/lib/python3.8/site-packages/airflow/example_dags/example_dynamic_task_mapping.py
[2025-01-07T00:07:22.946+0000] {logging_mixin.py:188} INFO - [2025-01-07T00:07:22.946+0000] {dag.py:3036} INFO - Sync 1 DAGs
[2025-01-07T00:07:22.974+0000] {logging_mixin.py:188} INFO - [2025-01-07T00:07:22.974+0000] {dag.py:3823} INFO - Setting next_dagrun for example_dynamic_task_mapping to 2022-03-04 00:00:00+00:00, run_after=2022-03-05 00:00:00+00:00
[2025-01-07T00:07:22.998+0000] {processor.py:183} INFO - Processing /home/airflow/.local/lib/python3.8/site-packages/airflow/example_dags/example_dynamic_task_mapping.py took 0.104 seconds
[2025-01-07T00:07:53.080+0000] {processor.py:161} INFO - Started process (PID=6823) to work on /home/airflow/.local/lib/python3.8/site-packages/airflow/example_dags/example_dynamic_task_mapping.py
[2025-01-07T00:07:53.082+0000] {processor.py:830} INFO - Processing file /home/airflow/.local/lib/python3.8/site-packages/airflow/example_dags/example_dynamic_task_mapping.py for tasks to queue
[2025-01-07T00:07:53.085+0000] {logging_mixin.py:188} INFO - [2025-01-07T00:07:53.085+0000] {dagbag.py:538} INFO - Filling up the DagBag from /home/airflow/.local/lib/python3.8/site-packages/airflow/example_dags/example_dynamic_task_mapping.py
[2025-01-07T00:07:53.096+0000] {processor.py:840} INFO - DAG(s) 'example_dynamic_task_mapping' retrieved from /home/airflow/.local/lib/python3.8/site-packages/airflow/example_dags/example_dynamic_task_mapping.py
[2025-01-07T00:07:53.127+0000] {logging_mixin.py:188} INFO - [2025-01-07T00:07:53.127+0000] {dag.py:3036} INFO - Sync 1 DAGs
[2025-01-07T00:07:53.158+0000] {logging_mixin.py:188} INFO - [2025-01-07T00:07:53.158+0000] {dag.py:3823} INFO - Setting next_dagrun for example_dynamic_task_mapping to 2022-03-04 00:00:00+00:00, run_after=2022-03-05 00:00:00+00:00
[2025-01-07T00:07:53.186+0000] {processor.py:183} INFO - Processing /home/airflow/.local/lib/python3.8/site-packages/airflow/example_dags/example_dynamic_task_mapping.py took 0.110 seconds
[2025-01-07T00:08:23.380+0000] {processor.py:161} INFO - Started process (PID=6881) to work on /home/airflow/.local/lib/python3.8/site-packages/airflow/example_dags/example_dynamic_task_mapping.py
[2025-01-07T00:08:23.382+0000] {processor.py:830} INFO - Processing file /home/airflow/.local/lib/python3.8/site-packages/airflow/example_dags/example_dynamic_task_mapping.py for tasks to queue
[2025-01-07T00:08:23.385+0000] {logging_mixin.py:188} INFO - [2025-01-07T00:08:23.384+0000] {dagbag.py:538} INFO - Filling up the DagBag from /home/airflow/.local/lib/python3.8/site-packages/airflow/example_dags/example_dynamic_task_mapping.py
[2025-01-07T00:08:23.393+0000] {processor.py:840} INFO - DAG(s) 'example_dynamic_task_mapping' retrieved from /home/airflow/.local/lib/python3.8/site-packages/airflow/example_dags/example_dynamic_task_mapping.py
[2025-01-07T00:08:23.423+0000] {logging_mixin.py:188} INFO - [2025-01-07T00:08:23.423+0000] {dag.py:3036} INFO - Sync 1 DAGs
[2025-01-07T00:08:23.467+0000] {logging_mixin.py:188} INFO - [2025-01-07T00:08:23.467+0000] {dag.py:3823} INFO - Setting next_dagrun for example_dynamic_task_mapping to 2022-03-04 00:00:00+00:00, run_after=2022-03-05 00:00:00+00:00
[2025-01-07T00:08:23.494+0000] {processor.py:183} INFO - Processing /home/airflow/.local/lib/python3.8/site-packages/airflow/example_dags/example_dynamic_task_mapping.py took 0.119 seconds
[2025-01-07T00:08:54.063+0000] {processor.py:161} INFO - Started process (PID=6948) to work on /home/airflow/.local/lib/python3.8/site-packages/airflow/example_dags/example_dynamic_task_mapping.py
[2025-01-07T00:08:54.078+0000] {processor.py:830} INFO - Processing file /home/airflow/.local/lib/python3.8/site-packages/airflow/example_dags/example_dynamic_task_mapping.py for tasks to queue
[2025-01-07T00:08:54.095+0000] {logging_mixin.py:188} INFO - [2025-01-07T00:08:54.094+0000] {dagbag.py:538} INFO - Filling up the DagBag from /home/airflow/.local/lib/python3.8/site-packages/airflow/example_dags/example_dynamic_task_mapping.py
[2025-01-07T00:08:54.133+0000] {processor.py:840} INFO - DAG(s) 'example_dynamic_task_mapping' retrieved from /home/airflow/.local/lib/python3.8/site-packages/airflow/example_dags/example_dynamic_task_mapping.py
[2025-01-07T00:08:54.225+0000] {logging_mixin.py:188} INFO - [2025-01-07T00:08:54.225+0000] {dag.py:3036} INFO - Sync 1 DAGs
[2025-01-07T00:08:54.315+0000] {logging_mixin.py:188} INFO - [2025-01-07T00:08:54.307+0000] {dag.py:3823} INFO - Setting next_dagrun for example_dynamic_task_mapping to 2022-03-04 00:00:00+00:00, run_after=2022-03-05 00:00:00+00:00
[2025-01-07T00:08:54.402+0000] {processor.py:183} INFO - Processing /home/airflow/.local/lib/python3.8/site-packages/airflow/example_dags/example_dynamic_task_mapping.py took 0.367 seconds
[2025-01-07T00:09:24.807+0000] {processor.py:161} INFO - Started process (PID=7004) to work on /home/airflow/.local/lib/python3.8/site-packages/airflow/example_dags/example_dynamic_task_mapping.py
[2025-01-07T00:09:24.809+0000] {processor.py:830} INFO - Processing file /home/airflow/.local/lib/python3.8/site-packages/airflow/example_dags/example_dynamic_task_mapping.py for tasks to queue
[2025-01-07T00:09:24.812+0000] {logging_mixin.py:188} INFO - [2025-01-07T00:09:24.811+0000] {dagbag.py:538} INFO - Filling up the DagBag from /home/airflow/.local/lib/python3.8/site-packages/airflow/example_dags/example_dynamic_task_mapping.py
[2025-01-07T00:09:24.823+0000] {processor.py:840} INFO - DAG(s) 'example_dynamic_task_mapping' retrieved from /home/airflow/.local/lib/python3.8/site-packages/airflow/example_dags/example_dynamic_task_mapping.py
[2025-01-07T00:09:24.850+0000] {logging_mixin.py:188} INFO - [2025-01-07T00:09:24.849+0000] {dag.py:3036} INFO - Sync 1 DAGs
[2025-01-07T00:09:24.912+0000] {logging_mixin.py:188} INFO - [2025-01-07T00:09:24.908+0000] {dag.py:3823} INFO - Setting next_dagrun for example_dynamic_task_mapping to 2022-03-04 00:00:00+00:00, run_after=2022-03-05 00:00:00+00:00
[2025-01-07T00:09:24.963+0000] {processor.py:183} INFO - Processing /home/airflow/.local/lib/python3.8/site-packages/airflow/example_dags/example_dynamic_task_mapping.py took 0.160 seconds
[2025-01-07T00:09:55.338+0000] {processor.py:161} INFO - Started process (PID=7062) to work on /home/airflow/.local/lib/python3.8/site-packages/airflow/example_dags/example_dynamic_task_mapping.py
[2025-01-07T00:09:55.339+0000] {processor.py:830} INFO - Processing file /home/airflow/.local/lib/python3.8/site-packages/airflow/example_dags/example_dynamic_task_mapping.py for tasks to queue
[2025-01-07T00:09:55.342+0000] {logging_mixin.py:188} INFO - [2025-01-07T00:09:55.342+0000] {dagbag.py:538} INFO - Filling up the DagBag from /home/airflow/.local/lib/python3.8/site-packages/airflow/example_dags/example_dynamic_task_mapping.py
[2025-01-07T00:09:55.349+0000] {processor.py:840} INFO - DAG(s) 'example_dynamic_task_mapping' retrieved from /home/airflow/.local/lib/python3.8/site-packages/airflow/example_dags/example_dynamic_task_mapping.py
[2025-01-07T00:09:55.376+0000] {logging_mixin.py:188} INFO - [2025-01-07T00:09:55.375+0000] {dag.py:3036} INFO - Sync 1 DAGs
[2025-01-07T00:09:55.405+0000] {logging_mixin.py:188} INFO - [2025-01-07T00:09:55.405+0000] {dag.py:3823} INFO - Setting next_dagrun for example_dynamic_task_mapping to 2022-03-04 00:00:00+00:00, run_after=2022-03-05 00:00:00+00:00
[2025-01-07T00:09:55.435+0000] {processor.py:183} INFO - Processing /home/airflow/.local/lib/python3.8/site-packages/airflow/example_dags/example_dynamic_task_mapping.py took 0.101 seconds
[2025-01-07T00:10:25.633+0000] {processor.py:161} INFO - Started process (PID=7119) to work on /home/airflow/.local/lib/python3.8/site-packages/airflow/example_dags/example_dynamic_task_mapping.py
[2025-01-07T00:10:25.635+0000] {processor.py:830} INFO - Processing file /home/airflow/.local/lib/python3.8/site-packages/airflow/example_dags/example_dynamic_task_mapping.py for tasks to queue
[2025-01-07T00:10:25.638+0000] {logging_mixin.py:188} INFO - [2025-01-07T00:10:25.638+0000] {dagbag.py:538} INFO - Filling up the DagBag from /home/airflow/.local/lib/python3.8/site-packages/airflow/example_dags/example_dynamic_task_mapping.py
[2025-01-07T00:10:25.650+0000] {processor.py:840} INFO - DAG(s) 'example_dynamic_task_mapping' retrieved from /home/airflow/.local/lib/python3.8/site-packages/airflow/example_dags/example_dynamic_task_mapping.py
[2025-01-07T00:10:25.681+0000] {logging_mixin.py:188} INFO - [2025-01-07T00:10:25.681+0000] {dag.py:3036} INFO - Sync 1 DAGs
[2025-01-07T00:10:25.720+0000] {logging_mixin.py:188} INFO - [2025-01-07T00:10:25.720+0000] {dag.py:3823} INFO - Setting next_dagrun for example_dynamic_task_mapping to 2022-03-04 00:00:00+00:00, run_after=2022-03-05 00:00:00+00:00
[2025-01-07T00:10:25.763+0000] {processor.py:183} INFO - Processing /home/airflow/.local/lib/python3.8/site-packages/airflow/example_dags/example_dynamic_task_mapping.py took 0.135 seconds
[2025-01-07T00:10:55.968+0000] {processor.py:161} INFO - Started process (PID=7176) to work on /home/airflow/.local/lib/python3.8/site-packages/airflow/example_dags/example_dynamic_task_mapping.py
[2025-01-07T00:10:55.970+0000] {processor.py:830} INFO - Processing file /home/airflow/.local/lib/python3.8/site-packages/airflow/example_dags/example_dynamic_task_mapping.py for tasks to queue
[2025-01-07T00:10:55.972+0000] {logging_mixin.py:188} INFO - [2025-01-07T00:10:55.972+0000] {dagbag.py:538} INFO - Filling up the DagBag from /home/airflow/.local/lib/python3.8/site-packages/airflow/example_dags/example_dynamic_task_mapping.py
[2025-01-07T00:10:55.979+0000] {processor.py:840} INFO - DAG(s) 'example_dynamic_task_mapping' retrieved from /home/airflow/.local/lib/python3.8/site-packages/airflow/example_dags/example_dynamic_task_mapping.py
[2025-01-07T00:10:56.003+0000] {logging_mixin.py:188} INFO - [2025-01-07T00:10:56.002+0000] {dag.py:3036} INFO - Sync 1 DAGs
[2025-01-07T00:10:56.029+0000] {logging_mixin.py:188} INFO - [2025-01-07T00:10:56.028+0000] {dag.py:3823} INFO - Setting next_dagrun for example_dynamic_task_mapping to 2022-03-04 00:00:00+00:00, run_after=2022-03-05 00:00:00+00:00
[2025-01-07T00:10:56.054+0000] {processor.py:183} INFO - Processing /home/airflow/.local/lib/python3.8/site-packages/airflow/example_dags/example_dynamic_task_mapping.py took 0.091 seconds
[2025-01-07T00:11:26.391+0000] {processor.py:161} INFO - Started process (PID=7233) to work on /home/airflow/.local/lib/python3.8/site-packages/airflow/example_dags/example_dynamic_task_mapping.py
[2025-01-07T00:11:26.393+0000] {processor.py:830} INFO - Processing file /home/airflow/.local/lib/python3.8/site-packages/airflow/example_dags/example_dynamic_task_mapping.py for tasks to queue
[2025-01-07T00:11:26.395+0000] {logging_mixin.py:188} INFO - [2025-01-07T00:11:26.395+0000] {dagbag.py:538} INFO - Filling up the DagBag from /home/airflow/.local/lib/python3.8/site-packages/airflow/example_dags/example_dynamic_task_mapping.py
[2025-01-07T00:11:26.402+0000] {processor.py:840} INFO - DAG(s) 'example_dynamic_task_mapping' retrieved from /home/airflow/.local/lib/python3.8/site-packages/airflow/example_dags/example_dynamic_task_mapping.py
[2025-01-07T00:11:26.427+0000] {logging_mixin.py:188} INFO - [2025-01-07T00:11:26.427+0000] {dag.py:3036} INFO - Sync 1 DAGs
[2025-01-07T00:11:26.454+0000] {logging_mixin.py:188} INFO - [2025-01-07T00:11:26.454+0000] {dag.py:3823} INFO - Setting next_dagrun for example_dynamic_task_mapping to 2022-03-04 00:00:00+00:00, run_after=2022-03-05 00:00:00+00:00
[2025-01-07T00:11:26.481+0000] {processor.py:183} INFO - Processing /home/airflow/.local/lib/python3.8/site-packages/airflow/example_dags/example_dynamic_task_mapping.py took 0.094 seconds
[2025-01-07T00:11:57.042+0000] {processor.py:161} INFO - Started process (PID=7289) to work on /home/airflow/.local/lib/python3.8/site-packages/airflow/example_dags/example_dynamic_task_mapping.py
[2025-01-07T00:11:57.043+0000] {processor.py:830} INFO - Processing file /home/airflow/.local/lib/python3.8/site-packages/airflow/example_dags/example_dynamic_task_mapping.py for tasks to queue
[2025-01-07T00:11:57.045+0000] {logging_mixin.py:188} INFO - [2025-01-07T00:11:57.045+0000] {dagbag.py:538} INFO - Filling up the DagBag from /home/airflow/.local/lib/python3.8/site-packages/airflow/example_dags/example_dynamic_task_mapping.py
[2025-01-07T00:11:57.055+0000] {processor.py:840} INFO - DAG(s) 'example_dynamic_task_mapping' retrieved from /home/airflow/.local/lib/python3.8/site-packages/airflow/example_dags/example_dynamic_task_mapping.py
[2025-01-07T00:11:57.080+0000] {logging_mixin.py:188} INFO - [2025-01-07T00:11:57.080+0000] {dag.py:3036} INFO - Sync 1 DAGs
[2025-01-07T00:11:57.110+0000] {logging_mixin.py:188} INFO - [2025-01-07T00:11:57.110+0000] {dag.py:3823} INFO - Setting next_dagrun for example_dynamic_task_mapping to 2022-03-04 00:00:00+00:00, run_after=2022-03-05 00:00:00+00:00
[2025-01-07T00:11:57.134+0000] {processor.py:183} INFO - Processing /home/airflow/.local/lib/python3.8/site-packages/airflow/example_dags/example_dynamic_task_mapping.py took 0.097 seconds
[2025-01-07T00:12:27.521+0000] {processor.py:161} INFO - Started process (PID=7346) to work on /home/airflow/.local/lib/python3.8/site-packages/airflow/example_dags/example_dynamic_task_mapping.py
[2025-01-07T00:12:27.523+0000] {processor.py:830} INFO - Processing file /home/airflow/.local/lib/python3.8/site-packages/airflow/example_dags/example_dynamic_task_mapping.py for tasks to queue
[2025-01-07T00:12:27.525+0000] {logging_mixin.py:188} INFO - [2025-01-07T00:12:27.525+0000] {dagbag.py:538} INFO - Filling up the DagBag from /home/airflow/.local/lib/python3.8/site-packages/airflow/example_dags/example_dynamic_task_mapping.py
[2025-01-07T00:12:27.533+0000] {processor.py:840} INFO - DAG(s) 'example_dynamic_task_mapping' retrieved from /home/airflow/.local/lib/python3.8/site-packages/airflow/example_dags/example_dynamic_task_mapping.py
[2025-01-07T00:12:27.557+0000] {logging_mixin.py:188} INFO - [2025-01-07T00:12:27.557+0000] {dag.py:3036} INFO - Sync 1 DAGs
[2025-01-07T00:12:27.590+0000] {logging_mixin.py:188} INFO - [2025-01-07T00:12:27.590+0000] {dag.py:3823} INFO - Setting next_dagrun for example_dynamic_task_mapping to 2022-03-04 00:00:00+00:00, run_after=2022-03-05 00:00:00+00:00
[2025-01-07T00:12:27.615+0000] {processor.py:183} INFO - Processing /home/airflow/.local/lib/python3.8/site-packages/airflow/example_dags/example_dynamic_task_mapping.py took 0.098 seconds
[2025-01-07T00:12:58.048+0000] {processor.py:161} INFO - Started process (PID=7403) to work on /home/airflow/.local/lib/python3.8/site-packages/airflow/example_dags/example_dynamic_task_mapping.py
[2025-01-07T00:12:58.054+0000] {processor.py:830} INFO - Processing file /home/airflow/.local/lib/python3.8/site-packages/airflow/example_dags/example_dynamic_task_mapping.py for tasks to queue
[2025-01-07T00:12:58.057+0000] {logging_mixin.py:188} INFO - [2025-01-07T00:12:58.057+0000] {dagbag.py:538} INFO - Filling up the DagBag from /home/airflow/.local/lib/python3.8/site-packages/airflow/example_dags/example_dynamic_task_mapping.py
[2025-01-07T00:12:58.067+0000] {processor.py:840} INFO - DAG(s) 'example_dynamic_task_mapping' retrieved from /home/airflow/.local/lib/python3.8/site-packages/airflow/example_dags/example_dynamic_task_mapping.py
[2025-01-07T00:12:58.098+0000] {logging_mixin.py:188} INFO - [2025-01-07T00:12:58.097+0000] {dag.py:3036} INFO - Sync 1 DAGs
[2025-01-07T00:12:58.135+0000] {logging_mixin.py:188} INFO - [2025-01-07T00:12:58.135+0000] {dag.py:3823} INFO - Setting next_dagrun for example_dynamic_task_mapping to 2022-03-04 00:00:00+00:00, run_after=2022-03-05 00:00:00+00:00
[2025-01-07T00:12:58.163+0000] {processor.py:183} INFO - Processing /home/airflow/.local/lib/python3.8/site-packages/airflow/example_dags/example_dynamic_task_mapping.py took 0.121 seconds
[2025-01-07T00:13:28.560+0000] {processor.py:161} INFO - Started process (PID=7461) to work on /home/airflow/.local/lib/python3.8/site-packages/airflow/example_dags/example_dynamic_task_mapping.py
[2025-01-07T00:13:28.561+0000] {processor.py:830} INFO - Processing file /home/airflow/.local/lib/python3.8/site-packages/airflow/example_dags/example_dynamic_task_mapping.py for tasks to queue
[2025-01-07T00:13:28.564+0000] {logging_mixin.py:188} INFO - [2025-01-07T00:13:28.564+0000] {dagbag.py:538} INFO - Filling up the DagBag from /home/airflow/.local/lib/python3.8/site-packages/airflow/example_dags/example_dynamic_task_mapping.py
[2025-01-07T00:13:28.574+0000] {processor.py:840} INFO - DAG(s) 'example_dynamic_task_mapping' retrieved from /home/airflow/.local/lib/python3.8/site-packages/airflow/example_dags/example_dynamic_task_mapping.py
[2025-01-07T00:13:28.603+0000] {logging_mixin.py:188} INFO - [2025-01-07T00:13:28.602+0000] {dag.py:3036} INFO - Sync 1 DAGs
[2025-01-07T00:13:28.634+0000] {logging_mixin.py:188} INFO - [2025-01-07T00:13:28.634+0000] {dag.py:3823} INFO - Setting next_dagrun for example_dynamic_task_mapping to 2022-03-04 00:00:00+00:00, run_after=2022-03-05 00:00:00+00:00
[2025-01-07T00:13:28.661+0000] {processor.py:183} INFO - Processing /home/airflow/.local/lib/python3.8/site-packages/airflow/example_dags/example_dynamic_task_mapping.py took 0.106 seconds
[2025-01-07T00:13:58.924+0000] {processor.py:161} INFO - Started process (PID=7518) to work on /home/airflow/.local/lib/python3.8/site-packages/airflow/example_dags/example_dynamic_task_mapping.py
[2025-01-07T00:13:58.925+0000] {processor.py:830} INFO - Processing file /home/airflow/.local/lib/python3.8/site-packages/airflow/example_dags/example_dynamic_task_mapping.py for tasks to queue
[2025-01-07T00:13:58.928+0000] {logging_mixin.py:188} INFO - [2025-01-07T00:13:58.928+0000] {dagbag.py:538} INFO - Filling up the DagBag from /home/airflow/.local/lib/python3.8/site-packages/airflow/example_dags/example_dynamic_task_mapping.py
[2025-01-07T00:13:58.936+0000] {processor.py:840} INFO - DAG(s) 'example_dynamic_task_mapping' retrieved from /home/airflow/.local/lib/python3.8/site-packages/airflow/example_dags/example_dynamic_task_mapping.py
[2025-01-07T00:13:58.960+0000] {logging_mixin.py:188} INFO - [2025-01-07T00:13:58.960+0000] {dag.py:3036} INFO - Sync 1 DAGs
[2025-01-07T00:13:58.986+0000] {logging_mixin.py:188} INFO - [2025-01-07T00:13:58.985+0000] {dag.py:3823} INFO - Setting next_dagrun for example_dynamic_task_mapping to 2022-03-04 00:00:00+00:00, run_after=2022-03-05 00:00:00+00:00
[2025-01-07T00:13:59.015+0000] {processor.py:183} INFO - Processing /home/airflow/.local/lib/python3.8/site-packages/airflow/example_dags/example_dynamic_task_mapping.py took 0.095 seconds
[2025-01-07T00:14:29.576+0000] {processor.py:161} INFO - Started process (PID=7575) to work on /home/airflow/.local/lib/python3.8/site-packages/airflow/example_dags/example_dynamic_task_mapping.py
[2025-01-07T00:14:29.578+0000] {processor.py:830} INFO - Processing file /home/airflow/.local/lib/python3.8/site-packages/airflow/example_dags/example_dynamic_task_mapping.py for tasks to queue
[2025-01-07T00:14:29.581+0000] {logging_mixin.py:188} INFO - [2025-01-07T00:14:29.581+0000] {dagbag.py:538} INFO - Filling up the DagBag from /home/airflow/.local/lib/python3.8/site-packages/airflow/example_dags/example_dynamic_task_mapping.py
[2025-01-07T00:14:29.593+0000] {processor.py:840} INFO - DAG(s) 'example_dynamic_task_mapping' retrieved from /home/airflow/.local/lib/python3.8/site-packages/airflow/example_dags/example_dynamic_task_mapping.py
[2025-01-07T00:14:29.623+0000] {logging_mixin.py:188} INFO - [2025-01-07T00:14:29.622+0000] {dag.py:3036} INFO - Sync 1 DAGs
[2025-01-07T00:14:29.660+0000] {logging_mixin.py:188} INFO - [2025-01-07T00:14:29.660+0000] {dag.py:3823} INFO - Setting next_dagrun for example_dynamic_task_mapping to 2022-03-04 00:00:00+00:00, run_after=2022-03-05 00:00:00+00:00
[2025-01-07T00:14:29.690+0000] {processor.py:183} INFO - Processing /home/airflow/.local/lib/python3.8/site-packages/airflow/example_dags/example_dynamic_task_mapping.py took 0.118 seconds
[2025-01-07T00:14:59.911+0000] {processor.py:161} INFO - Started process (PID=7632) to work on /home/airflow/.local/lib/python3.8/site-packages/airflow/example_dags/example_dynamic_task_mapping.py
[2025-01-07T00:14:59.919+0000] {processor.py:830} INFO - Processing file /home/airflow/.local/lib/python3.8/site-packages/airflow/example_dags/example_dynamic_task_mapping.py for tasks to queue
[2025-01-07T00:14:59.922+0000] {logging_mixin.py:188} INFO - [2025-01-07T00:14:59.922+0000] {dagbag.py:538} INFO - Filling up the DagBag from /home/airflow/.local/lib/python3.8/site-packages/airflow/example_dags/example_dynamic_task_mapping.py
[2025-01-07T00:14:59.937+0000] {processor.py:840} INFO - DAG(s) 'example_dynamic_task_mapping' retrieved from /home/airflow/.local/lib/python3.8/site-packages/airflow/example_dags/example_dynamic_task_mapping.py
[2025-01-07T00:15:00.001+0000] {logging_mixin.py:188} INFO - [2025-01-07T00:15:00.001+0000] {dag.py:3036} INFO - Sync 1 DAGs
[2025-01-07T00:15:00.053+0000] {logging_mixin.py:188} INFO - [2025-01-07T00:15:00.052+0000] {dag.py:3823} INFO - Setting next_dagrun for example_dynamic_task_mapping to 2022-03-04 00:00:00+00:00, run_after=2022-03-05 00:00:00+00:00
[2025-01-07T00:15:00.089+0000] {processor.py:183} INFO - Processing /home/airflow/.local/lib/python3.8/site-packages/airflow/example_dags/example_dynamic_task_mapping.py took 0.192 seconds
[2025-01-07T00:15:30.620+0000] {processor.py:161} INFO - Started process (PID=7689) to work on /home/airflow/.local/lib/python3.8/site-packages/airflow/example_dags/example_dynamic_task_mapping.py
[2025-01-07T00:15:30.621+0000] {processor.py:830} INFO - Processing file /home/airflow/.local/lib/python3.8/site-packages/airflow/example_dags/example_dynamic_task_mapping.py for tasks to queue
[2025-01-07T00:15:30.624+0000] {logging_mixin.py:188} INFO - [2025-01-07T00:15:30.624+0000] {dagbag.py:538} INFO - Filling up the DagBag from /home/airflow/.local/lib/python3.8/site-packages/airflow/example_dags/example_dynamic_task_mapping.py
[2025-01-07T00:15:30.634+0000] {processor.py:840} INFO - DAG(s) 'example_dynamic_task_mapping' retrieved from /home/airflow/.local/lib/python3.8/site-packages/airflow/example_dags/example_dynamic_task_mapping.py
[2025-01-07T00:15:30.661+0000] {logging_mixin.py:188} INFO - [2025-01-07T00:15:30.660+0000] {dag.py:3036} INFO - Sync 1 DAGs
[2025-01-07T00:15:30.689+0000] {logging_mixin.py:188} INFO - [2025-01-07T00:15:30.689+0000] {dag.py:3823} INFO - Setting next_dagrun for example_dynamic_task_mapping to 2022-03-04 00:00:00+00:00, run_after=2022-03-05 00:00:00+00:00
[2025-01-07T00:15:30.714+0000] {processor.py:183} INFO - Processing /home/airflow/.local/lib/python3.8/site-packages/airflow/example_dags/example_dynamic_task_mapping.py took 0.098 seconds
[2025-01-07T00:16:02.088+0000] {processor.py:161} INFO - Started process (PID=7746) to work on /home/airflow/.local/lib/python3.8/site-packages/airflow/example_dags/example_dynamic_task_mapping.py
[2025-01-07T00:16:02.100+0000] {processor.py:830} INFO - Processing file /home/airflow/.local/lib/python3.8/site-packages/airflow/example_dags/example_dynamic_task_mapping.py for tasks to queue
[2025-01-07T00:16:02.104+0000] {logging_mixin.py:188} INFO - [2025-01-07T00:16:02.103+0000] {dagbag.py:538} INFO - Filling up the DagBag from /home/airflow/.local/lib/python3.8/site-packages/airflow/example_dags/example_dynamic_task_mapping.py
[2025-01-07T00:16:02.148+0000] {processor.py:840} INFO - DAG(s) 'example_dynamic_task_mapping' retrieved from /home/airflow/.local/lib/python3.8/site-packages/airflow/example_dags/example_dynamic_task_mapping.py
[2025-01-07T00:16:02.247+0000] {logging_mixin.py:188} INFO - [2025-01-07T00:16:02.236+0000] {dag.py:3036} INFO - Sync 1 DAGs
[2025-01-07T00:16:02.366+0000] {logging_mixin.py:188} INFO - [2025-01-07T00:16:02.366+0000] {dag.py:3823} INFO - Setting next_dagrun for example_dynamic_task_mapping to 2022-03-04 00:00:00+00:00, run_after=2022-03-05 00:00:00+00:00
[2025-01-07T00:16:02.455+0000] {processor.py:183} INFO - Processing /home/airflow/.local/lib/python3.8/site-packages/airflow/example_dags/example_dynamic_task_mapping.py took 0.373 seconds
[2025-01-07T00:16:34.190+0000] {processor.py:161} INFO - Started process (PID=7804) to work on /home/airflow/.local/lib/python3.8/site-packages/airflow/example_dags/example_dynamic_task_mapping.py
[2025-01-07T00:16:34.192+0000] {processor.py:830} INFO - Processing file /home/airflow/.local/lib/python3.8/site-packages/airflow/example_dags/example_dynamic_task_mapping.py for tasks to queue
[2025-01-07T00:16:34.206+0000] {logging_mixin.py:188} INFO - [2025-01-07T00:16:34.205+0000] {dagbag.py:538} INFO - Filling up the DagBag from /home/airflow/.local/lib/python3.8/site-packages/airflow/example_dags/example_dynamic_task_mapping.py
[2025-01-07T00:16:34.255+0000] {processor.py:840} INFO - DAG(s) 'example_dynamic_task_mapping' retrieved from /home/airflow/.local/lib/python3.8/site-packages/airflow/example_dags/example_dynamic_task_mapping.py
[2025-01-07T00:16:34.336+0000] {logging_mixin.py:188} INFO - [2025-01-07T00:16:34.335+0000] {dag.py:3036} INFO - Sync 1 DAGs
[2025-01-07T00:16:34.443+0000] {logging_mixin.py:188} INFO - [2025-01-07T00:16:34.442+0000] {dag.py:3823} INFO - Setting next_dagrun for example_dynamic_task_mapping to 2022-03-04 00:00:00+00:00, run_after=2022-03-05 00:00:00+00:00
[2025-01-07T00:16:34.512+0000] {processor.py:183} INFO - Processing /home/airflow/.local/lib/python3.8/site-packages/airflow/example_dags/example_dynamic_task_mapping.py took 0.333 seconds
[2025-01-07T00:17:04.766+0000] {processor.py:161} INFO - Started process (PID=7859) to work on /home/airflow/.local/lib/python3.8/site-packages/airflow/example_dags/example_dynamic_task_mapping.py
[2025-01-07T00:17:04.778+0000] {processor.py:830} INFO - Processing file /home/airflow/.local/lib/python3.8/site-packages/airflow/example_dags/example_dynamic_task_mapping.py for tasks to queue
[2025-01-07T00:17:04.782+0000] {logging_mixin.py:188} INFO - [2025-01-07T00:17:04.781+0000] {dagbag.py:538} INFO - Filling up the DagBag from /home/airflow/.local/lib/python3.8/site-packages/airflow/example_dags/example_dynamic_task_mapping.py
[2025-01-07T00:17:04.825+0000] {processor.py:840} INFO - DAG(s) 'example_dynamic_task_mapping' retrieved from /home/airflow/.local/lib/python3.8/site-packages/airflow/example_dags/example_dynamic_task_mapping.py
[2025-01-07T00:17:04.907+0000] {logging_mixin.py:188} INFO - [2025-01-07T00:17:04.906+0000] {dag.py:3036} INFO - Sync 1 DAGs
[2025-01-07T00:17:05.020+0000] {logging_mixin.py:188} INFO - [2025-01-07T00:17:05.020+0000] {dag.py:3823} INFO - Setting next_dagrun for example_dynamic_task_mapping to 2022-03-04 00:00:00+00:00, run_after=2022-03-05 00:00:00+00:00
[2025-01-07T00:17:05.130+0000] {processor.py:183} INFO - Processing /home/airflow/.local/lib/python3.8/site-packages/airflow/example_dags/example_dynamic_task_mapping.py took 0.373 seconds
[2025-01-07T00:17:35.566+0000] {processor.py:161} INFO - Started process (PID=7914) to work on /home/airflow/.local/lib/python3.8/site-packages/airflow/example_dags/example_dynamic_task_mapping.py
[2025-01-07T00:17:35.569+0000] {processor.py:830} INFO - Processing file /home/airflow/.local/lib/python3.8/site-packages/airflow/example_dags/example_dynamic_task_mapping.py for tasks to queue
[2025-01-07T00:17:35.602+0000] {logging_mixin.py:188} INFO - [2025-01-07T00:17:35.602+0000] {dagbag.py:538} INFO - Filling up the DagBag from /home/airflow/.local/lib/python3.8/site-packages/airflow/example_dags/example_dynamic_task_mapping.py
[2025-01-07T00:17:35.633+0000] {processor.py:840} INFO - DAG(s) 'example_dynamic_task_mapping' retrieved from /home/airflow/.local/lib/python3.8/site-packages/airflow/example_dags/example_dynamic_task_mapping.py
[2025-01-07T00:17:35.743+0000] {logging_mixin.py:188} INFO - [2025-01-07T00:17:35.742+0000] {dag.py:3036} INFO - Sync 1 DAGs
[2025-01-07T00:17:35.886+0000] {logging_mixin.py:188} INFO - [2025-01-07T00:17:35.886+0000] {dag.py:3823} INFO - Setting next_dagrun for example_dynamic_task_mapping to 2022-03-04 00:00:00+00:00, run_after=2022-03-05 00:00:00+00:00
[2025-01-07T00:17:36.009+0000] {processor.py:183} INFO - Processing /home/airflow/.local/lib/python3.8/site-packages/airflow/example_dags/example_dynamic_task_mapping.py took 0.535 seconds
[2025-01-07T00:18:06.275+0000] {processor.py:161} INFO - Started process (PID=7969) to work on /home/airflow/.local/lib/python3.8/site-packages/airflow/example_dags/example_dynamic_task_mapping.py
[2025-01-07T00:18:06.277+0000] {processor.py:830} INFO - Processing file /home/airflow/.local/lib/python3.8/site-packages/airflow/example_dags/example_dynamic_task_mapping.py for tasks to queue
[2025-01-07T00:18:06.289+0000] {logging_mixin.py:188} INFO - [2025-01-07T00:18:06.289+0000] {dagbag.py:538} INFO - Filling up the DagBag from /home/airflow/.local/lib/python3.8/site-packages/airflow/example_dags/example_dynamic_task_mapping.py
[2025-01-07T00:18:06.309+0000] {processor.py:840} INFO - DAG(s) 'example_dynamic_task_mapping' retrieved from /home/airflow/.local/lib/python3.8/site-packages/airflow/example_dags/example_dynamic_task_mapping.py
[2025-01-07T00:18:06.354+0000] {logging_mixin.py:188} INFO - [2025-01-07T00:18:06.354+0000] {dag.py:3036} INFO - Sync 1 DAGs
[2025-01-07T00:18:06.449+0000] {logging_mixin.py:188} INFO - [2025-01-07T00:18:06.448+0000] {dag.py:3823} INFO - Setting next_dagrun for example_dynamic_task_mapping to 2022-03-04 00:00:00+00:00, run_after=2022-03-05 00:00:00+00:00
[2025-01-07T00:18:06.505+0000] {processor.py:183} INFO - Processing /home/airflow/.local/lib/python3.8/site-packages/airflow/example_dags/example_dynamic_task_mapping.py took 0.235 seconds
[2025-01-07T00:18:37.554+0000] {processor.py:161} INFO - Started process (PID=8026) to work on /home/airflow/.local/lib/python3.8/site-packages/airflow/example_dags/example_dynamic_task_mapping.py
[2025-01-07T00:18:37.575+0000] {processor.py:830} INFO - Processing file /home/airflow/.local/lib/python3.8/site-packages/airflow/example_dags/example_dynamic_task_mapping.py for tasks to queue
[2025-01-07T00:18:37.596+0000] {logging_mixin.py:188} INFO - [2025-01-07T00:18:37.595+0000] {dagbag.py:538} INFO - Filling up the DagBag from /home/airflow/.local/lib/python3.8/site-packages/airflow/example_dags/example_dynamic_task_mapping.py
[2025-01-07T00:18:37.650+0000] {processor.py:840} INFO - DAG(s) 'example_dynamic_task_mapping' retrieved from /home/airflow/.local/lib/python3.8/site-packages/airflow/example_dags/example_dynamic_task_mapping.py
[2025-01-07T00:18:37.877+0000] {logging_mixin.py:188} INFO - [2025-01-07T00:18:37.876+0000] {dag.py:3036} INFO - Sync 1 DAGs
[2025-01-07T00:18:38.156+0000] {logging_mixin.py:188} INFO - [2025-01-07T00:18:38.155+0000] {dag.py:3823} INFO - Setting next_dagrun for example_dynamic_task_mapping to 2022-03-04 00:00:00+00:00, run_after=2022-03-05 00:00:00+00:00
[2025-01-07T00:18:38.288+0000] {processor.py:183} INFO - Processing /home/airflow/.local/lib/python3.8/site-packages/airflow/example_dags/example_dynamic_task_mapping.py took 0.777 seconds
[2025-01-07T00:19:11.120+0000] {processor.py:161} INFO - Started process (PID=8087) to work on /home/airflow/.local/lib/python3.8/site-packages/airflow/example_dags/example_dynamic_task_mapping.py
[2025-01-07T00:19:11.134+0000] {processor.py:830} INFO - Processing file /home/airflow/.local/lib/python3.8/site-packages/airflow/example_dags/example_dynamic_task_mapping.py for tasks to queue
[2025-01-07T00:19:11.140+0000] {logging_mixin.py:188} INFO - [2025-01-07T00:19:11.140+0000] {dagbag.py:538} INFO - Filling up the DagBag from /home/airflow/.local/lib/python3.8/site-packages/airflow/example_dags/example_dynamic_task_mapping.py
[2025-01-07T00:19:11.163+0000] {processor.py:840} INFO - DAG(s) 'example_dynamic_task_mapping' retrieved from /home/airflow/.local/lib/python3.8/site-packages/airflow/example_dags/example_dynamic_task_mapping.py
[2025-01-07T00:19:11.283+0000] {logging_mixin.py:188} INFO - [2025-01-07T00:19:11.282+0000] {dag.py:3036} INFO - Sync 1 DAGs
[2025-01-07T00:19:11.408+0000] {logging_mixin.py:188} INFO - [2025-01-07T00:19:11.407+0000] {dag.py:3823} INFO - Setting next_dagrun for example_dynamic_task_mapping to 2022-03-04 00:00:00+00:00, run_after=2022-03-05 00:00:00+00:00
[2025-01-07T00:19:11.499+0000] {processor.py:183} INFO - Processing /home/airflow/.local/lib/python3.8/site-packages/airflow/example_dags/example_dynamic_task_mapping.py took 0.396 seconds
[2025-01-07T00:19:41.641+0000] {processor.py:161} INFO - Started process (PID=8148) to work on /home/airflow/.local/lib/python3.8/site-packages/airflow/example_dags/example_dynamic_task_mapping.py
[2025-01-07T00:19:41.642+0000] {processor.py:830} INFO - Processing file /home/airflow/.local/lib/python3.8/site-packages/airflow/example_dags/example_dynamic_task_mapping.py for tasks to queue
[2025-01-07T00:19:41.644+0000] {logging_mixin.py:188} INFO - [2025-01-07T00:19:41.644+0000] {dagbag.py:538} INFO - Filling up the DagBag from /home/airflow/.local/lib/python3.8/site-packages/airflow/example_dags/example_dynamic_task_mapping.py
[2025-01-07T00:19:41.652+0000] {processor.py:840} INFO - DAG(s) 'example_dynamic_task_mapping' retrieved from /home/airflow/.local/lib/python3.8/site-packages/airflow/example_dags/example_dynamic_task_mapping.py
[2025-01-07T00:19:41.677+0000] {logging_mixin.py:188} INFO - [2025-01-07T00:19:41.677+0000] {dag.py:3036} INFO - Sync 1 DAGs
[2025-01-07T00:19:41.723+0000] {logging_mixin.py:188} INFO - [2025-01-07T00:19:41.722+0000] {dag.py:3823} INFO - Setting next_dagrun for example_dynamic_task_mapping to 2022-03-04 00:00:00+00:00, run_after=2022-03-05 00:00:00+00:00
[2025-01-07T00:19:41.756+0000] {processor.py:183} INFO - Processing /home/airflow/.local/lib/python3.8/site-packages/airflow/example_dags/example_dynamic_task_mapping.py took 0.119 seconds
[2025-01-07T00:20:11.990+0000] {processor.py:161} INFO - Started process (PID=8205) to work on /home/airflow/.local/lib/python3.8/site-packages/airflow/example_dags/example_dynamic_task_mapping.py
[2025-01-07T00:20:11.992+0000] {processor.py:830} INFO - Processing file /home/airflow/.local/lib/python3.8/site-packages/airflow/example_dags/example_dynamic_task_mapping.py for tasks to queue
[2025-01-07T00:20:11.995+0000] {logging_mixin.py:188} INFO - [2025-01-07T00:20:11.994+0000] {dagbag.py:538} INFO - Filling up the DagBag from /home/airflow/.local/lib/python3.8/site-packages/airflow/example_dags/example_dynamic_task_mapping.py
[2025-01-07T00:20:12.005+0000] {processor.py:840} INFO - DAG(s) 'example_dynamic_task_mapping' retrieved from /home/airflow/.local/lib/python3.8/site-packages/airflow/example_dags/example_dynamic_task_mapping.py
[2025-01-07T00:20:12.038+0000] {logging_mixin.py:188} INFO - [2025-01-07T00:20:12.038+0000] {dag.py:3036} INFO - Sync 1 DAGs
[2025-01-07T00:20:12.077+0000] {logging_mixin.py:188} INFO - [2025-01-07T00:20:12.077+0000] {dag.py:3823} INFO - Setting next_dagrun for example_dynamic_task_mapping to 2022-03-04 00:00:00+00:00, run_after=2022-03-05 00:00:00+00:00
[2025-01-07T00:20:12.104+0000] {processor.py:183} INFO - Processing /home/airflow/.local/lib/python3.8/site-packages/airflow/example_dags/example_dynamic_task_mapping.py took 0.122 seconds
[2025-01-07T00:20:42.817+0000] {processor.py:161} INFO - Started process (PID=8260) to work on /home/airflow/.local/lib/python3.8/site-packages/airflow/example_dags/example_dynamic_task_mapping.py
[2025-01-07T00:20:42.819+0000] {processor.py:830} INFO - Processing file /home/airflow/.local/lib/python3.8/site-packages/airflow/example_dags/example_dynamic_task_mapping.py for tasks to queue
[2025-01-07T00:20:42.822+0000] {logging_mixin.py:188} INFO - [2025-01-07T00:20:42.821+0000] {dagbag.py:538} INFO - Filling up the DagBag from /home/airflow/.local/lib/python3.8/site-packages/airflow/example_dags/example_dynamic_task_mapping.py
[2025-01-07T00:20:42.835+0000] {processor.py:840} INFO - DAG(s) 'example_dynamic_task_mapping' retrieved from /home/airflow/.local/lib/python3.8/site-packages/airflow/example_dags/example_dynamic_task_mapping.py
[2025-01-07T00:20:42.868+0000] {logging_mixin.py:188} INFO - [2025-01-07T00:20:42.867+0000] {dag.py:3036} INFO - Sync 1 DAGs
[2025-01-07T00:20:42.907+0000] {logging_mixin.py:188} INFO - [2025-01-07T00:20:42.906+0000] {dag.py:3823} INFO - Setting next_dagrun for example_dynamic_task_mapping to 2022-03-04 00:00:00+00:00, run_after=2022-03-05 00:00:00+00:00
[2025-01-07T00:20:42.940+0000] {processor.py:183} INFO - Processing /home/airflow/.local/lib/python3.8/site-packages/airflow/example_dags/example_dynamic_task_mapping.py took 0.128 seconds
[2025-01-07T00:21:13.102+0000] {processor.py:161} INFO - Started process (PID=8318) to work on /home/airflow/.local/lib/python3.8/site-packages/airflow/example_dags/example_dynamic_task_mapping.py
[2025-01-07T00:21:13.104+0000] {processor.py:830} INFO - Processing file /home/airflow/.local/lib/python3.8/site-packages/airflow/example_dags/example_dynamic_task_mapping.py for tasks to queue
[2025-01-07T00:21:13.107+0000] {logging_mixin.py:188} INFO - [2025-01-07T00:21:13.106+0000] {dagbag.py:538} INFO - Filling up the DagBag from /home/airflow/.local/lib/python3.8/site-packages/airflow/example_dags/example_dynamic_task_mapping.py
[2025-01-07T00:21:13.117+0000] {processor.py:840} INFO - DAG(s) 'example_dynamic_task_mapping' retrieved from /home/airflow/.local/lib/python3.8/site-packages/airflow/example_dags/example_dynamic_task_mapping.py
[2025-01-07T00:21:13.151+0000] {logging_mixin.py:188} INFO - [2025-01-07T00:21:13.150+0000] {dag.py:3036} INFO - Sync 1 DAGs
[2025-01-07T00:21:13.194+0000] {logging_mixin.py:188} INFO - [2025-01-07T00:21:13.193+0000] {dag.py:3823} INFO - Setting next_dagrun for example_dynamic_task_mapping to 2022-03-04 00:00:00+00:00, run_after=2022-03-05 00:00:00+00:00
[2025-01-07T00:21:13.241+0000] {processor.py:183} INFO - Processing /home/airflow/.local/lib/python3.8/site-packages/airflow/example_dags/example_dynamic_task_mapping.py took 0.145 seconds
[2025-01-07T00:21:43.671+0000] {processor.py:161} INFO - Started process (PID=8375) to work on /home/airflow/.local/lib/python3.8/site-packages/airflow/example_dags/example_dynamic_task_mapping.py
[2025-01-07T00:21:43.672+0000] {processor.py:830} INFO - Processing file /home/airflow/.local/lib/python3.8/site-packages/airflow/example_dags/example_dynamic_task_mapping.py for tasks to queue
[2025-01-07T00:21:43.675+0000] {logging_mixin.py:188} INFO - [2025-01-07T00:21:43.674+0000] {dagbag.py:538} INFO - Filling up the DagBag from /home/airflow/.local/lib/python3.8/site-packages/airflow/example_dags/example_dynamic_task_mapping.py
[2025-01-07T00:21:43.684+0000] {processor.py:840} INFO - DAG(s) 'example_dynamic_task_mapping' retrieved from /home/airflow/.local/lib/python3.8/site-packages/airflow/example_dags/example_dynamic_task_mapping.py
[2025-01-07T00:21:43.712+0000] {logging_mixin.py:188} INFO - [2025-01-07T00:21:43.712+0000] {dag.py:3036} INFO - Sync 1 DAGs
[2025-01-07T00:21:43.742+0000] {logging_mixin.py:188} INFO - [2025-01-07T00:21:43.742+0000] {dag.py:3823} INFO - Setting next_dagrun for example_dynamic_task_mapping to 2022-03-04 00:00:00+00:00, run_after=2022-03-05 00:00:00+00:00
[2025-01-07T00:21:43.772+0000] {processor.py:183} INFO - Processing /home/airflow/.local/lib/python3.8/site-packages/airflow/example_dags/example_dynamic_task_mapping.py took 0.106 seconds
[2025-01-07T00:22:14.285+0000] {processor.py:161} INFO - Started process (PID=8432) to work on /home/airflow/.local/lib/python3.8/site-packages/airflow/example_dags/example_dynamic_task_mapping.py
[2025-01-07T00:22:14.287+0000] {processor.py:830} INFO - Processing file /home/airflow/.local/lib/python3.8/site-packages/airflow/example_dags/example_dynamic_task_mapping.py for tasks to queue
[2025-01-07T00:22:14.290+0000] {logging_mixin.py:188} INFO - [2025-01-07T00:22:14.289+0000] {dagbag.py:538} INFO - Filling up the DagBag from /home/airflow/.local/lib/python3.8/site-packages/airflow/example_dags/example_dynamic_task_mapping.py
[2025-01-07T00:22:14.302+0000] {processor.py:840} INFO - DAG(s) 'example_dynamic_task_mapping' retrieved from /home/airflow/.local/lib/python3.8/site-packages/airflow/example_dags/example_dynamic_task_mapping.py
[2025-01-07T00:22:14.335+0000] {logging_mixin.py:188} INFO - [2025-01-07T00:22:14.334+0000] {dag.py:3036} INFO - Sync 1 DAGs
[2025-01-07T00:22:14.378+0000] {logging_mixin.py:188} INFO - [2025-01-07T00:22:14.377+0000] {dag.py:3823} INFO - Setting next_dagrun for example_dynamic_task_mapping to 2022-03-04 00:00:00+00:00, run_after=2022-03-05 00:00:00+00:00
[2025-01-07T00:22:14.417+0000] {processor.py:183} INFO - Processing /home/airflow/.local/lib/python3.8/site-packages/airflow/example_dags/example_dynamic_task_mapping.py took 0.136 seconds
[2025-01-07T00:22:44.715+0000] {processor.py:161} INFO - Started process (PID=8489) to work on /home/airflow/.local/lib/python3.8/site-packages/airflow/example_dags/example_dynamic_task_mapping.py
[2025-01-07T00:22:44.716+0000] {processor.py:830} INFO - Processing file /home/airflow/.local/lib/python3.8/site-packages/airflow/example_dags/example_dynamic_task_mapping.py for tasks to queue
[2025-01-07T00:22:44.720+0000] {logging_mixin.py:188} INFO - [2025-01-07T00:22:44.719+0000] {dagbag.py:538} INFO - Filling up the DagBag from /home/airflow/.local/lib/python3.8/site-packages/airflow/example_dags/example_dynamic_task_mapping.py
[2025-01-07T00:22:44.731+0000] {processor.py:840} INFO - DAG(s) 'example_dynamic_task_mapping' retrieved from /home/airflow/.local/lib/python3.8/site-packages/airflow/example_dags/example_dynamic_task_mapping.py
[2025-01-07T00:22:44.757+0000] {logging_mixin.py:188} INFO - [2025-01-07T00:22:44.757+0000] {dag.py:3036} INFO - Sync 1 DAGs
[2025-01-07T00:22:44.794+0000] {logging_mixin.py:188} INFO - [2025-01-07T00:22:44.793+0000] {dag.py:3823} INFO - Setting next_dagrun for example_dynamic_task_mapping to 2022-03-04 00:00:00+00:00, run_after=2022-03-05 00:00:00+00:00
[2025-01-07T00:22:44.822+0000] {processor.py:183} INFO - Processing /home/airflow/.local/lib/python3.8/site-packages/airflow/example_dags/example_dynamic_task_mapping.py took 0.113 seconds
[2025-01-07T00:23:15.669+0000] {processor.py:161} INFO - Started process (PID=8546) to work on /home/airflow/.local/lib/python3.8/site-packages/airflow/example_dags/example_dynamic_task_mapping.py
[2025-01-07T00:23:15.672+0000] {processor.py:830} INFO - Processing file /home/airflow/.local/lib/python3.8/site-packages/airflow/example_dags/example_dynamic_task_mapping.py for tasks to queue
[2025-01-07T00:23:15.675+0000] {logging_mixin.py:188} INFO - [2025-01-07T00:23:15.675+0000] {dagbag.py:538} INFO - Filling up the DagBag from /home/airflow/.local/lib/python3.8/site-packages/airflow/example_dags/example_dynamic_task_mapping.py
[2025-01-07T00:23:15.683+0000] {processor.py:840} INFO - DAG(s) 'example_dynamic_task_mapping' retrieved from /home/airflow/.local/lib/python3.8/site-packages/airflow/example_dags/example_dynamic_task_mapping.py
[2025-01-07T00:23:15.709+0000] {logging_mixin.py:188} INFO - [2025-01-07T00:23:15.709+0000] {dag.py:3036} INFO - Sync 1 DAGs
[2025-01-07T00:23:15.751+0000] {logging_mixin.py:188} INFO - [2025-01-07T00:23:15.751+0000] {dag.py:3823} INFO - Setting next_dagrun for example_dynamic_task_mapping to 2022-03-04 00:00:00+00:00, run_after=2022-03-05 00:00:00+00:00
[2025-01-07T00:23:15.780+0000] {processor.py:183} INFO - Processing /home/airflow/.local/lib/python3.8/site-packages/airflow/example_dags/example_dynamic_task_mapping.py took 0.117 seconds
[2025-01-07T00:23:46.346+0000] {processor.py:161} INFO - Started process (PID=8603) to work on /home/airflow/.local/lib/python3.8/site-packages/airflow/example_dags/example_dynamic_task_mapping.py
[2025-01-07T00:23:46.348+0000] {processor.py:830} INFO - Processing file /home/airflow/.local/lib/python3.8/site-packages/airflow/example_dags/example_dynamic_task_mapping.py for tasks to queue
[2025-01-07T00:23:46.350+0000] {logging_mixin.py:188} INFO - [2025-01-07T00:23:46.350+0000] {dagbag.py:538} INFO - Filling up the DagBag from /home/airflow/.local/lib/python3.8/site-packages/airflow/example_dags/example_dynamic_task_mapping.py
[2025-01-07T00:23:46.360+0000] {processor.py:840} INFO - DAG(s) 'example_dynamic_task_mapping' retrieved from /home/airflow/.local/lib/python3.8/site-packages/airflow/example_dags/example_dynamic_task_mapping.py
[2025-01-07T00:23:46.387+0000] {logging_mixin.py:188} INFO - [2025-01-07T00:23:46.387+0000] {dag.py:3036} INFO - Sync 1 DAGs
[2025-01-07T00:23:46.414+0000] {logging_mixin.py:188} INFO - [2025-01-07T00:23:46.414+0000] {dag.py:3823} INFO - Setting next_dagrun for example_dynamic_task_mapping to 2022-03-04 00:00:00+00:00, run_after=2022-03-05 00:00:00+00:00
[2025-01-07T00:23:46.441+0000] {processor.py:183} INFO - Processing /home/airflow/.local/lib/python3.8/site-packages/airflow/example_dags/example_dynamic_task_mapping.py took 0.100 seconds
[2025-01-07T00:24:17.024+0000] {processor.py:161} INFO - Started process (PID=8660) to work on /home/airflow/.local/lib/python3.8/site-packages/airflow/example_dags/example_dynamic_task_mapping.py
[2025-01-07T00:24:17.026+0000] {processor.py:830} INFO - Processing file /home/airflow/.local/lib/python3.8/site-packages/airflow/example_dags/example_dynamic_task_mapping.py for tasks to queue
[2025-01-07T00:24:17.031+0000] {logging_mixin.py:188} INFO - [2025-01-07T00:24:17.030+0000] {dagbag.py:538} INFO - Filling up the DagBag from /home/airflow/.local/lib/python3.8/site-packages/airflow/example_dags/example_dynamic_task_mapping.py
[2025-01-07T00:24:17.040+0000] {processor.py:840} INFO - DAG(s) 'example_dynamic_task_mapping' retrieved from /home/airflow/.local/lib/python3.8/site-packages/airflow/example_dags/example_dynamic_task_mapping.py
[2025-01-07T00:24:17.071+0000] {logging_mixin.py:188} INFO - [2025-01-07T00:24:17.071+0000] {dag.py:3036} INFO - Sync 1 DAGs
[2025-01-07T00:24:17.105+0000] {logging_mixin.py:188} INFO - [2025-01-07T00:24:17.105+0000] {dag.py:3823} INFO - Setting next_dagrun for example_dynamic_task_mapping to 2022-03-04 00:00:00+00:00, run_after=2022-03-05 00:00:00+00:00
[2025-01-07T00:24:17.143+0000] {processor.py:183} INFO - Processing /home/airflow/.local/lib/python3.8/site-packages/airflow/example_dags/example_dynamic_task_mapping.py took 0.123 seconds
[2025-01-07T00:24:47.495+0000] {processor.py:161} INFO - Started process (PID=8716) to work on /home/airflow/.local/lib/python3.8/site-packages/airflow/example_dags/example_dynamic_task_mapping.py
[2025-01-07T00:24:47.497+0000] {processor.py:830} INFO - Processing file /home/airflow/.local/lib/python3.8/site-packages/airflow/example_dags/example_dynamic_task_mapping.py for tasks to queue
[2025-01-07T00:24:47.500+0000] {logging_mixin.py:188} INFO - [2025-01-07T00:24:47.499+0000] {dagbag.py:538} INFO - Filling up the DagBag from /home/airflow/.local/lib/python3.8/site-packages/airflow/example_dags/example_dynamic_task_mapping.py
[2025-01-07T00:24:47.514+0000] {processor.py:840} INFO - DAG(s) 'example_dynamic_task_mapping' retrieved from /home/airflow/.local/lib/python3.8/site-packages/airflow/example_dags/example_dynamic_task_mapping.py
[2025-01-07T00:24:47.616+0000] {logging_mixin.py:188} INFO - [2025-01-07T00:24:47.616+0000] {dag.py:3036} INFO - Sync 1 DAGs
[2025-01-07T00:24:47.700+0000] {logging_mixin.py:188} INFO - [2025-01-07T00:24:47.700+0000] {dag.py:3823} INFO - Setting next_dagrun for example_dynamic_task_mapping to 2022-03-04 00:00:00+00:00, run_after=2022-03-05 00:00:00+00:00
[2025-01-07T00:24:47.763+0000] {processor.py:183} INFO - Processing /home/airflow/.local/lib/python3.8/site-packages/airflow/example_dags/example_dynamic_task_mapping.py took 0.284 seconds
