[2025-01-07T00:00:10.676+0000] {processor.py:161} INFO - Started process (PID=5953) to work on /home/airflow/.local/lib/python3.8/site-packages/airflow/example_dags/tutorial.py
[2025-01-07T00:00:10.683+0000] {processor.py:830} INFO - Processing file /home/airflow/.local/lib/python3.8/site-packages/airflow/example_dags/tutorial.py for tasks to queue
[2025-01-07T00:00:10.690+0000] {logging_mixin.py:188} INFO - [2025-01-07T00:00:10.690+0000] {dagbag.py:538} INFO - Filling up the DagBag from /home/airflow/.local/lib/python3.8/site-packages/airflow/example_dags/tutorial.py
[2025-01-07T00:00:10.719+0000] {processor.py:840} INFO - DAG(s) 'tutorial' retrieved from /home/airflow/.local/lib/python3.8/site-packages/airflow/example_dags/tutorial.py
[2025-01-07T00:00:10.775+0000] {logging_mixin.py:188} INFO - [2025-01-07T00:00:10.775+0000] {dag.py:3036} INFO - Sync 1 DAGs
[2025-01-07T00:00:10.869+0000] {logging_mixin.py:188} INFO - [2025-01-07T00:00:10.868+0000] {dag.py:3823} INFO - Setting next_dagrun for tutorial to 2025-01-06 00:00:00+00:00, run_after=2025-01-07 00:00:00+00:00
[2025-01-07T00:00:10.931+0000] {processor.py:183} INFO - Processing /home/airflow/.local/lib/python3.8/site-packages/airflow/example_dags/tutorial.py took 0.261 seconds
[2025-01-07T00:00:41.874+0000] {processor.py:161} INFO - Started process (PID=6015) to work on /home/airflow/.local/lib/python3.8/site-packages/airflow/example_dags/tutorial.py
[2025-01-07T00:00:41.876+0000] {processor.py:830} INFO - Processing file /home/airflow/.local/lib/python3.8/site-packages/airflow/example_dags/tutorial.py for tasks to queue
[2025-01-07T00:00:41.878+0000] {logging_mixin.py:188} INFO - [2025-01-07T00:00:41.878+0000] {dagbag.py:538} INFO - Filling up the DagBag from /home/airflow/.local/lib/python3.8/site-packages/airflow/example_dags/tutorial.py
[2025-01-07T00:00:41.887+0000] {processor.py:840} INFO - DAG(s) 'tutorial' retrieved from /home/airflow/.local/lib/python3.8/site-packages/airflow/example_dags/tutorial.py
[2025-01-07T00:00:41.913+0000] {logging_mixin.py:188} INFO - [2025-01-07T00:00:41.913+0000] {dag.py:3036} INFO - Sync 1 DAGs
[2025-01-07T00:00:41.946+0000] {logging_mixin.py:188} INFO - [2025-01-07T00:00:41.945+0000] {dag.py:3823} INFO - Setting next_dagrun for tutorial to 2025-01-06 00:00:00+00:00, run_after=2025-01-07 00:00:00+00:00
[2025-01-07T00:00:41.976+0000] {processor.py:183} INFO - Processing /home/airflow/.local/lib/python3.8/site-packages/airflow/example_dags/tutorial.py took 0.107 seconds
[2025-01-07T00:01:12.216+0000] {processor.py:161} INFO - Started process (PID=6073) to work on /home/airflow/.local/lib/python3.8/site-packages/airflow/example_dags/tutorial.py
[2025-01-07T00:01:12.217+0000] {processor.py:830} INFO - Processing file /home/airflow/.local/lib/python3.8/site-packages/airflow/example_dags/tutorial.py for tasks to queue
[2025-01-07T00:01:12.221+0000] {logging_mixin.py:188} INFO - [2025-01-07T00:01:12.221+0000] {dagbag.py:538} INFO - Filling up the DagBag from /home/airflow/.local/lib/python3.8/site-packages/airflow/example_dags/tutorial.py
[2025-01-07T00:01:12.230+0000] {processor.py:840} INFO - DAG(s) 'tutorial' retrieved from /home/airflow/.local/lib/python3.8/site-packages/airflow/example_dags/tutorial.py
[2025-01-07T00:01:12.257+0000] {logging_mixin.py:188} INFO - [2025-01-07T00:01:12.257+0000] {dag.py:3036} INFO - Sync 1 DAGs
[2025-01-07T00:01:12.290+0000] {logging_mixin.py:188} INFO - [2025-01-07T00:01:12.289+0000] {dag.py:3823} INFO - Setting next_dagrun for tutorial to 2025-01-06 00:00:00+00:00, run_after=2025-01-07 00:00:00+00:00
[2025-01-07T00:01:12.316+0000] {processor.py:183} INFO - Processing /home/airflow/.local/lib/python3.8/site-packages/airflow/example_dags/tutorial.py took 0.103 seconds
[2025-01-07T00:01:42.479+0000] {processor.py:161} INFO - Started process (PID=6130) to work on /home/airflow/.local/lib/python3.8/site-packages/airflow/example_dags/tutorial.py
[2025-01-07T00:01:42.481+0000] {processor.py:830} INFO - Processing file /home/airflow/.local/lib/python3.8/site-packages/airflow/example_dags/tutorial.py for tasks to queue
[2025-01-07T00:01:42.484+0000] {logging_mixin.py:188} INFO - [2025-01-07T00:01:42.484+0000] {dagbag.py:538} INFO - Filling up the DagBag from /home/airflow/.local/lib/python3.8/site-packages/airflow/example_dags/tutorial.py
[2025-01-07T00:01:42.493+0000] {processor.py:840} INFO - DAG(s) 'tutorial' retrieved from /home/airflow/.local/lib/python3.8/site-packages/airflow/example_dags/tutorial.py
[2025-01-07T00:01:42.530+0000] {logging_mixin.py:188} INFO - [2025-01-07T00:01:42.529+0000] {dag.py:3036} INFO - Sync 1 DAGs
[2025-01-07T00:01:42.575+0000] {logging_mixin.py:188} INFO - [2025-01-07T00:01:42.575+0000] {dag.py:3823} INFO - Setting next_dagrun for tutorial to 2025-01-06 00:00:00+00:00, run_after=2025-01-07 00:00:00+00:00
[2025-01-07T00:01:42.616+0000] {processor.py:183} INFO - Processing /home/airflow/.local/lib/python3.8/site-packages/airflow/example_dags/tutorial.py took 0.141 seconds
[2025-01-07T00:02:17.671+0000] {processor.py:161} INFO - Started process (PID=6199) to work on /home/airflow/.local/lib/python3.8/site-packages/airflow/example_dags/tutorial.py
[2025-01-07T00:02:17.684+0000] {processor.py:830} INFO - Processing file /home/airflow/.local/lib/python3.8/site-packages/airflow/example_dags/tutorial.py for tasks to queue
[2025-01-07T00:02:17.688+0000] {logging_mixin.py:188} INFO - [2025-01-07T00:02:17.687+0000] {dagbag.py:538} INFO - Filling up the DagBag from /home/airflow/.local/lib/python3.8/site-packages/airflow/example_dags/tutorial.py
[2025-01-07T00:02:17.727+0000] {processor.py:840} INFO - DAG(s) 'tutorial' retrieved from /home/airflow/.local/lib/python3.8/site-packages/airflow/example_dags/tutorial.py
[2025-01-07T00:02:17.830+0000] {logging_mixin.py:188} INFO - [2025-01-07T00:02:17.830+0000] {dag.py:3036} INFO - Sync 1 DAGs
[2025-01-07T00:02:17.953+0000] {logging_mixin.py:188} INFO - [2025-01-07T00:02:17.953+0000] {dag.py:3823} INFO - Setting next_dagrun for tutorial to 2025-01-06 00:00:00+00:00, run_after=2025-01-07 00:00:00+00:00
[2025-01-07T00:02:18.058+0000] {processor.py:183} INFO - Processing /home/airflow/.local/lib/python3.8/site-packages/airflow/example_dags/tutorial.py took 0.394 seconds
[2025-01-07T00:02:48.350+0000] {processor.py:161} INFO - Started process (PID=6261) to work on /home/airflow/.local/lib/python3.8/site-packages/airflow/example_dags/tutorial.py
[2025-01-07T00:02:48.352+0000] {processor.py:830} INFO - Processing file /home/airflow/.local/lib/python3.8/site-packages/airflow/example_dags/tutorial.py for tasks to queue
[2025-01-07T00:02:48.355+0000] {logging_mixin.py:188} INFO - [2025-01-07T00:02:48.355+0000] {dagbag.py:538} INFO - Filling up the DagBag from /home/airflow/.local/lib/python3.8/site-packages/airflow/example_dags/tutorial.py
[2025-01-07T00:02:48.367+0000] {processor.py:840} INFO - DAG(s) 'tutorial' retrieved from /home/airflow/.local/lib/python3.8/site-packages/airflow/example_dags/tutorial.py
[2025-01-07T00:02:48.422+0000] {logging_mixin.py:188} INFO - [2025-01-07T00:02:48.422+0000] {dag.py:3036} INFO - Sync 1 DAGs
[2025-01-07T00:02:48.473+0000] {logging_mixin.py:188} INFO - [2025-01-07T00:02:48.473+0000] {dag.py:3823} INFO - Setting next_dagrun for tutorial to 2025-01-06 00:00:00+00:00, run_after=2025-01-07 00:00:00+00:00
[2025-01-07T00:02:48.530+0000] {processor.py:183} INFO - Processing /home/airflow/.local/lib/python3.8/site-packages/airflow/example_dags/tutorial.py took 0.191 seconds
[2025-01-07T00:03:19.967+0000] {processor.py:161} INFO - Started process (PID=6315) to work on /home/airflow/.local/lib/python3.8/site-packages/airflow/example_dags/tutorial.py
[2025-01-07T00:03:19.969+0000] {processor.py:830} INFO - Processing file /home/airflow/.local/lib/python3.8/site-packages/airflow/example_dags/tutorial.py for tasks to queue
[2025-01-07T00:03:19.974+0000] {logging_mixin.py:188} INFO - [2025-01-07T00:03:19.973+0000] {dagbag.py:538} INFO - Filling up the DagBag from /home/airflow/.local/lib/python3.8/site-packages/airflow/example_dags/tutorial.py
[2025-01-07T00:03:19.993+0000] {processor.py:840} INFO - DAG(s) 'tutorial' retrieved from /home/airflow/.local/lib/python3.8/site-packages/airflow/example_dags/tutorial.py
[2025-01-07T00:03:20.043+0000] {logging_mixin.py:188} INFO - [2025-01-07T00:03:20.042+0000] {dag.py:3036} INFO - Sync 1 DAGs
[2025-01-07T00:03:20.126+0000] {logging_mixin.py:188} INFO - [2025-01-07T00:03:20.126+0000] {dag.py:3823} INFO - Setting next_dagrun for tutorial to 2025-01-06 00:00:00+00:00, run_after=2025-01-07 00:00:00+00:00
[2025-01-07T00:03:20.228+0000] {processor.py:183} INFO - Processing /home/airflow/.local/lib/python3.8/site-packages/airflow/example_dags/tutorial.py took 0.266 seconds
[2025-01-07T00:03:50.543+0000] {processor.py:161} INFO - Started process (PID=6372) to work on /home/airflow/.local/lib/python3.8/site-packages/airflow/example_dags/tutorial.py
[2025-01-07T00:03:50.545+0000] {processor.py:830} INFO - Processing file /home/airflow/.local/lib/python3.8/site-packages/airflow/example_dags/tutorial.py for tasks to queue
[2025-01-07T00:03:50.548+0000] {logging_mixin.py:188} INFO - [2025-01-07T00:03:50.548+0000] {dagbag.py:538} INFO - Filling up the DagBag from /home/airflow/.local/lib/python3.8/site-packages/airflow/example_dags/tutorial.py
[2025-01-07T00:03:50.559+0000] {processor.py:840} INFO - DAG(s) 'tutorial' retrieved from /home/airflow/.local/lib/python3.8/site-packages/airflow/example_dags/tutorial.py
[2025-01-07T00:03:50.595+0000] {logging_mixin.py:188} INFO - [2025-01-07T00:03:50.595+0000] {dag.py:3036} INFO - Sync 1 DAGs
[2025-01-07T00:03:50.631+0000] {logging_mixin.py:188} INFO - [2025-01-07T00:03:50.631+0000] {dag.py:3823} INFO - Setting next_dagrun for tutorial to 2025-01-06 00:00:00+00:00, run_after=2025-01-07 00:00:00+00:00
[2025-01-07T00:03:50.662+0000] {processor.py:183} INFO - Processing /home/airflow/.local/lib/python3.8/site-packages/airflow/example_dags/tutorial.py took 0.124 seconds
[2025-01-07T00:04:20.913+0000] {processor.py:161} INFO - Started process (PID=6430) to work on /home/airflow/.local/lib/python3.8/site-packages/airflow/example_dags/tutorial.py
[2025-01-07T00:04:20.914+0000] {processor.py:830} INFO - Processing file /home/airflow/.local/lib/python3.8/site-packages/airflow/example_dags/tutorial.py for tasks to queue
[2025-01-07T00:04:20.917+0000] {logging_mixin.py:188} INFO - [2025-01-07T00:04:20.917+0000] {dagbag.py:538} INFO - Filling up the DagBag from /home/airflow/.local/lib/python3.8/site-packages/airflow/example_dags/tutorial.py
[2025-01-07T00:04:20.926+0000] {processor.py:840} INFO - DAG(s) 'tutorial' retrieved from /home/airflow/.local/lib/python3.8/site-packages/airflow/example_dags/tutorial.py
[2025-01-07T00:04:20.953+0000] {logging_mixin.py:188} INFO - [2025-01-07T00:04:20.952+0000] {dag.py:3036} INFO - Sync 1 DAGs
[2025-01-07T00:04:20.983+0000] {logging_mixin.py:188} INFO - [2025-01-07T00:04:20.983+0000] {dag.py:3823} INFO - Setting next_dagrun for tutorial to 2025-01-06 00:00:00+00:00, run_after=2025-01-07 00:00:00+00:00
[2025-01-07T00:04:21.011+0000] {processor.py:183} INFO - Processing /home/airflow/.local/lib/python3.8/site-packages/airflow/example_dags/tutorial.py took 0.102 seconds
[2025-01-07T00:04:52.074+0000] {processor.py:161} INFO - Started process (PID=6487) to work on /home/airflow/.local/lib/python3.8/site-packages/airflow/example_dags/tutorial.py
[2025-01-07T00:04:52.076+0000] {processor.py:830} INFO - Processing file /home/airflow/.local/lib/python3.8/site-packages/airflow/example_dags/tutorial.py for tasks to queue
[2025-01-07T00:04:52.078+0000] {logging_mixin.py:188} INFO - [2025-01-07T00:04:52.078+0000] {dagbag.py:538} INFO - Filling up the DagBag from /home/airflow/.local/lib/python3.8/site-packages/airflow/example_dags/tutorial.py
[2025-01-07T00:04:52.087+0000] {processor.py:840} INFO - DAG(s) 'tutorial' retrieved from /home/airflow/.local/lib/python3.8/site-packages/airflow/example_dags/tutorial.py
[2025-01-07T00:04:52.115+0000] {logging_mixin.py:188} INFO - [2025-01-07T00:04:52.114+0000] {dag.py:3036} INFO - Sync 1 DAGs
[2025-01-07T00:04:52.144+0000] {logging_mixin.py:188} INFO - [2025-01-07T00:04:52.143+0000] {dag.py:3823} INFO - Setting next_dagrun for tutorial to 2025-01-06 00:00:00+00:00, run_after=2025-01-07 00:00:00+00:00
[2025-01-07T00:04:52.171+0000] {processor.py:183} INFO - Processing /home/airflow/.local/lib/python3.8/site-packages/airflow/example_dags/tutorial.py took 0.100 seconds
[2025-01-07T00:05:22.618+0000] {processor.py:161} INFO - Started process (PID=6542) to work on /home/airflow/.local/lib/python3.8/site-packages/airflow/example_dags/tutorial.py
[2025-01-07T00:05:22.619+0000] {processor.py:830} INFO - Processing file /home/airflow/.local/lib/python3.8/site-packages/airflow/example_dags/tutorial.py for tasks to queue
[2025-01-07T00:05:22.623+0000] {logging_mixin.py:188} INFO - [2025-01-07T00:05:22.623+0000] {dagbag.py:538} INFO - Filling up the DagBag from /home/airflow/.local/lib/python3.8/site-packages/airflow/example_dags/tutorial.py
[2025-01-07T00:05:22.633+0000] {processor.py:840} INFO - DAG(s) 'tutorial' retrieved from /home/airflow/.local/lib/python3.8/site-packages/airflow/example_dags/tutorial.py
[2025-01-07T00:05:22.682+0000] {logging_mixin.py:188} INFO - [2025-01-07T00:05:22.682+0000] {dag.py:3036} INFO - Sync 1 DAGs
[2025-01-07T00:05:22.747+0000] {logging_mixin.py:188} INFO - [2025-01-07T00:05:22.746+0000] {dag.py:3823} INFO - Setting next_dagrun for tutorial to 2025-01-06 00:00:00+00:00, run_after=2025-01-07 00:00:00+00:00
[2025-01-07T00:05:22.924+0000] {processor.py:183} INFO - Processing /home/airflow/.local/lib/python3.8/site-packages/airflow/example_dags/tutorial.py took 0.311 seconds
[2025-01-07T00:05:53.969+0000] {processor.py:161} INFO - Started process (PID=6601) to work on /home/airflow/.local/lib/python3.8/site-packages/airflow/example_dags/tutorial.py
[2025-01-07T00:05:53.980+0000] {processor.py:830} INFO - Processing file /home/airflow/.local/lib/python3.8/site-packages/airflow/example_dags/tutorial.py for tasks to queue
[2025-01-07T00:05:53.988+0000] {logging_mixin.py:188} INFO - [2025-01-07T00:05:53.987+0000] {dagbag.py:538} INFO - Filling up the DagBag from /home/airflow/.local/lib/python3.8/site-packages/airflow/example_dags/tutorial.py
[2025-01-07T00:05:54.019+0000] {processor.py:840} INFO - DAG(s) 'tutorial' retrieved from /home/airflow/.local/lib/python3.8/site-packages/airflow/example_dags/tutorial.py
[2025-01-07T00:05:54.136+0000] {logging_mixin.py:188} INFO - [2025-01-07T00:05:54.127+0000] {dag.py:3036} INFO - Sync 1 DAGs
[2025-01-07T00:05:54.220+0000] {logging_mixin.py:188} INFO - [2025-01-07T00:05:54.219+0000] {dag.py:3823} INFO - Setting next_dagrun for tutorial to 2025-01-06 00:00:00+00:00, run_after=2025-01-07 00:00:00+00:00
[2025-01-07T00:05:54.286+0000] {processor.py:183} INFO - Processing /home/airflow/.local/lib/python3.8/site-packages/airflow/example_dags/tutorial.py took 0.324 seconds
[2025-01-07T00:06:24.431+0000] {processor.py:161} INFO - Started process (PID=6657) to work on /home/airflow/.local/lib/python3.8/site-packages/airflow/example_dags/tutorial.py
[2025-01-07T00:06:24.433+0000] {processor.py:830} INFO - Processing file /home/airflow/.local/lib/python3.8/site-packages/airflow/example_dags/tutorial.py for tasks to queue
[2025-01-07T00:06:24.437+0000] {logging_mixin.py:188} INFO - [2025-01-07T00:06:24.436+0000] {dagbag.py:538} INFO - Filling up the DagBag from /home/airflow/.local/lib/python3.8/site-packages/airflow/example_dags/tutorial.py
[2025-01-07T00:06:24.448+0000] {processor.py:840} INFO - DAG(s) 'tutorial' retrieved from /home/airflow/.local/lib/python3.8/site-packages/airflow/example_dags/tutorial.py
[2025-01-07T00:06:24.506+0000] {logging_mixin.py:188} INFO - [2025-01-07T00:06:24.505+0000] {dag.py:3036} INFO - Sync 1 DAGs
[2025-01-07T00:06:24.611+0000] {logging_mixin.py:188} INFO - [2025-01-07T00:06:24.599+0000] {dag.py:3823} INFO - Setting next_dagrun for tutorial to 2025-01-06 00:00:00+00:00, run_after=2025-01-07 00:00:00+00:00
[2025-01-07T00:06:24.796+0000] {processor.py:183} INFO - Processing /home/airflow/.local/lib/python3.8/site-packages/airflow/example_dags/tutorial.py took 0.371 seconds
[2025-01-07T00:07:01.943+0000] {processor.py:161} INFO - Started process (PID=6729) to work on /home/airflow/.local/lib/python3.8/site-packages/airflow/example_dags/tutorial.py
[2025-01-07T00:07:01.945+0000] {processor.py:830} INFO - Processing file /home/airflow/.local/lib/python3.8/site-packages/airflow/example_dags/tutorial.py for tasks to queue
[2025-01-07T00:07:01.948+0000] {logging_mixin.py:188} INFO - [2025-01-07T00:07:01.947+0000] {dagbag.py:538} INFO - Filling up the DagBag from /home/airflow/.local/lib/python3.8/site-packages/airflow/example_dags/tutorial.py
[2025-01-07T00:07:01.959+0000] {processor.py:840} INFO - DAG(s) 'tutorial' retrieved from /home/airflow/.local/lib/python3.8/site-packages/airflow/example_dags/tutorial.py
[2025-01-07T00:07:02.081+0000] {logging_mixin.py:188} INFO - [2025-01-07T00:07:02.081+0000] {dag.py:3036} INFO - Sync 1 DAGs
[2025-01-07T00:07:02.180+0000] {logging_mixin.py:188} INFO - [2025-01-07T00:07:02.180+0000] {dag.py:3823} INFO - Setting next_dagrun for tutorial to 2025-01-06 00:00:00+00:00, run_after=2025-01-07 00:00:00+00:00
[2025-01-07T00:07:02.282+0000] {processor.py:183} INFO - Processing /home/airflow/.local/lib/python3.8/site-packages/airflow/example_dags/tutorial.py took 0.345 seconds
[2025-01-07T00:07:32.719+0000] {processor.py:161} INFO - Started process (PID=6786) to work on /home/airflow/.local/lib/python3.8/site-packages/airflow/example_dags/tutorial.py
[2025-01-07T00:07:32.721+0000] {processor.py:830} INFO - Processing file /home/airflow/.local/lib/python3.8/site-packages/airflow/example_dags/tutorial.py for tasks to queue
[2025-01-07T00:07:32.724+0000] {logging_mixin.py:188} INFO - [2025-01-07T00:07:32.723+0000] {dagbag.py:538} INFO - Filling up the DagBag from /home/airflow/.local/lib/python3.8/site-packages/airflow/example_dags/tutorial.py
[2025-01-07T00:07:32.733+0000] {processor.py:840} INFO - DAG(s) 'tutorial' retrieved from /home/airflow/.local/lib/python3.8/site-packages/airflow/example_dags/tutorial.py
[2025-01-07T00:07:32.761+0000] {logging_mixin.py:188} INFO - [2025-01-07T00:07:32.761+0000] {dag.py:3036} INFO - Sync 1 DAGs
[2025-01-07T00:07:32.794+0000] {logging_mixin.py:188} INFO - [2025-01-07T00:07:32.793+0000] {dag.py:3823} INFO - Setting next_dagrun for tutorial to 2025-01-06 00:00:00+00:00, run_after=2025-01-07 00:00:00+00:00
[2025-01-07T00:07:32.820+0000] {processor.py:183} INFO - Processing /home/airflow/.local/lib/python3.8/site-packages/airflow/example_dags/tutorial.py took 0.105 seconds
[2025-01-07T00:08:03.008+0000] {processor.py:161} INFO - Started process (PID=6842) to work on /home/airflow/.local/lib/python3.8/site-packages/airflow/example_dags/tutorial.py
[2025-01-07T00:08:03.011+0000] {processor.py:830} INFO - Processing file /home/airflow/.local/lib/python3.8/site-packages/airflow/example_dags/tutorial.py for tasks to queue
[2025-01-07T00:08:03.014+0000] {logging_mixin.py:188} INFO - [2025-01-07T00:08:03.014+0000] {dagbag.py:538} INFO - Filling up the DagBag from /home/airflow/.local/lib/python3.8/site-packages/airflow/example_dags/tutorial.py
[2025-01-07T00:08:03.026+0000] {processor.py:840} INFO - DAG(s) 'tutorial' retrieved from /home/airflow/.local/lib/python3.8/site-packages/airflow/example_dags/tutorial.py
[2025-01-07T00:08:03.062+0000] {logging_mixin.py:188} INFO - [2025-01-07T00:08:03.062+0000] {dag.py:3036} INFO - Sync 1 DAGs
[2025-01-07T00:08:03.102+0000] {logging_mixin.py:188} INFO - [2025-01-07T00:08:03.101+0000] {dag.py:3823} INFO - Setting next_dagrun for tutorial to 2025-01-06 00:00:00+00:00, run_after=2025-01-07 00:00:00+00:00
[2025-01-07T00:08:03.133+0000] {processor.py:183} INFO - Processing /home/airflow/.local/lib/python3.8/site-packages/airflow/example_dags/tutorial.py took 0.131 seconds
[2025-01-07T00:08:33.929+0000] {processor.py:161} INFO - Started process (PID=6904) to work on /home/airflow/.local/lib/python3.8/site-packages/airflow/example_dags/tutorial.py
[2025-01-07T00:08:33.941+0000] {processor.py:830} INFO - Processing file /home/airflow/.local/lib/python3.8/site-packages/airflow/example_dags/tutorial.py for tasks to queue
[2025-01-07T00:08:33.945+0000] {logging_mixin.py:188} INFO - [2025-01-07T00:08:33.944+0000] {dagbag.py:538} INFO - Filling up the DagBag from /home/airflow/.local/lib/python3.8/site-packages/airflow/example_dags/tutorial.py
[2025-01-07T00:08:33.960+0000] {processor.py:840} INFO - DAG(s) 'tutorial' retrieved from /home/airflow/.local/lib/python3.8/site-packages/airflow/example_dags/tutorial.py
[2025-01-07T00:08:34.084+0000] {logging_mixin.py:188} INFO - [2025-01-07T00:08:34.084+0000] {dag.py:3036} INFO - Sync 1 DAGs
[2025-01-07T00:08:34.154+0000] {logging_mixin.py:188} INFO - [2025-01-07T00:08:34.154+0000] {dag.py:3823} INFO - Setting next_dagrun for tutorial to 2025-01-06 00:00:00+00:00, run_after=2025-01-07 00:00:00+00:00
[2025-01-07T00:08:34.237+0000] {processor.py:183} INFO - Processing /home/airflow/.local/lib/python3.8/site-packages/airflow/example_dags/tutorial.py took 0.313 seconds
[2025-01-07T00:09:04.844+0000] {processor.py:161} INFO - Started process (PID=6966) to work on /home/airflow/.local/lib/python3.8/site-packages/airflow/example_dags/tutorial.py
[2025-01-07T00:09:04.846+0000] {processor.py:830} INFO - Processing file /home/airflow/.local/lib/python3.8/site-packages/airflow/example_dags/tutorial.py for tasks to queue
[2025-01-07T00:09:04.857+0000] {logging_mixin.py:188} INFO - [2025-01-07T00:09:04.854+0000] {dagbag.py:538} INFO - Filling up the DagBag from /home/airflow/.local/lib/python3.8/site-packages/airflow/example_dags/tutorial.py
[2025-01-07T00:09:04.879+0000] {processor.py:840} INFO - DAG(s) 'tutorial' retrieved from /home/airflow/.local/lib/python3.8/site-packages/airflow/example_dags/tutorial.py
[2025-01-07T00:09:04.944+0000] {logging_mixin.py:188} INFO - [2025-01-07T00:09:04.944+0000] {dag.py:3036} INFO - Sync 1 DAGs
[2025-01-07T00:09:05.021+0000] {logging_mixin.py:188} INFO - [2025-01-07T00:09:05.018+0000] {dag.py:3823} INFO - Setting next_dagrun for tutorial to 2025-01-06 00:00:00+00:00, run_after=2025-01-07 00:00:00+00:00
[2025-01-07T00:09:05.110+0000] {processor.py:183} INFO - Processing /home/airflow/.local/lib/python3.8/site-packages/airflow/example_dags/tutorial.py took 0.280 seconds
[2025-01-07T00:09:36.083+0000] {processor.py:161} INFO - Started process (PID=7024) to work on /home/airflow/.local/lib/python3.8/site-packages/airflow/example_dags/tutorial.py
[2025-01-07T00:09:36.085+0000] {processor.py:830} INFO - Processing file /home/airflow/.local/lib/python3.8/site-packages/airflow/example_dags/tutorial.py for tasks to queue
[2025-01-07T00:09:36.089+0000] {logging_mixin.py:188} INFO - [2025-01-07T00:09:36.088+0000] {dagbag.py:538} INFO - Filling up the DagBag from /home/airflow/.local/lib/python3.8/site-packages/airflow/example_dags/tutorial.py
[2025-01-07T00:09:36.099+0000] {processor.py:840} INFO - DAG(s) 'tutorial' retrieved from /home/airflow/.local/lib/python3.8/site-packages/airflow/example_dags/tutorial.py
[2025-01-07T00:09:36.140+0000] {logging_mixin.py:188} INFO - [2025-01-07T00:09:36.139+0000] {dag.py:3036} INFO - Sync 1 DAGs
[2025-01-07T00:09:36.180+0000] {logging_mixin.py:188} INFO - [2025-01-07T00:09:36.179+0000] {dag.py:3823} INFO - Setting next_dagrun for tutorial to 2025-01-06 00:00:00+00:00, run_after=2025-01-07 00:00:00+00:00
[2025-01-07T00:09:36.213+0000] {processor.py:183} INFO - Processing /home/airflow/.local/lib/python3.8/site-packages/airflow/example_dags/tutorial.py took 0.133 seconds
[2025-01-07T00:10:06.265+0000] {processor.py:161} INFO - Started process (PID=7082) to work on /home/airflow/.local/lib/python3.8/site-packages/airflow/example_dags/tutorial.py
[2025-01-07T00:10:06.267+0000] {processor.py:830} INFO - Processing file /home/airflow/.local/lib/python3.8/site-packages/airflow/example_dags/tutorial.py for tasks to queue
[2025-01-07T00:10:06.269+0000] {logging_mixin.py:188} INFO - [2025-01-07T00:10:06.269+0000] {dagbag.py:538} INFO - Filling up the DagBag from /home/airflow/.local/lib/python3.8/site-packages/airflow/example_dags/tutorial.py
[2025-01-07T00:10:06.276+0000] {processor.py:840} INFO - DAG(s) 'tutorial' retrieved from /home/airflow/.local/lib/python3.8/site-packages/airflow/example_dags/tutorial.py
[2025-01-07T00:10:06.299+0000] {logging_mixin.py:188} INFO - [2025-01-07T00:10:06.299+0000] {dag.py:3036} INFO - Sync 1 DAGs
[2025-01-07T00:10:06.329+0000] {logging_mixin.py:188} INFO - [2025-01-07T00:10:06.328+0000] {dag.py:3823} INFO - Setting next_dagrun for tutorial to 2025-01-06 00:00:00+00:00, run_after=2025-01-07 00:00:00+00:00
[2025-01-07T00:10:06.360+0000] {processor.py:183} INFO - Processing /home/airflow/.local/lib/python3.8/site-packages/airflow/example_dags/tutorial.py took 0.098 seconds
[2025-01-07T00:10:36.492+0000] {processor.py:161} INFO - Started process (PID=7139) to work on /home/airflow/.local/lib/python3.8/site-packages/airflow/example_dags/tutorial.py
[2025-01-07T00:10:36.493+0000] {processor.py:830} INFO - Processing file /home/airflow/.local/lib/python3.8/site-packages/airflow/example_dags/tutorial.py for tasks to queue
[2025-01-07T00:10:36.496+0000] {logging_mixin.py:188} INFO - [2025-01-07T00:10:36.495+0000] {dagbag.py:538} INFO - Filling up the DagBag from /home/airflow/.local/lib/python3.8/site-packages/airflow/example_dags/tutorial.py
[2025-01-07T00:10:36.503+0000] {processor.py:840} INFO - DAG(s) 'tutorial' retrieved from /home/airflow/.local/lib/python3.8/site-packages/airflow/example_dags/tutorial.py
[2025-01-07T00:10:36.531+0000] {logging_mixin.py:188} INFO - [2025-01-07T00:10:36.530+0000] {dag.py:3036} INFO - Sync 1 DAGs
[2025-01-07T00:10:36.563+0000] {logging_mixin.py:188} INFO - [2025-01-07T00:10:36.563+0000] {dag.py:3823} INFO - Setting next_dagrun for tutorial to 2025-01-06 00:00:00+00:00, run_after=2025-01-07 00:00:00+00:00
[2025-01-07T00:10:36.589+0000] {processor.py:183} INFO - Processing /home/airflow/.local/lib/python3.8/site-packages/airflow/example_dags/tutorial.py took 0.103 seconds
[2025-01-07T00:11:06.814+0000] {processor.py:161} INFO - Started process (PID=7196) to work on /home/airflow/.local/lib/python3.8/site-packages/airflow/example_dags/tutorial.py
[2025-01-07T00:11:06.815+0000] {processor.py:830} INFO - Processing file /home/airflow/.local/lib/python3.8/site-packages/airflow/example_dags/tutorial.py for tasks to queue
[2025-01-07T00:11:06.818+0000] {logging_mixin.py:188} INFO - [2025-01-07T00:11:06.817+0000] {dagbag.py:538} INFO - Filling up the DagBag from /home/airflow/.local/lib/python3.8/site-packages/airflow/example_dags/tutorial.py
[2025-01-07T00:11:06.827+0000] {processor.py:840} INFO - DAG(s) 'tutorial' retrieved from /home/airflow/.local/lib/python3.8/site-packages/airflow/example_dags/tutorial.py
[2025-01-07T00:11:06.855+0000] {logging_mixin.py:188} INFO - [2025-01-07T00:11:06.855+0000] {dag.py:3036} INFO - Sync 1 DAGs
[2025-01-07T00:11:06.883+0000] {logging_mixin.py:188} INFO - [2025-01-07T00:11:06.883+0000] {dag.py:3823} INFO - Setting next_dagrun for tutorial to 2025-01-06 00:00:00+00:00, run_after=2025-01-07 00:00:00+00:00
[2025-01-07T00:11:06.909+0000] {processor.py:183} INFO - Processing /home/airflow/.local/lib/python3.8/site-packages/airflow/example_dags/tutorial.py took 0.100 seconds
[2025-01-07T00:11:37.053+0000] {processor.py:161} INFO - Started process (PID=7253) to work on /home/airflow/.local/lib/python3.8/site-packages/airflow/example_dags/tutorial.py
[2025-01-07T00:11:37.054+0000] {processor.py:830} INFO - Processing file /home/airflow/.local/lib/python3.8/site-packages/airflow/example_dags/tutorial.py for tasks to queue
[2025-01-07T00:11:37.056+0000] {logging_mixin.py:188} INFO - [2025-01-07T00:11:37.056+0000] {dagbag.py:538} INFO - Filling up the DagBag from /home/airflow/.local/lib/python3.8/site-packages/airflow/example_dags/tutorial.py
[2025-01-07T00:11:37.063+0000] {processor.py:840} INFO - DAG(s) 'tutorial' retrieved from /home/airflow/.local/lib/python3.8/site-packages/airflow/example_dags/tutorial.py
[2025-01-07T00:11:37.086+0000] {logging_mixin.py:188} INFO - [2025-01-07T00:11:37.086+0000] {dag.py:3036} INFO - Sync 1 DAGs
[2025-01-07T00:11:37.113+0000] {logging_mixin.py:188} INFO - [2025-01-07T00:11:37.113+0000] {dag.py:3823} INFO - Setting next_dagrun for tutorial to 2025-01-06 00:00:00+00:00, run_after=2025-01-07 00:00:00+00:00
[2025-01-07T00:11:37.140+0000] {processor.py:183} INFO - Processing /home/airflow/.local/lib/python3.8/site-packages/airflow/example_dags/tutorial.py took 0.091 seconds
[2025-01-07T00:12:07.633+0000] {processor.py:161} INFO - Started process (PID=7309) to work on /home/airflow/.local/lib/python3.8/site-packages/airflow/example_dags/tutorial.py
[2025-01-07T00:12:07.634+0000] {processor.py:830} INFO - Processing file /home/airflow/.local/lib/python3.8/site-packages/airflow/example_dags/tutorial.py for tasks to queue
[2025-01-07T00:12:07.637+0000] {logging_mixin.py:188} INFO - [2025-01-07T00:12:07.636+0000] {dagbag.py:538} INFO - Filling up the DagBag from /home/airflow/.local/lib/python3.8/site-packages/airflow/example_dags/tutorial.py
[2025-01-07T00:12:07.646+0000] {processor.py:840} INFO - DAG(s) 'tutorial' retrieved from /home/airflow/.local/lib/python3.8/site-packages/airflow/example_dags/tutorial.py
[2025-01-07T00:12:07.682+0000] {logging_mixin.py:188} INFO - [2025-01-07T00:12:07.682+0000] {dag.py:3036} INFO - Sync 1 DAGs
[2025-01-07T00:12:07.726+0000] {logging_mixin.py:188} INFO - [2025-01-07T00:12:07.726+0000] {dag.py:3823} INFO - Setting next_dagrun for tutorial to 2025-01-06 00:00:00+00:00, run_after=2025-01-07 00:00:00+00:00
[2025-01-07T00:12:07.758+0000] {processor.py:183} INFO - Processing /home/airflow/.local/lib/python3.8/site-packages/airflow/example_dags/tutorial.py took 0.131 seconds
[2025-01-07T00:12:38.260+0000] {processor.py:161} INFO - Started process (PID=7366) to work on /home/airflow/.local/lib/python3.8/site-packages/airflow/example_dags/tutorial.py
[2025-01-07T00:12:38.261+0000] {processor.py:830} INFO - Processing file /home/airflow/.local/lib/python3.8/site-packages/airflow/example_dags/tutorial.py for tasks to queue
[2025-01-07T00:12:38.263+0000] {logging_mixin.py:188} INFO - [2025-01-07T00:12:38.263+0000] {dagbag.py:538} INFO - Filling up the DagBag from /home/airflow/.local/lib/python3.8/site-packages/airflow/example_dags/tutorial.py
[2025-01-07T00:12:38.270+0000] {processor.py:840} INFO - DAG(s) 'tutorial' retrieved from /home/airflow/.local/lib/python3.8/site-packages/airflow/example_dags/tutorial.py
[2025-01-07T00:12:38.295+0000] {logging_mixin.py:188} INFO - [2025-01-07T00:12:38.294+0000] {dag.py:3036} INFO - Sync 1 DAGs
[2025-01-07T00:12:38.325+0000] {logging_mixin.py:188} INFO - [2025-01-07T00:12:38.324+0000] {dag.py:3823} INFO - Setting next_dagrun for tutorial to 2025-01-06 00:00:00+00:00, run_after=2025-01-07 00:00:00+00:00
[2025-01-07T00:12:38.352+0000] {processor.py:183} INFO - Processing /home/airflow/.local/lib/python3.8/site-packages/airflow/example_dags/tutorial.py took 0.096 seconds
[2025-01-07T00:13:08.833+0000] {processor.py:161} INFO - Started process (PID=7423) to work on /home/airflow/.local/lib/python3.8/site-packages/airflow/example_dags/tutorial.py
[2025-01-07T00:13:08.834+0000] {processor.py:830} INFO - Processing file /home/airflow/.local/lib/python3.8/site-packages/airflow/example_dags/tutorial.py for tasks to queue
[2025-01-07T00:13:08.837+0000] {logging_mixin.py:188} INFO - [2025-01-07T00:13:08.837+0000] {dagbag.py:538} INFO - Filling up the DagBag from /home/airflow/.local/lib/python3.8/site-packages/airflow/example_dags/tutorial.py
[2025-01-07T00:13:08.844+0000] {processor.py:840} INFO - DAG(s) 'tutorial' retrieved from /home/airflow/.local/lib/python3.8/site-packages/airflow/example_dags/tutorial.py
[2025-01-07T00:13:08.880+0000] {logging_mixin.py:188} INFO - [2025-01-07T00:13:08.879+0000] {dag.py:3036} INFO - Sync 1 DAGs
[2025-01-07T00:13:08.924+0000] {logging_mixin.py:188} INFO - [2025-01-07T00:13:08.924+0000] {dag.py:3823} INFO - Setting next_dagrun for tutorial to 2025-01-06 00:00:00+00:00, run_after=2025-01-07 00:00:00+00:00
[2025-01-07T00:13:08.954+0000] {processor.py:183} INFO - Processing /home/airflow/.local/lib/python3.8/site-packages/airflow/example_dags/tutorial.py took 0.125 seconds
[2025-01-07T00:13:39.167+0000] {processor.py:161} INFO - Started process (PID=7481) to work on /home/airflow/.local/lib/python3.8/site-packages/airflow/example_dags/tutorial.py
[2025-01-07T00:13:39.169+0000] {processor.py:830} INFO - Processing file /home/airflow/.local/lib/python3.8/site-packages/airflow/example_dags/tutorial.py for tasks to queue
[2025-01-07T00:13:39.171+0000] {logging_mixin.py:188} INFO - [2025-01-07T00:13:39.171+0000] {dagbag.py:538} INFO - Filling up the DagBag from /home/airflow/.local/lib/python3.8/site-packages/airflow/example_dags/tutorial.py
[2025-01-07T00:13:39.178+0000] {processor.py:840} INFO - DAG(s) 'tutorial' retrieved from /home/airflow/.local/lib/python3.8/site-packages/airflow/example_dags/tutorial.py
[2025-01-07T00:13:39.201+0000] {logging_mixin.py:188} INFO - [2025-01-07T00:13:39.201+0000] {dag.py:3036} INFO - Sync 1 DAGs
[2025-01-07T00:13:39.231+0000] {logging_mixin.py:188} INFO - [2025-01-07T00:13:39.230+0000] {dag.py:3823} INFO - Setting next_dagrun for tutorial to 2025-01-06 00:00:00+00:00, run_after=2025-01-07 00:00:00+00:00
[2025-01-07T00:13:39.255+0000] {processor.py:183} INFO - Processing /home/airflow/.local/lib/python3.8/site-packages/airflow/example_dags/tutorial.py took 0.092 seconds
[2025-01-07T00:14:10.235+0000] {processor.py:161} INFO - Started process (PID=7538) to work on /home/airflow/.local/lib/python3.8/site-packages/airflow/example_dags/tutorial.py
[2025-01-07T00:14:10.237+0000] {processor.py:830} INFO - Processing file /home/airflow/.local/lib/python3.8/site-packages/airflow/example_dags/tutorial.py for tasks to queue
[2025-01-07T00:14:10.240+0000] {logging_mixin.py:188} INFO - [2025-01-07T00:14:10.239+0000] {dagbag.py:538} INFO - Filling up the DagBag from /home/airflow/.local/lib/python3.8/site-packages/airflow/example_dags/tutorial.py
[2025-01-07T00:14:10.264+0000] {processor.py:840} INFO - DAG(s) 'tutorial' retrieved from /home/airflow/.local/lib/python3.8/site-packages/airflow/example_dags/tutorial.py
[2025-01-07T00:14:10.330+0000] {logging_mixin.py:188} INFO - [2025-01-07T00:14:10.329+0000] {dag.py:3036} INFO - Sync 1 DAGs
[2025-01-07T00:14:10.427+0000] {logging_mixin.py:188} INFO - [2025-01-07T00:14:10.425+0000] {dag.py:3823} INFO - Setting next_dagrun for tutorial to 2025-01-06 00:00:00+00:00, run_after=2025-01-07 00:00:00+00:00
[2025-01-07T00:14:10.481+0000] {processor.py:183} INFO - Processing /home/airflow/.local/lib/python3.8/site-packages/airflow/example_dags/tutorial.py took 0.258 seconds
[2025-01-07T00:14:41.181+0000] {processor.py:161} INFO - Started process (PID=7595) to work on /home/airflow/.local/lib/python3.8/site-packages/airflow/example_dags/tutorial.py
[2025-01-07T00:14:41.192+0000] {processor.py:830} INFO - Processing file /home/airflow/.local/lib/python3.8/site-packages/airflow/example_dags/tutorial.py for tasks to queue
[2025-01-07T00:14:41.195+0000] {logging_mixin.py:188} INFO - [2025-01-07T00:14:41.194+0000] {dagbag.py:538} INFO - Filling up the DagBag from /home/airflow/.local/lib/python3.8/site-packages/airflow/example_dags/tutorial.py
[2025-01-07T00:14:41.224+0000] {processor.py:840} INFO - DAG(s) 'tutorial' retrieved from /home/airflow/.local/lib/python3.8/site-packages/airflow/example_dags/tutorial.py
[2025-01-07T00:14:41.293+0000] {logging_mixin.py:188} INFO - [2025-01-07T00:14:41.293+0000] {dag.py:3036} INFO - Sync 1 DAGs
[2025-01-07T00:14:41.358+0000] {logging_mixin.py:188} INFO - [2025-01-07T00:14:41.357+0000] {dag.py:3823} INFO - Setting next_dagrun for tutorial to 2025-01-06 00:00:00+00:00, run_after=2025-01-07 00:00:00+00:00
[2025-01-07T00:14:41.400+0000] {processor.py:183} INFO - Processing /home/airflow/.local/lib/python3.8/site-packages/airflow/example_dags/tutorial.py took 0.225 seconds
[2025-01-07T00:15:11.861+0000] {processor.py:161} INFO - Started process (PID=7652) to work on /home/airflow/.local/lib/python3.8/site-packages/airflow/example_dags/tutorial.py
[2025-01-07T00:15:11.863+0000] {processor.py:830} INFO - Processing file /home/airflow/.local/lib/python3.8/site-packages/airflow/example_dags/tutorial.py for tasks to queue
[2025-01-07T00:15:11.865+0000] {logging_mixin.py:188} INFO - [2025-01-07T00:15:11.865+0000] {dagbag.py:538} INFO - Filling up the DagBag from /home/airflow/.local/lib/python3.8/site-packages/airflow/example_dags/tutorial.py
[2025-01-07T00:15:11.872+0000] {processor.py:840} INFO - DAG(s) 'tutorial' retrieved from /home/airflow/.local/lib/python3.8/site-packages/airflow/example_dags/tutorial.py
[2025-01-07T00:15:11.902+0000] {logging_mixin.py:188} INFO - [2025-01-07T00:15:11.902+0000] {dag.py:3036} INFO - Sync 1 DAGs
[2025-01-07T00:15:11.934+0000] {logging_mixin.py:188} INFO - [2025-01-07T00:15:11.934+0000] {dag.py:3823} INFO - Setting next_dagrun for tutorial to 2025-01-06 00:00:00+00:00, run_after=2025-01-07 00:00:00+00:00
[2025-01-07T00:15:11.962+0000] {processor.py:183} INFO - Processing /home/airflow/.local/lib/python3.8/site-packages/airflow/example_dags/tutorial.py took 0.105 seconds
[2025-01-07T00:15:42.618+0000] {processor.py:161} INFO - Started process (PID=7710) to work on /home/airflow/.local/lib/python3.8/site-packages/airflow/example_dags/tutorial.py
[2025-01-07T00:15:42.621+0000] {processor.py:830} INFO - Processing file /home/airflow/.local/lib/python3.8/site-packages/airflow/example_dags/tutorial.py for tasks to queue
[2025-01-07T00:15:42.626+0000] {logging_mixin.py:188} INFO - [2025-01-07T00:15:42.626+0000] {dagbag.py:538} INFO - Filling up the DagBag from /home/airflow/.local/lib/python3.8/site-packages/airflow/example_dags/tutorial.py
[2025-01-07T00:15:42.643+0000] {processor.py:840} INFO - DAG(s) 'tutorial' retrieved from /home/airflow/.local/lib/python3.8/site-packages/airflow/example_dags/tutorial.py
[2025-01-07T00:15:42.690+0000] {logging_mixin.py:188} INFO - [2025-01-07T00:15:42.690+0000] {dag.py:3036} INFO - Sync 1 DAGs
[2025-01-07T00:15:42.747+0000] {logging_mixin.py:188} INFO - [2025-01-07T00:15:42.747+0000] {dag.py:3823} INFO - Setting next_dagrun for tutorial to 2025-01-06 00:00:00+00:00, run_after=2025-01-07 00:00:00+00:00
[2025-01-07T00:15:42.806+0000] {processor.py:183} INFO - Processing /home/airflow/.local/lib/python3.8/site-packages/airflow/example_dags/tutorial.py took 0.195 seconds
[2025-01-07T00:16:13.640+0000] {processor.py:161} INFO - Started process (PID=7767) to work on /home/airflow/.local/lib/python3.8/site-packages/airflow/example_dags/tutorial.py
[2025-01-07T00:16:13.642+0000] {processor.py:830} INFO - Processing file /home/airflow/.local/lib/python3.8/site-packages/airflow/example_dags/tutorial.py for tasks to queue
[2025-01-07T00:16:13.645+0000] {logging_mixin.py:188} INFO - [2025-01-07T00:16:13.644+0000] {dagbag.py:538} INFO - Filling up the DagBag from /home/airflow/.local/lib/python3.8/site-packages/airflow/example_dags/tutorial.py
[2025-01-07T00:16:13.654+0000] {processor.py:840} INFO - DAG(s) 'tutorial' retrieved from /home/airflow/.local/lib/python3.8/site-packages/airflow/example_dags/tutorial.py
[2025-01-07T00:16:13.699+0000] {logging_mixin.py:188} INFO - [2025-01-07T00:16:13.698+0000] {dag.py:3036} INFO - Sync 1 DAGs
[2025-01-07T00:16:13.752+0000] {logging_mixin.py:188} INFO - [2025-01-07T00:16:13.751+0000] {dag.py:3823} INFO - Setting next_dagrun for tutorial to 2025-01-06 00:00:00+00:00, run_after=2025-01-07 00:00:00+00:00
[2025-01-07T00:16:13.825+0000] {processor.py:183} INFO - Processing /home/airflow/.local/lib/python3.8/site-packages/airflow/example_dags/tutorial.py took 0.191 seconds
[2025-01-07T00:16:45.233+0000] {processor.py:161} INFO - Started process (PID=7825) to work on /home/airflow/.local/lib/python3.8/site-packages/airflow/example_dags/tutorial.py
[2025-01-07T00:16:45.238+0000] {processor.py:830} INFO - Processing file /home/airflow/.local/lib/python3.8/site-packages/airflow/example_dags/tutorial.py for tasks to queue
[2025-01-07T00:16:45.248+0000] {logging_mixin.py:188} INFO - [2025-01-07T00:16:45.242+0000] {dagbag.py:538} INFO - Filling up the DagBag from /home/airflow/.local/lib/python3.8/site-packages/airflow/example_dags/tutorial.py
[2025-01-07T00:16:45.270+0000] {processor.py:840} INFO - DAG(s) 'tutorial' retrieved from /home/airflow/.local/lib/python3.8/site-packages/airflow/example_dags/tutorial.py
[2025-01-07T00:16:45.363+0000] {logging_mixin.py:188} INFO - [2025-01-07T00:16:45.363+0000] {dag.py:3036} INFO - Sync 1 DAGs
[2025-01-07T00:16:45.476+0000] {logging_mixin.py:188} INFO - [2025-01-07T00:16:45.475+0000] {dag.py:3823} INFO - Setting next_dagrun for tutorial to 2025-01-06 00:00:00+00:00, run_after=2025-01-07 00:00:00+00:00
[2025-01-07T00:16:45.562+0000] {processor.py:183} INFO - Processing /home/airflow/.local/lib/python3.8/site-packages/airflow/example_dags/tutorial.py took 0.346 seconds
[2025-01-07T00:17:15.722+0000] {processor.py:161} INFO - Started process (PID=7882) to work on /home/airflow/.local/lib/python3.8/site-packages/airflow/example_dags/tutorial.py
[2025-01-07T00:17:15.724+0000] {processor.py:830} INFO - Processing file /home/airflow/.local/lib/python3.8/site-packages/airflow/example_dags/tutorial.py for tasks to queue
[2025-01-07T00:17:15.748+0000] {logging_mixin.py:188} INFO - [2025-01-07T00:17:15.747+0000] {dagbag.py:538} INFO - Filling up the DagBag from /home/airflow/.local/lib/python3.8/site-packages/airflow/example_dags/tutorial.py
[2025-01-07T00:17:15.770+0000] {processor.py:840} INFO - DAG(s) 'tutorial' retrieved from /home/airflow/.local/lib/python3.8/site-packages/airflow/example_dags/tutorial.py
[2025-01-07T00:17:15.854+0000] {logging_mixin.py:188} INFO - [2025-01-07T00:17:15.853+0000] {dag.py:3036} INFO - Sync 1 DAGs
[2025-01-07T00:17:15.953+0000] {logging_mixin.py:188} INFO - [2025-01-07T00:17:15.952+0000] {dag.py:3823} INFO - Setting next_dagrun for tutorial to 2025-01-06 00:00:00+00:00, run_after=2025-01-07 00:00:00+00:00
[2025-01-07T00:17:16.031+0000] {processor.py:183} INFO - Processing /home/airflow/.local/lib/python3.8/site-packages/airflow/example_dags/tutorial.py took 0.313 seconds
[2025-01-07T00:17:47.072+0000] {processor.py:161} INFO - Started process (PID=7944) to work on /home/airflow/.local/lib/python3.8/site-packages/airflow/example_dags/tutorial.py
[2025-01-07T00:17:47.085+0000] {processor.py:830} INFO - Processing file /home/airflow/.local/lib/python3.8/site-packages/airflow/example_dags/tutorial.py for tasks to queue
[2025-01-07T00:17:47.102+0000] {logging_mixin.py:188} INFO - [2025-01-07T00:17:47.101+0000] {dagbag.py:538} INFO - Filling up the DagBag from /home/airflow/.local/lib/python3.8/site-packages/airflow/example_dags/tutorial.py
[2025-01-07T00:17:47.151+0000] {processor.py:840} INFO - DAG(s) 'tutorial' retrieved from /home/airflow/.local/lib/python3.8/site-packages/airflow/example_dags/tutorial.py
[2025-01-07T00:17:47.279+0000] {logging_mixin.py:188} INFO - [2025-01-07T00:17:47.278+0000] {dag.py:3036} INFO - Sync 1 DAGs
[2025-01-07T00:17:47.412+0000] {logging_mixin.py:188} INFO - [2025-01-07T00:17:47.412+0000] {dag.py:3823} INFO - Setting next_dagrun for tutorial to 2025-01-06 00:00:00+00:00, run_after=2025-01-07 00:00:00+00:00
[2025-01-07T00:17:47.501+0000] {processor.py:183} INFO - Processing /home/airflow/.local/lib/python3.8/site-packages/airflow/example_dags/tutorial.py took 0.447 seconds
[2025-01-07T00:18:20.844+0000] {processor.py:161} INFO - Started process (PID=8001) to work on /home/airflow/.local/lib/python3.8/site-packages/airflow/example_dags/tutorial.py
[2025-01-07T00:18:20.846+0000] {processor.py:830} INFO - Processing file /home/airflow/.local/lib/python3.8/site-packages/airflow/example_dags/tutorial.py for tasks to queue
[2025-01-07T00:18:20.860+0000] {logging_mixin.py:188} INFO - [2025-01-07T00:18:20.860+0000] {dagbag.py:538} INFO - Filling up the DagBag from /home/airflow/.local/lib/python3.8/site-packages/airflow/example_dags/tutorial.py
[2025-01-07T00:18:20.941+0000] {processor.py:840} INFO - DAG(s) 'tutorial' retrieved from /home/airflow/.local/lib/python3.8/site-packages/airflow/example_dags/tutorial.py
[2025-01-07T00:18:21.167+0000] {logging_mixin.py:188} INFO - [2025-01-07T00:18:21.166+0000] {dag.py:3036} INFO - Sync 1 DAGs
[2025-01-07T00:18:21.344+0000] {logging_mixin.py:188} INFO - [2025-01-07T00:18:21.343+0000] {dag.py:3823} INFO - Setting next_dagrun for tutorial to 2025-01-06 00:00:00+00:00, run_after=2025-01-07 00:00:00+00:00
[2025-01-07T00:18:21.492+0000] {processor.py:183} INFO - Processing /home/airflow/.local/lib/python3.8/site-packages/airflow/example_dags/tutorial.py took 0.664 seconds
[2025-01-07T00:18:58.665+0000] {processor.py:161} INFO - Started process (PID=8063) to work on /home/airflow/.local/lib/python3.8/site-packages/airflow/example_dags/tutorial.py
[2025-01-07T00:18:58.692+0000] {processor.py:830} INFO - Processing file /home/airflow/.local/lib/python3.8/site-packages/airflow/example_dags/tutorial.py for tasks to queue
[2025-01-07T00:18:58.709+0000] {logging_mixin.py:188} INFO - [2025-01-07T00:18:58.708+0000] {dagbag.py:538} INFO - Filling up the DagBag from /home/airflow/.local/lib/python3.8/site-packages/airflow/example_dags/tutorial.py
[2025-01-07T00:18:58.735+0000] {processor.py:840} INFO - DAG(s) 'tutorial' retrieved from /home/airflow/.local/lib/python3.8/site-packages/airflow/example_dags/tutorial.py
[2025-01-07T00:18:58.852+0000] {logging_mixin.py:188} INFO - [2025-01-07T00:18:58.852+0000] {dag.py:3036} INFO - Sync 1 DAGs
[2025-01-07T00:18:59.051+0000] {logging_mixin.py:188} INFO - [2025-01-07T00:18:59.050+0000] {dag.py:3823} INFO - Setting next_dagrun for tutorial to 2025-01-06 00:00:00+00:00, run_after=2025-01-07 00:00:00+00:00
[2025-01-07T00:18:59.308+0000] {processor.py:183} INFO - Processing /home/airflow/.local/lib/python3.8/site-packages/airflow/example_dags/tutorial.py took 0.666 seconds
[2025-01-07T00:19:29.785+0000] {processor.py:161} INFO - Started process (PID=8125) to work on /home/airflow/.local/lib/python3.8/site-packages/airflow/example_dags/tutorial.py
[2025-01-07T00:19:29.788+0000] {processor.py:830} INFO - Processing file /home/airflow/.local/lib/python3.8/site-packages/airflow/example_dags/tutorial.py for tasks to queue
[2025-01-07T00:19:29.799+0000] {logging_mixin.py:188} INFO - [2025-01-07T00:19:29.799+0000] {dagbag.py:538} INFO - Filling up the DagBag from /home/airflow/.local/lib/python3.8/site-packages/airflow/example_dags/tutorial.py
[2025-01-07T00:19:29.811+0000] {processor.py:840} INFO - DAG(s) 'tutorial' retrieved from /home/airflow/.local/lib/python3.8/site-packages/airflow/example_dags/tutorial.py
[2025-01-07T00:19:29.865+0000] {logging_mixin.py:188} INFO - [2025-01-07T00:19:29.864+0000] {dag.py:3036} INFO - Sync 1 DAGs
[2025-01-07T00:19:29.946+0000] {logging_mixin.py:188} INFO - [2025-01-07T00:19:29.945+0000] {dag.py:3823} INFO - Setting next_dagrun for tutorial to 2025-01-06 00:00:00+00:00, run_after=2025-01-07 00:00:00+00:00
[2025-01-07T00:19:30.004+0000] {processor.py:183} INFO - Processing /home/airflow/.local/lib/python3.8/site-packages/airflow/example_dags/tutorial.py took 0.225 seconds
[2025-01-07T00:20:00.330+0000] {processor.py:161} INFO - Started process (PID=8182) to work on /home/airflow/.local/lib/python3.8/site-packages/airflow/example_dags/tutorial.py
[2025-01-07T00:20:00.333+0000] {processor.py:830} INFO - Processing file /home/airflow/.local/lib/python3.8/site-packages/airflow/example_dags/tutorial.py for tasks to queue
[2025-01-07T00:20:00.337+0000] {logging_mixin.py:188} INFO - [2025-01-07T00:20:00.337+0000] {dagbag.py:538} INFO - Filling up the DagBag from /home/airflow/.local/lib/python3.8/site-packages/airflow/example_dags/tutorial.py
[2025-01-07T00:20:00.347+0000] {processor.py:840} INFO - DAG(s) 'tutorial' retrieved from /home/airflow/.local/lib/python3.8/site-packages/airflow/example_dags/tutorial.py
[2025-01-07T00:20:00.396+0000] {logging_mixin.py:188} INFO - [2025-01-07T00:20:00.396+0000] {dag.py:3036} INFO - Sync 1 DAGs
[2025-01-07T00:20:00.448+0000] {logging_mixin.py:188} INFO - [2025-01-07T00:20:00.448+0000] {dag.py:3823} INFO - Setting next_dagrun for tutorial to 2025-01-06 00:00:00+00:00, run_after=2025-01-07 00:00:00+00:00
[2025-01-07T00:20:00.479+0000] {processor.py:183} INFO - Processing /home/airflow/.local/lib/python3.8/site-packages/airflow/example_dags/tutorial.py took 0.155 seconds
[2025-01-07T00:20:30.968+0000] {processor.py:161} INFO - Started process (PID=8239) to work on /home/airflow/.local/lib/python3.8/site-packages/airflow/example_dags/tutorial.py
[2025-01-07T00:20:30.973+0000] {processor.py:830} INFO - Processing file /home/airflow/.local/lib/python3.8/site-packages/airflow/example_dags/tutorial.py for tasks to queue
[2025-01-07T00:20:30.980+0000] {logging_mixin.py:188} INFO - [2025-01-07T00:20:30.979+0000] {dagbag.py:538} INFO - Filling up the DagBag from /home/airflow/.local/lib/python3.8/site-packages/airflow/example_dags/tutorial.py
[2025-01-07T00:20:30.989+0000] {processor.py:840} INFO - DAG(s) 'tutorial' retrieved from /home/airflow/.local/lib/python3.8/site-packages/airflow/example_dags/tutorial.py
[2025-01-07T00:20:31.048+0000] {logging_mixin.py:188} INFO - [2025-01-07T00:20:31.047+0000] {dag.py:3036} INFO - Sync 1 DAGs
[2025-01-07T00:20:31.111+0000] {logging_mixin.py:188} INFO - [2025-01-07T00:20:31.110+0000] {dag.py:3823} INFO - Setting next_dagrun for tutorial to 2025-01-06 00:00:00+00:00, run_after=2025-01-07 00:00:00+00:00
[2025-01-07T00:20:31.166+0000] {processor.py:183} INFO - Processing /home/airflow/.local/lib/python3.8/site-packages/airflow/example_dags/tutorial.py took 0.203 seconds
[2025-01-07T00:21:01.427+0000] {processor.py:161} INFO - Started process (PID=8297) to work on /home/airflow/.local/lib/python3.8/site-packages/airflow/example_dags/tutorial.py
[2025-01-07T00:21:01.428+0000] {processor.py:830} INFO - Processing file /home/airflow/.local/lib/python3.8/site-packages/airflow/example_dags/tutorial.py for tasks to queue
[2025-01-07T00:21:01.431+0000] {logging_mixin.py:188} INFO - [2025-01-07T00:21:01.431+0000] {dagbag.py:538} INFO - Filling up the DagBag from /home/airflow/.local/lib/python3.8/site-packages/airflow/example_dags/tutorial.py
[2025-01-07T00:21:01.439+0000] {processor.py:840} INFO - DAG(s) 'tutorial' retrieved from /home/airflow/.local/lib/python3.8/site-packages/airflow/example_dags/tutorial.py
[2025-01-07T00:21:01.468+0000] {logging_mixin.py:188} INFO - [2025-01-07T00:21:01.468+0000] {dag.py:3036} INFO - Sync 1 DAGs
[2025-01-07T00:21:01.503+0000] {logging_mixin.py:188} INFO - [2025-01-07T00:21:01.502+0000] {dag.py:3823} INFO - Setting next_dagrun for tutorial to 2025-01-06 00:00:00+00:00, run_after=2025-01-07 00:00:00+00:00
[2025-01-07T00:21:01.533+0000] {processor.py:183} INFO - Processing /home/airflow/.local/lib/python3.8/site-packages/airflow/example_dags/tutorial.py took 0.109 seconds
[2025-01-07T00:21:33.161+0000] {processor.py:161} INFO - Started process (PID=8354) to work on /home/airflow/.local/lib/python3.8/site-packages/airflow/example_dags/tutorial.py
[2025-01-07T00:21:33.165+0000] {processor.py:830} INFO - Processing file /home/airflow/.local/lib/python3.8/site-packages/airflow/example_dags/tutorial.py for tasks to queue
[2025-01-07T00:21:33.188+0000] {logging_mixin.py:188} INFO - [2025-01-07T00:21:33.188+0000] {dagbag.py:538} INFO - Filling up the DagBag from /home/airflow/.local/lib/python3.8/site-packages/airflow/example_dags/tutorial.py
[2025-01-07T00:21:33.232+0000] {processor.py:840} INFO - DAG(s) 'tutorial' retrieved from /home/airflow/.local/lib/python3.8/site-packages/airflow/example_dags/tutorial.py
[2025-01-07T00:21:33.306+0000] {logging_mixin.py:188} INFO - [2025-01-07T00:21:33.295+0000] {dag.py:3036} INFO - Sync 1 DAGs
[2025-01-07T00:21:33.427+0000] {logging_mixin.py:188} INFO - [2025-01-07T00:21:33.426+0000] {dag.py:3823} INFO - Setting next_dagrun for tutorial to 2025-01-06 00:00:00+00:00, run_after=2025-01-07 00:00:00+00:00
[2025-01-07T00:21:33.512+0000] {processor.py:183} INFO - Processing /home/airflow/.local/lib/python3.8/site-packages/airflow/example_dags/tutorial.py took 0.356 seconds
[2025-01-07T00:22:04.279+0000] {processor.py:161} INFO - Started process (PID=8411) to work on /home/airflow/.local/lib/python3.8/site-packages/airflow/example_dags/tutorial.py
[2025-01-07T00:22:04.281+0000] {processor.py:830} INFO - Processing file /home/airflow/.local/lib/python3.8/site-packages/airflow/example_dags/tutorial.py for tasks to queue
[2025-01-07T00:22:04.283+0000] {logging_mixin.py:188} INFO - [2025-01-07T00:22:04.283+0000] {dagbag.py:538} INFO - Filling up the DagBag from /home/airflow/.local/lib/python3.8/site-packages/airflow/example_dags/tutorial.py
[2025-01-07T00:22:04.290+0000] {processor.py:840} INFO - DAG(s) 'tutorial' retrieved from /home/airflow/.local/lib/python3.8/site-packages/airflow/example_dags/tutorial.py
[2025-01-07T00:22:04.325+0000] {logging_mixin.py:188} INFO - [2025-01-07T00:22:04.325+0000] {dag.py:3036} INFO - Sync 1 DAGs
[2025-01-07T00:22:04.355+0000] {logging_mixin.py:188} INFO - [2025-01-07T00:22:04.355+0000] {dag.py:3823} INFO - Setting next_dagrun for tutorial to 2025-01-06 00:00:00+00:00, run_after=2025-01-07 00:00:00+00:00
[2025-01-07T00:22:04.380+0000] {processor.py:183} INFO - Processing /home/airflow/.local/lib/python3.8/site-packages/airflow/example_dags/tutorial.py took 0.106 seconds
[2025-01-07T00:22:34.620+0000] {processor.py:161} INFO - Started process (PID=8468) to work on /home/airflow/.local/lib/python3.8/site-packages/airflow/example_dags/tutorial.py
[2025-01-07T00:22:34.621+0000] {processor.py:830} INFO - Processing file /home/airflow/.local/lib/python3.8/site-packages/airflow/example_dags/tutorial.py for tasks to queue
[2025-01-07T00:22:34.624+0000] {logging_mixin.py:188} INFO - [2025-01-07T00:22:34.623+0000] {dagbag.py:538} INFO - Filling up the DagBag from /home/airflow/.local/lib/python3.8/site-packages/airflow/example_dags/tutorial.py
[2025-01-07T00:22:34.631+0000] {processor.py:840} INFO - DAG(s) 'tutorial' retrieved from /home/airflow/.local/lib/python3.8/site-packages/airflow/example_dags/tutorial.py
[2025-01-07T00:22:34.661+0000] {logging_mixin.py:188} INFO - [2025-01-07T00:22:34.661+0000] {dag.py:3036} INFO - Sync 1 DAGs
[2025-01-07T00:22:34.717+0000] {logging_mixin.py:188} INFO - [2025-01-07T00:22:34.717+0000] {dag.py:3823} INFO - Setting next_dagrun for tutorial to 2025-01-06 00:00:00+00:00, run_after=2025-01-07 00:00:00+00:00
[2025-01-07T00:22:34.750+0000] {processor.py:183} INFO - Processing /home/airflow/.local/lib/python3.8/site-packages/airflow/example_dags/tutorial.py took 0.133 seconds
[2025-01-07T00:23:05.789+0000] {processor.py:161} INFO - Started process (PID=8526) to work on /home/airflow/.local/lib/python3.8/site-packages/airflow/example_dags/tutorial.py
[2025-01-07T00:23:05.791+0000] {processor.py:830} INFO - Processing file /home/airflow/.local/lib/python3.8/site-packages/airflow/example_dags/tutorial.py for tasks to queue
[2025-01-07T00:23:05.794+0000] {logging_mixin.py:188} INFO - [2025-01-07T00:23:05.794+0000] {dagbag.py:538} INFO - Filling up the DagBag from /home/airflow/.local/lib/python3.8/site-packages/airflow/example_dags/tutorial.py
[2025-01-07T00:23:05.804+0000] {processor.py:840} INFO - DAG(s) 'tutorial' retrieved from /home/airflow/.local/lib/python3.8/site-packages/airflow/example_dags/tutorial.py
[2025-01-07T00:23:05.841+0000] {logging_mixin.py:188} INFO - [2025-01-07T00:23:05.839+0000] {dag.py:3036} INFO - Sync 1 DAGs
[2025-01-07T00:23:05.872+0000] {logging_mixin.py:188} INFO - [2025-01-07T00:23:05.872+0000] {dag.py:3823} INFO - Setting next_dagrun for tutorial to 2025-01-06 00:00:00+00:00, run_after=2025-01-07 00:00:00+00:00
[2025-01-07T00:23:05.898+0000] {processor.py:183} INFO - Processing /home/airflow/.local/lib/python3.8/site-packages/airflow/example_dags/tutorial.py took 0.115 seconds
[2025-01-07T00:23:36.356+0000] {processor.py:161} INFO - Started process (PID=8583) to work on /home/airflow/.local/lib/python3.8/site-packages/airflow/example_dags/tutorial.py
[2025-01-07T00:23:36.357+0000] {processor.py:830} INFO - Processing file /home/airflow/.local/lib/python3.8/site-packages/airflow/example_dags/tutorial.py for tasks to queue
[2025-01-07T00:23:36.361+0000] {logging_mixin.py:188} INFO - [2025-01-07T00:23:36.360+0000] {dagbag.py:538} INFO - Filling up the DagBag from /home/airflow/.local/lib/python3.8/site-packages/airflow/example_dags/tutorial.py
[2025-01-07T00:23:36.379+0000] {processor.py:840} INFO - DAG(s) 'tutorial' retrieved from /home/airflow/.local/lib/python3.8/site-packages/airflow/example_dags/tutorial.py
[2025-01-07T00:23:36.440+0000] {logging_mixin.py:188} INFO - [2025-01-07T00:23:36.440+0000] {dag.py:3036} INFO - Sync 1 DAGs
[2025-01-07T00:23:36.494+0000] {logging_mixin.py:188} INFO - [2025-01-07T00:23:36.493+0000] {dag.py:3823} INFO - Setting next_dagrun for tutorial to 2025-01-06 00:00:00+00:00, run_after=2025-01-07 00:00:00+00:00
[2025-01-07T00:23:36.545+0000] {processor.py:183} INFO - Processing /home/airflow/.local/lib/python3.8/site-packages/airflow/example_dags/tutorial.py took 0.197 seconds
[2025-01-07T00:24:07.213+0000] {processor.py:161} INFO - Started process (PID=8640) to work on /home/airflow/.local/lib/python3.8/site-packages/airflow/example_dags/tutorial.py
[2025-01-07T00:24:07.214+0000] {processor.py:830} INFO - Processing file /home/airflow/.local/lib/python3.8/site-packages/airflow/example_dags/tutorial.py for tasks to queue
[2025-01-07T00:24:07.216+0000] {logging_mixin.py:188} INFO - [2025-01-07T00:24:07.216+0000] {dagbag.py:538} INFO - Filling up the DagBag from /home/airflow/.local/lib/python3.8/site-packages/airflow/example_dags/tutorial.py
[2025-01-07T00:24:07.223+0000] {processor.py:840} INFO - DAG(s) 'tutorial' retrieved from /home/airflow/.local/lib/python3.8/site-packages/airflow/example_dags/tutorial.py
[2025-01-07T00:24:07.248+0000] {logging_mixin.py:188} INFO - [2025-01-07T00:24:07.248+0000] {dag.py:3036} INFO - Sync 1 DAGs
[2025-01-07T00:24:07.281+0000] {logging_mixin.py:188} INFO - [2025-01-07T00:24:07.281+0000] {dag.py:3823} INFO - Setting next_dagrun for tutorial to 2025-01-06 00:00:00+00:00, run_after=2025-01-07 00:00:00+00:00
[2025-01-07T00:24:07.306+0000] {processor.py:183} INFO - Processing /home/airflow/.local/lib/python3.8/site-packages/airflow/example_dags/tutorial.py took 0.098 seconds
[2025-01-07T00:24:37.876+0000] {processor.py:161} INFO - Started process (PID=8696) to work on /home/airflow/.local/lib/python3.8/site-packages/airflow/example_dags/tutorial.py
[2025-01-07T00:24:37.879+0000] {processor.py:830} INFO - Processing file /home/airflow/.local/lib/python3.8/site-packages/airflow/example_dags/tutorial.py for tasks to queue
[2025-01-07T00:24:37.882+0000] {logging_mixin.py:188} INFO - [2025-01-07T00:24:37.882+0000] {dagbag.py:538} INFO - Filling up the DagBag from /home/airflow/.local/lib/python3.8/site-packages/airflow/example_dags/tutorial.py
[2025-01-07T00:24:37.892+0000] {processor.py:840} INFO - DAG(s) 'tutorial' retrieved from /home/airflow/.local/lib/python3.8/site-packages/airflow/example_dags/tutorial.py
[2025-01-07T00:24:37.955+0000] {logging_mixin.py:188} INFO - [2025-01-07T00:24:37.955+0000] {dag.py:3036} INFO - Sync 1 DAGs
[2025-01-07T00:24:38.003+0000] {logging_mixin.py:188} INFO - [2025-01-07T00:24:38.003+0000] {dag.py:3823} INFO - Setting next_dagrun for tutorial to 2025-01-06 00:00:00+00:00, run_after=2025-01-07 00:00:00+00:00
[2025-01-07T00:24:38.216+0000] {processor.py:183} INFO - Processing /home/airflow/.local/lib/python3.8/site-packages/airflow/example_dags/tutorial.py took 0.345 seconds
