[2025-01-07T00:00:31.021+0000] {processor.py:161} INFO - Started process (PID=5983) to work on /home/airflow/.local/lib/python3.8/site-packages/airflow/example_dags/tutorial_dag.py
[2025-01-07T00:00:31.024+0000] {processor.py:830} INFO - Processing file /home/airflow/.local/lib/python3.8/site-packages/airflow/example_dags/tutorial_dag.py for tasks to queue
[2025-01-07T00:00:31.029+0000] {logging_mixin.py:188} INFO - [2025-01-07T00:00:31.029+0000] {dagbag.py:538} INFO - Filling up the DagBag from /home/airflow/.local/lib/python3.8/site-packages/airflow/example_dags/tutorial_dag.py
[2025-01-07T00:00:31.041+0000] {processor.py:840} INFO - DAG(s) 'tutorial_dag' retrieved from /home/airflow/.local/lib/python3.8/site-packages/airflow/example_dags/tutorial_dag.py
[2025-01-07T00:00:31.115+0000] {logging_mixin.py:188} INFO - [2025-01-07T00:00:31.114+0000] {dag.py:3036} INFO - Sync 1 DAGs
[2025-01-07T00:00:31.159+0000] {logging_mixin.py:188} INFO - [2025-01-07T00:00:31.158+0000] {dag.py:3823} INFO - Setting next_dagrun for tutorial_dag to None, run_after=None
[2025-01-07T00:00:31.279+0000] {processor.py:183} INFO - Processing /home/airflow/.local/lib/python3.8/site-packages/airflow/example_dags/tutorial_dag.py took 0.264 seconds
[2025-01-07T00:01:01.717+0000] {processor.py:161} INFO - Started process (PID=6041) to work on /home/airflow/.local/lib/python3.8/site-packages/airflow/example_dags/tutorial_dag.py
[2025-01-07T00:01:01.718+0000] {processor.py:830} INFO - Processing file /home/airflow/.local/lib/python3.8/site-packages/airflow/example_dags/tutorial_dag.py for tasks to queue
[2025-01-07T00:01:01.720+0000] {logging_mixin.py:188} INFO - [2025-01-07T00:01:01.720+0000] {dagbag.py:538} INFO - Filling up the DagBag from /home/airflow/.local/lib/python3.8/site-packages/airflow/example_dags/tutorial_dag.py
[2025-01-07T00:01:01.727+0000] {processor.py:840} INFO - DAG(s) 'tutorial_dag' retrieved from /home/airflow/.local/lib/python3.8/site-packages/airflow/example_dags/tutorial_dag.py
[2025-01-07T00:01:01.756+0000] {logging_mixin.py:188} INFO - [2025-01-07T00:01:01.756+0000] {dag.py:3036} INFO - Sync 1 DAGs
[2025-01-07T00:01:01.774+0000] {logging_mixin.py:188} INFO - [2025-01-07T00:01:01.774+0000] {dag.py:3823} INFO - Setting next_dagrun for tutorial_dag to None, run_after=None
[2025-01-07T00:01:01.801+0000] {processor.py:183} INFO - Processing /home/airflow/.local/lib/python3.8/site-packages/airflow/example_dags/tutorial_dag.py took 0.089 seconds
[2025-01-07T00:01:31.866+0000] {processor.py:161} INFO - Started process (PID=6098) to work on /home/airflow/.local/lib/python3.8/site-packages/airflow/example_dags/tutorial_dag.py
[2025-01-07T00:01:31.867+0000] {processor.py:830} INFO - Processing file /home/airflow/.local/lib/python3.8/site-packages/airflow/example_dags/tutorial_dag.py for tasks to queue
[2025-01-07T00:01:31.870+0000] {logging_mixin.py:188} INFO - [2025-01-07T00:01:31.869+0000] {dagbag.py:538} INFO - Filling up the DagBag from /home/airflow/.local/lib/python3.8/site-packages/airflow/example_dags/tutorial_dag.py
[2025-01-07T00:01:31.879+0000] {processor.py:840} INFO - DAG(s) 'tutorial_dag' retrieved from /home/airflow/.local/lib/python3.8/site-packages/airflow/example_dags/tutorial_dag.py
[2025-01-07T00:01:31.913+0000] {logging_mixin.py:188} INFO - [2025-01-07T00:01:31.913+0000] {dag.py:3036} INFO - Sync 1 DAGs
[2025-01-07T00:01:31.934+0000] {logging_mixin.py:188} INFO - [2025-01-07T00:01:31.933+0000] {dag.py:3823} INFO - Setting next_dagrun for tutorial_dag to None, run_after=None
[2025-01-07T00:01:31.965+0000] {processor.py:183} INFO - Processing /home/airflow/.local/lib/python3.8/site-packages/airflow/example_dags/tutorial_dag.py took 0.103 seconds
[2025-01-07T00:02:04.555+0000] {processor.py:161} INFO - Started process (PID=6155) to work on /home/airflow/.local/lib/python3.8/site-packages/airflow/example_dags/tutorial_dag.py
[2025-01-07T00:02:04.565+0000] {processor.py:830} INFO - Processing file /home/airflow/.local/lib/python3.8/site-packages/airflow/example_dags/tutorial_dag.py for tasks to queue
[2025-01-07T00:02:04.582+0000] {logging_mixin.py:188} INFO - [2025-01-07T00:02:04.581+0000] {dagbag.py:538} INFO - Filling up the DagBag from /home/airflow/.local/lib/python3.8/site-packages/airflow/example_dags/tutorial_dag.py
[2025-01-07T00:02:04.615+0000] {processor.py:840} INFO - DAG(s) 'tutorial_dag' retrieved from /home/airflow/.local/lib/python3.8/site-packages/airflow/example_dags/tutorial_dag.py
[2025-01-07T00:02:04.720+0000] {logging_mixin.py:188} INFO - [2025-01-07T00:02:04.720+0000] {dag.py:3036} INFO - Sync 1 DAGs
[2025-01-07T00:02:04.770+0000] {logging_mixin.py:188} INFO - [2025-01-07T00:02:04.770+0000] {dag.py:3823} INFO - Setting next_dagrun for tutorial_dag to None, run_after=None
[2025-01-07T00:02:04.852+0000] {processor.py:183} INFO - Processing /home/airflow/.local/lib/python3.8/site-packages/airflow/example_dags/tutorial_dag.py took 0.315 seconds
[2025-01-07T00:02:36.863+0000] {processor.py:161} INFO - Started process (PID=6224) to work on /home/airflow/.local/lib/python3.8/site-packages/airflow/example_dags/tutorial_dag.py
[2025-01-07T00:02:36.871+0000] {processor.py:830} INFO - Processing file /home/airflow/.local/lib/python3.8/site-packages/airflow/example_dags/tutorial_dag.py for tasks to queue
[2025-01-07T00:02:36.875+0000] {logging_mixin.py:188} INFO - [2025-01-07T00:02:36.874+0000] {dagbag.py:538} INFO - Filling up the DagBag from /home/airflow/.local/lib/python3.8/site-packages/airflow/example_dags/tutorial_dag.py
[2025-01-07T00:02:36.899+0000] {processor.py:840} INFO - DAG(s) 'tutorial_dag' retrieved from /home/airflow/.local/lib/python3.8/site-packages/airflow/example_dags/tutorial_dag.py
[2025-01-07T00:02:37.048+0000] {logging_mixin.py:188} INFO - [2025-01-07T00:02:37.047+0000] {dag.py:3036} INFO - Sync 1 DAGs
[2025-01-07T00:02:37.158+0000] {logging_mixin.py:188} INFO - [2025-01-07T00:02:37.158+0000] {dag.py:3823} INFO - Setting next_dagrun for tutorial_dag to None, run_after=None
[2025-01-07T00:02:37.266+0000] {processor.py:183} INFO - Processing /home/airflow/.local/lib/python3.8/site-packages/airflow/example_dags/tutorial_dag.py took 0.411 seconds
[2025-01-07T00:03:07.322+0000] {processor.py:161} INFO - Started process (PID=6281) to work on /home/airflow/.local/lib/python3.8/site-packages/airflow/example_dags/tutorial_dag.py
[2025-01-07T00:03:07.325+0000] {processor.py:830} INFO - Processing file /home/airflow/.local/lib/python3.8/site-packages/airflow/example_dags/tutorial_dag.py for tasks to queue
[2025-01-07T00:03:07.327+0000] {logging_mixin.py:188} INFO - [2025-01-07T00:03:07.327+0000] {dagbag.py:538} INFO - Filling up the DagBag from /home/airflow/.local/lib/python3.8/site-packages/airflow/example_dags/tutorial_dag.py
[2025-01-07T00:03:07.334+0000] {processor.py:840} INFO - DAG(s) 'tutorial_dag' retrieved from /home/airflow/.local/lib/python3.8/site-packages/airflow/example_dags/tutorial_dag.py
[2025-01-07T00:03:07.361+0000] {logging_mixin.py:188} INFO - [2025-01-07T00:03:07.361+0000] {dag.py:3036} INFO - Sync 1 DAGs
[2025-01-07T00:03:07.387+0000] {logging_mixin.py:188} INFO - [2025-01-07T00:03:07.386+0000] {dag.py:3823} INFO - Setting next_dagrun for tutorial_dag to None, run_after=None
[2025-01-07T00:03:07.469+0000] {processor.py:183} INFO - Processing /home/airflow/.local/lib/python3.8/site-packages/airflow/example_dags/tutorial_dag.py took 0.152 seconds
[2025-01-07T00:03:38.539+0000] {processor.py:161} INFO - Started process (PID=6338) to work on /home/airflow/.local/lib/python3.8/site-packages/airflow/example_dags/tutorial_dag.py
[2025-01-07T00:03:38.541+0000] {processor.py:830} INFO - Processing file /home/airflow/.local/lib/python3.8/site-packages/airflow/example_dags/tutorial_dag.py for tasks to queue
[2025-01-07T00:03:38.543+0000] {logging_mixin.py:188} INFO - [2025-01-07T00:03:38.543+0000] {dagbag.py:538} INFO - Filling up the DagBag from /home/airflow/.local/lib/python3.8/site-packages/airflow/example_dags/tutorial_dag.py
[2025-01-07T00:03:38.551+0000] {processor.py:840} INFO - DAG(s) 'tutorial_dag' retrieved from /home/airflow/.local/lib/python3.8/site-packages/airflow/example_dags/tutorial_dag.py
[2025-01-07T00:03:38.581+0000] {logging_mixin.py:188} INFO - [2025-01-07T00:03:38.580+0000] {dag.py:3036} INFO - Sync 1 DAGs
[2025-01-07T00:03:38.602+0000] {logging_mixin.py:188} INFO - [2025-01-07T00:03:38.601+0000] {dag.py:3823} INFO - Setting next_dagrun for tutorial_dag to None, run_after=None
[2025-01-07T00:03:38.637+0000] {processor.py:183} INFO - Processing /home/airflow/.local/lib/python3.8/site-packages/airflow/example_dags/tutorial_dag.py took 0.102 seconds
[2025-01-07T00:04:09.097+0000] {processor.py:161} INFO - Started process (PID=6395) to work on /home/airflow/.local/lib/python3.8/site-packages/airflow/example_dags/tutorial_dag.py
[2025-01-07T00:04:09.099+0000] {processor.py:830} INFO - Processing file /home/airflow/.local/lib/python3.8/site-packages/airflow/example_dags/tutorial_dag.py for tasks to queue
[2025-01-07T00:04:09.102+0000] {logging_mixin.py:188} INFO - [2025-01-07T00:04:09.101+0000] {dagbag.py:538} INFO - Filling up the DagBag from /home/airflow/.local/lib/python3.8/site-packages/airflow/example_dags/tutorial_dag.py
[2025-01-07T00:04:09.109+0000] {processor.py:840} INFO - DAG(s) 'tutorial_dag' retrieved from /home/airflow/.local/lib/python3.8/site-packages/airflow/example_dags/tutorial_dag.py
[2025-01-07T00:04:09.137+0000] {logging_mixin.py:188} INFO - [2025-01-07T00:04:09.137+0000] {dag.py:3036} INFO - Sync 1 DAGs
[2025-01-07T00:04:09.159+0000] {logging_mixin.py:188} INFO - [2025-01-07T00:04:09.158+0000] {dag.py:3823} INFO - Setting next_dagrun for tutorial_dag to None, run_after=None
[2025-01-07T00:04:09.190+0000] {processor.py:183} INFO - Processing /home/airflow/.local/lib/python3.8/site-packages/airflow/example_dags/tutorial_dag.py took 0.097 seconds
[2025-01-07T00:04:39.341+0000] {processor.py:161} INFO - Started process (PID=6453) to work on /home/airflow/.local/lib/python3.8/site-packages/airflow/example_dags/tutorial_dag.py
[2025-01-07T00:04:39.342+0000] {processor.py:830} INFO - Processing file /home/airflow/.local/lib/python3.8/site-packages/airflow/example_dags/tutorial_dag.py for tasks to queue
[2025-01-07T00:04:39.345+0000] {logging_mixin.py:188} INFO - [2025-01-07T00:04:39.344+0000] {dagbag.py:538} INFO - Filling up the DagBag from /home/airflow/.local/lib/python3.8/site-packages/airflow/example_dags/tutorial_dag.py
[2025-01-07T00:04:39.355+0000] {processor.py:840} INFO - DAG(s) 'tutorial_dag' retrieved from /home/airflow/.local/lib/python3.8/site-packages/airflow/example_dags/tutorial_dag.py
[2025-01-07T00:04:39.387+0000] {logging_mixin.py:188} INFO - [2025-01-07T00:04:39.386+0000] {dag.py:3036} INFO - Sync 1 DAGs
[2025-01-07T00:04:39.411+0000] {logging_mixin.py:188} INFO - [2025-01-07T00:04:39.411+0000] {dag.py:3823} INFO - Setting next_dagrun for tutorial_dag to None, run_after=None
[2025-01-07T00:04:39.444+0000] {processor.py:183} INFO - Processing /home/airflow/.local/lib/python3.8/site-packages/airflow/example_dags/tutorial_dag.py took 0.108 seconds
[2025-01-07T00:05:09.483+0000] {processor.py:161} INFO - Started process (PID=6509) to work on /home/airflow/.local/lib/python3.8/site-packages/airflow/example_dags/tutorial_dag.py
[2025-01-07T00:05:09.484+0000] {processor.py:830} INFO - Processing file /home/airflow/.local/lib/python3.8/site-packages/airflow/example_dags/tutorial_dag.py for tasks to queue
[2025-01-07T00:05:09.487+0000] {logging_mixin.py:188} INFO - [2025-01-07T00:05:09.486+0000] {dagbag.py:538} INFO - Filling up the DagBag from /home/airflow/.local/lib/python3.8/site-packages/airflow/example_dags/tutorial_dag.py
[2025-01-07T00:05:09.495+0000] {processor.py:840} INFO - DAG(s) 'tutorial_dag' retrieved from /home/airflow/.local/lib/python3.8/site-packages/airflow/example_dags/tutorial_dag.py
[2025-01-07T00:05:09.530+0000] {logging_mixin.py:188} INFO - [2025-01-07T00:05:09.529+0000] {dag.py:3036} INFO - Sync 1 DAGs
[2025-01-07T00:05:09.546+0000] {logging_mixin.py:188} INFO - [2025-01-07T00:05:09.546+0000] {dag.py:3823} INFO - Setting next_dagrun for tutorial_dag to None, run_after=None
[2025-01-07T00:05:09.569+0000] {processor.py:183} INFO - Processing /home/airflow/.local/lib/python3.8/site-packages/airflow/example_dags/tutorial_dag.py took 0.091 seconds
[2025-01-07T00:05:40.512+0000] {processor.py:161} INFO - Started process (PID=6566) to work on /home/airflow/.local/lib/python3.8/site-packages/airflow/example_dags/tutorial_dag.py
[2025-01-07T00:05:40.514+0000] {processor.py:830} INFO - Processing file /home/airflow/.local/lib/python3.8/site-packages/airflow/example_dags/tutorial_dag.py for tasks to queue
[2025-01-07T00:05:40.520+0000] {logging_mixin.py:188} INFO - [2025-01-07T00:05:40.520+0000] {dagbag.py:538} INFO - Filling up the DagBag from /home/airflow/.local/lib/python3.8/site-packages/airflow/example_dags/tutorial_dag.py
[2025-01-07T00:05:40.532+0000] {processor.py:840} INFO - DAG(s) 'tutorial_dag' retrieved from /home/airflow/.local/lib/python3.8/site-packages/airflow/example_dags/tutorial_dag.py
[2025-01-07T00:05:40.608+0000] {logging_mixin.py:188} INFO - [2025-01-07T00:05:40.607+0000] {dag.py:3036} INFO - Sync 1 DAGs
[2025-01-07T00:05:40.672+0000] {logging_mixin.py:188} INFO - [2025-01-07T00:05:40.671+0000] {dag.py:3823} INFO - Setting next_dagrun for tutorial_dag to None, run_after=None
[2025-01-07T00:05:40.761+0000] {processor.py:183} INFO - Processing /home/airflow/.local/lib/python3.8/site-packages/airflow/example_dags/tutorial_dag.py took 0.255 seconds
[2025-01-07T00:06:11.006+0000] {processor.py:161} INFO - Started process (PID=6623) to work on /home/airflow/.local/lib/python3.8/site-packages/airflow/example_dags/tutorial_dag.py
[2025-01-07T00:06:11.007+0000] {processor.py:830} INFO - Processing file /home/airflow/.local/lib/python3.8/site-packages/airflow/example_dags/tutorial_dag.py for tasks to queue
[2025-01-07T00:06:11.009+0000] {logging_mixin.py:188} INFO - [2025-01-07T00:06:11.009+0000] {dagbag.py:538} INFO - Filling up the DagBag from /home/airflow/.local/lib/python3.8/site-packages/airflow/example_dags/tutorial_dag.py
[2025-01-07T00:06:11.016+0000] {processor.py:840} INFO - DAG(s) 'tutorial_dag' retrieved from /home/airflow/.local/lib/python3.8/site-packages/airflow/example_dags/tutorial_dag.py
[2025-01-07T00:06:11.040+0000] {logging_mixin.py:188} INFO - [2025-01-07T00:06:11.040+0000] {dag.py:3036} INFO - Sync 1 DAGs
[2025-01-07T00:06:11.055+0000] {logging_mixin.py:188} INFO - [2025-01-07T00:06:11.055+0000] {dag.py:3823} INFO - Setting next_dagrun for tutorial_dag to None, run_after=None
[2025-01-07T00:06:11.080+0000] {processor.py:183} INFO - Processing /home/airflow/.local/lib/python3.8/site-packages/airflow/example_dags/tutorial_dag.py took 0.078 seconds
[2025-01-07T00:06:41.161+0000] {processor.py:161} INFO - Started process (PID=6684) to work on /home/airflow/.local/lib/python3.8/site-packages/airflow/example_dags/tutorial_dag.py
[2025-01-07T00:06:41.163+0000] {processor.py:830} INFO - Processing file /home/airflow/.local/lib/python3.8/site-packages/airflow/example_dags/tutorial_dag.py for tasks to queue
[2025-01-07T00:06:41.167+0000] {logging_mixin.py:188} INFO - [2025-01-07T00:06:41.166+0000] {dagbag.py:538} INFO - Filling up the DagBag from /home/airflow/.local/lib/python3.8/site-packages/airflow/example_dags/tutorial_dag.py
[2025-01-07T00:06:41.176+0000] {processor.py:840} INFO - DAG(s) 'tutorial_dag' retrieved from /home/airflow/.local/lib/python3.8/site-packages/airflow/example_dags/tutorial_dag.py
[2025-01-07T00:06:41.218+0000] {logging_mixin.py:188} INFO - [2025-01-07T00:06:41.217+0000] {dag.py:3036} INFO - Sync 1 DAGs
[2025-01-07T00:06:41.245+0000] {logging_mixin.py:188} INFO - [2025-01-07T00:06:41.245+0000] {dag.py:3823} INFO - Setting next_dagrun for tutorial_dag to None, run_after=None
[2025-01-07T00:06:41.298+0000] {processor.py:183} INFO - Processing /home/airflow/.local/lib/python3.8/site-packages/airflow/example_dags/tutorial_dag.py took 0.143 seconds
[2025-01-07T00:07:11.421+0000] {processor.py:161} INFO - Started process (PID=6746) to work on /home/airflow/.local/lib/python3.8/site-packages/airflow/example_dags/tutorial_dag.py
[2025-01-07T00:07:11.423+0000] {processor.py:830} INFO - Processing file /home/airflow/.local/lib/python3.8/site-packages/airflow/example_dags/tutorial_dag.py for tasks to queue
[2025-01-07T00:07:11.426+0000] {logging_mixin.py:188} INFO - [2025-01-07T00:07:11.425+0000] {dagbag.py:538} INFO - Filling up the DagBag from /home/airflow/.local/lib/python3.8/site-packages/airflow/example_dags/tutorial_dag.py
[2025-01-07T00:07:11.433+0000] {processor.py:840} INFO - DAG(s) 'tutorial_dag' retrieved from /home/airflow/.local/lib/python3.8/site-packages/airflow/example_dags/tutorial_dag.py
[2025-01-07T00:07:11.462+0000] {logging_mixin.py:188} INFO - [2025-01-07T00:07:11.462+0000] {dag.py:3036} INFO - Sync 1 DAGs
[2025-01-07T00:07:11.480+0000] {logging_mixin.py:188} INFO - [2025-01-07T00:07:11.480+0000] {dag.py:3823} INFO - Setting next_dagrun for tutorial_dag to None, run_after=None
[2025-01-07T00:07:11.509+0000] {processor.py:183} INFO - Processing /home/airflow/.local/lib/python3.8/site-packages/airflow/example_dags/tutorial_dag.py took 0.093 seconds
[2025-01-07T00:07:41.543+0000] {processor.py:161} INFO - Started process (PID=6802) to work on /home/airflow/.local/lib/python3.8/site-packages/airflow/example_dags/tutorial_dag.py
[2025-01-07T00:07:41.545+0000] {processor.py:830} INFO - Processing file /home/airflow/.local/lib/python3.8/site-packages/airflow/example_dags/tutorial_dag.py for tasks to queue
[2025-01-07T00:07:41.547+0000] {logging_mixin.py:188} INFO - [2025-01-07T00:07:41.547+0000] {dagbag.py:538} INFO - Filling up the DagBag from /home/airflow/.local/lib/python3.8/site-packages/airflow/example_dags/tutorial_dag.py
[2025-01-07T00:07:41.555+0000] {processor.py:840} INFO - DAG(s) 'tutorial_dag' retrieved from /home/airflow/.local/lib/python3.8/site-packages/airflow/example_dags/tutorial_dag.py
[2025-01-07T00:07:41.585+0000] {logging_mixin.py:188} INFO - [2025-01-07T00:07:41.585+0000] {dag.py:3036} INFO - Sync 1 DAGs
[2025-01-07T00:07:41.603+0000] {logging_mixin.py:188} INFO - [2025-01-07T00:07:41.603+0000] {dag.py:3823} INFO - Setting next_dagrun for tutorial_dag to None, run_after=None
[2025-01-07T00:07:41.629+0000] {processor.py:183} INFO - Processing /home/airflow/.local/lib/python3.8/site-packages/airflow/example_dags/tutorial_dag.py took 0.090 seconds
[2025-01-07T00:08:12.483+0000] {processor.py:161} INFO - Started process (PID=6860) to work on /home/airflow/.local/lib/python3.8/site-packages/airflow/example_dags/tutorial_dag.py
[2025-01-07T00:08:12.485+0000] {processor.py:830} INFO - Processing file /home/airflow/.local/lib/python3.8/site-packages/airflow/example_dags/tutorial_dag.py for tasks to queue
[2025-01-07T00:08:12.488+0000] {logging_mixin.py:188} INFO - [2025-01-07T00:08:12.487+0000] {dagbag.py:538} INFO - Filling up the DagBag from /home/airflow/.local/lib/python3.8/site-packages/airflow/example_dags/tutorial_dag.py
[2025-01-07T00:08:12.497+0000] {processor.py:840} INFO - DAG(s) 'tutorial_dag' retrieved from /home/airflow/.local/lib/python3.8/site-packages/airflow/example_dags/tutorial_dag.py
[2025-01-07T00:08:12.560+0000] {logging_mixin.py:188} INFO - [2025-01-07T00:08:12.559+0000] {dag.py:3036} INFO - Sync 1 DAGs
[2025-01-07T00:08:12.594+0000] {logging_mixin.py:188} INFO - [2025-01-07T00:08:12.594+0000] {dag.py:3823} INFO - Setting next_dagrun for tutorial_dag to None, run_after=None
[2025-01-07T00:08:12.629+0000] {processor.py:183} INFO - Processing /home/airflow/.local/lib/python3.8/site-packages/airflow/example_dags/tutorial_dag.py took 0.155 seconds
[2025-01-07T00:08:44.885+0000] {processor.py:161} INFO - Started process (PID=6929) to work on /home/airflow/.local/lib/python3.8/site-packages/airflow/example_dags/tutorial_dag.py
[2025-01-07T00:08:44.893+0000] {processor.py:830} INFO - Processing file /home/airflow/.local/lib/python3.8/site-packages/airflow/example_dags/tutorial_dag.py for tasks to queue
[2025-01-07T00:08:44.934+0000] {logging_mixin.py:188} INFO - [2025-01-07T00:08:44.933+0000] {dagbag.py:538} INFO - Filling up the DagBag from /home/airflow/.local/lib/python3.8/site-packages/airflow/example_dags/tutorial_dag.py
[2025-01-07T00:08:45.022+0000] {processor.py:840} INFO - DAG(s) 'tutorial_dag' retrieved from /home/airflow/.local/lib/python3.8/site-packages/airflow/example_dags/tutorial_dag.py
[2025-01-07T00:08:45.112+0000] {logging_mixin.py:188} INFO - [2025-01-07T00:08:45.112+0000] {dag.py:3036} INFO - Sync 1 DAGs
[2025-01-07T00:08:45.166+0000] {logging_mixin.py:188} INFO - [2025-01-07T00:08:45.165+0000] {dag.py:3823} INFO - Setting next_dagrun for tutorial_dag to None, run_after=None
[2025-01-07T00:08:45.382+0000] {processor.py:183} INFO - Processing /home/airflow/.local/lib/python3.8/site-packages/airflow/example_dags/tutorial_dag.py took 0.542 seconds
[2025-01-07T00:09:16.093+0000] {processor.py:161} INFO - Started process (PID=6991) to work on /home/airflow/.local/lib/python3.8/site-packages/airflow/example_dags/tutorial_dag.py
[2025-01-07T00:09:16.109+0000] {processor.py:830} INFO - Processing file /home/airflow/.local/lib/python3.8/site-packages/airflow/example_dags/tutorial_dag.py for tasks to queue
[2025-01-07T00:09:16.114+0000] {logging_mixin.py:188} INFO - [2025-01-07T00:09:16.113+0000] {dagbag.py:538} INFO - Filling up the DagBag from /home/airflow/.local/lib/python3.8/site-packages/airflow/example_dags/tutorial_dag.py
[2025-01-07T00:09:16.122+0000] {processor.py:840} INFO - DAG(s) 'tutorial_dag' retrieved from /home/airflow/.local/lib/python3.8/site-packages/airflow/example_dags/tutorial_dag.py
[2025-01-07T00:09:16.160+0000] {logging_mixin.py:188} INFO - [2025-01-07T00:09:16.159+0000] {dag.py:3036} INFO - Sync 1 DAGs
[2025-01-07T00:09:16.178+0000] {logging_mixin.py:188} INFO - [2025-01-07T00:09:16.177+0000] {dag.py:3823} INFO - Setting next_dagrun for tutorial_dag to None, run_after=None
[2025-01-07T00:09:16.206+0000] {processor.py:183} INFO - Processing /home/airflow/.local/lib/python3.8/site-packages/airflow/example_dags/tutorial_dag.py took 0.120 seconds
[2025-01-07T00:09:46.827+0000] {processor.py:161} INFO - Started process (PID=7049) to work on /home/airflow/.local/lib/python3.8/site-packages/airflow/example_dags/tutorial_dag.py
[2025-01-07T00:09:46.829+0000] {processor.py:830} INFO - Processing file /home/airflow/.local/lib/python3.8/site-packages/airflow/example_dags/tutorial_dag.py for tasks to queue
[2025-01-07T00:09:46.832+0000] {logging_mixin.py:188} INFO - [2025-01-07T00:09:46.831+0000] {dagbag.py:538} INFO - Filling up the DagBag from /home/airflow/.local/lib/python3.8/site-packages/airflow/example_dags/tutorial_dag.py
[2025-01-07T00:09:46.842+0000] {processor.py:840} INFO - DAG(s) 'tutorial_dag' retrieved from /home/airflow/.local/lib/python3.8/site-packages/airflow/example_dags/tutorial_dag.py
[2025-01-07T00:09:46.867+0000] {logging_mixin.py:188} INFO - [2025-01-07T00:09:46.867+0000] {dag.py:3036} INFO - Sync 1 DAGs
[2025-01-07T00:09:46.886+0000] {logging_mixin.py:188} INFO - [2025-01-07T00:09:46.886+0000] {dag.py:3823} INFO - Setting next_dagrun for tutorial_dag to None, run_after=None
[2025-01-07T00:09:46.915+0000] {processor.py:183} INFO - Processing /home/airflow/.local/lib/python3.8/site-packages/airflow/example_dags/tutorial_dag.py took 0.092 seconds
[2025-01-07T00:10:17.132+0000] {processor.py:161} INFO - Started process (PID=7106) to work on /home/airflow/.local/lib/python3.8/site-packages/airflow/example_dags/tutorial_dag.py
[2025-01-07T00:10:17.136+0000] {processor.py:830} INFO - Processing file /home/airflow/.local/lib/python3.8/site-packages/airflow/example_dags/tutorial_dag.py for tasks to queue
[2025-01-07T00:10:17.142+0000] {logging_mixin.py:188} INFO - [2025-01-07T00:10:17.142+0000] {dagbag.py:538} INFO - Filling up the DagBag from /home/airflow/.local/lib/python3.8/site-packages/airflow/example_dags/tutorial_dag.py
[2025-01-07T00:10:17.152+0000] {processor.py:840} INFO - DAG(s) 'tutorial_dag' retrieved from /home/airflow/.local/lib/python3.8/site-packages/airflow/example_dags/tutorial_dag.py
[2025-01-07T00:10:17.190+0000] {logging_mixin.py:188} INFO - [2025-01-07T00:10:17.190+0000] {dag.py:3036} INFO - Sync 1 DAGs
[2025-01-07T00:10:17.215+0000] {logging_mixin.py:188} INFO - [2025-01-07T00:10:17.214+0000] {dag.py:3823} INFO - Setting next_dagrun for tutorial_dag to None, run_after=None
[2025-01-07T00:10:17.244+0000] {processor.py:183} INFO - Processing /home/airflow/.local/lib/python3.8/site-packages/airflow/example_dags/tutorial_dag.py took 0.118 seconds
[2025-01-07T00:10:47.689+0000] {processor.py:161} INFO - Started process (PID=7163) to work on /home/airflow/.local/lib/python3.8/site-packages/airflow/example_dags/tutorial_dag.py
[2025-01-07T00:10:47.691+0000] {processor.py:830} INFO - Processing file /home/airflow/.local/lib/python3.8/site-packages/airflow/example_dags/tutorial_dag.py for tasks to queue
[2025-01-07T00:10:47.694+0000] {logging_mixin.py:188} INFO - [2025-01-07T00:10:47.694+0000] {dagbag.py:538} INFO - Filling up the DagBag from /home/airflow/.local/lib/python3.8/site-packages/airflow/example_dags/tutorial_dag.py
[2025-01-07T00:10:47.701+0000] {processor.py:840} INFO - DAG(s) 'tutorial_dag' retrieved from /home/airflow/.local/lib/python3.8/site-packages/airflow/example_dags/tutorial_dag.py
[2025-01-07T00:10:47.724+0000] {logging_mixin.py:188} INFO - [2025-01-07T00:10:47.724+0000] {dag.py:3036} INFO - Sync 1 DAGs
[2025-01-07T00:10:47.739+0000] {logging_mixin.py:188} INFO - [2025-01-07T00:10:47.739+0000] {dag.py:3823} INFO - Setting next_dagrun for tutorial_dag to None, run_after=None
[2025-01-07T00:10:47.766+0000] {processor.py:183} INFO - Processing /home/airflow/.local/lib/python3.8/site-packages/airflow/example_dags/tutorial_dag.py took 0.084 seconds
[2025-01-07T00:11:18.103+0000] {processor.py:161} INFO - Started process (PID=7218) to work on /home/airflow/.local/lib/python3.8/site-packages/airflow/example_dags/tutorial_dag.py
[2025-01-07T00:11:18.106+0000] {processor.py:830} INFO - Processing file /home/airflow/.local/lib/python3.8/site-packages/airflow/example_dags/tutorial_dag.py for tasks to queue
[2025-01-07T00:11:18.109+0000] {logging_mixin.py:188} INFO - [2025-01-07T00:11:18.109+0000] {dagbag.py:538} INFO - Filling up the DagBag from /home/airflow/.local/lib/python3.8/site-packages/airflow/example_dags/tutorial_dag.py
[2025-01-07T00:11:18.128+0000] {processor.py:840} INFO - DAG(s) 'tutorial_dag' retrieved from /home/airflow/.local/lib/python3.8/site-packages/airflow/example_dags/tutorial_dag.py
[2025-01-07T00:11:18.199+0000] {logging_mixin.py:188} INFO - [2025-01-07T00:11:18.199+0000] {dag.py:3036} INFO - Sync 1 DAGs
[2025-01-07T00:11:18.222+0000] {logging_mixin.py:188} INFO - [2025-01-07T00:11:18.222+0000] {dag.py:3823} INFO - Setting next_dagrun for tutorial_dag to None, run_after=None
[2025-01-07T00:11:18.276+0000] {processor.py:183} INFO - Processing /home/airflow/.local/lib/python3.8/site-packages/airflow/example_dags/tutorial_dag.py took 0.178 seconds
[2025-01-07T00:11:48.391+0000] {processor.py:161} INFO - Started process (PID=7274) to work on /home/airflow/.local/lib/python3.8/site-packages/airflow/example_dags/tutorial_dag.py
[2025-01-07T00:11:48.392+0000] {processor.py:830} INFO - Processing file /home/airflow/.local/lib/python3.8/site-packages/airflow/example_dags/tutorial_dag.py for tasks to queue
[2025-01-07T00:11:48.395+0000] {logging_mixin.py:188} INFO - [2025-01-07T00:11:48.394+0000] {dagbag.py:538} INFO - Filling up the DagBag from /home/airflow/.local/lib/python3.8/site-packages/airflow/example_dags/tutorial_dag.py
[2025-01-07T00:11:48.404+0000] {processor.py:840} INFO - DAG(s) 'tutorial_dag' retrieved from /home/airflow/.local/lib/python3.8/site-packages/airflow/example_dags/tutorial_dag.py
[2025-01-07T00:11:48.428+0000] {logging_mixin.py:188} INFO - [2025-01-07T00:11:48.428+0000] {dag.py:3036} INFO - Sync 1 DAGs
[2025-01-07T00:11:48.445+0000] {logging_mixin.py:188} INFO - [2025-01-07T00:11:48.445+0000] {dag.py:3823} INFO - Setting next_dagrun for tutorial_dag to None, run_after=None
[2025-01-07T00:11:48.472+0000] {processor.py:183} INFO - Processing /home/airflow/.local/lib/python3.8/site-packages/airflow/example_dags/tutorial_dag.py took 0.085 seconds
[2025-01-07T00:12:18.635+0000] {processor.py:161} INFO - Started process (PID=7331) to work on /home/airflow/.local/lib/python3.8/site-packages/airflow/example_dags/tutorial_dag.py
[2025-01-07T00:12:18.638+0000] {processor.py:830} INFO - Processing file /home/airflow/.local/lib/python3.8/site-packages/airflow/example_dags/tutorial_dag.py for tasks to queue
[2025-01-07T00:12:18.641+0000] {logging_mixin.py:188} INFO - [2025-01-07T00:12:18.640+0000] {dagbag.py:538} INFO - Filling up the DagBag from /home/airflow/.local/lib/python3.8/site-packages/airflow/example_dags/tutorial_dag.py
[2025-01-07T00:12:18.653+0000] {processor.py:840} INFO - DAG(s) 'tutorial_dag' retrieved from /home/airflow/.local/lib/python3.8/site-packages/airflow/example_dags/tutorial_dag.py
[2025-01-07T00:12:18.692+0000] {logging_mixin.py:188} INFO - [2025-01-07T00:12:18.692+0000] {dag.py:3036} INFO - Sync 1 DAGs
[2025-01-07T00:12:18.728+0000] {logging_mixin.py:188} INFO - [2025-01-07T00:12:18.727+0000] {dag.py:3823} INFO - Setting next_dagrun for tutorial_dag to None, run_after=None
[2025-01-07T00:12:18.764+0000] {processor.py:183} INFO - Processing /home/airflow/.local/lib/python3.8/site-packages/airflow/example_dags/tutorial_dag.py took 0.134 seconds
[2025-01-07T00:12:49.483+0000] {processor.py:161} INFO - Started process (PID=7388) to work on /home/airflow/.local/lib/python3.8/site-packages/airflow/example_dags/tutorial_dag.py
[2025-01-07T00:12:49.485+0000] {processor.py:830} INFO - Processing file /home/airflow/.local/lib/python3.8/site-packages/airflow/example_dags/tutorial_dag.py for tasks to queue
[2025-01-07T00:12:49.487+0000] {logging_mixin.py:188} INFO - [2025-01-07T00:12:49.487+0000] {dagbag.py:538} INFO - Filling up the DagBag from /home/airflow/.local/lib/python3.8/site-packages/airflow/example_dags/tutorial_dag.py
[2025-01-07T00:12:49.497+0000] {processor.py:840} INFO - DAG(s) 'tutorial_dag' retrieved from /home/airflow/.local/lib/python3.8/site-packages/airflow/example_dags/tutorial_dag.py
[2025-01-07T00:12:49.521+0000] {logging_mixin.py:188} INFO - [2025-01-07T00:12:49.520+0000] {dag.py:3036} INFO - Sync 1 DAGs
[2025-01-07T00:12:49.536+0000] {logging_mixin.py:188} INFO - [2025-01-07T00:12:49.535+0000] {dag.py:3823} INFO - Setting next_dagrun for tutorial_dag to None, run_after=None
[2025-01-07T00:12:49.559+0000] {processor.py:183} INFO - Processing /home/airflow/.local/lib/python3.8/site-packages/airflow/example_dags/tutorial_dag.py took 0.081 seconds
[2025-01-07T00:13:19.822+0000] {processor.py:161} INFO - Started process (PID=7446) to work on /home/airflow/.local/lib/python3.8/site-packages/airflow/example_dags/tutorial_dag.py
[2025-01-07T00:13:19.824+0000] {processor.py:830} INFO - Processing file /home/airflow/.local/lib/python3.8/site-packages/airflow/example_dags/tutorial_dag.py for tasks to queue
[2025-01-07T00:13:19.826+0000] {logging_mixin.py:188} INFO - [2025-01-07T00:13:19.826+0000] {dagbag.py:538} INFO - Filling up the DagBag from /home/airflow/.local/lib/python3.8/site-packages/airflow/example_dags/tutorial_dag.py
[2025-01-07T00:13:19.835+0000] {processor.py:840} INFO - DAG(s) 'tutorial_dag' retrieved from /home/airflow/.local/lib/python3.8/site-packages/airflow/example_dags/tutorial_dag.py
[2025-01-07T00:13:19.865+0000] {logging_mixin.py:188} INFO - [2025-01-07T00:13:19.865+0000] {dag.py:3036} INFO - Sync 1 DAGs
[2025-01-07T00:13:19.881+0000] {logging_mixin.py:188} INFO - [2025-01-07T00:13:19.881+0000] {dag.py:3823} INFO - Setting next_dagrun for tutorial_dag to None, run_after=None
[2025-01-07T00:13:19.907+0000] {processor.py:183} INFO - Processing /home/airflow/.local/lib/python3.8/site-packages/airflow/example_dags/tutorial_dag.py took 0.089 seconds
[2025-01-07T00:13:50.320+0000] {processor.py:161} INFO - Started process (PID=7503) to work on /home/airflow/.local/lib/python3.8/site-packages/airflow/example_dags/tutorial_dag.py
[2025-01-07T00:13:50.322+0000] {processor.py:830} INFO - Processing file /home/airflow/.local/lib/python3.8/site-packages/airflow/example_dags/tutorial_dag.py for tasks to queue
[2025-01-07T00:13:50.326+0000] {logging_mixin.py:188} INFO - [2025-01-07T00:13:50.325+0000] {dagbag.py:538} INFO - Filling up the DagBag from /home/airflow/.local/lib/python3.8/site-packages/airflow/example_dags/tutorial_dag.py
[2025-01-07T00:13:50.337+0000] {processor.py:840} INFO - DAG(s) 'tutorial_dag' retrieved from /home/airflow/.local/lib/python3.8/site-packages/airflow/example_dags/tutorial_dag.py
[2025-01-07T00:13:50.368+0000] {logging_mixin.py:188} INFO - [2025-01-07T00:13:50.368+0000] {dag.py:3036} INFO - Sync 1 DAGs
[2025-01-07T00:13:50.388+0000] {logging_mixin.py:188} INFO - [2025-01-07T00:13:50.388+0000] {dag.py:3823} INFO - Setting next_dagrun for tutorial_dag to None, run_after=None
[2025-01-07T00:13:50.414+0000] {processor.py:183} INFO - Processing /home/airflow/.local/lib/python3.8/site-packages/airflow/example_dags/tutorial_dag.py took 0.099 seconds
[2025-01-07T00:14:21.341+0000] {processor.py:161} INFO - Started process (PID=7560) to work on /home/airflow/.local/lib/python3.8/site-packages/airflow/example_dags/tutorial_dag.py
[2025-01-07T00:14:21.343+0000] {processor.py:830} INFO - Processing file /home/airflow/.local/lib/python3.8/site-packages/airflow/example_dags/tutorial_dag.py for tasks to queue
[2025-01-07T00:14:21.349+0000] {logging_mixin.py:188} INFO - [2025-01-07T00:14:21.348+0000] {dagbag.py:538} INFO - Filling up the DagBag from /home/airflow/.local/lib/python3.8/site-packages/airflow/example_dags/tutorial_dag.py
[2025-01-07T00:14:21.359+0000] {processor.py:840} INFO - DAG(s) 'tutorial_dag' retrieved from /home/airflow/.local/lib/python3.8/site-packages/airflow/example_dags/tutorial_dag.py
[2025-01-07T00:14:21.390+0000] {logging_mixin.py:188} INFO - [2025-01-07T00:14:21.390+0000] {dag.py:3036} INFO - Sync 1 DAGs
[2025-01-07T00:14:21.411+0000] {logging_mixin.py:188} INFO - [2025-01-07T00:14:21.410+0000] {dag.py:3823} INFO - Setting next_dagrun for tutorial_dag to None, run_after=None
[2025-01-07T00:14:21.438+0000] {processor.py:183} INFO - Processing /home/airflow/.local/lib/python3.8/site-packages/airflow/example_dags/tutorial_dag.py took 0.103 seconds
[2025-01-07T00:14:51.871+0000] {processor.py:161} INFO - Started process (PID=7617) to work on /home/airflow/.local/lib/python3.8/site-packages/airflow/example_dags/tutorial_dag.py
[2025-01-07T00:14:51.873+0000] {processor.py:830} INFO - Processing file /home/airflow/.local/lib/python3.8/site-packages/airflow/example_dags/tutorial_dag.py for tasks to queue
[2025-01-07T00:14:51.876+0000] {logging_mixin.py:188} INFO - [2025-01-07T00:14:51.875+0000] {dagbag.py:538} INFO - Filling up the DagBag from /home/airflow/.local/lib/python3.8/site-packages/airflow/example_dags/tutorial_dag.py
[2025-01-07T00:14:51.884+0000] {processor.py:840} INFO - DAG(s) 'tutorial_dag' retrieved from /home/airflow/.local/lib/python3.8/site-packages/airflow/example_dags/tutorial_dag.py
[2025-01-07T00:14:51.911+0000] {logging_mixin.py:188} INFO - [2025-01-07T00:14:51.911+0000] {dag.py:3036} INFO - Sync 1 DAGs
[2025-01-07T00:14:51.927+0000] {logging_mixin.py:188} INFO - [2025-01-07T00:14:51.926+0000] {dag.py:3823} INFO - Setting next_dagrun for tutorial_dag to None, run_after=None
[2025-01-07T00:14:51.951+0000] {processor.py:183} INFO - Processing /home/airflow/.local/lib/python3.8/site-packages/airflow/example_dags/tutorial_dag.py took 0.085 seconds
[2025-01-07T00:15:22.923+0000] {processor.py:161} INFO - Started process (PID=7674) to work on /home/airflow/.local/lib/python3.8/site-packages/airflow/example_dags/tutorial_dag.py
[2025-01-07T00:15:22.925+0000] {processor.py:830} INFO - Processing file /home/airflow/.local/lib/python3.8/site-packages/airflow/example_dags/tutorial_dag.py for tasks to queue
[2025-01-07T00:15:22.928+0000] {logging_mixin.py:188} INFO - [2025-01-07T00:15:22.927+0000] {dagbag.py:538} INFO - Filling up the DagBag from /home/airflow/.local/lib/python3.8/site-packages/airflow/example_dags/tutorial_dag.py
[2025-01-07T00:15:22.942+0000] {processor.py:840} INFO - DAG(s) 'tutorial_dag' retrieved from /home/airflow/.local/lib/python3.8/site-packages/airflow/example_dags/tutorial_dag.py
[2025-01-07T00:15:22.987+0000] {logging_mixin.py:188} INFO - [2025-01-07T00:15:22.986+0000] {dag.py:3036} INFO - Sync 1 DAGs
[2025-01-07T00:15:23.011+0000] {logging_mixin.py:188} INFO - [2025-01-07T00:15:23.011+0000] {dag.py:3823} INFO - Setting next_dagrun for tutorial_dag to None, run_after=None
[2025-01-07T00:15:23.042+0000] {processor.py:183} INFO - Processing /home/airflow/.local/lib/python3.8/site-packages/airflow/example_dags/tutorial_dag.py took 0.125 seconds
[2025-01-07T00:15:53.571+0000] {processor.py:161} INFO - Started process (PID=7729) to work on /home/airflow/.local/lib/python3.8/site-packages/airflow/example_dags/tutorial_dag.py
[2025-01-07T00:15:53.573+0000] {processor.py:830} INFO - Processing file /home/airflow/.local/lib/python3.8/site-packages/airflow/example_dags/tutorial_dag.py for tasks to queue
[2025-01-07T00:15:53.586+0000] {logging_mixin.py:188} INFO - [2025-01-07T00:15:53.586+0000] {dagbag.py:538} INFO - Filling up the DagBag from /home/airflow/.local/lib/python3.8/site-packages/airflow/example_dags/tutorial_dag.py
[2025-01-07T00:15:53.619+0000] {processor.py:840} INFO - DAG(s) 'tutorial_dag' retrieved from /home/airflow/.local/lib/python3.8/site-packages/airflow/example_dags/tutorial_dag.py
[2025-01-07T00:15:53.720+0000] {logging_mixin.py:188} INFO - [2025-01-07T00:15:53.720+0000] {dag.py:3036} INFO - Sync 1 DAGs
[2025-01-07T00:15:53.771+0000] {logging_mixin.py:188} INFO - [2025-01-07T00:15:53.771+0000] {dag.py:3823} INFO - Setting next_dagrun for tutorial_dag to None, run_after=None
[2025-01-07T00:15:53.839+0000] {processor.py:183} INFO - Processing /home/airflow/.local/lib/python3.8/site-packages/airflow/example_dags/tutorial_dag.py took 0.274 seconds
[2025-01-07T00:16:24.699+0000] {processor.py:161} INFO - Started process (PID=7787) to work on /home/airflow/.local/lib/python3.8/site-packages/airflow/example_dags/tutorial_dag.py
[2025-01-07T00:16:24.715+0000] {processor.py:830} INFO - Processing file /home/airflow/.local/lib/python3.8/site-packages/airflow/example_dags/tutorial_dag.py for tasks to queue
[2025-01-07T00:16:24.722+0000] {logging_mixin.py:188} INFO - [2025-01-07T00:16:24.722+0000] {dagbag.py:538} INFO - Filling up the DagBag from /home/airflow/.local/lib/python3.8/site-packages/airflow/example_dags/tutorial_dag.py
[2025-01-07T00:16:24.742+0000] {processor.py:840} INFO - DAG(s) 'tutorial_dag' retrieved from /home/airflow/.local/lib/python3.8/site-packages/airflow/example_dags/tutorial_dag.py
[2025-01-07T00:16:24.817+0000] {logging_mixin.py:188} INFO - [2025-01-07T00:16:24.816+0000] {dag.py:3036} INFO - Sync 1 DAGs
[2025-01-07T00:16:24.879+0000] {logging_mixin.py:188} INFO - [2025-01-07T00:16:24.878+0000] {dag.py:3823} INFO - Setting next_dagrun for tutorial_dag to None, run_after=None
[2025-01-07T00:16:24.977+0000] {processor.py:183} INFO - Processing /home/airflow/.local/lib/python3.8/site-packages/airflow/example_dags/tutorial_dag.py took 0.293 seconds
[2025-01-07T00:16:56.690+0000] {processor.py:161} INFO - Started process (PID=7846) to work on /home/airflow/.local/lib/python3.8/site-packages/airflow/example_dags/tutorial_dag.py
[2025-01-07T00:16:56.704+0000] {processor.py:830} INFO - Processing file /home/airflow/.local/lib/python3.8/site-packages/airflow/example_dags/tutorial_dag.py for tasks to queue
[2025-01-07T00:16:56.723+0000] {logging_mixin.py:188} INFO - [2025-01-07T00:16:56.710+0000] {dagbag.py:538} INFO - Filling up the DagBag from /home/airflow/.local/lib/python3.8/site-packages/airflow/example_dags/tutorial_dag.py
[2025-01-07T00:16:56.770+0000] {processor.py:840} INFO - DAG(s) 'tutorial_dag' retrieved from /home/airflow/.local/lib/python3.8/site-packages/airflow/example_dags/tutorial_dag.py
[2025-01-07T00:16:56.917+0000] {logging_mixin.py:188} INFO - [2025-01-07T00:16:56.916+0000] {dag.py:3036} INFO - Sync 1 DAGs
[2025-01-07T00:16:57.026+0000] {logging_mixin.py:188} INFO - [2025-01-07T00:16:57.026+0000] {dag.py:3823} INFO - Setting next_dagrun for tutorial_dag to None, run_after=None
[2025-01-07T00:16:57.204+0000] {processor.py:183} INFO - Processing /home/airflow/.local/lib/python3.8/site-packages/airflow/example_dags/tutorial_dag.py took 0.531 seconds
[2025-01-07T00:17:27.624+0000] {processor.py:161} INFO - Started process (PID=7902) to work on /home/airflow/.local/lib/python3.8/site-packages/airflow/example_dags/tutorial_dag.py
[2025-01-07T00:17:27.637+0000] {processor.py:830} INFO - Processing file /home/airflow/.local/lib/python3.8/site-packages/airflow/example_dags/tutorial_dag.py for tasks to queue
[2025-01-07T00:17:27.641+0000] {logging_mixin.py:188} INFO - [2025-01-07T00:17:27.640+0000] {dagbag.py:538} INFO - Filling up the DagBag from /home/airflow/.local/lib/python3.8/site-packages/airflow/example_dags/tutorial_dag.py
[2025-01-07T00:17:27.685+0000] {processor.py:840} INFO - DAG(s) 'tutorial_dag' retrieved from /home/airflow/.local/lib/python3.8/site-packages/airflow/example_dags/tutorial_dag.py
[2025-01-07T00:17:27.787+0000] {logging_mixin.py:188} INFO - [2025-01-07T00:17:27.787+0000] {dag.py:3036} INFO - Sync 1 DAGs
[2025-01-07T00:17:27.857+0000] {logging_mixin.py:188} INFO - [2025-01-07T00:17:27.856+0000] {dag.py:3823} INFO - Setting next_dagrun for tutorial_dag to None, run_after=None
[2025-01-07T00:17:27.986+0000] {processor.py:183} INFO - Processing /home/airflow/.local/lib/python3.8/site-packages/airflow/example_dags/tutorial_dag.py took 0.371 seconds
[2025-01-07T00:17:58.986+0000] {processor.py:161} INFO - Started process (PID=7960) to work on /home/airflow/.local/lib/python3.8/site-packages/airflow/example_dags/tutorial_dag.py
[2025-01-07T00:17:58.988+0000] {processor.py:830} INFO - Processing file /home/airflow/.local/lib/python3.8/site-packages/airflow/example_dags/tutorial_dag.py for tasks to queue
[2025-01-07T00:17:59.001+0000] {logging_mixin.py:188} INFO - [2025-01-07T00:17:59.000+0000] {dagbag.py:538} INFO - Filling up the DagBag from /home/airflow/.local/lib/python3.8/site-packages/airflow/example_dags/tutorial_dag.py
[2025-01-07T00:17:59.020+0000] {processor.py:840} INFO - DAG(s) 'tutorial_dag' retrieved from /home/airflow/.local/lib/python3.8/site-packages/airflow/example_dags/tutorial_dag.py
[2025-01-07T00:17:59.130+0000] {logging_mixin.py:188} INFO - [2025-01-07T00:17:59.129+0000] {dag.py:3036} INFO - Sync 1 DAGs
[2025-01-07T00:17:59.195+0000] {logging_mixin.py:188} INFO - [2025-01-07T00:17:59.195+0000] {dag.py:3823} INFO - Setting next_dagrun for tutorial_dag to None, run_after=None
[2025-01-07T00:17:59.297+0000] {processor.py:183} INFO - Processing /home/airflow/.local/lib/python3.8/site-packages/airflow/example_dags/tutorial_dag.py took 0.316 seconds
[2025-01-07T00:18:29.975+0000] {processor.py:161} INFO - Started process (PID=8017) to work on /home/airflow/.local/lib/python3.8/site-packages/airflow/example_dags/tutorial_dag.py
[2025-01-07T00:18:29.976+0000] {processor.py:830} INFO - Processing file /home/airflow/.local/lib/python3.8/site-packages/airflow/example_dags/tutorial_dag.py for tasks to queue
[2025-01-07T00:18:29.980+0000] {logging_mixin.py:188} INFO - [2025-01-07T00:18:29.979+0000] {dagbag.py:538} INFO - Filling up the DagBag from /home/airflow/.local/lib/python3.8/site-packages/airflow/example_dags/tutorial_dag.py
[2025-01-07T00:18:30.011+0000] {processor.py:840} INFO - DAG(s) 'tutorial_dag' retrieved from /home/airflow/.local/lib/python3.8/site-packages/airflow/example_dags/tutorial_dag.py
[2025-01-07T00:18:30.099+0000] {logging_mixin.py:188} INFO - [2025-01-07T00:18:30.099+0000] {dag.py:3036} INFO - Sync 1 DAGs
[2025-01-07T00:18:30.178+0000] {logging_mixin.py:188} INFO - [2025-01-07T00:18:30.177+0000] {dag.py:3823} INFO - Setting next_dagrun for tutorial_dag to None, run_after=None
[2025-01-07T00:18:30.266+0000] {processor.py:183} INFO - Processing /home/airflow/.local/lib/python3.8/site-packages/airflow/example_dags/tutorial_dag.py took 0.313 seconds
[2025-01-07T00:19:07.326+0000] {processor.py:161} INFO - Started process (PID=8079) to work on /home/airflow/.local/lib/python3.8/site-packages/airflow/example_dags/tutorial_dag.py
[2025-01-07T00:19:07.332+0000] {processor.py:830} INFO - Processing file /home/airflow/.local/lib/python3.8/site-packages/airflow/example_dags/tutorial_dag.py for tasks to queue
[2025-01-07T00:19:07.347+0000] {logging_mixin.py:188} INFO - [2025-01-07T00:19:07.344+0000] {dagbag.py:538} INFO - Filling up the DagBag from /home/airflow/.local/lib/python3.8/site-packages/airflow/example_dags/tutorial_dag.py
[2025-01-07T00:19:07.387+0000] {processor.py:840} INFO - DAG(s) 'tutorial_dag' retrieved from /home/airflow/.local/lib/python3.8/site-packages/airflow/example_dags/tutorial_dag.py
[2025-01-07T00:19:07.604+0000] {logging_mixin.py:188} INFO - [2025-01-07T00:19:07.603+0000] {dag.py:3036} INFO - Sync 1 DAGs
[2025-01-07T00:19:07.788+0000] {logging_mixin.py:188} INFO - [2025-01-07T00:19:07.787+0000] {dag.py:3823} INFO - Setting next_dagrun for tutorial_dag to None, run_after=None
[2025-01-07T00:19:08.043+0000] {processor.py:183} INFO - Processing /home/airflow/.local/lib/python3.8/site-packages/airflow/example_dags/tutorial_dag.py took 0.755 seconds
[2025-01-07T00:19:38.546+0000] {processor.py:161} INFO - Started process (PID=8141) to work on /home/airflow/.local/lib/python3.8/site-packages/airflow/example_dags/tutorial_dag.py
[2025-01-07T00:19:38.547+0000] {processor.py:830} INFO - Processing file /home/airflow/.local/lib/python3.8/site-packages/airflow/example_dags/tutorial_dag.py for tasks to queue
[2025-01-07T00:19:38.550+0000] {logging_mixin.py:188} INFO - [2025-01-07T00:19:38.550+0000] {dagbag.py:538} INFO - Filling up the DagBag from /home/airflow/.local/lib/python3.8/site-packages/airflow/example_dags/tutorial_dag.py
[2025-01-07T00:19:38.561+0000] {processor.py:840} INFO - DAG(s) 'tutorial_dag' retrieved from /home/airflow/.local/lib/python3.8/site-packages/airflow/example_dags/tutorial_dag.py
[2025-01-07T00:19:38.610+0000] {logging_mixin.py:188} INFO - [2025-01-07T00:19:38.610+0000] {dag.py:3036} INFO - Sync 1 DAGs
[2025-01-07T00:19:38.634+0000] {logging_mixin.py:188} INFO - [2025-01-07T00:19:38.634+0000] {dag.py:3823} INFO - Setting next_dagrun for tutorial_dag to None, run_after=None
[2025-01-07T00:19:38.682+0000] {processor.py:183} INFO - Processing /home/airflow/.local/lib/python3.8/site-packages/airflow/example_dags/tutorial_dag.py took 0.142 seconds
[2025-01-07T00:20:08.857+0000] {processor.py:161} INFO - Started process (PID=8198) to work on /home/airflow/.local/lib/python3.8/site-packages/airflow/example_dags/tutorial_dag.py
[2025-01-07T00:20:08.860+0000] {processor.py:830} INFO - Processing file /home/airflow/.local/lib/python3.8/site-packages/airflow/example_dags/tutorial_dag.py for tasks to queue
[2025-01-07T00:20:08.863+0000] {logging_mixin.py:188} INFO - [2025-01-07T00:20:08.862+0000] {dagbag.py:538} INFO - Filling up the DagBag from /home/airflow/.local/lib/python3.8/site-packages/airflow/example_dags/tutorial_dag.py
[2025-01-07T00:20:08.874+0000] {processor.py:840} INFO - DAG(s) 'tutorial_dag' retrieved from /home/airflow/.local/lib/python3.8/site-packages/airflow/example_dags/tutorial_dag.py
[2025-01-07T00:20:08.911+0000] {logging_mixin.py:188} INFO - [2025-01-07T00:20:08.911+0000] {dag.py:3036} INFO - Sync 1 DAGs
[2025-01-07T00:20:08.940+0000] {logging_mixin.py:188} INFO - [2025-01-07T00:20:08.940+0000] {dag.py:3823} INFO - Setting next_dagrun for tutorial_dag to None, run_after=None
[2025-01-07T00:20:09.005+0000] {processor.py:183} INFO - Processing /home/airflow/.local/lib/python3.8/site-packages/airflow/example_dags/tutorial_dag.py took 0.153 seconds
[2025-01-07T00:20:39.280+0000] {processor.py:161} INFO - Started process (PID=8255) to work on /home/airflow/.local/lib/python3.8/site-packages/airflow/example_dags/tutorial_dag.py
[2025-01-07T00:20:39.282+0000] {processor.py:830} INFO - Processing file /home/airflow/.local/lib/python3.8/site-packages/airflow/example_dags/tutorial_dag.py for tasks to queue
[2025-01-07T00:20:39.287+0000] {logging_mixin.py:188} INFO - [2025-01-07T00:20:39.286+0000] {dagbag.py:538} INFO - Filling up the DagBag from /home/airflow/.local/lib/python3.8/site-packages/airflow/example_dags/tutorial_dag.py
[2025-01-07T00:20:39.305+0000] {processor.py:840} INFO - DAG(s) 'tutorial_dag' retrieved from /home/airflow/.local/lib/python3.8/site-packages/airflow/example_dags/tutorial_dag.py
[2025-01-07T00:20:39.355+0000] {logging_mixin.py:188} INFO - [2025-01-07T00:20:39.354+0000] {dag.py:3036} INFO - Sync 1 DAGs
[2025-01-07T00:20:39.378+0000] {logging_mixin.py:188} INFO - [2025-01-07T00:20:39.378+0000] {dag.py:3823} INFO - Setting next_dagrun for tutorial_dag to None, run_after=None
[2025-01-07T00:20:39.409+0000] {processor.py:183} INFO - Processing /home/airflow/.local/lib/python3.8/site-packages/airflow/example_dags/tutorial_dag.py took 0.133 seconds
[2025-01-07T00:21:09.621+0000] {processor.py:161} INFO - Started process (PID=8313) to work on /home/airflow/.local/lib/python3.8/site-packages/airflow/example_dags/tutorial_dag.py
[2025-01-07T00:21:09.622+0000] {processor.py:830} INFO - Processing file /home/airflow/.local/lib/python3.8/site-packages/airflow/example_dags/tutorial_dag.py for tasks to queue
[2025-01-07T00:21:09.625+0000] {logging_mixin.py:188} INFO - [2025-01-07T00:21:09.624+0000] {dagbag.py:538} INFO - Filling up the DagBag from /home/airflow/.local/lib/python3.8/site-packages/airflow/example_dags/tutorial_dag.py
[2025-01-07T00:21:09.633+0000] {processor.py:840} INFO - DAG(s) 'tutorial_dag' retrieved from /home/airflow/.local/lib/python3.8/site-packages/airflow/example_dags/tutorial_dag.py
[2025-01-07T00:21:09.660+0000] {logging_mixin.py:188} INFO - [2025-01-07T00:21:09.659+0000] {dag.py:3036} INFO - Sync 1 DAGs
[2025-01-07T00:21:09.677+0000] {logging_mixin.py:188} INFO - [2025-01-07T00:21:09.677+0000] {dag.py:3823} INFO - Setting next_dagrun for tutorial_dag to None, run_after=None
[2025-01-07T00:21:09.708+0000] {processor.py:183} INFO - Processing /home/airflow/.local/lib/python3.8/site-packages/airflow/example_dags/tutorial_dag.py took 0.091 seconds
[2025-01-07T00:21:40.124+0000] {processor.py:161} INFO - Started process (PID=8370) to work on /home/airflow/.local/lib/python3.8/site-packages/airflow/example_dags/tutorial_dag.py
[2025-01-07T00:21:40.126+0000] {processor.py:830} INFO - Processing file /home/airflow/.local/lib/python3.8/site-packages/airflow/example_dags/tutorial_dag.py for tasks to queue
[2025-01-07T00:21:40.128+0000] {logging_mixin.py:188} INFO - [2025-01-07T00:21:40.128+0000] {dagbag.py:538} INFO - Filling up the DagBag from /home/airflow/.local/lib/python3.8/site-packages/airflow/example_dags/tutorial_dag.py
[2025-01-07T00:21:40.137+0000] {processor.py:840} INFO - DAG(s) 'tutorial_dag' retrieved from /home/airflow/.local/lib/python3.8/site-packages/airflow/example_dags/tutorial_dag.py
[2025-01-07T00:21:40.163+0000] {logging_mixin.py:188} INFO - [2025-01-07T00:21:40.163+0000] {dag.py:3036} INFO - Sync 1 DAGs
[2025-01-07T00:21:40.186+0000] {logging_mixin.py:188} INFO - [2025-01-07T00:21:40.185+0000] {dag.py:3823} INFO - Setting next_dagrun for tutorial_dag to None, run_after=None
[2025-01-07T00:21:40.216+0000] {processor.py:183} INFO - Processing /home/airflow/.local/lib/python3.8/site-packages/airflow/example_dags/tutorial_dag.py took 0.096 seconds
[2025-01-07T00:22:10.929+0000] {processor.py:161} INFO - Started process (PID=8427) to work on /home/airflow/.local/lib/python3.8/site-packages/airflow/example_dags/tutorial_dag.py
[2025-01-07T00:22:10.931+0000] {processor.py:830} INFO - Processing file /home/airflow/.local/lib/python3.8/site-packages/airflow/example_dags/tutorial_dag.py for tasks to queue
[2025-01-07T00:22:10.933+0000] {logging_mixin.py:188} INFO - [2025-01-07T00:22:10.933+0000] {dagbag.py:538} INFO - Filling up the DagBag from /home/airflow/.local/lib/python3.8/site-packages/airflow/example_dags/tutorial_dag.py
[2025-01-07T00:22:10.941+0000] {processor.py:840} INFO - DAG(s) 'tutorial_dag' retrieved from /home/airflow/.local/lib/python3.8/site-packages/airflow/example_dags/tutorial_dag.py
[2025-01-07T00:22:10.974+0000] {logging_mixin.py:188} INFO - [2025-01-07T00:22:10.974+0000] {dag.py:3036} INFO - Sync 1 DAGs
[2025-01-07T00:22:10.997+0000] {logging_mixin.py:188} INFO - [2025-01-07T00:22:10.997+0000] {dag.py:3823} INFO - Setting next_dagrun for tutorial_dag to None, run_after=None
[2025-01-07T00:22:11.031+0000] {processor.py:183} INFO - Processing /home/airflow/.local/lib/python3.8/site-packages/airflow/example_dags/tutorial_dag.py took 0.108 seconds
[2025-01-07T00:22:41.283+0000] {processor.py:161} INFO - Started process (PID=8484) to work on /home/airflow/.local/lib/python3.8/site-packages/airflow/example_dags/tutorial_dag.py
[2025-01-07T00:22:41.284+0000] {processor.py:830} INFO - Processing file /home/airflow/.local/lib/python3.8/site-packages/airflow/example_dags/tutorial_dag.py for tasks to queue
[2025-01-07T00:22:41.287+0000] {logging_mixin.py:188} INFO - [2025-01-07T00:22:41.287+0000] {dagbag.py:538} INFO - Filling up the DagBag from /home/airflow/.local/lib/python3.8/site-packages/airflow/example_dags/tutorial_dag.py
[2025-01-07T00:22:41.298+0000] {processor.py:840} INFO - DAG(s) 'tutorial_dag' retrieved from /home/airflow/.local/lib/python3.8/site-packages/airflow/example_dags/tutorial_dag.py
[2025-01-07T00:22:41.333+0000] {logging_mixin.py:188} INFO - [2025-01-07T00:22:41.333+0000] {dag.py:3036} INFO - Sync 1 DAGs
[2025-01-07T00:22:41.358+0000] {logging_mixin.py:188} INFO - [2025-01-07T00:22:41.357+0000] {dag.py:3823} INFO - Setting next_dagrun for tutorial_dag to None, run_after=None
[2025-01-07T00:22:41.388+0000] {processor.py:183} INFO - Processing /home/airflow/.local/lib/python3.8/site-packages/airflow/example_dags/tutorial_dag.py took 0.109 seconds
[2025-01-07T00:23:12.135+0000] {processor.py:161} INFO - Started process (PID=8541) to work on /home/airflow/.local/lib/python3.8/site-packages/airflow/example_dags/tutorial_dag.py
[2025-01-07T00:23:12.136+0000] {processor.py:830} INFO - Processing file /home/airflow/.local/lib/python3.8/site-packages/airflow/example_dags/tutorial_dag.py for tasks to queue
[2025-01-07T00:23:12.138+0000] {logging_mixin.py:188} INFO - [2025-01-07T00:23:12.138+0000] {dagbag.py:538} INFO - Filling up the DagBag from /home/airflow/.local/lib/python3.8/site-packages/airflow/example_dags/tutorial_dag.py
[2025-01-07T00:23:12.144+0000] {processor.py:840} INFO - DAG(s) 'tutorial_dag' retrieved from /home/airflow/.local/lib/python3.8/site-packages/airflow/example_dags/tutorial_dag.py
[2025-01-07T00:23:12.168+0000] {logging_mixin.py:188} INFO - [2025-01-07T00:23:12.168+0000] {dag.py:3036} INFO - Sync 1 DAGs
[2025-01-07T00:23:12.183+0000] {logging_mixin.py:188} INFO - [2025-01-07T00:23:12.182+0000] {dag.py:3823} INFO - Setting next_dagrun for tutorial_dag to None, run_after=None
[2025-01-07T00:23:12.221+0000] {processor.py:183} INFO - Processing /home/airflow/.local/lib/python3.8/site-packages/airflow/example_dags/tutorial_dag.py took 0.090 seconds
[2025-01-07T00:23:42.845+0000] {processor.py:161} INFO - Started process (PID=8598) to work on /home/airflow/.local/lib/python3.8/site-packages/airflow/example_dags/tutorial_dag.py
[2025-01-07T00:23:42.846+0000] {processor.py:830} INFO - Processing file /home/airflow/.local/lib/python3.8/site-packages/airflow/example_dags/tutorial_dag.py for tasks to queue
[2025-01-07T00:23:42.849+0000] {logging_mixin.py:188} INFO - [2025-01-07T00:23:42.848+0000] {dagbag.py:538} INFO - Filling up the DagBag from /home/airflow/.local/lib/python3.8/site-packages/airflow/example_dags/tutorial_dag.py
[2025-01-07T00:23:42.855+0000] {processor.py:840} INFO - DAG(s) 'tutorial_dag' retrieved from /home/airflow/.local/lib/python3.8/site-packages/airflow/example_dags/tutorial_dag.py
[2025-01-07T00:23:42.880+0000] {logging_mixin.py:188} INFO - [2025-01-07T00:23:42.879+0000] {dag.py:3036} INFO - Sync 1 DAGs
[2025-01-07T00:23:42.900+0000] {logging_mixin.py:188} INFO - [2025-01-07T00:23:42.900+0000] {dag.py:3823} INFO - Setting next_dagrun for tutorial_dag to None, run_after=None
[2025-01-07T00:23:42.924+0000] {processor.py:183} INFO - Processing /home/airflow/.local/lib/python3.8/site-packages/airflow/example_dags/tutorial_dag.py took 0.082 seconds
[2025-01-07T00:24:13.592+0000] {processor.py:161} INFO - Started process (PID=8655) to work on /home/airflow/.local/lib/python3.8/site-packages/airflow/example_dags/tutorial_dag.py
[2025-01-07T00:24:13.593+0000] {processor.py:830} INFO - Processing file /home/airflow/.local/lib/python3.8/site-packages/airflow/example_dags/tutorial_dag.py for tasks to queue
[2025-01-07T00:24:13.595+0000] {logging_mixin.py:188} INFO - [2025-01-07T00:24:13.595+0000] {dagbag.py:538} INFO - Filling up the DagBag from /home/airflow/.local/lib/python3.8/site-packages/airflow/example_dags/tutorial_dag.py
[2025-01-07T00:24:13.602+0000] {processor.py:840} INFO - DAG(s) 'tutorial_dag' retrieved from /home/airflow/.local/lib/python3.8/site-packages/airflow/example_dags/tutorial_dag.py
[2025-01-07T00:24:13.625+0000] {logging_mixin.py:188} INFO - [2025-01-07T00:24:13.624+0000] {dag.py:3036} INFO - Sync 1 DAGs
[2025-01-07T00:24:13.645+0000] {logging_mixin.py:188} INFO - [2025-01-07T00:24:13.645+0000] {dag.py:3823} INFO - Setting next_dagrun for tutorial_dag to None, run_after=None
[2025-01-07T00:24:13.670+0000] {processor.py:183} INFO - Processing /home/airflow/.local/lib/python3.8/site-packages/airflow/example_dags/tutorial_dag.py took 0.082 seconds
[2025-01-07T00:24:44.609+0000] {processor.py:161} INFO - Started process (PID=8711) to work on /home/airflow/.local/lib/python3.8/site-packages/airflow/example_dags/tutorial_dag.py
[2025-01-07T00:24:44.610+0000] {processor.py:830} INFO - Processing file /home/airflow/.local/lib/python3.8/site-packages/airflow/example_dags/tutorial_dag.py for tasks to queue
[2025-01-07T00:24:44.613+0000] {logging_mixin.py:188} INFO - [2025-01-07T00:24:44.613+0000] {dagbag.py:538} INFO - Filling up the DagBag from /home/airflow/.local/lib/python3.8/site-packages/airflow/example_dags/tutorial_dag.py
[2025-01-07T00:24:44.630+0000] {processor.py:840} INFO - DAG(s) 'tutorial_dag' retrieved from /home/airflow/.local/lib/python3.8/site-packages/airflow/example_dags/tutorial_dag.py
[2025-01-07T00:24:44.702+0000] {logging_mixin.py:188} INFO - [2025-01-07T00:24:44.702+0000] {dag.py:3036} INFO - Sync 1 DAGs
[2025-01-07T00:24:44.739+0000] {logging_mixin.py:188} INFO - [2025-01-07T00:24:44.738+0000] {dag.py:3823} INFO - Setting next_dagrun for tutorial_dag to None, run_after=None
[2025-01-07T00:24:44.791+0000] {processor.py:183} INFO - Processing /home/airflow/.local/lib/python3.8/site-packages/airflow/example_dags/tutorial_dag.py took 0.196 seconds
