[2025-01-07T00:00:02.468+0000] {processor.py:161} INFO - Started process (PID=5926) to work on /home/airflow/.local/lib/python3.8/site-packages/airflow/example_dags/tutorial_taskflow_api.py
[2025-01-07T00:00:02.469+0000] {processor.py:830} INFO - Processing file /home/airflow/.local/lib/python3.8/site-packages/airflow/example_dags/tutorial_taskflow_api.py for tasks to queue
[2025-01-07T00:00:02.474+0000] {logging_mixin.py:188} INFO - [2025-01-07T00:00:02.474+0000] {dagbag.py:538} INFO - Filling up the DagBag from /home/airflow/.local/lib/python3.8/site-packages/airflow/example_dags/tutorial_taskflow_api.py
[2025-01-07T00:00:02.495+0000] {processor.py:840} INFO - DAG(s) 'tutorial_taskflow_api' retrieved from /home/airflow/.local/lib/python3.8/site-packages/airflow/example_dags/tutorial_taskflow_api.py
[2025-01-07T00:00:02.537+0000] {logging_mixin.py:188} INFO - [2025-01-07T00:00:02.536+0000] {dag.py:3036} INFO - Sync 1 DAGs
[2025-01-07T00:00:02.563+0000] {logging_mixin.py:188} INFO - [2025-01-07T00:00:02.563+0000] {dag.py:3823} INFO - Setting next_dagrun for tutorial_taskflow_api to None, run_after=None
[2025-01-07T00:00:02.609+0000] {processor.py:183} INFO - Processing /home/airflow/.local/lib/python3.8/site-packages/airflow/example_dags/tutorial_taskflow_api.py took 0.147 seconds
[2025-01-07T00:00:34.772+0000] {processor.py:161} INFO - Started process (PID=5993) to work on /home/airflow/.local/lib/python3.8/site-packages/airflow/example_dags/tutorial_taskflow_api.py
[2025-01-07T00:00:34.773+0000] {processor.py:830} INFO - Processing file /home/airflow/.local/lib/python3.8/site-packages/airflow/example_dags/tutorial_taskflow_api.py for tasks to queue
[2025-01-07T00:00:34.777+0000] {logging_mixin.py:188} INFO - [2025-01-07T00:00:34.777+0000] {dagbag.py:538} INFO - Filling up the DagBag from /home/airflow/.local/lib/python3.8/site-packages/airflow/example_dags/tutorial_taskflow_api.py
[2025-01-07T00:00:34.790+0000] {processor.py:840} INFO - DAG(s) 'tutorial_taskflow_api' retrieved from /home/airflow/.local/lib/python3.8/site-packages/airflow/example_dags/tutorial_taskflow_api.py
[2025-01-07T00:00:34.865+0000] {logging_mixin.py:188} INFO - [2025-01-07T00:00:34.865+0000] {dag.py:3036} INFO - Sync 1 DAGs
[2025-01-07T00:00:34.926+0000] {logging_mixin.py:188} INFO - [2025-01-07T00:00:34.925+0000] {dag.py:3823} INFO - Setting next_dagrun for tutorial_taskflow_api to None, run_after=None
[2025-01-07T00:00:34.982+0000] {processor.py:183} INFO - Processing /home/airflow/.local/lib/python3.8/site-packages/airflow/example_dags/tutorial_taskflow_api.py took 0.217 seconds
[2025-01-07T00:01:05.513+0000] {processor.py:161} INFO - Started process (PID=6051) to work on /home/airflow/.local/lib/python3.8/site-packages/airflow/example_dags/tutorial_taskflow_api.py
[2025-01-07T00:01:05.514+0000] {processor.py:830} INFO - Processing file /home/airflow/.local/lib/python3.8/site-packages/airflow/example_dags/tutorial_taskflow_api.py for tasks to queue
[2025-01-07T00:01:05.517+0000] {logging_mixin.py:188} INFO - [2025-01-07T00:01:05.516+0000] {dagbag.py:538} INFO - Filling up the DagBag from /home/airflow/.local/lib/python3.8/site-packages/airflow/example_dags/tutorial_taskflow_api.py
[2025-01-07T00:01:05.525+0000] {processor.py:840} INFO - DAG(s) 'tutorial_taskflow_api' retrieved from /home/airflow/.local/lib/python3.8/site-packages/airflow/example_dags/tutorial_taskflow_api.py
[2025-01-07T00:01:05.551+0000] {logging_mixin.py:188} INFO - [2025-01-07T00:01:05.551+0000] {dag.py:3036} INFO - Sync 1 DAGs
[2025-01-07T00:01:05.569+0000] {logging_mixin.py:188} INFO - [2025-01-07T00:01:05.568+0000] {dag.py:3823} INFO - Setting next_dagrun for tutorial_taskflow_api to None, run_after=None
[2025-01-07T00:01:05.596+0000] {processor.py:183} INFO - Processing /home/airflow/.local/lib/python3.8/site-packages/airflow/example_dags/tutorial_taskflow_api.py took 0.087 seconds
[2025-01-07T00:01:36.074+0000] {processor.py:161} INFO - Started process (PID=6109) to work on /home/airflow/.local/lib/python3.8/site-packages/airflow/example_dags/tutorial_taskflow_api.py
[2025-01-07T00:01:36.075+0000] {processor.py:830} INFO - Processing file /home/airflow/.local/lib/python3.8/site-packages/airflow/example_dags/tutorial_taskflow_api.py for tasks to queue
[2025-01-07T00:01:36.077+0000] {logging_mixin.py:188} INFO - [2025-01-07T00:01:36.077+0000] {dagbag.py:538} INFO - Filling up the DagBag from /home/airflow/.local/lib/python3.8/site-packages/airflow/example_dags/tutorial_taskflow_api.py
[2025-01-07T00:01:36.085+0000] {processor.py:840} INFO - DAG(s) 'tutorial_taskflow_api' retrieved from /home/airflow/.local/lib/python3.8/site-packages/airflow/example_dags/tutorial_taskflow_api.py
[2025-01-07T00:01:36.116+0000] {logging_mixin.py:188} INFO - [2025-01-07T00:01:36.115+0000] {dag.py:3036} INFO - Sync 1 DAGs
[2025-01-07T00:01:36.139+0000] {logging_mixin.py:188} INFO - [2025-01-07T00:01:36.139+0000] {dag.py:3823} INFO - Setting next_dagrun for tutorial_taskflow_api to None, run_after=None
[2025-01-07T00:01:36.172+0000] {processor.py:183} INFO - Processing /home/airflow/.local/lib/python3.8/site-packages/airflow/example_dags/tutorial_taskflow_api.py took 0.103 seconds
[2025-01-07T00:02:06.881+0000] {processor.py:161} INFO - Started process (PID=6165) to work on /home/airflow/.local/lib/python3.8/site-packages/airflow/example_dags/tutorial_taskflow_api.py
[2025-01-07T00:02:06.897+0000] {processor.py:830} INFO - Processing file /home/airflow/.local/lib/python3.8/site-packages/airflow/example_dags/tutorial_taskflow_api.py for tasks to queue
[2025-01-07T00:02:06.901+0000] {logging_mixin.py:188} INFO - [2025-01-07T00:02:06.901+0000] {dagbag.py:538} INFO - Filling up the DagBag from /home/airflow/.local/lib/python3.8/site-packages/airflow/example_dags/tutorial_taskflow_api.py
[2025-01-07T00:02:06.924+0000] {processor.py:840} INFO - DAG(s) 'tutorial_taskflow_api' retrieved from /home/airflow/.local/lib/python3.8/site-packages/airflow/example_dags/tutorial_taskflow_api.py
[2025-01-07T00:02:06.992+0000] {logging_mixin.py:188} INFO - [2025-01-07T00:02:06.991+0000] {dag.py:3036} INFO - Sync 1 DAGs
[2025-01-07T00:02:07.037+0000] {logging_mixin.py:188} INFO - [2025-01-07T00:02:07.037+0000] {dag.py:3823} INFO - Setting next_dagrun for tutorial_taskflow_api to None, run_after=None
[2025-01-07T00:02:07.086+0000] {processor.py:183} INFO - Processing /home/airflow/.local/lib/python3.8/site-packages/airflow/example_dags/tutorial_taskflow_api.py took 0.212 seconds
[2025-01-07T00:02:39.290+0000] {processor.py:161} INFO - Started process (PID=6232) to work on /home/airflow/.local/lib/python3.8/site-packages/airflow/example_dags/tutorial_taskflow_api.py
[2025-01-07T00:02:39.321+0000] {processor.py:830} INFO - Processing file /home/airflow/.local/lib/python3.8/site-packages/airflow/example_dags/tutorial_taskflow_api.py for tasks to queue
[2025-01-07T00:02:39.326+0000] {logging_mixin.py:188} INFO - [2025-01-07T00:02:39.324+0000] {dagbag.py:538} INFO - Filling up the DagBag from /home/airflow/.local/lib/python3.8/site-packages/airflow/example_dags/tutorial_taskflow_api.py
[2025-01-07T00:02:39.358+0000] {processor.py:840} INFO - DAG(s) 'tutorial_taskflow_api' retrieved from /home/airflow/.local/lib/python3.8/site-packages/airflow/example_dags/tutorial_taskflow_api.py
[2025-01-07T00:02:39.455+0000] {logging_mixin.py:188} INFO - [2025-01-07T00:02:39.455+0000] {dag.py:3036} INFO - Sync 1 DAGs
[2025-01-07T00:02:39.521+0000] {logging_mixin.py:188} INFO - [2025-01-07T00:02:39.520+0000] {dag.py:3823} INFO - Setting next_dagrun for tutorial_taskflow_api to None, run_after=None
[2025-01-07T00:02:39.640+0000] {processor.py:183} INFO - Processing /home/airflow/.local/lib/python3.8/site-packages/airflow/example_dags/tutorial_taskflow_api.py took 0.362 seconds
[2025-01-07T00:03:10.228+0000] {processor.py:161} INFO - Started process (PID=6290) to work on /home/airflow/.local/lib/python3.8/site-packages/airflow/example_dags/tutorial_taskflow_api.py
[2025-01-07T00:03:10.230+0000] {processor.py:830} INFO - Processing file /home/airflow/.local/lib/python3.8/site-packages/airflow/example_dags/tutorial_taskflow_api.py for tasks to queue
[2025-01-07T00:03:10.233+0000] {logging_mixin.py:188} INFO - [2025-01-07T00:03:10.233+0000] {dagbag.py:538} INFO - Filling up the DagBag from /home/airflow/.local/lib/python3.8/site-packages/airflow/example_dags/tutorial_taskflow_api.py
[2025-01-07T00:03:10.246+0000] {processor.py:840} INFO - DAG(s) 'tutorial_taskflow_api' retrieved from /home/airflow/.local/lib/python3.8/site-packages/airflow/example_dags/tutorial_taskflow_api.py
[2025-01-07T00:03:10.285+0000] {logging_mixin.py:188} INFO - [2025-01-07T00:03:10.284+0000] {dag.py:3036} INFO - Sync 1 DAGs
[2025-01-07T00:03:10.306+0000] {logging_mixin.py:188} INFO - [2025-01-07T00:03:10.305+0000] {dag.py:3823} INFO - Setting next_dagrun for tutorial_taskflow_api to None, run_after=None
[2025-01-07T00:03:10.347+0000] {processor.py:183} INFO - Processing /home/airflow/.local/lib/python3.8/site-packages/airflow/example_dags/tutorial_taskflow_api.py took 0.125 seconds
[2025-01-07T00:03:40.536+0000] {processor.py:161} INFO - Started process (PID=6347) to work on /home/airflow/.local/lib/python3.8/site-packages/airflow/example_dags/tutorial_taskflow_api.py
[2025-01-07T00:03:40.537+0000] {processor.py:830} INFO - Processing file /home/airflow/.local/lib/python3.8/site-packages/airflow/example_dags/tutorial_taskflow_api.py for tasks to queue
[2025-01-07T00:03:40.540+0000] {logging_mixin.py:188} INFO - [2025-01-07T00:03:40.539+0000] {dagbag.py:538} INFO - Filling up the DagBag from /home/airflow/.local/lib/python3.8/site-packages/airflow/example_dags/tutorial_taskflow_api.py
[2025-01-07T00:03:40.549+0000] {processor.py:840} INFO - DAG(s) 'tutorial_taskflow_api' retrieved from /home/airflow/.local/lib/python3.8/site-packages/airflow/example_dags/tutorial_taskflow_api.py
[2025-01-07T00:03:40.588+0000] {logging_mixin.py:188} INFO - [2025-01-07T00:03:40.587+0000] {dag.py:3036} INFO - Sync 1 DAGs
[2025-01-07T00:03:40.609+0000] {logging_mixin.py:188} INFO - [2025-01-07T00:03:40.609+0000] {dag.py:3823} INFO - Setting next_dagrun for tutorial_taskflow_api to None, run_after=None
[2025-01-07T00:03:40.639+0000] {processor.py:183} INFO - Processing /home/airflow/.local/lib/python3.8/site-packages/airflow/example_dags/tutorial_taskflow_api.py took 0.109 seconds
[2025-01-07T00:04:10.923+0000] {processor.py:161} INFO - Started process (PID=6405) to work on /home/airflow/.local/lib/python3.8/site-packages/airflow/example_dags/tutorial_taskflow_api.py
[2025-01-07T00:04:10.924+0000] {processor.py:830} INFO - Processing file /home/airflow/.local/lib/python3.8/site-packages/airflow/example_dags/tutorial_taskflow_api.py for tasks to queue
[2025-01-07T00:04:10.927+0000] {logging_mixin.py:188} INFO - [2025-01-07T00:04:10.926+0000] {dagbag.py:538} INFO - Filling up the DagBag from /home/airflow/.local/lib/python3.8/site-packages/airflow/example_dags/tutorial_taskflow_api.py
[2025-01-07T00:04:10.941+0000] {processor.py:840} INFO - DAG(s) 'tutorial_taskflow_api' retrieved from /home/airflow/.local/lib/python3.8/site-packages/airflow/example_dags/tutorial_taskflow_api.py
[2025-01-07T00:04:10.970+0000] {logging_mixin.py:188} INFO - [2025-01-07T00:04:10.970+0000] {dag.py:3036} INFO - Sync 1 DAGs
[2025-01-07T00:04:10.987+0000] {logging_mixin.py:188} INFO - [2025-01-07T00:04:10.987+0000] {dag.py:3823} INFO - Setting next_dagrun for tutorial_taskflow_api to None, run_after=None
[2025-01-07T00:04:11.012+0000] {processor.py:183} INFO - Processing /home/airflow/.local/lib/python3.8/site-packages/airflow/example_dags/tutorial_taskflow_api.py took 0.093 seconds
[2025-01-07T00:04:41.612+0000] {processor.py:161} INFO - Started process (PID=6463) to work on /home/airflow/.local/lib/python3.8/site-packages/airflow/example_dags/tutorial_taskflow_api.py
[2025-01-07T00:04:41.613+0000] {processor.py:830} INFO - Processing file /home/airflow/.local/lib/python3.8/site-packages/airflow/example_dags/tutorial_taskflow_api.py for tasks to queue
[2025-01-07T00:04:41.617+0000] {logging_mixin.py:188} INFO - [2025-01-07T00:04:41.616+0000] {dagbag.py:538} INFO - Filling up the DagBag from /home/airflow/.local/lib/python3.8/site-packages/airflow/example_dags/tutorial_taskflow_api.py
[2025-01-07T00:04:41.627+0000] {processor.py:840} INFO - DAG(s) 'tutorial_taskflow_api' retrieved from /home/airflow/.local/lib/python3.8/site-packages/airflow/example_dags/tutorial_taskflow_api.py
[2025-01-07T00:04:41.664+0000] {logging_mixin.py:188} INFO - [2025-01-07T00:04:41.663+0000] {dag.py:3036} INFO - Sync 1 DAGs
[2025-01-07T00:04:41.689+0000] {logging_mixin.py:188} INFO - [2025-01-07T00:04:41.688+0000] {dag.py:3823} INFO - Setting next_dagrun for tutorial_taskflow_api to None, run_after=None
[2025-01-07T00:04:41.723+0000] {processor.py:183} INFO - Processing /home/airflow/.local/lib/python3.8/site-packages/airflow/example_dags/tutorial_taskflow_api.py took 0.116 seconds
[2025-01-07T00:05:12.738+0000] {processor.py:161} INFO - Started process (PID=6520) to work on /home/airflow/.local/lib/python3.8/site-packages/airflow/example_dags/tutorial_taskflow_api.py
[2025-01-07T00:05:12.778+0000] {processor.py:830} INFO - Processing file /home/airflow/.local/lib/python3.8/site-packages/airflow/example_dags/tutorial_taskflow_api.py for tasks to queue
[2025-01-07T00:05:12.803+0000] {logging_mixin.py:188} INFO - [2025-01-07T00:05:12.802+0000] {dagbag.py:538} INFO - Filling up the DagBag from /home/airflow/.local/lib/python3.8/site-packages/airflow/example_dags/tutorial_taskflow_api.py
[2025-01-07T00:05:12.834+0000] {processor.py:840} INFO - DAG(s) 'tutorial_taskflow_api' retrieved from /home/airflow/.local/lib/python3.8/site-packages/airflow/example_dags/tutorial_taskflow_api.py
[2025-01-07T00:05:12.901+0000] {logging_mixin.py:188} INFO - [2025-01-07T00:05:12.898+0000] {dag.py:3036} INFO - Sync 1 DAGs
[2025-01-07T00:05:12.926+0000] {logging_mixin.py:188} INFO - [2025-01-07T00:05:12.926+0000] {dag.py:3823} INFO - Setting next_dagrun for tutorial_taskflow_api to None, run_after=None
[2025-01-07T00:05:12.967+0000] {processor.py:183} INFO - Processing /home/airflow/.local/lib/python3.8/site-packages/airflow/example_dags/tutorial_taskflow_api.py took 0.247 seconds
[2025-01-07T00:05:43.646+0000] {processor.py:161} INFO - Started process (PID=6577) to work on /home/airflow/.local/lib/python3.8/site-packages/airflow/example_dags/tutorial_taskflow_api.py
[2025-01-07T00:05:43.648+0000] {processor.py:830} INFO - Processing file /home/airflow/.local/lib/python3.8/site-packages/airflow/example_dags/tutorial_taskflow_api.py for tasks to queue
[2025-01-07T00:05:43.653+0000] {logging_mixin.py:188} INFO - [2025-01-07T00:05:43.652+0000] {dagbag.py:538} INFO - Filling up the DagBag from /home/airflow/.local/lib/python3.8/site-packages/airflow/example_dags/tutorial_taskflow_api.py
[2025-01-07T00:05:43.661+0000] {processor.py:840} INFO - DAG(s) 'tutorial_taskflow_api' retrieved from /home/airflow/.local/lib/python3.8/site-packages/airflow/example_dags/tutorial_taskflow_api.py
[2025-01-07T00:05:43.685+0000] {logging_mixin.py:188} INFO - [2025-01-07T00:05:43.685+0000] {dag.py:3036} INFO - Sync 1 DAGs
[2025-01-07T00:05:43.702+0000] {logging_mixin.py:188} INFO - [2025-01-07T00:05:43.701+0000] {dag.py:3823} INFO - Setting next_dagrun for tutorial_taskflow_api to None, run_after=None
[2025-01-07T00:05:43.768+0000] {processor.py:183} INFO - Processing /home/airflow/.local/lib/python3.8/site-packages/airflow/example_dags/tutorial_taskflow_api.py took 0.128 seconds
[2025-01-07T00:06:14.313+0000] {processor.py:161} INFO - Started process (PID=6639) to work on /home/airflow/.local/lib/python3.8/site-packages/airflow/example_dags/tutorial_taskflow_api.py
[2025-01-07T00:06:14.315+0000] {processor.py:830} INFO - Processing file /home/airflow/.local/lib/python3.8/site-packages/airflow/example_dags/tutorial_taskflow_api.py for tasks to queue
[2025-01-07T00:06:14.318+0000] {logging_mixin.py:188} INFO - [2025-01-07T00:06:14.317+0000] {dagbag.py:538} INFO - Filling up the DagBag from /home/airflow/.local/lib/python3.8/site-packages/airflow/example_dags/tutorial_taskflow_api.py
[2025-01-07T00:06:14.344+0000] {processor.py:840} INFO - DAG(s) 'tutorial_taskflow_api' retrieved from /home/airflow/.local/lib/python3.8/site-packages/airflow/example_dags/tutorial_taskflow_api.py
[2025-01-07T00:06:14.391+0000] {logging_mixin.py:188} INFO - [2025-01-07T00:06:14.390+0000] {dag.py:3036} INFO - Sync 1 DAGs
[2025-01-07T00:06:14.413+0000] {logging_mixin.py:188} INFO - [2025-01-07T00:06:14.412+0000] {dag.py:3823} INFO - Setting next_dagrun for tutorial_taskflow_api to None, run_after=None
[2025-01-07T00:06:14.448+0000] {processor.py:183} INFO - Processing /home/airflow/.local/lib/python3.8/site-packages/airflow/example_dags/tutorial_taskflow_api.py took 0.142 seconds
[2025-01-07T00:06:45.273+0000] {processor.py:161} INFO - Started process (PID=6706) to work on /home/airflow/.local/lib/python3.8/site-packages/airflow/example_dags/tutorial_taskflow_api.py
[2025-01-07T00:06:45.281+0000] {processor.py:830} INFO - Processing file /home/airflow/.local/lib/python3.8/site-packages/airflow/example_dags/tutorial_taskflow_api.py for tasks to queue
[2025-01-07T00:06:45.284+0000] {logging_mixin.py:188} INFO - [2025-01-07T00:06:45.284+0000] {dagbag.py:538} INFO - Filling up the DagBag from /home/airflow/.local/lib/python3.8/site-packages/airflow/example_dags/tutorial_taskflow_api.py
[2025-01-07T00:06:45.301+0000] {processor.py:840} INFO - DAG(s) 'tutorial_taskflow_api' retrieved from /home/airflow/.local/lib/python3.8/site-packages/airflow/example_dags/tutorial_taskflow_api.py
[2025-01-07T00:06:45.356+0000] {logging_mixin.py:188} INFO - [2025-01-07T00:06:45.356+0000] {dag.py:3036} INFO - Sync 1 DAGs
[2025-01-07T00:06:45.383+0000] {logging_mixin.py:188} INFO - [2025-01-07T00:06:45.383+0000] {dag.py:3823} INFO - Setting next_dagrun for tutorial_taskflow_api to None, run_after=None
[2025-01-07T00:06:45.436+0000] {processor.py:183} INFO - Processing /home/airflow/.local/lib/python3.8/site-packages/airflow/example_dags/tutorial_taskflow_api.py took 0.169 seconds
[2025-01-07T00:07:15.526+0000] {processor.py:161} INFO - Started process (PID=6763) to work on /home/airflow/.local/lib/python3.8/site-packages/airflow/example_dags/tutorial_taskflow_api.py
[2025-01-07T00:07:15.528+0000] {processor.py:830} INFO - Processing file /home/airflow/.local/lib/python3.8/site-packages/airflow/example_dags/tutorial_taskflow_api.py for tasks to queue
[2025-01-07T00:07:15.531+0000] {logging_mixin.py:188} INFO - [2025-01-07T00:07:15.531+0000] {dagbag.py:538} INFO - Filling up the DagBag from /home/airflow/.local/lib/python3.8/site-packages/airflow/example_dags/tutorial_taskflow_api.py
[2025-01-07T00:07:15.540+0000] {processor.py:840} INFO - DAG(s) 'tutorial_taskflow_api' retrieved from /home/airflow/.local/lib/python3.8/site-packages/airflow/example_dags/tutorial_taskflow_api.py
[2025-01-07T00:07:15.566+0000] {logging_mixin.py:188} INFO - [2025-01-07T00:07:15.565+0000] {dag.py:3036} INFO - Sync 1 DAGs
[2025-01-07T00:07:15.584+0000] {logging_mixin.py:188} INFO - [2025-01-07T00:07:15.583+0000] {dag.py:3823} INFO - Setting next_dagrun for tutorial_taskflow_api to None, run_after=None
[2025-01-07T00:07:15.612+0000] {processor.py:183} INFO - Processing /home/airflow/.local/lib/python3.8/site-packages/airflow/example_dags/tutorial_taskflow_api.py took 0.090 seconds
[2025-01-07T00:07:45.892+0000] {processor.py:161} INFO - Started process (PID=6820) to work on /home/airflow/.local/lib/python3.8/site-packages/airflow/example_dags/tutorial_taskflow_api.py
[2025-01-07T00:07:45.894+0000] {processor.py:830} INFO - Processing file /home/airflow/.local/lib/python3.8/site-packages/airflow/example_dags/tutorial_taskflow_api.py for tasks to queue
[2025-01-07T00:07:45.896+0000] {logging_mixin.py:188} INFO - [2025-01-07T00:07:45.896+0000] {dagbag.py:538} INFO - Filling up the DagBag from /home/airflow/.local/lib/python3.8/site-packages/airflow/example_dags/tutorial_taskflow_api.py
[2025-01-07T00:07:45.906+0000] {processor.py:840} INFO - DAG(s) 'tutorial_taskflow_api' retrieved from /home/airflow/.local/lib/python3.8/site-packages/airflow/example_dags/tutorial_taskflow_api.py
[2025-01-07T00:07:45.928+0000] {logging_mixin.py:188} INFO - [2025-01-07T00:07:45.928+0000] {dag.py:3036} INFO - Sync 1 DAGs
[2025-01-07T00:07:45.948+0000] {logging_mixin.py:188} INFO - [2025-01-07T00:07:45.948+0000] {dag.py:3823} INFO - Setting next_dagrun for tutorial_taskflow_api to None, run_after=None
[2025-01-07T00:07:45.975+0000] {processor.py:183} INFO - Processing /home/airflow/.local/lib/python3.8/site-packages/airflow/example_dags/tutorial_taskflow_api.py took 0.086 seconds
[2025-01-07T00:08:16.793+0000] {processor.py:161} INFO - Started process (PID=6878) to work on /home/airflow/.local/lib/python3.8/site-packages/airflow/example_dags/tutorial_taskflow_api.py
[2025-01-07T00:08:16.794+0000] {processor.py:830} INFO - Processing file /home/airflow/.local/lib/python3.8/site-packages/airflow/example_dags/tutorial_taskflow_api.py for tasks to queue
[2025-01-07T00:08:16.798+0000] {logging_mixin.py:188} INFO - [2025-01-07T00:08:16.797+0000] {dagbag.py:538} INFO - Filling up the DagBag from /home/airflow/.local/lib/python3.8/site-packages/airflow/example_dags/tutorial_taskflow_api.py
[2025-01-07T00:08:16.807+0000] {processor.py:840} INFO - DAG(s) 'tutorial_taskflow_api' retrieved from /home/airflow/.local/lib/python3.8/site-packages/airflow/example_dags/tutorial_taskflow_api.py
[2025-01-07T00:08:16.830+0000] {logging_mixin.py:188} INFO - [2025-01-07T00:08:16.830+0000] {dag.py:3036} INFO - Sync 1 DAGs
[2025-01-07T00:08:16.845+0000] {logging_mixin.py:188} INFO - [2025-01-07T00:08:16.845+0000] {dag.py:3823} INFO - Setting next_dagrun for tutorial_taskflow_api to None, run_after=None
[2025-01-07T00:08:16.870+0000] {processor.py:183} INFO - Processing /home/airflow/.local/lib/python3.8/site-packages/airflow/example_dags/tutorial_taskflow_api.py took 0.081 seconds
[2025-01-07T00:08:49.699+0000] {processor.py:161} INFO - Started process (PID=6940) to work on /home/airflow/.local/lib/python3.8/site-packages/airflow/example_dags/tutorial_taskflow_api.py
[2025-01-07T00:08:49.702+0000] {processor.py:830} INFO - Processing file /home/airflow/.local/lib/python3.8/site-packages/airflow/example_dags/tutorial_taskflow_api.py for tasks to queue
[2025-01-07T00:08:49.705+0000] {logging_mixin.py:188} INFO - [2025-01-07T00:08:49.704+0000] {dagbag.py:538} INFO - Filling up the DagBag from /home/airflow/.local/lib/python3.8/site-packages/airflow/example_dags/tutorial_taskflow_api.py
[2025-01-07T00:08:49.720+0000] {processor.py:840} INFO - DAG(s) 'tutorial_taskflow_api' retrieved from /home/airflow/.local/lib/python3.8/site-packages/airflow/example_dags/tutorial_taskflow_api.py
[2025-01-07T00:08:49.766+0000] {logging_mixin.py:188} INFO - [2025-01-07T00:08:49.766+0000] {dag.py:3036} INFO - Sync 1 DAGs
[2025-01-07T00:08:49.798+0000] {logging_mixin.py:188} INFO - [2025-01-07T00:08:49.797+0000] {dag.py:3823} INFO - Setting next_dagrun for tutorial_taskflow_api to None, run_after=None
[2025-01-07T00:08:49.853+0000] {processor.py:183} INFO - Processing /home/airflow/.local/lib/python3.8/site-packages/airflow/example_dags/tutorial_taskflow_api.py took 0.163 seconds
[2025-01-07T00:09:20.605+0000] {processor.py:161} INFO - Started process (PID=7002) to work on /home/airflow/.local/lib/python3.8/site-packages/airflow/example_dags/tutorial_taskflow_api.py
[2025-01-07T00:09:20.607+0000] {processor.py:830} INFO - Processing file /home/airflow/.local/lib/python3.8/site-packages/airflow/example_dags/tutorial_taskflow_api.py for tasks to queue
[2025-01-07T00:09:20.610+0000] {logging_mixin.py:188} INFO - [2025-01-07T00:09:20.609+0000] {dagbag.py:538} INFO - Filling up the DagBag from /home/airflow/.local/lib/python3.8/site-packages/airflow/example_dags/tutorial_taskflow_api.py
[2025-01-07T00:09:20.623+0000] {processor.py:840} INFO - DAG(s) 'tutorial_taskflow_api' retrieved from /home/airflow/.local/lib/python3.8/site-packages/airflow/example_dags/tutorial_taskflow_api.py
[2025-01-07T00:09:20.661+0000] {logging_mixin.py:188} INFO - [2025-01-07T00:09:20.660+0000] {dag.py:3036} INFO - Sync 1 DAGs
[2025-01-07T00:09:20.685+0000] {logging_mixin.py:188} INFO - [2025-01-07T00:09:20.685+0000] {dag.py:3823} INFO - Setting next_dagrun for tutorial_taskflow_api to None, run_after=None
[2025-01-07T00:09:20.727+0000] {processor.py:183} INFO - Processing /home/airflow/.local/lib/python3.8/site-packages/airflow/example_dags/tutorial_taskflow_api.py took 0.126 seconds
[2025-01-07T00:09:51.104+0000] {processor.py:161} INFO - Started process (PID=7060) to work on /home/airflow/.local/lib/python3.8/site-packages/airflow/example_dags/tutorial_taskflow_api.py
[2025-01-07T00:09:51.111+0000] {processor.py:830} INFO - Processing file /home/airflow/.local/lib/python3.8/site-packages/airflow/example_dags/tutorial_taskflow_api.py for tasks to queue
[2025-01-07T00:09:51.115+0000] {logging_mixin.py:188} INFO - [2025-01-07T00:09:51.114+0000] {dagbag.py:538} INFO - Filling up the DagBag from /home/airflow/.local/lib/python3.8/site-packages/airflow/example_dags/tutorial_taskflow_api.py
[2025-01-07T00:09:51.133+0000] {processor.py:840} INFO - DAG(s) 'tutorial_taskflow_api' retrieved from /home/airflow/.local/lib/python3.8/site-packages/airflow/example_dags/tutorial_taskflow_api.py
[2025-01-07T00:09:51.199+0000] {logging_mixin.py:188} INFO - [2025-01-07T00:09:51.199+0000] {dag.py:3036} INFO - Sync 1 DAGs
[2025-01-07T00:09:51.228+0000] {logging_mixin.py:188} INFO - [2025-01-07T00:09:51.228+0000] {dag.py:3823} INFO - Setting next_dagrun for tutorial_taskflow_api to None, run_after=None
[2025-01-07T00:09:51.265+0000] {processor.py:183} INFO - Processing /home/airflow/.local/lib/python3.8/site-packages/airflow/example_dags/tutorial_taskflow_api.py took 0.170 seconds
[2025-01-07T00:10:21.483+0000] {processor.py:161} INFO - Started process (PID=7117) to work on /home/airflow/.local/lib/python3.8/site-packages/airflow/example_dags/tutorial_taskflow_api.py
[2025-01-07T00:10:21.485+0000] {processor.py:830} INFO - Processing file /home/airflow/.local/lib/python3.8/site-packages/airflow/example_dags/tutorial_taskflow_api.py for tasks to queue
[2025-01-07T00:10:21.487+0000] {logging_mixin.py:188} INFO - [2025-01-07T00:10:21.487+0000] {dagbag.py:538} INFO - Filling up the DagBag from /home/airflow/.local/lib/python3.8/site-packages/airflow/example_dags/tutorial_taskflow_api.py
[2025-01-07T00:10:21.495+0000] {processor.py:840} INFO - DAG(s) 'tutorial_taskflow_api' retrieved from /home/airflow/.local/lib/python3.8/site-packages/airflow/example_dags/tutorial_taskflow_api.py
[2025-01-07T00:10:21.519+0000] {logging_mixin.py:188} INFO - [2025-01-07T00:10:21.519+0000] {dag.py:3036} INFO - Sync 1 DAGs
[2025-01-07T00:10:21.534+0000] {logging_mixin.py:188} INFO - [2025-01-07T00:10:21.534+0000] {dag.py:3823} INFO - Setting next_dagrun for tutorial_taskflow_api to None, run_after=None
[2025-01-07T00:10:21.561+0000] {processor.py:183} INFO - Processing /home/airflow/.local/lib/python3.8/site-packages/airflow/example_dags/tutorial_taskflow_api.py took 0.082 seconds
[2025-01-07T00:10:51.786+0000] {processor.py:161} INFO - Started process (PID=7174) to work on /home/airflow/.local/lib/python3.8/site-packages/airflow/example_dags/tutorial_taskflow_api.py
[2025-01-07T00:10:51.788+0000] {processor.py:830} INFO - Processing file /home/airflow/.local/lib/python3.8/site-packages/airflow/example_dags/tutorial_taskflow_api.py for tasks to queue
[2025-01-07T00:10:51.790+0000] {logging_mixin.py:188} INFO - [2025-01-07T00:10:51.790+0000] {dagbag.py:538} INFO - Filling up the DagBag from /home/airflow/.local/lib/python3.8/site-packages/airflow/example_dags/tutorial_taskflow_api.py
[2025-01-07T00:10:51.799+0000] {processor.py:840} INFO - DAG(s) 'tutorial_taskflow_api' retrieved from /home/airflow/.local/lib/python3.8/site-packages/airflow/example_dags/tutorial_taskflow_api.py
[2025-01-07T00:10:51.831+0000] {logging_mixin.py:188} INFO - [2025-01-07T00:10:51.830+0000] {dag.py:3036} INFO - Sync 1 DAGs
[2025-01-07T00:10:51.848+0000] {logging_mixin.py:188} INFO - [2025-01-07T00:10:51.848+0000] {dag.py:3823} INFO - Setting next_dagrun for tutorial_taskflow_api to None, run_after=None
[2025-01-07T00:10:51.879+0000] {processor.py:183} INFO - Processing /home/airflow/.local/lib/python3.8/site-packages/airflow/example_dags/tutorial_taskflow_api.py took 0.097 seconds
[2025-01-07T00:11:23.000+0000] {processor.py:161} INFO - Started process (PID=7231) to work on /home/airflow/.local/lib/python3.8/site-packages/airflow/example_dags/tutorial_taskflow_api.py
[2025-01-07T00:11:23.002+0000] {processor.py:830} INFO - Processing file /home/airflow/.local/lib/python3.8/site-packages/airflow/example_dags/tutorial_taskflow_api.py for tasks to queue
[2025-01-07T00:11:23.004+0000] {logging_mixin.py:188} INFO - [2025-01-07T00:11:23.004+0000] {dagbag.py:538} INFO - Filling up the DagBag from /home/airflow/.local/lib/python3.8/site-packages/airflow/example_dags/tutorial_taskflow_api.py
[2025-01-07T00:11:23.017+0000] {processor.py:840} INFO - DAG(s) 'tutorial_taskflow_api' retrieved from /home/airflow/.local/lib/python3.8/site-packages/airflow/example_dags/tutorial_taskflow_api.py
[2025-01-07T00:11:23.090+0000] {logging_mixin.py:188} INFO - [2025-01-07T00:11:23.090+0000] {dag.py:3036} INFO - Sync 1 DAGs
[2025-01-07T00:11:23.228+0000] {logging_mixin.py:188} INFO - [2025-01-07T00:11:23.227+0000] {dag.py:3823} INFO - Setting next_dagrun for tutorial_taskflow_api to None, run_after=None
[2025-01-07T00:11:23.317+0000] {processor.py:183} INFO - Processing /home/airflow/.local/lib/python3.8/site-packages/airflow/example_dags/tutorial_taskflow_api.py took 0.322 seconds
[2025-01-07T00:11:53.884+0000] {processor.py:161} INFO - Started process (PID=7287) to work on /home/airflow/.local/lib/python3.8/site-packages/airflow/example_dags/tutorial_taskflow_api.py
[2025-01-07T00:11:53.886+0000] {processor.py:830} INFO - Processing file /home/airflow/.local/lib/python3.8/site-packages/airflow/example_dags/tutorial_taskflow_api.py for tasks to queue
[2025-01-07T00:11:53.889+0000] {logging_mixin.py:188} INFO - [2025-01-07T00:11:53.888+0000] {dagbag.py:538} INFO - Filling up the DagBag from /home/airflow/.local/lib/python3.8/site-packages/airflow/example_dags/tutorial_taskflow_api.py
[2025-01-07T00:11:53.901+0000] {processor.py:840} INFO - DAG(s) 'tutorial_taskflow_api' retrieved from /home/airflow/.local/lib/python3.8/site-packages/airflow/example_dags/tutorial_taskflow_api.py
[2025-01-07T00:11:53.930+0000] {logging_mixin.py:188} INFO - [2025-01-07T00:11:53.930+0000] {dag.py:3036} INFO - Sync 1 DAGs
[2025-01-07T00:11:53.948+0000] {logging_mixin.py:188} INFO - [2025-01-07T00:11:53.948+0000] {dag.py:3823} INFO - Setting next_dagrun for tutorial_taskflow_api to None, run_after=None
[2025-01-07T00:11:53.979+0000] {processor.py:183} INFO - Processing /home/airflow/.local/lib/python3.8/site-packages/airflow/example_dags/tutorial_taskflow_api.py took 0.100 seconds
[2025-01-07T00:12:24.457+0000] {processor.py:161} INFO - Started process (PID=7345) to work on /home/airflow/.local/lib/python3.8/site-packages/airflow/example_dags/tutorial_taskflow_api.py
[2025-01-07T00:12:24.459+0000] {processor.py:830} INFO - Processing file /home/airflow/.local/lib/python3.8/site-packages/airflow/example_dags/tutorial_taskflow_api.py for tasks to queue
[2025-01-07T00:12:24.461+0000] {logging_mixin.py:188} INFO - [2025-01-07T00:12:24.461+0000] {dagbag.py:538} INFO - Filling up the DagBag from /home/airflow/.local/lib/python3.8/site-packages/airflow/example_dags/tutorial_taskflow_api.py
[2025-01-07T00:12:24.468+0000] {processor.py:840} INFO - DAG(s) 'tutorial_taskflow_api' retrieved from /home/airflow/.local/lib/python3.8/site-packages/airflow/example_dags/tutorial_taskflow_api.py
[2025-01-07T00:12:24.492+0000] {logging_mixin.py:188} INFO - [2025-01-07T00:12:24.491+0000] {dag.py:3036} INFO - Sync 1 DAGs
[2025-01-07T00:12:24.507+0000] {logging_mixin.py:188} INFO - [2025-01-07T00:12:24.507+0000] {dag.py:3823} INFO - Setting next_dagrun for tutorial_taskflow_api to None, run_after=None
[2025-01-07T00:12:24.532+0000] {processor.py:183} INFO - Processing /home/airflow/.local/lib/python3.8/site-packages/airflow/example_dags/tutorial_taskflow_api.py took 0.078 seconds
[2025-01-07T00:12:54.811+0000] {processor.py:161} INFO - Started process (PID=7402) to work on /home/airflow/.local/lib/python3.8/site-packages/airflow/example_dags/tutorial_taskflow_api.py
[2025-01-07T00:12:54.813+0000] {processor.py:830} INFO - Processing file /home/airflow/.local/lib/python3.8/site-packages/airflow/example_dags/tutorial_taskflow_api.py for tasks to queue
[2025-01-07T00:12:54.820+0000] {logging_mixin.py:188} INFO - [2025-01-07T00:12:54.818+0000] {dagbag.py:538} INFO - Filling up the DagBag from /home/airflow/.local/lib/python3.8/site-packages/airflow/example_dags/tutorial_taskflow_api.py
[2025-01-07T00:12:54.841+0000] {processor.py:840} INFO - DAG(s) 'tutorial_taskflow_api' retrieved from /home/airflow/.local/lib/python3.8/site-packages/airflow/example_dags/tutorial_taskflow_api.py
[2025-01-07T00:12:54.874+0000] {logging_mixin.py:188} INFO - [2025-01-07T00:12:54.874+0000] {dag.py:3036} INFO - Sync 1 DAGs
[2025-01-07T00:12:54.894+0000] {logging_mixin.py:188} INFO - [2025-01-07T00:12:54.894+0000] {dag.py:3823} INFO - Setting next_dagrun for tutorial_taskflow_api to None, run_after=None
[2025-01-07T00:12:54.923+0000] {processor.py:183} INFO - Processing /home/airflow/.local/lib/python3.8/site-packages/airflow/example_dags/tutorial_taskflow_api.py took 0.117 seconds
[2025-01-07T00:13:24.986+0000] {processor.py:161} INFO - Started process (PID=7459) to work on /home/airflow/.local/lib/python3.8/site-packages/airflow/example_dags/tutorial_taskflow_api.py
[2025-01-07T00:13:24.987+0000] {processor.py:830} INFO - Processing file /home/airflow/.local/lib/python3.8/site-packages/airflow/example_dags/tutorial_taskflow_api.py for tasks to queue
[2025-01-07T00:13:24.990+0000] {logging_mixin.py:188} INFO - [2025-01-07T00:13:24.989+0000] {dagbag.py:538} INFO - Filling up the DagBag from /home/airflow/.local/lib/python3.8/site-packages/airflow/example_dags/tutorial_taskflow_api.py
[2025-01-07T00:13:24.997+0000] {processor.py:840} INFO - DAG(s) 'tutorial_taskflow_api' retrieved from /home/airflow/.local/lib/python3.8/site-packages/airflow/example_dags/tutorial_taskflow_api.py
[2025-01-07T00:13:25.022+0000] {logging_mixin.py:188} INFO - [2025-01-07T00:13:25.022+0000] {dag.py:3036} INFO - Sync 1 DAGs
[2025-01-07T00:13:25.037+0000] {logging_mixin.py:188} INFO - [2025-01-07T00:13:25.037+0000] {dag.py:3823} INFO - Setting next_dagrun for tutorial_taskflow_api to None, run_after=None
[2025-01-07T00:13:25.062+0000] {processor.py:183} INFO - Processing /home/airflow/.local/lib/python3.8/site-packages/airflow/example_dags/tutorial_taskflow_api.py took 0.080 seconds
[2025-01-07T00:13:55.306+0000] {processor.py:161} INFO - Started process (PID=7516) to work on /home/airflow/.local/lib/python3.8/site-packages/airflow/example_dags/tutorial_taskflow_api.py
[2025-01-07T00:13:55.308+0000] {processor.py:830} INFO - Processing file /home/airflow/.local/lib/python3.8/site-packages/airflow/example_dags/tutorial_taskflow_api.py for tasks to queue
[2025-01-07T00:13:55.310+0000] {logging_mixin.py:188} INFO - [2025-01-07T00:13:55.310+0000] {dagbag.py:538} INFO - Filling up the DagBag from /home/airflow/.local/lib/python3.8/site-packages/airflow/example_dags/tutorial_taskflow_api.py
[2025-01-07T00:13:55.322+0000] {processor.py:840} INFO - DAG(s) 'tutorial_taskflow_api' retrieved from /home/airflow/.local/lib/python3.8/site-packages/airflow/example_dags/tutorial_taskflow_api.py
[2025-01-07T00:13:55.354+0000] {logging_mixin.py:188} INFO - [2025-01-07T00:13:55.354+0000] {dag.py:3036} INFO - Sync 1 DAGs
[2025-01-07T00:13:55.378+0000] {logging_mixin.py:188} INFO - [2025-01-07T00:13:55.378+0000] {dag.py:3823} INFO - Setting next_dagrun for tutorial_taskflow_api to None, run_after=None
[2025-01-07T00:13:55.408+0000] {processor.py:183} INFO - Processing /home/airflow/.local/lib/python3.8/site-packages/airflow/example_dags/tutorial_taskflow_api.py took 0.107 seconds
[2025-01-07T00:14:26.405+0000] {processor.py:161} INFO - Started process (PID=7573) to work on /home/airflow/.local/lib/python3.8/site-packages/airflow/example_dags/tutorial_taskflow_api.py
[2025-01-07T00:14:26.407+0000] {processor.py:830} INFO - Processing file /home/airflow/.local/lib/python3.8/site-packages/airflow/example_dags/tutorial_taskflow_api.py for tasks to queue
[2025-01-07T00:14:26.409+0000] {logging_mixin.py:188} INFO - [2025-01-07T00:14:26.409+0000] {dagbag.py:538} INFO - Filling up the DagBag from /home/airflow/.local/lib/python3.8/site-packages/airflow/example_dags/tutorial_taskflow_api.py
[2025-01-07T00:14:26.417+0000] {processor.py:840} INFO - DAG(s) 'tutorial_taskflow_api' retrieved from /home/airflow/.local/lib/python3.8/site-packages/airflow/example_dags/tutorial_taskflow_api.py
[2025-01-07T00:14:26.442+0000] {logging_mixin.py:188} INFO - [2025-01-07T00:14:26.442+0000] {dag.py:3036} INFO - Sync 1 DAGs
[2025-01-07T00:14:26.459+0000] {logging_mixin.py:188} INFO - [2025-01-07T00:14:26.458+0000] {dag.py:3823} INFO - Setting next_dagrun for tutorial_taskflow_api to None, run_after=None
[2025-01-07T00:14:26.485+0000] {processor.py:183} INFO - Processing /home/airflow/.local/lib/python3.8/site-packages/airflow/example_dags/tutorial_taskflow_api.py took 0.084 seconds
[2025-01-07T00:14:57.826+0000] {processor.py:161} INFO - Started process (PID=7630) to work on /home/airflow/.local/lib/python3.8/site-packages/airflow/example_dags/tutorial_taskflow_api.py
[2025-01-07T00:14:57.827+0000] {processor.py:830} INFO - Processing file /home/airflow/.local/lib/python3.8/site-packages/airflow/example_dags/tutorial_taskflow_api.py for tasks to queue
[2025-01-07T00:14:57.832+0000] {logging_mixin.py:188} INFO - [2025-01-07T00:14:57.832+0000] {dagbag.py:538} INFO - Filling up the DagBag from /home/airflow/.local/lib/python3.8/site-packages/airflow/example_dags/tutorial_taskflow_api.py
[2025-01-07T00:14:57.864+0000] {processor.py:840} INFO - DAG(s) 'tutorial_taskflow_api' retrieved from /home/airflow/.local/lib/python3.8/site-packages/airflow/example_dags/tutorial_taskflow_api.py
[2025-01-07T00:14:57.925+0000] {logging_mixin.py:188} INFO - [2025-01-07T00:14:57.925+0000] {dag.py:3036} INFO - Sync 1 DAGs
[2025-01-07T00:14:57.990+0000] {logging_mixin.py:188} INFO - [2025-01-07T00:14:57.990+0000] {dag.py:3823} INFO - Setting next_dagrun for tutorial_taskflow_api to None, run_after=None
[2025-01-07T00:14:58.052+0000] {processor.py:183} INFO - Processing /home/airflow/.local/lib/python3.8/site-packages/airflow/example_dags/tutorial_taskflow_api.py took 0.233 seconds
[2025-01-07T00:15:28.420+0000] {processor.py:161} INFO - Started process (PID=7685) to work on /home/airflow/.local/lib/python3.8/site-packages/airflow/example_dags/tutorial_taskflow_api.py
[2025-01-07T00:15:28.422+0000] {processor.py:830} INFO - Processing file /home/airflow/.local/lib/python3.8/site-packages/airflow/example_dags/tutorial_taskflow_api.py for tasks to queue
[2025-01-07T00:15:28.426+0000] {logging_mixin.py:188} INFO - [2025-01-07T00:15:28.425+0000] {dagbag.py:538} INFO - Filling up the DagBag from /home/airflow/.local/lib/python3.8/site-packages/airflow/example_dags/tutorial_taskflow_api.py
[2025-01-07T00:15:28.437+0000] {processor.py:840} INFO - DAG(s) 'tutorial_taskflow_api' retrieved from /home/airflow/.local/lib/python3.8/site-packages/airflow/example_dags/tutorial_taskflow_api.py
[2025-01-07T00:15:28.477+0000] {logging_mixin.py:188} INFO - [2025-01-07T00:15:28.476+0000] {dag.py:3036} INFO - Sync 1 DAGs
[2025-01-07T00:15:28.503+0000] {logging_mixin.py:188} INFO - [2025-01-07T00:15:28.503+0000] {dag.py:3823} INFO - Setting next_dagrun for tutorial_taskflow_api to None, run_after=None
[2025-01-07T00:15:28.535+0000] {processor.py:183} INFO - Processing /home/airflow/.local/lib/python3.8/site-packages/airflow/example_dags/tutorial_taskflow_api.py took 0.120 seconds
[2025-01-07T00:15:59.516+0000] {processor.py:161} INFO - Started process (PID=7742) to work on /home/airflow/.local/lib/python3.8/site-packages/airflow/example_dags/tutorial_taskflow_api.py
[2025-01-07T00:15:59.518+0000] {processor.py:830} INFO - Processing file /home/airflow/.local/lib/python3.8/site-packages/airflow/example_dags/tutorial_taskflow_api.py for tasks to queue
[2025-01-07T00:15:59.538+0000] {logging_mixin.py:188} INFO - [2025-01-07T00:15:59.537+0000] {dagbag.py:538} INFO - Filling up the DagBag from /home/airflow/.local/lib/python3.8/site-packages/airflow/example_dags/tutorial_taskflow_api.py
[2025-01-07T00:15:59.570+0000] {processor.py:840} INFO - DAG(s) 'tutorial_taskflow_api' retrieved from /home/airflow/.local/lib/python3.8/site-packages/airflow/example_dags/tutorial_taskflow_api.py
[2025-01-07T00:15:59.729+0000] {logging_mixin.py:188} INFO - [2025-01-07T00:15:59.728+0000] {dag.py:3036} INFO - Sync 1 DAGs
[2025-01-07T00:15:59.806+0000] {logging_mixin.py:188} INFO - [2025-01-07T00:15:59.806+0000] {dag.py:3823} INFO - Setting next_dagrun for tutorial_taskflow_api to None, run_after=None
[2025-01-07T00:15:59.920+0000] {processor.py:183} INFO - Processing /home/airflow/.local/lib/python3.8/site-packages/airflow/example_dags/tutorial_taskflow_api.py took 0.409 seconds
[2025-01-07T00:16:30.070+0000] {processor.py:161} INFO - Started process (PID=7800) to work on /home/airflow/.local/lib/python3.8/site-packages/airflow/example_dags/tutorial_taskflow_api.py
[2025-01-07T00:16:30.075+0000] {processor.py:830} INFO - Processing file /home/airflow/.local/lib/python3.8/site-packages/airflow/example_dags/tutorial_taskflow_api.py for tasks to queue
[2025-01-07T00:16:30.086+0000] {logging_mixin.py:188} INFO - [2025-01-07T00:16:30.085+0000] {dagbag.py:538} INFO - Filling up the DagBag from /home/airflow/.local/lib/python3.8/site-packages/airflow/example_dags/tutorial_taskflow_api.py
[2025-01-07T00:16:30.120+0000] {processor.py:840} INFO - DAG(s) 'tutorial_taskflow_api' retrieved from /home/airflow/.local/lib/python3.8/site-packages/airflow/example_dags/tutorial_taskflow_api.py
[2025-01-07T00:16:30.219+0000] {logging_mixin.py:188} INFO - [2025-01-07T00:16:30.218+0000] {dag.py:3036} INFO - Sync 1 DAGs
[2025-01-07T00:16:30.285+0000] {logging_mixin.py:188} INFO - [2025-01-07T00:16:30.285+0000] {dag.py:3823} INFO - Setting next_dagrun for tutorial_taskflow_api to None, run_after=None
[2025-01-07T00:16:30.381+0000] {processor.py:183} INFO - Processing /home/airflow/.local/lib/python3.8/site-packages/airflow/example_dags/tutorial_taskflow_api.py took 0.321 seconds
[2025-01-07T00:17:02.954+0000] {processor.py:161} INFO - Started process (PID=7856) to work on /home/airflow/.local/lib/python3.8/site-packages/airflow/example_dags/tutorial_taskflow_api.py
[2025-01-07T00:17:03.013+0000] {processor.py:830} INFO - Processing file /home/airflow/.local/lib/python3.8/site-packages/airflow/example_dags/tutorial_taskflow_api.py for tasks to queue
[2025-01-07T00:17:03.027+0000] {logging_mixin.py:188} INFO - [2025-01-07T00:17:03.026+0000] {dagbag.py:538} INFO - Filling up the DagBag from /home/airflow/.local/lib/python3.8/site-packages/airflow/example_dags/tutorial_taskflow_api.py
[2025-01-07T00:17:03.064+0000] {processor.py:840} INFO - DAG(s) 'tutorial_taskflow_api' retrieved from /home/airflow/.local/lib/python3.8/site-packages/airflow/example_dags/tutorial_taskflow_api.py
[2025-01-07T00:17:03.204+0000] {logging_mixin.py:188} INFO - [2025-01-07T00:17:03.204+0000] {dag.py:3036} INFO - Sync 1 DAGs
[2025-01-07T00:17:03.250+0000] {logging_mixin.py:188} INFO - [2025-01-07T00:17:03.249+0000] {dag.py:3823} INFO - Setting next_dagrun for tutorial_taskflow_api to None, run_after=None
[2025-01-07T00:17:03.379+0000] {processor.py:183} INFO - Processing /home/airflow/.local/lib/python3.8/site-packages/airflow/example_dags/tutorial_taskflow_api.py took 0.432 seconds
[2025-01-07T00:17:33.817+0000] {processor.py:161} INFO - Started process (PID=7911) to work on /home/airflow/.local/lib/python3.8/site-packages/airflow/example_dags/tutorial_taskflow_api.py
[2025-01-07T00:17:33.819+0000] {processor.py:830} INFO - Processing file /home/airflow/.local/lib/python3.8/site-packages/airflow/example_dags/tutorial_taskflow_api.py for tasks to queue
[2025-01-07T00:17:33.834+0000] {logging_mixin.py:188} INFO - [2025-01-07T00:17:33.833+0000] {dagbag.py:538} INFO - Filling up the DagBag from /home/airflow/.local/lib/python3.8/site-packages/airflow/example_dags/tutorial_taskflow_api.py
[2025-01-07T00:17:33.866+0000] {processor.py:840} INFO - DAG(s) 'tutorial_taskflow_api' retrieved from /home/airflow/.local/lib/python3.8/site-packages/airflow/example_dags/tutorial_taskflow_api.py
[2025-01-07T00:17:33.979+0000] {logging_mixin.py:188} INFO - [2025-01-07T00:17:33.979+0000] {dag.py:3036} INFO - Sync 1 DAGs
[2025-01-07T00:17:34.070+0000] {logging_mixin.py:188} INFO - [2025-01-07T00:17:34.060+0000] {dag.py:3823} INFO - Setting next_dagrun for tutorial_taskflow_api to None, run_after=None
[2025-01-07T00:17:34.171+0000] {processor.py:183} INFO - Processing /home/airflow/.local/lib/python3.8/site-packages/airflow/example_dags/tutorial_taskflow_api.py took 0.371 seconds
[2025-01-07T00:18:04.340+0000] {processor.py:161} INFO - Started process (PID=7967) to work on /home/airflow/.local/lib/python3.8/site-packages/airflow/example_dags/tutorial_taskflow_api.py
[2025-01-07T00:18:04.342+0000] {processor.py:830} INFO - Processing file /home/airflow/.local/lib/python3.8/site-packages/airflow/example_dags/tutorial_taskflow_api.py for tasks to queue
[2025-01-07T00:18:04.355+0000] {logging_mixin.py:188} INFO - [2025-01-07T00:18:04.355+0000] {dagbag.py:538} INFO - Filling up the DagBag from /home/airflow/.local/lib/python3.8/site-packages/airflow/example_dags/tutorial_taskflow_api.py
[2025-01-07T00:18:04.387+0000] {processor.py:840} INFO - DAG(s) 'tutorial_taskflow_api' retrieved from /home/airflow/.local/lib/python3.8/site-packages/airflow/example_dags/tutorial_taskflow_api.py
[2025-01-07T00:18:04.470+0000] {logging_mixin.py:188} INFO - [2025-01-07T00:18:04.469+0000] {dag.py:3036} INFO - Sync 1 DAGs
[2025-01-07T00:18:04.532+0000] {logging_mixin.py:188} INFO - [2025-01-07T00:18:04.531+0000] {dag.py:3823} INFO - Setting next_dagrun for tutorial_taskflow_api to None, run_after=None
[2025-01-07T00:18:04.618+0000] {processor.py:183} INFO - Processing /home/airflow/.local/lib/python3.8/site-packages/airflow/example_dags/tutorial_taskflow_api.py took 0.287 seconds
[2025-01-07T00:18:34.898+0000] {processor.py:161} INFO - Started process (PID=8024) to work on /home/airflow/.local/lib/python3.8/site-packages/airflow/example_dags/tutorial_taskflow_api.py
[2025-01-07T00:18:34.906+0000] {processor.py:830} INFO - Processing file /home/airflow/.local/lib/python3.8/site-packages/airflow/example_dags/tutorial_taskflow_api.py for tasks to queue
[2025-01-07T00:18:34.913+0000] {logging_mixin.py:188} INFO - [2025-01-07T00:18:34.913+0000] {dagbag.py:538} INFO - Filling up the DagBag from /home/airflow/.local/lib/python3.8/site-packages/airflow/example_dags/tutorial_taskflow_api.py
[2025-01-07T00:18:34.947+0000] {processor.py:840} INFO - DAG(s) 'tutorial_taskflow_api' retrieved from /home/airflow/.local/lib/python3.8/site-packages/airflow/example_dags/tutorial_taskflow_api.py
[2025-01-07T00:18:35.059+0000] {logging_mixin.py:188} INFO - [2025-01-07T00:18:35.058+0000] {dag.py:3036} INFO - Sync 1 DAGs
[2025-01-07T00:18:35.116+0000] {logging_mixin.py:188} INFO - [2025-01-07T00:18:35.116+0000] {dag.py:3823} INFO - Setting next_dagrun for tutorial_taskflow_api to None, run_after=None
[2025-01-07T00:18:35.212+0000] {processor.py:183} INFO - Processing /home/airflow/.local/lib/python3.8/site-packages/airflow/example_dags/tutorial_taskflow_api.py took 0.325 seconds
[2025-01-07T00:19:10.905+0000] {processor.py:161} INFO - Started process (PID=8086) to work on /home/airflow/.local/lib/python3.8/site-packages/airflow/example_dags/tutorial_taskflow_api.py
[2025-01-07T00:19:10.911+0000] {processor.py:830} INFO - Processing file /home/airflow/.local/lib/python3.8/site-packages/airflow/example_dags/tutorial_taskflow_api.py for tasks to queue
[2025-01-07T00:19:10.919+0000] {logging_mixin.py:188} INFO - [2025-01-07T00:19:10.918+0000] {dagbag.py:538} INFO - Filling up the DagBag from /home/airflow/.local/lib/python3.8/site-packages/airflow/example_dags/tutorial_taskflow_api.py
[2025-01-07T00:19:10.944+0000] {processor.py:840} INFO - DAG(s) 'tutorial_taskflow_api' retrieved from /home/airflow/.local/lib/python3.8/site-packages/airflow/example_dags/tutorial_taskflow_api.py
[2025-01-07T00:19:11.040+0000] {logging_mixin.py:188} INFO - [2025-01-07T00:19:11.039+0000] {dag.py:3036} INFO - Sync 1 DAGs
[2025-01-07T00:19:11.118+0000] {logging_mixin.py:188} INFO - [2025-01-07T00:19:11.118+0000] {dag.py:3823} INFO - Setting next_dagrun for tutorial_taskflow_api to None, run_after=None
[2025-01-07T00:19:11.261+0000] {processor.py:183} INFO - Processing /home/airflow/.local/lib/python3.8/site-packages/airflow/example_dags/tutorial_taskflow_api.py took 0.363 seconds
[2025-01-07T00:19:41.811+0000] {processor.py:161} INFO - Started process (PID=8149) to work on /home/airflow/.local/lib/python3.8/site-packages/airflow/example_dags/tutorial_taskflow_api.py
[2025-01-07T00:19:41.812+0000] {processor.py:830} INFO - Processing file /home/airflow/.local/lib/python3.8/site-packages/airflow/example_dags/tutorial_taskflow_api.py for tasks to queue
[2025-01-07T00:19:41.817+0000] {logging_mixin.py:188} INFO - [2025-01-07T00:19:41.816+0000] {dagbag.py:538} INFO - Filling up the DagBag from /home/airflow/.local/lib/python3.8/site-packages/airflow/example_dags/tutorial_taskflow_api.py
[2025-01-07T00:19:41.844+0000] {processor.py:840} INFO - DAG(s) 'tutorial_taskflow_api' retrieved from /home/airflow/.local/lib/python3.8/site-packages/airflow/example_dags/tutorial_taskflow_api.py
[2025-01-07T00:19:41.901+0000] {logging_mixin.py:188} INFO - [2025-01-07T00:19:41.900+0000] {dag.py:3036} INFO - Sync 1 DAGs
[2025-01-07T00:19:41.967+0000] {logging_mixin.py:188} INFO - [2025-01-07T00:19:41.966+0000] {dag.py:3823} INFO - Setting next_dagrun for tutorial_taskflow_api to None, run_after=None
[2025-01-07T00:19:42.045+0000] {processor.py:183} INFO - Processing /home/airflow/.local/lib/python3.8/site-packages/airflow/example_dags/tutorial_taskflow_api.py took 0.239 seconds
[2025-01-07T00:20:12.148+0000] {processor.py:161} INFO - Started process (PID=8206) to work on /home/airflow/.local/lib/python3.8/site-packages/airflow/example_dags/tutorial_taskflow_api.py
[2025-01-07T00:20:12.150+0000] {processor.py:830} INFO - Processing file /home/airflow/.local/lib/python3.8/site-packages/airflow/example_dags/tutorial_taskflow_api.py for tasks to queue
[2025-01-07T00:20:12.152+0000] {logging_mixin.py:188} INFO - [2025-01-07T00:20:12.152+0000] {dagbag.py:538} INFO - Filling up the DagBag from /home/airflow/.local/lib/python3.8/site-packages/airflow/example_dags/tutorial_taskflow_api.py
[2025-01-07T00:20:12.163+0000] {processor.py:840} INFO - DAG(s) 'tutorial_taskflow_api' retrieved from /home/airflow/.local/lib/python3.8/site-packages/airflow/example_dags/tutorial_taskflow_api.py
[2025-01-07T00:20:12.196+0000] {logging_mixin.py:188} INFO - [2025-01-07T00:20:12.195+0000] {dag.py:3036} INFO - Sync 1 DAGs
[2025-01-07T00:20:12.214+0000] {logging_mixin.py:188} INFO - [2025-01-07T00:20:12.214+0000] {dag.py:3823} INFO - Setting next_dagrun for tutorial_taskflow_api to None, run_after=None
[2025-01-07T00:20:12.248+0000] {processor.py:183} INFO - Processing /home/airflow/.local/lib/python3.8/site-packages/airflow/example_dags/tutorial_taskflow_api.py took 0.103 seconds
[2025-01-07T00:20:43.056+0000] {processor.py:161} INFO - Started process (PID=8263) to work on /home/airflow/.local/lib/python3.8/site-packages/airflow/example_dags/tutorial_taskflow_api.py
[2025-01-07T00:20:43.058+0000] {processor.py:830} INFO - Processing file /home/airflow/.local/lib/python3.8/site-packages/airflow/example_dags/tutorial_taskflow_api.py for tasks to queue
[2025-01-07T00:20:43.075+0000] {logging_mixin.py:188} INFO - [2025-01-07T00:20:43.074+0000] {dagbag.py:538} INFO - Filling up the DagBag from /home/airflow/.local/lib/python3.8/site-packages/airflow/example_dags/tutorial_taskflow_api.py
[2025-01-07T00:20:43.100+0000] {processor.py:840} INFO - DAG(s) 'tutorial_taskflow_api' retrieved from /home/airflow/.local/lib/python3.8/site-packages/airflow/example_dags/tutorial_taskflow_api.py
[2025-01-07T00:20:43.162+0000] {logging_mixin.py:188} INFO - [2025-01-07T00:20:43.161+0000] {dag.py:3036} INFO - Sync 1 DAGs
[2025-01-07T00:20:43.195+0000] {logging_mixin.py:188} INFO - [2025-01-07T00:20:43.195+0000] {dag.py:3823} INFO - Setting next_dagrun for tutorial_taskflow_api to None, run_after=None
[2025-01-07T00:20:43.279+0000] {processor.py:183} INFO - Processing /home/airflow/.local/lib/python3.8/site-packages/airflow/example_dags/tutorial_taskflow_api.py took 0.228 seconds
[2025-01-07T00:21:13.355+0000] {processor.py:161} INFO - Started process (PID=8321) to work on /home/airflow/.local/lib/python3.8/site-packages/airflow/example_dags/tutorial_taskflow_api.py
[2025-01-07T00:21:13.357+0000] {processor.py:830} INFO - Processing file /home/airflow/.local/lib/python3.8/site-packages/airflow/example_dags/tutorial_taskflow_api.py for tasks to queue
[2025-01-07T00:21:13.361+0000] {logging_mixin.py:188} INFO - [2025-01-07T00:21:13.361+0000] {dagbag.py:538} INFO - Filling up the DagBag from /home/airflow/.local/lib/python3.8/site-packages/airflow/example_dags/tutorial_taskflow_api.py
[2025-01-07T00:21:13.374+0000] {processor.py:840} INFO - DAG(s) 'tutorial_taskflow_api' retrieved from /home/airflow/.local/lib/python3.8/site-packages/airflow/example_dags/tutorial_taskflow_api.py
[2025-01-07T00:21:13.424+0000] {logging_mixin.py:188} INFO - [2025-01-07T00:21:13.423+0000] {dag.py:3036} INFO - Sync 1 DAGs
[2025-01-07T00:21:13.454+0000] {logging_mixin.py:188} INFO - [2025-01-07T00:21:13.453+0000] {dag.py:3823} INFO - Setting next_dagrun for tutorial_taskflow_api to None, run_after=None
[2025-01-07T00:21:13.506+0000] {processor.py:183} INFO - Processing /home/airflow/.local/lib/python3.8/site-packages/airflow/example_dags/tutorial_taskflow_api.py took 0.157 seconds
[2025-01-07T00:21:43.833+0000] {processor.py:161} INFO - Started process (PID=8378) to work on /home/airflow/.local/lib/python3.8/site-packages/airflow/example_dags/tutorial_taskflow_api.py
[2025-01-07T00:21:43.834+0000] {processor.py:830} INFO - Processing file /home/airflow/.local/lib/python3.8/site-packages/airflow/example_dags/tutorial_taskflow_api.py for tasks to queue
[2025-01-07T00:21:43.837+0000] {logging_mixin.py:188} INFO - [2025-01-07T00:21:43.837+0000] {dagbag.py:538} INFO - Filling up the DagBag from /home/airflow/.local/lib/python3.8/site-packages/airflow/example_dags/tutorial_taskflow_api.py
[2025-01-07T00:21:43.846+0000] {processor.py:840} INFO - DAG(s) 'tutorial_taskflow_api' retrieved from /home/airflow/.local/lib/python3.8/site-packages/airflow/example_dags/tutorial_taskflow_api.py
[2025-01-07T00:21:43.912+0000] {logging_mixin.py:188} INFO - [2025-01-07T00:21:43.911+0000] {dag.py:3036} INFO - Sync 1 DAGs
[2025-01-07T00:21:44.020+0000] {logging_mixin.py:188} INFO - [2025-01-07T00:21:44.019+0000] {dag.py:3823} INFO - Setting next_dagrun for tutorial_taskflow_api to None, run_after=None
[2025-01-07T00:21:44.126+0000] {processor.py:183} INFO - Processing /home/airflow/.local/lib/python3.8/site-packages/airflow/example_dags/tutorial_taskflow_api.py took 0.298 seconds
[2025-01-07T00:22:14.637+0000] {processor.py:161} INFO - Started process (PID=8435) to work on /home/airflow/.local/lib/python3.8/site-packages/airflow/example_dags/tutorial_taskflow_api.py
[2025-01-07T00:22:14.639+0000] {processor.py:830} INFO - Processing file /home/airflow/.local/lib/python3.8/site-packages/airflow/example_dags/tutorial_taskflow_api.py for tasks to queue
[2025-01-07T00:22:14.641+0000] {logging_mixin.py:188} INFO - [2025-01-07T00:22:14.641+0000] {dagbag.py:538} INFO - Filling up the DagBag from /home/airflow/.local/lib/python3.8/site-packages/airflow/example_dags/tutorial_taskflow_api.py
[2025-01-07T00:22:14.649+0000] {processor.py:840} INFO - DAG(s) 'tutorial_taskflow_api' retrieved from /home/airflow/.local/lib/python3.8/site-packages/airflow/example_dags/tutorial_taskflow_api.py
[2025-01-07T00:22:14.682+0000] {logging_mixin.py:188} INFO - [2025-01-07T00:22:14.681+0000] {dag.py:3036} INFO - Sync 1 DAGs
[2025-01-07T00:22:14.699+0000] {logging_mixin.py:188} INFO - [2025-01-07T00:22:14.699+0000] {dag.py:3823} INFO - Setting next_dagrun for tutorial_taskflow_api to None, run_after=None
[2025-01-07T00:22:14.727+0000] {processor.py:183} INFO - Processing /home/airflow/.local/lib/python3.8/site-packages/airflow/example_dags/tutorial_taskflow_api.py took 0.094 seconds
[2025-01-07T00:22:44.881+0000] {processor.py:161} INFO - Started process (PID=8492) to work on /home/airflow/.local/lib/python3.8/site-packages/airflow/example_dags/tutorial_taskflow_api.py
[2025-01-07T00:22:44.882+0000] {processor.py:830} INFO - Processing file /home/airflow/.local/lib/python3.8/site-packages/airflow/example_dags/tutorial_taskflow_api.py for tasks to queue
[2025-01-07T00:22:44.885+0000] {logging_mixin.py:188} INFO - [2025-01-07T00:22:44.884+0000] {dagbag.py:538} INFO - Filling up the DagBag from /home/airflow/.local/lib/python3.8/site-packages/airflow/example_dags/tutorial_taskflow_api.py
[2025-01-07T00:22:44.892+0000] {processor.py:840} INFO - DAG(s) 'tutorial_taskflow_api' retrieved from /home/airflow/.local/lib/python3.8/site-packages/airflow/example_dags/tutorial_taskflow_api.py
[2025-01-07T00:22:44.920+0000] {logging_mixin.py:188} INFO - [2025-01-07T00:22:44.919+0000] {dag.py:3036} INFO - Sync 1 DAGs
[2025-01-07T00:22:44.937+0000] {logging_mixin.py:188} INFO - [2025-01-07T00:22:44.937+0000] {dag.py:3823} INFO - Setting next_dagrun for tutorial_taskflow_api to None, run_after=None
[2025-01-07T00:22:44.965+0000] {processor.py:183} INFO - Processing /home/airflow/.local/lib/python3.8/site-packages/airflow/example_dags/tutorial_taskflow_api.py took 0.090 seconds
[2025-01-07T00:23:15.837+0000] {processor.py:161} INFO - Started process (PID=8549) to work on /home/airflow/.local/lib/python3.8/site-packages/airflow/example_dags/tutorial_taskflow_api.py
[2025-01-07T00:23:15.838+0000] {processor.py:830} INFO - Processing file /home/airflow/.local/lib/python3.8/site-packages/airflow/example_dags/tutorial_taskflow_api.py for tasks to queue
[2025-01-07T00:23:15.843+0000] {logging_mixin.py:188} INFO - [2025-01-07T00:23:15.841+0000] {dagbag.py:538} INFO - Filling up the DagBag from /home/airflow/.local/lib/python3.8/site-packages/airflow/example_dags/tutorial_taskflow_api.py
[2025-01-07T00:23:15.853+0000] {processor.py:840} INFO - DAG(s) 'tutorial_taskflow_api' retrieved from /home/airflow/.local/lib/python3.8/site-packages/airflow/example_dags/tutorial_taskflow_api.py
[2025-01-07T00:23:15.881+0000] {logging_mixin.py:188} INFO - [2025-01-07T00:23:15.881+0000] {dag.py:3036} INFO - Sync 1 DAGs
[2025-01-07T00:23:15.903+0000] {logging_mixin.py:188} INFO - [2025-01-07T00:23:15.903+0000] {dag.py:3823} INFO - Setting next_dagrun for tutorial_taskflow_api to None, run_after=None
[2025-01-07T00:23:15.945+0000] {processor.py:183} INFO - Processing /home/airflow/.local/lib/python3.8/site-packages/airflow/example_dags/tutorial_taskflow_api.py took 0.113 seconds
[2025-01-07T00:23:46.500+0000] {processor.py:161} INFO - Started process (PID=8606) to work on /home/airflow/.local/lib/python3.8/site-packages/airflow/example_dags/tutorial_taskflow_api.py
[2025-01-07T00:23:46.502+0000] {processor.py:830} INFO - Processing file /home/airflow/.local/lib/python3.8/site-packages/airflow/example_dags/tutorial_taskflow_api.py for tasks to queue
[2025-01-07T00:23:46.504+0000] {logging_mixin.py:188} INFO - [2025-01-07T00:23:46.503+0000] {dagbag.py:538} INFO - Filling up the DagBag from /home/airflow/.local/lib/python3.8/site-packages/airflow/example_dags/tutorial_taskflow_api.py
[2025-01-07T00:23:46.511+0000] {processor.py:840} INFO - DAG(s) 'tutorial_taskflow_api' retrieved from /home/airflow/.local/lib/python3.8/site-packages/airflow/example_dags/tutorial_taskflow_api.py
[2025-01-07T00:23:46.535+0000] {logging_mixin.py:188} INFO - [2025-01-07T00:23:46.535+0000] {dag.py:3036} INFO - Sync 1 DAGs
[2025-01-07T00:23:46.553+0000] {logging_mixin.py:188} INFO - [2025-01-07T00:23:46.552+0000] {dag.py:3823} INFO - Setting next_dagrun for tutorial_taskflow_api to None, run_after=None
[2025-01-07T00:23:46.581+0000] {processor.py:183} INFO - Processing /home/airflow/.local/lib/python3.8/site-packages/airflow/example_dags/tutorial_taskflow_api.py took 0.085 seconds
[2025-01-07T00:24:17.205+0000] {processor.py:161} INFO - Started process (PID=8663) to work on /home/airflow/.local/lib/python3.8/site-packages/airflow/example_dags/tutorial_taskflow_api.py
[2025-01-07T00:24:17.206+0000] {processor.py:830} INFO - Processing file /home/airflow/.local/lib/python3.8/site-packages/airflow/example_dags/tutorial_taskflow_api.py for tasks to queue
[2025-01-07T00:24:17.209+0000] {logging_mixin.py:188} INFO - [2025-01-07T00:24:17.209+0000] {dagbag.py:538} INFO - Filling up the DagBag from /home/airflow/.local/lib/python3.8/site-packages/airflow/example_dags/tutorial_taskflow_api.py
[2025-01-07T00:24:17.218+0000] {processor.py:840} INFO - DAG(s) 'tutorial_taskflow_api' retrieved from /home/airflow/.local/lib/python3.8/site-packages/airflow/example_dags/tutorial_taskflow_api.py
[2025-01-07T00:24:17.244+0000] {logging_mixin.py:188} INFO - [2025-01-07T00:24:17.244+0000] {dag.py:3036} INFO - Sync 1 DAGs
[2025-01-07T00:24:17.263+0000] {logging_mixin.py:188} INFO - [2025-01-07T00:24:17.263+0000] {dag.py:3823} INFO - Setting next_dagrun for tutorial_taskflow_api to None, run_after=None
[2025-01-07T00:24:17.301+0000] {processor.py:183} INFO - Processing /home/airflow/.local/lib/python3.8/site-packages/airflow/example_dags/tutorial_taskflow_api.py took 0.101 seconds
[2025-01-07T00:24:48.201+0000] {processor.py:161} INFO - Started process (PID=8725) to work on /home/airflow/.local/lib/python3.8/site-packages/airflow/example_dags/tutorial_taskflow_api.py
[2025-01-07T00:24:48.203+0000] {processor.py:830} INFO - Processing file /home/airflow/.local/lib/python3.8/site-packages/airflow/example_dags/tutorial_taskflow_api.py for tasks to queue
[2025-01-07T00:24:48.206+0000] {logging_mixin.py:188} INFO - [2025-01-07T00:24:48.205+0000] {dagbag.py:538} INFO - Filling up the DagBag from /home/airflow/.local/lib/python3.8/site-packages/airflow/example_dags/tutorial_taskflow_api.py
[2025-01-07T00:24:48.216+0000] {processor.py:840} INFO - DAG(s) 'tutorial_taskflow_api' retrieved from /home/airflow/.local/lib/python3.8/site-packages/airflow/example_dags/tutorial_taskflow_api.py
[2025-01-07T00:24:48.274+0000] {logging_mixin.py:188} INFO - [2025-01-07T00:24:48.274+0000] {dag.py:3036} INFO - Sync 1 DAGs
[2025-01-07T00:24:48.315+0000] {logging_mixin.py:188} INFO - [2025-01-07T00:24:48.314+0000] {dag.py:3823} INFO - Setting next_dagrun for tutorial_taskflow_api to None, run_after=None
[2025-01-07T00:24:48.400+0000] {processor.py:183} INFO - Processing /home/airflow/.local/lib/python3.8/site-packages/airflow/example_dags/tutorial_taskflow_api.py took 0.203 seconds
