[2025-01-08T12:12:00.803+0000] {processor.py:161} INFO - Started process (PID=68) to work on /home/airflow/.local/lib/python3.8/site-packages/airflow/example_dags/example_nested_branch_dag.py
[2025-01-08T12:12:00.804+0000] {processor.py:830} INFO - Processing file /home/airflow/.local/lib/python3.8/site-packages/airflow/example_dags/example_nested_branch_dag.py for tasks to queue
[2025-01-08T12:12:00.807+0000] {logging_mixin.py:188} INFO - [2025-01-08T12:12:00.807+0000] {dagbag.py:538} INFO - Filling up the DagBag from /home/airflow/.local/lib/python3.8/site-packages/airflow/example_dags/example_nested_branch_dag.py
[2025-01-08T12:12:00.829+0000] {processor.py:840} INFO - DAG(s) 'example_nested_branch_dag' retrieved from /home/airflow/.local/lib/python3.8/site-packages/airflow/example_dags/example_nested_branch_dag.py
[2025-01-08T12:12:01.264+0000] {logging_mixin.py:188} INFO - [2025-01-08T12:12:01.264+0000] {dag.py:3036} INFO - Sync 1 DAGs
[2025-01-08T12:12:01.308+0000] {logging_mixin.py:188} INFO - [2025-01-08T12:12:01.308+0000] {dag.py:3823} INFO - Setting next_dagrun for example_nested_branch_dag to 2025-01-07 00:00:00+00:00, run_after=2025-01-08 00:00:00+00:00
[2025-01-08T12:12:01.351+0000] {processor.py:183} INFO - Processing /home/airflow/.local/lib/python3.8/site-packages/airflow/example_dags/example_nested_branch_dag.py took 0.555 seconds
[2025-01-08T12:12:31.444+0000] {processor.py:161} INFO - Started process (PID=125) to work on /home/airflow/.local/lib/python3.8/site-packages/airflow/example_dags/example_nested_branch_dag.py
[2025-01-08T12:12:31.447+0000] {processor.py:830} INFO - Processing file /home/airflow/.local/lib/python3.8/site-packages/airflow/example_dags/example_nested_branch_dag.py for tasks to queue
[2025-01-08T12:12:31.451+0000] {logging_mixin.py:188} INFO - [2025-01-08T12:12:31.450+0000] {dagbag.py:538} INFO - Filling up the DagBag from /home/airflow/.local/lib/python3.8/site-packages/airflow/example_dags/example_nested_branch_dag.py
[2025-01-08T12:12:31.477+0000] {processor.py:840} INFO - DAG(s) 'example_nested_branch_dag' retrieved from /home/airflow/.local/lib/python3.8/site-packages/airflow/example_dags/example_nested_branch_dag.py
[2025-01-08T12:12:31.521+0000] {logging_mixin.py:188} INFO - [2025-01-08T12:12:31.520+0000] {dag.py:3036} INFO - Sync 1 DAGs
[2025-01-08T12:12:31.580+0000] {logging_mixin.py:188} INFO - [2025-01-08T12:12:31.580+0000] {dag.py:3823} INFO - Setting next_dagrun for example_nested_branch_dag to 2025-01-07 00:00:00+00:00, run_after=2025-01-08 00:00:00+00:00
[2025-01-08T12:12:31.619+0000] {processor.py:183} INFO - Processing /home/airflow/.local/lib/python3.8/site-packages/airflow/example_dags/example_nested_branch_dag.py took 0.184 seconds
[2025-01-08T12:13:01.889+0000] {processor.py:161} INFO - Started process (PID=182) to work on /home/airflow/.local/lib/python3.8/site-packages/airflow/example_dags/example_nested_branch_dag.py
[2025-01-08T12:13:01.891+0000] {processor.py:830} INFO - Processing file /home/airflow/.local/lib/python3.8/site-packages/airflow/example_dags/example_nested_branch_dag.py for tasks to queue
[2025-01-08T12:13:01.894+0000] {logging_mixin.py:188} INFO - [2025-01-08T12:13:01.894+0000] {dagbag.py:538} INFO - Filling up the DagBag from /home/airflow/.local/lib/python3.8/site-packages/airflow/example_dags/example_nested_branch_dag.py
[2025-01-08T12:13:01.916+0000] {processor.py:840} INFO - DAG(s) 'example_nested_branch_dag' retrieved from /home/airflow/.local/lib/python3.8/site-packages/airflow/example_dags/example_nested_branch_dag.py
[2025-01-08T12:13:01.971+0000] {logging_mixin.py:188} INFO - [2025-01-08T12:13:01.971+0000] {dag.py:3036} INFO - Sync 1 DAGs
[2025-01-08T12:13:02.034+0000] {logging_mixin.py:188} INFO - [2025-01-08T12:13:02.034+0000] {dag.py:3823} INFO - Setting next_dagrun for example_nested_branch_dag to 2025-01-07 00:00:00+00:00, run_after=2025-01-08 00:00:00+00:00
[2025-01-08T12:13:02.077+0000] {processor.py:183} INFO - Processing /home/airflow/.local/lib/python3.8/site-packages/airflow/example_dags/example_nested_branch_dag.py took 0.195 seconds
[2025-01-08T12:13:32.245+0000] {processor.py:161} INFO - Started process (PID=239) to work on /home/airflow/.local/lib/python3.8/site-packages/airflow/example_dags/example_nested_branch_dag.py
[2025-01-08T12:13:32.247+0000] {processor.py:830} INFO - Processing file /home/airflow/.local/lib/python3.8/site-packages/airflow/example_dags/example_nested_branch_dag.py for tasks to queue
[2025-01-08T12:13:32.250+0000] {logging_mixin.py:188} INFO - [2025-01-08T12:13:32.250+0000] {dagbag.py:538} INFO - Filling up the DagBag from /home/airflow/.local/lib/python3.8/site-packages/airflow/example_dags/example_nested_branch_dag.py
[2025-01-08T12:13:32.269+0000] {processor.py:840} INFO - DAG(s) 'example_nested_branch_dag' retrieved from /home/airflow/.local/lib/python3.8/site-packages/airflow/example_dags/example_nested_branch_dag.py
[2025-01-08T12:13:32.306+0000] {logging_mixin.py:188} INFO - [2025-01-08T12:13:32.306+0000] {dag.py:3036} INFO - Sync 1 DAGs
[2025-01-08T12:13:32.348+0000] {logging_mixin.py:188} INFO - [2025-01-08T12:13:32.347+0000] {dag.py:3823} INFO - Setting next_dagrun for example_nested_branch_dag to 2025-01-07 00:00:00+00:00, run_after=2025-01-08 00:00:00+00:00
[2025-01-08T12:13:32.385+0000] {processor.py:183} INFO - Processing /home/airflow/.local/lib/python3.8/site-packages/airflow/example_dags/example_nested_branch_dag.py took 0.146 seconds
[2025-01-08T12:14:03.262+0000] {processor.py:161} INFO - Started process (PID=296) to work on /home/airflow/.local/lib/python3.8/site-packages/airflow/example_dags/example_nested_branch_dag.py
[2025-01-08T12:14:03.263+0000] {processor.py:830} INFO - Processing file /home/airflow/.local/lib/python3.8/site-packages/airflow/example_dags/example_nested_branch_dag.py for tasks to queue
[2025-01-08T12:14:03.267+0000] {logging_mixin.py:188} INFO - [2025-01-08T12:14:03.267+0000] {dagbag.py:538} INFO - Filling up the DagBag from /home/airflow/.local/lib/python3.8/site-packages/airflow/example_dags/example_nested_branch_dag.py
[2025-01-08T12:14:03.284+0000] {processor.py:840} INFO - DAG(s) 'example_nested_branch_dag' retrieved from /home/airflow/.local/lib/python3.8/site-packages/airflow/example_dags/example_nested_branch_dag.py
[2025-01-08T12:14:03.318+0000] {logging_mixin.py:188} INFO - [2025-01-08T12:14:03.317+0000] {dag.py:3036} INFO - Sync 1 DAGs
[2025-01-08T12:14:03.358+0000] {logging_mixin.py:188} INFO - [2025-01-08T12:14:03.358+0000] {dag.py:3823} INFO - Setting next_dagrun for example_nested_branch_dag to 2025-01-07 00:00:00+00:00, run_after=2025-01-08 00:00:00+00:00
[2025-01-08T12:14:03.388+0000] {processor.py:183} INFO - Processing /home/airflow/.local/lib/python3.8/site-packages/airflow/example_dags/example_nested_branch_dag.py took 0.132 seconds
[2025-01-08T12:14:33.913+0000] {processor.py:161} INFO - Started process (PID=353) to work on /home/airflow/.local/lib/python3.8/site-packages/airflow/example_dags/example_nested_branch_dag.py
[2025-01-08T12:14:33.915+0000] {processor.py:830} INFO - Processing file /home/airflow/.local/lib/python3.8/site-packages/airflow/example_dags/example_nested_branch_dag.py for tasks to queue
[2025-01-08T12:14:33.917+0000] {logging_mixin.py:188} INFO - [2025-01-08T12:14:33.917+0000] {dagbag.py:538} INFO - Filling up the DagBag from /home/airflow/.local/lib/python3.8/site-packages/airflow/example_dags/example_nested_branch_dag.py
[2025-01-08T12:14:33.937+0000] {processor.py:840} INFO - DAG(s) 'example_nested_branch_dag' retrieved from /home/airflow/.local/lib/python3.8/site-packages/airflow/example_dags/example_nested_branch_dag.py
[2025-01-08T12:14:33.980+0000] {logging_mixin.py:188} INFO - [2025-01-08T12:14:33.980+0000] {dag.py:3036} INFO - Sync 1 DAGs
[2025-01-08T12:14:34.042+0000] {logging_mixin.py:188} INFO - [2025-01-08T12:14:34.042+0000] {dag.py:3823} INFO - Setting next_dagrun for example_nested_branch_dag to 2025-01-07 00:00:00+00:00, run_after=2025-01-08 00:00:00+00:00
[2025-01-08T12:14:34.077+0000] {processor.py:183} INFO - Processing /home/airflow/.local/lib/python3.8/site-packages/airflow/example_dags/example_nested_branch_dag.py took 0.170 seconds
[2025-01-08T12:15:04.757+0000] {processor.py:161} INFO - Started process (PID=410) to work on /home/airflow/.local/lib/python3.8/site-packages/airflow/example_dags/example_nested_branch_dag.py
[2025-01-08T12:15:04.758+0000] {processor.py:830} INFO - Processing file /home/airflow/.local/lib/python3.8/site-packages/airflow/example_dags/example_nested_branch_dag.py for tasks to queue
[2025-01-08T12:15:04.761+0000] {logging_mixin.py:188} INFO - [2025-01-08T12:15:04.761+0000] {dagbag.py:538} INFO - Filling up the DagBag from /home/airflow/.local/lib/python3.8/site-packages/airflow/example_dags/example_nested_branch_dag.py
[2025-01-08T12:15:04.784+0000] {processor.py:840} INFO - DAG(s) 'example_nested_branch_dag' retrieved from /home/airflow/.local/lib/python3.8/site-packages/airflow/example_dags/example_nested_branch_dag.py
[2025-01-08T12:15:04.853+0000] {logging_mixin.py:188} INFO - [2025-01-08T12:15:04.852+0000] {dag.py:3036} INFO - Sync 1 DAGs
[2025-01-08T12:15:04.916+0000] {logging_mixin.py:188} INFO - [2025-01-08T12:15:04.916+0000] {dag.py:3823} INFO - Setting next_dagrun for example_nested_branch_dag to 2025-01-07 00:00:00+00:00, run_after=2025-01-08 00:00:00+00:00
[2025-01-08T12:15:04.964+0000] {processor.py:183} INFO - Processing /home/airflow/.local/lib/python3.8/site-packages/airflow/example_dags/example_nested_branch_dag.py took 0.213 seconds
[2025-01-08T12:15:35.016+0000] {processor.py:161} INFO - Started process (PID=467) to work on /home/airflow/.local/lib/python3.8/site-packages/airflow/example_dags/example_nested_branch_dag.py
[2025-01-08T12:15:35.018+0000] {processor.py:830} INFO - Processing file /home/airflow/.local/lib/python3.8/site-packages/airflow/example_dags/example_nested_branch_dag.py for tasks to queue
[2025-01-08T12:15:35.020+0000] {logging_mixin.py:188} INFO - [2025-01-08T12:15:35.020+0000] {dagbag.py:538} INFO - Filling up the DagBag from /home/airflow/.local/lib/python3.8/site-packages/airflow/example_dags/example_nested_branch_dag.py
[2025-01-08T12:15:35.036+0000] {processor.py:840} INFO - DAG(s) 'example_nested_branch_dag' retrieved from /home/airflow/.local/lib/python3.8/site-packages/airflow/example_dags/example_nested_branch_dag.py
[2025-01-08T12:15:35.077+0000] {logging_mixin.py:188} INFO - [2025-01-08T12:15:35.077+0000] {dag.py:3036} INFO - Sync 1 DAGs
[2025-01-08T12:15:35.130+0000] {logging_mixin.py:188} INFO - [2025-01-08T12:15:35.130+0000] {dag.py:3823} INFO - Setting next_dagrun for example_nested_branch_dag to 2025-01-07 00:00:00+00:00, run_after=2025-01-08 00:00:00+00:00
[2025-01-08T12:15:35.175+0000] {processor.py:183} INFO - Processing /home/airflow/.local/lib/python3.8/site-packages/airflow/example_dags/example_nested_branch_dag.py took 0.166 seconds
[2025-01-08T12:16:05.742+0000] {processor.py:161} INFO - Started process (PID=524) to work on /home/airflow/.local/lib/python3.8/site-packages/airflow/example_dags/example_nested_branch_dag.py
[2025-01-08T12:16:05.744+0000] {processor.py:830} INFO - Processing file /home/airflow/.local/lib/python3.8/site-packages/airflow/example_dags/example_nested_branch_dag.py for tasks to queue
[2025-01-08T12:16:05.746+0000] {logging_mixin.py:188} INFO - [2025-01-08T12:16:05.746+0000] {dagbag.py:538} INFO - Filling up the DagBag from /home/airflow/.local/lib/python3.8/site-packages/airflow/example_dags/example_nested_branch_dag.py
[2025-01-08T12:16:05.764+0000] {processor.py:840} INFO - DAG(s) 'example_nested_branch_dag' retrieved from /home/airflow/.local/lib/python3.8/site-packages/airflow/example_dags/example_nested_branch_dag.py
[2025-01-08T12:16:05.801+0000] {logging_mixin.py:188} INFO - [2025-01-08T12:16:05.800+0000] {dag.py:3036} INFO - Sync 1 DAGs
[2025-01-08T12:16:05.837+0000] {logging_mixin.py:188} INFO - [2025-01-08T12:16:05.837+0000] {dag.py:3823} INFO - Setting next_dagrun for example_nested_branch_dag to 2025-01-07 00:00:00+00:00, run_after=2025-01-08 00:00:00+00:00
[2025-01-08T12:16:05.871+0000] {processor.py:183} INFO - Processing /home/airflow/.local/lib/python3.8/site-packages/airflow/example_dags/example_nested_branch_dag.py took 0.134 seconds
[2025-01-08T12:16:36.598+0000] {processor.py:161} INFO - Started process (PID=582) to work on /home/airflow/.local/lib/python3.8/site-packages/airflow/example_dags/example_nested_branch_dag.py
[2025-01-08T12:16:36.601+0000] {processor.py:830} INFO - Processing file /home/airflow/.local/lib/python3.8/site-packages/airflow/example_dags/example_nested_branch_dag.py for tasks to queue
[2025-01-08T12:16:36.607+0000] {logging_mixin.py:188} INFO - [2025-01-08T12:16:36.606+0000] {dagbag.py:538} INFO - Filling up the DagBag from /home/airflow/.local/lib/python3.8/site-packages/airflow/example_dags/example_nested_branch_dag.py
[2025-01-08T12:16:36.627+0000] {processor.py:840} INFO - DAG(s) 'example_nested_branch_dag' retrieved from /home/airflow/.local/lib/python3.8/site-packages/airflow/example_dags/example_nested_branch_dag.py
[2025-01-08T12:16:36.660+0000] {logging_mixin.py:188} INFO - [2025-01-08T12:16:36.660+0000] {dag.py:3036} INFO - Sync 1 DAGs
[2025-01-08T12:16:36.698+0000] {logging_mixin.py:188} INFO - [2025-01-08T12:16:36.698+0000] {dag.py:3823} INFO - Setting next_dagrun for example_nested_branch_dag to 2025-01-07 00:00:00+00:00, run_after=2025-01-08 00:00:00+00:00
[2025-01-08T12:16:36.728+0000] {processor.py:183} INFO - Processing /home/airflow/.local/lib/python3.8/site-packages/airflow/example_dags/example_nested_branch_dag.py took 0.147 seconds
[2025-01-08T12:17:07.255+0000] {processor.py:161} INFO - Started process (PID=641) to work on /home/airflow/.local/lib/python3.8/site-packages/airflow/example_dags/example_nested_branch_dag.py
[2025-01-08T12:17:07.257+0000] {processor.py:830} INFO - Processing file /home/airflow/.local/lib/python3.8/site-packages/airflow/example_dags/example_nested_branch_dag.py for tasks to queue
[2025-01-08T12:17:07.261+0000] {logging_mixin.py:188} INFO - [2025-01-08T12:17:07.260+0000] {dagbag.py:538} INFO - Filling up the DagBag from /home/airflow/.local/lib/python3.8/site-packages/airflow/example_dags/example_nested_branch_dag.py
[2025-01-08T12:17:07.289+0000] {processor.py:840} INFO - DAG(s) 'example_nested_branch_dag' retrieved from /home/airflow/.local/lib/python3.8/site-packages/airflow/example_dags/example_nested_branch_dag.py
[2025-01-08T12:17:07.334+0000] {logging_mixin.py:188} INFO - [2025-01-08T12:17:07.334+0000] {dag.py:3036} INFO - Sync 1 DAGs
[2025-01-08T12:17:07.391+0000] {logging_mixin.py:188} INFO - [2025-01-08T12:17:07.390+0000] {dag.py:3823} INFO - Setting next_dagrun for example_nested_branch_dag to 2025-01-07 00:00:00+00:00, run_after=2025-01-08 00:00:00+00:00
[2025-01-08T12:17:07.443+0000] {processor.py:183} INFO - Processing /home/airflow/.local/lib/python3.8/site-packages/airflow/example_dags/example_nested_branch_dag.py took 0.194 seconds
[2025-01-08T12:17:37.651+0000] {processor.py:161} INFO - Started process (PID=700) to work on /home/airflow/.local/lib/python3.8/site-packages/airflow/example_dags/example_nested_branch_dag.py
[2025-01-08T12:17:37.653+0000] {processor.py:830} INFO - Processing file /home/airflow/.local/lib/python3.8/site-packages/airflow/example_dags/example_nested_branch_dag.py for tasks to queue
[2025-01-08T12:17:37.655+0000] {logging_mixin.py:188} INFO - [2025-01-08T12:17:37.655+0000] {dagbag.py:538} INFO - Filling up the DagBag from /home/airflow/.local/lib/python3.8/site-packages/airflow/example_dags/example_nested_branch_dag.py
[2025-01-08T12:17:37.673+0000] {processor.py:840} INFO - DAG(s) 'example_nested_branch_dag' retrieved from /home/airflow/.local/lib/python3.8/site-packages/airflow/example_dags/example_nested_branch_dag.py
[2025-01-08T12:17:37.713+0000] {logging_mixin.py:188} INFO - [2025-01-08T12:17:37.712+0000] {dag.py:3036} INFO - Sync 1 DAGs
[2025-01-08T12:17:37.764+0000] {logging_mixin.py:188} INFO - [2025-01-08T12:17:37.763+0000] {dag.py:3823} INFO - Setting next_dagrun for example_nested_branch_dag to 2025-01-07 00:00:00+00:00, run_after=2025-01-08 00:00:00+00:00
[2025-01-08T12:17:37.799+0000] {processor.py:183} INFO - Processing /home/airflow/.local/lib/python3.8/site-packages/airflow/example_dags/example_nested_branch_dag.py took 0.152 seconds
[2025-01-08T12:18:08.202+0000] {processor.py:161} INFO - Started process (PID=759) to work on /home/airflow/.local/lib/python3.8/site-packages/airflow/example_dags/example_nested_branch_dag.py
[2025-01-08T12:18:08.203+0000] {processor.py:830} INFO - Processing file /home/airflow/.local/lib/python3.8/site-packages/airflow/example_dags/example_nested_branch_dag.py for tasks to queue
[2025-01-08T12:18:08.206+0000] {logging_mixin.py:188} INFO - [2025-01-08T12:18:08.205+0000] {dagbag.py:538} INFO - Filling up the DagBag from /home/airflow/.local/lib/python3.8/site-packages/airflow/example_dags/example_nested_branch_dag.py
[2025-01-08T12:18:08.220+0000] {processor.py:840} INFO - DAG(s) 'example_nested_branch_dag' retrieved from /home/airflow/.local/lib/python3.8/site-packages/airflow/example_dags/example_nested_branch_dag.py
[2025-01-08T12:18:08.254+0000] {logging_mixin.py:188} INFO - [2025-01-08T12:18:08.254+0000] {dag.py:3036} INFO - Sync 1 DAGs
[2025-01-08T12:18:08.294+0000] {logging_mixin.py:188} INFO - [2025-01-08T12:18:08.293+0000] {dag.py:3823} INFO - Setting next_dagrun for example_nested_branch_dag to 2025-01-07 00:00:00+00:00, run_after=2025-01-08 00:00:00+00:00
[2025-01-08T12:18:08.326+0000] {processor.py:183} INFO - Processing /home/airflow/.local/lib/python3.8/site-packages/airflow/example_dags/example_nested_branch_dag.py took 0.129 seconds
[2025-01-08T12:18:39.007+0000] {processor.py:161} INFO - Started process (PID=818) to work on /home/airflow/.local/lib/python3.8/site-packages/airflow/example_dags/example_nested_branch_dag.py
[2025-01-08T12:18:39.008+0000] {processor.py:830} INFO - Processing file /home/airflow/.local/lib/python3.8/site-packages/airflow/example_dags/example_nested_branch_dag.py for tasks to queue
[2025-01-08T12:18:39.011+0000] {logging_mixin.py:188} INFO - [2025-01-08T12:18:39.011+0000] {dagbag.py:538} INFO - Filling up the DagBag from /home/airflow/.local/lib/python3.8/site-packages/airflow/example_dags/example_nested_branch_dag.py
[2025-01-08T12:18:39.047+0000] {processor.py:840} INFO - DAG(s) 'example_nested_branch_dag' retrieved from /home/airflow/.local/lib/python3.8/site-packages/airflow/example_dags/example_nested_branch_dag.py
[2025-01-08T12:18:39.084+0000] {logging_mixin.py:188} INFO - [2025-01-08T12:18:39.083+0000] {dag.py:3036} INFO - Sync 1 DAGs
[2025-01-08T12:18:39.130+0000] {logging_mixin.py:188} INFO - [2025-01-08T12:18:39.130+0000] {dag.py:3823} INFO - Setting next_dagrun for example_nested_branch_dag to 2025-01-07 00:00:00+00:00, run_after=2025-01-08 00:00:00+00:00
[2025-01-08T12:18:39.160+0000] {processor.py:183} INFO - Processing /home/airflow/.local/lib/python3.8/site-packages/airflow/example_dags/example_nested_branch_dag.py took 0.158 seconds
[2025-01-08T12:19:09.944+0000] {processor.py:161} INFO - Started process (PID=878) to work on /home/airflow/.local/lib/python3.8/site-packages/airflow/example_dags/example_nested_branch_dag.py
[2025-01-08T12:19:09.946+0000] {processor.py:830} INFO - Processing file /home/airflow/.local/lib/python3.8/site-packages/airflow/example_dags/example_nested_branch_dag.py for tasks to queue
[2025-01-08T12:19:09.950+0000] {logging_mixin.py:188} INFO - [2025-01-08T12:19:09.949+0000] {dagbag.py:538} INFO - Filling up the DagBag from /home/airflow/.local/lib/python3.8/site-packages/airflow/example_dags/example_nested_branch_dag.py
[2025-01-08T12:19:09.984+0000] {processor.py:840} INFO - DAG(s) 'example_nested_branch_dag' retrieved from /home/airflow/.local/lib/python3.8/site-packages/airflow/example_dags/example_nested_branch_dag.py
[2025-01-08T12:19:10.036+0000] {logging_mixin.py:188} INFO - [2025-01-08T12:19:10.035+0000] {dag.py:3036} INFO - Sync 1 DAGs
[2025-01-08T12:19:10.096+0000] {logging_mixin.py:188} INFO - [2025-01-08T12:19:10.095+0000] {dag.py:3823} INFO - Setting next_dagrun for example_nested_branch_dag to 2025-01-07 00:00:00+00:00, run_after=2025-01-08 00:00:00+00:00
[2025-01-08T12:19:10.145+0000] {processor.py:183} INFO - Processing /home/airflow/.local/lib/python3.8/site-packages/airflow/example_dags/example_nested_branch_dag.py took 0.207 seconds
[2025-01-08T12:19:40.630+0000] {processor.py:161} INFO - Started process (PID=937) to work on /home/airflow/.local/lib/python3.8/site-packages/airflow/example_dags/example_nested_branch_dag.py
[2025-01-08T12:19:40.631+0000] {processor.py:830} INFO - Processing file /home/airflow/.local/lib/python3.8/site-packages/airflow/example_dags/example_nested_branch_dag.py for tasks to queue
[2025-01-08T12:19:40.634+0000] {logging_mixin.py:188} INFO - [2025-01-08T12:19:40.634+0000] {dagbag.py:538} INFO - Filling up the DagBag from /home/airflow/.local/lib/python3.8/site-packages/airflow/example_dags/example_nested_branch_dag.py
[2025-01-08T12:19:40.653+0000] {processor.py:840} INFO - DAG(s) 'example_nested_branch_dag' retrieved from /home/airflow/.local/lib/python3.8/site-packages/airflow/example_dags/example_nested_branch_dag.py
[2025-01-08T12:19:40.692+0000] {logging_mixin.py:188} INFO - [2025-01-08T12:19:40.691+0000] {dag.py:3036} INFO - Sync 1 DAGs
[2025-01-08T12:19:40.733+0000] {logging_mixin.py:188} INFO - [2025-01-08T12:19:40.732+0000] {dag.py:3823} INFO - Setting next_dagrun for example_nested_branch_dag to 2025-01-07 00:00:00+00:00, run_after=2025-01-08 00:00:00+00:00
[2025-01-08T12:19:40.764+0000] {processor.py:183} INFO - Processing /home/airflow/.local/lib/python3.8/site-packages/airflow/example_dags/example_nested_branch_dag.py took 0.139 seconds
[2025-01-08T12:20:12.643+0000] {processor.py:161} INFO - Started process (PID=996) to work on /home/airflow/.local/lib/python3.8/site-packages/airflow/example_dags/example_nested_branch_dag.py
[2025-01-08T12:20:12.645+0000] {processor.py:830} INFO - Processing file /home/airflow/.local/lib/python3.8/site-packages/airflow/example_dags/example_nested_branch_dag.py for tasks to queue
[2025-01-08T12:20:12.649+0000] {logging_mixin.py:188} INFO - [2025-01-08T12:20:12.649+0000] {dagbag.py:538} INFO - Filling up the DagBag from /home/airflow/.local/lib/python3.8/site-packages/airflow/example_dags/example_nested_branch_dag.py
[2025-01-08T12:20:12.668+0000] {processor.py:840} INFO - DAG(s) 'example_nested_branch_dag' retrieved from /home/airflow/.local/lib/python3.8/site-packages/airflow/example_dags/example_nested_branch_dag.py
[2025-01-08T12:20:12.712+0000] {logging_mixin.py:188} INFO - [2025-01-08T12:20:12.712+0000] {dag.py:3036} INFO - Sync 1 DAGs
[2025-01-08T12:20:12.772+0000] {logging_mixin.py:188} INFO - [2025-01-08T12:20:12.771+0000] {dag.py:3823} INFO - Setting next_dagrun for example_nested_branch_dag to 2025-01-07 00:00:00+00:00, run_after=2025-01-08 00:00:00+00:00
[2025-01-08T12:20:12.821+0000] {processor.py:183} INFO - Processing /home/airflow/.local/lib/python3.8/site-packages/airflow/example_dags/example_nested_branch_dag.py took 0.184 seconds
[2025-01-08T12:20:45.344+0000] {processor.py:161} INFO - Started process (PID=1055) to work on /home/airflow/.local/lib/python3.8/site-packages/airflow/example_dags/example_nested_branch_dag.py
[2025-01-08T12:20:45.361+0000] {processor.py:830} INFO - Processing file /home/airflow/.local/lib/python3.8/site-packages/airflow/example_dags/example_nested_branch_dag.py for tasks to queue
[2025-01-08T12:20:45.413+0000] {logging_mixin.py:188} INFO - [2025-01-08T12:20:45.413+0000] {dagbag.py:538} INFO - Filling up the DagBag from /home/airflow/.local/lib/python3.8/site-packages/airflow/example_dags/example_nested_branch_dag.py
[2025-01-08T12:20:45.511+0000] {processor.py:840} INFO - DAG(s) 'example_nested_branch_dag' retrieved from /home/airflow/.local/lib/python3.8/site-packages/airflow/example_dags/example_nested_branch_dag.py
[2025-01-08T12:20:45.627+0000] {logging_mixin.py:188} INFO - [2025-01-08T12:20:45.627+0000] {dag.py:3036} INFO - Sync 1 DAGs
[2025-01-08T12:20:45.822+0000] {logging_mixin.py:188} INFO - [2025-01-08T12:20:45.822+0000] {dag.py:3823} INFO - Setting next_dagrun for example_nested_branch_dag to 2025-01-07 00:00:00+00:00, run_after=2025-01-08 00:00:00+00:00
[2025-01-08T12:20:45.922+0000] {processor.py:183} INFO - Processing /home/airflow/.local/lib/python3.8/site-packages/airflow/example_dags/example_nested_branch_dag.py took 0.584 seconds
[2025-01-08T12:21:17.416+0000] {processor.py:161} INFO - Started process (PID=1120) to work on /home/airflow/.local/lib/python3.8/site-packages/airflow/example_dags/example_nested_branch_dag.py
[2025-01-08T12:21:17.417+0000] {processor.py:830} INFO - Processing file /home/airflow/.local/lib/python3.8/site-packages/airflow/example_dags/example_nested_branch_dag.py for tasks to queue
[2025-01-08T12:21:17.420+0000] {logging_mixin.py:188} INFO - [2025-01-08T12:21:17.420+0000] {dagbag.py:538} INFO - Filling up the DagBag from /home/airflow/.local/lib/python3.8/site-packages/airflow/example_dags/example_nested_branch_dag.py
[2025-01-08T12:21:17.446+0000] {processor.py:840} INFO - DAG(s) 'example_nested_branch_dag' retrieved from /home/airflow/.local/lib/python3.8/site-packages/airflow/example_dags/example_nested_branch_dag.py
[2025-01-08T12:21:17.495+0000] {logging_mixin.py:188} INFO - [2025-01-08T12:21:17.495+0000] {dag.py:3036} INFO - Sync 1 DAGs
[2025-01-08T12:21:17.559+0000] {logging_mixin.py:188} INFO - [2025-01-08T12:21:17.559+0000] {dag.py:3823} INFO - Setting next_dagrun for example_nested_branch_dag to 2025-01-07 00:00:00+00:00, run_after=2025-01-08 00:00:00+00:00
[2025-01-08T12:21:17.627+0000] {processor.py:183} INFO - Processing /home/airflow/.local/lib/python3.8/site-packages/airflow/example_dags/example_nested_branch_dag.py took 0.216 seconds
[2025-01-08T12:21:48.206+0000] {processor.py:161} INFO - Started process (PID=1179) to work on /home/airflow/.local/lib/python3.8/site-packages/airflow/example_dags/example_nested_branch_dag.py
[2025-01-08T12:21:48.208+0000] {processor.py:830} INFO - Processing file /home/airflow/.local/lib/python3.8/site-packages/airflow/example_dags/example_nested_branch_dag.py for tasks to queue
[2025-01-08T12:21:48.212+0000] {logging_mixin.py:188} INFO - [2025-01-08T12:21:48.211+0000] {dagbag.py:538} INFO - Filling up the DagBag from /home/airflow/.local/lib/python3.8/site-packages/airflow/example_dags/example_nested_branch_dag.py
[2025-01-08T12:21:48.238+0000] {processor.py:840} INFO - DAG(s) 'example_nested_branch_dag' retrieved from /home/airflow/.local/lib/python3.8/site-packages/airflow/example_dags/example_nested_branch_dag.py
[2025-01-08T12:21:48.289+0000] {logging_mixin.py:188} INFO - [2025-01-08T12:21:48.288+0000] {dag.py:3036} INFO - Sync 1 DAGs
[2025-01-08T12:21:48.354+0000] {logging_mixin.py:188} INFO - [2025-01-08T12:21:48.353+0000] {dag.py:3823} INFO - Setting next_dagrun for example_nested_branch_dag to 2025-01-07 00:00:00+00:00, run_after=2025-01-08 00:00:00+00:00
[2025-01-08T12:21:48.401+0000] {processor.py:183} INFO - Processing /home/airflow/.local/lib/python3.8/site-packages/airflow/example_dags/example_nested_branch_dag.py took 0.202 seconds
[2025-01-08T12:22:19.101+0000] {processor.py:161} INFO - Started process (PID=1238) to work on /home/airflow/.local/lib/python3.8/site-packages/airflow/example_dags/example_nested_branch_dag.py
[2025-01-08T12:22:19.103+0000] {processor.py:830} INFO - Processing file /home/airflow/.local/lib/python3.8/site-packages/airflow/example_dags/example_nested_branch_dag.py for tasks to queue
[2025-01-08T12:22:19.106+0000] {logging_mixin.py:188} INFO - [2025-01-08T12:22:19.105+0000] {dagbag.py:538} INFO - Filling up the DagBag from /home/airflow/.local/lib/python3.8/site-packages/airflow/example_dags/example_nested_branch_dag.py
[2025-01-08T12:22:19.124+0000] {processor.py:840} INFO - DAG(s) 'example_nested_branch_dag' retrieved from /home/airflow/.local/lib/python3.8/site-packages/airflow/example_dags/example_nested_branch_dag.py
[2025-01-08T12:22:19.161+0000] {logging_mixin.py:188} INFO - [2025-01-08T12:22:19.160+0000] {dag.py:3036} INFO - Sync 1 DAGs
[2025-01-08T12:22:19.207+0000] {logging_mixin.py:188} INFO - [2025-01-08T12:22:19.206+0000] {dag.py:3823} INFO - Setting next_dagrun for example_nested_branch_dag to 2025-01-07 00:00:00+00:00, run_after=2025-01-08 00:00:00+00:00
[2025-01-08T12:22:19.234+0000] {processor.py:183} INFO - Processing /home/airflow/.local/lib/python3.8/site-packages/airflow/example_dags/example_nested_branch_dag.py took 0.139 seconds
[2025-01-08T12:22:49.600+0000] {processor.py:161} INFO - Started process (PID=1297) to work on /home/airflow/.local/lib/python3.8/site-packages/airflow/example_dags/example_nested_branch_dag.py
[2025-01-08T12:22:49.602+0000] {processor.py:830} INFO - Processing file /home/airflow/.local/lib/python3.8/site-packages/airflow/example_dags/example_nested_branch_dag.py for tasks to queue
[2025-01-08T12:22:49.606+0000] {logging_mixin.py:188} INFO - [2025-01-08T12:22:49.606+0000] {dagbag.py:538} INFO - Filling up the DagBag from /home/airflow/.local/lib/python3.8/site-packages/airflow/example_dags/example_nested_branch_dag.py
[2025-01-08T12:22:49.639+0000] {processor.py:840} INFO - DAG(s) 'example_nested_branch_dag' retrieved from /home/airflow/.local/lib/python3.8/site-packages/airflow/example_dags/example_nested_branch_dag.py
[2025-01-08T12:22:49.694+0000] {logging_mixin.py:188} INFO - [2025-01-08T12:22:49.693+0000] {dag.py:3036} INFO - Sync 1 DAGs
[2025-01-08T12:22:49.731+0000] {logging_mixin.py:188} INFO - [2025-01-08T12:22:49.731+0000] {dag.py:3823} INFO - Setting next_dagrun for example_nested_branch_dag to 2025-01-07 00:00:00+00:00, run_after=2025-01-08 00:00:00+00:00
[2025-01-08T12:22:49.767+0000] {processor.py:183} INFO - Processing /home/airflow/.local/lib/python3.8/site-packages/airflow/example_dags/example_nested_branch_dag.py took 0.176 seconds
[2025-01-08T12:23:19.973+0000] {processor.py:161} INFO - Started process (PID=1355) to work on /home/airflow/.local/lib/python3.8/site-packages/airflow/example_dags/example_nested_branch_dag.py
[2025-01-08T12:23:19.974+0000] {processor.py:830} INFO - Processing file /home/airflow/.local/lib/python3.8/site-packages/airflow/example_dags/example_nested_branch_dag.py for tasks to queue
[2025-01-08T12:23:19.978+0000] {logging_mixin.py:188} INFO - [2025-01-08T12:23:19.977+0000] {dagbag.py:538} INFO - Filling up the DagBag from /home/airflow/.local/lib/python3.8/site-packages/airflow/example_dags/example_nested_branch_dag.py
[2025-01-08T12:23:20.025+0000] {processor.py:840} INFO - DAG(s) 'example_nested_branch_dag' retrieved from /home/airflow/.local/lib/python3.8/site-packages/airflow/example_dags/example_nested_branch_dag.py
[2025-01-08T12:23:20.131+0000] {logging_mixin.py:188} INFO - [2025-01-08T12:23:20.131+0000] {dag.py:3036} INFO - Sync 1 DAGs
[2025-01-08T12:23:20.201+0000] {logging_mixin.py:188} INFO - [2025-01-08T12:23:20.201+0000] {dag.py:3823} INFO - Setting next_dagrun for example_nested_branch_dag to 2025-01-07 00:00:00+00:00, run_after=2025-01-08 00:00:00+00:00
[2025-01-08T12:23:20.262+0000] {processor.py:183} INFO - Processing /home/airflow/.local/lib/python3.8/site-packages/airflow/example_dags/example_nested_branch_dag.py took 0.293 seconds
[2025-01-08T12:23:50.770+0000] {processor.py:161} INFO - Started process (PID=1413) to work on /home/airflow/.local/lib/python3.8/site-packages/airflow/example_dags/example_nested_branch_dag.py
[2025-01-08T12:23:50.772+0000] {processor.py:830} INFO - Processing file /home/airflow/.local/lib/python3.8/site-packages/airflow/example_dags/example_nested_branch_dag.py for tasks to queue
[2025-01-08T12:23:50.776+0000] {logging_mixin.py:188} INFO - [2025-01-08T12:23:50.776+0000] {dagbag.py:538} INFO - Filling up the DagBag from /home/airflow/.local/lib/python3.8/site-packages/airflow/example_dags/example_nested_branch_dag.py
[2025-01-08T12:23:50.827+0000] {processor.py:840} INFO - DAG(s) 'example_nested_branch_dag' retrieved from /home/airflow/.local/lib/python3.8/site-packages/airflow/example_dags/example_nested_branch_dag.py
[2025-01-08T12:23:50.926+0000] {logging_mixin.py:188} INFO - [2025-01-08T12:23:50.925+0000] {dag.py:3036} INFO - Sync 1 DAGs
[2025-01-08T12:23:51.005+0000] {logging_mixin.py:188} INFO - [2025-01-08T12:23:51.003+0000] {dag.py:3823} INFO - Setting next_dagrun for example_nested_branch_dag to 2025-01-07 00:00:00+00:00, run_after=2025-01-08 00:00:00+00:00
[2025-01-08T12:23:51.055+0000] {processor.py:183} INFO - Processing /home/airflow/.local/lib/python3.8/site-packages/airflow/example_dags/example_nested_branch_dag.py took 0.290 seconds
[2025-01-08T12:24:21.731+0000] {processor.py:161} INFO - Started process (PID=1473) to work on /home/airflow/.local/lib/python3.8/site-packages/airflow/example_dags/example_nested_branch_dag.py
[2025-01-08T12:24:21.733+0000] {processor.py:830} INFO - Processing file /home/airflow/.local/lib/python3.8/site-packages/airflow/example_dags/example_nested_branch_dag.py for tasks to queue
[2025-01-08T12:24:21.742+0000] {logging_mixin.py:188} INFO - [2025-01-08T12:24:21.742+0000] {dagbag.py:538} INFO - Filling up the DagBag from /home/airflow/.local/lib/python3.8/site-packages/airflow/example_dags/example_nested_branch_dag.py
[2025-01-08T12:24:21.768+0000] {processor.py:840} INFO - DAG(s) 'example_nested_branch_dag' retrieved from /home/airflow/.local/lib/python3.8/site-packages/airflow/example_dags/example_nested_branch_dag.py
[2025-01-08T12:24:21.812+0000] {logging_mixin.py:188} INFO - [2025-01-08T12:24:21.812+0000] {dag.py:3036} INFO - Sync 1 DAGs
[2025-01-08T12:24:21.869+0000] {logging_mixin.py:188} INFO - [2025-01-08T12:24:21.868+0000] {dag.py:3823} INFO - Setting next_dagrun for example_nested_branch_dag to 2025-01-07 00:00:00+00:00, run_after=2025-01-08 00:00:00+00:00
[2025-01-08T12:24:21.908+0000] {processor.py:183} INFO - Processing /home/airflow/.local/lib/python3.8/site-packages/airflow/example_dags/example_nested_branch_dag.py took 0.182 seconds
[2025-01-08T12:24:52.201+0000] {processor.py:161} INFO - Started process (PID=1532) to work on /home/airflow/.local/lib/python3.8/site-packages/airflow/example_dags/example_nested_branch_dag.py
[2025-01-08T12:24:52.204+0000] {processor.py:830} INFO - Processing file /home/airflow/.local/lib/python3.8/site-packages/airflow/example_dags/example_nested_branch_dag.py for tasks to queue
[2025-01-08T12:24:52.207+0000] {logging_mixin.py:188} INFO - [2025-01-08T12:24:52.207+0000] {dagbag.py:538} INFO - Filling up the DagBag from /home/airflow/.local/lib/python3.8/site-packages/airflow/example_dags/example_nested_branch_dag.py
[2025-01-08T12:24:52.230+0000] {processor.py:840} INFO - DAG(s) 'example_nested_branch_dag' retrieved from /home/airflow/.local/lib/python3.8/site-packages/airflow/example_dags/example_nested_branch_dag.py
[2025-01-08T12:24:52.275+0000] {logging_mixin.py:188} INFO - [2025-01-08T12:24:52.275+0000] {dag.py:3036} INFO - Sync 1 DAGs
[2025-01-08T12:24:52.328+0000] {logging_mixin.py:188} INFO - [2025-01-08T12:24:52.328+0000] {dag.py:3823} INFO - Setting next_dagrun for example_nested_branch_dag to 2025-01-07 00:00:00+00:00, run_after=2025-01-08 00:00:00+00:00
[2025-01-08T12:24:52.368+0000] {processor.py:183} INFO - Processing /home/airflow/.local/lib/python3.8/site-packages/airflow/example_dags/example_nested_branch_dag.py took 0.175 seconds
[2025-01-08T12:25:22.690+0000] {processor.py:161} INFO - Started process (PID=1591) to work on /home/airflow/.local/lib/python3.8/site-packages/airflow/example_dags/example_nested_branch_dag.py
[2025-01-08T12:25:22.691+0000] {processor.py:830} INFO - Processing file /home/airflow/.local/lib/python3.8/site-packages/airflow/example_dags/example_nested_branch_dag.py for tasks to queue
[2025-01-08T12:25:22.694+0000] {logging_mixin.py:188} INFO - [2025-01-08T12:25:22.693+0000] {dagbag.py:538} INFO - Filling up the DagBag from /home/airflow/.local/lib/python3.8/site-packages/airflow/example_dags/example_nested_branch_dag.py
[2025-01-08T12:25:22.710+0000] {processor.py:840} INFO - DAG(s) 'example_nested_branch_dag' retrieved from /home/airflow/.local/lib/python3.8/site-packages/airflow/example_dags/example_nested_branch_dag.py
[2025-01-08T12:25:22.745+0000] {logging_mixin.py:188} INFO - [2025-01-08T12:25:22.745+0000] {dag.py:3036} INFO - Sync 1 DAGs
[2025-01-08T12:25:22.789+0000] {logging_mixin.py:188} INFO - [2025-01-08T12:25:22.789+0000] {dag.py:3823} INFO - Setting next_dagrun for example_nested_branch_dag to 2025-01-07 00:00:00+00:00, run_after=2025-01-08 00:00:00+00:00
[2025-01-08T12:25:22.827+0000] {processor.py:183} INFO - Processing /home/airflow/.local/lib/python3.8/site-packages/airflow/example_dags/example_nested_branch_dag.py took 0.143 seconds
[2025-01-08T12:25:53.666+0000] {processor.py:161} INFO - Started process (PID=1650) to work on /home/airflow/.local/lib/python3.8/site-packages/airflow/example_dags/example_nested_branch_dag.py
[2025-01-08T12:25:53.667+0000] {processor.py:830} INFO - Processing file /home/airflow/.local/lib/python3.8/site-packages/airflow/example_dags/example_nested_branch_dag.py for tasks to queue
[2025-01-08T12:25:53.671+0000] {logging_mixin.py:188} INFO - [2025-01-08T12:25:53.670+0000] {dagbag.py:538} INFO - Filling up the DagBag from /home/airflow/.local/lib/python3.8/site-packages/airflow/example_dags/example_nested_branch_dag.py
[2025-01-08T12:25:53.693+0000] {processor.py:840} INFO - DAG(s) 'example_nested_branch_dag' retrieved from /home/airflow/.local/lib/python3.8/site-packages/airflow/example_dags/example_nested_branch_dag.py
[2025-01-08T12:25:53.740+0000] {logging_mixin.py:188} INFO - [2025-01-08T12:25:53.739+0000] {dag.py:3036} INFO - Sync 1 DAGs
[2025-01-08T12:25:53.791+0000] {logging_mixin.py:188} INFO - [2025-01-08T12:25:53.791+0000] {dag.py:3823} INFO - Setting next_dagrun for example_nested_branch_dag to 2025-01-07 00:00:00+00:00, run_after=2025-01-08 00:00:00+00:00
[2025-01-08T12:25:53.826+0000] {processor.py:183} INFO - Processing /home/airflow/.local/lib/python3.8/site-packages/airflow/example_dags/example_nested_branch_dag.py took 0.166 seconds
[2025-01-08T12:26:32.867+0000] {processor.py:161} INFO - Started process (PID=1713) to work on /home/airflow/.local/lib/python3.8/site-packages/airflow/example_dags/example_nested_branch_dag.py
[2025-01-08T12:26:32.874+0000] {processor.py:830} INFO - Processing file /home/airflow/.local/lib/python3.8/site-packages/airflow/example_dags/example_nested_branch_dag.py for tasks to queue
[2025-01-08T12:26:32.878+0000] {logging_mixin.py:188} INFO - [2025-01-08T12:26:32.877+0000] {dagbag.py:538} INFO - Filling up the DagBag from /home/airflow/.local/lib/python3.8/site-packages/airflow/example_dags/example_nested_branch_dag.py
[2025-01-08T12:26:32.923+0000] {processor.py:840} INFO - DAG(s) 'example_nested_branch_dag' retrieved from /home/airflow/.local/lib/python3.8/site-packages/airflow/example_dags/example_nested_branch_dag.py
[2025-01-08T12:26:33.024+0000] {logging_mixin.py:188} INFO - [2025-01-08T12:26:33.024+0000] {dag.py:3036} INFO - Sync 1 DAGs
[2025-01-08T12:26:33.123+0000] {logging_mixin.py:188} INFO - [2025-01-08T12:26:33.123+0000] {dag.py:3823} INFO - Setting next_dagrun for example_nested_branch_dag to 2025-01-07 00:00:00+00:00, run_after=2025-01-08 00:00:00+00:00
[2025-01-08T12:26:33.336+0000] {processor.py:183} INFO - Processing /home/airflow/.local/lib/python3.8/site-packages/airflow/example_dags/example_nested_branch_dag.py took 0.474 seconds
[2025-01-08T12:27:04.178+0000] {processor.py:161} INFO - Started process (PID=1771) to work on /home/airflow/.local/lib/python3.8/site-packages/airflow/example_dags/example_nested_branch_dag.py
[2025-01-08T12:27:04.189+0000] {processor.py:830} INFO - Processing file /home/airflow/.local/lib/python3.8/site-packages/airflow/example_dags/example_nested_branch_dag.py for tasks to queue
[2025-01-08T12:27:04.195+0000] {logging_mixin.py:188} INFO - [2025-01-08T12:27:04.194+0000] {dagbag.py:538} INFO - Filling up the DagBag from /home/airflow/.local/lib/python3.8/site-packages/airflow/example_dags/example_nested_branch_dag.py
[2025-01-08T12:27:04.227+0000] {processor.py:840} INFO - DAG(s) 'example_nested_branch_dag' retrieved from /home/airflow/.local/lib/python3.8/site-packages/airflow/example_dags/example_nested_branch_dag.py
[2025-01-08T12:27:04.281+0000] {logging_mixin.py:188} INFO - [2025-01-08T12:27:04.280+0000] {dag.py:3036} INFO - Sync 1 DAGs
[2025-01-08T12:27:04.340+0000] {logging_mixin.py:188} INFO - [2025-01-08T12:27:04.339+0000] {dag.py:3823} INFO - Setting next_dagrun for example_nested_branch_dag to 2025-01-07 00:00:00+00:00, run_after=2025-01-08 00:00:00+00:00
[2025-01-08T12:27:04.441+0000] {processor.py:183} INFO - Processing /home/airflow/.local/lib/python3.8/site-packages/airflow/example_dags/example_nested_branch_dag.py took 0.268 seconds
[2025-01-08T12:27:34.586+0000] {processor.py:161} INFO - Started process (PID=1829) to work on /home/airflow/.local/lib/python3.8/site-packages/airflow/example_dags/example_nested_branch_dag.py
[2025-01-08T12:27:34.588+0000] {processor.py:830} INFO - Processing file /home/airflow/.local/lib/python3.8/site-packages/airflow/example_dags/example_nested_branch_dag.py for tasks to queue
[2025-01-08T12:27:34.591+0000] {logging_mixin.py:188} INFO - [2025-01-08T12:27:34.591+0000] {dagbag.py:538} INFO - Filling up the DagBag from /home/airflow/.local/lib/python3.8/site-packages/airflow/example_dags/example_nested_branch_dag.py
[2025-01-08T12:27:34.653+0000] {processor.py:840} INFO - DAG(s) 'example_nested_branch_dag' retrieved from /home/airflow/.local/lib/python3.8/site-packages/airflow/example_dags/example_nested_branch_dag.py
[2025-01-08T12:27:34.765+0000] {logging_mixin.py:188} INFO - [2025-01-08T12:27:34.764+0000] {dag.py:3036} INFO - Sync 1 DAGs
[2025-01-08T12:27:34.891+0000] {logging_mixin.py:188} INFO - [2025-01-08T12:27:34.891+0000] {dag.py:3823} INFO - Setting next_dagrun for example_nested_branch_dag to 2025-01-07 00:00:00+00:00, run_after=2025-01-08 00:00:00+00:00
[2025-01-08T12:27:35.009+0000] {processor.py:183} INFO - Processing /home/airflow/.local/lib/python3.8/site-packages/airflow/example_dags/example_nested_branch_dag.py took 0.429 seconds
[2025-01-08T12:28:05.653+0000] {processor.py:161} INFO - Started process (PID=1891) to work on /home/airflow/.local/lib/python3.8/site-packages/airflow/example_dags/example_nested_branch_dag.py
[2025-01-08T12:28:05.663+0000] {processor.py:830} INFO - Processing file /home/airflow/.local/lib/python3.8/site-packages/airflow/example_dags/example_nested_branch_dag.py for tasks to queue
[2025-01-08T12:28:05.683+0000] {logging_mixin.py:188} INFO - [2025-01-08T12:28:05.681+0000] {dagbag.py:538} INFO - Filling up the DagBag from /home/airflow/.local/lib/python3.8/site-packages/airflow/example_dags/example_nested_branch_dag.py
[2025-01-08T12:28:05.712+0000] {processor.py:840} INFO - DAG(s) 'example_nested_branch_dag' retrieved from /home/airflow/.local/lib/python3.8/site-packages/airflow/example_dags/example_nested_branch_dag.py
[2025-01-08T12:28:05.750+0000] {logging_mixin.py:188} INFO - [2025-01-08T12:28:05.749+0000] {dag.py:3036} INFO - Sync 1 DAGs
[2025-01-08T12:28:06.040+0000] {logging_mixin.py:188} INFO - [2025-01-08T12:28:06.040+0000] {dag.py:3823} INFO - Setting next_dagrun for example_nested_branch_dag to 2025-01-07 00:00:00+00:00, run_after=2025-01-08 00:00:00+00:00
[2025-01-08T12:28:06.073+0000] {processor.py:183} INFO - Processing /home/airflow/.local/lib/python3.8/site-packages/airflow/example_dags/example_nested_branch_dag.py took 0.438 seconds
[2025-01-08T12:28:36.504+0000] {processor.py:161} INFO - Started process (PID=1950) to work on /home/airflow/.local/lib/python3.8/site-packages/airflow/example_dags/example_nested_branch_dag.py
[2025-01-08T12:28:36.506+0000] {processor.py:830} INFO - Processing file /home/airflow/.local/lib/python3.8/site-packages/airflow/example_dags/example_nested_branch_dag.py for tasks to queue
[2025-01-08T12:28:36.509+0000] {logging_mixin.py:188} INFO - [2025-01-08T12:28:36.509+0000] {dagbag.py:538} INFO - Filling up the DagBag from /home/airflow/.local/lib/python3.8/site-packages/airflow/example_dags/example_nested_branch_dag.py
[2025-01-08T12:28:36.539+0000] {processor.py:840} INFO - DAG(s) 'example_nested_branch_dag' retrieved from /home/airflow/.local/lib/python3.8/site-packages/airflow/example_dags/example_nested_branch_dag.py
[2025-01-08T12:28:36.590+0000] {logging_mixin.py:188} INFO - [2025-01-08T12:28:36.590+0000] {dag.py:3036} INFO - Sync 1 DAGs
[2025-01-08T12:28:36.861+0000] {logging_mixin.py:188} INFO - [2025-01-08T12:28:36.861+0000] {dag.py:3823} INFO - Setting next_dagrun for example_nested_branch_dag to 2025-01-07 00:00:00+00:00, run_after=2025-01-08 00:00:00+00:00
[2025-01-08T12:28:36.969+0000] {processor.py:183} INFO - Processing /home/airflow/.local/lib/python3.8/site-packages/airflow/example_dags/example_nested_branch_dag.py took 0.474 seconds
[2025-01-08T12:29:07.092+0000] {processor.py:161} INFO - Started process (PID=2009) to work on /home/airflow/.local/lib/python3.8/site-packages/airflow/example_dags/example_nested_branch_dag.py
[2025-01-08T12:29:07.094+0000] {processor.py:830} INFO - Processing file /home/airflow/.local/lib/python3.8/site-packages/airflow/example_dags/example_nested_branch_dag.py for tasks to queue
[2025-01-08T12:29:07.098+0000] {logging_mixin.py:188} INFO - [2025-01-08T12:29:07.098+0000] {dagbag.py:538} INFO - Filling up the DagBag from /home/airflow/.local/lib/python3.8/site-packages/airflow/example_dags/example_nested_branch_dag.py
[2025-01-08T12:29:07.126+0000] {processor.py:840} INFO - DAG(s) 'example_nested_branch_dag' retrieved from /home/airflow/.local/lib/python3.8/site-packages/airflow/example_dags/example_nested_branch_dag.py
[2025-01-08T12:29:07.173+0000] {logging_mixin.py:188} INFO - [2025-01-08T12:29:07.172+0000] {dag.py:3036} INFO - Sync 1 DAGs
[2025-01-08T12:29:07.268+0000] {logging_mixin.py:188} INFO - [2025-01-08T12:29:07.268+0000] {dag.py:3823} INFO - Setting next_dagrun for example_nested_branch_dag to 2025-01-07 00:00:00+00:00, run_after=2025-01-08 00:00:00+00:00
[2025-01-08T12:29:07.984+0000] {processor.py:183} INFO - Processing /home/airflow/.local/lib/python3.8/site-packages/airflow/example_dags/example_nested_branch_dag.py took 0.908 seconds
[2025-01-08T12:29:38.523+0000] {processor.py:161} INFO - Started process (PID=2067) to work on /home/airflow/.local/lib/python3.8/site-packages/airflow/example_dags/example_nested_branch_dag.py
[2025-01-08T12:29:38.525+0000] {processor.py:830} INFO - Processing file /home/airflow/.local/lib/python3.8/site-packages/airflow/example_dags/example_nested_branch_dag.py for tasks to queue
[2025-01-08T12:29:38.527+0000] {logging_mixin.py:188} INFO - [2025-01-08T12:29:38.527+0000] {dagbag.py:538} INFO - Filling up the DagBag from /home/airflow/.local/lib/python3.8/site-packages/airflow/example_dags/example_nested_branch_dag.py
[2025-01-08T12:29:38.541+0000] {processor.py:840} INFO - DAG(s) 'example_nested_branch_dag' retrieved from /home/airflow/.local/lib/python3.8/site-packages/airflow/example_dags/example_nested_branch_dag.py
[2025-01-08T12:29:38.577+0000] {logging_mixin.py:188} INFO - [2025-01-08T12:29:38.577+0000] {dag.py:3036} INFO - Sync 1 DAGs
[2025-01-08T12:29:38.612+0000] {logging_mixin.py:188} INFO - [2025-01-08T12:29:38.611+0000] {dag.py:3823} INFO - Setting next_dagrun for example_nested_branch_dag to 2025-01-07 00:00:00+00:00, run_after=2025-01-08 00:00:00+00:00
[2025-01-08T12:29:38.644+0000] {processor.py:183} INFO - Processing /home/airflow/.local/lib/python3.8/site-packages/airflow/example_dags/example_nested_branch_dag.py took 0.126 seconds
[2025-01-08T12:30:09.191+0000] {processor.py:161} INFO - Started process (PID=2126) to work on /home/airflow/.local/lib/python3.8/site-packages/airflow/example_dags/example_nested_branch_dag.py
[2025-01-08T12:30:09.193+0000] {processor.py:830} INFO - Processing file /home/airflow/.local/lib/python3.8/site-packages/airflow/example_dags/example_nested_branch_dag.py for tasks to queue
[2025-01-08T12:30:09.196+0000] {logging_mixin.py:188} INFO - [2025-01-08T12:30:09.196+0000] {dagbag.py:538} INFO - Filling up the DagBag from /home/airflow/.local/lib/python3.8/site-packages/airflow/example_dags/example_nested_branch_dag.py
[2025-01-08T12:30:09.216+0000] {processor.py:840} INFO - DAG(s) 'example_nested_branch_dag' retrieved from /home/airflow/.local/lib/python3.8/site-packages/airflow/example_dags/example_nested_branch_dag.py
[2025-01-08T12:30:09.299+0000] {logging_mixin.py:188} INFO - [2025-01-08T12:30:09.298+0000] {dag.py:3036} INFO - Sync 1 DAGs
[2025-01-08T12:30:09.358+0000] {logging_mixin.py:188} INFO - [2025-01-08T12:30:09.357+0000] {dag.py:3823} INFO - Setting next_dagrun for example_nested_branch_dag to 2025-01-07 00:00:00+00:00, run_after=2025-01-08 00:00:00+00:00
[2025-01-08T12:30:09.438+0000] {processor.py:183} INFO - Processing /home/airflow/.local/lib/python3.8/site-packages/airflow/example_dags/example_nested_branch_dag.py took 0.253 seconds
[2025-01-08T12:30:40.081+0000] {processor.py:161} INFO - Started process (PID=2185) to work on /home/airflow/.local/lib/python3.8/site-packages/airflow/example_dags/example_nested_branch_dag.py
[2025-01-08T12:30:40.084+0000] {processor.py:830} INFO - Processing file /home/airflow/.local/lib/python3.8/site-packages/airflow/example_dags/example_nested_branch_dag.py for tasks to queue
[2025-01-08T12:30:40.090+0000] {logging_mixin.py:188} INFO - [2025-01-08T12:30:40.089+0000] {dagbag.py:538} INFO - Filling up the DagBag from /home/airflow/.local/lib/python3.8/site-packages/airflow/example_dags/example_nested_branch_dag.py
[2025-01-08T12:30:40.113+0000] {processor.py:840} INFO - DAG(s) 'example_nested_branch_dag' retrieved from /home/airflow/.local/lib/python3.8/site-packages/airflow/example_dags/example_nested_branch_dag.py
[2025-01-08T12:30:40.146+0000] {logging_mixin.py:188} INFO - [2025-01-08T12:30:40.145+0000] {dag.py:3036} INFO - Sync 1 DAGs
[2025-01-08T12:30:40.175+0000] {logging_mixin.py:188} INFO - [2025-01-08T12:30:40.174+0000] {dag.py:3823} INFO - Setting next_dagrun for example_nested_branch_dag to 2025-01-07 00:00:00+00:00, run_after=2025-01-08 00:00:00+00:00
[2025-01-08T12:30:40.202+0000] {processor.py:183} INFO - Processing /home/airflow/.local/lib/python3.8/site-packages/airflow/example_dags/example_nested_branch_dag.py took 0.131 seconds
[2025-01-08T12:31:10.298+0000] {processor.py:161} INFO - Started process (PID=2244) to work on /home/airflow/.local/lib/python3.8/site-packages/airflow/example_dags/example_nested_branch_dag.py
[2025-01-08T12:31:10.300+0000] {processor.py:830} INFO - Processing file /home/airflow/.local/lib/python3.8/site-packages/airflow/example_dags/example_nested_branch_dag.py for tasks to queue
[2025-01-08T12:31:10.302+0000] {logging_mixin.py:188} INFO - [2025-01-08T12:31:10.302+0000] {dagbag.py:538} INFO - Filling up the DagBag from /home/airflow/.local/lib/python3.8/site-packages/airflow/example_dags/example_nested_branch_dag.py
[2025-01-08T12:31:10.316+0000] {processor.py:840} INFO - DAG(s) 'example_nested_branch_dag' retrieved from /home/airflow/.local/lib/python3.8/site-packages/airflow/example_dags/example_nested_branch_dag.py
[2025-01-08T12:31:10.347+0000] {logging_mixin.py:188} INFO - [2025-01-08T12:31:10.346+0000] {dag.py:3036} INFO - Sync 1 DAGs
[2025-01-08T12:31:10.380+0000] {logging_mixin.py:188} INFO - [2025-01-08T12:31:10.380+0000] {dag.py:3823} INFO - Setting next_dagrun for example_nested_branch_dag to 2025-01-07 00:00:00+00:00, run_after=2025-01-08 00:00:00+00:00
[2025-01-08T12:31:10.413+0000] {processor.py:183} INFO - Processing /home/airflow/.local/lib/python3.8/site-packages/airflow/example_dags/example_nested_branch_dag.py took 0.120 seconds
[2025-01-08T12:31:40.846+0000] {processor.py:161} INFO - Started process (PID=2301) to work on /home/airflow/.local/lib/python3.8/site-packages/airflow/example_dags/example_nested_branch_dag.py
[2025-01-08T12:31:40.848+0000] {processor.py:830} INFO - Processing file /home/airflow/.local/lib/python3.8/site-packages/airflow/example_dags/example_nested_branch_dag.py for tasks to queue
[2025-01-08T12:31:40.852+0000] {logging_mixin.py:188} INFO - [2025-01-08T12:31:40.851+0000] {dagbag.py:538} INFO - Filling up the DagBag from /home/airflow/.local/lib/python3.8/site-packages/airflow/example_dags/example_nested_branch_dag.py
[2025-01-08T12:31:40.881+0000] {processor.py:840} INFO - DAG(s) 'example_nested_branch_dag' retrieved from /home/airflow/.local/lib/python3.8/site-packages/airflow/example_dags/example_nested_branch_dag.py
[2025-01-08T12:31:41.115+0000] {logging_mixin.py:188} INFO - [2025-01-08T12:31:41.114+0000] {dag.py:3036} INFO - Sync 1 DAGs
[2025-01-08T12:31:41.169+0000] {logging_mixin.py:188} INFO - [2025-01-08T12:31:41.169+0000] {dag.py:3823} INFO - Setting next_dagrun for example_nested_branch_dag to 2025-01-07 00:00:00+00:00, run_after=2025-01-08 00:00:00+00:00
[2025-01-08T12:31:41.224+0000] {processor.py:183} INFO - Processing /home/airflow/.local/lib/python3.8/site-packages/airflow/example_dags/example_nested_branch_dag.py took 0.387 seconds
[2025-01-08T12:32:11.885+0000] {processor.py:161} INFO - Started process (PID=2360) to work on /home/airflow/.local/lib/python3.8/site-packages/airflow/example_dags/example_nested_branch_dag.py
[2025-01-08T12:32:11.887+0000] {processor.py:830} INFO - Processing file /home/airflow/.local/lib/python3.8/site-packages/airflow/example_dags/example_nested_branch_dag.py for tasks to queue
[2025-01-08T12:32:11.890+0000] {logging_mixin.py:188} INFO - [2025-01-08T12:32:11.890+0000] {dagbag.py:538} INFO - Filling up the DagBag from /home/airflow/.local/lib/python3.8/site-packages/airflow/example_dags/example_nested_branch_dag.py
[2025-01-08T12:32:11.908+0000] {processor.py:840} INFO - DAG(s) 'example_nested_branch_dag' retrieved from /home/airflow/.local/lib/python3.8/site-packages/airflow/example_dags/example_nested_branch_dag.py
[2025-01-08T12:32:11.945+0000] {logging_mixin.py:188} INFO - [2025-01-08T12:32:11.945+0000] {dag.py:3036} INFO - Sync 1 DAGs
[2025-01-08T12:32:11.990+0000] {logging_mixin.py:188} INFO - [2025-01-08T12:32:11.990+0000] {dag.py:3823} INFO - Setting next_dagrun for example_nested_branch_dag to 2025-01-07 00:00:00+00:00, run_after=2025-01-08 00:00:00+00:00
[2025-01-08T12:32:12.021+0000] {processor.py:183} INFO - Processing /home/airflow/.local/lib/python3.8/site-packages/airflow/example_dags/example_nested_branch_dag.py took 0.141 seconds
[2025-01-08T12:32:42.520+0000] {processor.py:161} INFO - Started process (PID=2419) to work on /home/airflow/.local/lib/python3.8/site-packages/airflow/example_dags/example_nested_branch_dag.py
[2025-01-08T12:32:42.521+0000] {processor.py:830} INFO - Processing file /home/airflow/.local/lib/python3.8/site-packages/airflow/example_dags/example_nested_branch_dag.py for tasks to queue
[2025-01-08T12:32:42.525+0000] {logging_mixin.py:188} INFO - [2025-01-08T12:32:42.525+0000] {dagbag.py:538} INFO - Filling up the DagBag from /home/airflow/.local/lib/python3.8/site-packages/airflow/example_dags/example_nested_branch_dag.py
[2025-01-08T12:32:42.545+0000] {processor.py:840} INFO - DAG(s) 'example_nested_branch_dag' retrieved from /home/airflow/.local/lib/python3.8/site-packages/airflow/example_dags/example_nested_branch_dag.py
[2025-01-08T12:32:42.592+0000] {logging_mixin.py:188} INFO - [2025-01-08T12:32:42.591+0000] {dag.py:3036} INFO - Sync 1 DAGs
[2025-01-08T12:32:42.698+0000] {logging_mixin.py:188} INFO - [2025-01-08T12:32:42.698+0000] {dag.py:3823} INFO - Setting next_dagrun for example_nested_branch_dag to 2025-01-07 00:00:00+00:00, run_after=2025-01-08 00:00:00+00:00
[2025-01-08T12:32:42.774+0000] {processor.py:183} INFO - Processing /home/airflow/.local/lib/python3.8/site-packages/airflow/example_dags/example_nested_branch_dag.py took 0.261 seconds
[2025-01-08T12:33:13.471+0000] {processor.py:161} INFO - Started process (PID=2478) to work on /home/airflow/.local/lib/python3.8/site-packages/airflow/example_dags/example_nested_branch_dag.py
[2025-01-08T12:33:13.475+0000] {processor.py:830} INFO - Processing file /home/airflow/.local/lib/python3.8/site-packages/airflow/example_dags/example_nested_branch_dag.py for tasks to queue
[2025-01-08T12:33:13.484+0000] {logging_mixin.py:188} INFO - [2025-01-08T12:33:13.483+0000] {dagbag.py:538} INFO - Filling up the DagBag from /home/airflow/.local/lib/python3.8/site-packages/airflow/example_dags/example_nested_branch_dag.py
[2025-01-08T12:33:13.517+0000] {processor.py:840} INFO - DAG(s) 'example_nested_branch_dag' retrieved from /home/airflow/.local/lib/python3.8/site-packages/airflow/example_dags/example_nested_branch_dag.py
[2025-01-08T12:33:13.622+0000] {logging_mixin.py:188} INFO - [2025-01-08T12:33:13.621+0000] {dag.py:3036} INFO - Sync 1 DAGs
[2025-01-08T12:33:13.685+0000] {logging_mixin.py:188} INFO - [2025-01-08T12:33:13.684+0000] {dag.py:3823} INFO - Setting next_dagrun for example_nested_branch_dag to 2025-01-07 00:00:00+00:00, run_after=2025-01-08 00:00:00+00:00
[2025-01-08T12:33:13.734+0000] {processor.py:183} INFO - Processing /home/airflow/.local/lib/python3.8/site-packages/airflow/example_dags/example_nested_branch_dag.py took 0.279 seconds
[2025-01-08T12:33:43.930+0000] {processor.py:161} INFO - Started process (PID=2537) to work on /home/airflow/.local/lib/python3.8/site-packages/airflow/example_dags/example_nested_branch_dag.py
[2025-01-08T12:33:43.940+0000] {processor.py:830} INFO - Processing file /home/airflow/.local/lib/python3.8/site-packages/airflow/example_dags/example_nested_branch_dag.py for tasks to queue
[2025-01-08T12:33:43.943+0000] {logging_mixin.py:188} INFO - [2025-01-08T12:33:43.943+0000] {dagbag.py:538} INFO - Filling up the DagBag from /home/airflow/.local/lib/python3.8/site-packages/airflow/example_dags/example_nested_branch_dag.py
[2025-01-08T12:33:43.962+0000] {processor.py:840} INFO - DAG(s) 'example_nested_branch_dag' retrieved from /home/airflow/.local/lib/python3.8/site-packages/airflow/example_dags/example_nested_branch_dag.py
[2025-01-08T12:33:44.010+0000] {logging_mixin.py:188} INFO - [2025-01-08T12:33:44.009+0000] {dag.py:3036} INFO - Sync 1 DAGs
[2025-01-08T12:33:44.057+0000] {logging_mixin.py:188} INFO - [2025-01-08T12:33:44.057+0000] {dag.py:3823} INFO - Setting next_dagrun for example_nested_branch_dag to 2025-01-07 00:00:00+00:00, run_after=2025-01-08 00:00:00+00:00
[2025-01-08T12:33:44.100+0000] {processor.py:183} INFO - Processing /home/airflow/.local/lib/python3.8/site-packages/airflow/example_dags/example_nested_branch_dag.py took 0.178 seconds
