[2025-01-08T12:11:58.288+0000] {processor.py:161} INFO - Started process (PID=58) to work on /home/airflow/.local/lib/python3.8/site-packages/airflow/example_dags/example_kubernetes_executor.py
[2025-01-08T12:11:58.290+0000] {processor.py:830} INFO - Processing file /home/airflow/.local/lib/python3.8/site-packages/airflow/example_dags/example_kubernetes_executor.py for tasks to queue
[2025-01-08T12:11:58.294+0000] {logging_mixin.py:188} INFO - [2025-01-08T12:11:58.294+0000] {dagbag.py:538} INFO - Filling up the DagBag from /home/airflow/.local/lib/python3.8/site-packages/airflow/example_dags/example_kubernetes_executor.py
[2025-01-08T12:11:58.354+0000] {processor.py:840} INFO - DAG(s) 'example_kubernetes_executor' retrieved from /home/airflow/.local/lib/python3.8/site-packages/airflow/example_dags/example_kubernetes_executor.py
[2025-01-08T12:11:58.854+0000] {logging_mixin.py:188} INFO - [2025-01-08T12:11:58.853+0000] {dag.py:3036} INFO - Sync 1 DAGs
[2025-01-08T12:11:58.883+0000] {logging_mixin.py:188} INFO - [2025-01-08T12:11:58.882+0000] {dag.py:3823} INFO - Setting next_dagrun for example_kubernetes_executor to None, run_after=None
[2025-01-08T12:11:58.924+0000] {processor.py:183} INFO - Processing /home/airflow/.local/lib/python3.8/site-packages/airflow/example_dags/example_kubernetes_executor.py took 0.648 seconds
[2025-01-08T12:12:29.472+0000] {processor.py:161} INFO - Started process (PID=115) to work on /home/airflow/.local/lib/python3.8/site-packages/airflow/example_dags/example_kubernetes_executor.py
[2025-01-08T12:12:29.475+0000] {processor.py:830} INFO - Processing file /home/airflow/.local/lib/python3.8/site-packages/airflow/example_dags/example_kubernetes_executor.py for tasks to queue
[2025-01-08T12:12:29.478+0000] {logging_mixin.py:188} INFO - [2025-01-08T12:12:29.478+0000] {dagbag.py:538} INFO - Filling up the DagBag from /home/airflow/.local/lib/python3.8/site-packages/airflow/example_dags/example_kubernetes_executor.py
[2025-01-08T12:12:29.514+0000] {processor.py:840} INFO - DAG(s) 'example_kubernetes_executor' retrieved from /home/airflow/.local/lib/python3.8/site-packages/airflow/example_dags/example_kubernetes_executor.py
[2025-01-08T12:12:29.577+0000] {logging_mixin.py:188} INFO - [2025-01-08T12:12:29.577+0000] {dag.py:3036} INFO - Sync 1 DAGs
[2025-01-08T12:12:29.603+0000] {logging_mixin.py:188} INFO - [2025-01-08T12:12:29.602+0000] {dag.py:3823} INFO - Setting next_dagrun for example_kubernetes_executor to None, run_after=None
[2025-01-08T12:12:29.645+0000] {processor.py:183} INFO - Processing /home/airflow/.local/lib/python3.8/site-packages/airflow/example_dags/example_kubernetes_executor.py took 0.181 seconds
[2025-01-08T12:13:00.394+0000] {processor.py:161} INFO - Started process (PID=172) to work on /home/airflow/.local/lib/python3.8/site-packages/airflow/example_dags/example_kubernetes_executor.py
[2025-01-08T12:13:00.397+0000] {processor.py:830} INFO - Processing file /home/airflow/.local/lib/python3.8/site-packages/airflow/example_dags/example_kubernetes_executor.py for tasks to queue
[2025-01-08T12:13:00.408+0000] {logging_mixin.py:188} INFO - [2025-01-08T12:13:00.407+0000] {dagbag.py:538} INFO - Filling up the DagBag from /home/airflow/.local/lib/python3.8/site-packages/airflow/example_dags/example_kubernetes_executor.py
[2025-01-08T12:13:00.443+0000] {processor.py:840} INFO - DAG(s) 'example_kubernetes_executor' retrieved from /home/airflow/.local/lib/python3.8/site-packages/airflow/example_dags/example_kubernetes_executor.py
[2025-01-08T12:13:00.543+0000] {logging_mixin.py:188} INFO - [2025-01-08T12:13:00.543+0000] {dag.py:3036} INFO - Sync 1 DAGs
[2025-01-08T12:13:00.579+0000] {logging_mixin.py:188} INFO - [2025-01-08T12:13:00.578+0000] {dag.py:3823} INFO - Setting next_dagrun for example_kubernetes_executor to None, run_after=None
[2025-01-08T12:13:00.620+0000] {processor.py:183} INFO - Processing /home/airflow/.local/lib/python3.8/site-packages/airflow/example_dags/example_kubernetes_executor.py took 0.233 seconds
[2025-01-08T12:13:31.035+0000] {processor.py:161} INFO - Started process (PID=229) to work on /home/airflow/.local/lib/python3.8/site-packages/airflow/example_dags/example_kubernetes_executor.py
[2025-01-08T12:13:31.036+0000] {processor.py:830} INFO - Processing file /home/airflow/.local/lib/python3.8/site-packages/airflow/example_dags/example_kubernetes_executor.py for tasks to queue
[2025-01-08T12:13:31.038+0000] {logging_mixin.py:188} INFO - [2025-01-08T12:13:31.038+0000] {dagbag.py:538} INFO - Filling up the DagBag from /home/airflow/.local/lib/python3.8/site-packages/airflow/example_dags/example_kubernetes_executor.py
[2025-01-08T12:13:31.062+0000] {processor.py:840} INFO - DAG(s) 'example_kubernetes_executor' retrieved from /home/airflow/.local/lib/python3.8/site-packages/airflow/example_dags/example_kubernetes_executor.py
[2025-01-08T12:13:31.172+0000] {logging_mixin.py:188} INFO - [2025-01-08T12:13:31.160+0000] {dag.py:3036} INFO - Sync 1 DAGs
[2025-01-08T12:13:31.232+0000] {logging_mixin.py:188} INFO - [2025-01-08T12:13:31.232+0000] {dag.py:3823} INFO - Setting next_dagrun for example_kubernetes_executor to None, run_after=None
[2025-01-08T12:13:31.323+0000] {processor.py:183} INFO - Processing /home/airflow/.local/lib/python3.8/site-packages/airflow/example_dags/example_kubernetes_executor.py took 0.293 seconds
[2025-01-08T12:14:02.188+0000] {processor.py:161} INFO - Started process (PID=286) to work on /home/airflow/.local/lib/python3.8/site-packages/airflow/example_dags/example_kubernetes_executor.py
[2025-01-08T12:14:02.192+0000] {processor.py:830} INFO - Processing file /home/airflow/.local/lib/python3.8/site-packages/airflow/example_dags/example_kubernetes_executor.py for tasks to queue
[2025-01-08T12:14:02.196+0000] {logging_mixin.py:188} INFO - [2025-01-08T12:14:02.195+0000] {dagbag.py:538} INFO - Filling up the DagBag from /home/airflow/.local/lib/python3.8/site-packages/airflow/example_dags/example_kubernetes_executor.py
[2025-01-08T12:14:02.232+0000] {processor.py:840} INFO - DAG(s) 'example_kubernetes_executor' retrieved from /home/airflow/.local/lib/python3.8/site-packages/airflow/example_dags/example_kubernetes_executor.py
[2025-01-08T12:14:02.333+0000] {logging_mixin.py:188} INFO - [2025-01-08T12:14:02.332+0000] {dag.py:3036} INFO - Sync 1 DAGs
[2025-01-08T12:14:02.371+0000] {logging_mixin.py:188} INFO - [2025-01-08T12:14:02.370+0000] {dag.py:3823} INFO - Setting next_dagrun for example_kubernetes_executor to None, run_after=None
[2025-01-08T12:14:02.438+0000] {processor.py:183} INFO - Processing /home/airflow/.local/lib/python3.8/site-packages/airflow/example_dags/example_kubernetes_executor.py took 0.256 seconds
[2025-01-08T12:14:33.061+0000] {processor.py:161} INFO - Started process (PID=343) to work on /home/airflow/.local/lib/python3.8/site-packages/airflow/example_dags/example_kubernetes_executor.py
[2025-01-08T12:14:33.062+0000] {processor.py:830} INFO - Processing file /home/airflow/.local/lib/python3.8/site-packages/airflow/example_dags/example_kubernetes_executor.py for tasks to queue
[2025-01-08T12:14:33.065+0000] {logging_mixin.py:188} INFO - [2025-01-08T12:14:33.064+0000] {dagbag.py:538} INFO - Filling up the DagBag from /home/airflow/.local/lib/python3.8/site-packages/airflow/example_dags/example_kubernetes_executor.py
[2025-01-08T12:14:33.087+0000] {processor.py:840} INFO - DAG(s) 'example_kubernetes_executor' retrieved from /home/airflow/.local/lib/python3.8/site-packages/airflow/example_dags/example_kubernetes_executor.py
[2025-01-08T12:14:33.146+0000] {logging_mixin.py:188} INFO - [2025-01-08T12:14:33.146+0000] {dag.py:3036} INFO - Sync 1 DAGs
[2025-01-08T12:14:33.167+0000] {logging_mixin.py:188} INFO - [2025-01-08T12:14:33.166+0000] {dag.py:3823} INFO - Setting next_dagrun for example_kubernetes_executor to None, run_after=None
[2025-01-08T12:14:33.198+0000] {processor.py:183} INFO - Processing /home/airflow/.local/lib/python3.8/site-packages/airflow/example_dags/example_kubernetes_executor.py took 0.142 seconds
[2025-01-08T12:15:03.891+0000] {processor.py:161} INFO - Started process (PID=400) to work on /home/airflow/.local/lib/python3.8/site-packages/airflow/example_dags/example_kubernetes_executor.py
[2025-01-08T12:15:03.893+0000] {processor.py:830} INFO - Processing file /home/airflow/.local/lib/python3.8/site-packages/airflow/example_dags/example_kubernetes_executor.py for tasks to queue
[2025-01-08T12:15:03.896+0000] {logging_mixin.py:188} INFO - [2025-01-08T12:15:03.895+0000] {dagbag.py:538} INFO - Filling up the DagBag from /home/airflow/.local/lib/python3.8/site-packages/airflow/example_dags/example_kubernetes_executor.py
[2025-01-08T12:15:03.919+0000] {processor.py:840} INFO - DAG(s) 'example_kubernetes_executor' retrieved from /home/airflow/.local/lib/python3.8/site-packages/airflow/example_dags/example_kubernetes_executor.py
[2025-01-08T12:15:03.986+0000] {logging_mixin.py:188} INFO - [2025-01-08T12:15:03.985+0000] {dag.py:3036} INFO - Sync 1 DAGs
[2025-01-08T12:15:04.009+0000] {logging_mixin.py:188} INFO - [2025-01-08T12:15:04.009+0000] {dag.py:3823} INFO - Setting next_dagrun for example_kubernetes_executor to None, run_after=None
[2025-01-08T12:15:04.038+0000] {processor.py:183} INFO - Processing /home/airflow/.local/lib/python3.8/site-packages/airflow/example_dags/example_kubernetes_executor.py took 0.153 seconds
[2025-01-08T12:15:34.128+0000] {processor.py:161} INFO - Started process (PID=457) to work on /home/airflow/.local/lib/python3.8/site-packages/airflow/example_dags/example_kubernetes_executor.py
[2025-01-08T12:15:34.130+0000] {processor.py:830} INFO - Processing file /home/airflow/.local/lib/python3.8/site-packages/airflow/example_dags/example_kubernetes_executor.py for tasks to queue
[2025-01-08T12:15:34.132+0000] {logging_mixin.py:188} INFO - [2025-01-08T12:15:34.132+0000] {dagbag.py:538} INFO - Filling up the DagBag from /home/airflow/.local/lib/python3.8/site-packages/airflow/example_dags/example_kubernetes_executor.py
[2025-01-08T12:15:34.155+0000] {processor.py:840} INFO - DAG(s) 'example_kubernetes_executor' retrieved from /home/airflow/.local/lib/python3.8/site-packages/airflow/example_dags/example_kubernetes_executor.py
[2025-01-08T12:15:34.224+0000] {logging_mixin.py:188} INFO - [2025-01-08T12:15:34.223+0000] {dag.py:3036} INFO - Sync 1 DAGs
[2025-01-08T12:15:34.243+0000] {logging_mixin.py:188} INFO - [2025-01-08T12:15:34.243+0000] {dag.py:3823} INFO - Setting next_dagrun for example_kubernetes_executor to None, run_after=None
[2025-01-08T12:15:34.272+0000] {processor.py:183} INFO - Processing /home/airflow/.local/lib/python3.8/site-packages/airflow/example_dags/example_kubernetes_executor.py took 0.148 seconds
[2025-01-08T12:16:04.668+0000] {processor.py:161} INFO - Started process (PID=514) to work on /home/airflow/.local/lib/python3.8/site-packages/airflow/example_dags/example_kubernetes_executor.py
[2025-01-08T12:16:04.670+0000] {processor.py:830} INFO - Processing file /home/airflow/.local/lib/python3.8/site-packages/airflow/example_dags/example_kubernetes_executor.py for tasks to queue
[2025-01-08T12:16:04.672+0000] {logging_mixin.py:188} INFO - [2025-01-08T12:16:04.672+0000] {dagbag.py:538} INFO - Filling up the DagBag from /home/airflow/.local/lib/python3.8/site-packages/airflow/example_dags/example_kubernetes_executor.py
[2025-01-08T12:16:04.695+0000] {processor.py:840} INFO - DAG(s) 'example_kubernetes_executor' retrieved from /home/airflow/.local/lib/python3.8/site-packages/airflow/example_dags/example_kubernetes_executor.py
[2025-01-08T12:16:04.766+0000] {logging_mixin.py:188} INFO - [2025-01-08T12:16:04.765+0000] {dag.py:3036} INFO - Sync 1 DAGs
[2025-01-08T12:16:04.787+0000] {logging_mixin.py:188} INFO - [2025-01-08T12:16:04.787+0000] {dag.py:3823} INFO - Setting next_dagrun for example_kubernetes_executor to None, run_after=None
[2025-01-08T12:16:04.818+0000] {processor.py:183} INFO - Processing /home/airflow/.local/lib/python3.8/site-packages/airflow/example_dags/example_kubernetes_executor.py took 0.155 seconds
[2025-01-08T12:16:35.049+0000] {processor.py:161} INFO - Started process (PID=572) to work on /home/airflow/.local/lib/python3.8/site-packages/airflow/example_dags/example_kubernetes_executor.py
[2025-01-08T12:16:35.050+0000] {processor.py:830} INFO - Processing file /home/airflow/.local/lib/python3.8/site-packages/airflow/example_dags/example_kubernetes_executor.py for tasks to queue
[2025-01-08T12:16:35.057+0000] {logging_mixin.py:188} INFO - [2025-01-08T12:16:35.057+0000] {dagbag.py:538} INFO - Filling up the DagBag from /home/airflow/.local/lib/python3.8/site-packages/airflow/example_dags/example_kubernetes_executor.py
[2025-01-08T12:16:35.084+0000] {processor.py:840} INFO - DAG(s) 'example_kubernetes_executor' retrieved from /home/airflow/.local/lib/python3.8/site-packages/airflow/example_dags/example_kubernetes_executor.py
[2025-01-08T12:16:35.155+0000] {logging_mixin.py:188} INFO - [2025-01-08T12:16:35.155+0000] {dag.py:3036} INFO - Sync 1 DAGs
[2025-01-08T12:16:35.186+0000] {logging_mixin.py:188} INFO - [2025-01-08T12:16:35.186+0000] {dag.py:3823} INFO - Setting next_dagrun for example_kubernetes_executor to None, run_after=None
[2025-01-08T12:16:35.226+0000] {processor.py:183} INFO - Processing /home/airflow/.local/lib/python3.8/site-packages/airflow/example_dags/example_kubernetes_executor.py took 0.183 seconds
[2025-01-08T12:17:05.884+0000] {processor.py:161} INFO - Started process (PID=631) to work on /home/airflow/.local/lib/python3.8/site-packages/airflow/example_dags/example_kubernetes_executor.py
[2025-01-08T12:17:05.913+0000] {processor.py:830} INFO - Processing file /home/airflow/.local/lib/python3.8/site-packages/airflow/example_dags/example_kubernetes_executor.py for tasks to queue
[2025-01-08T12:17:05.918+0000] {logging_mixin.py:188} INFO - [2025-01-08T12:17:05.917+0000] {dagbag.py:538} INFO - Filling up the DagBag from /home/airflow/.local/lib/python3.8/site-packages/airflow/example_dags/example_kubernetes_executor.py
[2025-01-08T12:17:05.944+0000] {processor.py:840} INFO - DAG(s) 'example_kubernetes_executor' retrieved from /home/airflow/.local/lib/python3.8/site-packages/airflow/example_dags/example_kubernetes_executor.py
[2025-01-08T12:17:06.027+0000] {logging_mixin.py:188} INFO - [2025-01-08T12:17:06.026+0000] {dag.py:3036} INFO - Sync 1 DAGs
[2025-01-08T12:17:06.054+0000] {logging_mixin.py:188} INFO - [2025-01-08T12:17:06.054+0000] {dag.py:3823} INFO - Setting next_dagrun for example_kubernetes_executor to None, run_after=None
[2025-01-08T12:17:06.089+0000] {processor.py:183} INFO - Processing /home/airflow/.local/lib/python3.8/site-packages/airflow/example_dags/example_kubernetes_executor.py took 0.211 seconds
[2025-01-08T12:17:36.528+0000] {processor.py:161} INFO - Started process (PID=690) to work on /home/airflow/.local/lib/python3.8/site-packages/airflow/example_dags/example_kubernetes_executor.py
[2025-01-08T12:17:36.529+0000] {processor.py:830} INFO - Processing file /home/airflow/.local/lib/python3.8/site-packages/airflow/example_dags/example_kubernetes_executor.py for tasks to queue
[2025-01-08T12:17:36.533+0000] {logging_mixin.py:188} INFO - [2025-01-08T12:17:36.532+0000] {dagbag.py:538} INFO - Filling up the DagBag from /home/airflow/.local/lib/python3.8/site-packages/airflow/example_dags/example_kubernetes_executor.py
[2025-01-08T12:17:36.556+0000] {processor.py:840} INFO - DAG(s) 'example_kubernetes_executor' retrieved from /home/airflow/.local/lib/python3.8/site-packages/airflow/example_dags/example_kubernetes_executor.py
[2025-01-08T12:17:36.619+0000] {logging_mixin.py:188} INFO - [2025-01-08T12:17:36.619+0000] {dag.py:3036} INFO - Sync 1 DAGs
[2025-01-08T12:17:36.644+0000] {logging_mixin.py:188} INFO - [2025-01-08T12:17:36.644+0000] {dag.py:3823} INFO - Setting next_dagrun for example_kubernetes_executor to None, run_after=None
[2025-01-08T12:17:36.675+0000] {processor.py:183} INFO - Processing /home/airflow/.local/lib/python3.8/site-packages/airflow/example_dags/example_kubernetes_executor.py took 0.152 seconds
[2025-01-08T12:18:07.200+0000] {processor.py:161} INFO - Started process (PID=749) to work on /home/airflow/.local/lib/python3.8/site-packages/airflow/example_dags/example_kubernetes_executor.py
[2025-01-08T12:18:07.201+0000] {processor.py:830} INFO - Processing file /home/airflow/.local/lib/python3.8/site-packages/airflow/example_dags/example_kubernetes_executor.py for tasks to queue
[2025-01-08T12:18:07.204+0000] {logging_mixin.py:188} INFO - [2025-01-08T12:18:07.204+0000] {dagbag.py:538} INFO - Filling up the DagBag from /home/airflow/.local/lib/python3.8/site-packages/airflow/example_dags/example_kubernetes_executor.py
[2025-01-08T12:18:07.228+0000] {processor.py:840} INFO - DAG(s) 'example_kubernetes_executor' retrieved from /home/airflow/.local/lib/python3.8/site-packages/airflow/example_dags/example_kubernetes_executor.py
[2025-01-08T12:18:07.294+0000] {logging_mixin.py:188} INFO - [2025-01-08T12:18:07.294+0000] {dag.py:3036} INFO - Sync 1 DAGs
[2025-01-08T12:18:07.317+0000] {logging_mixin.py:188} INFO - [2025-01-08T12:18:07.317+0000] {dag.py:3823} INFO - Setting next_dagrun for example_kubernetes_executor to None, run_after=None
[2025-01-08T12:18:07.352+0000] {processor.py:183} INFO - Processing /home/airflow/.local/lib/python3.8/site-packages/airflow/example_dags/example_kubernetes_executor.py took 0.156 seconds
[2025-01-08T12:18:38.021+0000] {processor.py:161} INFO - Started process (PID=808) to work on /home/airflow/.local/lib/python3.8/site-packages/airflow/example_dags/example_kubernetes_executor.py
[2025-01-08T12:18:38.023+0000] {processor.py:830} INFO - Processing file /home/airflow/.local/lib/python3.8/site-packages/airflow/example_dags/example_kubernetes_executor.py for tasks to queue
[2025-01-08T12:18:38.025+0000] {logging_mixin.py:188} INFO - [2025-01-08T12:18:38.025+0000] {dagbag.py:538} INFO - Filling up the DagBag from /home/airflow/.local/lib/python3.8/site-packages/airflow/example_dags/example_kubernetes_executor.py
[2025-01-08T12:18:38.055+0000] {processor.py:840} INFO - DAG(s) 'example_kubernetes_executor' retrieved from /home/airflow/.local/lib/python3.8/site-packages/airflow/example_dags/example_kubernetes_executor.py
[2025-01-08T12:18:38.121+0000] {logging_mixin.py:188} INFO - [2025-01-08T12:18:38.120+0000] {dag.py:3036} INFO - Sync 1 DAGs
[2025-01-08T12:18:38.149+0000] {logging_mixin.py:188} INFO - [2025-01-08T12:18:38.149+0000] {dag.py:3823} INFO - Setting next_dagrun for example_kubernetes_executor to None, run_after=None
[2025-01-08T12:18:38.177+0000] {processor.py:183} INFO - Processing /home/airflow/.local/lib/python3.8/site-packages/airflow/example_dags/example_kubernetes_executor.py took 0.160 seconds
[2025-01-08T12:19:08.524+0000] {processor.py:161} INFO - Started process (PID=868) to work on /home/airflow/.local/lib/python3.8/site-packages/airflow/example_dags/example_kubernetes_executor.py
[2025-01-08T12:19:08.525+0000] {processor.py:830} INFO - Processing file /home/airflow/.local/lib/python3.8/site-packages/airflow/example_dags/example_kubernetes_executor.py for tasks to queue
[2025-01-08T12:19:08.528+0000] {logging_mixin.py:188} INFO - [2025-01-08T12:19:08.528+0000] {dagbag.py:538} INFO - Filling up the DagBag from /home/airflow/.local/lib/python3.8/site-packages/airflow/example_dags/example_kubernetes_executor.py
[2025-01-08T12:19:08.562+0000] {processor.py:840} INFO - DAG(s) 'example_kubernetes_executor' retrieved from /home/airflow/.local/lib/python3.8/site-packages/airflow/example_dags/example_kubernetes_executor.py
[2025-01-08T12:19:08.668+0000] {logging_mixin.py:188} INFO - [2025-01-08T12:19:08.667+0000] {dag.py:3036} INFO - Sync 1 DAGs
[2025-01-08T12:19:08.743+0000] {logging_mixin.py:188} INFO - [2025-01-08T12:19:08.743+0000] {dag.py:3823} INFO - Setting next_dagrun for example_kubernetes_executor to None, run_after=None
[2025-01-08T12:19:08.805+0000] {processor.py:183} INFO - Processing /home/airflow/.local/lib/python3.8/site-packages/airflow/example_dags/example_kubernetes_executor.py took 0.287 seconds
[2025-01-08T12:19:39.672+0000] {processor.py:161} INFO - Started process (PID=927) to work on /home/airflow/.local/lib/python3.8/site-packages/airflow/example_dags/example_kubernetes_executor.py
[2025-01-08T12:19:39.673+0000] {processor.py:830} INFO - Processing file /home/airflow/.local/lib/python3.8/site-packages/airflow/example_dags/example_kubernetes_executor.py for tasks to queue
[2025-01-08T12:19:39.677+0000] {logging_mixin.py:188} INFO - [2025-01-08T12:19:39.677+0000] {dagbag.py:538} INFO - Filling up the DagBag from /home/airflow/.local/lib/python3.8/site-packages/airflow/example_dags/example_kubernetes_executor.py
[2025-01-08T12:19:39.704+0000] {processor.py:840} INFO - DAG(s) 'example_kubernetes_executor' retrieved from /home/airflow/.local/lib/python3.8/site-packages/airflow/example_dags/example_kubernetes_executor.py
[2025-01-08T12:19:39.785+0000] {logging_mixin.py:188} INFO - [2025-01-08T12:19:39.785+0000] {dag.py:3036} INFO - Sync 1 DAGs
[2025-01-08T12:19:39.807+0000] {logging_mixin.py:188} INFO - [2025-01-08T12:19:39.807+0000] {dag.py:3823} INFO - Setting next_dagrun for example_kubernetes_executor to None, run_after=None
[2025-01-08T12:19:39.840+0000] {processor.py:183} INFO - Processing /home/airflow/.local/lib/python3.8/site-packages/airflow/example_dags/example_kubernetes_executor.py took 0.175 seconds
[2025-01-08T12:20:11.519+0000] {processor.py:161} INFO - Started process (PID=986) to work on /home/airflow/.local/lib/python3.8/site-packages/airflow/example_dags/example_kubernetes_executor.py
[2025-01-08T12:20:11.521+0000] {processor.py:830} INFO - Processing file /home/airflow/.local/lib/python3.8/site-packages/airflow/example_dags/example_kubernetes_executor.py for tasks to queue
[2025-01-08T12:20:11.524+0000] {logging_mixin.py:188} INFO - [2025-01-08T12:20:11.524+0000] {dagbag.py:538} INFO - Filling up the DagBag from /home/airflow/.local/lib/python3.8/site-packages/airflow/example_dags/example_kubernetes_executor.py
[2025-01-08T12:20:11.546+0000] {processor.py:840} INFO - DAG(s) 'example_kubernetes_executor' retrieved from /home/airflow/.local/lib/python3.8/site-packages/airflow/example_dags/example_kubernetes_executor.py
[2025-01-08T12:20:11.609+0000] {logging_mixin.py:188} INFO - [2025-01-08T12:20:11.609+0000] {dag.py:3036} INFO - Sync 1 DAGs
[2025-01-08T12:20:11.629+0000] {logging_mixin.py:188} INFO - [2025-01-08T12:20:11.628+0000] {dag.py:3823} INFO - Setting next_dagrun for example_kubernetes_executor to None, run_after=None
[2025-01-08T12:20:11.660+0000] {processor.py:183} INFO - Processing /home/airflow/.local/lib/python3.8/site-packages/airflow/example_dags/example_kubernetes_executor.py took 0.147 seconds
[2025-01-08T12:20:43.406+0000] {processor.py:161} INFO - Started process (PID=1045) to work on /home/airflow/.local/lib/python3.8/site-packages/airflow/example_dags/example_kubernetes_executor.py
[2025-01-08T12:20:43.408+0000] {processor.py:830} INFO - Processing file /home/airflow/.local/lib/python3.8/site-packages/airflow/example_dags/example_kubernetes_executor.py for tasks to queue
[2025-01-08T12:20:43.413+0000] {logging_mixin.py:188} INFO - [2025-01-08T12:20:43.413+0000] {dagbag.py:538} INFO - Filling up the DagBag from /home/airflow/.local/lib/python3.8/site-packages/airflow/example_dags/example_kubernetes_executor.py
[2025-01-08T12:20:43.472+0000] {processor.py:840} INFO - DAG(s) 'example_kubernetes_executor' retrieved from /home/airflow/.local/lib/python3.8/site-packages/airflow/example_dags/example_kubernetes_executor.py
[2025-01-08T12:20:43.641+0000] {logging_mixin.py:188} INFO - [2025-01-08T12:20:43.641+0000] {dag.py:3036} INFO - Sync 1 DAGs
[2025-01-08T12:20:43.730+0000] {logging_mixin.py:188} INFO - [2025-01-08T12:20:43.729+0000] {dag.py:3823} INFO - Setting next_dagrun for example_kubernetes_executor to None, run_after=None
[2025-01-08T12:20:43.788+0000] {processor.py:183} INFO - Processing /home/airflow/.local/lib/python3.8/site-packages/airflow/example_dags/example_kubernetes_executor.py took 0.392 seconds
[2025-01-08T12:21:14.729+0000] {processor.py:161} INFO - Started process (PID=1103) to work on /home/airflow/.local/lib/python3.8/site-packages/airflow/example_dags/example_kubernetes_executor.py
[2025-01-08T12:21:14.734+0000] {processor.py:830} INFO - Processing file /home/airflow/.local/lib/python3.8/site-packages/airflow/example_dags/example_kubernetes_executor.py for tasks to queue
[2025-01-08T12:21:14.738+0000] {logging_mixin.py:188} INFO - [2025-01-08T12:21:14.738+0000] {dagbag.py:538} INFO - Filling up the DagBag from /home/airflow/.local/lib/python3.8/site-packages/airflow/example_dags/example_kubernetes_executor.py
[2025-01-08T12:21:14.769+0000] {processor.py:840} INFO - DAG(s) 'example_kubernetes_executor' retrieved from /home/airflow/.local/lib/python3.8/site-packages/airflow/example_dags/example_kubernetes_executor.py
[2025-01-08T12:21:14.849+0000] {logging_mixin.py:188} INFO - [2025-01-08T12:21:14.849+0000] {dag.py:3036} INFO - Sync 1 DAGs
[2025-01-08T12:21:14.874+0000] {logging_mixin.py:188} INFO - [2025-01-08T12:21:14.873+0000] {dag.py:3823} INFO - Setting next_dagrun for example_kubernetes_executor to None, run_after=None
[2025-01-08T12:21:14.907+0000] {processor.py:183} INFO - Processing /home/airflow/.local/lib/python3.8/site-packages/airflow/example_dags/example_kubernetes_executor.py took 0.185 seconds
[2025-01-08T12:21:45.082+0000] {processor.py:161} INFO - Started process (PID=1161) to work on /home/airflow/.local/lib/python3.8/site-packages/airflow/example_dags/example_kubernetes_executor.py
[2025-01-08T12:21:45.083+0000] {processor.py:830} INFO - Processing file /home/airflow/.local/lib/python3.8/site-packages/airflow/example_dags/example_kubernetes_executor.py for tasks to queue
[2025-01-08T12:21:45.086+0000] {logging_mixin.py:188} INFO - [2025-01-08T12:21:45.086+0000] {dagbag.py:538} INFO - Filling up the DagBag from /home/airflow/.local/lib/python3.8/site-packages/airflow/example_dags/example_kubernetes_executor.py
[2025-01-08T12:21:45.104+0000] {processor.py:840} INFO - DAG(s) 'example_kubernetes_executor' retrieved from /home/airflow/.local/lib/python3.8/site-packages/airflow/example_dags/example_kubernetes_executor.py
[2025-01-08T12:21:45.157+0000] {logging_mixin.py:188} INFO - [2025-01-08T12:21:45.157+0000] {dag.py:3036} INFO - Sync 1 DAGs
[2025-01-08T12:21:45.175+0000] {logging_mixin.py:188} INFO - [2025-01-08T12:21:45.174+0000] {dag.py:3823} INFO - Setting next_dagrun for example_kubernetes_executor to None, run_after=None
[2025-01-08T12:21:45.233+0000] {processor.py:183} INFO - Processing /home/airflow/.local/lib/python3.8/site-packages/airflow/example_dags/example_kubernetes_executor.py took 0.155 seconds
[2025-01-08T12:22:15.796+0000] {processor.py:161} INFO - Started process (PID=1220) to work on /home/airflow/.local/lib/python3.8/site-packages/airflow/example_dags/example_kubernetes_executor.py
[2025-01-08T12:22:15.800+0000] {processor.py:830} INFO - Processing file /home/airflow/.local/lib/python3.8/site-packages/airflow/example_dags/example_kubernetes_executor.py for tasks to queue
[2025-01-08T12:22:15.812+0000] {logging_mixin.py:188} INFO - [2025-01-08T12:22:15.812+0000] {dagbag.py:538} INFO - Filling up the DagBag from /home/airflow/.local/lib/python3.8/site-packages/airflow/example_dags/example_kubernetes_executor.py
[2025-01-08T12:22:15.885+0000] {processor.py:840} INFO - DAG(s) 'example_kubernetes_executor' retrieved from /home/airflow/.local/lib/python3.8/site-packages/airflow/example_dags/example_kubernetes_executor.py
[2025-01-08T12:22:16.030+0000] {logging_mixin.py:188} INFO - [2025-01-08T12:22:16.030+0000] {dag.py:3036} INFO - Sync 1 DAGs
[2025-01-08T12:22:16.050+0000] {logging_mixin.py:188} INFO - [2025-01-08T12:22:16.050+0000] {dag.py:3823} INFO - Setting next_dagrun for example_kubernetes_executor to None, run_after=None
[2025-01-08T12:22:16.088+0000] {processor.py:183} INFO - Processing /home/airflow/.local/lib/python3.8/site-packages/airflow/example_dags/example_kubernetes_executor.py took 0.305 seconds
[2025-01-08T12:22:46.240+0000] {processor.py:161} INFO - Started process (PID=1285) to work on /home/airflow/.local/lib/python3.8/site-packages/airflow/example_dags/example_kubernetes_executor.py
[2025-01-08T12:22:46.244+0000] {processor.py:830} INFO - Processing file /home/airflow/.local/lib/python3.8/site-packages/airflow/example_dags/example_kubernetes_executor.py for tasks to queue
[2025-01-08T12:22:46.253+0000] {logging_mixin.py:188} INFO - [2025-01-08T12:22:46.252+0000] {dagbag.py:538} INFO - Filling up the DagBag from /home/airflow/.local/lib/python3.8/site-packages/airflow/example_dags/example_kubernetes_executor.py
[2025-01-08T12:22:46.370+0000] {processor.py:840} INFO - DAG(s) 'example_kubernetes_executor' retrieved from /home/airflow/.local/lib/python3.8/site-packages/airflow/example_dags/example_kubernetes_executor.py
[2025-01-08T12:22:46.513+0000] {logging_mixin.py:188} INFO - [2025-01-08T12:22:46.513+0000] {dag.py:3036} INFO - Sync 1 DAGs
[2025-01-08T12:22:46.535+0000] {logging_mixin.py:188} INFO - [2025-01-08T12:22:46.534+0000] {dag.py:3823} INFO - Setting next_dagrun for example_kubernetes_executor to None, run_after=None
[2025-01-08T12:22:46.565+0000] {processor.py:183} INFO - Processing /home/airflow/.local/lib/python3.8/site-packages/airflow/example_dags/example_kubernetes_executor.py took 0.344 seconds
[2025-01-08T12:23:17.580+0000] {processor.py:161} INFO - Started process (PID=1345) to work on /home/airflow/.local/lib/python3.8/site-packages/airflow/example_dags/example_kubernetes_executor.py
[2025-01-08T12:23:17.582+0000] {processor.py:830} INFO - Processing file /home/airflow/.local/lib/python3.8/site-packages/airflow/example_dags/example_kubernetes_executor.py for tasks to queue
[2025-01-08T12:23:17.589+0000] {logging_mixin.py:188} INFO - [2025-01-08T12:23:17.588+0000] {dagbag.py:538} INFO - Filling up the DagBag from /home/airflow/.local/lib/python3.8/site-packages/airflow/example_dags/example_kubernetes_executor.py
[2025-01-08T12:23:17.629+0000] {processor.py:840} INFO - DAG(s) 'example_kubernetes_executor' retrieved from /home/airflow/.local/lib/python3.8/site-packages/airflow/example_dags/example_kubernetes_executor.py
[2025-01-08T12:23:17.752+0000] {logging_mixin.py:188} INFO - [2025-01-08T12:23:17.752+0000] {dag.py:3036} INFO - Sync 1 DAGs
[2025-01-08T12:23:17.782+0000] {logging_mixin.py:188} INFO - [2025-01-08T12:23:17.782+0000] {dag.py:3823} INFO - Setting next_dagrun for example_kubernetes_executor to None, run_after=None
[2025-01-08T12:23:17.830+0000] {processor.py:183} INFO - Processing /home/airflow/.local/lib/python3.8/site-packages/airflow/example_dags/example_kubernetes_executor.py took 0.258 seconds
[2025-01-08T12:23:48.487+0000] {processor.py:161} INFO - Started process (PID=1403) to work on /home/airflow/.local/lib/python3.8/site-packages/airflow/example_dags/example_kubernetes_executor.py
[2025-01-08T12:23:48.493+0000] {processor.py:830} INFO - Processing file /home/airflow/.local/lib/python3.8/site-packages/airflow/example_dags/example_kubernetes_executor.py for tasks to queue
[2025-01-08T12:23:48.497+0000] {logging_mixin.py:188} INFO - [2025-01-08T12:23:48.496+0000] {dagbag.py:538} INFO - Filling up the DagBag from /home/airflow/.local/lib/python3.8/site-packages/airflow/example_dags/example_kubernetes_executor.py
[2025-01-08T12:23:48.524+0000] {processor.py:840} INFO - DAG(s) 'example_kubernetes_executor' retrieved from /home/airflow/.local/lib/python3.8/site-packages/airflow/example_dags/example_kubernetes_executor.py
[2025-01-08T12:23:48.677+0000] {logging_mixin.py:188} INFO - [2025-01-08T12:23:48.677+0000] {dag.py:3036} INFO - Sync 1 DAGs
[2025-01-08T12:23:48.715+0000] {logging_mixin.py:188} INFO - [2025-01-08T12:23:48.714+0000] {dag.py:3823} INFO - Setting next_dagrun for example_kubernetes_executor to None, run_after=None
[2025-01-08T12:23:48.778+0000] {processor.py:183} INFO - Processing /home/airflow/.local/lib/python3.8/site-packages/airflow/example_dags/example_kubernetes_executor.py took 0.297 seconds
[2025-01-08T12:24:19.565+0000] {processor.py:161} INFO - Started process (PID=1463) to work on /home/airflow/.local/lib/python3.8/site-packages/airflow/example_dags/example_kubernetes_executor.py
[2025-01-08T12:24:19.567+0000] {processor.py:830} INFO - Processing file /home/airflow/.local/lib/python3.8/site-packages/airflow/example_dags/example_kubernetes_executor.py for tasks to queue
[2025-01-08T12:24:19.570+0000] {logging_mixin.py:188} INFO - [2025-01-08T12:24:19.570+0000] {dagbag.py:538} INFO - Filling up the DagBag from /home/airflow/.local/lib/python3.8/site-packages/airflow/example_dags/example_kubernetes_executor.py
[2025-01-08T12:24:19.621+0000] {processor.py:840} INFO - DAG(s) 'example_kubernetes_executor' retrieved from /home/airflow/.local/lib/python3.8/site-packages/airflow/example_dags/example_kubernetes_executor.py
[2025-01-08T12:24:19.713+0000] {logging_mixin.py:188} INFO - [2025-01-08T12:24:19.713+0000] {dag.py:3036} INFO - Sync 1 DAGs
[2025-01-08T12:24:19.741+0000] {logging_mixin.py:188} INFO - [2025-01-08T12:24:19.741+0000] {dag.py:3823} INFO - Setting next_dagrun for example_kubernetes_executor to None, run_after=None
[2025-01-08T12:24:19.791+0000] {processor.py:183} INFO - Processing /home/airflow/.local/lib/python3.8/site-packages/airflow/example_dags/example_kubernetes_executor.py took 0.235 seconds
[2025-01-08T12:24:50.147+0000] {processor.py:161} INFO - Started process (PID=1522) to work on /home/airflow/.local/lib/python3.8/site-packages/airflow/example_dags/example_kubernetes_executor.py
[2025-01-08T12:24:50.148+0000] {processor.py:830} INFO - Processing file /home/airflow/.local/lib/python3.8/site-packages/airflow/example_dags/example_kubernetes_executor.py for tasks to queue
[2025-01-08T12:24:50.151+0000] {logging_mixin.py:188} INFO - [2025-01-08T12:24:50.151+0000] {dagbag.py:538} INFO - Filling up the DagBag from /home/airflow/.local/lib/python3.8/site-packages/airflow/example_dags/example_kubernetes_executor.py
[2025-01-08T12:24:50.175+0000] {processor.py:840} INFO - DAG(s) 'example_kubernetes_executor' retrieved from /home/airflow/.local/lib/python3.8/site-packages/airflow/example_dags/example_kubernetes_executor.py
[2025-01-08T12:24:50.237+0000] {logging_mixin.py:188} INFO - [2025-01-08T12:24:50.236+0000] {dag.py:3036} INFO - Sync 1 DAGs
[2025-01-08T12:24:50.256+0000] {logging_mixin.py:188} INFO - [2025-01-08T12:24:50.256+0000] {dag.py:3823} INFO - Setting next_dagrun for example_kubernetes_executor to None, run_after=None
[2025-01-08T12:24:50.288+0000] {processor.py:183} INFO - Processing /home/airflow/.local/lib/python3.8/site-packages/airflow/example_dags/example_kubernetes_executor.py took 0.149 seconds
[2025-01-08T12:25:20.424+0000] {processor.py:161} INFO - Started process (PID=1581) to work on /home/airflow/.local/lib/python3.8/site-packages/airflow/example_dags/example_kubernetes_executor.py
[2025-01-08T12:25:20.426+0000] {processor.py:830} INFO - Processing file /home/airflow/.local/lib/python3.8/site-packages/airflow/example_dags/example_kubernetes_executor.py for tasks to queue
[2025-01-08T12:25:20.429+0000] {logging_mixin.py:188} INFO - [2025-01-08T12:25:20.429+0000] {dagbag.py:538} INFO - Filling up the DagBag from /home/airflow/.local/lib/python3.8/site-packages/airflow/example_dags/example_kubernetes_executor.py
[2025-01-08T12:25:20.457+0000] {processor.py:840} INFO - DAG(s) 'example_kubernetes_executor' retrieved from /home/airflow/.local/lib/python3.8/site-packages/airflow/example_dags/example_kubernetes_executor.py
[2025-01-08T12:25:20.534+0000] {logging_mixin.py:188} INFO - [2025-01-08T12:25:20.533+0000] {dag.py:3036} INFO - Sync 1 DAGs
[2025-01-08T12:25:20.559+0000] {logging_mixin.py:188} INFO - [2025-01-08T12:25:20.559+0000] {dag.py:3823} INFO - Setting next_dagrun for example_kubernetes_executor to None, run_after=None
[2025-01-08T12:25:20.600+0000] {processor.py:183} INFO - Processing /home/airflow/.local/lib/python3.8/site-packages/airflow/example_dags/example_kubernetes_executor.py took 0.184 seconds
[2025-01-08T12:25:51.349+0000] {processor.py:161} INFO - Started process (PID=1640) to work on /home/airflow/.local/lib/python3.8/site-packages/airflow/example_dags/example_kubernetes_executor.py
[2025-01-08T12:25:51.352+0000] {processor.py:830} INFO - Processing file /home/airflow/.local/lib/python3.8/site-packages/airflow/example_dags/example_kubernetes_executor.py for tasks to queue
[2025-01-08T12:25:51.356+0000] {logging_mixin.py:188} INFO - [2025-01-08T12:25:51.356+0000] {dagbag.py:538} INFO - Filling up the DagBag from /home/airflow/.local/lib/python3.8/site-packages/airflow/example_dags/example_kubernetes_executor.py
[2025-01-08T12:25:51.384+0000] {processor.py:840} INFO - DAG(s) 'example_kubernetes_executor' retrieved from /home/airflow/.local/lib/python3.8/site-packages/airflow/example_dags/example_kubernetes_executor.py
[2025-01-08T12:25:51.455+0000] {logging_mixin.py:188} INFO - [2025-01-08T12:25:51.455+0000] {dag.py:3036} INFO - Sync 1 DAGs
[2025-01-08T12:25:51.476+0000] {logging_mixin.py:188} INFO - [2025-01-08T12:25:51.476+0000] {dag.py:3823} INFO - Setting next_dagrun for example_kubernetes_executor to None, run_after=None
[2025-01-08T12:25:51.511+0000] {processor.py:183} INFO - Processing /home/airflow/.local/lib/python3.8/site-packages/airflow/example_dags/example_kubernetes_executor.py took 0.177 seconds
[2025-01-08T12:26:27.491+0000] {processor.py:161} INFO - Started process (PID=1699) to work on /home/airflow/.local/lib/python3.8/site-packages/airflow/example_dags/example_kubernetes_executor.py
[2025-01-08T12:26:27.533+0000] {processor.py:830} INFO - Processing file /home/airflow/.local/lib/python3.8/site-packages/airflow/example_dags/example_kubernetes_executor.py for tasks to queue
[2025-01-08T12:26:27.562+0000] {logging_mixin.py:188} INFO - [2025-01-08T12:26:27.561+0000] {dagbag.py:538} INFO - Filling up the DagBag from /home/airflow/.local/lib/python3.8/site-packages/airflow/example_dags/example_kubernetes_executor.py
[2025-01-08T12:26:27.671+0000] {processor.py:840} INFO - DAG(s) 'example_kubernetes_executor' retrieved from /home/airflow/.local/lib/python3.8/site-packages/airflow/example_dags/example_kubernetes_executor.py
[2025-01-08T12:26:28.011+0000] {logging_mixin.py:188} INFO - [2025-01-08T12:26:28.011+0000] {dag.py:3036} INFO - Sync 1 DAGs
[2025-01-08T12:26:28.097+0000] {logging_mixin.py:188} INFO - [2025-01-08T12:26:28.096+0000] {dag.py:3823} INFO - Setting next_dagrun for example_kubernetes_executor to None, run_after=None
[2025-01-08T12:26:28.247+0000] {processor.py:183} INFO - Processing /home/airflow/.local/lib/python3.8/site-packages/airflow/example_dags/example_kubernetes_executor.py took 0.762 seconds
[2025-01-08T12:26:58.378+0000] {processor.py:161} INFO - Started process (PID=1758) to work on /home/airflow/.local/lib/python3.8/site-packages/airflow/example_dags/example_kubernetes_executor.py
[2025-01-08T12:26:58.380+0000] {processor.py:830} INFO - Processing file /home/airflow/.local/lib/python3.8/site-packages/airflow/example_dags/example_kubernetes_executor.py for tasks to queue
[2025-01-08T12:26:58.383+0000] {logging_mixin.py:188} INFO - [2025-01-08T12:26:58.383+0000] {dagbag.py:538} INFO - Filling up the DagBag from /home/airflow/.local/lib/python3.8/site-packages/airflow/example_dags/example_kubernetes_executor.py
[2025-01-08T12:26:58.409+0000] {processor.py:840} INFO - DAG(s) 'example_kubernetes_executor' retrieved from /home/airflow/.local/lib/python3.8/site-packages/airflow/example_dags/example_kubernetes_executor.py
[2025-01-08T12:26:58.480+0000] {logging_mixin.py:188} INFO - [2025-01-08T12:26:58.479+0000] {dag.py:3036} INFO - Sync 1 DAGs
[2025-01-08T12:26:58.499+0000] {logging_mixin.py:188} INFO - [2025-01-08T12:26:58.498+0000] {dag.py:3823} INFO - Setting next_dagrun for example_kubernetes_executor to None, run_after=None
[2025-01-08T12:26:58.533+0000] {processor.py:183} INFO - Processing /home/airflow/.local/lib/python3.8/site-packages/airflow/example_dags/example_kubernetes_executor.py took 0.161 seconds
[2025-01-08T12:27:29.102+0000] {processor.py:161} INFO - Started process (PID=1817) to work on /home/airflow/.local/lib/python3.8/site-packages/airflow/example_dags/example_kubernetes_executor.py
[2025-01-08T12:27:29.104+0000] {processor.py:830} INFO - Processing file /home/airflow/.local/lib/python3.8/site-packages/airflow/example_dags/example_kubernetes_executor.py for tasks to queue
[2025-01-08T12:27:29.122+0000] {logging_mixin.py:188} INFO - [2025-01-08T12:27:29.121+0000] {dagbag.py:538} INFO - Filling up the DagBag from /home/airflow/.local/lib/python3.8/site-packages/airflow/example_dags/example_kubernetes_executor.py
[2025-01-08T12:27:29.204+0000] {processor.py:840} INFO - DAG(s) 'example_kubernetes_executor' retrieved from /home/airflow/.local/lib/python3.8/site-packages/airflow/example_dags/example_kubernetes_executor.py
[2025-01-08T12:27:29.359+0000] {logging_mixin.py:188} INFO - [2025-01-08T12:27:29.359+0000] {dag.py:3036} INFO - Sync 1 DAGs
[2025-01-08T12:27:29.379+0000] {logging_mixin.py:188} INFO - [2025-01-08T12:27:29.379+0000] {dag.py:3823} INFO - Setting next_dagrun for example_kubernetes_executor to None, run_after=None
[2025-01-08T12:27:29.413+0000] {processor.py:183} INFO - Processing /home/airflow/.local/lib/python3.8/site-packages/airflow/example_dags/example_kubernetes_executor.py took 0.318 seconds
[2025-01-08T12:27:59.522+0000] {processor.py:161} INFO - Started process (PID=1878) to work on /home/airflow/.local/lib/python3.8/site-packages/airflow/example_dags/example_kubernetes_executor.py
[2025-01-08T12:27:59.524+0000] {processor.py:830} INFO - Processing file /home/airflow/.local/lib/python3.8/site-packages/airflow/example_dags/example_kubernetes_executor.py for tasks to queue
[2025-01-08T12:27:59.529+0000] {logging_mixin.py:188} INFO - [2025-01-08T12:27:59.526+0000] {dagbag.py:538} INFO - Filling up the DagBag from /home/airflow/.local/lib/python3.8/site-packages/airflow/example_dags/example_kubernetes_executor.py
[2025-01-08T12:27:59.570+0000] {processor.py:840} INFO - DAG(s) 'example_kubernetes_executor' retrieved from /home/airflow/.local/lib/python3.8/site-packages/airflow/example_dags/example_kubernetes_executor.py
[2025-01-08T12:27:59.650+0000] {logging_mixin.py:188} INFO - [2025-01-08T12:27:59.650+0000] {dag.py:3036} INFO - Sync 1 DAGs
[2025-01-08T12:27:59.681+0000] {logging_mixin.py:188} INFO - [2025-01-08T12:27:59.681+0000] {dag.py:3823} INFO - Setting next_dagrun for example_kubernetes_executor to None, run_after=None
[2025-01-08T12:27:59.905+0000] {processor.py:183} INFO - Processing /home/airflow/.local/lib/python3.8/site-packages/airflow/example_dags/example_kubernetes_executor.py took 0.391 seconds
[2025-01-08T12:28:30.268+0000] {processor.py:161} INFO - Started process (PID=1938) to work on /home/airflow/.local/lib/python3.8/site-packages/airflow/example_dags/example_kubernetes_executor.py
[2025-01-08T12:28:30.270+0000] {processor.py:830} INFO - Processing file /home/airflow/.local/lib/python3.8/site-packages/airflow/example_dags/example_kubernetes_executor.py for tasks to queue
[2025-01-08T12:28:30.273+0000] {logging_mixin.py:188} INFO - [2025-01-08T12:28:30.272+0000] {dagbag.py:538} INFO - Filling up the DagBag from /home/airflow/.local/lib/python3.8/site-packages/airflow/example_dags/example_kubernetes_executor.py
[2025-01-08T12:28:30.294+0000] {processor.py:840} INFO - DAG(s) 'example_kubernetes_executor' retrieved from /home/airflow/.local/lib/python3.8/site-packages/airflow/example_dags/example_kubernetes_executor.py
[2025-01-08T12:28:30.373+0000] {logging_mixin.py:188} INFO - [2025-01-08T12:28:30.372+0000] {dag.py:3036} INFO - Sync 1 DAGs
[2025-01-08T12:28:30.393+0000] {logging_mixin.py:188} INFO - [2025-01-08T12:28:30.393+0000] {dag.py:3823} INFO - Setting next_dagrun for example_kubernetes_executor to None, run_after=None
[2025-01-08T12:28:30.638+0000] {processor.py:183} INFO - Processing /home/airflow/.local/lib/python3.8/site-packages/airflow/example_dags/example_kubernetes_executor.py took 0.375 seconds
[2025-01-08T12:29:01.641+0000] {processor.py:161} INFO - Started process (PID=1997) to work on /home/airflow/.local/lib/python3.8/site-packages/airflow/example_dags/example_kubernetes_executor.py
[2025-01-08T12:29:01.647+0000] {processor.py:830} INFO - Processing file /home/airflow/.local/lib/python3.8/site-packages/airflow/example_dags/example_kubernetes_executor.py for tasks to queue
[2025-01-08T12:29:01.657+0000] {logging_mixin.py:188} INFO - [2025-01-08T12:29:01.656+0000] {dagbag.py:538} INFO - Filling up the DagBag from /home/airflow/.local/lib/python3.8/site-packages/airflow/example_dags/example_kubernetes_executor.py
[2025-01-08T12:29:01.790+0000] {processor.py:840} INFO - DAG(s) 'example_kubernetes_executor' retrieved from /home/airflow/.local/lib/python3.8/site-packages/airflow/example_dags/example_kubernetes_executor.py
[2025-01-08T12:29:01.916+0000] {logging_mixin.py:188} INFO - [2025-01-08T12:29:01.916+0000] {dag.py:3036} INFO - Sync 1 DAGs
[2025-01-08T12:29:01.949+0000] {logging_mixin.py:188} INFO - [2025-01-08T12:29:01.949+0000] {dag.py:3823} INFO - Setting next_dagrun for example_kubernetes_executor to None, run_after=None
[2025-01-08T12:29:02.013+0000] {processor.py:183} INFO - Processing /home/airflow/.local/lib/python3.8/site-packages/airflow/example_dags/example_kubernetes_executor.py took 0.383 seconds
[2025-01-08T12:29:32.528+0000] {processor.py:161} INFO - Started process (PID=2054) to work on /home/airflow/.local/lib/python3.8/site-packages/airflow/example_dags/example_kubernetes_executor.py
[2025-01-08T12:29:32.533+0000] {processor.py:830} INFO - Processing file /home/airflow/.local/lib/python3.8/site-packages/airflow/example_dags/example_kubernetes_executor.py for tasks to queue
[2025-01-08T12:29:32.537+0000] {logging_mixin.py:188} INFO - [2025-01-08T12:29:32.536+0000] {dagbag.py:538} INFO - Filling up the DagBag from /home/airflow/.local/lib/python3.8/site-packages/airflow/example_dags/example_kubernetes_executor.py
[2025-01-08T12:29:32.567+0000] {processor.py:840} INFO - DAG(s) 'example_kubernetes_executor' retrieved from /home/airflow/.local/lib/python3.8/site-packages/airflow/example_dags/example_kubernetes_executor.py
[2025-01-08T12:29:32.646+0000] {logging_mixin.py:188} INFO - [2025-01-08T12:29:32.645+0000] {dag.py:3036} INFO - Sync 1 DAGs
[2025-01-08T12:29:32.671+0000] {logging_mixin.py:188} INFO - [2025-01-08T12:29:32.670+0000] {dag.py:3823} INFO - Setting next_dagrun for example_kubernetes_executor to None, run_after=None
[2025-01-08T12:29:32.713+0000] {processor.py:183} INFO - Processing /home/airflow/.local/lib/python3.8/site-packages/airflow/example_dags/example_kubernetes_executor.py took 0.191 seconds
[2025-01-08T12:30:03.648+0000] {processor.py:161} INFO - Started process (PID=2113) to work on /home/airflow/.local/lib/python3.8/site-packages/airflow/example_dags/example_kubernetes_executor.py
[2025-01-08T12:30:03.649+0000] {processor.py:830} INFO - Processing file /home/airflow/.local/lib/python3.8/site-packages/airflow/example_dags/example_kubernetes_executor.py for tasks to queue
[2025-01-08T12:30:03.651+0000] {logging_mixin.py:188} INFO - [2025-01-08T12:30:03.651+0000] {dagbag.py:538} INFO - Filling up the DagBag from /home/airflow/.local/lib/python3.8/site-packages/airflow/example_dags/example_kubernetes_executor.py
[2025-01-08T12:30:03.668+0000] {processor.py:840} INFO - DAG(s) 'example_kubernetes_executor' retrieved from /home/airflow/.local/lib/python3.8/site-packages/airflow/example_dags/example_kubernetes_executor.py
[2025-01-08T12:30:03.724+0000] {logging_mixin.py:188} INFO - [2025-01-08T12:30:03.724+0000] {dag.py:3036} INFO - Sync 1 DAGs
[2025-01-08T12:30:03.745+0000] {logging_mixin.py:188} INFO - [2025-01-08T12:30:03.745+0000] {dag.py:3823} INFO - Setting next_dagrun for example_kubernetes_executor to None, run_after=None
[2025-01-08T12:30:03.776+0000] {processor.py:183} INFO - Processing /home/airflow/.local/lib/python3.8/site-packages/airflow/example_dags/example_kubernetes_executor.py took 0.132 seconds
[2025-01-08T12:30:33.947+0000] {processor.py:161} INFO - Started process (PID=2172) to work on /home/airflow/.local/lib/python3.8/site-packages/airflow/example_dags/example_kubernetes_executor.py
[2025-01-08T12:30:33.951+0000] {processor.py:830} INFO - Processing file /home/airflow/.local/lib/python3.8/site-packages/airflow/example_dags/example_kubernetes_executor.py for tasks to queue
[2025-01-08T12:30:33.957+0000] {logging_mixin.py:188} INFO - [2025-01-08T12:30:33.956+0000] {dagbag.py:538} INFO - Filling up the DagBag from /home/airflow/.local/lib/python3.8/site-packages/airflow/example_dags/example_kubernetes_executor.py
[2025-01-08T12:30:33.998+0000] {processor.py:840} INFO - DAG(s) 'example_kubernetes_executor' retrieved from /home/airflow/.local/lib/python3.8/site-packages/airflow/example_dags/example_kubernetes_executor.py
[2025-01-08T12:30:34.066+0000] {logging_mixin.py:188} INFO - [2025-01-08T12:30:34.066+0000] {dag.py:3036} INFO - Sync 1 DAGs
[2025-01-08T12:30:34.084+0000] {logging_mixin.py:188} INFO - [2025-01-08T12:30:34.084+0000] {dag.py:3823} INFO - Setting next_dagrun for example_kubernetes_executor to None, run_after=None
[2025-01-08T12:30:34.115+0000] {processor.py:183} INFO - Processing /home/airflow/.local/lib/python3.8/site-packages/airflow/example_dags/example_kubernetes_executor.py took 0.187 seconds
[2025-01-08T12:31:04.460+0000] {processor.py:161} INFO - Started process (PID=2231) to work on /home/airflow/.local/lib/python3.8/site-packages/airflow/example_dags/example_kubernetes_executor.py
[2025-01-08T12:31:04.464+0000] {processor.py:830} INFO - Processing file /home/airflow/.local/lib/python3.8/site-packages/airflow/example_dags/example_kubernetes_executor.py for tasks to queue
[2025-01-08T12:31:04.467+0000] {logging_mixin.py:188} INFO - [2025-01-08T12:31:04.467+0000] {dagbag.py:538} INFO - Filling up the DagBag from /home/airflow/.local/lib/python3.8/site-packages/airflow/example_dags/example_kubernetes_executor.py
[2025-01-08T12:31:04.495+0000] {processor.py:840} INFO - DAG(s) 'example_kubernetes_executor' retrieved from /home/airflow/.local/lib/python3.8/site-packages/airflow/example_dags/example_kubernetes_executor.py
[2025-01-08T12:31:04.946+0000] {logging_mixin.py:188} INFO - [2025-01-08T12:31:04.946+0000] {dag.py:3036} INFO - Sync 1 DAGs
[2025-01-08T12:31:04.969+0000] {logging_mixin.py:188} INFO - [2025-01-08T12:31:04.968+0000] {dag.py:3823} INFO - Setting next_dagrun for example_kubernetes_executor to None, run_after=None
[2025-01-08T12:31:05.007+0000] {processor.py:183} INFO - Processing /home/airflow/.local/lib/python3.8/site-packages/airflow/example_dags/example_kubernetes_executor.py took 0.553 seconds
[2025-01-08T12:31:35.367+0000] {processor.py:161} INFO - Started process (PID=2289) to work on /home/airflow/.local/lib/python3.8/site-packages/airflow/example_dags/example_kubernetes_executor.py
[2025-01-08T12:31:35.370+0000] {processor.py:830} INFO - Processing file /home/airflow/.local/lib/python3.8/site-packages/airflow/example_dags/example_kubernetes_executor.py for tasks to queue
[2025-01-08T12:31:35.377+0000] {logging_mixin.py:188} INFO - [2025-01-08T12:31:35.376+0000] {dagbag.py:538} INFO - Filling up the DagBag from /home/airflow/.local/lib/python3.8/site-packages/airflow/example_dags/example_kubernetes_executor.py
[2025-01-08T12:31:35.398+0000] {processor.py:840} INFO - DAG(s) 'example_kubernetes_executor' retrieved from /home/airflow/.local/lib/python3.8/site-packages/airflow/example_dags/example_kubernetes_executor.py
[2025-01-08T12:31:35.631+0000] {logging_mixin.py:188} INFO - [2025-01-08T12:31:35.630+0000] {dag.py:3036} INFO - Sync 1 DAGs
[2025-01-08T12:31:35.648+0000] {logging_mixin.py:188} INFO - [2025-01-08T12:31:35.648+0000] {dag.py:3823} INFO - Setting next_dagrun for example_kubernetes_executor to None, run_after=None
[2025-01-08T12:31:35.681+0000] {processor.py:183} INFO - Processing /home/airflow/.local/lib/python3.8/site-packages/airflow/example_dags/example_kubernetes_executor.py took 0.322 seconds
[2025-01-08T12:32:06.425+0000] {processor.py:161} INFO - Started process (PID=2348) to work on /home/airflow/.local/lib/python3.8/site-packages/airflow/example_dags/example_kubernetes_executor.py
[2025-01-08T12:32:06.426+0000] {processor.py:830} INFO - Processing file /home/airflow/.local/lib/python3.8/site-packages/airflow/example_dags/example_kubernetes_executor.py for tasks to queue
[2025-01-08T12:32:06.429+0000] {logging_mixin.py:188} INFO - [2025-01-08T12:32:06.429+0000] {dagbag.py:538} INFO - Filling up the DagBag from /home/airflow/.local/lib/python3.8/site-packages/airflow/example_dags/example_kubernetes_executor.py
[2025-01-08T12:32:06.459+0000] {processor.py:840} INFO - DAG(s) 'example_kubernetes_executor' retrieved from /home/airflow/.local/lib/python3.8/site-packages/airflow/example_dags/example_kubernetes_executor.py
[2025-01-08T12:32:06.539+0000] {logging_mixin.py:188} INFO - [2025-01-08T12:32:06.538+0000] {dag.py:3036} INFO - Sync 1 DAGs
[2025-01-08T12:32:06.567+0000] {logging_mixin.py:188} INFO - [2025-01-08T12:32:06.566+0000] {dag.py:3823} INFO - Setting next_dagrun for example_kubernetes_executor to None, run_after=None
[2025-01-08T12:32:06.606+0000] {processor.py:183} INFO - Processing /home/airflow/.local/lib/python3.8/site-packages/airflow/example_dags/example_kubernetes_executor.py took 0.188 seconds
[2025-01-08T12:32:36.787+0000] {processor.py:161} INFO - Started process (PID=2407) to work on /home/airflow/.local/lib/python3.8/site-packages/airflow/example_dags/example_kubernetes_executor.py
[2025-01-08T12:32:36.797+0000] {processor.py:830} INFO - Processing file /home/airflow/.local/lib/python3.8/site-packages/airflow/example_dags/example_kubernetes_executor.py for tasks to queue
[2025-01-08T12:32:36.809+0000] {logging_mixin.py:188} INFO - [2025-01-08T12:32:36.807+0000] {dagbag.py:538} INFO - Filling up the DagBag from /home/airflow/.local/lib/python3.8/site-packages/airflow/example_dags/example_kubernetes_executor.py
[2025-01-08T12:32:36.869+0000] {processor.py:840} INFO - DAG(s) 'example_kubernetes_executor' retrieved from /home/airflow/.local/lib/python3.8/site-packages/airflow/example_dags/example_kubernetes_executor.py
[2025-01-08T12:32:36.934+0000] {logging_mixin.py:188} INFO - [2025-01-08T12:32:36.934+0000] {dag.py:3036} INFO - Sync 1 DAGs
[2025-01-08T12:32:36.951+0000] {logging_mixin.py:188} INFO - [2025-01-08T12:32:36.950+0000] {dag.py:3823} INFO - Setting next_dagrun for example_kubernetes_executor to None, run_after=None
[2025-01-08T12:32:36.975+0000] {processor.py:183} INFO - Processing /home/airflow/.local/lib/python3.8/site-packages/airflow/example_dags/example_kubernetes_executor.py took 0.211 seconds
[2025-01-08T12:33:07.725+0000] {processor.py:161} INFO - Started process (PID=2466) to work on /home/airflow/.local/lib/python3.8/site-packages/airflow/example_dags/example_kubernetes_executor.py
[2025-01-08T12:33:07.726+0000] {processor.py:830} INFO - Processing file /home/airflow/.local/lib/python3.8/site-packages/airflow/example_dags/example_kubernetes_executor.py for tasks to queue
[2025-01-08T12:33:07.729+0000] {logging_mixin.py:188} INFO - [2025-01-08T12:33:07.728+0000] {dagbag.py:538} INFO - Filling up the DagBag from /home/airflow/.local/lib/python3.8/site-packages/airflow/example_dags/example_kubernetes_executor.py
[2025-01-08T12:33:07.759+0000] {processor.py:840} INFO - DAG(s) 'example_kubernetes_executor' retrieved from /home/airflow/.local/lib/python3.8/site-packages/airflow/example_dags/example_kubernetes_executor.py
[2025-01-08T12:33:07.824+0000] {logging_mixin.py:188} INFO - [2025-01-08T12:33:07.824+0000] {dag.py:3036} INFO - Sync 1 DAGs
[2025-01-08T12:33:07.848+0000] {logging_mixin.py:188} INFO - [2025-01-08T12:33:07.847+0000] {dag.py:3823} INFO - Setting next_dagrun for example_kubernetes_executor to None, run_after=None
[2025-01-08T12:33:07.882+0000] {processor.py:183} INFO - Processing /home/airflow/.local/lib/python3.8/site-packages/airflow/example_dags/example_kubernetes_executor.py took 0.163 seconds
[2025-01-08T12:33:38.308+0000] {processor.py:161} INFO - Started process (PID=2525) to work on /home/airflow/.local/lib/python3.8/site-packages/airflow/example_dags/example_kubernetes_executor.py
[2025-01-08T12:33:38.317+0000] {processor.py:830} INFO - Processing file /home/airflow/.local/lib/python3.8/site-packages/airflow/example_dags/example_kubernetes_executor.py for tasks to queue
[2025-01-08T12:33:38.323+0000] {logging_mixin.py:188} INFO - [2025-01-08T12:33:38.322+0000] {dagbag.py:538} INFO - Filling up the DagBag from /home/airflow/.local/lib/python3.8/site-packages/airflow/example_dags/example_kubernetes_executor.py
[2025-01-08T12:33:38.363+0000] {processor.py:840} INFO - DAG(s) 'example_kubernetes_executor' retrieved from /home/airflow/.local/lib/python3.8/site-packages/airflow/example_dags/example_kubernetes_executor.py
[2025-01-08T12:33:38.458+0000] {logging_mixin.py:188} INFO - [2025-01-08T12:33:38.457+0000] {dag.py:3036} INFO - Sync 1 DAGs
[2025-01-08T12:33:38.490+0000] {logging_mixin.py:188} INFO - [2025-01-08T12:33:38.489+0000] {dag.py:3823} INFO - Setting next_dagrun for example_kubernetes_executor to None, run_after=None
[2025-01-08T12:33:38.551+0000] {processor.py:183} INFO - Processing /home/airflow/.local/lib/python3.8/site-packages/airflow/example_dags/example_kubernetes_executor.py took 0.252 seconds
