[2025-01-08T12:11:59.953+0000] {processor.py:161} INFO - Started process (PID=64) to work on /home/airflow/.local/lib/python3.8/site-packages/airflow/example_dags/example_latest_only.py
[2025-01-08T12:11:59.955+0000] {processor.py:830} INFO - Processing file /home/airflow/.local/lib/python3.8/site-packages/airflow/example_dags/example_latest_only.py for tasks to queue
[2025-01-08T12:11:59.959+0000] {logging_mixin.py:188} INFO - [2025-01-08T12:11:59.958+0000] {dagbag.py:538} INFO - Filling up the DagBag from /home/airflow/.local/lib/python3.8/site-packages/airflow/example_dags/example_latest_only.py
[2025-01-08T12:11:59.970+0000] {processor.py:840} INFO - DAG(s) 'latest_only' retrieved from /home/airflow/.local/lib/python3.8/site-packages/airflow/example_dags/example_latest_only.py
[2025-01-08T12:12:00.247+0000] {logging_mixin.py:188} INFO - [2025-01-08T12:12:00.247+0000] {dag.py:3036} INFO - Sync 1 DAGs
[2025-01-08T12:12:00.295+0000] {logging_mixin.py:188} INFO - [2025-01-08T12:12:00.295+0000] {dag.py:3823} INFO - Setting next_dagrun for latest_only to 2025-01-08 08:00:00+00:00, run_after=2025-01-08 12:00:00+00:00
[2025-01-08T12:12:00.336+0000] {processor.py:183} INFO - Processing /home/airflow/.local/lib/python3.8/site-packages/airflow/example_dags/example_latest_only.py took 0.390 seconds
[2025-01-08T12:12:30.652+0000] {processor.py:161} INFO - Started process (PID=121) to work on /home/airflow/.local/lib/python3.8/site-packages/airflow/example_dags/example_latest_only.py
[2025-01-08T12:12:30.656+0000] {processor.py:830} INFO - Processing file /home/airflow/.local/lib/python3.8/site-packages/airflow/example_dags/example_latest_only.py for tasks to queue
[2025-01-08T12:12:30.661+0000] {logging_mixin.py:188} INFO - [2025-01-08T12:12:30.661+0000] {dagbag.py:538} INFO - Filling up the DagBag from /home/airflow/.local/lib/python3.8/site-packages/airflow/example_dags/example_latest_only.py
[2025-01-08T12:12:30.677+0000] {processor.py:840} INFO - DAG(s) 'latest_only' retrieved from /home/airflow/.local/lib/python3.8/site-packages/airflow/example_dags/example_latest_only.py
[2025-01-08T12:12:30.732+0000] {logging_mixin.py:188} INFO - [2025-01-08T12:12:30.730+0000] {dag.py:3036} INFO - Sync 1 DAGs
[2025-01-08T12:12:30.797+0000] {logging_mixin.py:188} INFO - [2025-01-08T12:12:30.797+0000] {dag.py:3823} INFO - Setting next_dagrun for latest_only to 2025-01-08 08:00:00+00:00, run_after=2025-01-08 12:00:00+00:00
[2025-01-08T12:12:30.862+0000] {processor.py:183} INFO - Processing /home/airflow/.local/lib/python3.8/site-packages/airflow/example_dags/example_latest_only.py took 0.245 seconds
[2025-01-08T12:13:01.306+0000] {processor.py:161} INFO - Started process (PID=178) to work on /home/airflow/.local/lib/python3.8/site-packages/airflow/example_dags/example_latest_only.py
[2025-01-08T12:13:01.309+0000] {processor.py:830} INFO - Processing file /home/airflow/.local/lib/python3.8/site-packages/airflow/example_dags/example_latest_only.py for tasks to queue
[2025-01-08T12:13:01.315+0000] {logging_mixin.py:188} INFO - [2025-01-08T12:13:01.314+0000] {dagbag.py:538} INFO - Filling up the DagBag from /home/airflow/.local/lib/python3.8/site-packages/airflow/example_dags/example_latest_only.py
[2025-01-08T12:13:01.325+0000] {processor.py:840} INFO - DAG(s) 'latest_only' retrieved from /home/airflow/.local/lib/python3.8/site-packages/airflow/example_dags/example_latest_only.py
[2025-01-08T12:13:01.411+0000] {logging_mixin.py:188} INFO - [2025-01-08T12:13:01.410+0000] {dag.py:3036} INFO - Sync 1 DAGs
[2025-01-08T12:13:01.490+0000] {logging_mixin.py:188} INFO - [2025-01-08T12:13:01.490+0000] {dag.py:3823} INFO - Setting next_dagrun for latest_only to 2025-01-08 08:00:00+00:00, run_after=2025-01-08 12:00:00+00:00
[2025-01-08T12:13:01.535+0000] {processor.py:183} INFO - Processing /home/airflow/.local/lib/python3.8/site-packages/airflow/example_dags/example_latest_only.py took 0.239 seconds
[2025-01-08T12:13:31.791+0000] {processor.py:161} INFO - Started process (PID=235) to work on /home/airflow/.local/lib/python3.8/site-packages/airflow/example_dags/example_latest_only.py
[2025-01-08T12:13:31.793+0000] {processor.py:830} INFO - Processing file /home/airflow/.local/lib/python3.8/site-packages/airflow/example_dags/example_latest_only.py for tasks to queue
[2025-01-08T12:13:31.796+0000] {logging_mixin.py:188} INFO - [2025-01-08T12:13:31.796+0000] {dagbag.py:538} INFO - Filling up the DagBag from /home/airflow/.local/lib/python3.8/site-packages/airflow/example_dags/example_latest_only.py
[2025-01-08T12:13:31.804+0000] {processor.py:840} INFO - DAG(s) 'latest_only' retrieved from /home/airflow/.local/lib/python3.8/site-packages/airflow/example_dags/example_latest_only.py
[2025-01-08T12:13:31.833+0000] {logging_mixin.py:188} INFO - [2025-01-08T12:13:31.833+0000] {dag.py:3036} INFO - Sync 1 DAGs
[2025-01-08T12:13:31.873+0000] {logging_mixin.py:188} INFO - [2025-01-08T12:13:31.873+0000] {dag.py:3823} INFO - Setting next_dagrun for latest_only to 2025-01-08 08:00:00+00:00, run_after=2025-01-08 12:00:00+00:00
[2025-01-08T12:13:31.908+0000] {processor.py:183} INFO - Processing /home/airflow/.local/lib/python3.8/site-packages/airflow/example_dags/example_latest_only.py took 0.121 seconds
[2025-01-08T12:14:02.923+0000] {processor.py:161} INFO - Started process (PID=292) to work on /home/airflow/.local/lib/python3.8/site-packages/airflow/example_dags/example_latest_only.py
[2025-01-08T12:14:02.924+0000] {processor.py:830} INFO - Processing file /home/airflow/.local/lib/python3.8/site-packages/airflow/example_dags/example_latest_only.py for tasks to queue
[2025-01-08T12:14:02.928+0000] {logging_mixin.py:188} INFO - [2025-01-08T12:14:02.927+0000] {dagbag.py:538} INFO - Filling up the DagBag from /home/airflow/.local/lib/python3.8/site-packages/airflow/example_dags/example_latest_only.py
[2025-01-08T12:14:02.937+0000] {processor.py:840} INFO - DAG(s) 'latest_only' retrieved from /home/airflow/.local/lib/python3.8/site-packages/airflow/example_dags/example_latest_only.py
[2025-01-08T12:14:02.974+0000] {logging_mixin.py:188} INFO - [2025-01-08T12:14:02.974+0000] {dag.py:3036} INFO - Sync 1 DAGs
[2025-01-08T12:14:03.021+0000] {logging_mixin.py:188} INFO - [2025-01-08T12:14:03.021+0000] {dag.py:3823} INFO - Setting next_dagrun for latest_only to 2025-01-08 08:00:00+00:00, run_after=2025-01-08 12:00:00+00:00
[2025-01-08T12:14:03.058+0000] {processor.py:183} INFO - Processing /home/airflow/.local/lib/python3.8/site-packages/airflow/example_dags/example_latest_only.py took 0.142 seconds
[2025-01-08T12:14:33.609+0000] {processor.py:161} INFO - Started process (PID=349) to work on /home/airflow/.local/lib/python3.8/site-packages/airflow/example_dags/example_latest_only.py
[2025-01-08T12:14:33.610+0000] {processor.py:830} INFO - Processing file /home/airflow/.local/lib/python3.8/site-packages/airflow/example_dags/example_latest_only.py for tasks to queue
[2025-01-08T12:14:33.613+0000] {logging_mixin.py:188} INFO - [2025-01-08T12:14:33.612+0000] {dagbag.py:538} INFO - Filling up the DagBag from /home/airflow/.local/lib/python3.8/site-packages/airflow/example_dags/example_latest_only.py
[2025-01-08T12:14:33.620+0000] {processor.py:840} INFO - DAG(s) 'latest_only' retrieved from /home/airflow/.local/lib/python3.8/site-packages/airflow/example_dags/example_latest_only.py
[2025-01-08T12:14:33.655+0000] {logging_mixin.py:188} INFO - [2025-01-08T12:14:33.655+0000] {dag.py:3036} INFO - Sync 1 DAGs
[2025-01-08T12:14:33.693+0000] {logging_mixin.py:188} INFO - [2025-01-08T12:14:33.693+0000] {dag.py:3823} INFO - Setting next_dagrun for latest_only to 2025-01-08 08:00:00+00:00, run_after=2025-01-08 12:00:00+00:00
[2025-01-08T12:14:33.721+0000] {processor.py:183} INFO - Processing /home/airflow/.local/lib/python3.8/site-packages/airflow/example_dags/example_latest_only.py took 0.117 seconds
[2025-01-08T12:15:04.458+0000] {processor.py:161} INFO - Started process (PID=406) to work on /home/airflow/.local/lib/python3.8/site-packages/airflow/example_dags/example_latest_only.py
[2025-01-08T12:15:04.459+0000] {processor.py:830} INFO - Processing file /home/airflow/.local/lib/python3.8/site-packages/airflow/example_dags/example_latest_only.py for tasks to queue
[2025-01-08T12:15:04.462+0000] {logging_mixin.py:188} INFO - [2025-01-08T12:15:04.462+0000] {dagbag.py:538} INFO - Filling up the DagBag from /home/airflow/.local/lib/python3.8/site-packages/airflow/example_dags/example_latest_only.py
[2025-01-08T12:15:04.471+0000] {processor.py:840} INFO - DAG(s) 'latest_only' retrieved from /home/airflow/.local/lib/python3.8/site-packages/airflow/example_dags/example_latest_only.py
[2025-01-08T12:15:04.502+0000] {logging_mixin.py:188} INFO - [2025-01-08T12:15:04.502+0000] {dag.py:3036} INFO - Sync 1 DAGs
[2025-01-08T12:15:04.537+0000] {logging_mixin.py:188} INFO - [2025-01-08T12:15:04.536+0000] {dag.py:3823} INFO - Setting next_dagrun for latest_only to 2025-01-08 08:00:00+00:00, run_after=2025-01-08 12:00:00+00:00
[2025-01-08T12:15:04.567+0000] {processor.py:183} INFO - Processing /home/airflow/.local/lib/python3.8/site-packages/airflow/example_dags/example_latest_only.py took 0.113 seconds
[2025-01-08T12:15:34.705+0000] {processor.py:161} INFO - Started process (PID=463) to work on /home/airflow/.local/lib/python3.8/site-packages/airflow/example_dags/example_latest_only.py
[2025-01-08T12:15:34.707+0000] {processor.py:830} INFO - Processing file /home/airflow/.local/lib/python3.8/site-packages/airflow/example_dags/example_latest_only.py for tasks to queue
[2025-01-08T12:15:34.709+0000] {logging_mixin.py:188} INFO - [2025-01-08T12:15:34.709+0000] {dagbag.py:538} INFO - Filling up the DagBag from /home/airflow/.local/lib/python3.8/site-packages/airflow/example_dags/example_latest_only.py
[2025-01-08T12:15:34.716+0000] {processor.py:840} INFO - DAG(s) 'latest_only' retrieved from /home/airflow/.local/lib/python3.8/site-packages/airflow/example_dags/example_latest_only.py
[2025-01-08T12:15:34.747+0000] {logging_mixin.py:188} INFO - [2025-01-08T12:15:34.747+0000] {dag.py:3036} INFO - Sync 1 DAGs
[2025-01-08T12:15:34.784+0000] {logging_mixin.py:188} INFO - [2025-01-08T12:15:34.784+0000] {dag.py:3823} INFO - Setting next_dagrun for latest_only to 2025-01-08 08:00:00+00:00, run_after=2025-01-08 12:00:00+00:00
[2025-01-08T12:15:34.814+0000] {processor.py:183} INFO - Processing /home/airflow/.local/lib/python3.8/site-packages/airflow/example_dags/example_latest_only.py took 0.114 seconds
[2025-01-08T12:16:05.281+0000] {processor.py:161} INFO - Started process (PID=520) to work on /home/airflow/.local/lib/python3.8/site-packages/airflow/example_dags/example_latest_only.py
[2025-01-08T12:16:05.283+0000] {processor.py:830} INFO - Processing file /home/airflow/.local/lib/python3.8/site-packages/airflow/example_dags/example_latest_only.py for tasks to queue
[2025-01-08T12:16:05.287+0000] {logging_mixin.py:188} INFO - [2025-01-08T12:16:05.287+0000] {dagbag.py:538} INFO - Filling up the DagBag from /home/airflow/.local/lib/python3.8/site-packages/airflow/example_dags/example_latest_only.py
[2025-01-08T12:16:05.298+0000] {processor.py:840} INFO - DAG(s) 'latest_only' retrieved from /home/airflow/.local/lib/python3.8/site-packages/airflow/example_dags/example_latest_only.py
[2025-01-08T12:16:05.351+0000] {logging_mixin.py:188} INFO - [2025-01-08T12:16:05.351+0000] {dag.py:3036} INFO - Sync 1 DAGs
[2025-01-08T12:16:05.466+0000] {logging_mixin.py:188} INFO - [2025-01-08T12:16:05.465+0000] {dag.py:3823} INFO - Setting next_dagrun for latest_only to 2025-01-08 08:00:00+00:00, run_after=2025-01-08 12:00:00+00:00
[2025-01-08T12:16:05.512+0000] {processor.py:183} INFO - Processing /home/airflow/.local/lib/python3.8/site-packages/airflow/example_dags/example_latest_only.py took 0.240 seconds
[2025-01-08T12:16:36.157+0000] {processor.py:161} INFO - Started process (PID=578) to work on /home/airflow/.local/lib/python3.8/site-packages/airflow/example_dags/example_latest_only.py
[2025-01-08T12:16:36.159+0000] {processor.py:830} INFO - Processing file /home/airflow/.local/lib/python3.8/site-packages/airflow/example_dags/example_latest_only.py for tasks to queue
[2025-01-08T12:16:36.162+0000] {logging_mixin.py:188} INFO - [2025-01-08T12:16:36.162+0000] {dagbag.py:538} INFO - Filling up the DagBag from /home/airflow/.local/lib/python3.8/site-packages/airflow/example_dags/example_latest_only.py
[2025-01-08T12:16:36.171+0000] {processor.py:840} INFO - DAG(s) 'latest_only' retrieved from /home/airflow/.local/lib/python3.8/site-packages/airflow/example_dags/example_latest_only.py
[2025-01-08T12:16:36.216+0000] {logging_mixin.py:188} INFO - [2025-01-08T12:16:36.215+0000] {dag.py:3036} INFO - Sync 1 DAGs
[2025-01-08T12:16:36.259+0000] {logging_mixin.py:188} INFO - [2025-01-08T12:16:36.259+0000] {dag.py:3823} INFO - Setting next_dagrun for latest_only to 2025-01-08 08:00:00+00:00, run_after=2025-01-08 12:00:00+00:00
[2025-01-08T12:16:36.299+0000] {processor.py:183} INFO - Processing /home/airflow/.local/lib/python3.8/site-packages/airflow/example_dags/example_latest_only.py took 0.148 seconds
[2025-01-08T12:17:06.796+0000] {processor.py:161} INFO - Started process (PID=637) to work on /home/airflow/.local/lib/python3.8/site-packages/airflow/example_dags/example_latest_only.py
[2025-01-08T12:17:06.802+0000] {processor.py:830} INFO - Processing file /home/airflow/.local/lib/python3.8/site-packages/airflow/example_dags/example_latest_only.py for tasks to queue
[2025-01-08T12:17:06.810+0000] {logging_mixin.py:188} INFO - [2025-01-08T12:17:06.809+0000] {dagbag.py:538} INFO - Filling up the DagBag from /home/airflow/.local/lib/python3.8/site-packages/airflow/example_dags/example_latest_only.py
[2025-01-08T12:17:06.821+0000] {processor.py:840} INFO - DAG(s) 'latest_only' retrieved from /home/airflow/.local/lib/python3.8/site-packages/airflow/example_dags/example_latest_only.py
[2025-01-08T12:17:06.861+0000] {logging_mixin.py:188} INFO - [2025-01-08T12:17:06.861+0000] {dag.py:3036} INFO - Sync 1 DAGs
[2025-01-08T12:17:06.929+0000] {logging_mixin.py:188} INFO - [2025-01-08T12:17:06.929+0000] {dag.py:3823} INFO - Setting next_dagrun for latest_only to 2025-01-08 08:00:00+00:00, run_after=2025-01-08 12:00:00+00:00
[2025-01-08T12:17:06.971+0000] {processor.py:183} INFO - Processing /home/airflow/.local/lib/python3.8/site-packages/airflow/example_dags/example_latest_only.py took 0.182 seconds
[2025-01-08T12:17:37.111+0000] {processor.py:161} INFO - Started process (PID=696) to work on /home/airflow/.local/lib/python3.8/site-packages/airflow/example_dags/example_latest_only.py
[2025-01-08T12:17:37.113+0000] {processor.py:830} INFO - Processing file /home/airflow/.local/lib/python3.8/site-packages/airflow/example_dags/example_latest_only.py for tasks to queue
[2025-01-08T12:17:37.115+0000] {logging_mixin.py:188} INFO - [2025-01-08T12:17:37.115+0000] {dagbag.py:538} INFO - Filling up the DagBag from /home/airflow/.local/lib/python3.8/site-packages/airflow/example_dags/example_latest_only.py
[2025-01-08T12:17:37.122+0000] {processor.py:840} INFO - DAG(s) 'latest_only' retrieved from /home/airflow/.local/lib/python3.8/site-packages/airflow/example_dags/example_latest_only.py
[2025-01-08T12:17:37.154+0000] {logging_mixin.py:188} INFO - [2025-01-08T12:17:37.153+0000] {dag.py:3036} INFO - Sync 1 DAGs
[2025-01-08T12:17:37.194+0000] {logging_mixin.py:188} INFO - [2025-01-08T12:17:37.194+0000] {dag.py:3823} INFO - Setting next_dagrun for latest_only to 2025-01-08 08:00:00+00:00, run_after=2025-01-08 12:00:00+00:00
[2025-01-08T12:17:37.227+0000] {processor.py:183} INFO - Processing /home/airflow/.local/lib/python3.8/site-packages/airflow/example_dags/example_latest_only.py took 0.121 seconds
[2025-01-08T12:18:07.792+0000] {processor.py:161} INFO - Started process (PID=755) to work on /home/airflow/.local/lib/python3.8/site-packages/airflow/example_dags/example_latest_only.py
[2025-01-08T12:18:07.793+0000] {processor.py:830} INFO - Processing file /home/airflow/.local/lib/python3.8/site-packages/airflow/example_dags/example_latest_only.py for tasks to queue
[2025-01-08T12:18:07.796+0000] {logging_mixin.py:188} INFO - [2025-01-08T12:18:07.795+0000] {dagbag.py:538} INFO - Filling up the DagBag from /home/airflow/.local/lib/python3.8/site-packages/airflow/example_dags/example_latest_only.py
[2025-01-08T12:18:07.804+0000] {processor.py:840} INFO - DAG(s) 'latest_only' retrieved from /home/airflow/.local/lib/python3.8/site-packages/airflow/example_dags/example_latest_only.py
[2025-01-08T12:18:07.838+0000] {logging_mixin.py:188} INFO - [2025-01-08T12:18:07.838+0000] {dag.py:3036} INFO - Sync 1 DAGs
[2025-01-08T12:18:07.899+0000] {logging_mixin.py:188} INFO - [2025-01-08T12:18:07.899+0000] {dag.py:3823} INFO - Setting next_dagrun for latest_only to 2025-01-08 08:00:00+00:00, run_after=2025-01-08 12:00:00+00:00
[2025-01-08T12:18:07.963+0000] {processor.py:183} INFO - Processing /home/airflow/.local/lib/python3.8/site-packages/airflow/example_dags/example_latest_only.py took 0.176 seconds
[2025-01-08T12:18:38.706+0000] {processor.py:161} INFO - Started process (PID=814) to work on /home/airflow/.local/lib/python3.8/site-packages/airflow/example_dags/example_latest_only.py
[2025-01-08T12:18:38.707+0000] {processor.py:830} INFO - Processing file /home/airflow/.local/lib/python3.8/site-packages/airflow/example_dags/example_latest_only.py for tasks to queue
[2025-01-08T12:18:38.710+0000] {logging_mixin.py:188} INFO - [2025-01-08T12:18:38.710+0000] {dagbag.py:538} INFO - Filling up the DagBag from /home/airflow/.local/lib/python3.8/site-packages/airflow/example_dags/example_latest_only.py
[2025-01-08T12:18:38.718+0000] {processor.py:840} INFO - DAG(s) 'latest_only' retrieved from /home/airflow/.local/lib/python3.8/site-packages/airflow/example_dags/example_latest_only.py
[2025-01-08T12:18:38.746+0000] {logging_mixin.py:188} INFO - [2025-01-08T12:18:38.745+0000] {dag.py:3036} INFO - Sync 1 DAGs
[2025-01-08T12:18:38.784+0000] {logging_mixin.py:188} INFO - [2025-01-08T12:18:38.784+0000] {dag.py:3823} INFO - Setting next_dagrun for latest_only to 2025-01-08 08:00:00+00:00, run_after=2025-01-08 12:00:00+00:00
[2025-01-08T12:18:38.814+0000] {processor.py:183} INFO - Processing /home/airflow/.local/lib/python3.8/site-packages/airflow/example_dags/example_latest_only.py took 0.113 seconds
[2025-01-08T12:19:09.333+0000] {processor.py:161} INFO - Started process (PID=874) to work on /home/airflow/.local/lib/python3.8/site-packages/airflow/example_dags/example_latest_only.py
[2025-01-08T12:19:09.336+0000] {processor.py:830} INFO - Processing file /home/airflow/.local/lib/python3.8/site-packages/airflow/example_dags/example_latest_only.py for tasks to queue
[2025-01-08T12:19:09.339+0000] {logging_mixin.py:188} INFO - [2025-01-08T12:19:09.338+0000] {dagbag.py:538} INFO - Filling up the DagBag from /home/airflow/.local/lib/python3.8/site-packages/airflow/example_dags/example_latest_only.py
[2025-01-08T12:19:09.349+0000] {processor.py:840} INFO - DAG(s) 'latest_only' retrieved from /home/airflow/.local/lib/python3.8/site-packages/airflow/example_dags/example_latest_only.py
[2025-01-08T12:19:09.389+0000] {logging_mixin.py:188} INFO - [2025-01-08T12:19:09.389+0000] {dag.py:3036} INFO - Sync 1 DAGs
[2025-01-08T12:19:09.434+0000] {logging_mixin.py:188} INFO - [2025-01-08T12:19:09.434+0000] {dag.py:3823} INFO - Setting next_dagrun for latest_only to 2025-01-08 08:00:00+00:00, run_after=2025-01-08 12:00:00+00:00
[2025-01-08T12:19:09.476+0000] {processor.py:183} INFO - Processing /home/airflow/.local/lib/python3.8/site-packages/airflow/example_dags/example_latest_only.py took 0.148 seconds
[2025-01-08T12:19:40.271+0000] {processor.py:161} INFO - Started process (PID=933) to work on /home/airflow/.local/lib/python3.8/site-packages/airflow/example_dags/example_latest_only.py
[2025-01-08T12:19:40.273+0000] {processor.py:830} INFO - Processing file /home/airflow/.local/lib/python3.8/site-packages/airflow/example_dags/example_latest_only.py for tasks to queue
[2025-01-08T12:19:40.276+0000] {logging_mixin.py:188} INFO - [2025-01-08T12:19:40.275+0000] {dagbag.py:538} INFO - Filling up the DagBag from /home/airflow/.local/lib/python3.8/site-packages/airflow/example_dags/example_latest_only.py
[2025-01-08T12:19:40.284+0000] {processor.py:840} INFO - DAG(s) 'latest_only' retrieved from /home/airflow/.local/lib/python3.8/site-packages/airflow/example_dags/example_latest_only.py
[2025-01-08T12:19:40.317+0000] {logging_mixin.py:188} INFO - [2025-01-08T12:19:40.317+0000] {dag.py:3036} INFO - Sync 1 DAGs
[2025-01-08T12:19:40.359+0000] {logging_mixin.py:188} INFO - [2025-01-08T12:19:40.359+0000] {dag.py:3823} INFO - Setting next_dagrun for latest_only to 2025-01-08 08:00:00+00:00, run_after=2025-01-08 12:00:00+00:00
[2025-01-08T12:19:40.396+0000] {processor.py:183} INFO - Processing /home/airflow/.local/lib/python3.8/site-packages/airflow/example_dags/example_latest_only.py took 0.130 seconds
[2025-01-08T12:20:12.323+0000] {processor.py:161} INFO - Started process (PID=992) to work on /home/airflow/.local/lib/python3.8/site-packages/airflow/example_dags/example_latest_only.py
[2025-01-08T12:20:12.324+0000] {processor.py:830} INFO - Processing file /home/airflow/.local/lib/python3.8/site-packages/airflow/example_dags/example_latest_only.py for tasks to queue
[2025-01-08T12:20:12.327+0000] {logging_mixin.py:188} INFO - [2025-01-08T12:20:12.326+0000] {dagbag.py:538} INFO - Filling up the DagBag from /home/airflow/.local/lib/python3.8/site-packages/airflow/example_dags/example_latest_only.py
[2025-01-08T12:20:12.335+0000] {processor.py:840} INFO - DAG(s) 'latest_only' retrieved from /home/airflow/.local/lib/python3.8/site-packages/airflow/example_dags/example_latest_only.py
[2025-01-08T12:20:12.370+0000] {logging_mixin.py:188} INFO - [2025-01-08T12:20:12.369+0000] {dag.py:3036} INFO - Sync 1 DAGs
[2025-01-08T12:20:12.404+0000] {logging_mixin.py:188} INFO - [2025-01-08T12:20:12.403+0000] {dag.py:3823} INFO - Setting next_dagrun for latest_only to 2025-01-08 08:00:00+00:00, run_after=2025-01-08 12:00:00+00:00
[2025-01-08T12:20:12.436+0000] {processor.py:183} INFO - Processing /home/airflow/.local/lib/python3.8/site-packages/airflow/example_dags/example_latest_only.py took 0.120 seconds
[2025-01-08T12:20:44.834+0000] {processor.py:161} INFO - Started process (PID=1051) to work on /home/airflow/.local/lib/python3.8/site-packages/airflow/example_dags/example_latest_only.py
[2025-01-08T12:20:44.885+0000] {processor.py:830} INFO - Processing file /home/airflow/.local/lib/python3.8/site-packages/airflow/example_dags/example_latest_only.py for tasks to queue
[2025-01-08T12:20:44.929+0000] {logging_mixin.py:188} INFO - [2025-01-08T12:20:44.928+0000] {dagbag.py:538} INFO - Filling up the DagBag from /home/airflow/.local/lib/python3.8/site-packages/airflow/example_dags/example_latest_only.py
[2025-01-08T12:20:44.962+0000] {processor.py:840} INFO - DAG(s) 'latest_only' retrieved from /home/airflow/.local/lib/python3.8/site-packages/airflow/example_dags/example_latest_only.py
[2025-01-08T12:20:45.021+0000] {logging_mixin.py:188} INFO - [2025-01-08T12:20:45.021+0000] {dag.py:3036} INFO - Sync 1 DAGs
[2025-01-08T12:20:45.068+0000] {logging_mixin.py:188} INFO - [2025-01-08T12:20:45.068+0000] {dag.py:3823} INFO - Setting next_dagrun for latest_only to 2025-01-08 08:00:00+00:00, run_after=2025-01-08 12:00:00+00:00
[2025-01-08T12:20:45.105+0000] {processor.py:183} INFO - Processing /home/airflow/.local/lib/python3.8/site-packages/airflow/example_dags/example_latest_only.py took 0.278 seconds
[2025-01-08T12:21:16.330+0000] {processor.py:161} INFO - Started process (PID=1116) to work on /home/airflow/.local/lib/python3.8/site-packages/airflow/example_dags/example_latest_only.py
[2025-01-08T12:21:16.412+0000] {processor.py:830} INFO - Processing file /home/airflow/.local/lib/python3.8/site-packages/airflow/example_dags/example_latest_only.py for tasks to queue
[2025-01-08T12:21:16.455+0000] {logging_mixin.py:188} INFO - [2025-01-08T12:21:16.454+0000] {dagbag.py:538} INFO - Filling up the DagBag from /home/airflow/.local/lib/python3.8/site-packages/airflow/example_dags/example_latest_only.py
[2025-01-08T12:21:16.488+0000] {processor.py:840} INFO - DAG(s) 'latest_only' retrieved from /home/airflow/.local/lib/python3.8/site-packages/airflow/example_dags/example_latest_only.py
[2025-01-08T12:21:16.575+0000] {logging_mixin.py:188} INFO - [2025-01-08T12:21:16.574+0000] {dag.py:3036} INFO - Sync 1 DAGs
[2025-01-08T12:21:16.724+0000] {logging_mixin.py:188} INFO - [2025-01-08T12:21:16.724+0000] {dag.py:3823} INFO - Setting next_dagrun for latest_only to 2025-01-08 08:00:00+00:00, run_after=2025-01-08 12:00:00+00:00
[2025-01-08T12:21:16.850+0000] {processor.py:183} INFO - Processing /home/airflow/.local/lib/python3.8/site-packages/airflow/example_dags/example_latest_only.py took 0.531 seconds
[2025-01-08T12:21:47.064+0000] {processor.py:161} INFO - Started process (PID=1175) to work on /home/airflow/.local/lib/python3.8/site-packages/airflow/example_dags/example_latest_only.py
[2025-01-08T12:21:47.066+0000] {processor.py:830} INFO - Processing file /home/airflow/.local/lib/python3.8/site-packages/airflow/example_dags/example_latest_only.py for tasks to queue
[2025-01-08T12:21:47.070+0000] {logging_mixin.py:188} INFO - [2025-01-08T12:21:47.069+0000] {dagbag.py:538} INFO - Filling up the DagBag from /home/airflow/.local/lib/python3.8/site-packages/airflow/example_dags/example_latest_only.py
[2025-01-08T12:21:47.081+0000] {processor.py:840} INFO - DAG(s) 'latest_only' retrieved from /home/airflow/.local/lib/python3.8/site-packages/airflow/example_dags/example_latest_only.py
[2025-01-08T12:21:47.146+0000] {logging_mixin.py:188} INFO - [2025-01-08T12:21:47.146+0000] {dag.py:3036} INFO - Sync 1 DAGs
[2025-01-08T12:21:47.200+0000] {logging_mixin.py:188} INFO - [2025-01-08T12:21:47.200+0000] {dag.py:3823} INFO - Setting next_dagrun for latest_only to 2025-01-08 08:00:00+00:00, run_after=2025-01-08 12:00:00+00:00
[2025-01-08T12:21:47.249+0000] {processor.py:183} INFO - Processing /home/airflow/.local/lib/python3.8/site-packages/airflow/example_dags/example_latest_only.py took 0.193 seconds
[2025-01-08T12:22:18.255+0000] {processor.py:161} INFO - Started process (PID=1234) to work on /home/airflow/.local/lib/python3.8/site-packages/airflow/example_dags/example_latest_only.py
[2025-01-08T12:22:18.256+0000] {processor.py:830} INFO - Processing file /home/airflow/.local/lib/python3.8/site-packages/airflow/example_dags/example_latest_only.py for tasks to queue
[2025-01-08T12:22:18.259+0000] {logging_mixin.py:188} INFO - [2025-01-08T12:22:18.258+0000] {dagbag.py:538} INFO - Filling up the DagBag from /home/airflow/.local/lib/python3.8/site-packages/airflow/example_dags/example_latest_only.py
[2025-01-08T12:22:18.266+0000] {processor.py:840} INFO - DAG(s) 'latest_only' retrieved from /home/airflow/.local/lib/python3.8/site-packages/airflow/example_dags/example_latest_only.py
[2025-01-08T12:22:18.304+0000] {logging_mixin.py:188} INFO - [2025-01-08T12:22:18.304+0000] {dag.py:3036} INFO - Sync 1 DAGs
[2025-01-08T12:22:18.347+0000] {logging_mixin.py:188} INFO - [2025-01-08T12:22:18.346+0000] {dag.py:3823} INFO - Setting next_dagrun for latest_only to 2025-01-08 08:00:00+00:00, run_after=2025-01-08 12:00:00+00:00
[2025-01-08T12:22:18.380+0000] {processor.py:183} INFO - Processing /home/airflow/.local/lib/python3.8/site-packages/airflow/example_dags/example_latest_only.py took 0.130 seconds
[2025-01-08T12:22:48.566+0000] {processor.py:161} INFO - Started process (PID=1291) to work on /home/airflow/.local/lib/python3.8/site-packages/airflow/example_dags/example_latest_only.py
[2025-01-08T12:22:48.568+0000] {processor.py:830} INFO - Processing file /home/airflow/.local/lib/python3.8/site-packages/airflow/example_dags/example_latest_only.py for tasks to queue
[2025-01-08T12:22:48.574+0000] {logging_mixin.py:188} INFO - [2025-01-08T12:22:48.573+0000] {dagbag.py:538} INFO - Filling up the DagBag from /home/airflow/.local/lib/python3.8/site-packages/airflow/example_dags/example_latest_only.py
[2025-01-08T12:22:48.595+0000] {processor.py:840} INFO - DAG(s) 'latest_only' retrieved from /home/airflow/.local/lib/python3.8/site-packages/airflow/example_dags/example_latest_only.py
[2025-01-08T12:22:48.642+0000] {logging_mixin.py:188} INFO - [2025-01-08T12:22:48.642+0000] {dag.py:3036} INFO - Sync 1 DAGs
[2025-01-08T12:22:48.685+0000] {logging_mixin.py:188} INFO - [2025-01-08T12:22:48.685+0000] {dag.py:3823} INFO - Setting next_dagrun for latest_only to 2025-01-08 08:00:00+00:00, run_after=2025-01-08 12:00:00+00:00
[2025-01-08T12:22:48.727+0000] {processor.py:183} INFO - Processing /home/airflow/.local/lib/python3.8/site-packages/airflow/example_dags/example_latest_only.py took 0.170 seconds
[2025-01-08T12:23:19.331+0000] {processor.py:161} INFO - Started process (PID=1351) to work on /home/airflow/.local/lib/python3.8/site-packages/airflow/example_dags/example_latest_only.py
[2025-01-08T12:23:19.340+0000] {processor.py:830} INFO - Processing file /home/airflow/.local/lib/python3.8/site-packages/airflow/example_dags/example_latest_only.py for tasks to queue
[2025-01-08T12:23:19.352+0000] {logging_mixin.py:188} INFO - [2025-01-08T12:23:19.350+0000] {dagbag.py:538} INFO - Filling up the DagBag from /home/airflow/.local/lib/python3.8/site-packages/airflow/example_dags/example_latest_only.py
[2025-01-08T12:23:19.384+0000] {processor.py:840} INFO - DAG(s) 'latest_only' retrieved from /home/airflow/.local/lib/python3.8/site-packages/airflow/example_dags/example_latest_only.py
[2025-01-08T12:23:19.449+0000] {logging_mixin.py:188} INFO - [2025-01-08T12:23:19.448+0000] {dag.py:3036} INFO - Sync 1 DAGs
[2025-01-08T12:23:19.511+0000] {logging_mixin.py:188} INFO - [2025-01-08T12:23:19.510+0000] {dag.py:3823} INFO - Setting next_dagrun for latest_only to 2025-01-08 08:00:00+00:00, run_after=2025-01-08 12:00:00+00:00
[2025-01-08T12:23:19.551+0000] {processor.py:183} INFO - Processing /home/airflow/.local/lib/python3.8/site-packages/airflow/example_dags/example_latest_only.py took 0.248 seconds
[2025-01-08T12:23:50.234+0000] {processor.py:161} INFO - Started process (PID=1409) to work on /home/airflow/.local/lib/python3.8/site-packages/airflow/example_dags/example_latest_only.py
[2025-01-08T12:23:50.236+0000] {processor.py:830} INFO - Processing file /home/airflow/.local/lib/python3.8/site-packages/airflow/example_dags/example_latest_only.py for tasks to queue
[2025-01-08T12:23:50.239+0000] {logging_mixin.py:188} INFO - [2025-01-08T12:23:50.239+0000] {dagbag.py:538} INFO - Filling up the DagBag from /home/airflow/.local/lib/python3.8/site-packages/airflow/example_dags/example_latest_only.py
[2025-01-08T12:23:50.250+0000] {processor.py:840} INFO - DAG(s) 'latest_only' retrieved from /home/airflow/.local/lib/python3.8/site-packages/airflow/example_dags/example_latest_only.py
[2025-01-08T12:23:50.286+0000] {logging_mixin.py:188} INFO - [2025-01-08T12:23:50.286+0000] {dag.py:3036} INFO - Sync 1 DAGs
[2025-01-08T12:23:50.325+0000] {logging_mixin.py:188} INFO - [2025-01-08T12:23:50.325+0000] {dag.py:3823} INFO - Setting next_dagrun for latest_only to 2025-01-08 08:00:00+00:00, run_after=2025-01-08 12:00:00+00:00
[2025-01-08T12:23:50.360+0000] {processor.py:183} INFO - Processing /home/airflow/.local/lib/python3.8/site-packages/airflow/example_dags/example_latest_only.py took 0.133 seconds
[2025-01-08T12:24:21.117+0000] {processor.py:161} INFO - Started process (PID=1469) to work on /home/airflow/.local/lib/python3.8/site-packages/airflow/example_dags/example_latest_only.py
[2025-01-08T12:24:21.120+0000] {processor.py:830} INFO - Processing file /home/airflow/.local/lib/python3.8/site-packages/airflow/example_dags/example_latest_only.py for tasks to queue
[2025-01-08T12:24:21.123+0000] {logging_mixin.py:188} INFO - [2025-01-08T12:24:21.122+0000] {dagbag.py:538} INFO - Filling up the DagBag from /home/airflow/.local/lib/python3.8/site-packages/airflow/example_dags/example_latest_only.py
[2025-01-08T12:24:21.133+0000] {processor.py:840} INFO - DAG(s) 'latest_only' retrieved from /home/airflow/.local/lib/python3.8/site-packages/airflow/example_dags/example_latest_only.py
[2025-01-08T12:24:21.174+0000] {logging_mixin.py:188} INFO - [2025-01-08T12:24:21.173+0000] {dag.py:3036} INFO - Sync 1 DAGs
[2025-01-08T12:24:21.226+0000] {logging_mixin.py:188} INFO - [2025-01-08T12:24:21.225+0000] {dag.py:3823} INFO - Setting next_dagrun for latest_only to 2025-01-08 08:00:00+00:00, run_after=2025-01-08 12:00:00+00:00
[2025-01-08T12:24:21.269+0000] {processor.py:183} INFO - Processing /home/airflow/.local/lib/python3.8/site-packages/airflow/example_dags/example_latest_only.py took 0.158 seconds
[2025-01-08T12:24:51.607+0000] {processor.py:161} INFO - Started process (PID=1528) to work on /home/airflow/.local/lib/python3.8/site-packages/airflow/example_dags/example_latest_only.py
[2025-01-08T12:24:51.610+0000] {processor.py:830} INFO - Processing file /home/airflow/.local/lib/python3.8/site-packages/airflow/example_dags/example_latest_only.py for tasks to queue
[2025-01-08T12:24:51.616+0000] {logging_mixin.py:188} INFO - [2025-01-08T12:24:51.615+0000] {dagbag.py:538} INFO - Filling up the DagBag from /home/airflow/.local/lib/python3.8/site-packages/airflow/example_dags/example_latest_only.py
[2025-01-08T12:24:51.632+0000] {processor.py:840} INFO - DAG(s) 'latest_only' retrieved from /home/airflow/.local/lib/python3.8/site-packages/airflow/example_dags/example_latest_only.py
[2025-01-08T12:24:51.720+0000] {logging_mixin.py:188} INFO - [2025-01-08T12:24:51.719+0000] {dag.py:3036} INFO - Sync 1 DAGs
[2025-01-08T12:24:51.774+0000] {logging_mixin.py:188} INFO - [2025-01-08T12:24:51.774+0000] {dag.py:3823} INFO - Setting next_dagrun for latest_only to 2025-01-08 08:00:00+00:00, run_after=2025-01-08 12:00:00+00:00
[2025-01-08T12:24:51.804+0000] {processor.py:183} INFO - Processing /home/airflow/.local/lib/python3.8/site-packages/airflow/example_dags/example_latest_only.py took 0.207 seconds
[2025-01-08T12:25:22.317+0000] {processor.py:161} INFO - Started process (PID=1587) to work on /home/airflow/.local/lib/python3.8/site-packages/airflow/example_dags/example_latest_only.py
[2025-01-08T12:25:22.319+0000] {processor.py:830} INFO - Processing file /home/airflow/.local/lib/python3.8/site-packages/airflow/example_dags/example_latest_only.py for tasks to queue
[2025-01-08T12:25:22.322+0000] {logging_mixin.py:188} INFO - [2025-01-08T12:25:22.321+0000] {dagbag.py:538} INFO - Filling up the DagBag from /home/airflow/.local/lib/python3.8/site-packages/airflow/example_dags/example_latest_only.py
[2025-01-08T12:25:22.333+0000] {processor.py:840} INFO - DAG(s) 'latest_only' retrieved from /home/airflow/.local/lib/python3.8/site-packages/airflow/example_dags/example_latest_only.py
[2025-01-08T12:25:22.368+0000] {logging_mixin.py:188} INFO - [2025-01-08T12:25:22.368+0000] {dag.py:3036} INFO - Sync 1 DAGs
[2025-01-08T12:25:22.420+0000] {logging_mixin.py:188} INFO - [2025-01-08T12:25:22.420+0000] {dag.py:3823} INFO - Setting next_dagrun for latest_only to 2025-01-08 08:00:00+00:00, run_after=2025-01-08 12:00:00+00:00
[2025-01-08T12:25:22.457+0000] {processor.py:183} INFO - Processing /home/airflow/.local/lib/python3.8/site-packages/airflow/example_dags/example_latest_only.py took 0.151 seconds
[2025-01-08T12:25:53.265+0000] {processor.py:161} INFO - Started process (PID=1646) to work on /home/airflow/.local/lib/python3.8/site-packages/airflow/example_dags/example_latest_only.py
[2025-01-08T12:25:53.267+0000] {processor.py:830} INFO - Processing file /home/airflow/.local/lib/python3.8/site-packages/airflow/example_dags/example_latest_only.py for tasks to queue
[2025-01-08T12:25:53.269+0000] {logging_mixin.py:188} INFO - [2025-01-08T12:25:53.269+0000] {dagbag.py:538} INFO - Filling up the DagBag from /home/airflow/.local/lib/python3.8/site-packages/airflow/example_dags/example_latest_only.py
[2025-01-08T12:25:53.278+0000] {processor.py:840} INFO - DAG(s) 'latest_only' retrieved from /home/airflow/.local/lib/python3.8/site-packages/airflow/example_dags/example_latest_only.py
[2025-01-08T12:25:53.315+0000] {logging_mixin.py:188} INFO - [2025-01-08T12:25:53.315+0000] {dag.py:3036} INFO - Sync 1 DAGs
[2025-01-08T12:25:53.355+0000] {logging_mixin.py:188} INFO - [2025-01-08T12:25:53.354+0000] {dag.py:3823} INFO - Setting next_dagrun for latest_only to 2025-01-08 08:00:00+00:00, run_after=2025-01-08 12:00:00+00:00
[2025-01-08T12:25:53.391+0000] {processor.py:183} INFO - Processing /home/airflow/.local/lib/python3.8/site-packages/airflow/example_dags/example_latest_only.py took 0.130 seconds
[2025-01-08T12:26:30.269+0000] {processor.py:161} INFO - Started process (PID=1705) to work on /home/airflow/.local/lib/python3.8/site-packages/airflow/example_dags/example_latest_only.py
[2025-01-08T12:26:30.272+0000] {processor.py:830} INFO - Processing file /home/airflow/.local/lib/python3.8/site-packages/airflow/example_dags/example_latest_only.py for tasks to queue
[2025-01-08T12:26:30.275+0000] {logging_mixin.py:188} INFO - [2025-01-08T12:26:30.275+0000] {dagbag.py:538} INFO - Filling up the DagBag from /home/airflow/.local/lib/python3.8/site-packages/airflow/example_dags/example_latest_only.py
[2025-01-08T12:26:30.289+0000] {processor.py:840} INFO - DAG(s) 'latest_only' retrieved from /home/airflow/.local/lib/python3.8/site-packages/airflow/example_dags/example_latest_only.py
[2025-01-08T12:26:30.375+0000] {logging_mixin.py:188} INFO - [2025-01-08T12:26:30.374+0000] {dag.py:3036} INFO - Sync 1 DAGs
[2025-01-08T12:26:30.489+0000] {logging_mixin.py:188} INFO - [2025-01-08T12:26:30.488+0000] {dag.py:3823} INFO - Setting next_dagrun for latest_only to 2025-01-08 08:00:00+00:00, run_after=2025-01-08 12:00:00+00:00
[2025-01-08T12:26:30.556+0000] {processor.py:183} INFO - Processing /home/airflow/.local/lib/python3.8/site-packages/airflow/example_dags/example_latest_only.py took 0.296 seconds
[2025-01-08T12:27:01.040+0000] {processor.py:161} INFO - Started process (PID=1764) to work on /home/airflow/.local/lib/python3.8/site-packages/airflow/example_dags/example_latest_only.py
[2025-01-08T12:27:01.053+0000] {processor.py:830} INFO - Processing file /home/airflow/.local/lib/python3.8/site-packages/airflow/example_dags/example_latest_only.py for tasks to queue
[2025-01-08T12:27:01.057+0000] {logging_mixin.py:188} INFO - [2025-01-08T12:27:01.057+0000] {dagbag.py:538} INFO - Filling up the DagBag from /home/airflow/.local/lib/python3.8/site-packages/airflow/example_dags/example_latest_only.py
[2025-01-08T12:27:01.076+0000] {processor.py:840} INFO - DAG(s) 'latest_only' retrieved from /home/airflow/.local/lib/python3.8/site-packages/airflow/example_dags/example_latest_only.py
[2025-01-08T12:27:01.183+0000] {logging_mixin.py:188} INFO - [2025-01-08T12:27:01.182+0000] {dag.py:3036} INFO - Sync 1 DAGs
[2025-01-08T12:27:01.274+0000] {logging_mixin.py:188} INFO - [2025-01-08T12:27:01.274+0000] {dag.py:3823} INFO - Setting next_dagrun for latest_only to 2025-01-08 08:00:00+00:00, run_after=2025-01-08 12:00:00+00:00
[2025-01-08T12:27:01.388+0000] {processor.py:183} INFO - Processing /home/airflow/.local/lib/python3.8/site-packages/airflow/example_dags/example_latest_only.py took 0.366 seconds
[2025-01-08T12:27:32.166+0000] {processor.py:161} INFO - Started process (PID=1823) to work on /home/airflow/.local/lib/python3.8/site-packages/airflow/example_dags/example_latest_only.py
[2025-01-08T12:27:32.171+0000] {processor.py:830} INFO - Processing file /home/airflow/.local/lib/python3.8/site-packages/airflow/example_dags/example_latest_only.py for tasks to queue
[2025-01-08T12:27:32.195+0000] {logging_mixin.py:188} INFO - [2025-01-08T12:27:32.194+0000] {dagbag.py:538} INFO - Filling up the DagBag from /home/airflow/.local/lib/python3.8/site-packages/airflow/example_dags/example_latest_only.py
[2025-01-08T12:27:32.219+0000] {processor.py:840} INFO - DAG(s) 'latest_only' retrieved from /home/airflow/.local/lib/python3.8/site-packages/airflow/example_dags/example_latest_only.py
[2025-01-08T12:27:32.304+0000] {logging_mixin.py:188} INFO - [2025-01-08T12:27:32.304+0000] {dag.py:3036} INFO - Sync 1 DAGs
[2025-01-08T12:27:32.387+0000] {logging_mixin.py:188} INFO - [2025-01-08T12:27:32.387+0000] {dag.py:3823} INFO - Setting next_dagrun for latest_only to 2025-01-08 08:00:00+00:00, run_after=2025-01-08 12:00:00+00:00
[2025-01-08T12:27:32.503+0000] {processor.py:183} INFO - Processing /home/airflow/.local/lib/python3.8/site-packages/airflow/example_dags/example_latest_only.py took 0.358 seconds
[2025-01-08T12:28:03.310+0000] {processor.py:161} INFO - Started process (PID=1885) to work on /home/airflow/.local/lib/python3.8/site-packages/airflow/example_dags/example_latest_only.py
[2025-01-08T12:28:03.313+0000] {processor.py:830} INFO - Processing file /home/airflow/.local/lib/python3.8/site-packages/airflow/example_dags/example_latest_only.py for tasks to queue
[2025-01-08T12:28:03.326+0000] {logging_mixin.py:188} INFO - [2025-01-08T12:28:03.326+0000] {dagbag.py:538} INFO - Filling up the DagBag from /home/airflow/.local/lib/python3.8/site-packages/airflow/example_dags/example_latest_only.py
[2025-01-08T12:28:03.346+0000] {processor.py:840} INFO - DAG(s) 'latest_only' retrieved from /home/airflow/.local/lib/python3.8/site-packages/airflow/example_dags/example_latest_only.py
[2025-01-08T12:28:03.399+0000] {logging_mixin.py:188} INFO - [2025-01-08T12:28:03.399+0000] {dag.py:3036} INFO - Sync 1 DAGs
[2025-01-08T12:28:03.445+0000] {logging_mixin.py:188} INFO - [2025-01-08T12:28:03.445+0000] {dag.py:3823} INFO - Setting next_dagrun for latest_only to 2025-01-08 08:00:00+00:00, run_after=2025-01-08 12:00:00+00:00
[2025-01-08T12:28:03.692+0000] {processor.py:183} INFO - Processing /home/airflow/.local/lib/python3.8/site-packages/airflow/example_dags/example_latest_only.py took 0.407 seconds
[2025-01-08T12:28:33.927+0000] {processor.py:161} INFO - Started process (PID=1944) to work on /home/airflow/.local/lib/python3.8/site-packages/airflow/example_dags/example_latest_only.py
[2025-01-08T12:28:33.929+0000] {processor.py:830} INFO - Processing file /home/airflow/.local/lib/python3.8/site-packages/airflow/example_dags/example_latest_only.py for tasks to queue
[2025-01-08T12:28:33.932+0000] {logging_mixin.py:188} INFO - [2025-01-08T12:28:33.932+0000] {dagbag.py:538} INFO - Filling up the DagBag from /home/airflow/.local/lib/python3.8/site-packages/airflow/example_dags/example_latest_only.py
[2025-01-08T12:28:33.947+0000] {processor.py:840} INFO - DAG(s) 'latest_only' retrieved from /home/airflow/.local/lib/python3.8/site-packages/airflow/example_dags/example_latest_only.py
[2025-01-08T12:28:34.009+0000] {logging_mixin.py:188} INFO - [2025-01-08T12:28:34.009+0000] {dag.py:3036} INFO - Sync 1 DAGs
[2025-01-08T12:28:34.068+0000] {logging_mixin.py:188} INFO - [2025-01-08T12:28:34.064+0000] {dag.py:3823} INFO - Setting next_dagrun for latest_only to 2025-01-08 08:00:00+00:00, run_after=2025-01-08 12:00:00+00:00
[2025-01-08T12:28:34.446+0000] {processor.py:183} INFO - Processing /home/airflow/.local/lib/python3.8/site-packages/airflow/example_dags/example_latest_only.py took 0.527 seconds
[2025-01-08T12:29:05.582+0000] {processor.py:161} INFO - Started process (PID=2003) to work on /home/airflow/.local/lib/python3.8/site-packages/airflow/example_dags/example_latest_only.py
[2025-01-08T12:29:05.584+0000] {processor.py:830} INFO - Processing file /home/airflow/.local/lib/python3.8/site-packages/airflow/example_dags/example_latest_only.py for tasks to queue
[2025-01-08T12:29:05.597+0000] {logging_mixin.py:188} INFO - [2025-01-08T12:29:05.594+0000] {dagbag.py:538} INFO - Filling up the DagBag from /home/airflow/.local/lib/python3.8/site-packages/airflow/example_dags/example_latest_only.py
[2025-01-08T12:29:05.614+0000] {processor.py:840} INFO - DAG(s) 'latest_only' retrieved from /home/airflow/.local/lib/python3.8/site-packages/airflow/example_dags/example_latest_only.py
[2025-01-08T12:29:05.667+0000] {logging_mixin.py:188} INFO - [2025-01-08T12:29:05.666+0000] {dag.py:3036} INFO - Sync 1 DAGs
[2025-01-08T12:29:05.718+0000] {logging_mixin.py:188} INFO - [2025-01-08T12:29:05.718+0000] {dag.py:3823} INFO - Setting next_dagrun for latest_only to 2025-01-08 08:00:00+00:00, run_after=2025-01-08 12:00:00+00:00
[2025-01-08T12:29:05.768+0000] {processor.py:183} INFO - Processing /home/airflow/.local/lib/python3.8/site-packages/airflow/example_dags/example_latest_only.py took 0.198 seconds
[2025-01-08T12:29:36.485+0000] {processor.py:161} INFO - Started process (PID=2061) to work on /home/airflow/.local/lib/python3.8/site-packages/airflow/example_dags/example_latest_only.py
[2025-01-08T12:29:36.498+0000] {processor.py:830} INFO - Processing file /home/airflow/.local/lib/python3.8/site-packages/airflow/example_dags/example_latest_only.py for tasks to queue
[2025-01-08T12:29:36.506+0000] {logging_mixin.py:188} INFO - [2025-01-08T12:29:36.506+0000] {dagbag.py:538} INFO - Filling up the DagBag from /home/airflow/.local/lib/python3.8/site-packages/airflow/example_dags/example_latest_only.py
[2025-01-08T12:29:36.572+0000] {processor.py:840} INFO - DAG(s) 'latest_only' retrieved from /home/airflow/.local/lib/python3.8/site-packages/airflow/example_dags/example_latest_only.py
[2025-01-08T12:29:36.716+0000] {logging_mixin.py:188} INFO - [2025-01-08T12:29:36.715+0000] {dag.py:3036} INFO - Sync 1 DAGs
[2025-01-08T12:29:36.863+0000] {logging_mixin.py:188} INFO - [2025-01-08T12:29:36.863+0000] {dag.py:3823} INFO - Setting next_dagrun for latest_only to 2025-01-08 08:00:00+00:00, run_after=2025-01-08 12:00:00+00:00
[2025-01-08T12:29:36.950+0000] {processor.py:183} INFO - Processing /home/airflow/.local/lib/python3.8/site-packages/airflow/example_dags/example_latest_only.py took 0.485 seconds
[2025-01-08T12:30:07.122+0000] {processor.py:161} INFO - Started process (PID=2120) to work on /home/airflow/.local/lib/python3.8/site-packages/airflow/example_dags/example_latest_only.py
[2025-01-08T12:30:07.124+0000] {processor.py:830} INFO - Processing file /home/airflow/.local/lib/python3.8/site-packages/airflow/example_dags/example_latest_only.py for tasks to queue
[2025-01-08T12:30:07.130+0000] {logging_mixin.py:188} INFO - [2025-01-08T12:30:07.129+0000] {dagbag.py:538} INFO - Filling up the DagBag from /home/airflow/.local/lib/python3.8/site-packages/airflow/example_dags/example_latest_only.py
[2025-01-08T12:30:07.141+0000] {processor.py:840} INFO - DAG(s) 'latest_only' retrieved from /home/airflow/.local/lib/python3.8/site-packages/airflow/example_dags/example_latest_only.py
[2025-01-08T12:30:07.185+0000] {logging_mixin.py:188} INFO - [2025-01-08T12:30:07.184+0000] {dag.py:3036} INFO - Sync 1 DAGs
[2025-01-08T12:30:07.228+0000] {logging_mixin.py:188} INFO - [2025-01-08T12:30:07.227+0000] {dag.py:3823} INFO - Setting next_dagrun for latest_only to 2025-01-08 08:00:00+00:00, run_after=2025-01-08 12:00:00+00:00
[2025-01-08T12:30:07.255+0000] {processor.py:183} INFO - Processing /home/airflow/.local/lib/python3.8/site-packages/airflow/example_dags/example_latest_only.py took 0.139 seconds
[2025-01-08T12:30:38.233+0000] {processor.py:161} INFO - Started process (PID=2180) to work on /home/airflow/.local/lib/python3.8/site-packages/airflow/example_dags/example_latest_only.py
[2025-01-08T12:30:38.235+0000] {processor.py:830} INFO - Processing file /home/airflow/.local/lib/python3.8/site-packages/airflow/example_dags/example_latest_only.py for tasks to queue
[2025-01-08T12:30:38.241+0000] {logging_mixin.py:188} INFO - [2025-01-08T12:30:38.240+0000] {dagbag.py:538} INFO - Filling up the DagBag from /home/airflow/.local/lib/python3.8/site-packages/airflow/example_dags/example_latest_only.py
[2025-01-08T12:30:38.255+0000] {processor.py:840} INFO - DAG(s) 'latest_only' retrieved from /home/airflow/.local/lib/python3.8/site-packages/airflow/example_dags/example_latest_only.py
[2025-01-08T12:30:38.297+0000] {logging_mixin.py:188} INFO - [2025-01-08T12:30:38.297+0000] {dag.py:3036} INFO - Sync 1 DAGs
[2025-01-08T12:30:38.333+0000] {logging_mixin.py:188} INFO - [2025-01-08T12:30:38.332+0000] {dag.py:3823} INFO - Setting next_dagrun for latest_only to 2025-01-08 08:00:00+00:00, run_after=2025-01-08 12:00:00+00:00
[2025-01-08T12:30:38.361+0000] {processor.py:183} INFO - Processing /home/airflow/.local/lib/python3.8/site-packages/airflow/example_dags/example_latest_only.py took 0.144 seconds
[2025-01-08T12:31:08.932+0000] {processor.py:161} INFO - Started process (PID=2239) to work on /home/airflow/.local/lib/python3.8/site-packages/airflow/example_dags/example_latest_only.py
[2025-01-08T12:31:08.936+0000] {processor.py:830} INFO - Processing file /home/airflow/.local/lib/python3.8/site-packages/airflow/example_dags/example_latest_only.py for tasks to queue
[2025-01-08T12:31:08.944+0000] {logging_mixin.py:188} INFO - [2025-01-08T12:31:08.943+0000] {dagbag.py:538} INFO - Filling up the DagBag from /home/airflow/.local/lib/python3.8/site-packages/airflow/example_dags/example_latest_only.py
[2025-01-08T12:31:08.966+0000] {processor.py:840} INFO - DAG(s) 'latest_only' retrieved from /home/airflow/.local/lib/python3.8/site-packages/airflow/example_dags/example_latest_only.py
[2025-01-08T12:31:09.023+0000] {logging_mixin.py:188} INFO - [2025-01-08T12:31:09.022+0000] {dag.py:3036} INFO - Sync 1 DAGs
[2025-01-08T12:31:09.060+0000] {logging_mixin.py:188} INFO - [2025-01-08T12:31:09.059+0000] {dag.py:3823} INFO - Setting next_dagrun for latest_only to 2025-01-08 08:00:00+00:00, run_after=2025-01-08 12:00:00+00:00
[2025-01-08T12:31:09.089+0000] {processor.py:183} INFO - Processing /home/airflow/.local/lib/python3.8/site-packages/airflow/example_dags/example_latest_only.py took 0.171 seconds
[2025-01-08T12:31:40.113+0000] {processor.py:161} INFO - Started process (PID=2297) to work on /home/airflow/.local/lib/python3.8/site-packages/airflow/example_dags/example_latest_only.py
[2025-01-08T12:31:40.115+0000] {processor.py:830} INFO - Processing file /home/airflow/.local/lib/python3.8/site-packages/airflow/example_dags/example_latest_only.py for tasks to queue
[2025-01-08T12:31:40.121+0000] {logging_mixin.py:188} INFO - [2025-01-08T12:31:40.120+0000] {dagbag.py:538} INFO - Filling up the DagBag from /home/airflow/.local/lib/python3.8/site-packages/airflow/example_dags/example_latest_only.py
[2025-01-08T12:31:40.133+0000] {processor.py:840} INFO - DAG(s) 'latest_only' retrieved from /home/airflow/.local/lib/python3.8/site-packages/airflow/example_dags/example_latest_only.py
[2025-01-08T12:31:40.188+0000] {logging_mixin.py:188} INFO - [2025-01-08T12:31:40.188+0000] {dag.py:3036} INFO - Sync 1 DAGs
[2025-01-08T12:31:40.411+0000] {logging_mixin.py:188} INFO - [2025-01-08T12:31:40.411+0000] {dag.py:3823} INFO - Setting next_dagrun for latest_only to 2025-01-08 08:00:00+00:00, run_after=2025-01-08 12:00:00+00:00
[2025-01-08T12:31:40.437+0000] {processor.py:183} INFO - Processing /home/airflow/.local/lib/python3.8/site-packages/airflow/example_dags/example_latest_only.py took 0.333 seconds
[2025-01-08T12:32:10.514+0000] {processor.py:161} INFO - Started process (PID=2356) to work on /home/airflow/.local/lib/python3.8/site-packages/airflow/example_dags/example_latest_only.py
[2025-01-08T12:32:10.516+0000] {processor.py:830} INFO - Processing file /home/airflow/.local/lib/python3.8/site-packages/airflow/example_dags/example_latest_only.py for tasks to queue
[2025-01-08T12:32:10.518+0000] {logging_mixin.py:188} INFO - [2025-01-08T12:32:10.518+0000] {dagbag.py:538} INFO - Filling up the DagBag from /home/airflow/.local/lib/python3.8/site-packages/airflow/example_dags/example_latest_only.py
[2025-01-08T12:32:10.532+0000] {processor.py:840} INFO - DAG(s) 'latest_only' retrieved from /home/airflow/.local/lib/python3.8/site-packages/airflow/example_dags/example_latest_only.py
[2025-01-08T12:32:10.583+0000] {logging_mixin.py:188} INFO - [2025-01-08T12:32:10.577+0000] {dag.py:3036} INFO - Sync 1 DAGs
[2025-01-08T12:32:10.623+0000] {logging_mixin.py:188} INFO - [2025-01-08T12:32:10.623+0000] {dag.py:3823} INFO - Setting next_dagrun for latest_only to 2025-01-08 08:00:00+00:00, run_after=2025-01-08 12:00:00+00:00
[2025-01-08T12:32:10.658+0000] {processor.py:183} INFO - Processing /home/airflow/.local/lib/python3.8/site-packages/airflow/example_dags/example_latest_only.py took 0.153 seconds
[2025-01-08T12:32:41.044+0000] {processor.py:161} INFO - Started process (PID=2415) to work on /home/airflow/.local/lib/python3.8/site-packages/airflow/example_dags/example_latest_only.py
[2025-01-08T12:32:41.046+0000] {processor.py:830} INFO - Processing file /home/airflow/.local/lib/python3.8/site-packages/airflow/example_dags/example_latest_only.py for tasks to queue
[2025-01-08T12:32:41.048+0000] {logging_mixin.py:188} INFO - [2025-01-08T12:32:41.048+0000] {dagbag.py:538} INFO - Filling up the DagBag from /home/airflow/.local/lib/python3.8/site-packages/airflow/example_dags/example_latest_only.py
[2025-01-08T12:32:41.058+0000] {processor.py:840} INFO - DAG(s) 'latest_only' retrieved from /home/airflow/.local/lib/python3.8/site-packages/airflow/example_dags/example_latest_only.py
[2025-01-08T12:32:41.094+0000] {logging_mixin.py:188} INFO - [2025-01-08T12:32:41.094+0000] {dag.py:3036} INFO - Sync 1 DAGs
[2025-01-08T12:32:41.142+0000] {logging_mixin.py:188} INFO - [2025-01-08T12:32:41.142+0000] {dag.py:3823} INFO - Setting next_dagrun for latest_only to 2025-01-08 08:00:00+00:00, run_after=2025-01-08 12:00:00+00:00
[2025-01-08T12:32:41.222+0000] {processor.py:183} INFO - Processing /home/airflow/.local/lib/python3.8/site-packages/airflow/example_dags/example_latest_only.py took 0.183 seconds
[2025-01-08T12:33:11.859+0000] {processor.py:161} INFO - Started process (PID=2474) to work on /home/airflow/.local/lib/python3.8/site-packages/airflow/example_dags/example_latest_only.py
[2025-01-08T12:33:11.861+0000] {processor.py:830} INFO - Processing file /home/airflow/.local/lib/python3.8/site-packages/airflow/example_dags/example_latest_only.py for tasks to queue
[2025-01-08T12:33:11.865+0000] {logging_mixin.py:188} INFO - [2025-01-08T12:33:11.864+0000] {dagbag.py:538} INFO - Filling up the DagBag from /home/airflow/.local/lib/python3.8/site-packages/airflow/example_dags/example_latest_only.py
[2025-01-08T12:33:11.872+0000] {processor.py:840} INFO - DAG(s) 'latest_only' retrieved from /home/airflow/.local/lib/python3.8/site-packages/airflow/example_dags/example_latest_only.py
[2025-01-08T12:33:11.902+0000] {logging_mixin.py:188} INFO - [2025-01-08T12:33:11.902+0000] {dag.py:3036} INFO - Sync 1 DAGs
[2025-01-08T12:33:11.936+0000] {logging_mixin.py:188} INFO - [2025-01-08T12:33:11.935+0000] {dag.py:3823} INFO - Setting next_dagrun for latest_only to 2025-01-08 08:00:00+00:00, run_after=2025-01-08 12:00:00+00:00
[2025-01-08T12:33:11.965+0000] {processor.py:183} INFO - Processing /home/airflow/.local/lib/python3.8/site-packages/airflow/example_dags/example_latest_only.py took 0.112 seconds
[2025-01-08T12:33:42.196+0000] {processor.py:161} INFO - Started process (PID=2533) to work on /home/airflow/.local/lib/python3.8/site-packages/airflow/example_dags/example_latest_only.py
[2025-01-08T12:33:42.198+0000] {processor.py:830} INFO - Processing file /home/airflow/.local/lib/python3.8/site-packages/airflow/example_dags/example_latest_only.py for tasks to queue
[2025-01-08T12:33:42.209+0000] {logging_mixin.py:188} INFO - [2025-01-08T12:33:42.209+0000] {dagbag.py:538} INFO - Filling up the DagBag from /home/airflow/.local/lib/python3.8/site-packages/airflow/example_dags/example_latest_only.py
[2025-01-08T12:33:42.229+0000] {processor.py:840} INFO - DAG(s) 'latest_only' retrieved from /home/airflow/.local/lib/python3.8/site-packages/airflow/example_dags/example_latest_only.py
[2025-01-08T12:33:42.328+0000] {logging_mixin.py:188} INFO - [2025-01-08T12:33:42.327+0000] {dag.py:3036} INFO - Sync 1 DAGs
[2025-01-08T12:33:42.389+0000] {logging_mixin.py:188} INFO - [2025-01-08T12:33:42.389+0000] {dag.py:3823} INFO - Setting next_dagrun for latest_only to 2025-01-08 08:00:00+00:00, run_after=2025-01-08 12:00:00+00:00
[2025-01-08T12:33:42.430+0000] {processor.py:183} INFO - Processing /home/airflow/.local/lib/python3.8/site-packages/airflow/example_dags/example_latest_only.py took 0.242 seconds
