[2025-01-08T12:11:54.148+0000] {processor.py:161} INFO - Started process (PID=50) to work on /home/airflow/.local/lib/python3.8/site-packages/airflow/example_dags/example_external_task_marker_dag.py
[2025-01-08T12:11:54.163+0000] {processor.py:830} INFO - Processing file /home/airflow/.local/lib/python3.8/site-packages/airflow/example_dags/example_external_task_marker_dag.py for tasks to queue
[2025-01-08T12:11:54.185+0000] {logging_mixin.py:188} INFO - [2025-01-08T12:11:54.184+0000] {dagbag.py:538} INFO - Filling up the DagBag from /home/airflow/.local/lib/python3.8/site-packages/airflow/example_dags/example_external_task_marker_dag.py
[2025-01-08T12:11:54.255+0000] {processor.py:840} INFO - DAG(s) 'example_external_task_marker_parent', 'example_external_task_marker_child' retrieved from /home/airflow/.local/lib/python3.8/site-packages/airflow/example_dags/example_external_task_marker_dag.py
[2025-01-08T12:11:54.767+0000] {logging_mixin.py:188} INFO - [2025-01-08T12:11:54.766+0000] {dag.py:3036} INFO - Sync 2 DAGs
[2025-01-08T12:11:54.816+0000] {logging_mixin.py:188} INFO - [2025-01-08T12:11:54.810+0000] {dag.py:3823} INFO - Setting next_dagrun for example_external_task_marker_child to None, run_after=None
[2025-01-08T12:11:54.828+0000] {logging_mixin.py:188} INFO - [2025-01-08T12:11:54.827+0000] {dag.py:3823} INFO - Setting next_dagrun for example_external_task_marker_parent to None, run_after=None
[2025-01-08T12:11:54.896+0000] {processor.py:183} INFO - Processing /home/airflow/.local/lib/python3.8/site-packages/airflow/example_dags/example_external_task_marker_dag.py took 0.784 seconds
[2025-01-08T12:12:25.159+0000] {processor.py:161} INFO - Started process (PID=107) to work on /home/airflow/.local/lib/python3.8/site-packages/airflow/example_dags/example_external_task_marker_dag.py
[2025-01-08T12:12:25.167+0000] {processor.py:830} INFO - Processing file /home/airflow/.local/lib/python3.8/site-packages/airflow/example_dags/example_external_task_marker_dag.py for tasks to queue
[2025-01-08T12:12:25.175+0000] {logging_mixin.py:188} INFO - [2025-01-08T12:12:25.174+0000] {dagbag.py:538} INFO - Filling up the DagBag from /home/airflow/.local/lib/python3.8/site-packages/airflow/example_dags/example_external_task_marker_dag.py
[2025-01-08T12:12:25.195+0000] {processor.py:840} INFO - DAG(s) 'example_external_task_marker_child', 'example_external_task_marker_parent' retrieved from /home/airflow/.local/lib/python3.8/site-packages/airflow/example_dags/example_external_task_marker_dag.py
[2025-01-08T12:12:25.316+0000] {logging_mixin.py:188} INFO - [2025-01-08T12:12:25.316+0000] {dag.py:3036} INFO - Sync 2 DAGs
[2025-01-08T12:12:25.372+0000] {logging_mixin.py:188} INFO - [2025-01-08T12:12:25.371+0000] {dag.py:3823} INFO - Setting next_dagrun for example_external_task_marker_child to None, run_after=None
[2025-01-08T12:12:25.381+0000] {logging_mixin.py:188} INFO - [2025-01-08T12:12:25.381+0000] {dag.py:3823} INFO - Setting next_dagrun for example_external_task_marker_parent to None, run_after=None
[2025-01-08T12:12:25.429+0000] {processor.py:183} INFO - Processing /home/airflow/.local/lib/python3.8/site-packages/airflow/example_dags/example_external_task_marker_dag.py took 0.278 seconds
[2025-01-08T12:12:55.733+0000] {processor.py:161} INFO - Started process (PID=164) to work on /home/airflow/.local/lib/python3.8/site-packages/airflow/example_dags/example_external_task_marker_dag.py
[2025-01-08T12:12:55.735+0000] {processor.py:830} INFO - Processing file /home/airflow/.local/lib/python3.8/site-packages/airflow/example_dags/example_external_task_marker_dag.py for tasks to queue
[2025-01-08T12:12:55.737+0000] {logging_mixin.py:188} INFO - [2025-01-08T12:12:55.737+0000] {dagbag.py:538} INFO - Filling up the DagBag from /home/airflow/.local/lib/python3.8/site-packages/airflow/example_dags/example_external_task_marker_dag.py
[2025-01-08T12:12:55.744+0000] {processor.py:840} INFO - DAG(s) 'example_external_task_marker_child', 'example_external_task_marker_parent' retrieved from /home/airflow/.local/lib/python3.8/site-packages/airflow/example_dags/example_external_task_marker_dag.py
[2025-01-08T12:12:55.772+0000] {logging_mixin.py:188} INFO - [2025-01-08T12:12:55.772+0000] {dag.py:3036} INFO - Sync 2 DAGs
[2025-01-08T12:12:55.790+0000] {logging_mixin.py:188} INFO - [2025-01-08T12:12:55.790+0000] {dag.py:3823} INFO - Setting next_dagrun for example_external_task_marker_child to None, run_after=None
[2025-01-08T12:12:55.796+0000] {logging_mixin.py:188} INFO - [2025-01-08T12:12:55.796+0000] {dag.py:3823} INFO - Setting next_dagrun for example_external_task_marker_parent to None, run_after=None
[2025-01-08T12:12:55.824+0000] {processor.py:183} INFO - Processing /home/airflow/.local/lib/python3.8/site-packages/airflow/example_dags/example_external_task_marker_dag.py took 0.094 seconds
[2025-01-08T12:13:26.614+0000] {processor.py:161} INFO - Started process (PID=221) to work on /home/airflow/.local/lib/python3.8/site-packages/airflow/example_dags/example_external_task_marker_dag.py
[2025-01-08T12:13:26.623+0000] {processor.py:830} INFO - Processing file /home/airflow/.local/lib/python3.8/site-packages/airflow/example_dags/example_external_task_marker_dag.py for tasks to queue
[2025-01-08T12:13:26.632+0000] {logging_mixin.py:188} INFO - [2025-01-08T12:13:26.631+0000] {dagbag.py:538} INFO - Filling up the DagBag from /home/airflow/.local/lib/python3.8/site-packages/airflow/example_dags/example_external_task_marker_dag.py
[2025-01-08T12:13:26.654+0000] {processor.py:840} INFO - DAG(s) 'example_external_task_marker_parent', 'example_external_task_marker_child' retrieved from /home/airflow/.local/lib/python3.8/site-packages/airflow/example_dags/example_external_task_marker_dag.py
[2025-01-08T12:13:26.765+0000] {logging_mixin.py:188} INFO - [2025-01-08T12:13:26.764+0000] {dag.py:3036} INFO - Sync 2 DAGs
[2025-01-08T12:13:26.834+0000] {logging_mixin.py:188} INFO - [2025-01-08T12:13:26.833+0000] {dag.py:3823} INFO - Setting next_dagrun for example_external_task_marker_child to None, run_after=None
[2025-01-08T12:13:26.847+0000] {logging_mixin.py:188} INFO - [2025-01-08T12:13:26.846+0000] {dag.py:3823} INFO - Setting next_dagrun for example_external_task_marker_parent to None, run_after=None
[2025-01-08T12:13:26.921+0000] {processor.py:183} INFO - Processing /home/airflow/.local/lib/python3.8/site-packages/airflow/example_dags/example_external_task_marker_dag.py took 0.312 seconds
[2025-01-08T12:13:57.036+0000] {processor.py:161} INFO - Started process (PID=278) to work on /home/airflow/.local/lib/python3.8/site-packages/airflow/example_dags/example_external_task_marker_dag.py
[2025-01-08T12:13:57.038+0000] {processor.py:830} INFO - Processing file /home/airflow/.local/lib/python3.8/site-packages/airflow/example_dags/example_external_task_marker_dag.py for tasks to queue
[2025-01-08T12:13:57.043+0000] {logging_mixin.py:188} INFO - [2025-01-08T12:13:57.042+0000] {dagbag.py:538} INFO - Filling up the DagBag from /home/airflow/.local/lib/python3.8/site-packages/airflow/example_dags/example_external_task_marker_dag.py
[2025-01-08T12:13:57.053+0000] {processor.py:840} INFO - DAG(s) 'example_external_task_marker_parent', 'example_external_task_marker_child' retrieved from /home/airflow/.local/lib/python3.8/site-packages/airflow/example_dags/example_external_task_marker_dag.py
[2025-01-08T12:13:57.110+0000] {logging_mixin.py:188} INFO - [2025-01-08T12:13:57.109+0000] {dag.py:3036} INFO - Sync 2 DAGs
[2025-01-08T12:13:57.148+0000] {logging_mixin.py:188} INFO - [2025-01-08T12:13:57.148+0000] {dag.py:3823} INFO - Setting next_dagrun for example_external_task_marker_child to None, run_after=None
[2025-01-08T12:13:57.159+0000] {logging_mixin.py:188} INFO - [2025-01-08T12:13:57.159+0000] {dag.py:3823} INFO - Setting next_dagrun for example_external_task_marker_parent to None, run_after=None
[2025-01-08T12:13:57.213+0000] {processor.py:183} INFO - Processing /home/airflow/.local/lib/python3.8/site-packages/airflow/example_dags/example_external_task_marker_dag.py took 0.182 seconds
[2025-01-08T12:14:27.298+0000] {processor.py:161} INFO - Started process (PID=335) to work on /home/airflow/.local/lib/python3.8/site-packages/airflow/example_dags/example_external_task_marker_dag.py
[2025-01-08T12:14:27.300+0000] {processor.py:830} INFO - Processing file /home/airflow/.local/lib/python3.8/site-packages/airflow/example_dags/example_external_task_marker_dag.py for tasks to queue
[2025-01-08T12:14:27.304+0000] {logging_mixin.py:188} INFO - [2025-01-08T12:14:27.303+0000] {dagbag.py:538} INFO - Filling up the DagBag from /home/airflow/.local/lib/python3.8/site-packages/airflow/example_dags/example_external_task_marker_dag.py
[2025-01-08T12:14:27.313+0000] {processor.py:840} INFO - DAG(s) 'example_external_task_marker_parent', 'example_external_task_marker_child' retrieved from /home/airflow/.local/lib/python3.8/site-packages/airflow/example_dags/example_external_task_marker_dag.py
[2025-01-08T12:14:27.350+0000] {logging_mixin.py:188} INFO - [2025-01-08T12:14:27.350+0000] {dag.py:3036} INFO - Sync 2 DAGs
[2025-01-08T12:14:27.367+0000] {logging_mixin.py:188} INFO - [2025-01-08T12:14:27.367+0000] {dag.py:3823} INFO - Setting next_dagrun for example_external_task_marker_child to None, run_after=None
[2025-01-08T12:14:27.372+0000] {logging_mixin.py:188} INFO - [2025-01-08T12:14:27.372+0000] {dag.py:3823} INFO - Setting next_dagrun for example_external_task_marker_parent to None, run_after=None
[2025-01-08T12:14:27.399+0000] {processor.py:183} INFO - Processing /home/airflow/.local/lib/python3.8/site-packages/airflow/example_dags/example_external_task_marker_dag.py took 0.107 seconds
[2025-01-08T12:14:57.903+0000] {processor.py:161} INFO - Started process (PID=392) to work on /home/airflow/.local/lib/python3.8/site-packages/airflow/example_dags/example_external_task_marker_dag.py
[2025-01-08T12:14:57.905+0000] {processor.py:830} INFO - Processing file /home/airflow/.local/lib/python3.8/site-packages/airflow/example_dags/example_external_task_marker_dag.py for tasks to queue
[2025-01-08T12:14:57.908+0000] {logging_mixin.py:188} INFO - [2025-01-08T12:14:57.907+0000] {dagbag.py:538} INFO - Filling up the DagBag from /home/airflow/.local/lib/python3.8/site-packages/airflow/example_dags/example_external_task_marker_dag.py
[2025-01-08T12:14:57.918+0000] {processor.py:840} INFO - DAG(s) 'example_external_task_marker_parent', 'example_external_task_marker_child' retrieved from /home/airflow/.local/lib/python3.8/site-packages/airflow/example_dags/example_external_task_marker_dag.py
[2025-01-08T12:14:57.951+0000] {logging_mixin.py:188} INFO - [2025-01-08T12:14:57.951+0000] {dag.py:3036} INFO - Sync 2 DAGs
[2025-01-08T12:14:57.968+0000] {logging_mixin.py:188} INFO - [2025-01-08T12:14:57.967+0000] {dag.py:3823} INFO - Setting next_dagrun for example_external_task_marker_child to None, run_after=None
[2025-01-08T12:14:57.972+0000] {logging_mixin.py:188} INFO - [2025-01-08T12:14:57.972+0000] {dag.py:3823} INFO - Setting next_dagrun for example_external_task_marker_parent to None, run_after=None
[2025-01-08T12:14:57.998+0000] {processor.py:183} INFO - Processing /home/airflow/.local/lib/python3.8/site-packages/airflow/example_dags/example_external_task_marker_dag.py took 0.101 seconds
[2025-01-08T12:15:28.990+0000] {processor.py:161} INFO - Started process (PID=449) to work on /home/airflow/.local/lib/python3.8/site-packages/airflow/example_dags/example_external_task_marker_dag.py
[2025-01-08T12:15:28.991+0000] {processor.py:830} INFO - Processing file /home/airflow/.local/lib/python3.8/site-packages/airflow/example_dags/example_external_task_marker_dag.py for tasks to queue
[2025-01-08T12:15:28.994+0000] {logging_mixin.py:188} INFO - [2025-01-08T12:15:28.993+0000] {dagbag.py:538} INFO - Filling up the DagBag from /home/airflow/.local/lib/python3.8/site-packages/airflow/example_dags/example_external_task_marker_dag.py
[2025-01-08T12:15:29.002+0000] {processor.py:840} INFO - DAG(s) 'example_external_task_marker_parent', 'example_external_task_marker_child' retrieved from /home/airflow/.local/lib/python3.8/site-packages/airflow/example_dags/example_external_task_marker_dag.py
[2025-01-08T12:15:29.036+0000] {logging_mixin.py:188} INFO - [2025-01-08T12:15:29.036+0000] {dag.py:3036} INFO - Sync 2 DAGs
[2025-01-08T12:15:29.055+0000] {logging_mixin.py:188} INFO - [2025-01-08T12:15:29.055+0000] {dag.py:3823} INFO - Setting next_dagrun for example_external_task_marker_child to None, run_after=None
[2025-01-08T12:15:29.060+0000] {logging_mixin.py:188} INFO - [2025-01-08T12:15:29.060+0000] {dag.py:3823} INFO - Setting next_dagrun for example_external_task_marker_parent to None, run_after=None
[2025-01-08T12:15:29.087+0000] {processor.py:183} INFO - Processing /home/airflow/.local/lib/python3.8/site-packages/airflow/example_dags/example_external_task_marker_dag.py took 0.103 seconds
[2025-01-08T12:15:59.319+0000] {processor.py:161} INFO - Started process (PID=506) to work on /home/airflow/.local/lib/python3.8/site-packages/airflow/example_dags/example_external_task_marker_dag.py
[2025-01-08T12:15:59.321+0000] {processor.py:830} INFO - Processing file /home/airflow/.local/lib/python3.8/site-packages/airflow/example_dags/example_external_task_marker_dag.py for tasks to queue
[2025-01-08T12:15:59.332+0000] {logging_mixin.py:188} INFO - [2025-01-08T12:15:59.332+0000] {dagbag.py:538} INFO - Filling up the DagBag from /home/airflow/.local/lib/python3.8/site-packages/airflow/example_dags/example_external_task_marker_dag.py
[2025-01-08T12:15:59.351+0000] {processor.py:840} INFO - DAG(s) 'example_external_task_marker_parent', 'example_external_task_marker_child' retrieved from /home/airflow/.local/lib/python3.8/site-packages/airflow/example_dags/example_external_task_marker_dag.py
[2025-01-08T12:15:59.424+0000] {logging_mixin.py:188} INFO - [2025-01-08T12:15:59.423+0000] {dag.py:3036} INFO - Sync 2 DAGs
[2025-01-08T12:15:59.505+0000] {logging_mixin.py:188} INFO - [2025-01-08T12:15:59.504+0000] {dag.py:3823} INFO - Setting next_dagrun for example_external_task_marker_child to None, run_after=None
[2025-01-08T12:15:59.521+0000] {logging_mixin.py:188} INFO - [2025-01-08T12:15:59.520+0000] {dag.py:3823} INFO - Setting next_dagrun for example_external_task_marker_parent to None, run_after=None
[2025-01-08T12:15:59.575+0000] {processor.py:183} INFO - Processing /home/airflow/.local/lib/python3.8/site-packages/airflow/example_dags/example_external_task_marker_dag.py took 0.262 seconds
[2025-01-08T12:16:30.107+0000] {processor.py:161} INFO - Started process (PID=564) to work on /home/airflow/.local/lib/python3.8/site-packages/airflow/example_dags/example_external_task_marker_dag.py
[2025-01-08T12:16:30.109+0000] {processor.py:830} INFO - Processing file /home/airflow/.local/lib/python3.8/site-packages/airflow/example_dags/example_external_task_marker_dag.py for tasks to queue
[2025-01-08T12:16:30.113+0000] {logging_mixin.py:188} INFO - [2025-01-08T12:16:30.112+0000] {dagbag.py:538} INFO - Filling up the DagBag from /home/airflow/.local/lib/python3.8/site-packages/airflow/example_dags/example_external_task_marker_dag.py
[2025-01-08T12:16:30.125+0000] {processor.py:840} INFO - DAG(s) 'example_external_task_marker_parent', 'example_external_task_marker_child' retrieved from /home/airflow/.local/lib/python3.8/site-packages/airflow/example_dags/example_external_task_marker_dag.py
[2025-01-08T12:16:30.165+0000] {logging_mixin.py:188} INFO - [2025-01-08T12:16:30.165+0000] {dag.py:3036} INFO - Sync 2 DAGs
[2025-01-08T12:16:30.188+0000] {logging_mixin.py:188} INFO - [2025-01-08T12:16:30.188+0000] {dag.py:3823} INFO - Setting next_dagrun for example_external_task_marker_child to None, run_after=None
[2025-01-08T12:16:30.194+0000] {logging_mixin.py:188} INFO - [2025-01-08T12:16:30.194+0000] {dag.py:3823} INFO - Setting next_dagrun for example_external_task_marker_parent to None, run_after=None
[2025-01-08T12:16:30.223+0000] {processor.py:183} INFO - Processing /home/airflow/.local/lib/python3.8/site-packages/airflow/example_dags/example_external_task_marker_dag.py took 0.121 seconds
[2025-01-08T12:17:00.948+0000] {processor.py:161} INFO - Started process (PID=623) to work on /home/airflow/.local/lib/python3.8/site-packages/airflow/example_dags/example_external_task_marker_dag.py
[2025-01-08T12:17:00.949+0000] {processor.py:830} INFO - Processing file /home/airflow/.local/lib/python3.8/site-packages/airflow/example_dags/example_external_task_marker_dag.py for tasks to queue
[2025-01-08T12:17:00.954+0000] {logging_mixin.py:188} INFO - [2025-01-08T12:17:00.954+0000] {dagbag.py:538} INFO - Filling up the DagBag from /home/airflow/.local/lib/python3.8/site-packages/airflow/example_dags/example_external_task_marker_dag.py
[2025-01-08T12:17:00.965+0000] {processor.py:840} INFO - DAG(s) 'example_external_task_marker_parent', 'example_external_task_marker_child' retrieved from /home/airflow/.local/lib/python3.8/site-packages/airflow/example_dags/example_external_task_marker_dag.py
[2025-01-08T12:17:00.995+0000] {logging_mixin.py:188} INFO - [2025-01-08T12:17:00.995+0000] {dag.py:3036} INFO - Sync 2 DAGs
[2025-01-08T12:17:01.013+0000] {logging_mixin.py:188} INFO - [2025-01-08T12:17:01.013+0000] {dag.py:3823} INFO - Setting next_dagrun for example_external_task_marker_child to None, run_after=None
[2025-01-08T12:17:01.018+0000] {logging_mixin.py:188} INFO - [2025-01-08T12:17:01.018+0000] {dag.py:3823} INFO - Setting next_dagrun for example_external_task_marker_parent to None, run_after=None
[2025-01-08T12:17:01.046+0000] {processor.py:183} INFO - Processing /home/airflow/.local/lib/python3.8/site-packages/airflow/example_dags/example_external_task_marker_dag.py took 0.103 seconds
[2025-01-08T12:17:32.258+0000] {processor.py:161} INFO - Started process (PID=682) to work on /home/airflow/.local/lib/python3.8/site-packages/airflow/example_dags/example_external_task_marker_dag.py
[2025-01-08T12:17:32.259+0000] {processor.py:830} INFO - Processing file /home/airflow/.local/lib/python3.8/site-packages/airflow/example_dags/example_external_task_marker_dag.py for tasks to queue
[2025-01-08T12:17:32.262+0000] {logging_mixin.py:188} INFO - [2025-01-08T12:17:32.262+0000] {dagbag.py:538} INFO - Filling up the DagBag from /home/airflow/.local/lib/python3.8/site-packages/airflow/example_dags/example_external_task_marker_dag.py
[2025-01-08T12:17:32.275+0000] {processor.py:840} INFO - DAG(s) 'example_external_task_marker_child', 'example_external_task_marker_parent' retrieved from /home/airflow/.local/lib/python3.8/site-packages/airflow/example_dags/example_external_task_marker_dag.py
[2025-01-08T12:17:32.310+0000] {logging_mixin.py:188} INFO - [2025-01-08T12:17:32.309+0000] {dag.py:3036} INFO - Sync 2 DAGs
[2025-01-08T12:17:32.329+0000] {logging_mixin.py:188} INFO - [2025-01-08T12:17:32.329+0000] {dag.py:3823} INFO - Setting next_dagrun for example_external_task_marker_child to None, run_after=None
[2025-01-08T12:17:32.335+0000] {logging_mixin.py:188} INFO - [2025-01-08T12:17:32.335+0000] {dag.py:3823} INFO - Setting next_dagrun for example_external_task_marker_parent to None, run_after=None
[2025-01-08T12:17:32.358+0000] {processor.py:183} INFO - Processing /home/airflow/.local/lib/python3.8/site-packages/airflow/example_dags/example_external_task_marker_dag.py took 0.107 seconds
[2025-01-08T12:18:03.811+0000] {processor.py:161} INFO - Started process (PID=741) to work on /home/airflow/.local/lib/python3.8/site-packages/airflow/example_dags/example_external_task_marker_dag.py
[2025-01-08T12:18:03.813+0000] {processor.py:830} INFO - Processing file /home/airflow/.local/lib/python3.8/site-packages/airflow/example_dags/example_external_task_marker_dag.py for tasks to queue
[2025-01-08T12:18:03.815+0000] {logging_mixin.py:188} INFO - [2025-01-08T12:18:03.815+0000] {dagbag.py:538} INFO - Filling up the DagBag from /home/airflow/.local/lib/python3.8/site-packages/airflow/example_dags/example_external_task_marker_dag.py
[2025-01-08T12:18:03.823+0000] {processor.py:840} INFO - DAG(s) 'example_external_task_marker_parent', 'example_external_task_marker_child' retrieved from /home/airflow/.local/lib/python3.8/site-packages/airflow/example_dags/example_external_task_marker_dag.py
[2025-01-08T12:18:03.862+0000] {logging_mixin.py:188} INFO - [2025-01-08T12:18:03.861+0000] {dag.py:3036} INFO - Sync 2 DAGs
[2025-01-08T12:18:03.884+0000] {logging_mixin.py:188} INFO - [2025-01-08T12:18:03.884+0000] {dag.py:3823} INFO - Setting next_dagrun for example_external_task_marker_child to None, run_after=None
[2025-01-08T12:18:03.890+0000] {logging_mixin.py:188} INFO - [2025-01-08T12:18:03.890+0000] {dag.py:3823} INFO - Setting next_dagrun for example_external_task_marker_parent to None, run_after=None
[2025-01-08T12:18:03.916+0000] {processor.py:183} INFO - Processing /home/airflow/.local/lib/python3.8/site-packages/airflow/example_dags/example_external_task_marker_dag.py took 0.110 seconds
[2025-01-08T12:18:35.814+0000] {processor.py:161} INFO - Started process (PID=800) to work on /home/airflow/.local/lib/python3.8/site-packages/airflow/example_dags/example_external_task_marker_dag.py
[2025-01-08T12:18:35.818+0000] {processor.py:830} INFO - Processing file /home/airflow/.local/lib/python3.8/site-packages/airflow/example_dags/example_external_task_marker_dag.py for tasks to queue
[2025-01-08T12:18:35.826+0000] {logging_mixin.py:188} INFO - [2025-01-08T12:18:35.825+0000] {dagbag.py:538} INFO - Filling up the DagBag from /home/airflow/.local/lib/python3.8/site-packages/airflow/example_dags/example_external_task_marker_dag.py
[2025-01-08T12:18:35.841+0000] {processor.py:840} INFO - DAG(s) 'example_external_task_marker_child', 'example_external_task_marker_parent' retrieved from /home/airflow/.local/lib/python3.8/site-packages/airflow/example_dags/example_external_task_marker_dag.py
[2025-01-08T12:18:35.903+0000] {logging_mixin.py:188} INFO - [2025-01-08T12:18:35.903+0000] {dag.py:3036} INFO - Sync 2 DAGs
[2025-01-08T12:18:35.930+0000] {logging_mixin.py:188} INFO - [2025-01-08T12:18:35.929+0000] {dag.py:3823} INFO - Setting next_dagrun for example_external_task_marker_child to None, run_after=None
[2025-01-08T12:18:35.936+0000] {logging_mixin.py:188} INFO - [2025-01-08T12:18:35.936+0000] {dag.py:3823} INFO - Setting next_dagrun for example_external_task_marker_parent to None, run_after=None
[2025-01-08T12:18:35.980+0000] {processor.py:183} INFO - Processing /home/airflow/.local/lib/python3.8/site-packages/airflow/example_dags/example_external_task_marker_dag.py took 0.173 seconds
[2025-01-08T12:19:06.414+0000] {processor.py:161} INFO - Started process (PID=858) to work on /home/airflow/.local/lib/python3.8/site-packages/airflow/example_dags/example_external_task_marker_dag.py
[2025-01-08T12:19:06.415+0000] {processor.py:830} INFO - Processing file /home/airflow/.local/lib/python3.8/site-packages/airflow/example_dags/example_external_task_marker_dag.py for tasks to queue
[2025-01-08T12:19:06.419+0000] {logging_mixin.py:188} INFO - [2025-01-08T12:19:06.418+0000] {dagbag.py:538} INFO - Filling up the DagBag from /home/airflow/.local/lib/python3.8/site-packages/airflow/example_dags/example_external_task_marker_dag.py
[2025-01-08T12:19:06.432+0000] {processor.py:840} INFO - DAG(s) 'example_external_task_marker_child', 'example_external_task_marker_parent' retrieved from /home/airflow/.local/lib/python3.8/site-packages/airflow/example_dags/example_external_task_marker_dag.py
[2025-01-08T12:19:06.502+0000] {logging_mixin.py:188} INFO - [2025-01-08T12:19:06.501+0000] {dag.py:3036} INFO - Sync 2 DAGs
[2025-01-08T12:19:06.537+0000] {logging_mixin.py:188} INFO - [2025-01-08T12:19:06.536+0000] {dag.py:3823} INFO - Setting next_dagrun for example_external_task_marker_child to None, run_after=None
[2025-01-08T12:19:06.547+0000] {logging_mixin.py:188} INFO - [2025-01-08T12:19:06.546+0000] {dag.py:3823} INFO - Setting next_dagrun for example_external_task_marker_parent to None, run_after=None
[2025-01-08T12:19:06.595+0000] {processor.py:183} INFO - Processing /home/airflow/.local/lib/python3.8/site-packages/airflow/example_dags/example_external_task_marker_dag.py took 0.191 seconds
[2025-01-08T12:19:36.987+0000] {processor.py:161} INFO - Started process (PID=916) to work on /home/airflow/.local/lib/python3.8/site-packages/airflow/example_dags/example_external_task_marker_dag.py
[2025-01-08T12:19:36.989+0000] {processor.py:830} INFO - Processing file /home/airflow/.local/lib/python3.8/site-packages/airflow/example_dags/example_external_task_marker_dag.py for tasks to queue
[2025-01-08T12:19:36.993+0000] {logging_mixin.py:188} INFO - [2025-01-08T12:19:36.993+0000] {dagbag.py:538} INFO - Filling up the DagBag from /home/airflow/.local/lib/python3.8/site-packages/airflow/example_dags/example_external_task_marker_dag.py
[2025-01-08T12:19:37.010+0000] {processor.py:840} INFO - DAG(s) 'example_external_task_marker_parent', 'example_external_task_marker_child' retrieved from /home/airflow/.local/lib/python3.8/site-packages/airflow/example_dags/example_external_task_marker_dag.py
[2025-01-08T12:19:37.100+0000] {logging_mixin.py:188} INFO - [2025-01-08T12:19:37.100+0000] {dag.py:3036} INFO - Sync 2 DAGs
[2025-01-08T12:19:37.171+0000] {logging_mixin.py:188} INFO - [2025-01-08T12:19:37.170+0000] {dag.py:3823} INFO - Setting next_dagrun for example_external_task_marker_child to None, run_after=None
[2025-01-08T12:19:37.176+0000] {logging_mixin.py:188} INFO - [2025-01-08T12:19:37.176+0000] {dag.py:3823} INFO - Setting next_dagrun for example_external_task_marker_parent to None, run_after=None
[2025-01-08T12:19:37.203+0000] {processor.py:183} INFO - Processing /home/airflow/.local/lib/python3.8/site-packages/airflow/example_dags/example_external_task_marker_dag.py took 0.225 seconds
[2025-01-08T12:20:07.768+0000] {processor.py:161} INFO - Started process (PID=975) to work on /home/airflow/.local/lib/python3.8/site-packages/airflow/example_dags/example_external_task_marker_dag.py
[2025-01-08T12:20:07.770+0000] {processor.py:830} INFO - Processing file /home/airflow/.local/lib/python3.8/site-packages/airflow/example_dags/example_external_task_marker_dag.py for tasks to queue
[2025-01-08T12:20:07.781+0000] {logging_mixin.py:188} INFO - [2025-01-08T12:20:07.780+0000] {dagbag.py:538} INFO - Filling up the DagBag from /home/airflow/.local/lib/python3.8/site-packages/airflow/example_dags/example_external_task_marker_dag.py
[2025-01-08T12:20:07.792+0000] {processor.py:840} INFO - DAG(s) 'example_external_task_marker_child', 'example_external_task_marker_parent' retrieved from /home/airflow/.local/lib/python3.8/site-packages/airflow/example_dags/example_external_task_marker_dag.py
[2025-01-08T12:20:07.827+0000] {logging_mixin.py:188} INFO - [2025-01-08T12:20:07.826+0000] {dag.py:3036} INFO - Sync 2 DAGs
[2025-01-08T12:20:07.846+0000] {logging_mixin.py:188} INFO - [2025-01-08T12:20:07.845+0000] {dag.py:3823} INFO - Setting next_dagrun for example_external_task_marker_child to None, run_after=None
[2025-01-08T12:20:07.853+0000] {logging_mixin.py:188} INFO - [2025-01-08T12:20:07.853+0000] {dag.py:3823} INFO - Setting next_dagrun for example_external_task_marker_parent to None, run_after=None
[2025-01-08T12:20:07.888+0000] {processor.py:183} INFO - Processing /home/airflow/.local/lib/python3.8/site-packages/airflow/example_dags/example_external_task_marker_dag.py took 0.137 seconds
[2025-01-08T12:20:38.096+0000] {processor.py:161} INFO - Started process (PID=1034) to work on /home/airflow/.local/lib/python3.8/site-packages/airflow/example_dags/example_external_task_marker_dag.py
[2025-01-08T12:20:38.098+0000] {processor.py:830} INFO - Processing file /home/airflow/.local/lib/python3.8/site-packages/airflow/example_dags/example_external_task_marker_dag.py for tasks to queue
[2025-01-08T12:20:38.101+0000] {logging_mixin.py:188} INFO - [2025-01-08T12:20:38.101+0000] {dagbag.py:538} INFO - Filling up the DagBag from /home/airflow/.local/lib/python3.8/site-packages/airflow/example_dags/example_external_task_marker_dag.py
[2025-01-08T12:20:38.111+0000] {processor.py:840} INFO - DAG(s) 'example_external_task_marker_child', 'example_external_task_marker_parent' retrieved from /home/airflow/.local/lib/python3.8/site-packages/airflow/example_dags/example_external_task_marker_dag.py
[2025-01-08T12:20:38.150+0000] {logging_mixin.py:188} INFO - [2025-01-08T12:20:38.149+0000] {dag.py:3036} INFO - Sync 2 DAGs
[2025-01-08T12:20:38.174+0000] {logging_mixin.py:188} INFO - [2025-01-08T12:20:38.173+0000] {dag.py:3823} INFO - Setting next_dagrun for example_external_task_marker_child to None, run_after=None
[2025-01-08T12:20:38.181+0000] {logging_mixin.py:188} INFO - [2025-01-08T12:20:38.181+0000] {dag.py:3823} INFO - Setting next_dagrun for example_external_task_marker_parent to None, run_after=None
[2025-01-08T12:20:38.214+0000] {processor.py:183} INFO - Processing /home/airflow/.local/lib/python3.8/site-packages/airflow/example_dags/example_external_task_marker_dag.py took 0.125 seconds
[2025-01-08T12:21:08.566+0000] {processor.py:161} INFO - Started process (PID=1093) to work on /home/airflow/.local/lib/python3.8/site-packages/airflow/example_dags/example_external_task_marker_dag.py
[2025-01-08T12:21:08.569+0000] {processor.py:830} INFO - Processing file /home/airflow/.local/lib/python3.8/site-packages/airflow/example_dags/example_external_task_marker_dag.py for tasks to queue
[2025-01-08T12:21:08.576+0000] {logging_mixin.py:188} INFO - [2025-01-08T12:21:08.574+0000] {dagbag.py:538} INFO - Filling up the DagBag from /home/airflow/.local/lib/python3.8/site-packages/airflow/example_dags/example_external_task_marker_dag.py
[2025-01-08T12:21:08.588+0000] {processor.py:840} INFO - DAG(s) 'example_external_task_marker_parent', 'example_external_task_marker_child' retrieved from /home/airflow/.local/lib/python3.8/site-packages/airflow/example_dags/example_external_task_marker_dag.py
[2025-01-08T12:21:08.644+0000] {logging_mixin.py:188} INFO - [2025-01-08T12:21:08.644+0000] {dag.py:3036} INFO - Sync 2 DAGs
[2025-01-08T12:21:08.678+0000] {logging_mixin.py:188} INFO - [2025-01-08T12:21:08.678+0000] {dag.py:3823} INFO - Setting next_dagrun for example_external_task_marker_child to None, run_after=None
[2025-01-08T12:21:08.685+0000] {logging_mixin.py:188} INFO - [2025-01-08T12:21:08.685+0000] {dag.py:3823} INFO - Setting next_dagrun for example_external_task_marker_parent to None, run_after=None
[2025-01-08T12:21:08.716+0000] {processor.py:183} INFO - Processing /home/airflow/.local/lib/python3.8/site-packages/airflow/example_dags/example_external_task_marker_dag.py took 0.159 seconds
[2025-01-08T12:21:38.988+0000] {processor.py:161} INFO - Started process (PID=1152) to work on /home/airflow/.local/lib/python3.8/site-packages/airflow/example_dags/example_external_task_marker_dag.py
[2025-01-08T12:21:38.990+0000] {processor.py:830} INFO - Processing file /home/airflow/.local/lib/python3.8/site-packages/airflow/example_dags/example_external_task_marker_dag.py for tasks to queue
[2025-01-08T12:21:39.003+0000] {logging_mixin.py:188} INFO - [2025-01-08T12:21:39.002+0000] {dagbag.py:538} INFO - Filling up the DagBag from /home/airflow/.local/lib/python3.8/site-packages/airflow/example_dags/example_external_task_marker_dag.py
[2025-01-08T12:21:39.024+0000] {processor.py:840} INFO - DAG(s) 'example_external_task_marker_parent', 'example_external_task_marker_child' retrieved from /home/airflow/.local/lib/python3.8/site-packages/airflow/example_dags/example_external_task_marker_dag.py
[2025-01-08T12:21:39.078+0000] {logging_mixin.py:188} INFO - [2025-01-08T12:21:39.077+0000] {dag.py:3036} INFO - Sync 2 DAGs
[2025-01-08T12:21:39.098+0000] {logging_mixin.py:188} INFO - [2025-01-08T12:21:39.098+0000] {dag.py:3823} INFO - Setting next_dagrun for example_external_task_marker_child to None, run_after=None
[2025-01-08T12:21:39.103+0000] {logging_mixin.py:188} INFO - [2025-01-08T12:21:39.103+0000] {dag.py:3823} INFO - Setting next_dagrun for example_external_task_marker_parent to None, run_after=None
[2025-01-08T12:21:39.130+0000] {processor.py:183} INFO - Processing /home/airflow/.local/lib/python3.8/site-packages/airflow/example_dags/example_external_task_marker_dag.py took 0.149 seconds
[2025-01-08T12:22:09.307+0000] {processor.py:161} INFO - Started process (PID=1211) to work on /home/airflow/.local/lib/python3.8/site-packages/airflow/example_dags/example_external_task_marker_dag.py
[2025-01-08T12:22:09.309+0000] {processor.py:830} INFO - Processing file /home/airflow/.local/lib/python3.8/site-packages/airflow/example_dags/example_external_task_marker_dag.py for tasks to queue
[2025-01-08T12:22:09.313+0000] {logging_mixin.py:188} INFO - [2025-01-08T12:22:09.312+0000] {dagbag.py:538} INFO - Filling up the DagBag from /home/airflow/.local/lib/python3.8/site-packages/airflow/example_dags/example_external_task_marker_dag.py
[2025-01-08T12:22:09.328+0000] {processor.py:840} INFO - DAG(s) 'example_external_task_marker_child', 'example_external_task_marker_parent' retrieved from /home/airflow/.local/lib/python3.8/site-packages/airflow/example_dags/example_external_task_marker_dag.py
[2025-01-08T12:22:09.362+0000] {logging_mixin.py:188} INFO - [2025-01-08T12:22:09.362+0000] {dag.py:3036} INFO - Sync 2 DAGs
[2025-01-08T12:22:09.380+0000] {logging_mixin.py:188} INFO - [2025-01-08T12:22:09.380+0000] {dag.py:3823} INFO - Setting next_dagrun for example_external_task_marker_child to None, run_after=None
[2025-01-08T12:22:09.385+0000] {logging_mixin.py:188} INFO - [2025-01-08T12:22:09.384+0000] {dag.py:3823} INFO - Setting next_dagrun for example_external_task_marker_parent to None, run_after=None
[2025-01-08T12:22:09.413+0000] {processor.py:183} INFO - Processing /home/airflow/.local/lib/python3.8/site-packages/airflow/example_dags/example_external_task_marker_dag.py took 0.111 seconds
[2025-01-08T12:22:39.743+0000] {processor.py:161} INFO - Started process (PID=1270) to work on /home/airflow/.local/lib/python3.8/site-packages/airflow/example_dags/example_external_task_marker_dag.py
[2025-01-08T12:22:39.744+0000] {processor.py:830} INFO - Processing file /home/airflow/.local/lib/python3.8/site-packages/airflow/example_dags/example_external_task_marker_dag.py for tasks to queue
[2025-01-08T12:22:39.749+0000] {logging_mixin.py:188} INFO - [2025-01-08T12:22:39.748+0000] {dagbag.py:538} INFO - Filling up the DagBag from /home/airflow/.local/lib/python3.8/site-packages/airflow/example_dags/example_external_task_marker_dag.py
[2025-01-08T12:22:39.757+0000] {processor.py:840} INFO - DAG(s) 'example_external_task_marker_parent', 'example_external_task_marker_child' retrieved from /home/airflow/.local/lib/python3.8/site-packages/airflow/example_dags/example_external_task_marker_dag.py
[2025-01-08T12:22:39.791+0000] {logging_mixin.py:188} INFO - [2025-01-08T12:22:39.791+0000] {dag.py:3036} INFO - Sync 2 DAGs
[2025-01-08T12:22:39.814+0000] {logging_mixin.py:188} INFO - [2025-01-08T12:22:39.814+0000] {dag.py:3823} INFO - Setting next_dagrun for example_external_task_marker_child to None, run_after=None
[2025-01-08T12:22:39.822+0000] {logging_mixin.py:188} INFO - [2025-01-08T12:22:39.822+0000] {dag.py:3823} INFO - Setting next_dagrun for example_external_task_marker_parent to None, run_after=None
[2025-01-08T12:22:39.847+0000] {processor.py:183} INFO - Processing /home/airflow/.local/lib/python3.8/site-packages/airflow/example_dags/example_external_task_marker_dag.py took 0.108 seconds
[2025-01-08T12:23:10.371+0000] {processor.py:161} INFO - Started process (PID=1329) to work on /home/airflow/.local/lib/python3.8/site-packages/airflow/example_dags/example_external_task_marker_dag.py
[2025-01-08T12:23:10.373+0000] {processor.py:830} INFO - Processing file /home/airflow/.local/lib/python3.8/site-packages/airflow/example_dags/example_external_task_marker_dag.py for tasks to queue
[2025-01-08T12:23:10.380+0000] {logging_mixin.py:188} INFO - [2025-01-08T12:23:10.379+0000] {dagbag.py:538} INFO - Filling up the DagBag from /home/airflow/.local/lib/python3.8/site-packages/airflow/example_dags/example_external_task_marker_dag.py
[2025-01-08T12:23:10.405+0000] {processor.py:840} INFO - DAG(s) 'example_external_task_marker_child', 'example_external_task_marker_parent' retrieved from /home/airflow/.local/lib/python3.8/site-packages/airflow/example_dags/example_external_task_marker_dag.py
[2025-01-08T12:23:10.454+0000] {logging_mixin.py:188} INFO - [2025-01-08T12:23:10.454+0000] {dag.py:3036} INFO - Sync 2 DAGs
[2025-01-08T12:23:10.476+0000] {logging_mixin.py:188} INFO - [2025-01-08T12:23:10.475+0000] {dag.py:3823} INFO - Setting next_dagrun for example_external_task_marker_child to None, run_after=None
[2025-01-08T12:23:10.481+0000] {logging_mixin.py:188} INFO - [2025-01-08T12:23:10.481+0000] {dag.py:3823} INFO - Setting next_dagrun for example_external_task_marker_parent to None, run_after=None
[2025-01-08T12:23:10.510+0000] {processor.py:183} INFO - Processing /home/airflow/.local/lib/python3.8/site-packages/airflow/example_dags/example_external_task_marker_dag.py took 0.149 seconds
[2025-01-08T12:23:41.382+0000] {processor.py:161} INFO - Started process (PID=1389) to work on /home/airflow/.local/lib/python3.8/site-packages/airflow/example_dags/example_external_task_marker_dag.py
[2025-01-08T12:23:41.384+0000] {processor.py:830} INFO - Processing file /home/airflow/.local/lib/python3.8/site-packages/airflow/example_dags/example_external_task_marker_dag.py for tasks to queue
[2025-01-08T12:23:41.389+0000] {logging_mixin.py:188} INFO - [2025-01-08T12:23:41.388+0000] {dagbag.py:538} INFO - Filling up the DagBag from /home/airflow/.local/lib/python3.8/site-packages/airflow/example_dags/example_external_task_marker_dag.py
[2025-01-08T12:23:41.401+0000] {processor.py:840} INFO - DAG(s) 'example_external_task_marker_child', 'example_external_task_marker_parent' retrieved from /home/airflow/.local/lib/python3.8/site-packages/airflow/example_dags/example_external_task_marker_dag.py
[2025-01-08T12:23:41.461+0000] {logging_mixin.py:188} INFO - [2025-01-08T12:23:41.460+0000] {dag.py:3036} INFO - Sync 2 DAGs
[2025-01-08T12:23:41.502+0000] {logging_mixin.py:188} INFO - [2025-01-08T12:23:41.502+0000] {dag.py:3823} INFO - Setting next_dagrun for example_external_task_marker_child to None, run_after=None
[2025-01-08T12:23:41.521+0000] {logging_mixin.py:188} INFO - [2025-01-08T12:23:41.520+0000] {dag.py:3823} INFO - Setting next_dagrun for example_external_task_marker_parent to None, run_after=None
[2025-01-08T12:23:41.592+0000] {processor.py:183} INFO - Processing /home/airflow/.local/lib/python3.8/site-packages/airflow/example_dags/example_external_task_marker_dag.py took 0.217 seconds
[2025-01-08T12:24:11.889+0000] {processor.py:161} INFO - Started process (PID=1447) to work on /home/airflow/.local/lib/python3.8/site-packages/airflow/example_dags/example_external_task_marker_dag.py
[2025-01-08T12:24:11.891+0000] {processor.py:830} INFO - Processing file /home/airflow/.local/lib/python3.8/site-packages/airflow/example_dags/example_external_task_marker_dag.py for tasks to queue
[2025-01-08T12:24:11.894+0000] {logging_mixin.py:188} INFO - [2025-01-08T12:24:11.894+0000] {dagbag.py:538} INFO - Filling up the DagBag from /home/airflow/.local/lib/python3.8/site-packages/airflow/example_dags/example_external_task_marker_dag.py
[2025-01-08T12:24:11.907+0000] {processor.py:840} INFO - DAG(s) 'example_external_task_marker_parent', 'example_external_task_marker_child' retrieved from /home/airflow/.local/lib/python3.8/site-packages/airflow/example_dags/example_external_task_marker_dag.py
[2025-01-08T12:24:11.947+0000] {logging_mixin.py:188} INFO - [2025-01-08T12:24:11.947+0000] {dag.py:3036} INFO - Sync 2 DAGs
[2025-01-08T12:24:11.967+0000] {logging_mixin.py:188} INFO - [2025-01-08T12:24:11.966+0000] {dag.py:3823} INFO - Setting next_dagrun for example_external_task_marker_child to None, run_after=None
[2025-01-08T12:24:11.973+0000] {logging_mixin.py:188} INFO - [2025-01-08T12:24:11.973+0000] {dag.py:3823} INFO - Setting next_dagrun for example_external_task_marker_parent to None, run_after=None
[2025-01-08T12:24:12.002+0000] {processor.py:183} INFO - Processing /home/airflow/.local/lib/python3.8/site-packages/airflow/example_dags/example_external_task_marker_dag.py took 0.118 seconds
[2025-01-08T12:24:42.657+0000] {processor.py:161} INFO - Started process (PID=1507) to work on /home/airflow/.local/lib/python3.8/site-packages/airflow/example_dags/example_external_task_marker_dag.py
[2025-01-08T12:24:42.659+0000] {processor.py:830} INFO - Processing file /home/airflow/.local/lib/python3.8/site-packages/airflow/example_dags/example_external_task_marker_dag.py for tasks to queue
[2025-01-08T12:24:42.664+0000] {logging_mixin.py:188} INFO - [2025-01-08T12:24:42.663+0000] {dagbag.py:538} INFO - Filling up the DagBag from /home/airflow/.local/lib/python3.8/site-packages/airflow/example_dags/example_external_task_marker_dag.py
[2025-01-08T12:24:42.673+0000] {processor.py:840} INFO - DAG(s) 'example_external_task_marker_child', 'example_external_task_marker_parent' retrieved from /home/airflow/.local/lib/python3.8/site-packages/airflow/example_dags/example_external_task_marker_dag.py
[2025-01-08T12:24:42.725+0000] {logging_mixin.py:188} INFO - [2025-01-08T12:24:42.725+0000] {dag.py:3036} INFO - Sync 2 DAGs
[2025-01-08T12:24:42.745+0000] {logging_mixin.py:188} INFO - [2025-01-08T12:24:42.744+0000] {dag.py:3823} INFO - Setting next_dagrun for example_external_task_marker_child to None, run_after=None
[2025-01-08T12:24:42.751+0000] {logging_mixin.py:188} INFO - [2025-01-08T12:24:42.750+0000] {dag.py:3823} INFO - Setting next_dagrun for example_external_task_marker_parent to None, run_after=None
[2025-01-08T12:24:42.781+0000] {processor.py:183} INFO - Processing /home/airflow/.local/lib/python3.8/site-packages/airflow/example_dags/example_external_task_marker_dag.py took 0.130 seconds
[2025-01-08T12:25:12.894+0000] {processor.py:161} INFO - Started process (PID=1566) to work on /home/airflow/.local/lib/python3.8/site-packages/airflow/example_dags/example_external_task_marker_dag.py
[2025-01-08T12:25:12.899+0000] {processor.py:830} INFO - Processing file /home/airflow/.local/lib/python3.8/site-packages/airflow/example_dags/example_external_task_marker_dag.py for tasks to queue
[2025-01-08T12:25:12.902+0000] {logging_mixin.py:188} INFO - [2025-01-08T12:25:12.902+0000] {dagbag.py:538} INFO - Filling up the DagBag from /home/airflow/.local/lib/python3.8/site-packages/airflow/example_dags/example_external_task_marker_dag.py
[2025-01-08T12:25:12.916+0000] {processor.py:840} INFO - DAG(s) 'example_external_task_marker_child', 'example_external_task_marker_parent' retrieved from /home/airflow/.local/lib/python3.8/site-packages/airflow/example_dags/example_external_task_marker_dag.py
[2025-01-08T12:25:12.971+0000] {logging_mixin.py:188} INFO - [2025-01-08T12:25:12.971+0000] {dag.py:3036} INFO - Sync 2 DAGs
[2025-01-08T12:25:12.999+0000] {logging_mixin.py:188} INFO - [2025-01-08T12:25:12.999+0000] {dag.py:3823} INFO - Setting next_dagrun for example_external_task_marker_child to None, run_after=None
[2025-01-08T12:25:13.005+0000] {logging_mixin.py:188} INFO - [2025-01-08T12:25:13.005+0000] {dag.py:3823} INFO - Setting next_dagrun for example_external_task_marker_parent to None, run_after=None
[2025-01-08T12:25:13.038+0000] {processor.py:183} INFO - Processing /home/airflow/.local/lib/python3.8/site-packages/airflow/example_dags/example_external_task_marker_dag.py took 0.149 seconds
[2025-01-08T12:25:43.230+0000] {processor.py:161} INFO - Started process (PID=1624) to work on /home/airflow/.local/lib/python3.8/site-packages/airflow/example_dags/example_external_task_marker_dag.py
[2025-01-08T12:25:43.234+0000] {processor.py:830} INFO - Processing file /home/airflow/.local/lib/python3.8/site-packages/airflow/example_dags/example_external_task_marker_dag.py for tasks to queue
[2025-01-08T12:25:43.239+0000] {logging_mixin.py:188} INFO - [2025-01-08T12:25:43.238+0000] {dagbag.py:538} INFO - Filling up the DagBag from /home/airflow/.local/lib/python3.8/site-packages/airflow/example_dags/example_external_task_marker_dag.py
[2025-01-08T12:25:43.257+0000] {processor.py:840} INFO - DAG(s) 'example_external_task_marker_parent', 'example_external_task_marker_child' retrieved from /home/airflow/.local/lib/python3.8/site-packages/airflow/example_dags/example_external_task_marker_dag.py
[2025-01-08T12:25:43.309+0000] {logging_mixin.py:188} INFO - [2025-01-08T12:25:43.308+0000] {dag.py:3036} INFO - Sync 2 DAGs
[2025-01-08T12:25:43.335+0000] {logging_mixin.py:188} INFO - [2025-01-08T12:25:43.335+0000] {dag.py:3823} INFO - Setting next_dagrun for example_external_task_marker_child to None, run_after=None
[2025-01-08T12:25:43.345+0000] {logging_mixin.py:188} INFO - [2025-01-08T12:25:43.344+0000] {dag.py:3823} INFO - Setting next_dagrun for example_external_task_marker_parent to None, run_after=None
[2025-01-08T12:25:43.387+0000] {processor.py:183} INFO - Processing /home/airflow/.local/lib/python3.8/site-packages/airflow/example_dags/example_external_task_marker_dag.py took 0.165 seconds
[2025-01-08T12:26:14.206+0000] {processor.py:161} INFO - Started process (PID=1682) to work on /home/airflow/.local/lib/python3.8/site-packages/airflow/example_dags/example_external_task_marker_dag.py
[2025-01-08T12:26:14.217+0000] {processor.py:830} INFO - Processing file /home/airflow/.local/lib/python3.8/site-packages/airflow/example_dags/example_external_task_marker_dag.py for tasks to queue
[2025-01-08T12:26:14.223+0000] {logging_mixin.py:188} INFO - [2025-01-08T12:26:14.222+0000] {dagbag.py:538} INFO - Filling up the DagBag from /home/airflow/.local/lib/python3.8/site-packages/airflow/example_dags/example_external_task_marker_dag.py
[2025-01-08T12:26:14.256+0000] {processor.py:840} INFO - DAG(s) 'example_external_task_marker_parent', 'example_external_task_marker_child' retrieved from /home/airflow/.local/lib/python3.8/site-packages/airflow/example_dags/example_external_task_marker_dag.py
[2025-01-08T12:26:14.347+0000] {logging_mixin.py:188} INFO - [2025-01-08T12:26:14.347+0000] {dag.py:3036} INFO - Sync 2 DAGs
[2025-01-08T12:26:14.395+0000] {logging_mixin.py:188} INFO - [2025-01-08T12:26:14.395+0000] {dag.py:3823} INFO - Setting next_dagrun for example_external_task_marker_child to None, run_after=None
[2025-01-08T12:26:14.404+0000] {logging_mixin.py:188} INFO - [2025-01-08T12:26:14.404+0000] {dag.py:3823} INFO - Setting next_dagrun for example_external_task_marker_parent to None, run_after=None
[2025-01-08T12:26:14.461+0000] {processor.py:183} INFO - Processing /home/airflow/.local/lib/python3.8/site-packages/airflow/example_dags/example_external_task_marker_dag.py took 0.274 seconds
[2025-01-08T12:26:44.850+0000] {processor.py:161} INFO - Started process (PID=1741) to work on /home/airflow/.local/lib/python3.8/site-packages/airflow/example_dags/example_external_task_marker_dag.py
[2025-01-08T12:26:44.853+0000] {processor.py:830} INFO - Processing file /home/airflow/.local/lib/python3.8/site-packages/airflow/example_dags/example_external_task_marker_dag.py for tasks to queue
[2025-01-08T12:26:44.857+0000] {logging_mixin.py:188} INFO - [2025-01-08T12:26:44.856+0000] {dagbag.py:538} INFO - Filling up the DagBag from /home/airflow/.local/lib/python3.8/site-packages/airflow/example_dags/example_external_task_marker_dag.py
[2025-01-08T12:26:44.871+0000] {processor.py:840} INFO - DAG(s) 'example_external_task_marker_parent', 'example_external_task_marker_child' retrieved from /home/airflow/.local/lib/python3.8/site-packages/airflow/example_dags/example_external_task_marker_dag.py
[2025-01-08T12:26:44.932+0000] {logging_mixin.py:188} INFO - [2025-01-08T12:26:44.932+0000] {dag.py:3036} INFO - Sync 2 DAGs
[2025-01-08T12:26:44.958+0000] {logging_mixin.py:188} INFO - [2025-01-08T12:26:44.957+0000] {dag.py:3823} INFO - Setting next_dagrun for example_external_task_marker_child to None, run_after=None
[2025-01-08T12:26:44.973+0000] {logging_mixin.py:188} INFO - [2025-01-08T12:26:44.964+0000] {dag.py:3823} INFO - Setting next_dagrun for example_external_task_marker_parent to None, run_after=None
[2025-01-08T12:26:45.016+0000] {processor.py:183} INFO - Processing /home/airflow/.local/lib/python3.8/site-packages/airflow/example_dags/example_external_task_marker_dag.py took 0.173 seconds
[2025-01-08T12:27:15.120+0000] {processor.py:161} INFO - Started process (PID=1800) to work on /home/airflow/.local/lib/python3.8/site-packages/airflow/example_dags/example_external_task_marker_dag.py
[2025-01-08T12:27:15.122+0000] {processor.py:830} INFO - Processing file /home/airflow/.local/lib/python3.8/site-packages/airflow/example_dags/example_external_task_marker_dag.py for tasks to queue
[2025-01-08T12:27:15.126+0000] {logging_mixin.py:188} INFO - [2025-01-08T12:27:15.125+0000] {dagbag.py:538} INFO - Filling up the DagBag from /home/airflow/.local/lib/python3.8/site-packages/airflow/example_dags/example_external_task_marker_dag.py
[2025-01-08T12:27:15.139+0000] {processor.py:840} INFO - DAG(s) 'example_external_task_marker_child', 'example_external_task_marker_parent' retrieved from /home/airflow/.local/lib/python3.8/site-packages/airflow/example_dags/example_external_task_marker_dag.py
[2025-01-08T12:27:15.246+0000] {logging_mixin.py:188} INFO - [2025-01-08T12:27:15.246+0000] {dag.py:3036} INFO - Sync 2 DAGs
[2025-01-08T12:27:15.272+0000] {logging_mixin.py:188} INFO - [2025-01-08T12:27:15.271+0000] {dag.py:3823} INFO - Setting next_dagrun for example_external_task_marker_child to None, run_after=None
[2025-01-08T12:27:15.282+0000] {logging_mixin.py:188} INFO - [2025-01-08T12:27:15.281+0000] {dag.py:3823} INFO - Setting next_dagrun for example_external_task_marker_parent to None, run_after=None
[2025-01-08T12:27:15.315+0000] {processor.py:183} INFO - Processing /home/airflow/.local/lib/python3.8/site-packages/airflow/example_dags/example_external_task_marker_dag.py took 0.200 seconds
[2025-01-08T12:27:45.409+0000] {processor.py:161} INFO - Started process (PID=1859) to work on /home/airflow/.local/lib/python3.8/site-packages/airflow/example_dags/example_external_task_marker_dag.py
[2025-01-08T12:27:45.420+0000] {processor.py:830} INFO - Processing file /home/airflow/.local/lib/python3.8/site-packages/airflow/example_dags/example_external_task_marker_dag.py for tasks to queue
[2025-01-08T12:27:45.427+0000] {logging_mixin.py:188} INFO - [2025-01-08T12:27:45.426+0000] {dagbag.py:538} INFO - Filling up the DagBag from /home/airflow/.local/lib/python3.8/site-packages/airflow/example_dags/example_external_task_marker_dag.py
[2025-01-08T12:27:45.448+0000] {processor.py:840} INFO - DAG(s) 'example_external_task_marker_child', 'example_external_task_marker_parent' retrieved from /home/airflow/.local/lib/python3.8/site-packages/airflow/example_dags/example_external_task_marker_dag.py
[2025-01-08T12:27:45.547+0000] {logging_mixin.py:188} INFO - [2025-01-08T12:27:45.546+0000] {dag.py:3036} INFO - Sync 2 DAGs
[2025-01-08T12:27:45.673+0000] {logging_mixin.py:188} INFO - [2025-01-08T12:27:45.673+0000] {dag.py:3823} INFO - Setting next_dagrun for example_external_task_marker_child to None, run_after=None
[2025-01-08T12:27:45.709+0000] {logging_mixin.py:188} INFO - [2025-01-08T12:27:45.708+0000] {dag.py:3823} INFO - Setting next_dagrun for example_external_task_marker_parent to None, run_after=None
[2025-01-08T12:27:45.822+0000] {processor.py:183} INFO - Processing /home/airflow/.local/lib/python3.8/site-packages/airflow/example_dags/example_external_task_marker_dag.py took 0.420 seconds
[2025-01-08T12:28:16.283+0000] {processor.py:161} INFO - Started process (PID=1919) to work on /home/airflow/.local/lib/python3.8/site-packages/airflow/example_dags/example_external_task_marker_dag.py
[2025-01-08T12:28:16.287+0000] {processor.py:830} INFO - Processing file /home/airflow/.local/lib/python3.8/site-packages/airflow/example_dags/example_external_task_marker_dag.py for tasks to queue
[2025-01-08T12:28:16.294+0000] {logging_mixin.py:188} INFO - [2025-01-08T12:28:16.293+0000] {dagbag.py:538} INFO - Filling up the DagBag from /home/airflow/.local/lib/python3.8/site-packages/airflow/example_dags/example_external_task_marker_dag.py
[2025-01-08T12:28:16.315+0000] {processor.py:840} INFO - DAG(s) 'example_external_task_marker_child', 'example_external_task_marker_parent' retrieved from /home/airflow/.local/lib/python3.8/site-packages/airflow/example_dags/example_external_task_marker_dag.py
[2025-01-08T12:28:16.391+0000] {logging_mixin.py:188} INFO - [2025-01-08T12:28:16.391+0000] {dag.py:3036} INFO - Sync 2 DAGs
[2025-01-08T12:28:16.413+0000] {logging_mixin.py:188} INFO - [2025-01-08T12:28:16.413+0000] {dag.py:3823} INFO - Setting next_dagrun for example_external_task_marker_child to None, run_after=None
[2025-01-08T12:28:16.420+0000] {logging_mixin.py:188} INFO - [2025-01-08T12:28:16.420+0000] {dag.py:3823} INFO - Setting next_dagrun for example_external_task_marker_parent to None, run_after=None
[2025-01-08T12:28:16.455+0000] {processor.py:183} INFO - Processing /home/airflow/.local/lib/python3.8/site-packages/airflow/example_dags/example_external_task_marker_dag.py took 0.184 seconds
[2025-01-08T12:28:47.240+0000] {processor.py:161} INFO - Started process (PID=1978) to work on /home/airflow/.local/lib/python3.8/site-packages/airflow/example_dags/example_external_task_marker_dag.py
[2025-01-08T12:28:47.246+0000] {processor.py:830} INFO - Processing file /home/airflow/.local/lib/python3.8/site-packages/airflow/example_dags/example_external_task_marker_dag.py for tasks to queue
[2025-01-08T12:28:47.259+0000] {logging_mixin.py:188} INFO - [2025-01-08T12:28:47.257+0000] {dagbag.py:538} INFO - Filling up the DagBag from /home/airflow/.local/lib/python3.8/site-packages/airflow/example_dags/example_external_task_marker_dag.py
[2025-01-08T12:28:47.279+0000] {processor.py:840} INFO - DAG(s) 'example_external_task_marker_parent', 'example_external_task_marker_child' retrieved from /home/airflow/.local/lib/python3.8/site-packages/airflow/example_dags/example_external_task_marker_dag.py
[2025-01-08T12:28:47.316+0000] {logging_mixin.py:188} INFO - [2025-01-08T12:28:47.315+0000] {dag.py:3036} INFO - Sync 2 DAGs
[2025-01-08T12:28:47.346+0000] {logging_mixin.py:188} INFO - [2025-01-08T12:28:47.346+0000] {dag.py:3823} INFO - Setting next_dagrun for example_external_task_marker_child to None, run_after=None
[2025-01-08T12:28:47.353+0000] {logging_mixin.py:188} INFO - [2025-01-08T12:28:47.352+0000] {dag.py:3823} INFO - Setting next_dagrun for example_external_task_marker_parent to None, run_after=None
[2025-01-08T12:28:47.385+0000] {processor.py:183} INFO - Processing /home/airflow/.local/lib/python3.8/site-packages/airflow/example_dags/example_external_task_marker_dag.py took 0.159 seconds
[2025-01-08T12:29:17.738+0000] {processor.py:161} INFO - Started process (PID=2036) to work on /home/airflow/.local/lib/python3.8/site-packages/airflow/example_dags/example_external_task_marker_dag.py
[2025-01-08T12:29:17.740+0000] {processor.py:830} INFO - Processing file /home/airflow/.local/lib/python3.8/site-packages/airflow/example_dags/example_external_task_marker_dag.py for tasks to queue
[2025-01-08T12:29:17.746+0000] {logging_mixin.py:188} INFO - [2025-01-08T12:29:17.744+0000] {dagbag.py:538} INFO - Filling up the DagBag from /home/airflow/.local/lib/python3.8/site-packages/airflow/example_dags/example_external_task_marker_dag.py
[2025-01-08T12:29:17.759+0000] {processor.py:840} INFO - DAG(s) 'example_external_task_marker_child', 'example_external_task_marker_parent' retrieved from /home/airflow/.local/lib/python3.8/site-packages/airflow/example_dags/example_external_task_marker_dag.py
[2025-01-08T12:29:17.808+0000] {logging_mixin.py:188} INFO - [2025-01-08T12:29:17.808+0000] {dag.py:3036} INFO - Sync 2 DAGs
[2025-01-08T12:29:17.828+0000] {logging_mixin.py:188} INFO - [2025-01-08T12:29:17.827+0000] {dag.py:3823} INFO - Setting next_dagrun for example_external_task_marker_child to None, run_after=None
[2025-01-08T12:29:17.835+0000] {logging_mixin.py:188} INFO - [2025-01-08T12:29:17.835+0000] {dag.py:3823} INFO - Setting next_dagrun for example_external_task_marker_parent to None, run_after=None
[2025-01-08T12:29:17.865+0000] {processor.py:183} INFO - Processing /home/airflow/.local/lib/python3.8/site-packages/airflow/example_dags/example_external_task_marker_dag.py took 0.134 seconds
[2025-01-08T12:29:48.397+0000] {processor.py:161} INFO - Started process (PID=2100) to work on /home/airflow/.local/lib/python3.8/site-packages/airflow/example_dags/example_external_task_marker_dag.py
[2025-01-08T12:29:48.398+0000] {processor.py:830} INFO - Processing file /home/airflow/.local/lib/python3.8/site-packages/airflow/example_dags/example_external_task_marker_dag.py for tasks to queue
[2025-01-08T12:29:48.401+0000] {logging_mixin.py:188} INFO - [2025-01-08T12:29:48.401+0000] {dagbag.py:538} INFO - Filling up the DagBag from /home/airflow/.local/lib/python3.8/site-packages/airflow/example_dags/example_external_task_marker_dag.py
[2025-01-08T12:29:48.411+0000] {processor.py:840} INFO - DAG(s) 'example_external_task_marker_child', 'example_external_task_marker_parent' retrieved from /home/airflow/.local/lib/python3.8/site-packages/airflow/example_dags/example_external_task_marker_dag.py
[2025-01-08T12:29:48.448+0000] {logging_mixin.py:188} INFO - [2025-01-08T12:29:48.448+0000] {dag.py:3036} INFO - Sync 2 DAGs
[2025-01-08T12:29:48.474+0000] {logging_mixin.py:188} INFO - [2025-01-08T12:29:48.473+0000] {dag.py:3823} INFO - Setting next_dagrun for example_external_task_marker_child to None, run_after=None
[2025-01-08T12:29:48.480+0000] {logging_mixin.py:188} INFO - [2025-01-08T12:29:48.480+0000] {dag.py:3823} INFO - Setting next_dagrun for example_external_task_marker_parent to None, run_after=None
[2025-01-08T12:29:48.512+0000] {processor.py:183} INFO - Processing /home/airflow/.local/lib/python3.8/site-packages/airflow/example_dags/example_external_task_marker_dag.py took 0.122 seconds
[2025-01-08T12:30:19.081+0000] {processor.py:161} INFO - Started process (PID=2159) to work on /home/airflow/.local/lib/python3.8/site-packages/airflow/example_dags/example_external_task_marker_dag.py
[2025-01-08T12:30:19.083+0000] {processor.py:830} INFO - Processing file /home/airflow/.local/lib/python3.8/site-packages/airflow/example_dags/example_external_task_marker_dag.py for tasks to queue
[2025-01-08T12:30:19.085+0000] {logging_mixin.py:188} INFO - [2025-01-08T12:30:19.085+0000] {dagbag.py:538} INFO - Filling up the DagBag from /home/airflow/.local/lib/python3.8/site-packages/airflow/example_dags/example_external_task_marker_dag.py
[2025-01-08T12:30:19.095+0000] {processor.py:840} INFO - DAG(s) 'example_external_task_marker_parent', 'example_external_task_marker_child' retrieved from /home/airflow/.local/lib/python3.8/site-packages/airflow/example_dags/example_external_task_marker_dag.py
[2025-01-08T12:30:19.128+0000] {logging_mixin.py:188} INFO - [2025-01-08T12:30:19.127+0000] {dag.py:3036} INFO - Sync 2 DAGs
[2025-01-08T12:30:19.297+0000] {logging_mixin.py:188} INFO - [2025-01-08T12:30:19.297+0000] {dag.py:3823} INFO - Setting next_dagrun for example_external_task_marker_child to None, run_after=None
[2025-01-08T12:30:19.302+0000] {logging_mixin.py:188} INFO - [2025-01-08T12:30:19.302+0000] {dag.py:3823} INFO - Setting next_dagrun for example_external_task_marker_parent to None, run_after=None
[2025-01-08T12:30:19.326+0000] {processor.py:183} INFO - Processing /home/airflow/.local/lib/python3.8/site-packages/airflow/example_dags/example_external_task_marker_dag.py took 0.249 seconds
[2025-01-08T12:30:49.649+0000] {processor.py:161} INFO - Started process (PID=2218) to work on /home/airflow/.local/lib/python3.8/site-packages/airflow/example_dags/example_external_task_marker_dag.py
[2025-01-08T12:30:49.651+0000] {processor.py:830} INFO - Processing file /home/airflow/.local/lib/python3.8/site-packages/airflow/example_dags/example_external_task_marker_dag.py for tasks to queue
[2025-01-08T12:30:49.654+0000] {logging_mixin.py:188} INFO - [2025-01-08T12:30:49.653+0000] {dagbag.py:538} INFO - Filling up the DagBag from /home/airflow/.local/lib/python3.8/site-packages/airflow/example_dags/example_external_task_marker_dag.py
[2025-01-08T12:30:49.663+0000] {processor.py:840} INFO - DAG(s) 'example_external_task_marker_child', 'example_external_task_marker_parent' retrieved from /home/airflow/.local/lib/python3.8/site-packages/airflow/example_dags/example_external_task_marker_dag.py
[2025-01-08T12:30:49.700+0000] {logging_mixin.py:188} INFO - [2025-01-08T12:30:49.699+0000] {dag.py:3036} INFO - Sync 2 DAGs
[2025-01-08T12:30:49.866+0000] {logging_mixin.py:188} INFO - [2025-01-08T12:30:49.866+0000] {dag.py:3823} INFO - Setting next_dagrun for example_external_task_marker_child to None, run_after=None
[2025-01-08T12:30:49.871+0000] {logging_mixin.py:188} INFO - [2025-01-08T12:30:49.870+0000] {dag.py:3823} INFO - Setting next_dagrun for example_external_task_marker_parent to None, run_after=None
[2025-01-08T12:30:49.898+0000] {processor.py:183} INFO - Processing /home/airflow/.local/lib/python3.8/site-packages/airflow/example_dags/example_external_task_marker_dag.py took 0.254 seconds
[2025-01-08T12:31:20.881+0000] {processor.py:161} INFO - Started process (PID=2276) to work on /home/airflow/.local/lib/python3.8/site-packages/airflow/example_dags/example_external_task_marker_dag.py
[2025-01-08T12:31:20.886+0000] {processor.py:830} INFO - Processing file /home/airflow/.local/lib/python3.8/site-packages/airflow/example_dags/example_external_task_marker_dag.py for tasks to queue
[2025-01-08T12:31:20.889+0000] {logging_mixin.py:188} INFO - [2025-01-08T12:31:20.889+0000] {dagbag.py:538} INFO - Filling up the DagBag from /home/airflow/.local/lib/python3.8/site-packages/airflow/example_dags/example_external_task_marker_dag.py
[2025-01-08T12:31:20.902+0000] {processor.py:840} INFO - DAG(s) 'example_external_task_marker_parent', 'example_external_task_marker_child' retrieved from /home/airflow/.local/lib/python3.8/site-packages/airflow/example_dags/example_external_task_marker_dag.py
[2025-01-08T12:31:20.959+0000] {logging_mixin.py:188} INFO - [2025-01-08T12:31:20.958+0000] {dag.py:3036} INFO - Sync 2 DAGs
[2025-01-08T12:31:20.997+0000] {logging_mixin.py:188} INFO - [2025-01-08T12:31:20.997+0000] {dag.py:3823} INFO - Setting next_dagrun for example_external_task_marker_child to None, run_after=None
[2025-01-08T12:31:21.025+0000] {logging_mixin.py:188} INFO - [2025-01-08T12:31:21.024+0000] {dag.py:3823} INFO - Setting next_dagrun for example_external_task_marker_parent to None, run_after=None
[2025-01-08T12:31:21.074+0000] {processor.py:183} INFO - Processing /home/airflow/.local/lib/python3.8/site-packages/airflow/example_dags/example_external_task_marker_dag.py took 0.200 seconds
[2025-01-08T12:31:51.517+0000] {processor.py:161} INFO - Started process (PID=2335) to work on /home/airflow/.local/lib/python3.8/site-packages/airflow/example_dags/example_external_task_marker_dag.py
[2025-01-08T12:31:51.519+0000] {processor.py:830} INFO - Processing file /home/airflow/.local/lib/python3.8/site-packages/airflow/example_dags/example_external_task_marker_dag.py for tasks to queue
[2025-01-08T12:31:51.522+0000] {logging_mixin.py:188} INFO - [2025-01-08T12:31:51.521+0000] {dagbag.py:538} INFO - Filling up the DagBag from /home/airflow/.local/lib/python3.8/site-packages/airflow/example_dags/example_external_task_marker_dag.py
[2025-01-08T12:31:51.534+0000] {processor.py:840} INFO - DAG(s) 'example_external_task_marker_child', 'example_external_task_marker_parent' retrieved from /home/airflow/.local/lib/python3.8/site-packages/airflow/example_dags/example_external_task_marker_dag.py
[2025-01-08T12:31:51.573+0000] {logging_mixin.py:188} INFO - [2025-01-08T12:31:51.572+0000] {dag.py:3036} INFO - Sync 2 DAGs
[2025-01-08T12:31:51.598+0000] {logging_mixin.py:188} INFO - [2025-01-08T12:31:51.598+0000] {dag.py:3823} INFO - Setting next_dagrun for example_external_task_marker_child to None, run_after=None
[2025-01-08T12:31:51.606+0000] {logging_mixin.py:188} INFO - [2025-01-08T12:31:51.605+0000] {dag.py:3823} INFO - Setting next_dagrun for example_external_task_marker_parent to None, run_after=None
[2025-01-08T12:31:51.647+0000] {processor.py:183} INFO - Processing /home/airflow/.local/lib/python3.8/site-packages/airflow/example_dags/example_external_task_marker_dag.py took 0.135 seconds
[2025-01-08T12:32:22.362+0000] {processor.py:161} INFO - Started process (PID=2394) to work on /home/airflow/.local/lib/python3.8/site-packages/airflow/example_dags/example_external_task_marker_dag.py
[2025-01-08T12:32:22.364+0000] {processor.py:830} INFO - Processing file /home/airflow/.local/lib/python3.8/site-packages/airflow/example_dags/example_external_task_marker_dag.py for tasks to queue
[2025-01-08T12:32:22.368+0000] {logging_mixin.py:188} INFO - [2025-01-08T12:32:22.367+0000] {dagbag.py:538} INFO - Filling up the DagBag from /home/airflow/.local/lib/python3.8/site-packages/airflow/example_dags/example_external_task_marker_dag.py
[2025-01-08T12:32:22.382+0000] {processor.py:840} INFO - DAG(s) 'example_external_task_marker_child', 'example_external_task_marker_parent' retrieved from /home/airflow/.local/lib/python3.8/site-packages/airflow/example_dags/example_external_task_marker_dag.py
[2025-01-08T12:32:22.448+0000] {logging_mixin.py:188} INFO - [2025-01-08T12:32:22.448+0000] {dag.py:3036} INFO - Sync 2 DAGs
[2025-01-08T12:32:22.495+0000] {logging_mixin.py:188} INFO - [2025-01-08T12:32:22.495+0000] {dag.py:3823} INFO - Setting next_dagrun for example_external_task_marker_child to None, run_after=None
[2025-01-08T12:32:22.511+0000] {logging_mixin.py:188} INFO - [2025-01-08T12:32:22.509+0000] {dag.py:3823} INFO - Setting next_dagrun for example_external_task_marker_parent to None, run_after=None
[2025-01-08T12:32:22.602+0000] {processor.py:183} INFO - Processing /home/airflow/.local/lib/python3.8/site-packages/airflow/example_dags/example_external_task_marker_dag.py took 0.246 seconds
[2025-01-08T12:32:53.286+0000] {processor.py:161} INFO - Started process (PID=2453) to work on /home/airflow/.local/lib/python3.8/site-packages/airflow/example_dags/example_external_task_marker_dag.py
[2025-01-08T12:32:53.288+0000] {processor.py:830} INFO - Processing file /home/airflow/.local/lib/python3.8/site-packages/airflow/example_dags/example_external_task_marker_dag.py for tasks to queue
[2025-01-08T12:32:53.291+0000] {logging_mixin.py:188} INFO - [2025-01-08T12:32:53.291+0000] {dagbag.py:538} INFO - Filling up the DagBag from /home/airflow/.local/lib/python3.8/site-packages/airflow/example_dags/example_external_task_marker_dag.py
[2025-01-08T12:32:53.303+0000] {processor.py:840} INFO - DAG(s) 'example_external_task_marker_parent', 'example_external_task_marker_child' retrieved from /home/airflow/.local/lib/python3.8/site-packages/airflow/example_dags/example_external_task_marker_dag.py
[2025-01-08T12:32:53.344+0000] {logging_mixin.py:188} INFO - [2025-01-08T12:32:53.344+0000] {dag.py:3036} INFO - Sync 2 DAGs
[2025-01-08T12:32:53.368+0000] {logging_mixin.py:188} INFO - [2025-01-08T12:32:53.368+0000] {dag.py:3823} INFO - Setting next_dagrun for example_external_task_marker_child to None, run_after=None
[2025-01-08T12:32:53.374+0000] {logging_mixin.py:188} INFO - [2025-01-08T12:32:53.374+0000] {dag.py:3823} INFO - Setting next_dagrun for example_external_task_marker_parent to None, run_after=None
[2025-01-08T12:32:53.406+0000] {processor.py:183} INFO - Processing /home/airflow/.local/lib/python3.8/site-packages/airflow/example_dags/example_external_task_marker_dag.py took 0.128 seconds
[2025-01-08T12:33:24.140+0000] {processor.py:161} INFO - Started process (PID=2512) to work on /home/airflow/.local/lib/python3.8/site-packages/airflow/example_dags/example_external_task_marker_dag.py
[2025-01-08T12:33:24.141+0000] {processor.py:830} INFO - Processing file /home/airflow/.local/lib/python3.8/site-packages/airflow/example_dags/example_external_task_marker_dag.py for tasks to queue
[2025-01-08T12:33:24.144+0000] {logging_mixin.py:188} INFO - [2025-01-08T12:33:24.143+0000] {dagbag.py:538} INFO - Filling up the DagBag from /home/airflow/.local/lib/python3.8/site-packages/airflow/example_dags/example_external_task_marker_dag.py
[2025-01-08T12:33:24.153+0000] {processor.py:840} INFO - DAG(s) 'example_external_task_marker_parent', 'example_external_task_marker_child' retrieved from /home/airflow/.local/lib/python3.8/site-packages/airflow/example_dags/example_external_task_marker_dag.py
[2025-01-08T12:33:24.192+0000] {logging_mixin.py:188} INFO - [2025-01-08T12:33:24.191+0000] {dag.py:3036} INFO - Sync 2 DAGs
[2025-01-08T12:33:24.214+0000] {logging_mixin.py:188} INFO - [2025-01-08T12:33:24.213+0000] {dag.py:3823} INFO - Setting next_dagrun for example_external_task_marker_child to None, run_after=None
[2025-01-08T12:33:24.219+0000] {logging_mixin.py:188} INFO - [2025-01-08T12:33:24.219+0000] {dag.py:3823} INFO - Setting next_dagrun for example_external_task_marker_parent to None, run_after=None
[2025-01-08T12:33:24.260+0000] {processor.py:183} INFO - Processing /home/airflow/.local/lib/python3.8/site-packages/airflow/example_dags/example_external_task_marker_dag.py took 0.125 seconds
