[2025-01-08T12:11:43.920+0000] {processor.py:161} INFO - Started process (PID=41) to work on /home/airflow/.local/lib/python3.8/site-packages/airflow/example_dags/example_complex.py
[2025-01-08T12:11:43.934+0000] {processor.py:830} INFO - Processing file /home/airflow/.local/lib/python3.8/site-packages/airflow/example_dags/example_complex.py for tasks to queue
[2025-01-08T12:11:43.945+0000] {logging_mixin.py:188} INFO - [2025-01-08T12:11:43.944+0000] {dagbag.py:538} INFO - Filling up the DagBag from /home/airflow/.local/lib/python3.8/site-packages/airflow/example_dags/example_complex.py
[2025-01-08T12:11:44.031+0000] {processor.py:840} INFO - DAG(s) 'example_complex' retrieved from /home/airflow/.local/lib/python3.8/site-packages/airflow/example_dags/example_complex.py
[2025-01-08T12:11:44.646+0000] {logging_mixin.py:188} INFO - [2025-01-08T12:11:44.645+0000] {dag.py:3036} INFO - Sync 1 DAGs
[2025-01-08T12:11:44.707+0000] {logging_mixin.py:188} INFO - [2025-01-08T12:11:44.707+0000] {dag.py:3823} INFO - Setting next_dagrun for example_complex to None, run_after=None
[2025-01-08T12:11:44.773+0000] {processor.py:183} INFO - Processing /home/airflow/.local/lib/python3.8/site-packages/airflow/example_dags/example_complex.py took 0.865 seconds
[2025-01-08T12:12:15.135+0000] {processor.py:161} INFO - Started process (PID=96) to work on /home/airflow/.local/lib/python3.8/site-packages/airflow/example_dags/example_complex.py
[2025-01-08T12:12:15.138+0000] {processor.py:830} INFO - Processing file /home/airflow/.local/lib/python3.8/site-packages/airflow/example_dags/example_complex.py for tasks to queue
[2025-01-08T12:12:15.146+0000] {logging_mixin.py:188} INFO - [2025-01-08T12:12:15.145+0000] {dagbag.py:538} INFO - Filling up the DagBag from /home/airflow/.local/lib/python3.8/site-packages/airflow/example_dags/example_complex.py
[2025-01-08T12:12:15.204+0000] {processor.py:840} INFO - DAG(s) 'example_complex' retrieved from /home/airflow/.local/lib/python3.8/site-packages/airflow/example_dags/example_complex.py
[2025-01-08T12:12:15.371+0000] {logging_mixin.py:188} INFO - [2025-01-08T12:12:15.370+0000] {dag.py:3036} INFO - Sync 1 DAGs
[2025-01-08T12:12:15.426+0000] {logging_mixin.py:188} INFO - [2025-01-08T12:12:15.425+0000] {dag.py:3823} INFO - Setting next_dagrun for example_complex to None, run_after=None
[2025-01-08T12:12:15.490+0000] {processor.py:183} INFO - Processing /home/airflow/.local/lib/python3.8/site-packages/airflow/example_dags/example_complex.py took 0.364 seconds
[2025-01-08T12:12:45.793+0000] {processor.py:161} INFO - Started process (PID=153) to work on /home/airflow/.local/lib/python3.8/site-packages/airflow/example_dags/example_complex.py
[2025-01-08T12:12:45.795+0000] {processor.py:830} INFO - Processing file /home/airflow/.local/lib/python3.8/site-packages/airflow/example_dags/example_complex.py for tasks to queue
[2025-01-08T12:12:45.798+0000] {logging_mixin.py:188} INFO - [2025-01-08T12:12:45.798+0000] {dagbag.py:538} INFO - Filling up the DagBag from /home/airflow/.local/lib/python3.8/site-packages/airflow/example_dags/example_complex.py
[2025-01-08T12:12:45.828+0000] {processor.py:840} INFO - DAG(s) 'example_complex' retrieved from /home/airflow/.local/lib/python3.8/site-packages/airflow/example_dags/example_complex.py
[2025-01-08T12:12:45.922+0000] {logging_mixin.py:188} INFO - [2025-01-08T12:12:45.921+0000] {dag.py:3036} INFO - Sync 1 DAGs
[2025-01-08T12:12:45.951+0000] {logging_mixin.py:188} INFO - [2025-01-08T12:12:45.951+0000] {dag.py:3823} INFO - Setting next_dagrun for example_complex to None, run_after=None
[2025-01-08T12:12:45.989+0000] {processor.py:183} INFO - Processing /home/airflow/.local/lib/python3.8/site-packages/airflow/example_dags/example_complex.py took 0.203 seconds
[2025-01-08T12:13:16.839+0000] {processor.py:161} INFO - Started process (PID=210) to work on /home/airflow/.local/lib/python3.8/site-packages/airflow/example_dags/example_complex.py
[2025-01-08T12:13:16.840+0000] {processor.py:830} INFO - Processing file /home/airflow/.local/lib/python3.8/site-packages/airflow/example_dags/example_complex.py for tasks to queue
[2025-01-08T12:13:16.845+0000] {logging_mixin.py:188} INFO - [2025-01-08T12:13:16.845+0000] {dagbag.py:538} INFO - Filling up the DagBag from /home/airflow/.local/lib/python3.8/site-packages/airflow/example_dags/example_complex.py
[2025-01-08T12:13:16.882+0000] {processor.py:840} INFO - DAG(s) 'example_complex' retrieved from /home/airflow/.local/lib/python3.8/site-packages/airflow/example_dags/example_complex.py
[2025-01-08T12:13:16.933+0000] {logging_mixin.py:188} INFO - [2025-01-08T12:13:16.933+0000] {dag.py:3036} INFO - Sync 1 DAGs
[2025-01-08T12:13:16.953+0000] {logging_mixin.py:188} INFO - [2025-01-08T12:13:16.953+0000] {dag.py:3823} INFO - Setting next_dagrun for example_complex to None, run_after=None
[2025-01-08T12:13:16.989+0000] {processor.py:183} INFO - Processing /home/airflow/.local/lib/python3.8/site-packages/airflow/example_dags/example_complex.py took 0.157 seconds
[2025-01-08T12:13:47.393+0000] {processor.py:161} INFO - Started process (PID=267) to work on /home/airflow/.local/lib/python3.8/site-packages/airflow/example_dags/example_complex.py
[2025-01-08T12:13:47.397+0000] {processor.py:830} INFO - Processing file /home/airflow/.local/lib/python3.8/site-packages/airflow/example_dags/example_complex.py for tasks to queue
[2025-01-08T12:13:47.405+0000] {logging_mixin.py:188} INFO - [2025-01-08T12:13:47.405+0000] {dagbag.py:538} INFO - Filling up the DagBag from /home/airflow/.local/lib/python3.8/site-packages/airflow/example_dags/example_complex.py
[2025-01-08T12:13:47.435+0000] {processor.py:840} INFO - DAG(s) 'example_complex' retrieved from /home/airflow/.local/lib/python3.8/site-packages/airflow/example_dags/example_complex.py
[2025-01-08T12:13:47.505+0000] {logging_mixin.py:188} INFO - [2025-01-08T12:13:47.505+0000] {dag.py:3036} INFO - Sync 1 DAGs
[2025-01-08T12:13:47.527+0000] {logging_mixin.py:188} INFO - [2025-01-08T12:13:47.526+0000] {dag.py:3823} INFO - Setting next_dagrun for example_complex to None, run_after=None
[2025-01-08T12:13:47.561+0000] {processor.py:183} INFO - Processing /home/airflow/.local/lib/python3.8/site-packages/airflow/example_dags/example_complex.py took 0.177 seconds
[2025-01-08T12:14:17.832+0000] {processor.py:161} INFO - Started process (PID=324) to work on /home/airflow/.local/lib/python3.8/site-packages/airflow/example_dags/example_complex.py
[2025-01-08T12:14:17.836+0000] {processor.py:830} INFO - Processing file /home/airflow/.local/lib/python3.8/site-packages/airflow/example_dags/example_complex.py for tasks to queue
[2025-01-08T12:14:17.844+0000] {logging_mixin.py:188} INFO - [2025-01-08T12:14:17.843+0000] {dagbag.py:538} INFO - Filling up the DagBag from /home/airflow/.local/lib/python3.8/site-packages/airflow/example_dags/example_complex.py
[2025-01-08T12:14:17.878+0000] {processor.py:840} INFO - DAG(s) 'example_complex' retrieved from /home/airflow/.local/lib/python3.8/site-packages/airflow/example_dags/example_complex.py
[2025-01-08T12:14:17.944+0000] {logging_mixin.py:188} INFO - [2025-01-08T12:14:17.944+0000] {dag.py:3036} INFO - Sync 1 DAGs
[2025-01-08T12:14:17.964+0000] {logging_mixin.py:188} INFO - [2025-01-08T12:14:17.963+0000] {dag.py:3823} INFO - Setting next_dagrun for example_complex to None, run_after=None
[2025-01-08T12:14:17.998+0000] {processor.py:183} INFO - Processing /home/airflow/.local/lib/python3.8/site-packages/airflow/example_dags/example_complex.py took 0.196 seconds
[2025-01-08T12:14:48.230+0000] {processor.py:161} INFO - Started process (PID=381) to work on /home/airflow/.local/lib/python3.8/site-packages/airflow/example_dags/example_complex.py
[2025-01-08T12:14:48.234+0000] {processor.py:830} INFO - Processing file /home/airflow/.local/lib/python3.8/site-packages/airflow/example_dags/example_complex.py for tasks to queue
[2025-01-08T12:14:48.244+0000] {logging_mixin.py:188} INFO - [2025-01-08T12:14:48.244+0000] {dagbag.py:538} INFO - Filling up the DagBag from /home/airflow/.local/lib/python3.8/site-packages/airflow/example_dags/example_complex.py
[2025-01-08T12:14:48.311+0000] {processor.py:840} INFO - DAG(s) 'example_complex' retrieved from /home/airflow/.local/lib/python3.8/site-packages/airflow/example_dags/example_complex.py
[2025-01-08T12:14:48.449+0000] {logging_mixin.py:188} INFO - [2025-01-08T12:14:48.449+0000] {dag.py:3036} INFO - Sync 1 DAGs
[2025-01-08T12:14:48.503+0000] {logging_mixin.py:188} INFO - [2025-01-08T12:14:48.502+0000] {dag.py:3823} INFO - Setting next_dagrun for example_complex to None, run_after=None
[2025-01-08T12:14:48.626+0000] {processor.py:183} INFO - Processing /home/airflow/.local/lib/python3.8/site-packages/airflow/example_dags/example_complex.py took 0.401 seconds
[2025-01-08T12:15:18.904+0000] {processor.py:161} INFO - Started process (PID=438) to work on /home/airflow/.local/lib/python3.8/site-packages/airflow/example_dags/example_complex.py
[2025-01-08T12:15:18.905+0000] {processor.py:830} INFO - Processing file /home/airflow/.local/lib/python3.8/site-packages/airflow/example_dags/example_complex.py for tasks to queue
[2025-01-08T12:15:18.910+0000] {logging_mixin.py:188} INFO - [2025-01-08T12:15:18.909+0000] {dagbag.py:538} INFO - Filling up the DagBag from /home/airflow/.local/lib/python3.8/site-packages/airflow/example_dags/example_complex.py
[2025-01-08T12:15:18.942+0000] {processor.py:840} INFO - DAG(s) 'example_complex' retrieved from /home/airflow/.local/lib/python3.8/site-packages/airflow/example_dags/example_complex.py
[2025-01-08T12:15:19.008+0000] {logging_mixin.py:188} INFO - [2025-01-08T12:15:19.007+0000] {dag.py:3036} INFO - Sync 1 DAGs
[2025-01-08T12:15:19.042+0000] {logging_mixin.py:188} INFO - [2025-01-08T12:15:19.041+0000] {dag.py:3823} INFO - Setting next_dagrun for example_complex to None, run_after=None
[2025-01-08T12:15:19.093+0000] {processor.py:183} INFO - Processing /home/airflow/.local/lib/python3.8/site-packages/airflow/example_dags/example_complex.py took 0.200 seconds
[2025-01-08T12:15:49.630+0000] {processor.py:161} INFO - Started process (PID=495) to work on /home/airflow/.local/lib/python3.8/site-packages/airflow/example_dags/example_complex.py
[2025-01-08T12:15:49.633+0000] {processor.py:830} INFO - Processing file /home/airflow/.local/lib/python3.8/site-packages/airflow/example_dags/example_complex.py for tasks to queue
[2025-01-08T12:15:49.635+0000] {logging_mixin.py:188} INFO - [2025-01-08T12:15:49.635+0000] {dagbag.py:538} INFO - Filling up the DagBag from /home/airflow/.local/lib/python3.8/site-packages/airflow/example_dags/example_complex.py
[2025-01-08T12:15:49.658+0000] {processor.py:840} INFO - DAG(s) 'example_complex' retrieved from /home/airflow/.local/lib/python3.8/site-packages/airflow/example_dags/example_complex.py
[2025-01-08T12:15:49.707+0000] {logging_mixin.py:188} INFO - [2025-01-08T12:15:49.707+0000] {dag.py:3036} INFO - Sync 1 DAGs
[2025-01-08T12:15:49.726+0000] {logging_mixin.py:188} INFO - [2025-01-08T12:15:49.726+0000] {dag.py:3823} INFO - Setting next_dagrun for example_complex to None, run_after=None
[2025-01-08T12:15:49.758+0000] {processor.py:183} INFO - Processing /home/airflow/.local/lib/python3.8/site-packages/airflow/example_dags/example_complex.py took 0.134 seconds
[2025-01-08T12:16:20.788+0000] {processor.py:161} INFO - Started process (PID=553) to work on /home/airflow/.local/lib/python3.8/site-packages/airflow/example_dags/example_complex.py
[2025-01-08T12:16:20.795+0000] {processor.py:830} INFO - Processing file /home/airflow/.local/lib/python3.8/site-packages/airflow/example_dags/example_complex.py for tasks to queue
[2025-01-08T12:16:20.807+0000] {logging_mixin.py:188} INFO - [2025-01-08T12:16:20.805+0000] {dagbag.py:538} INFO - Filling up the DagBag from /home/airflow/.local/lib/python3.8/site-packages/airflow/example_dags/example_complex.py
[2025-01-08T12:16:20.851+0000] {processor.py:840} INFO - DAG(s) 'example_complex' retrieved from /home/airflow/.local/lib/python3.8/site-packages/airflow/example_dags/example_complex.py
[2025-01-08T12:16:20.914+0000] {logging_mixin.py:188} INFO - [2025-01-08T12:16:20.913+0000] {dag.py:3036} INFO - Sync 1 DAGs
[2025-01-08T12:16:20.936+0000] {logging_mixin.py:188} INFO - [2025-01-08T12:16:20.936+0000] {dag.py:3823} INFO - Setting next_dagrun for example_complex to None, run_after=None
[2025-01-08T12:16:20.967+0000] {processor.py:183} INFO - Processing /home/airflow/.local/lib/python3.8/site-packages/airflow/example_dags/example_complex.py took 0.199 seconds
[2025-01-08T12:16:52.030+0000] {processor.py:161} INFO - Started process (PID=612) to work on /home/airflow/.local/lib/python3.8/site-packages/airflow/example_dags/example_complex.py
[2025-01-08T12:16:52.035+0000] {processor.py:830} INFO - Processing file /home/airflow/.local/lib/python3.8/site-packages/airflow/example_dags/example_complex.py for tasks to queue
[2025-01-08T12:16:52.042+0000] {logging_mixin.py:188} INFO - [2025-01-08T12:16:52.041+0000] {dagbag.py:538} INFO - Filling up the DagBag from /home/airflow/.local/lib/python3.8/site-packages/airflow/example_dags/example_complex.py
[2025-01-08T12:16:52.081+0000] {processor.py:840} INFO - DAG(s) 'example_complex' retrieved from /home/airflow/.local/lib/python3.8/site-packages/airflow/example_dags/example_complex.py
[2025-01-08T12:16:52.150+0000] {logging_mixin.py:188} INFO - [2025-01-08T12:16:52.150+0000] {dag.py:3036} INFO - Sync 1 DAGs
[2025-01-08T12:16:52.176+0000] {logging_mixin.py:188} INFO - [2025-01-08T12:16:52.176+0000] {dag.py:3823} INFO - Setting next_dagrun for example_complex to None, run_after=None
[2025-01-08T12:16:52.217+0000] {processor.py:183} INFO - Processing /home/airflow/.local/lib/python3.8/site-packages/airflow/example_dags/example_complex.py took 0.198 seconds
[2025-01-08T12:17:22.397+0000] {processor.py:161} INFO - Started process (PID=671) to work on /home/airflow/.local/lib/python3.8/site-packages/airflow/example_dags/example_complex.py
[2025-01-08T12:17:22.403+0000] {processor.py:830} INFO - Processing file /home/airflow/.local/lib/python3.8/site-packages/airflow/example_dags/example_complex.py for tasks to queue
[2025-01-08T12:17:22.412+0000] {logging_mixin.py:188} INFO - [2025-01-08T12:17:22.411+0000] {dagbag.py:538} INFO - Filling up the DagBag from /home/airflow/.local/lib/python3.8/site-packages/airflow/example_dags/example_complex.py
[2025-01-08T12:17:22.445+0000] {processor.py:840} INFO - DAG(s) 'example_complex' retrieved from /home/airflow/.local/lib/python3.8/site-packages/airflow/example_dags/example_complex.py
[2025-01-08T12:17:22.496+0000] {logging_mixin.py:188} INFO - [2025-01-08T12:17:22.495+0000] {dag.py:3036} INFO - Sync 1 DAGs
[2025-01-08T12:17:22.515+0000] {logging_mixin.py:188} INFO - [2025-01-08T12:17:22.515+0000] {dag.py:3823} INFO - Setting next_dagrun for example_complex to None, run_after=None
[2025-01-08T12:17:22.545+0000] {processor.py:183} INFO - Processing /home/airflow/.local/lib/python3.8/site-packages/airflow/example_dags/example_complex.py took 0.168 seconds
[2025-01-08T12:17:52.988+0000] {processor.py:161} INFO - Started process (PID=730) to work on /home/airflow/.local/lib/python3.8/site-packages/airflow/example_dags/example_complex.py
[2025-01-08T12:17:52.991+0000] {processor.py:830} INFO - Processing file /home/airflow/.local/lib/python3.8/site-packages/airflow/example_dags/example_complex.py for tasks to queue
[2025-01-08T12:17:52.996+0000] {logging_mixin.py:188} INFO - [2025-01-08T12:17:52.995+0000] {dagbag.py:538} INFO - Filling up the DagBag from /home/airflow/.local/lib/python3.8/site-packages/airflow/example_dags/example_complex.py
[2025-01-08T12:17:53.033+0000] {processor.py:840} INFO - DAG(s) 'example_complex' retrieved from /home/airflow/.local/lib/python3.8/site-packages/airflow/example_dags/example_complex.py
[2025-01-08T12:17:53.137+0000] {logging_mixin.py:188} INFO - [2025-01-08T12:17:53.136+0000] {dag.py:3036} INFO - Sync 1 DAGs
[2025-01-08T12:17:53.171+0000] {logging_mixin.py:188} INFO - [2025-01-08T12:17:53.170+0000] {dag.py:3823} INFO - Setting next_dagrun for example_complex to None, run_after=None
[2025-01-08T12:17:53.209+0000] {processor.py:183} INFO - Processing /home/airflow/.local/lib/python3.8/site-packages/airflow/example_dags/example_complex.py took 0.238 seconds
[2025-01-08T12:18:23.638+0000] {processor.py:161} INFO - Started process (PID=789) to work on /home/airflow/.local/lib/python3.8/site-packages/airflow/example_dags/example_complex.py
[2025-01-08T12:18:23.640+0000] {processor.py:830} INFO - Processing file /home/airflow/.local/lib/python3.8/site-packages/airflow/example_dags/example_complex.py for tasks to queue
[2025-01-08T12:18:23.644+0000] {logging_mixin.py:188} INFO - [2025-01-08T12:18:23.643+0000] {dagbag.py:538} INFO - Filling up the DagBag from /home/airflow/.local/lib/python3.8/site-packages/airflow/example_dags/example_complex.py
[2025-01-08T12:18:23.663+0000] {processor.py:840} INFO - DAG(s) 'example_complex' retrieved from /home/airflow/.local/lib/python3.8/site-packages/airflow/example_dags/example_complex.py
[2025-01-08T12:18:23.717+0000] {logging_mixin.py:188} INFO - [2025-01-08T12:18:23.717+0000] {dag.py:3036} INFO - Sync 1 DAGs
[2025-01-08T12:18:23.737+0000] {logging_mixin.py:188} INFO - [2025-01-08T12:18:23.736+0000] {dag.py:3823} INFO - Setting next_dagrun for example_complex to None, run_after=None
[2025-01-08T12:18:23.767+0000] {processor.py:183} INFO - Processing /home/airflow/.local/lib/python3.8/site-packages/airflow/example_dags/example_complex.py took 0.134 seconds
[2025-01-08T12:18:54.174+0000] {processor.py:161} INFO - Started process (PID=847) to work on /home/airflow/.local/lib/python3.8/site-packages/airflow/example_dags/example_complex.py
[2025-01-08T12:18:54.176+0000] {processor.py:830} INFO - Processing file /home/airflow/.local/lib/python3.8/site-packages/airflow/example_dags/example_complex.py for tasks to queue
[2025-01-08T12:18:54.180+0000] {logging_mixin.py:188} INFO - [2025-01-08T12:18:54.179+0000] {dagbag.py:538} INFO - Filling up the DagBag from /home/airflow/.local/lib/python3.8/site-packages/airflow/example_dags/example_complex.py
[2025-01-08T12:18:54.204+0000] {processor.py:840} INFO - DAG(s) 'example_complex' retrieved from /home/airflow/.local/lib/python3.8/site-packages/airflow/example_dags/example_complex.py
[2025-01-08T12:18:54.271+0000] {logging_mixin.py:188} INFO - [2025-01-08T12:18:54.271+0000] {dag.py:3036} INFO - Sync 1 DAGs
[2025-01-08T12:18:54.290+0000] {logging_mixin.py:188} INFO - [2025-01-08T12:18:54.290+0000] {dag.py:3823} INFO - Setting next_dagrun for example_complex to None, run_after=None
[2025-01-08T12:18:54.322+0000] {processor.py:183} INFO - Processing /home/airflow/.local/lib/python3.8/site-packages/airflow/example_dags/example_complex.py took 0.153 seconds
[2025-01-08T12:19:24.608+0000] {processor.py:161} INFO - Started process (PID=906) to work on /home/airflow/.local/lib/python3.8/site-packages/airflow/example_dags/example_complex.py
[2025-01-08T12:19:24.616+0000] {processor.py:830} INFO - Processing file /home/airflow/.local/lib/python3.8/site-packages/airflow/example_dags/example_complex.py for tasks to queue
[2025-01-08T12:19:24.621+0000] {logging_mixin.py:188} INFO - [2025-01-08T12:19:24.621+0000] {dagbag.py:538} INFO - Filling up the DagBag from /home/airflow/.local/lib/python3.8/site-packages/airflow/example_dags/example_complex.py
[2025-01-08T12:19:24.661+0000] {processor.py:840} INFO - DAG(s) 'example_complex' retrieved from /home/airflow/.local/lib/python3.8/site-packages/airflow/example_dags/example_complex.py
[2025-01-08T12:19:24.786+0000] {logging_mixin.py:188} INFO - [2025-01-08T12:19:24.786+0000] {dag.py:3036} INFO - Sync 1 DAGs
[2025-01-08T12:19:24.827+0000] {logging_mixin.py:188} INFO - [2025-01-08T12:19:24.826+0000] {dag.py:3823} INFO - Setting next_dagrun for example_complex to None, run_after=None
[2025-01-08T12:19:24.878+0000] {processor.py:183} INFO - Processing /home/airflow/.local/lib/python3.8/site-packages/airflow/example_dags/example_complex.py took 0.277 seconds
[2025-01-08T12:19:55.054+0000] {processor.py:161} INFO - Started process (PID=965) to work on /home/airflow/.local/lib/python3.8/site-packages/airflow/example_dags/example_complex.py
[2025-01-08T12:19:55.056+0000] {processor.py:830} INFO - Processing file /home/airflow/.local/lib/python3.8/site-packages/airflow/example_dags/example_complex.py for tasks to queue
[2025-01-08T12:19:55.060+0000] {logging_mixin.py:188} INFO - [2025-01-08T12:19:55.059+0000] {dagbag.py:538} INFO - Filling up the DagBag from /home/airflow/.local/lib/python3.8/site-packages/airflow/example_dags/example_complex.py
[2025-01-08T12:19:55.084+0000] {processor.py:840} INFO - DAG(s) 'example_complex' retrieved from /home/airflow/.local/lib/python3.8/site-packages/airflow/example_dags/example_complex.py
[2025-01-08T12:19:55.145+0000] {logging_mixin.py:188} INFO - [2025-01-08T12:19:55.145+0000] {dag.py:3036} INFO - Sync 1 DAGs
[2025-01-08T12:19:55.169+0000] {logging_mixin.py:188} INFO - [2025-01-08T12:19:55.169+0000] {dag.py:3823} INFO - Setting next_dagrun for example_complex to None, run_after=None
[2025-01-08T12:19:55.218+0000] {processor.py:183} INFO - Processing /home/airflow/.local/lib/python3.8/site-packages/airflow/example_dags/example_complex.py took 0.173 seconds
[2025-01-08T12:20:25.642+0000] {processor.py:161} INFO - Started process (PID=1024) to work on /home/airflow/.local/lib/python3.8/site-packages/airflow/example_dags/example_complex.py
[2025-01-08T12:20:25.645+0000] {processor.py:830} INFO - Processing file /home/airflow/.local/lib/python3.8/site-packages/airflow/example_dags/example_complex.py for tasks to queue
[2025-01-08T12:20:25.657+0000] {logging_mixin.py:188} INFO - [2025-01-08T12:20:25.656+0000] {dagbag.py:538} INFO - Filling up the DagBag from /home/airflow/.local/lib/python3.8/site-packages/airflow/example_dags/example_complex.py
[2025-01-08T12:20:25.711+0000] {processor.py:840} INFO - DAG(s) 'example_complex' retrieved from /home/airflow/.local/lib/python3.8/site-packages/airflow/example_dags/example_complex.py
[2025-01-08T12:20:25.841+0000] {logging_mixin.py:188} INFO - [2025-01-08T12:20:25.840+0000] {dag.py:3036} INFO - Sync 1 DAGs
[2025-01-08T12:20:25.876+0000] {logging_mixin.py:188} INFO - [2025-01-08T12:20:25.876+0000] {dag.py:3823} INFO - Setting next_dagrun for example_complex to None, run_after=None
[2025-01-08T12:20:25.986+0000] {processor.py:183} INFO - Processing /home/airflow/.local/lib/python3.8/site-packages/airflow/example_dags/example_complex.py took 0.350 seconds
[2025-01-08T12:20:56.262+0000] {processor.py:161} INFO - Started process (PID=1083) to work on /home/airflow/.local/lib/python3.8/site-packages/airflow/example_dags/example_complex.py
[2025-01-08T12:20:56.265+0000] {processor.py:830} INFO - Processing file /home/airflow/.local/lib/python3.8/site-packages/airflow/example_dags/example_complex.py for tasks to queue
[2025-01-08T12:20:56.271+0000] {logging_mixin.py:188} INFO - [2025-01-08T12:20:56.270+0000] {dagbag.py:538} INFO - Filling up the DagBag from /home/airflow/.local/lib/python3.8/site-packages/airflow/example_dags/example_complex.py
[2025-01-08T12:20:56.302+0000] {processor.py:840} INFO - DAG(s) 'example_complex' retrieved from /home/airflow/.local/lib/python3.8/site-packages/airflow/example_dags/example_complex.py
[2025-01-08T12:20:56.374+0000] {logging_mixin.py:188} INFO - [2025-01-08T12:20:56.372+0000] {dag.py:3036} INFO - Sync 1 DAGs
[2025-01-08T12:20:56.394+0000] {logging_mixin.py:188} INFO - [2025-01-08T12:20:56.394+0000] {dag.py:3823} INFO - Setting next_dagrun for example_complex to None, run_after=None
[2025-01-08T12:20:56.423+0000] {processor.py:183} INFO - Processing /home/airflow/.local/lib/python3.8/site-packages/airflow/example_dags/example_complex.py took 0.172 seconds
[2025-01-08T12:21:26.672+0000] {processor.py:161} INFO - Started process (PID=1142) to work on /home/airflow/.local/lib/python3.8/site-packages/airflow/example_dags/example_complex.py
[2025-01-08T12:21:26.684+0000] {processor.py:830} INFO - Processing file /home/airflow/.local/lib/python3.8/site-packages/airflow/example_dags/example_complex.py for tasks to queue
[2025-01-08T12:21:26.688+0000] {logging_mixin.py:188} INFO - [2025-01-08T12:21:26.687+0000] {dagbag.py:538} INFO - Filling up the DagBag from /home/airflow/.local/lib/python3.8/site-packages/airflow/example_dags/example_complex.py
[2025-01-08T12:21:26.749+0000] {processor.py:840} INFO - DAG(s) 'example_complex' retrieved from /home/airflow/.local/lib/python3.8/site-packages/airflow/example_dags/example_complex.py
[2025-01-08T12:21:26.857+0000] {logging_mixin.py:188} INFO - [2025-01-08T12:21:26.856+0000] {dag.py:3036} INFO - Sync 1 DAGs
[2025-01-08T12:21:26.905+0000] {logging_mixin.py:188} INFO - [2025-01-08T12:21:26.904+0000] {dag.py:3823} INFO - Setting next_dagrun for example_complex to None, run_after=None
[2025-01-08T12:21:26.967+0000] {processor.py:183} INFO - Processing /home/airflow/.local/lib/python3.8/site-packages/airflow/example_dags/example_complex.py took 0.302 seconds
[2025-01-08T12:21:57.855+0000] {processor.py:161} INFO - Started process (PID=1201) to work on /home/airflow/.local/lib/python3.8/site-packages/airflow/example_dags/example_complex.py
[2025-01-08T12:21:57.857+0000] {processor.py:830} INFO - Processing file /home/airflow/.local/lib/python3.8/site-packages/airflow/example_dags/example_complex.py for tasks to queue
[2025-01-08T12:21:57.862+0000] {logging_mixin.py:188} INFO - [2025-01-08T12:21:57.861+0000] {dagbag.py:538} INFO - Filling up the DagBag from /home/airflow/.local/lib/python3.8/site-packages/airflow/example_dags/example_complex.py
[2025-01-08T12:21:57.896+0000] {processor.py:840} INFO - DAG(s) 'example_complex' retrieved from /home/airflow/.local/lib/python3.8/site-packages/airflow/example_dags/example_complex.py
[2025-01-08T12:21:57.965+0000] {logging_mixin.py:188} INFO - [2025-01-08T12:21:57.965+0000] {dag.py:3036} INFO - Sync 1 DAGs
[2025-01-08T12:21:57.986+0000] {logging_mixin.py:188} INFO - [2025-01-08T12:21:57.986+0000] {dag.py:3823} INFO - Setting next_dagrun for example_complex to None, run_after=None
[2025-01-08T12:21:58.020+0000] {processor.py:183} INFO - Processing /home/airflow/.local/lib/python3.8/site-packages/airflow/example_dags/example_complex.py took 0.170 seconds
[2025-01-08T12:22:28.084+0000] {processor.py:161} INFO - Started process (PID=1259) to work on /home/airflow/.local/lib/python3.8/site-packages/airflow/example_dags/example_complex.py
[2025-01-08T12:22:28.090+0000] {processor.py:830} INFO - Processing file /home/airflow/.local/lib/python3.8/site-packages/airflow/example_dags/example_complex.py for tasks to queue
[2025-01-08T12:22:28.094+0000] {logging_mixin.py:188} INFO - [2025-01-08T12:22:28.093+0000] {dagbag.py:538} INFO - Filling up the DagBag from /home/airflow/.local/lib/python3.8/site-packages/airflow/example_dags/example_complex.py
[2025-01-08T12:22:28.125+0000] {processor.py:840} INFO - DAG(s) 'example_complex' retrieved from /home/airflow/.local/lib/python3.8/site-packages/airflow/example_dags/example_complex.py
[2025-01-08T12:22:28.179+0000] {logging_mixin.py:188} INFO - [2025-01-08T12:22:28.178+0000] {dag.py:3036} INFO - Sync 1 DAGs
[2025-01-08T12:22:28.196+0000] {logging_mixin.py:188} INFO - [2025-01-08T12:22:28.195+0000] {dag.py:3823} INFO - Setting next_dagrun for example_complex to None, run_after=None
[2025-01-08T12:22:28.308+0000] {processor.py:183} INFO - Processing /home/airflow/.local/lib/python3.8/site-packages/airflow/example_dags/example_complex.py took 0.232 seconds
[2025-01-08T12:22:59.258+0000] {processor.py:161} INFO - Started process (PID=1319) to work on /home/airflow/.local/lib/python3.8/site-packages/airflow/example_dags/example_complex.py
[2025-01-08T12:22:59.260+0000] {processor.py:830} INFO - Processing file /home/airflow/.local/lib/python3.8/site-packages/airflow/example_dags/example_complex.py for tasks to queue
[2025-01-08T12:22:59.265+0000] {logging_mixin.py:188} INFO - [2025-01-08T12:22:59.265+0000] {dagbag.py:538} INFO - Filling up the DagBag from /home/airflow/.local/lib/python3.8/site-packages/airflow/example_dags/example_complex.py
[2025-01-08T12:22:59.304+0000] {processor.py:840} INFO - DAG(s) 'example_complex' retrieved from /home/airflow/.local/lib/python3.8/site-packages/airflow/example_dags/example_complex.py
[2025-01-08T12:22:59.376+0000] {logging_mixin.py:188} INFO - [2025-01-08T12:22:59.375+0000] {dag.py:3036} INFO - Sync 1 DAGs
[2025-01-08T12:22:59.402+0000] {logging_mixin.py:188} INFO - [2025-01-08T12:22:59.402+0000] {dag.py:3823} INFO - Setting next_dagrun for example_complex to None, run_after=None
[2025-01-08T12:22:59.438+0000] {processor.py:183} INFO - Processing /home/airflow/.local/lib/python3.8/site-packages/airflow/example_dags/example_complex.py took 0.186 seconds
[2025-01-08T12:23:29.798+0000] {processor.py:161} INFO - Started process (PID=1378) to work on /home/airflow/.local/lib/python3.8/site-packages/airflow/example_dags/example_complex.py
[2025-01-08T12:23:29.802+0000] {processor.py:830} INFO - Processing file /home/airflow/.local/lib/python3.8/site-packages/airflow/example_dags/example_complex.py for tasks to queue
[2025-01-08T12:23:29.809+0000] {logging_mixin.py:188} INFO - [2025-01-08T12:23:29.808+0000] {dagbag.py:538} INFO - Filling up the DagBag from /home/airflow/.local/lib/python3.8/site-packages/airflow/example_dags/example_complex.py
[2025-01-08T12:23:29.834+0000] {processor.py:840} INFO - DAG(s) 'example_complex' retrieved from /home/airflow/.local/lib/python3.8/site-packages/airflow/example_dags/example_complex.py
[2025-01-08T12:23:30.000+0000] {logging_mixin.py:188} INFO - [2025-01-08T12:23:30.000+0000] {dag.py:3036} INFO - Sync 1 DAGs
[2025-01-08T12:23:30.053+0000] {logging_mixin.py:188} INFO - [2025-01-08T12:23:30.052+0000] {dag.py:3823} INFO - Setting next_dagrun for example_complex to None, run_after=None
[2025-01-08T12:23:30.127+0000] {processor.py:183} INFO - Processing /home/airflow/.local/lib/python3.8/site-packages/airflow/example_dags/example_complex.py took 0.334 seconds
[2025-01-08T12:24:00.939+0000] {processor.py:161} INFO - Started process (PID=1435) to work on /home/airflow/.local/lib/python3.8/site-packages/airflow/example_dags/example_complex.py
[2025-01-08T12:24:00.948+0000] {processor.py:830} INFO - Processing file /home/airflow/.local/lib/python3.8/site-packages/airflow/example_dags/example_complex.py for tasks to queue
[2025-01-08T12:24:00.965+0000] {logging_mixin.py:188} INFO - [2025-01-08T12:24:00.963+0000] {dagbag.py:538} INFO - Filling up the DagBag from /home/airflow/.local/lib/python3.8/site-packages/airflow/example_dags/example_complex.py
[2025-01-08T12:24:01.073+0000] {processor.py:840} INFO - DAG(s) 'example_complex' retrieved from /home/airflow/.local/lib/python3.8/site-packages/airflow/example_dags/example_complex.py
[2025-01-08T12:24:01.159+0000] {logging_mixin.py:188} INFO - [2025-01-08T12:24:01.158+0000] {dag.py:3036} INFO - Sync 1 DAGs
[2025-01-08T12:24:01.188+0000] {logging_mixin.py:188} INFO - [2025-01-08T12:24:01.187+0000] {dag.py:3823} INFO - Setting next_dagrun for example_complex to None, run_after=None
[2025-01-08T12:24:01.230+0000] {processor.py:183} INFO - Processing /home/airflow/.local/lib/python3.8/site-packages/airflow/example_dags/example_complex.py took 0.309 seconds
[2025-01-08T12:24:31.932+0000] {processor.py:161} INFO - Started process (PID=1495) to work on /home/airflow/.local/lib/python3.8/site-packages/airflow/example_dags/example_complex.py
[2025-01-08T12:24:31.934+0000] {processor.py:830} INFO - Processing file /home/airflow/.local/lib/python3.8/site-packages/airflow/example_dags/example_complex.py for tasks to queue
[2025-01-08T12:24:31.936+0000] {logging_mixin.py:188} INFO - [2025-01-08T12:24:31.936+0000] {dagbag.py:538} INFO - Filling up the DagBag from /home/airflow/.local/lib/python3.8/site-packages/airflow/example_dags/example_complex.py
[2025-01-08T12:24:31.956+0000] {processor.py:840} INFO - DAG(s) 'example_complex' retrieved from /home/airflow/.local/lib/python3.8/site-packages/airflow/example_dags/example_complex.py
[2025-01-08T12:24:32.004+0000] {logging_mixin.py:188} INFO - [2025-01-08T12:24:32.003+0000] {dag.py:3036} INFO - Sync 1 DAGs
[2025-01-08T12:24:32.026+0000] {logging_mixin.py:188} INFO - [2025-01-08T12:24:32.025+0000] {dag.py:3823} INFO - Setting next_dagrun for example_complex to None, run_after=None
[2025-01-08T12:24:32.054+0000] {processor.py:183} INFO - Processing /home/airflow/.local/lib/python3.8/site-packages/airflow/example_dags/example_complex.py took 0.127 seconds
[2025-01-08T12:25:02.318+0000] {processor.py:161} INFO - Started process (PID=1554) to work on /home/airflow/.local/lib/python3.8/site-packages/airflow/example_dags/example_complex.py
[2025-01-08T12:25:02.320+0000] {processor.py:830} INFO - Processing file /home/airflow/.local/lib/python3.8/site-packages/airflow/example_dags/example_complex.py for tasks to queue
[2025-01-08T12:25:02.324+0000] {logging_mixin.py:188} INFO - [2025-01-08T12:25:02.323+0000] {dagbag.py:538} INFO - Filling up the DagBag from /home/airflow/.local/lib/python3.8/site-packages/airflow/example_dags/example_complex.py
[2025-01-08T12:25:02.352+0000] {processor.py:840} INFO - DAG(s) 'example_complex' retrieved from /home/airflow/.local/lib/python3.8/site-packages/airflow/example_dags/example_complex.py
[2025-01-08T12:25:02.436+0000] {logging_mixin.py:188} INFO - [2025-01-08T12:25:02.435+0000] {dag.py:3036} INFO - Sync 1 DAGs
[2025-01-08T12:25:02.471+0000] {logging_mixin.py:188} INFO - [2025-01-08T12:25:02.470+0000] {dag.py:3823} INFO - Setting next_dagrun for example_complex to None, run_after=None
[2025-01-08T12:25:02.526+0000] {processor.py:183} INFO - Processing /home/airflow/.local/lib/python3.8/site-packages/airflow/example_dags/example_complex.py took 0.215 seconds
[2025-01-08T12:25:32.805+0000] {processor.py:161} INFO - Started process (PID=1613) to work on /home/airflow/.local/lib/python3.8/site-packages/airflow/example_dags/example_complex.py
[2025-01-08T12:25:32.807+0000] {processor.py:830} INFO - Processing file /home/airflow/.local/lib/python3.8/site-packages/airflow/example_dags/example_complex.py for tasks to queue
[2025-01-08T12:25:32.814+0000] {logging_mixin.py:188} INFO - [2025-01-08T12:25:32.813+0000] {dagbag.py:538} INFO - Filling up the DagBag from /home/airflow/.local/lib/python3.8/site-packages/airflow/example_dags/example_complex.py
[2025-01-08T12:25:32.839+0000] {processor.py:840} INFO - DAG(s) 'example_complex' retrieved from /home/airflow/.local/lib/python3.8/site-packages/airflow/example_dags/example_complex.py
[2025-01-08T12:25:32.914+0000] {logging_mixin.py:188} INFO - [2025-01-08T12:25:32.914+0000] {dag.py:3036} INFO - Sync 1 DAGs
[2025-01-08T12:25:32.939+0000] {logging_mixin.py:188} INFO - [2025-01-08T12:25:32.939+0000] {dag.py:3823} INFO - Setting next_dagrun for example_complex to None, run_after=None
[2025-01-08T12:25:32.981+0000] {processor.py:183} INFO - Processing /home/airflow/.local/lib/python3.8/site-packages/airflow/example_dags/example_complex.py took 0.182 seconds
[2025-01-08T12:26:04.039+0000] {processor.py:161} INFO - Started process (PID=1672) to work on /home/airflow/.local/lib/python3.8/site-packages/airflow/example_dags/example_complex.py
[2025-01-08T12:26:04.041+0000] {processor.py:830} INFO - Processing file /home/airflow/.local/lib/python3.8/site-packages/airflow/example_dags/example_complex.py for tasks to queue
[2025-01-08T12:26:04.044+0000] {logging_mixin.py:188} INFO - [2025-01-08T12:26:04.044+0000] {dagbag.py:538} INFO - Filling up the DagBag from /home/airflow/.local/lib/python3.8/site-packages/airflow/example_dags/example_complex.py
[2025-01-08T12:26:04.070+0000] {processor.py:840} INFO - DAG(s) 'example_complex' retrieved from /home/airflow/.local/lib/python3.8/site-packages/airflow/example_dags/example_complex.py
[2025-01-08T12:26:04.137+0000] {logging_mixin.py:188} INFO - [2025-01-08T12:26:04.137+0000] {dag.py:3036} INFO - Sync 1 DAGs
[2025-01-08T12:26:04.165+0000] {logging_mixin.py:188} INFO - [2025-01-08T12:26:04.165+0000] {dag.py:3823} INFO - Setting next_dagrun for example_complex to None, run_after=None
[2025-01-08T12:26:04.198+0000] {processor.py:183} INFO - Processing /home/airflow/.local/lib/python3.8/site-packages/airflow/example_dags/example_complex.py took 0.165 seconds
[2025-01-08T12:26:38.738+0000] {processor.py:161} INFO - Started process (PID=1733) to work on /home/airflow/.local/lib/python3.8/site-packages/airflow/example_dags/example_complex.py
[2025-01-08T12:26:38.750+0000] {processor.py:830} INFO - Processing file /home/airflow/.local/lib/python3.8/site-packages/airflow/example_dags/example_complex.py for tasks to queue
[2025-01-08T12:26:38.753+0000] {logging_mixin.py:188} INFO - [2025-01-08T12:26:38.753+0000] {dagbag.py:538} INFO - Filling up the DagBag from /home/airflow/.local/lib/python3.8/site-packages/airflow/example_dags/example_complex.py
[2025-01-08T12:26:38.794+0000] {processor.py:840} INFO - DAG(s) 'example_complex' retrieved from /home/airflow/.local/lib/python3.8/site-packages/airflow/example_dags/example_complex.py
[2025-01-08T12:26:39.003+0000] {logging_mixin.py:188} INFO - [2025-01-08T12:26:39.003+0000] {dag.py:3036} INFO - Sync 1 DAGs
[2025-01-08T12:26:39.078+0000] {logging_mixin.py:188} INFO - [2025-01-08T12:26:39.071+0000] {dag.py:3823} INFO - Setting next_dagrun for example_complex to None, run_after=None
[2025-01-08T12:26:39.375+0000] {processor.py:183} INFO - Processing /home/airflow/.local/lib/python3.8/site-packages/airflow/example_dags/example_complex.py took 0.643 seconds
[2025-01-08T12:27:09.986+0000] {processor.py:161} INFO - Started process (PID=1790) to work on /home/airflow/.local/lib/python3.8/site-packages/airflow/example_dags/example_complex.py
[2025-01-08T12:27:09.989+0000] {processor.py:830} INFO - Processing file /home/airflow/.local/lib/python3.8/site-packages/airflow/example_dags/example_complex.py for tasks to queue
[2025-01-08T12:27:10.001+0000] {logging_mixin.py:188} INFO - [2025-01-08T12:27:10.001+0000] {dagbag.py:538} INFO - Filling up the DagBag from /home/airflow/.local/lib/python3.8/site-packages/airflow/example_dags/example_complex.py
[2025-01-08T12:27:10.047+0000] {processor.py:840} INFO - DAG(s) 'example_complex' retrieved from /home/airflow/.local/lib/python3.8/site-packages/airflow/example_dags/example_complex.py
[2025-01-08T12:27:10.135+0000] {logging_mixin.py:188} INFO - [2025-01-08T12:27:10.134+0000] {dag.py:3036} INFO - Sync 1 DAGs
[2025-01-08T12:27:10.159+0000] {logging_mixin.py:188} INFO - [2025-01-08T12:27:10.159+0000] {dag.py:3823} INFO - Setting next_dagrun for example_complex to None, run_after=None
[2025-01-08T12:27:10.225+0000] {processor.py:183} INFO - Processing /home/airflow/.local/lib/python3.8/site-packages/airflow/example_dags/example_complex.py took 0.248 seconds
[2025-01-08T12:27:40.985+0000] {processor.py:161} INFO - Started process (PID=1849) to work on /home/airflow/.local/lib/python3.8/site-packages/airflow/example_dags/example_complex.py
[2025-01-08T12:27:40.988+0000] {processor.py:830} INFO - Processing file /home/airflow/.local/lib/python3.8/site-packages/airflow/example_dags/example_complex.py for tasks to queue
[2025-01-08T12:27:40.994+0000] {logging_mixin.py:188} INFO - [2025-01-08T12:27:40.994+0000] {dagbag.py:538} INFO - Filling up the DagBag from /home/airflow/.local/lib/python3.8/site-packages/airflow/example_dags/example_complex.py
[2025-01-08T12:27:41.036+0000] {processor.py:840} INFO - DAG(s) 'example_complex' retrieved from /home/airflow/.local/lib/python3.8/site-packages/airflow/example_dags/example_complex.py
[2025-01-08T12:27:41.126+0000] {logging_mixin.py:188} INFO - [2025-01-08T12:27:41.126+0000] {dag.py:3036} INFO - Sync 1 DAGs
[2025-01-08T12:27:41.191+0000] {logging_mixin.py:188} INFO - [2025-01-08T12:27:41.190+0000] {dag.py:3823} INFO - Setting next_dagrun for example_complex to None, run_after=None
[2025-01-08T12:27:41.301+0000] {processor.py:183} INFO - Processing /home/airflow/.local/lib/python3.8/site-packages/airflow/example_dags/example_complex.py took 0.329 seconds
[2025-01-08T12:28:11.522+0000] {processor.py:161} INFO - Started process (PID=1911) to work on /home/airflow/.local/lib/python3.8/site-packages/airflow/example_dags/example_complex.py
[2025-01-08T12:28:11.538+0000] {processor.py:830} INFO - Processing file /home/airflow/.local/lib/python3.8/site-packages/airflow/example_dags/example_complex.py for tasks to queue
[2025-01-08T12:28:11.551+0000] {logging_mixin.py:188} INFO - [2025-01-08T12:28:11.550+0000] {dagbag.py:538} INFO - Filling up the DagBag from /home/airflow/.local/lib/python3.8/site-packages/airflow/example_dags/example_complex.py
[2025-01-08T12:28:11.616+0000] {processor.py:840} INFO - DAG(s) 'example_complex' retrieved from /home/airflow/.local/lib/python3.8/site-packages/airflow/example_dags/example_complex.py
[2025-01-08T12:28:11.943+0000] {logging_mixin.py:188} INFO - [2025-01-08T12:28:11.942+0000] {dag.py:3036} INFO - Sync 1 DAGs
[2025-01-08T12:28:12.073+0000] {logging_mixin.py:188} INFO - [2025-01-08T12:28:12.073+0000] {dag.py:3823} INFO - Setting next_dagrun for example_complex to None, run_after=None
[2025-01-08T12:28:12.163+0000] {processor.py:183} INFO - Processing /home/airflow/.local/lib/python3.8/site-packages/airflow/example_dags/example_complex.py took 0.674 seconds
[2025-01-08T12:28:42.977+0000] {processor.py:161} INFO - Started process (PID=1970) to work on /home/airflow/.local/lib/python3.8/site-packages/airflow/example_dags/example_complex.py
[2025-01-08T12:28:42.989+0000] {processor.py:830} INFO - Processing file /home/airflow/.local/lib/python3.8/site-packages/airflow/example_dags/example_complex.py for tasks to queue
[2025-01-08T12:28:42.994+0000] {logging_mixin.py:188} INFO - [2025-01-08T12:28:42.993+0000] {dagbag.py:538} INFO - Filling up the DagBag from /home/airflow/.local/lib/python3.8/site-packages/airflow/example_dags/example_complex.py
[2025-01-08T12:28:43.062+0000] {processor.py:840} INFO - DAG(s) 'example_complex' retrieved from /home/airflow/.local/lib/python3.8/site-packages/airflow/example_dags/example_complex.py
[2025-01-08T12:28:43.194+0000] {logging_mixin.py:188} INFO - [2025-01-08T12:28:43.194+0000] {dag.py:3036} INFO - Sync 1 DAGs
[2025-01-08T12:28:43.239+0000] {logging_mixin.py:188} INFO - [2025-01-08T12:28:43.239+0000] {dag.py:3823} INFO - Setting next_dagrun for example_complex to None, run_after=None
[2025-01-08T12:28:43.315+0000] {processor.py:183} INFO - Processing /home/airflow/.local/lib/python3.8/site-packages/airflow/example_dags/example_complex.py took 0.346 seconds
[2025-01-08T12:29:13.627+0000] {processor.py:161} INFO - Started process (PID=2028) to work on /home/airflow/.local/lib/python3.8/site-packages/airflow/example_dags/example_complex.py
[2025-01-08T12:29:13.629+0000] {processor.py:830} INFO - Processing file /home/airflow/.local/lib/python3.8/site-packages/airflow/example_dags/example_complex.py for tasks to queue
[2025-01-08T12:29:13.632+0000] {logging_mixin.py:188} INFO - [2025-01-08T12:29:13.631+0000] {dagbag.py:538} INFO - Filling up the DagBag from /home/airflow/.local/lib/python3.8/site-packages/airflow/example_dags/example_complex.py
[2025-01-08T12:29:13.661+0000] {processor.py:840} INFO - DAG(s) 'example_complex' retrieved from /home/airflow/.local/lib/python3.8/site-packages/airflow/example_dags/example_complex.py
[2025-01-08T12:29:13.734+0000] {logging_mixin.py:188} INFO - [2025-01-08T12:29:13.734+0000] {dag.py:3036} INFO - Sync 1 DAGs
[2025-01-08T12:29:13.766+0000] {logging_mixin.py:188} INFO - [2025-01-08T12:29:13.766+0000] {dag.py:3823} INFO - Setting next_dagrun for example_complex to None, run_after=None
[2025-01-08T12:29:13.815+0000] {processor.py:183} INFO - Processing /home/airflow/.local/lib/python3.8/site-packages/airflow/example_dags/example_complex.py took 0.195 seconds
[2025-01-08T12:29:44.166+0000] {processor.py:161} INFO - Started process (PID=2083) to work on /home/airflow/.local/lib/python3.8/site-packages/airflow/example_dags/example_complex.py
[2025-01-08T12:29:44.167+0000] {processor.py:830} INFO - Processing file /home/airflow/.local/lib/python3.8/site-packages/airflow/example_dags/example_complex.py for tasks to queue
[2025-01-08T12:29:44.170+0000] {logging_mixin.py:188} INFO - [2025-01-08T12:29:44.169+0000] {dagbag.py:538} INFO - Filling up the DagBag from /home/airflow/.local/lib/python3.8/site-packages/airflow/example_dags/example_complex.py
[2025-01-08T12:29:44.195+0000] {processor.py:840} INFO - DAG(s) 'example_complex' retrieved from /home/airflow/.local/lib/python3.8/site-packages/airflow/example_dags/example_complex.py
[2025-01-08T12:29:44.311+0000] {logging_mixin.py:188} INFO - [2025-01-08T12:29:44.311+0000] {dag.py:3036} INFO - Sync 1 DAGs
[2025-01-08T12:29:44.504+0000] {logging_mixin.py:188} INFO - [2025-01-08T12:29:44.503+0000] {dag.py:3823} INFO - Setting next_dagrun for example_complex to None, run_after=None
[2025-01-08T12:29:44.535+0000] {processor.py:183} INFO - Processing /home/airflow/.local/lib/python3.8/site-packages/airflow/example_dags/example_complex.py took 0.375 seconds
[2025-01-08T12:30:15.098+0000] {processor.py:161} INFO - Started process (PID=2141) to work on /home/airflow/.local/lib/python3.8/site-packages/airflow/example_dags/example_complex.py
[2025-01-08T12:30:15.100+0000] {processor.py:830} INFO - Processing file /home/airflow/.local/lib/python3.8/site-packages/airflow/example_dags/example_complex.py for tasks to queue
[2025-01-08T12:30:15.103+0000] {logging_mixin.py:188} INFO - [2025-01-08T12:30:15.102+0000] {dagbag.py:538} INFO - Filling up the DagBag from /home/airflow/.local/lib/python3.8/site-packages/airflow/example_dags/example_complex.py
[2025-01-08T12:30:15.125+0000] {processor.py:840} INFO - DAG(s) 'example_complex' retrieved from /home/airflow/.local/lib/python3.8/site-packages/airflow/example_dags/example_complex.py
[2025-01-08T12:30:15.179+0000] {logging_mixin.py:188} INFO - [2025-01-08T12:30:15.179+0000] {dag.py:3036} INFO - Sync 1 DAGs
[2025-01-08T12:30:15.357+0000] {logging_mixin.py:188} INFO - [2025-01-08T12:30:15.357+0000] {dag.py:3823} INFO - Setting next_dagrun for example_complex to None, run_after=None
[2025-01-08T12:30:15.387+0000] {processor.py:183} INFO - Processing /home/airflow/.local/lib/python3.8/site-packages/airflow/example_dags/example_complex.py took 0.294 seconds
[2025-01-08T12:30:45.523+0000] {processor.py:161} INFO - Started process (PID=2199) to work on /home/airflow/.local/lib/python3.8/site-packages/airflow/example_dags/example_complex.py
[2025-01-08T12:30:45.524+0000] {processor.py:830} INFO - Processing file /home/airflow/.local/lib/python3.8/site-packages/airflow/example_dags/example_complex.py for tasks to queue
[2025-01-08T12:30:45.527+0000] {logging_mixin.py:188} INFO - [2025-01-08T12:30:45.526+0000] {dagbag.py:538} INFO - Filling up the DagBag from /home/airflow/.local/lib/python3.8/site-packages/airflow/example_dags/example_complex.py
[2025-01-08T12:30:45.544+0000] {processor.py:840} INFO - DAG(s) 'example_complex' retrieved from /home/airflow/.local/lib/python3.8/site-packages/airflow/example_dags/example_complex.py
[2025-01-08T12:30:45.605+0000] {logging_mixin.py:188} INFO - [2025-01-08T12:30:45.604+0000] {dag.py:3036} INFO - Sync 1 DAGs
[2025-01-08T12:30:45.629+0000] {logging_mixin.py:188} INFO - [2025-01-08T12:30:45.629+0000] {dag.py:3823} INFO - Setting next_dagrun for example_complex to None, run_after=None
[2025-01-08T12:30:45.837+0000] {processor.py:183} INFO - Processing /home/airflow/.local/lib/python3.8/site-packages/airflow/example_dags/example_complex.py took 0.320 seconds
[2025-01-08T12:31:15.912+0000] {processor.py:161} INFO - Started process (PID=2257) to work on /home/airflow/.local/lib/python3.8/site-packages/airflow/example_dags/example_complex.py
[2025-01-08T12:31:15.914+0000] {processor.py:830} INFO - Processing file /home/airflow/.local/lib/python3.8/site-packages/airflow/example_dags/example_complex.py for tasks to queue
[2025-01-08T12:31:15.917+0000] {logging_mixin.py:188} INFO - [2025-01-08T12:31:15.917+0000] {dagbag.py:538} INFO - Filling up the DagBag from /home/airflow/.local/lib/python3.8/site-packages/airflow/example_dags/example_complex.py
[2025-01-08T12:31:15.941+0000] {processor.py:840} INFO - DAG(s) 'example_complex' retrieved from /home/airflow/.local/lib/python3.8/site-packages/airflow/example_dags/example_complex.py
[2025-01-08T12:31:16.005+0000] {logging_mixin.py:188} INFO - [2025-01-08T12:31:16.004+0000] {dag.py:3036} INFO - Sync 1 DAGs
[2025-01-08T12:31:16.025+0000] {logging_mixin.py:188} INFO - [2025-01-08T12:31:16.025+0000] {dag.py:3823} INFO - Setting next_dagrun for example_complex to None, run_after=None
[2025-01-08T12:31:16.056+0000] {processor.py:183} INFO - Processing /home/airflow/.local/lib/python3.8/site-packages/airflow/example_dags/example_complex.py took 0.151 seconds
[2025-01-08T12:31:46.329+0000] {processor.py:161} INFO - Started process (PID=2314) to work on /home/airflow/.local/lib/python3.8/site-packages/airflow/example_dags/example_complex.py
[2025-01-08T12:31:46.331+0000] {processor.py:830} INFO - Processing file /home/airflow/.local/lib/python3.8/site-packages/airflow/example_dags/example_complex.py for tasks to queue
[2025-01-08T12:31:46.336+0000] {logging_mixin.py:188} INFO - [2025-01-08T12:31:46.335+0000] {dagbag.py:538} INFO - Filling up the DagBag from /home/airflow/.local/lib/python3.8/site-packages/airflow/example_dags/example_complex.py
[2025-01-08T12:31:46.361+0000] {processor.py:840} INFO - DAG(s) 'example_complex' retrieved from /home/airflow/.local/lib/python3.8/site-packages/airflow/example_dags/example_complex.py
[2025-01-08T12:31:46.420+0000] {logging_mixin.py:188} INFO - [2025-01-08T12:31:46.419+0000] {dag.py:3036} INFO - Sync 1 DAGs
[2025-01-08T12:31:46.445+0000] {logging_mixin.py:188} INFO - [2025-01-08T12:31:46.444+0000] {dag.py:3823} INFO - Setting next_dagrun for example_complex to None, run_after=None
[2025-01-08T12:31:46.495+0000] {processor.py:183} INFO - Processing /home/airflow/.local/lib/python3.8/site-packages/airflow/example_dags/example_complex.py took 0.174 seconds
[2025-01-08T12:32:16.663+0000] {processor.py:161} INFO - Started process (PID=2373) to work on /home/airflow/.local/lib/python3.8/site-packages/airflow/example_dags/example_complex.py
[2025-01-08T12:32:16.665+0000] {processor.py:830} INFO - Processing file /home/airflow/.local/lib/python3.8/site-packages/airflow/example_dags/example_complex.py for tasks to queue
[2025-01-08T12:32:16.669+0000] {logging_mixin.py:188} INFO - [2025-01-08T12:32:16.668+0000] {dagbag.py:538} INFO - Filling up the DagBag from /home/airflow/.local/lib/python3.8/site-packages/airflow/example_dags/example_complex.py
[2025-01-08T12:32:16.696+0000] {processor.py:840} INFO - DAG(s) 'example_complex' retrieved from /home/airflow/.local/lib/python3.8/site-packages/airflow/example_dags/example_complex.py
[2025-01-08T12:32:16.751+0000] {logging_mixin.py:188} INFO - [2025-01-08T12:32:16.751+0000] {dag.py:3036} INFO - Sync 1 DAGs
[2025-01-08T12:32:16.775+0000] {logging_mixin.py:188} INFO - [2025-01-08T12:32:16.774+0000] {dag.py:3823} INFO - Setting next_dagrun for example_complex to None, run_after=None
[2025-01-08T12:32:16.810+0000] {processor.py:183} INFO - Processing /home/airflow/.local/lib/python3.8/site-packages/airflow/example_dags/example_complex.py took 0.153 seconds
[2025-01-08T12:32:47.461+0000] {processor.py:161} INFO - Started process (PID=2432) to work on /home/airflow/.local/lib/python3.8/site-packages/airflow/example_dags/example_complex.py
[2025-01-08T12:32:47.463+0000] {processor.py:830} INFO - Processing file /home/airflow/.local/lib/python3.8/site-packages/airflow/example_dags/example_complex.py for tasks to queue
[2025-01-08T12:32:47.469+0000] {logging_mixin.py:188} INFO - [2025-01-08T12:32:47.468+0000] {dagbag.py:538} INFO - Filling up the DagBag from /home/airflow/.local/lib/python3.8/site-packages/airflow/example_dags/example_complex.py
[2025-01-08T12:32:47.508+0000] {processor.py:840} INFO - DAG(s) 'example_complex' retrieved from /home/airflow/.local/lib/python3.8/site-packages/airflow/example_dags/example_complex.py
[2025-01-08T12:32:47.580+0000] {logging_mixin.py:188} INFO - [2025-01-08T12:32:47.579+0000] {dag.py:3036} INFO - Sync 1 DAGs
[2025-01-08T12:32:47.610+0000] {logging_mixin.py:188} INFO - [2025-01-08T12:32:47.609+0000] {dag.py:3823} INFO - Setting next_dagrun for example_complex to None, run_after=None
[2025-01-08T12:32:47.653+0000] {processor.py:183} INFO - Processing /home/airflow/.local/lib/python3.8/site-packages/airflow/example_dags/example_complex.py took 0.203 seconds
[2025-01-08T12:33:18.216+0000] {processor.py:161} INFO - Started process (PID=2491) to work on /home/airflow/.local/lib/python3.8/site-packages/airflow/example_dags/example_complex.py
[2025-01-08T12:33:18.218+0000] {processor.py:830} INFO - Processing file /home/airflow/.local/lib/python3.8/site-packages/airflow/example_dags/example_complex.py for tasks to queue
[2025-01-08T12:33:18.231+0000] {logging_mixin.py:188} INFO - [2025-01-08T12:33:18.230+0000] {dagbag.py:538} INFO - Filling up the DagBag from /home/airflow/.local/lib/python3.8/site-packages/airflow/example_dags/example_complex.py
[2025-01-08T12:33:18.296+0000] {processor.py:840} INFO - DAG(s) 'example_complex' retrieved from /home/airflow/.local/lib/python3.8/site-packages/airflow/example_dags/example_complex.py
[2025-01-08T12:33:18.419+0000] {logging_mixin.py:188} INFO - [2025-01-08T12:33:18.418+0000] {dag.py:3036} INFO - Sync 1 DAGs
[2025-01-08T12:33:18.473+0000] {logging_mixin.py:188} INFO - [2025-01-08T12:33:18.470+0000] {dag.py:3823} INFO - Setting next_dagrun for example_complex to None, run_after=None
[2025-01-08T12:33:18.530+0000] {processor.py:183} INFO - Processing /home/airflow/.local/lib/python3.8/site-packages/airflow/example_dags/example_complex.py took 0.320 seconds
