[2025-01-08T12:11:57.652+0000] {processor.py:161} INFO - Started process (PID=55) to work on /home/airflow/.local/lib/python3.8/site-packages/airflow/example_dags/example_task_group_decorator.py
[2025-01-08T12:11:57.654+0000] {processor.py:830} INFO - Processing file /home/airflow/.local/lib/python3.8/site-packages/airflow/example_dags/example_task_group_decorator.py for tasks to queue
[2025-01-08T12:11:57.659+0000] {logging_mixin.py:188} INFO - [2025-01-08T12:11:57.658+0000] {dagbag.py:538} INFO - Filling up the DagBag from /home/airflow/.local/lib/python3.8/site-packages/airflow/example_dags/example_task_group_decorator.py
[2025-01-08T12:11:57.717+0000] {processor.py:840} INFO - DAG(s) 'example_task_group_decorator' retrieved from /home/airflow/.local/lib/python3.8/site-packages/airflow/example_dags/example_task_group_decorator.py
[2025-01-08T12:11:58.012+0000] {logging_mixin.py:188} INFO - [2025-01-08T12:11:58.011+0000] {dag.py:3036} INFO - Sync 1 DAGs
[2025-01-08T12:11:58.056+0000] {logging_mixin.py:188} INFO - [2025-01-08T12:11:58.055+0000] {dag.py:3823} INFO - Setting next_dagrun for example_task_group_decorator to 2025-01-07 00:00:00+00:00, run_after=2025-01-08 00:00:00+00:00
[2025-01-08T12:11:58.108+0000] {processor.py:183} INFO - Processing /home/airflow/.local/lib/python3.8/site-packages/airflow/example_dags/example_task_group_decorator.py took 0.463 seconds
[2025-01-08T12:12:29.174+0000] {processor.py:161} INFO - Started process (PID=112) to work on /home/airflow/.local/lib/python3.8/site-packages/airflow/example_dags/example_task_group_decorator.py
[2025-01-08T12:12:29.181+0000] {processor.py:830} INFO - Processing file /home/airflow/.local/lib/python3.8/site-packages/airflow/example_dags/example_task_group_decorator.py for tasks to queue
[2025-01-08T12:12:29.198+0000] {logging_mixin.py:188} INFO - [2025-01-08T12:12:29.196+0000] {dagbag.py:538} INFO - Filling up the DagBag from /home/airflow/.local/lib/python3.8/site-packages/airflow/example_dags/example_task_group_decorator.py
[2025-01-08T12:12:29.271+0000] {processor.py:840} INFO - DAG(s) 'example_task_group_decorator' retrieved from /home/airflow/.local/lib/python3.8/site-packages/airflow/example_dags/example_task_group_decorator.py
[2025-01-08T12:12:29.331+0000] {logging_mixin.py:188} INFO - [2025-01-08T12:12:29.331+0000] {dag.py:3036} INFO - Sync 1 DAGs
[2025-01-08T12:12:29.372+0000] {logging_mixin.py:188} INFO - [2025-01-08T12:12:29.372+0000] {dag.py:3823} INFO - Setting next_dagrun for example_task_group_decorator to 2025-01-07 00:00:00+00:00, run_after=2025-01-08 00:00:00+00:00
[2025-01-08T12:12:29.417+0000] {processor.py:183} INFO - Processing /home/airflow/.local/lib/python3.8/site-packages/airflow/example_dags/example_task_group_decorator.py took 0.265 seconds
[2025-01-08T12:13:00.074+0000] {processor.py:161} INFO - Started process (PID=169) to work on /home/airflow/.local/lib/python3.8/site-packages/airflow/example_dags/example_task_group_decorator.py
[2025-01-08T12:13:00.078+0000] {processor.py:830} INFO - Processing file /home/airflow/.local/lib/python3.8/site-packages/airflow/example_dags/example_task_group_decorator.py for tasks to queue
[2025-01-08T12:13:00.082+0000] {logging_mixin.py:188} INFO - [2025-01-08T12:13:00.081+0000] {dagbag.py:538} INFO - Filling up the DagBag from /home/airflow/.local/lib/python3.8/site-packages/airflow/example_dags/example_task_group_decorator.py
[2025-01-08T12:13:00.131+0000] {processor.py:840} INFO - DAG(s) 'example_task_group_decorator' retrieved from /home/airflow/.local/lib/python3.8/site-packages/airflow/example_dags/example_task_group_decorator.py
[2025-01-08T12:13:00.223+0000] {logging_mixin.py:188} INFO - [2025-01-08T12:13:00.222+0000] {dag.py:3036} INFO - Sync 1 DAGs
[2025-01-08T12:13:00.285+0000] {logging_mixin.py:188} INFO - [2025-01-08T12:13:00.285+0000] {dag.py:3823} INFO - Setting next_dagrun for example_task_group_decorator to 2025-01-07 00:00:00+00:00, run_after=2025-01-08 00:00:00+00:00
[2025-01-08T12:13:00.336+0000] {processor.py:183} INFO - Processing /home/airflow/.local/lib/python3.8/site-packages/airflow/example_dags/example_task_group_decorator.py took 0.276 seconds
[2025-01-08T12:13:30.839+0000] {processor.py:161} INFO - Started process (PID=226) to work on /home/airflow/.local/lib/python3.8/site-packages/airflow/example_dags/example_task_group_decorator.py
[2025-01-08T12:13:30.841+0000] {processor.py:830} INFO - Processing file /home/airflow/.local/lib/python3.8/site-packages/airflow/example_dags/example_task_group_decorator.py for tasks to queue
[2025-01-08T12:13:30.844+0000] {logging_mixin.py:188} INFO - [2025-01-08T12:13:30.844+0000] {dagbag.py:538} INFO - Filling up the DagBag from /home/airflow/.local/lib/python3.8/site-packages/airflow/example_dags/example_task_group_decorator.py
[2025-01-08T12:13:30.869+0000] {processor.py:840} INFO - DAG(s) 'example_task_group_decorator' retrieved from /home/airflow/.local/lib/python3.8/site-packages/airflow/example_dags/example_task_group_decorator.py
[2025-01-08T12:13:30.924+0000] {logging_mixin.py:188} INFO - [2025-01-08T12:13:30.924+0000] {dag.py:3036} INFO - Sync 1 DAGs
[2025-01-08T12:13:30.965+0000] {logging_mixin.py:188} INFO - [2025-01-08T12:13:30.964+0000] {dag.py:3823} INFO - Setting next_dagrun for example_task_group_decorator to 2025-01-07 00:00:00+00:00, run_after=2025-01-08 00:00:00+00:00
[2025-01-08T12:13:31.000+0000] {processor.py:183} INFO - Processing /home/airflow/.local/lib/python3.8/site-packages/airflow/example_dags/example_task_group_decorator.py took 0.167 seconds
[2025-01-08T12:14:01.891+0000] {processor.py:161} INFO - Started process (PID=283) to work on /home/airflow/.local/lib/python3.8/site-packages/airflow/example_dags/example_task_group_decorator.py
[2025-01-08T12:14:01.897+0000] {processor.py:830} INFO - Processing file /home/airflow/.local/lib/python3.8/site-packages/airflow/example_dags/example_task_group_decorator.py for tasks to queue
[2025-01-08T12:14:01.915+0000] {logging_mixin.py:188} INFO - [2025-01-08T12:14:01.913+0000] {dagbag.py:538} INFO - Filling up the DagBag from /home/airflow/.local/lib/python3.8/site-packages/airflow/example_dags/example_task_group_decorator.py
[2025-01-08T12:14:01.967+0000] {processor.py:840} INFO - DAG(s) 'example_task_group_decorator' retrieved from /home/airflow/.local/lib/python3.8/site-packages/airflow/example_dags/example_task_group_decorator.py
[2025-01-08T12:14:02.028+0000] {logging_mixin.py:188} INFO - [2025-01-08T12:14:02.027+0000] {dag.py:3036} INFO - Sync 1 DAGs
[2025-01-08T12:14:02.084+0000] {logging_mixin.py:188} INFO - [2025-01-08T12:14:02.083+0000] {dag.py:3823} INFO - Setting next_dagrun for example_task_group_decorator to 2025-01-07 00:00:00+00:00, run_after=2025-01-08 00:00:00+00:00
[2025-01-08T12:14:02.130+0000] {processor.py:183} INFO - Processing /home/airflow/.local/lib/python3.8/site-packages/airflow/example_dags/example_task_group_decorator.py took 0.268 seconds
[2025-01-08T12:14:32.891+0000] {processor.py:161} INFO - Started process (PID=340) to work on /home/airflow/.local/lib/python3.8/site-packages/airflow/example_dags/example_task_group_decorator.py
[2025-01-08T12:14:32.893+0000] {processor.py:830} INFO - Processing file /home/airflow/.local/lib/python3.8/site-packages/airflow/example_dags/example_task_group_decorator.py for tasks to queue
[2025-01-08T12:14:32.896+0000] {logging_mixin.py:188} INFO - [2025-01-08T12:14:32.895+0000] {dagbag.py:538} INFO - Filling up the DagBag from /home/airflow/.local/lib/python3.8/site-packages/airflow/example_dags/example_task_group_decorator.py
[2025-01-08T12:14:32.922+0000] {processor.py:840} INFO - DAG(s) 'example_task_group_decorator' retrieved from /home/airflow/.local/lib/python3.8/site-packages/airflow/example_dags/example_task_group_decorator.py
[2025-01-08T12:14:32.961+0000] {logging_mixin.py:188} INFO - [2025-01-08T12:14:32.960+0000] {dag.py:3036} INFO - Sync 1 DAGs
[2025-01-08T12:14:32.993+0000] {logging_mixin.py:188} INFO - [2025-01-08T12:14:32.992+0000] {dag.py:3823} INFO - Setting next_dagrun for example_task_group_decorator to 2025-01-07 00:00:00+00:00, run_after=2025-01-08 00:00:00+00:00
[2025-01-08T12:14:33.025+0000] {processor.py:183} INFO - Processing /home/airflow/.local/lib/python3.8/site-packages/airflow/example_dags/example_task_group_decorator.py took 0.138 seconds
[2025-01-08T12:15:03.673+0000] {processor.py:161} INFO - Started process (PID=397) to work on /home/airflow/.local/lib/python3.8/site-packages/airflow/example_dags/example_task_group_decorator.py
[2025-01-08T12:15:03.679+0000] {processor.py:830} INFO - Processing file /home/airflow/.local/lib/python3.8/site-packages/airflow/example_dags/example_task_group_decorator.py for tasks to queue
[2025-01-08T12:15:03.690+0000] {logging_mixin.py:188} INFO - [2025-01-08T12:15:03.688+0000] {dagbag.py:538} INFO - Filling up the DagBag from /home/airflow/.local/lib/python3.8/site-packages/airflow/example_dags/example_task_group_decorator.py
[2025-01-08T12:15:03.749+0000] {processor.py:840} INFO - DAG(s) 'example_task_group_decorator' retrieved from /home/airflow/.local/lib/python3.8/site-packages/airflow/example_dags/example_task_group_decorator.py
[2025-01-08T12:15:03.787+0000] {logging_mixin.py:188} INFO - [2025-01-08T12:15:03.786+0000] {dag.py:3036} INFO - Sync 1 DAGs
[2025-01-08T12:15:03.817+0000] {logging_mixin.py:188} INFO - [2025-01-08T12:15:03.817+0000] {dag.py:3823} INFO - Setting next_dagrun for example_task_group_decorator to 2025-01-07 00:00:00+00:00, run_after=2025-01-08 00:00:00+00:00
[2025-01-08T12:15:03.851+0000] {processor.py:183} INFO - Processing /home/airflow/.local/lib/python3.8/site-packages/airflow/example_dags/example_task_group_decorator.py took 0.197 seconds
[2025-01-08T12:15:33.934+0000] {processor.py:161} INFO - Started process (PID=455) to work on /home/airflow/.local/lib/python3.8/site-packages/airflow/example_dags/example_task_group_decorator.py
[2025-01-08T12:15:33.936+0000] {processor.py:830} INFO - Processing file /home/airflow/.local/lib/python3.8/site-packages/airflow/example_dags/example_task_group_decorator.py for tasks to queue
[2025-01-08T12:15:33.940+0000] {logging_mixin.py:188} INFO - [2025-01-08T12:15:33.939+0000] {dagbag.py:538} INFO - Filling up the DagBag from /home/airflow/.local/lib/python3.8/site-packages/airflow/example_dags/example_task_group_decorator.py
[2025-01-08T12:15:33.989+0000] {processor.py:840} INFO - DAG(s) 'example_task_group_decorator' retrieved from /home/airflow/.local/lib/python3.8/site-packages/airflow/example_dags/example_task_group_decorator.py
[2025-01-08T12:15:34.029+0000] {logging_mixin.py:188} INFO - [2025-01-08T12:15:34.029+0000] {dag.py:3036} INFO - Sync 1 DAGs
[2025-01-08T12:15:34.064+0000] {logging_mixin.py:188} INFO - [2025-01-08T12:15:34.063+0000] {dag.py:3823} INFO - Setting next_dagrun for example_task_group_decorator to 2025-01-07 00:00:00+00:00, run_after=2025-01-08 00:00:00+00:00
[2025-01-08T12:15:34.093+0000] {processor.py:183} INFO - Processing /home/airflow/.local/lib/python3.8/site-packages/airflow/example_dags/example_task_group_decorator.py took 0.165 seconds
[2025-01-08T12:16:04.472+0000] {processor.py:161} INFO - Started process (PID=511) to work on /home/airflow/.local/lib/python3.8/site-packages/airflow/example_dags/example_task_group_decorator.py
[2025-01-08T12:16:04.474+0000] {processor.py:830} INFO - Processing file /home/airflow/.local/lib/python3.8/site-packages/airflow/example_dags/example_task_group_decorator.py for tasks to queue
[2025-01-08T12:16:04.478+0000] {logging_mixin.py:188} INFO - [2025-01-08T12:16:04.477+0000] {dagbag.py:538} INFO - Filling up the DagBag from /home/airflow/.local/lib/python3.8/site-packages/airflow/example_dags/example_task_group_decorator.py
[2025-01-08T12:16:04.514+0000] {processor.py:840} INFO - DAG(s) 'example_task_group_decorator' retrieved from /home/airflow/.local/lib/python3.8/site-packages/airflow/example_dags/example_task_group_decorator.py
[2025-01-08T12:16:04.561+0000] {logging_mixin.py:188} INFO - [2025-01-08T12:16:04.561+0000] {dag.py:3036} INFO - Sync 1 DAGs
[2025-01-08T12:16:04.598+0000] {logging_mixin.py:188} INFO - [2025-01-08T12:16:04.598+0000] {dag.py:3823} INFO - Setting next_dagrun for example_task_group_decorator to 2025-01-07 00:00:00+00:00, run_after=2025-01-08 00:00:00+00:00
[2025-01-08T12:16:04.629+0000] {processor.py:183} INFO - Processing /home/airflow/.local/lib/python3.8/site-packages/airflow/example_dags/example_task_group_decorator.py took 0.167 seconds
[2025-01-08T12:16:34.826+0000] {processor.py:161} INFO - Started process (PID=570) to work on /home/airflow/.local/lib/python3.8/site-packages/airflow/example_dags/example_task_group_decorator.py
[2025-01-08T12:16:34.828+0000] {processor.py:830} INFO - Processing file /home/airflow/.local/lib/python3.8/site-packages/airflow/example_dags/example_task_group_decorator.py for tasks to queue
[2025-01-08T12:16:34.831+0000] {logging_mixin.py:188} INFO - [2025-01-08T12:16:34.831+0000] {dagbag.py:538} INFO - Filling up the DagBag from /home/airflow/.local/lib/python3.8/site-packages/airflow/example_dags/example_task_group_decorator.py
[2025-01-08T12:16:34.861+0000] {processor.py:840} INFO - DAG(s) 'example_task_group_decorator' retrieved from /home/airflow/.local/lib/python3.8/site-packages/airflow/example_dags/example_task_group_decorator.py
[2025-01-08T12:16:34.909+0000] {logging_mixin.py:188} INFO - [2025-01-08T12:16:34.909+0000] {dag.py:3036} INFO - Sync 1 DAGs
[2025-01-08T12:16:34.946+0000] {logging_mixin.py:188} INFO - [2025-01-08T12:16:34.945+0000] {dag.py:3823} INFO - Setting next_dagrun for example_task_group_decorator to 2025-01-07 00:00:00+00:00, run_after=2025-01-08 00:00:00+00:00
[2025-01-08T12:16:35.003+0000] {processor.py:183} INFO - Processing /home/airflow/.local/lib/python3.8/site-packages/airflow/example_dags/example_task_group_decorator.py took 0.185 seconds
[2025-01-08T12:17:05.655+0000] {processor.py:161} INFO - Started process (PID=628) to work on /home/airflow/.local/lib/python3.8/site-packages/airflow/example_dags/example_task_group_decorator.py
[2025-01-08T12:17:05.657+0000] {processor.py:830} INFO - Processing file /home/airflow/.local/lib/python3.8/site-packages/airflow/example_dags/example_task_group_decorator.py for tasks to queue
[2025-01-08T12:17:05.660+0000] {logging_mixin.py:188} INFO - [2025-01-08T12:17:05.660+0000] {dagbag.py:538} INFO - Filling up the DagBag from /home/airflow/.local/lib/python3.8/site-packages/airflow/example_dags/example_task_group_decorator.py
[2025-01-08T12:17:05.693+0000] {processor.py:840} INFO - DAG(s) 'example_task_group_decorator' retrieved from /home/airflow/.local/lib/python3.8/site-packages/airflow/example_dags/example_task_group_decorator.py
[2025-01-08T12:17:05.752+0000] {logging_mixin.py:188} INFO - [2025-01-08T12:17:05.752+0000] {dag.py:3036} INFO - Sync 1 DAGs
[2025-01-08T12:17:05.793+0000] {logging_mixin.py:188} INFO - [2025-01-08T12:17:05.793+0000] {dag.py:3823} INFO - Setting next_dagrun for example_task_group_decorator to 2025-01-07 00:00:00+00:00, run_after=2025-01-08 00:00:00+00:00
[2025-01-08T12:17:05.837+0000] {processor.py:183} INFO - Processing /home/airflow/.local/lib/python3.8/site-packages/airflow/example_dags/example_task_group_decorator.py took 0.200 seconds
[2025-01-08T12:17:36.319+0000] {processor.py:161} INFO - Started process (PID=687) to work on /home/airflow/.local/lib/python3.8/site-packages/airflow/example_dags/example_task_group_decorator.py
[2025-01-08T12:17:36.325+0000] {processor.py:830} INFO - Processing file /home/airflow/.local/lib/python3.8/site-packages/airflow/example_dags/example_task_group_decorator.py for tasks to queue
[2025-01-08T12:17:36.332+0000] {logging_mixin.py:188} INFO - [2025-01-08T12:17:36.330+0000] {dagbag.py:538} INFO - Filling up the DagBag from /home/airflow/.local/lib/python3.8/site-packages/airflow/example_dags/example_task_group_decorator.py
[2025-01-08T12:17:36.372+0000] {processor.py:840} INFO - DAG(s) 'example_task_group_decorator' retrieved from /home/airflow/.local/lib/python3.8/site-packages/airflow/example_dags/example_task_group_decorator.py
[2025-01-08T12:17:36.415+0000] {logging_mixin.py:188} INFO - [2025-01-08T12:17:36.414+0000] {dag.py:3036} INFO - Sync 1 DAGs
[2025-01-08T12:17:36.458+0000] {logging_mixin.py:188} INFO - [2025-01-08T12:17:36.457+0000] {dag.py:3823} INFO - Setting next_dagrun for example_task_group_decorator to 2025-01-07 00:00:00+00:00, run_after=2025-01-08 00:00:00+00:00
[2025-01-08T12:17:36.492+0000] {processor.py:183} INFO - Processing /home/airflow/.local/lib/python3.8/site-packages/airflow/example_dags/example_task_group_decorator.py took 0.199 seconds
[2025-01-08T12:18:07.017+0000] {processor.py:161} INFO - Started process (PID=746) to work on /home/airflow/.local/lib/python3.8/site-packages/airflow/example_dags/example_task_group_decorator.py
[2025-01-08T12:18:07.019+0000] {processor.py:830} INFO - Processing file /home/airflow/.local/lib/python3.8/site-packages/airflow/example_dags/example_task_group_decorator.py for tasks to queue
[2025-01-08T12:18:07.023+0000] {logging_mixin.py:188} INFO - [2025-01-08T12:18:07.022+0000] {dagbag.py:538} INFO - Filling up the DagBag from /home/airflow/.local/lib/python3.8/site-packages/airflow/example_dags/example_task_group_decorator.py
[2025-01-08T12:18:07.045+0000] {processor.py:840} INFO - DAG(s) 'example_task_group_decorator' retrieved from /home/airflow/.local/lib/python3.8/site-packages/airflow/example_dags/example_task_group_decorator.py
[2025-01-08T12:18:07.089+0000] {logging_mixin.py:188} INFO - [2025-01-08T12:18:07.089+0000] {dag.py:3036} INFO - Sync 1 DAGs
[2025-01-08T12:18:07.128+0000] {logging_mixin.py:188} INFO - [2025-01-08T12:18:07.127+0000] {dag.py:3823} INFO - Setting next_dagrun for example_task_group_decorator to 2025-01-07 00:00:00+00:00, run_after=2025-01-08 00:00:00+00:00
[2025-01-08T12:18:07.160+0000] {processor.py:183} INFO - Processing /home/airflow/.local/lib/python3.8/site-packages/airflow/example_dags/example_task_group_decorator.py took 0.150 seconds
[2025-01-08T12:18:37.682+0000] {processor.py:161} INFO - Started process (PID=805) to work on /home/airflow/.local/lib/python3.8/site-packages/airflow/example_dags/example_task_group_decorator.py
[2025-01-08T12:18:37.687+0000] {processor.py:830} INFO - Processing file /home/airflow/.local/lib/python3.8/site-packages/airflow/example_dags/example_task_group_decorator.py for tasks to queue
[2025-01-08T12:18:37.693+0000] {logging_mixin.py:188} INFO - [2025-01-08T12:18:37.693+0000] {dagbag.py:538} INFO - Filling up the DagBag from /home/airflow/.local/lib/python3.8/site-packages/airflow/example_dags/example_task_group_decorator.py
[2025-01-08T12:18:37.788+0000] {processor.py:840} INFO - DAG(s) 'example_task_group_decorator' retrieved from /home/airflow/.local/lib/python3.8/site-packages/airflow/example_dags/example_task_group_decorator.py
[2025-01-08T12:18:37.859+0000] {logging_mixin.py:188} INFO - [2025-01-08T12:18:37.858+0000] {dag.py:3036} INFO - Sync 1 DAGs
[2025-01-08T12:18:37.915+0000] {logging_mixin.py:188} INFO - [2025-01-08T12:18:37.915+0000] {dag.py:3823} INFO - Setting next_dagrun for example_task_group_decorator to 2025-01-07 00:00:00+00:00, run_after=2025-01-08 00:00:00+00:00
[2025-01-08T12:18:37.961+0000] {processor.py:183} INFO - Processing /home/airflow/.local/lib/python3.8/site-packages/airflow/example_dags/example_task_group_decorator.py took 0.294 seconds
[2025-01-08T12:19:08.219+0000] {processor.py:161} INFO - Started process (PID=865) to work on /home/airflow/.local/lib/python3.8/site-packages/airflow/example_dags/example_task_group_decorator.py
[2025-01-08T12:19:08.222+0000] {processor.py:830} INFO - Processing file /home/airflow/.local/lib/python3.8/site-packages/airflow/example_dags/example_task_group_decorator.py for tasks to queue
[2025-01-08T12:19:08.228+0000] {logging_mixin.py:188} INFO - [2025-01-08T12:19:08.225+0000] {dagbag.py:538} INFO - Filling up the DagBag from /home/airflow/.local/lib/python3.8/site-packages/airflow/example_dags/example_task_group_decorator.py
[2025-01-08T12:19:08.254+0000] {processor.py:840} INFO - DAG(s) 'example_task_group_decorator' retrieved from /home/airflow/.local/lib/python3.8/site-packages/airflow/example_dags/example_task_group_decorator.py
[2025-01-08T12:19:08.293+0000] {logging_mixin.py:188} INFO - [2025-01-08T12:19:08.292+0000] {dag.py:3036} INFO - Sync 1 DAGs
[2025-01-08T12:19:08.332+0000] {logging_mixin.py:188} INFO - [2025-01-08T12:19:08.332+0000] {dag.py:3823} INFO - Setting next_dagrun for example_task_group_decorator to 2025-01-07 00:00:00+00:00, run_after=2025-01-08 00:00:00+00:00
[2025-01-08T12:19:08.368+0000] {processor.py:183} INFO - Processing /home/airflow/.local/lib/python3.8/site-packages/airflow/example_dags/example_task_group_decorator.py took 0.153 seconds
[2025-01-08T12:19:39.404+0000] {processor.py:161} INFO - Started process (PID=924) to work on /home/airflow/.local/lib/python3.8/site-packages/airflow/example_dags/example_task_group_decorator.py
[2025-01-08T12:19:39.406+0000] {processor.py:830} INFO - Processing file /home/airflow/.local/lib/python3.8/site-packages/airflow/example_dags/example_task_group_decorator.py for tasks to queue
[2025-01-08T12:19:39.409+0000] {logging_mixin.py:188} INFO - [2025-01-08T12:19:39.409+0000] {dagbag.py:538} INFO - Filling up the DagBag from /home/airflow/.local/lib/python3.8/site-packages/airflow/example_dags/example_task_group_decorator.py
[2025-01-08T12:19:39.434+0000] {processor.py:840} INFO - DAG(s) 'example_task_group_decorator' retrieved from /home/airflow/.local/lib/python3.8/site-packages/airflow/example_dags/example_task_group_decorator.py
[2025-01-08T12:19:39.480+0000] {logging_mixin.py:188} INFO - [2025-01-08T12:19:39.480+0000] {dag.py:3036} INFO - Sync 1 DAGs
[2025-01-08T12:19:39.525+0000] {logging_mixin.py:188} INFO - [2025-01-08T12:19:39.524+0000] {dag.py:3823} INFO - Setting next_dagrun for example_task_group_decorator to 2025-01-07 00:00:00+00:00, run_after=2025-01-08 00:00:00+00:00
[2025-01-08T12:19:39.563+0000] {processor.py:183} INFO - Processing /home/airflow/.local/lib/python3.8/site-packages/airflow/example_dags/example_task_group_decorator.py took 0.165 seconds
[2025-01-08T12:20:10.970+0000] {processor.py:161} INFO - Started process (PID=983) to work on /home/airflow/.local/lib/python3.8/site-packages/airflow/example_dags/example_task_group_decorator.py
[2025-01-08T12:20:10.972+0000] {processor.py:830} INFO - Processing file /home/airflow/.local/lib/python3.8/site-packages/airflow/example_dags/example_task_group_decorator.py for tasks to queue
[2025-01-08T12:20:10.976+0000] {logging_mixin.py:188} INFO - [2025-01-08T12:20:10.976+0000] {dagbag.py:538} INFO - Filling up the DagBag from /home/airflow/.local/lib/python3.8/site-packages/airflow/example_dags/example_task_group_decorator.py
[2025-01-08T12:20:11.011+0000] {processor.py:840} INFO - DAG(s) 'example_task_group_decorator' retrieved from /home/airflow/.local/lib/python3.8/site-packages/airflow/example_dags/example_task_group_decorator.py
[2025-01-08T12:20:11.054+0000] {logging_mixin.py:188} INFO - [2025-01-08T12:20:11.053+0000] {dag.py:3036} INFO - Sync 1 DAGs
[2025-01-08T12:20:11.086+0000] {logging_mixin.py:188} INFO - [2025-01-08T12:20:11.085+0000] {dag.py:3823} INFO - Setting next_dagrun for example_task_group_decorator to 2025-01-07 00:00:00+00:00, run_after=2025-01-08 00:00:00+00:00
[2025-01-08T12:20:11.117+0000] {processor.py:183} INFO - Processing /home/airflow/.local/lib/python3.8/site-packages/airflow/example_dags/example_task_group_decorator.py took 0.154 seconds
[2025-01-08T12:20:41.645+0000] {processor.py:161} INFO - Started process (PID=1040) to work on /home/airflow/.local/lib/python3.8/site-packages/airflow/example_dags/example_task_group_decorator.py
[2025-01-08T12:20:41.647+0000] {processor.py:830} INFO - Processing file /home/airflow/.local/lib/python3.8/site-packages/airflow/example_dags/example_task_group_decorator.py for tasks to queue
[2025-01-08T12:20:41.651+0000] {logging_mixin.py:188} INFO - [2025-01-08T12:20:41.650+0000] {dagbag.py:538} INFO - Filling up the DagBag from /home/airflow/.local/lib/python3.8/site-packages/airflow/example_dags/example_task_group_decorator.py
[2025-01-08T12:20:41.740+0000] {processor.py:840} INFO - DAG(s) 'example_task_group_decorator' retrieved from /home/airflow/.local/lib/python3.8/site-packages/airflow/example_dags/example_task_group_decorator.py
[2025-01-08T12:20:41.883+0000] {logging_mixin.py:188} INFO - [2025-01-08T12:20:41.882+0000] {dag.py:3036} INFO - Sync 1 DAGs
[2025-01-08T12:20:41.991+0000] {logging_mixin.py:188} INFO - [2025-01-08T12:20:41.991+0000] {dag.py:3823} INFO - Setting next_dagrun for example_task_group_decorator to 2025-01-07 00:00:00+00:00, run_after=2025-01-08 00:00:00+00:00
[2025-01-08T12:20:42.128+0000] {processor.py:183} INFO - Processing /home/airflow/.local/lib/python3.8/site-packages/airflow/example_dags/example_task_group_decorator.py took 0.503 seconds
[2025-01-08T12:21:12.465+0000] {processor.py:161} INFO - Started process (PID=1099) to work on /home/airflow/.local/lib/python3.8/site-packages/airflow/example_dags/example_task_group_decorator.py
[2025-01-08T12:21:12.467+0000] {processor.py:830} INFO - Processing file /home/airflow/.local/lib/python3.8/site-packages/airflow/example_dags/example_task_group_decorator.py for tasks to queue
[2025-01-08T12:21:12.480+0000] {logging_mixin.py:188} INFO - [2025-01-08T12:21:12.479+0000] {dagbag.py:538} INFO - Filling up the DagBag from /home/airflow/.local/lib/python3.8/site-packages/airflow/example_dags/example_task_group_decorator.py
[2025-01-08T12:21:12.507+0000] {processor.py:840} INFO - DAG(s) 'example_task_group_decorator' retrieved from /home/airflow/.local/lib/python3.8/site-packages/airflow/example_dags/example_task_group_decorator.py
[2025-01-08T12:21:12.551+0000] {logging_mixin.py:188} INFO - [2025-01-08T12:21:12.551+0000] {dag.py:3036} INFO - Sync 1 DAGs
[2025-01-08T12:21:12.585+0000] {logging_mixin.py:188} INFO - [2025-01-08T12:21:12.584+0000] {dag.py:3823} INFO - Setting next_dagrun for example_task_group_decorator to 2025-01-07 00:00:00+00:00, run_after=2025-01-08 00:00:00+00:00
[2025-01-08T12:21:12.616+0000] {processor.py:183} INFO - Processing /home/airflow/.local/lib/python3.8/site-packages/airflow/example_dags/example_task_group_decorator.py took 0.169 seconds
[2025-01-08T12:21:42.870+0000] {processor.py:161} INFO - Started process (PID=1158) to work on /home/airflow/.local/lib/python3.8/site-packages/airflow/example_dags/example_task_group_decorator.py
[2025-01-08T12:21:42.872+0000] {processor.py:830} INFO - Processing file /home/airflow/.local/lib/python3.8/site-packages/airflow/example_dags/example_task_group_decorator.py for tasks to queue
[2025-01-08T12:21:42.874+0000] {logging_mixin.py:188} INFO - [2025-01-08T12:21:42.874+0000] {dagbag.py:538} INFO - Filling up the DagBag from /home/airflow/.local/lib/python3.8/site-packages/airflow/example_dags/example_task_group_decorator.py
[2025-01-08T12:21:42.897+0000] {processor.py:840} INFO - DAG(s) 'example_task_group_decorator' retrieved from /home/airflow/.local/lib/python3.8/site-packages/airflow/example_dags/example_task_group_decorator.py
[2025-01-08T12:21:42.929+0000] {logging_mixin.py:188} INFO - [2025-01-08T12:21:42.929+0000] {dag.py:3036} INFO - Sync 1 DAGs
[2025-01-08T12:21:42.958+0000] {logging_mixin.py:188} INFO - [2025-01-08T12:21:42.958+0000] {dag.py:3823} INFO - Setting next_dagrun for example_task_group_decorator to 2025-01-07 00:00:00+00:00, run_after=2025-01-08 00:00:00+00:00
[2025-01-08T12:21:42.990+0000] {processor.py:183} INFO - Processing /home/airflow/.local/lib/python3.8/site-packages/airflow/example_dags/example_task_group_decorator.py took 0.126 seconds
[2025-01-08T12:22:13.893+0000] {processor.py:161} INFO - Started process (PID=1217) to work on /home/airflow/.local/lib/python3.8/site-packages/airflow/example_dags/example_task_group_decorator.py
[2025-01-08T12:22:13.894+0000] {processor.py:830} INFO - Processing file /home/airflow/.local/lib/python3.8/site-packages/airflow/example_dags/example_task_group_decorator.py for tasks to queue
[2025-01-08T12:22:13.897+0000] {logging_mixin.py:188} INFO - [2025-01-08T12:22:13.896+0000] {dagbag.py:538} INFO - Filling up the DagBag from /home/airflow/.local/lib/python3.8/site-packages/airflow/example_dags/example_task_group_decorator.py
[2025-01-08T12:22:13.919+0000] {processor.py:840} INFO - DAG(s) 'example_task_group_decorator' retrieved from /home/airflow/.local/lib/python3.8/site-packages/airflow/example_dags/example_task_group_decorator.py
[2025-01-08T12:22:14.017+0000] {logging_mixin.py:188} INFO - [2025-01-08T12:22:14.016+0000] {dag.py:3036} INFO - Sync 1 DAGs
[2025-01-08T12:22:14.112+0000] {logging_mixin.py:188} INFO - [2025-01-08T12:22:14.112+0000] {dag.py:3823} INFO - Setting next_dagrun for example_task_group_decorator to 2025-01-07 00:00:00+00:00, run_after=2025-01-08 00:00:00+00:00
[2025-01-08T12:22:14.158+0000] {processor.py:183} INFO - Processing /home/airflow/.local/lib/python3.8/site-packages/airflow/example_dags/example_task_group_decorator.py took 0.270 seconds
[2025-01-08T12:22:44.930+0000] {processor.py:161} INFO - Started process (PID=1276) to work on /home/airflow/.local/lib/python3.8/site-packages/airflow/example_dags/example_task_group_decorator.py
[2025-01-08T12:22:44.932+0000] {processor.py:830} INFO - Processing file /home/airflow/.local/lib/python3.8/site-packages/airflow/example_dags/example_task_group_decorator.py for tasks to queue
[2025-01-08T12:22:44.935+0000] {logging_mixin.py:188} INFO - [2025-01-08T12:22:44.935+0000] {dagbag.py:538} INFO - Filling up the DagBag from /home/airflow/.local/lib/python3.8/site-packages/airflow/example_dags/example_task_group_decorator.py
[2025-01-08T12:22:44.965+0000] {processor.py:840} INFO - DAG(s) 'example_task_group_decorator' retrieved from /home/airflow/.local/lib/python3.8/site-packages/airflow/example_dags/example_task_group_decorator.py
[2025-01-08T12:22:45.020+0000] {logging_mixin.py:188} INFO - [2025-01-08T12:22:45.020+0000] {dag.py:3036} INFO - Sync 1 DAGs
[2025-01-08T12:22:45.058+0000] {logging_mixin.py:188} INFO - [2025-01-08T12:22:45.057+0000] {dag.py:3823} INFO - Setting next_dagrun for example_task_group_decorator to 2025-01-07 00:00:00+00:00, run_after=2025-01-08 00:00:00+00:00
[2025-01-08T12:22:45.088+0000] {processor.py:183} INFO - Processing /home/airflow/.local/lib/python3.8/site-packages/airflow/example_dags/example_task_group_decorator.py took 0.162 seconds
[2025-01-08T12:23:15.191+0000] {processor.py:161} INFO - Started process (PID=1335) to work on /home/airflow/.local/lib/python3.8/site-packages/airflow/example_dags/example_task_group_decorator.py
[2025-01-08T12:23:15.193+0000] {processor.py:830} INFO - Processing file /home/airflow/.local/lib/python3.8/site-packages/airflow/example_dags/example_task_group_decorator.py for tasks to queue
[2025-01-08T12:23:15.197+0000] {logging_mixin.py:188} INFO - [2025-01-08T12:23:15.196+0000] {dagbag.py:538} INFO - Filling up the DagBag from /home/airflow/.local/lib/python3.8/site-packages/airflow/example_dags/example_task_group_decorator.py
[2025-01-08T12:23:15.228+0000] {processor.py:840} INFO - DAG(s) 'example_task_group_decorator' retrieved from /home/airflow/.local/lib/python3.8/site-packages/airflow/example_dags/example_task_group_decorator.py
[2025-01-08T12:23:15.270+0000] {logging_mixin.py:188} INFO - [2025-01-08T12:23:15.270+0000] {dag.py:3036} INFO - Sync 1 DAGs
[2025-01-08T12:23:15.311+0000] {logging_mixin.py:188} INFO - [2025-01-08T12:23:15.311+0000] {dag.py:3823} INFO - Setting next_dagrun for example_task_group_decorator to 2025-01-07 00:00:00+00:00, run_after=2025-01-08 00:00:00+00:00
[2025-01-08T12:23:15.351+0000] {processor.py:183} INFO - Processing /home/airflow/.local/lib/python3.8/site-packages/airflow/example_dags/example_task_group_decorator.py took 0.165 seconds
[2025-01-08T12:23:46.699+0000] {processor.py:161} INFO - Started process (PID=1400) to work on /home/airflow/.local/lib/python3.8/site-packages/airflow/example_dags/example_task_group_decorator.py
[2025-01-08T12:23:46.702+0000] {processor.py:830} INFO - Processing file /home/airflow/.local/lib/python3.8/site-packages/airflow/example_dags/example_task_group_decorator.py for tasks to queue
[2025-01-08T12:23:46.708+0000] {logging_mixin.py:188} INFO - [2025-01-08T12:23:46.707+0000] {dagbag.py:538} INFO - Filling up the DagBag from /home/airflow/.local/lib/python3.8/site-packages/airflow/example_dags/example_task_group_decorator.py
[2025-01-08T12:23:46.775+0000] {processor.py:840} INFO - DAG(s) 'example_task_group_decorator' retrieved from /home/airflow/.local/lib/python3.8/site-packages/airflow/example_dags/example_task_group_decorator.py
[2025-01-08T12:23:46.832+0000] {logging_mixin.py:188} INFO - [2025-01-08T12:23:46.831+0000] {dag.py:3036} INFO - Sync 1 DAGs
[2025-01-08T12:23:46.886+0000] {logging_mixin.py:188} INFO - [2025-01-08T12:23:46.885+0000] {dag.py:3823} INFO - Setting next_dagrun for example_task_group_decorator to 2025-01-07 00:00:00+00:00, run_after=2025-01-08 00:00:00+00:00
[2025-01-08T12:23:46.942+0000] {processor.py:183} INFO - Processing /home/airflow/.local/lib/python3.8/site-packages/airflow/example_dags/example_task_group_decorator.py took 0.250 seconds
[2025-01-08T12:24:17.778+0000] {processor.py:161} INFO - Started process (PID=1460) to work on /home/airflow/.local/lib/python3.8/site-packages/airflow/example_dags/example_task_group_decorator.py
[2025-01-08T12:24:17.779+0000] {processor.py:830} INFO - Processing file /home/airflow/.local/lib/python3.8/site-packages/airflow/example_dags/example_task_group_decorator.py for tasks to queue
[2025-01-08T12:24:17.783+0000] {logging_mixin.py:188} INFO - [2025-01-08T12:24:17.782+0000] {dagbag.py:538} INFO - Filling up the DagBag from /home/airflow/.local/lib/python3.8/site-packages/airflow/example_dags/example_task_group_decorator.py
[2025-01-08T12:24:17.818+0000] {processor.py:840} INFO - DAG(s) 'example_task_group_decorator' retrieved from /home/airflow/.local/lib/python3.8/site-packages/airflow/example_dags/example_task_group_decorator.py
[2025-01-08T12:24:17.868+0000] {logging_mixin.py:188} INFO - [2025-01-08T12:24:17.868+0000] {dag.py:3036} INFO - Sync 1 DAGs
[2025-01-08T12:24:17.914+0000] {logging_mixin.py:188} INFO - [2025-01-08T12:24:17.914+0000] {dag.py:3823} INFO - Setting next_dagrun for example_task_group_decorator to 2025-01-07 00:00:00+00:00, run_after=2025-01-08 00:00:00+00:00
[2025-01-08T12:24:17.952+0000] {processor.py:183} INFO - Processing /home/airflow/.local/lib/python3.8/site-packages/airflow/example_dags/example_task_group_decorator.py took 0.180 seconds
[2025-01-08T12:24:48.379+0000] {processor.py:161} INFO - Started process (PID=1518) to work on /home/airflow/.local/lib/python3.8/site-packages/airflow/example_dags/example_task_group_decorator.py
[2025-01-08T12:24:48.383+0000] {processor.py:830} INFO - Processing file /home/airflow/.local/lib/python3.8/site-packages/airflow/example_dags/example_task_group_decorator.py for tasks to queue
[2025-01-08T12:24:48.394+0000] {logging_mixin.py:188} INFO - [2025-01-08T12:24:48.393+0000] {dagbag.py:538} INFO - Filling up the DagBag from /home/airflow/.local/lib/python3.8/site-packages/airflow/example_dags/example_task_group_decorator.py
[2025-01-08T12:24:48.429+0000] {processor.py:840} INFO - DAG(s) 'example_task_group_decorator' retrieved from /home/airflow/.local/lib/python3.8/site-packages/airflow/example_dags/example_task_group_decorator.py
[2025-01-08T12:24:48.471+0000] {logging_mixin.py:188} INFO - [2025-01-08T12:24:48.471+0000] {dag.py:3036} INFO - Sync 1 DAGs
[2025-01-08T12:24:48.506+0000] {logging_mixin.py:188} INFO - [2025-01-08T12:24:48.506+0000] {dag.py:3823} INFO - Setting next_dagrun for example_task_group_decorator to 2025-01-07 00:00:00+00:00, run_after=2025-01-08 00:00:00+00:00
[2025-01-08T12:24:48.537+0000] {processor.py:183} INFO - Processing /home/airflow/.local/lib/python3.8/site-packages/airflow/example_dags/example_task_group_decorator.py took 0.188 seconds
[2025-01-08T12:25:18.769+0000] {processor.py:161} INFO - Started process (PID=1577) to work on /home/airflow/.local/lib/python3.8/site-packages/airflow/example_dags/example_task_group_decorator.py
[2025-01-08T12:25:18.773+0000] {processor.py:830} INFO - Processing file /home/airflow/.local/lib/python3.8/site-packages/airflow/example_dags/example_task_group_decorator.py for tasks to queue
[2025-01-08T12:25:18.778+0000] {logging_mixin.py:188} INFO - [2025-01-08T12:25:18.777+0000] {dagbag.py:538} INFO - Filling up the DagBag from /home/airflow/.local/lib/python3.8/site-packages/airflow/example_dags/example_task_group_decorator.py
[2025-01-08T12:25:18.828+0000] {processor.py:840} INFO - DAG(s) 'example_task_group_decorator' retrieved from /home/airflow/.local/lib/python3.8/site-packages/airflow/example_dags/example_task_group_decorator.py
[2025-01-08T12:25:18.896+0000] {logging_mixin.py:188} INFO - [2025-01-08T12:25:18.896+0000] {dag.py:3036} INFO - Sync 1 DAGs
[2025-01-08T12:25:18.957+0000] {logging_mixin.py:188} INFO - [2025-01-08T12:25:18.956+0000] {dag.py:3823} INFO - Setting next_dagrun for example_task_group_decorator to 2025-01-07 00:00:00+00:00, run_after=2025-01-08 00:00:00+00:00
[2025-01-08T12:25:19.053+0000] {processor.py:183} INFO - Processing /home/airflow/.local/lib/python3.8/site-packages/airflow/example_dags/example_task_group_decorator.py took 0.292 seconds
[2025-01-08T12:25:49.768+0000] {processor.py:161} INFO - Started process (PID=1636) to work on /home/airflow/.local/lib/python3.8/site-packages/airflow/example_dags/example_task_group_decorator.py
[2025-01-08T12:25:49.771+0000] {processor.py:830} INFO - Processing file /home/airflow/.local/lib/python3.8/site-packages/airflow/example_dags/example_task_group_decorator.py for tasks to queue
[2025-01-08T12:25:49.777+0000] {logging_mixin.py:188} INFO - [2025-01-08T12:25:49.776+0000] {dagbag.py:538} INFO - Filling up the DagBag from /home/airflow/.local/lib/python3.8/site-packages/airflow/example_dags/example_task_group_decorator.py
[2025-01-08T12:25:49.814+0000] {processor.py:840} INFO - DAG(s) 'example_task_group_decorator' retrieved from /home/airflow/.local/lib/python3.8/site-packages/airflow/example_dags/example_task_group_decorator.py
[2025-01-08T12:25:49.865+0000] {logging_mixin.py:188} INFO - [2025-01-08T12:25:49.865+0000] {dag.py:3036} INFO - Sync 1 DAGs
[2025-01-08T12:25:49.907+0000] {logging_mixin.py:188} INFO - [2025-01-08T12:25:49.907+0000] {dag.py:3823} INFO - Setting next_dagrun for example_task_group_decorator to 2025-01-07 00:00:00+00:00, run_after=2025-01-08 00:00:00+00:00
[2025-01-08T12:25:49.936+0000] {processor.py:183} INFO - Processing /home/airflow/.local/lib/python3.8/site-packages/airflow/example_dags/example_task_group_decorator.py took 0.192 seconds
[2025-01-08T12:26:22.050+0000] {processor.py:161} INFO - Started process (PID=1695) to work on /home/airflow/.local/lib/python3.8/site-packages/airflow/example_dags/example_task_group_decorator.py
[2025-01-08T12:26:22.099+0000] {processor.py:830} INFO - Processing file /home/airflow/.local/lib/python3.8/site-packages/airflow/example_dags/example_task_group_decorator.py for tasks to queue
[2025-01-08T12:26:22.196+0000] {logging_mixin.py:188} INFO - [2025-01-08T12:26:22.195+0000] {dagbag.py:538} INFO - Filling up the DagBag from /home/airflow/.local/lib/python3.8/site-packages/airflow/example_dags/example_task_group_decorator.py
[2025-01-08T12:26:22.432+0000] {processor.py:840} INFO - DAG(s) 'example_task_group_decorator' retrieved from /home/airflow/.local/lib/python3.8/site-packages/airflow/example_dags/example_task_group_decorator.py
[2025-01-08T12:26:22.699+0000] {logging_mixin.py:188} INFO - [2025-01-08T12:26:22.698+0000] {dag.py:3036} INFO - Sync 1 DAGs
[2025-01-08T12:26:22.840+0000] {logging_mixin.py:188} INFO - [2025-01-08T12:26:22.839+0000] {dag.py:3823} INFO - Setting next_dagrun for example_task_group_decorator to 2025-01-07 00:00:00+00:00, run_after=2025-01-08 00:00:00+00:00
[2025-01-08T12:26:22.971+0000] {processor.py:183} INFO - Processing /home/airflow/.local/lib/python3.8/site-packages/airflow/example_dags/example_task_group_decorator.py took 0.926 seconds
[2025-01-08T12:26:53.689+0000] {processor.py:161} INFO - Started process (PID=1754) to work on /home/airflow/.local/lib/python3.8/site-packages/airflow/example_dags/example_task_group_decorator.py
[2025-01-08T12:26:53.691+0000] {processor.py:830} INFO - Processing file /home/airflow/.local/lib/python3.8/site-packages/airflow/example_dags/example_task_group_decorator.py for tasks to queue
[2025-01-08T12:26:53.695+0000] {logging_mixin.py:188} INFO - [2025-01-08T12:26:53.694+0000] {dagbag.py:538} INFO - Filling up the DagBag from /home/airflow/.local/lib/python3.8/site-packages/airflow/example_dags/example_task_group_decorator.py
[2025-01-08T12:26:53.720+0000] {processor.py:840} INFO - DAG(s) 'example_task_group_decorator' retrieved from /home/airflow/.local/lib/python3.8/site-packages/airflow/example_dags/example_task_group_decorator.py
[2025-01-08T12:26:53.765+0000] {logging_mixin.py:188} INFO - [2025-01-08T12:26:53.765+0000] {dag.py:3036} INFO - Sync 1 DAGs
[2025-01-08T12:26:53.805+0000] {logging_mixin.py:188} INFO - [2025-01-08T12:26:53.805+0000] {dag.py:3823} INFO - Setting next_dagrun for example_task_group_decorator to 2025-01-07 00:00:00+00:00, run_after=2025-01-08 00:00:00+00:00
[2025-01-08T12:26:53.903+0000] {processor.py:183} INFO - Processing /home/airflow/.local/lib/python3.8/site-packages/airflow/example_dags/example_task_group_decorator.py took 0.222 seconds
[2025-01-08T12:27:24.609+0000] {processor.py:161} INFO - Started process (PID=1813) to work on /home/airflow/.local/lib/python3.8/site-packages/airflow/example_dags/example_task_group_decorator.py
[2025-01-08T12:27:24.613+0000] {processor.py:830} INFO - Processing file /home/airflow/.local/lib/python3.8/site-packages/airflow/example_dags/example_task_group_decorator.py for tasks to queue
[2025-01-08T12:27:24.617+0000] {logging_mixin.py:188} INFO - [2025-01-08T12:27:24.616+0000] {dagbag.py:538} INFO - Filling up the DagBag from /home/airflow/.local/lib/python3.8/site-packages/airflow/example_dags/example_task_group_decorator.py
[2025-01-08T12:27:24.665+0000] {processor.py:840} INFO - DAG(s) 'example_task_group_decorator' retrieved from /home/airflow/.local/lib/python3.8/site-packages/airflow/example_dags/example_task_group_decorator.py
[2025-01-08T12:27:24.749+0000] {logging_mixin.py:188} INFO - [2025-01-08T12:27:24.749+0000] {dag.py:3036} INFO - Sync 1 DAGs
[2025-01-08T12:27:24.819+0000] {logging_mixin.py:188} INFO - [2025-01-08T12:27:24.819+0000] {dag.py:3823} INFO - Setting next_dagrun for example_task_group_decorator to 2025-01-07 00:00:00+00:00, run_after=2025-01-08 00:00:00+00:00
[2025-01-08T12:27:25.124+0000] {processor.py:183} INFO - Processing /home/airflow/.local/lib/python3.8/site-packages/airflow/example_dags/example_task_group_decorator.py took 0.523 seconds
[2025-01-08T12:27:56.148+0000] {processor.py:161} INFO - Started process (PID=1875) to work on /home/airflow/.local/lib/python3.8/site-packages/airflow/example_dags/example_task_group_decorator.py
[2025-01-08T12:27:56.151+0000] {processor.py:830} INFO - Processing file /home/airflow/.local/lib/python3.8/site-packages/airflow/example_dags/example_task_group_decorator.py for tasks to queue
[2025-01-08T12:27:56.154+0000] {logging_mixin.py:188} INFO - [2025-01-08T12:27:56.154+0000] {dagbag.py:538} INFO - Filling up the DagBag from /home/airflow/.local/lib/python3.8/site-packages/airflow/example_dags/example_task_group_decorator.py
[2025-01-08T12:27:56.180+0000] {processor.py:840} INFO - DAG(s) 'example_task_group_decorator' retrieved from /home/airflow/.local/lib/python3.8/site-packages/airflow/example_dags/example_task_group_decorator.py
[2025-01-08T12:27:56.225+0000] {logging_mixin.py:188} INFO - [2025-01-08T12:27:56.225+0000] {dag.py:3036} INFO - Sync 1 DAGs
[2025-01-08T12:27:56.268+0000] {logging_mixin.py:188} INFO - [2025-01-08T12:27:56.268+0000] {dag.py:3823} INFO - Setting next_dagrun for example_task_group_decorator to 2025-01-07 00:00:00+00:00, run_after=2025-01-08 00:00:00+00:00
[2025-01-08T12:27:56.308+0000] {processor.py:183} INFO - Processing /home/airflow/.local/lib/python3.8/site-packages/airflow/example_dags/example_task_group_decorator.py took 0.166 seconds
[2025-01-08T12:28:27.493+0000] {processor.py:161} INFO - Started process (PID=1934) to work on /home/airflow/.local/lib/python3.8/site-packages/airflow/example_dags/example_task_group_decorator.py
[2025-01-08T12:28:27.496+0000] {processor.py:830} INFO - Processing file /home/airflow/.local/lib/python3.8/site-packages/airflow/example_dags/example_task_group_decorator.py for tasks to queue
[2025-01-08T12:28:27.504+0000] {logging_mixin.py:188} INFO - [2025-01-08T12:28:27.503+0000] {dagbag.py:538} INFO - Filling up the DagBag from /home/airflow/.local/lib/python3.8/site-packages/airflow/example_dags/example_task_group_decorator.py
[2025-01-08T12:28:27.578+0000] {processor.py:840} INFO - DAG(s) 'example_task_group_decorator' retrieved from /home/airflow/.local/lib/python3.8/site-packages/airflow/example_dags/example_task_group_decorator.py
[2025-01-08T12:28:27.668+0000] {logging_mixin.py:188} INFO - [2025-01-08T12:28:27.668+0000] {dag.py:3036} INFO - Sync 1 DAGs
[2025-01-08T12:28:27.749+0000] {logging_mixin.py:188} INFO - [2025-01-08T12:28:27.748+0000] {dag.py:3823} INFO - Setting next_dagrun for example_task_group_decorator to 2025-01-07 00:00:00+00:00, run_after=2025-01-08 00:00:00+00:00
[2025-01-08T12:28:27.791+0000] {processor.py:183} INFO - Processing /home/airflow/.local/lib/python3.8/site-packages/airflow/example_dags/example_task_group_decorator.py took 0.303 seconds
[2025-01-08T12:28:57.880+0000] {processor.py:161} INFO - Started process (PID=1991) to work on /home/airflow/.local/lib/python3.8/site-packages/airflow/example_dags/example_task_group_decorator.py
[2025-01-08T12:28:57.882+0000] {processor.py:830} INFO - Processing file /home/airflow/.local/lib/python3.8/site-packages/airflow/example_dags/example_task_group_decorator.py for tasks to queue
[2025-01-08T12:28:57.887+0000] {logging_mixin.py:188} INFO - [2025-01-08T12:28:57.886+0000] {dagbag.py:538} INFO - Filling up the DagBag from /home/airflow/.local/lib/python3.8/site-packages/airflow/example_dags/example_task_group_decorator.py
[2025-01-08T12:28:57.929+0000] {processor.py:840} INFO - DAG(s) 'example_task_group_decorator' retrieved from /home/airflow/.local/lib/python3.8/site-packages/airflow/example_dags/example_task_group_decorator.py
[2025-01-08T12:28:58.024+0000] {logging_mixin.py:188} INFO - [2025-01-08T12:28:58.024+0000] {dag.py:3036} INFO - Sync 1 DAGs
[2025-01-08T12:28:58.100+0000] {logging_mixin.py:188} INFO - [2025-01-08T12:28:58.100+0000] {dag.py:3823} INFO - Setting next_dagrun for example_task_group_decorator to 2025-01-07 00:00:00+00:00, run_after=2025-01-08 00:00:00+00:00
[2025-01-08T12:28:58.153+0000] {processor.py:183} INFO - Processing /home/airflow/.local/lib/python3.8/site-packages/airflow/example_dags/example_task_group_decorator.py took 0.279 seconds
[2025-01-08T12:29:28.866+0000] {processor.py:161} INFO - Started process (PID=2050) to work on /home/airflow/.local/lib/python3.8/site-packages/airflow/example_dags/example_task_group_decorator.py
[2025-01-08T12:29:28.868+0000] {processor.py:830} INFO - Processing file /home/airflow/.local/lib/python3.8/site-packages/airflow/example_dags/example_task_group_decorator.py for tasks to queue
[2025-01-08T12:29:28.873+0000] {logging_mixin.py:188} INFO - [2025-01-08T12:29:28.873+0000] {dagbag.py:538} INFO - Filling up the DagBag from /home/airflow/.local/lib/python3.8/site-packages/airflow/example_dags/example_task_group_decorator.py
[2025-01-08T12:29:28.931+0000] {processor.py:840} INFO - DAG(s) 'example_task_group_decorator' retrieved from /home/airflow/.local/lib/python3.8/site-packages/airflow/example_dags/example_task_group_decorator.py
[2025-01-08T12:29:29.001+0000] {logging_mixin.py:188} INFO - [2025-01-08T12:29:29.000+0000] {dag.py:3036} INFO - Sync 1 DAGs
[2025-01-08T12:29:29.055+0000] {logging_mixin.py:188} INFO - [2025-01-08T12:29:29.055+0000] {dag.py:3823} INFO - Setting next_dagrun for example_task_group_decorator to 2025-01-07 00:00:00+00:00, run_after=2025-01-08 00:00:00+00:00
[2025-01-08T12:29:29.098+0000] {processor.py:183} INFO - Processing /home/airflow/.local/lib/python3.8/site-packages/airflow/example_dags/example_task_group_decorator.py took 0.242 seconds
[2025-01-08T12:29:59.869+0000] {processor.py:161} INFO - Started process (PID=2109) to work on /home/airflow/.local/lib/python3.8/site-packages/airflow/example_dags/example_task_group_decorator.py
[2025-01-08T12:29:59.871+0000] {processor.py:830} INFO - Processing file /home/airflow/.local/lib/python3.8/site-packages/airflow/example_dags/example_task_group_decorator.py for tasks to queue
[2025-01-08T12:29:59.874+0000] {logging_mixin.py:188} INFO - [2025-01-08T12:29:59.873+0000] {dagbag.py:538} INFO - Filling up the DagBag from /home/airflow/.local/lib/python3.8/site-packages/airflow/example_dags/example_task_group_decorator.py
[2025-01-08T12:29:59.906+0000] {processor.py:840} INFO - DAG(s) 'example_task_group_decorator' retrieved from /home/airflow/.local/lib/python3.8/site-packages/airflow/example_dags/example_task_group_decorator.py
[2025-01-08T12:29:59.967+0000] {logging_mixin.py:188} INFO - [2025-01-08T12:29:59.966+0000] {dag.py:3036} INFO - Sync 1 DAGs
[2025-01-08T12:30:00.037+0000] {logging_mixin.py:188} INFO - [2025-01-08T12:30:00.037+0000] {dag.py:3823} INFO - Setting next_dagrun for example_task_group_decorator to 2025-01-07 00:00:00+00:00, run_after=2025-01-08 00:00:00+00:00
[2025-01-08T12:30:00.068+0000] {processor.py:183} INFO - Processing /home/airflow/.local/lib/python3.8/site-packages/airflow/example_dags/example_task_group_decorator.py took 0.207 seconds
[2025-01-08T12:30:30.168+0000] {processor.py:161} INFO - Started process (PID=2168) to work on /home/airflow/.local/lib/python3.8/site-packages/airflow/example_dags/example_task_group_decorator.py
[2025-01-08T12:30:30.169+0000] {processor.py:830} INFO - Processing file /home/airflow/.local/lib/python3.8/site-packages/airflow/example_dags/example_task_group_decorator.py for tasks to queue
[2025-01-08T12:30:30.174+0000] {logging_mixin.py:188} INFO - [2025-01-08T12:30:30.173+0000] {dagbag.py:538} INFO - Filling up the DagBag from /home/airflow/.local/lib/python3.8/site-packages/airflow/example_dags/example_task_group_decorator.py
[2025-01-08T12:30:30.217+0000] {processor.py:840} INFO - DAG(s) 'example_task_group_decorator' retrieved from /home/airflow/.local/lib/python3.8/site-packages/airflow/example_dags/example_task_group_decorator.py
[2025-01-08T12:30:30.277+0000] {logging_mixin.py:188} INFO - [2025-01-08T12:30:30.277+0000] {dag.py:3036} INFO - Sync 1 DAGs
[2025-01-08T12:30:30.316+0000] {logging_mixin.py:188} INFO - [2025-01-08T12:30:30.315+0000] {dag.py:3823} INFO - Setting next_dagrun for example_task_group_decorator to 2025-01-07 00:00:00+00:00, run_after=2025-01-08 00:00:00+00:00
[2025-01-08T12:30:30.346+0000] {processor.py:183} INFO - Processing /home/airflow/.local/lib/python3.8/site-packages/airflow/example_dags/example_task_group_decorator.py took 0.185 seconds
[2025-01-08T12:31:01.159+0000] {processor.py:161} INFO - Started process (PID=2227) to work on /home/airflow/.local/lib/python3.8/site-packages/airflow/example_dags/example_task_group_decorator.py
[2025-01-08T12:31:01.162+0000] {processor.py:830} INFO - Processing file /home/airflow/.local/lib/python3.8/site-packages/airflow/example_dags/example_task_group_decorator.py for tasks to queue
[2025-01-08T12:31:01.180+0000] {logging_mixin.py:188} INFO - [2025-01-08T12:31:01.179+0000] {dagbag.py:538} INFO - Filling up the DagBag from /home/airflow/.local/lib/python3.8/site-packages/airflow/example_dags/example_task_group_decorator.py
[2025-01-08T12:31:01.230+0000] {processor.py:840} INFO - DAG(s) 'example_task_group_decorator' retrieved from /home/airflow/.local/lib/python3.8/site-packages/airflow/example_dags/example_task_group_decorator.py
[2025-01-08T12:31:01.654+0000] {logging_mixin.py:188} INFO - [2025-01-08T12:31:01.654+0000] {dag.py:3036} INFO - Sync 1 DAGs
[2025-01-08T12:31:01.725+0000] {logging_mixin.py:188} INFO - [2025-01-08T12:31:01.720+0000] {dag.py:3823} INFO - Setting next_dagrun for example_task_group_decorator to 2025-01-07 00:00:00+00:00, run_after=2025-01-08 00:00:00+00:00
[2025-01-08T12:31:01.772+0000] {processor.py:183} INFO - Processing /home/airflow/.local/lib/python3.8/site-packages/airflow/example_dags/example_task_group_decorator.py took 0.625 seconds
[2025-01-08T12:31:32.193+0000] {processor.py:161} INFO - Started process (PID=2285) to work on /home/airflow/.local/lib/python3.8/site-packages/airflow/example_dags/example_task_group_decorator.py
[2025-01-08T12:31:32.196+0000] {processor.py:830} INFO - Processing file /home/airflow/.local/lib/python3.8/site-packages/airflow/example_dags/example_task_group_decorator.py for tasks to queue
[2025-01-08T12:31:32.201+0000] {logging_mixin.py:188} INFO - [2025-01-08T12:31:32.200+0000] {dagbag.py:538} INFO - Filling up the DagBag from /home/airflow/.local/lib/python3.8/site-packages/airflow/example_dags/example_task_group_decorator.py
[2025-01-08T12:31:32.262+0000] {processor.py:840} INFO - DAG(s) 'example_task_group_decorator' retrieved from /home/airflow/.local/lib/python3.8/site-packages/airflow/example_dags/example_task_group_decorator.py
[2025-01-08T12:31:32.315+0000] {logging_mixin.py:188} INFO - [2025-01-08T12:31:32.315+0000] {dag.py:3036} INFO - Sync 1 DAGs
[2025-01-08T12:31:32.535+0000] {logging_mixin.py:188} INFO - [2025-01-08T12:31:32.535+0000] {dag.py:3823} INFO - Setting next_dagrun for example_task_group_decorator to 2025-01-07 00:00:00+00:00, run_after=2025-01-08 00:00:00+00:00
[2025-01-08T12:31:32.568+0000] {processor.py:183} INFO - Processing /home/airflow/.local/lib/python3.8/site-packages/airflow/example_dags/example_task_group_decorator.py took 0.384 seconds
[2025-01-08T12:32:02.930+0000] {processor.py:161} INFO - Started process (PID=2344) to work on /home/airflow/.local/lib/python3.8/site-packages/airflow/example_dags/example_task_group_decorator.py
[2025-01-08T12:32:02.932+0000] {processor.py:830} INFO - Processing file /home/airflow/.local/lib/python3.8/site-packages/airflow/example_dags/example_task_group_decorator.py for tasks to queue
[2025-01-08T12:32:02.935+0000] {logging_mixin.py:188} INFO - [2025-01-08T12:32:02.934+0000] {dagbag.py:538} INFO - Filling up the DagBag from /home/airflow/.local/lib/python3.8/site-packages/airflow/example_dags/example_task_group_decorator.py
[2025-01-08T12:32:02.964+0000] {processor.py:840} INFO - DAG(s) 'example_task_group_decorator' retrieved from /home/airflow/.local/lib/python3.8/site-packages/airflow/example_dags/example_task_group_decorator.py
[2025-01-08T12:32:03.011+0000] {logging_mixin.py:188} INFO - [2025-01-08T12:32:03.010+0000] {dag.py:3036} INFO - Sync 1 DAGs
[2025-01-08T12:32:03.045+0000] {logging_mixin.py:188} INFO - [2025-01-08T12:32:03.045+0000] {dag.py:3823} INFO - Setting next_dagrun for example_task_group_decorator to 2025-01-07 00:00:00+00:00, run_after=2025-01-08 00:00:00+00:00
[2025-01-08T12:32:03.076+0000] {processor.py:183} INFO - Processing /home/airflow/.local/lib/python3.8/site-packages/airflow/example_dags/example_task_group_decorator.py took 0.152 seconds
[2025-01-08T12:32:33.987+0000] {processor.py:161} INFO - Started process (PID=2403) to work on /home/airflow/.local/lib/python3.8/site-packages/airflow/example_dags/example_task_group_decorator.py
[2025-01-08T12:32:33.989+0000] {processor.py:830} INFO - Processing file /home/airflow/.local/lib/python3.8/site-packages/airflow/example_dags/example_task_group_decorator.py for tasks to queue
[2025-01-08T12:32:33.993+0000] {logging_mixin.py:188} INFO - [2025-01-08T12:32:33.993+0000] {dagbag.py:538} INFO - Filling up the DagBag from /home/airflow/.local/lib/python3.8/site-packages/airflow/example_dags/example_task_group_decorator.py
[2025-01-08T12:32:34.019+0000] {processor.py:840} INFO - DAG(s) 'example_task_group_decorator' retrieved from /home/airflow/.local/lib/python3.8/site-packages/airflow/example_dags/example_task_group_decorator.py
[2025-01-08T12:32:34.099+0000] {logging_mixin.py:188} INFO - [2025-01-08T12:32:34.098+0000] {dag.py:3036} INFO - Sync 1 DAGs
[2025-01-08T12:32:34.154+0000] {logging_mixin.py:188} INFO - [2025-01-08T12:32:34.153+0000] {dag.py:3823} INFO - Setting next_dagrun for example_task_group_decorator to 2025-01-07 00:00:00+00:00, run_after=2025-01-08 00:00:00+00:00
[2025-01-08T12:32:34.194+0000] {processor.py:183} INFO - Processing /home/airflow/.local/lib/python3.8/site-packages/airflow/example_dags/example_task_group_decorator.py took 0.212 seconds
[2025-01-08T12:33:05.034+0000] {processor.py:161} INFO - Started process (PID=2462) to work on /home/airflow/.local/lib/python3.8/site-packages/airflow/example_dags/example_task_group_decorator.py
[2025-01-08T12:33:05.039+0000] {processor.py:830} INFO - Processing file /home/airflow/.local/lib/python3.8/site-packages/airflow/example_dags/example_task_group_decorator.py for tasks to queue
[2025-01-08T12:33:05.043+0000] {logging_mixin.py:188} INFO - [2025-01-08T12:33:05.042+0000] {dagbag.py:538} INFO - Filling up the DagBag from /home/airflow/.local/lib/python3.8/site-packages/airflow/example_dags/example_task_group_decorator.py
[2025-01-08T12:33:05.085+0000] {processor.py:840} INFO - DAG(s) 'example_task_group_decorator' retrieved from /home/airflow/.local/lib/python3.8/site-packages/airflow/example_dags/example_task_group_decorator.py
[2025-01-08T12:33:05.141+0000] {logging_mixin.py:188} INFO - [2025-01-08T12:33:05.141+0000] {dag.py:3036} INFO - Sync 1 DAGs
[2025-01-08T12:33:05.188+0000] {logging_mixin.py:188} INFO - [2025-01-08T12:33:05.187+0000] {dag.py:3823} INFO - Setting next_dagrun for example_task_group_decorator to 2025-01-07 00:00:00+00:00, run_after=2025-01-08 00:00:00+00:00
[2025-01-08T12:33:05.227+0000] {processor.py:183} INFO - Processing /home/airflow/.local/lib/python3.8/site-packages/airflow/example_dags/example_task_group_decorator.py took 0.201 seconds
[2025-01-08T12:33:35.477+0000] {processor.py:161} INFO - Started process (PID=2521) to work on /home/airflow/.local/lib/python3.8/site-packages/airflow/example_dags/example_task_group_decorator.py
[2025-01-08T12:33:35.479+0000] {processor.py:830} INFO - Processing file /home/airflow/.local/lib/python3.8/site-packages/airflow/example_dags/example_task_group_decorator.py for tasks to queue
[2025-01-08T12:33:35.483+0000] {logging_mixin.py:188} INFO - [2025-01-08T12:33:35.482+0000] {dagbag.py:538} INFO - Filling up the DagBag from /home/airflow/.local/lib/python3.8/site-packages/airflow/example_dags/example_task_group_decorator.py
[2025-01-08T12:33:35.516+0000] {processor.py:840} INFO - DAG(s) 'example_task_group_decorator' retrieved from /home/airflow/.local/lib/python3.8/site-packages/airflow/example_dags/example_task_group_decorator.py
[2025-01-08T12:33:35.567+0000] {logging_mixin.py:188} INFO - [2025-01-08T12:33:35.566+0000] {dag.py:3036} INFO - Sync 1 DAGs
[2025-01-08T12:33:35.604+0000] {logging_mixin.py:188} INFO - [2025-01-08T12:33:35.604+0000] {dag.py:3823} INFO - Setting next_dagrun for example_task_group_decorator to 2025-01-07 00:00:00+00:00, run_after=2025-01-08 00:00:00+00:00
[2025-01-08T12:33:35.633+0000] {processor.py:183} INFO - Processing /home/airflow/.local/lib/python3.8/site-packages/airflow/example_dags/example_task_group_decorator.py took 0.166 seconds
