[2025-01-08T12:12:02.030+0000] {processor.py:161} INFO - Started process (PID=73) to work on /home/airflow/.local/lib/python3.8/site-packages/airflow/example_dags/example_skip_dag.py
[2025-01-08T12:12:02.032+0000] {processor.py:830} INFO - Processing file /home/airflow/.local/lib/python3.8/site-packages/airflow/example_dags/example_skip_dag.py for tasks to queue
[2025-01-08T12:12:02.035+0000] {logging_mixin.py:188} INFO - [2025-01-08T12:12:02.034+0000] {dagbag.py:538} INFO - Filling up the DagBag from /home/airflow/.local/lib/python3.8/site-packages/airflow/example_dags/example_skip_dag.py
[2025-01-08T12:12:02.048+0000] {processor.py:840} INFO - DAG(s) 'example_skip_dag' retrieved from /home/airflow/.local/lib/python3.8/site-packages/airflow/example_dags/example_skip_dag.py
[2025-01-08T12:12:02.263+0000] {logging_mixin.py:188} INFO - [2025-01-08T12:12:02.263+0000] {dag.py:3036} INFO - Sync 1 DAGs
[2025-01-08T12:12:02.306+0000] {logging_mixin.py:188} INFO - [2025-01-08T12:12:02.305+0000] {dag.py:3823} INFO - Setting next_dagrun for example_skip_dag to 2025-01-07 00:00:00+00:00, run_after=2025-01-08 00:00:00+00:00
[2025-01-08T12:12:02.340+0000] {processor.py:183} INFO - Processing /home/airflow/.local/lib/python3.8/site-packages/airflow/example_dags/example_skip_dag.py took 0.316 seconds
[2025-01-08T12:12:33.138+0000] {processor.py:161} INFO - Started process (PID=130) to work on /home/airflow/.local/lib/python3.8/site-packages/airflow/example_dags/example_skip_dag.py
[2025-01-08T12:12:33.139+0000] {processor.py:830} INFO - Processing file /home/airflow/.local/lib/python3.8/site-packages/airflow/example_dags/example_skip_dag.py for tasks to queue
[2025-01-08T12:12:33.142+0000] {logging_mixin.py:188} INFO - [2025-01-08T12:12:33.141+0000] {dagbag.py:538} INFO - Filling up the DagBag from /home/airflow/.local/lib/python3.8/site-packages/airflow/example_dags/example_skip_dag.py
[2025-01-08T12:12:33.154+0000] {processor.py:840} INFO - DAG(s) 'example_skip_dag' retrieved from /home/airflow/.local/lib/python3.8/site-packages/airflow/example_dags/example_skip_dag.py
[2025-01-08T12:12:33.200+0000] {logging_mixin.py:188} INFO - [2025-01-08T12:12:33.200+0000] {dag.py:3036} INFO - Sync 1 DAGs
[2025-01-08T12:12:33.237+0000] {logging_mixin.py:188} INFO - [2025-01-08T12:12:33.237+0000] {dag.py:3823} INFO - Setting next_dagrun for example_skip_dag to 2025-01-07 00:00:00+00:00, run_after=2025-01-08 00:00:00+00:00
[2025-01-08T12:12:33.261+0000] {processor.py:183} INFO - Processing /home/airflow/.local/lib/python3.8/site-packages/airflow/example_dags/example_skip_dag.py took 0.130 seconds
[2025-01-08T12:13:03.481+0000] {processor.py:161} INFO - Started process (PID=187) to work on /home/airflow/.local/lib/python3.8/site-packages/airflow/example_dags/example_skip_dag.py
[2025-01-08T12:13:03.482+0000] {processor.py:830} INFO - Processing file /home/airflow/.local/lib/python3.8/site-packages/airflow/example_dags/example_skip_dag.py for tasks to queue
[2025-01-08T12:13:03.484+0000] {logging_mixin.py:188} INFO - [2025-01-08T12:13:03.484+0000] {dagbag.py:538} INFO - Filling up the DagBag from /home/airflow/.local/lib/python3.8/site-packages/airflow/example_dags/example_skip_dag.py
[2025-01-08T12:13:03.496+0000] {processor.py:840} INFO - DAG(s) 'example_skip_dag' retrieved from /home/airflow/.local/lib/python3.8/site-packages/airflow/example_dags/example_skip_dag.py
[2025-01-08T12:13:03.527+0000] {logging_mixin.py:188} INFO - [2025-01-08T12:13:03.527+0000] {dag.py:3036} INFO - Sync 1 DAGs
[2025-01-08T12:13:03.566+0000] {logging_mixin.py:188} INFO - [2025-01-08T12:13:03.565+0000] {dag.py:3823} INFO - Setting next_dagrun for example_skip_dag to 2025-01-07 00:00:00+00:00, run_after=2025-01-08 00:00:00+00:00
[2025-01-08T12:13:03.627+0000] {processor.py:183} INFO - Processing /home/airflow/.local/lib/python3.8/site-packages/airflow/example_dags/example_skip_dag.py took 0.150 seconds
[2025-01-08T12:13:34.093+0000] {processor.py:161} INFO - Started process (PID=244) to work on /home/airflow/.local/lib/python3.8/site-packages/airflow/example_dags/example_skip_dag.py
[2025-01-08T12:13:34.095+0000] {processor.py:830} INFO - Processing file /home/airflow/.local/lib/python3.8/site-packages/airflow/example_dags/example_skip_dag.py for tasks to queue
[2025-01-08T12:13:34.101+0000] {logging_mixin.py:188} INFO - [2025-01-08T12:13:34.101+0000] {dagbag.py:538} INFO - Filling up the DagBag from /home/airflow/.local/lib/python3.8/site-packages/airflow/example_dags/example_skip_dag.py
[2025-01-08T12:13:34.124+0000] {processor.py:840} INFO - DAG(s) 'example_skip_dag' retrieved from /home/airflow/.local/lib/python3.8/site-packages/airflow/example_dags/example_skip_dag.py
[2025-01-08T12:13:34.278+0000] {logging_mixin.py:188} INFO - [2025-01-08T12:13:34.277+0000] {dag.py:3036} INFO - Sync 1 DAGs
[2025-01-08T12:13:34.379+0000] {logging_mixin.py:188} INFO - [2025-01-08T12:13:34.378+0000] {dag.py:3823} INFO - Setting next_dagrun for example_skip_dag to 2025-01-07 00:00:00+00:00, run_after=2025-01-08 00:00:00+00:00
[2025-01-08T12:13:34.436+0000] {processor.py:183} INFO - Processing /home/airflow/.local/lib/python3.8/site-packages/airflow/example_dags/example_skip_dag.py took 0.350 seconds
[2025-01-08T12:14:04.677+0000] {processor.py:161} INFO - Started process (PID=300) to work on /home/airflow/.local/lib/python3.8/site-packages/airflow/example_dags/example_skip_dag.py
[2025-01-08T12:14:04.680+0000] {processor.py:830} INFO - Processing file /home/airflow/.local/lib/python3.8/site-packages/airflow/example_dags/example_skip_dag.py for tasks to queue
[2025-01-08T12:14:04.685+0000] {logging_mixin.py:188} INFO - [2025-01-08T12:14:04.684+0000] {dagbag.py:538} INFO - Filling up the DagBag from /home/airflow/.local/lib/python3.8/site-packages/airflow/example_dags/example_skip_dag.py
[2025-01-08T12:14:04.704+0000] {processor.py:840} INFO - DAG(s) 'example_skip_dag' retrieved from /home/airflow/.local/lib/python3.8/site-packages/airflow/example_dags/example_skip_dag.py
[2025-01-08T12:14:04.759+0000] {logging_mixin.py:188} INFO - [2025-01-08T12:14:04.758+0000] {dag.py:3036} INFO - Sync 1 DAGs
[2025-01-08T12:14:04.813+0000] {logging_mixin.py:188} INFO - [2025-01-08T12:14:04.813+0000] {dag.py:3823} INFO - Setting next_dagrun for example_skip_dag to 2025-01-07 00:00:00+00:00, run_after=2025-01-08 00:00:00+00:00
[2025-01-08T12:14:04.846+0000] {processor.py:183} INFO - Processing /home/airflow/.local/lib/python3.8/site-packages/airflow/example_dags/example_skip_dag.py took 0.182 seconds
[2025-01-08T12:14:35.225+0000] {processor.py:161} INFO - Started process (PID=357) to work on /home/airflow/.local/lib/python3.8/site-packages/airflow/example_dags/example_skip_dag.py
[2025-01-08T12:14:35.226+0000] {processor.py:830} INFO - Processing file /home/airflow/.local/lib/python3.8/site-packages/airflow/example_dags/example_skip_dag.py for tasks to queue
[2025-01-08T12:14:35.232+0000] {logging_mixin.py:188} INFO - [2025-01-08T12:14:35.232+0000] {dagbag.py:538} INFO - Filling up the DagBag from /home/airflow/.local/lib/python3.8/site-packages/airflow/example_dags/example_skip_dag.py
[2025-01-08T12:14:35.251+0000] {processor.py:840} INFO - DAG(s) 'example_skip_dag' retrieved from /home/airflow/.local/lib/python3.8/site-packages/airflow/example_dags/example_skip_dag.py
[2025-01-08T12:14:35.344+0000] {logging_mixin.py:188} INFO - [2025-01-08T12:14:35.343+0000] {dag.py:3036} INFO - Sync 1 DAGs
[2025-01-08T12:14:35.495+0000] {logging_mixin.py:188} INFO - [2025-01-08T12:14:35.495+0000] {dag.py:3823} INFO - Setting next_dagrun for example_skip_dag to 2025-01-07 00:00:00+00:00, run_after=2025-01-08 00:00:00+00:00
[2025-01-08T12:14:35.571+0000] {processor.py:183} INFO - Processing /home/airflow/.local/lib/python3.8/site-packages/airflow/example_dags/example_skip_dag.py took 0.357 seconds
[2025-01-08T12:15:06.339+0000] {processor.py:161} INFO - Started process (PID=415) to work on /home/airflow/.local/lib/python3.8/site-packages/airflow/example_dags/example_skip_dag.py
[2025-01-08T12:15:06.340+0000] {processor.py:830} INFO - Processing file /home/airflow/.local/lib/python3.8/site-packages/airflow/example_dags/example_skip_dag.py for tasks to queue
[2025-01-08T12:15:06.344+0000] {logging_mixin.py:188} INFO - [2025-01-08T12:15:06.343+0000] {dagbag.py:538} INFO - Filling up the DagBag from /home/airflow/.local/lib/python3.8/site-packages/airflow/example_dags/example_skip_dag.py
[2025-01-08T12:15:06.356+0000] {processor.py:840} INFO - DAG(s) 'example_skip_dag' retrieved from /home/airflow/.local/lib/python3.8/site-packages/airflow/example_dags/example_skip_dag.py
[2025-01-08T12:15:06.392+0000] {logging_mixin.py:188} INFO - [2025-01-08T12:15:06.392+0000] {dag.py:3036} INFO - Sync 1 DAGs
[2025-01-08T12:15:06.429+0000] {logging_mixin.py:188} INFO - [2025-01-08T12:15:06.429+0000] {dag.py:3823} INFO - Setting next_dagrun for example_skip_dag to 2025-01-07 00:00:00+00:00, run_after=2025-01-08 00:00:00+00:00
[2025-01-08T12:15:06.460+0000] {processor.py:183} INFO - Processing /home/airflow/.local/lib/python3.8/site-packages/airflow/example_dags/example_skip_dag.py took 0.127 seconds
[2025-01-08T12:15:36.748+0000] {processor.py:161} INFO - Started process (PID=472) to work on /home/airflow/.local/lib/python3.8/site-packages/airflow/example_dags/example_skip_dag.py
[2025-01-08T12:15:36.750+0000] {processor.py:830} INFO - Processing file /home/airflow/.local/lib/python3.8/site-packages/airflow/example_dags/example_skip_dag.py for tasks to queue
[2025-01-08T12:15:36.753+0000] {logging_mixin.py:188} INFO - [2025-01-08T12:15:36.752+0000] {dagbag.py:538} INFO - Filling up the DagBag from /home/airflow/.local/lib/python3.8/site-packages/airflow/example_dags/example_skip_dag.py
[2025-01-08T12:15:36.763+0000] {processor.py:840} INFO - DAG(s) 'example_skip_dag' retrieved from /home/airflow/.local/lib/python3.8/site-packages/airflow/example_dags/example_skip_dag.py
[2025-01-08T12:15:36.797+0000] {logging_mixin.py:188} INFO - [2025-01-08T12:15:36.797+0000] {dag.py:3036} INFO - Sync 1 DAGs
[2025-01-08T12:15:36.840+0000] {logging_mixin.py:188} INFO - [2025-01-08T12:15:36.840+0000] {dag.py:3823} INFO - Setting next_dagrun for example_skip_dag to 2025-01-07 00:00:00+00:00, run_after=2025-01-08 00:00:00+00:00
[2025-01-08T12:15:36.872+0000] {processor.py:183} INFO - Processing /home/airflow/.local/lib/python3.8/site-packages/airflow/example_dags/example_skip_dag.py took 0.129 seconds
[2025-01-08T12:16:07.267+0000] {processor.py:161} INFO - Started process (PID=529) to work on /home/airflow/.local/lib/python3.8/site-packages/airflow/example_dags/example_skip_dag.py
[2025-01-08T12:16:07.269+0000] {processor.py:830} INFO - Processing file /home/airflow/.local/lib/python3.8/site-packages/airflow/example_dags/example_skip_dag.py for tasks to queue
[2025-01-08T12:16:07.271+0000] {logging_mixin.py:188} INFO - [2025-01-08T12:16:07.271+0000] {dagbag.py:538} INFO - Filling up the DagBag from /home/airflow/.local/lib/python3.8/site-packages/airflow/example_dags/example_skip_dag.py
[2025-01-08T12:16:07.282+0000] {processor.py:840} INFO - DAG(s) 'example_skip_dag' retrieved from /home/airflow/.local/lib/python3.8/site-packages/airflow/example_dags/example_skip_dag.py
[2025-01-08T12:16:07.318+0000] {logging_mixin.py:188} INFO - [2025-01-08T12:16:07.318+0000] {dag.py:3036} INFO - Sync 1 DAGs
[2025-01-08T12:16:07.352+0000] {logging_mixin.py:188} INFO - [2025-01-08T12:16:07.351+0000] {dag.py:3823} INFO - Setting next_dagrun for example_skip_dag to 2025-01-07 00:00:00+00:00, run_after=2025-01-08 00:00:00+00:00
[2025-01-08T12:16:07.383+0000] {processor.py:183} INFO - Processing /home/airflow/.local/lib/python3.8/site-packages/airflow/example_dags/example_skip_dag.py took 0.122 seconds
[2025-01-08T12:16:38.028+0000] {processor.py:161} INFO - Started process (PID=587) to work on /home/airflow/.local/lib/python3.8/site-packages/airflow/example_dags/example_skip_dag.py
[2025-01-08T12:16:38.030+0000] {processor.py:830} INFO - Processing file /home/airflow/.local/lib/python3.8/site-packages/airflow/example_dags/example_skip_dag.py for tasks to queue
[2025-01-08T12:16:38.033+0000] {logging_mixin.py:188} INFO - [2025-01-08T12:16:38.033+0000] {dagbag.py:538} INFO - Filling up the DagBag from /home/airflow/.local/lib/python3.8/site-packages/airflow/example_dags/example_skip_dag.py
[2025-01-08T12:16:38.045+0000] {processor.py:840} INFO - DAG(s) 'example_skip_dag' retrieved from /home/airflow/.local/lib/python3.8/site-packages/airflow/example_dags/example_skip_dag.py
[2025-01-08T12:16:38.075+0000] {logging_mixin.py:188} INFO - [2025-01-08T12:16:38.075+0000] {dag.py:3036} INFO - Sync 1 DAGs
[2025-01-08T12:16:38.110+0000] {logging_mixin.py:188} INFO - [2025-01-08T12:16:38.109+0000] {dag.py:3823} INFO - Setting next_dagrun for example_skip_dag to 2025-01-07 00:00:00+00:00, run_after=2025-01-08 00:00:00+00:00
[2025-01-08T12:16:38.140+0000] {processor.py:183} INFO - Processing /home/airflow/.local/lib/python3.8/site-packages/airflow/example_dags/example_skip_dag.py took 0.116 seconds
[2025-01-08T12:17:08.930+0000] {processor.py:161} INFO - Started process (PID=646) to work on /home/airflow/.local/lib/python3.8/site-packages/airflow/example_dags/example_skip_dag.py
[2025-01-08T12:17:08.932+0000] {processor.py:830} INFO - Processing file /home/airflow/.local/lib/python3.8/site-packages/airflow/example_dags/example_skip_dag.py for tasks to queue
[2025-01-08T12:17:08.935+0000] {logging_mixin.py:188} INFO - [2025-01-08T12:17:08.935+0000] {dagbag.py:538} INFO - Filling up the DagBag from /home/airflow/.local/lib/python3.8/site-packages/airflow/example_dags/example_skip_dag.py
[2025-01-08T12:17:08.949+0000] {processor.py:840} INFO - DAG(s) 'example_skip_dag' retrieved from /home/airflow/.local/lib/python3.8/site-packages/airflow/example_dags/example_skip_dag.py
[2025-01-08T12:17:08.996+0000] {logging_mixin.py:188} INFO - [2025-01-08T12:17:08.996+0000] {dag.py:3036} INFO - Sync 1 DAGs
[2025-01-08T12:17:09.041+0000] {logging_mixin.py:188} INFO - [2025-01-08T12:17:09.040+0000] {dag.py:3823} INFO - Setting next_dagrun for example_skip_dag to 2025-01-07 00:00:00+00:00, run_after=2025-01-08 00:00:00+00:00
[2025-01-08T12:17:09.073+0000] {processor.py:183} INFO - Processing /home/airflow/.local/lib/python3.8/site-packages/airflow/example_dags/example_skip_dag.py took 0.147 seconds
[2025-01-08T12:17:39.530+0000] {processor.py:161} INFO - Started process (PID=705) to work on /home/airflow/.local/lib/python3.8/site-packages/airflow/example_dags/example_skip_dag.py
[2025-01-08T12:17:39.532+0000] {processor.py:830} INFO - Processing file /home/airflow/.local/lib/python3.8/site-packages/airflow/example_dags/example_skip_dag.py for tasks to queue
[2025-01-08T12:17:39.535+0000] {logging_mixin.py:188} INFO - [2025-01-08T12:17:39.535+0000] {dagbag.py:538} INFO - Filling up the DagBag from /home/airflow/.local/lib/python3.8/site-packages/airflow/example_dags/example_skip_dag.py
[2025-01-08T12:17:39.548+0000] {processor.py:840} INFO - DAG(s) 'example_skip_dag' retrieved from /home/airflow/.local/lib/python3.8/site-packages/airflow/example_dags/example_skip_dag.py
[2025-01-08T12:17:39.614+0000] {logging_mixin.py:188} INFO - [2025-01-08T12:17:39.613+0000] {dag.py:3036} INFO - Sync 1 DAGs
[2025-01-08T12:17:39.673+0000] {logging_mixin.py:188} INFO - [2025-01-08T12:17:39.673+0000] {dag.py:3823} INFO - Setting next_dagrun for example_skip_dag to 2025-01-07 00:00:00+00:00, run_after=2025-01-08 00:00:00+00:00
[2025-01-08T12:17:39.727+0000] {processor.py:183} INFO - Processing /home/airflow/.local/lib/python3.8/site-packages/airflow/example_dags/example_skip_dag.py took 0.202 seconds
[2025-01-08T12:18:10.137+0000] {processor.py:161} INFO - Started process (PID=764) to work on /home/airflow/.local/lib/python3.8/site-packages/airflow/example_dags/example_skip_dag.py
[2025-01-08T12:18:10.140+0000] {processor.py:830} INFO - Processing file /home/airflow/.local/lib/python3.8/site-packages/airflow/example_dags/example_skip_dag.py for tasks to queue
[2025-01-08T12:18:10.145+0000] {logging_mixin.py:188} INFO - [2025-01-08T12:18:10.144+0000] {dagbag.py:538} INFO - Filling up the DagBag from /home/airflow/.local/lib/python3.8/site-packages/airflow/example_dags/example_skip_dag.py
[2025-01-08T12:18:10.179+0000] {processor.py:840} INFO - DAG(s) 'example_skip_dag' retrieved from /home/airflow/.local/lib/python3.8/site-packages/airflow/example_dags/example_skip_dag.py
[2025-01-08T12:18:10.251+0000] {logging_mixin.py:188} INFO - [2025-01-08T12:18:10.250+0000] {dag.py:3036} INFO - Sync 1 DAGs
[2025-01-08T12:18:10.300+0000] {logging_mixin.py:188} INFO - [2025-01-08T12:18:10.300+0000] {dag.py:3823} INFO - Setting next_dagrun for example_skip_dag to 2025-01-07 00:00:00+00:00, run_after=2025-01-08 00:00:00+00:00
[2025-01-08T12:18:10.338+0000] {processor.py:183} INFO - Processing /home/airflow/.local/lib/python3.8/site-packages/airflow/example_dags/example_skip_dag.py took 0.209 seconds
[2025-01-08T12:18:40.517+0000] {processor.py:161} INFO - Started process (PID=823) to work on /home/airflow/.local/lib/python3.8/site-packages/airflow/example_dags/example_skip_dag.py
[2025-01-08T12:18:40.519+0000] {processor.py:830} INFO - Processing file /home/airflow/.local/lib/python3.8/site-packages/airflow/example_dags/example_skip_dag.py for tasks to queue
[2025-01-08T12:18:40.522+0000] {logging_mixin.py:188} INFO - [2025-01-08T12:18:40.522+0000] {dagbag.py:538} INFO - Filling up the DagBag from /home/airflow/.local/lib/python3.8/site-packages/airflow/example_dags/example_skip_dag.py
[2025-01-08T12:18:40.531+0000] {processor.py:840} INFO - DAG(s) 'example_skip_dag' retrieved from /home/airflow/.local/lib/python3.8/site-packages/airflow/example_dags/example_skip_dag.py
[2025-01-08T12:18:40.566+0000] {logging_mixin.py:188} INFO - [2025-01-08T12:18:40.565+0000] {dag.py:3036} INFO - Sync 1 DAGs
[2025-01-08T12:18:40.600+0000] {logging_mixin.py:188} INFO - [2025-01-08T12:18:40.600+0000] {dag.py:3823} INFO - Setting next_dagrun for example_skip_dag to 2025-01-07 00:00:00+00:00, run_after=2025-01-08 00:00:00+00:00
[2025-01-08T12:18:40.635+0000] {processor.py:183} INFO - Processing /home/airflow/.local/lib/python3.8/site-packages/airflow/example_dags/example_skip_dag.py took 0.124 seconds
[2025-01-08T12:19:11.801+0000] {processor.py:161} INFO - Started process (PID=883) to work on /home/airflow/.local/lib/python3.8/site-packages/airflow/example_dags/example_skip_dag.py
[2025-01-08T12:19:11.802+0000] {processor.py:830} INFO - Processing file /home/airflow/.local/lib/python3.8/site-packages/airflow/example_dags/example_skip_dag.py for tasks to queue
[2025-01-08T12:19:11.806+0000] {logging_mixin.py:188} INFO - [2025-01-08T12:19:11.805+0000] {dagbag.py:538} INFO - Filling up the DagBag from /home/airflow/.local/lib/python3.8/site-packages/airflow/example_dags/example_skip_dag.py
[2025-01-08T12:19:11.819+0000] {processor.py:840} INFO - DAG(s) 'example_skip_dag' retrieved from /home/airflow/.local/lib/python3.8/site-packages/airflow/example_dags/example_skip_dag.py
[2025-01-08T12:19:11.859+0000] {logging_mixin.py:188} INFO - [2025-01-08T12:19:11.859+0000] {dag.py:3036} INFO - Sync 1 DAGs
[2025-01-08T12:19:11.895+0000] {logging_mixin.py:188} INFO - [2025-01-08T12:19:11.894+0000] {dag.py:3823} INFO - Setting next_dagrun for example_skip_dag to 2025-01-07 00:00:00+00:00, run_after=2025-01-08 00:00:00+00:00
[2025-01-08T12:19:11.942+0000] {processor.py:183} INFO - Processing /home/airflow/.local/lib/python3.8/site-packages/airflow/example_dags/example_skip_dag.py took 0.147 seconds
[2025-01-08T12:19:42.115+0000] {processor.py:161} INFO - Started process (PID=942) to work on /home/airflow/.local/lib/python3.8/site-packages/airflow/example_dags/example_skip_dag.py
[2025-01-08T12:19:42.117+0000] {processor.py:830} INFO - Processing file /home/airflow/.local/lib/python3.8/site-packages/airflow/example_dags/example_skip_dag.py for tasks to queue
[2025-01-08T12:19:42.120+0000] {logging_mixin.py:188} INFO - [2025-01-08T12:19:42.119+0000] {dagbag.py:538} INFO - Filling up the DagBag from /home/airflow/.local/lib/python3.8/site-packages/airflow/example_dags/example_skip_dag.py
[2025-01-08T12:19:42.131+0000] {processor.py:840} INFO - DAG(s) 'example_skip_dag' retrieved from /home/airflow/.local/lib/python3.8/site-packages/airflow/example_dags/example_skip_dag.py
[2025-01-08T12:19:42.168+0000] {logging_mixin.py:188} INFO - [2025-01-08T12:19:42.167+0000] {dag.py:3036} INFO - Sync 1 DAGs
[2025-01-08T12:19:42.207+0000] {logging_mixin.py:188} INFO - [2025-01-08T12:19:42.207+0000] {dag.py:3823} INFO - Setting next_dagrun for example_skip_dag to 2025-01-07 00:00:00+00:00, run_after=2025-01-08 00:00:00+00:00
[2025-01-08T12:19:42.239+0000] {processor.py:183} INFO - Processing /home/airflow/.local/lib/python3.8/site-packages/airflow/example_dags/example_skip_dag.py took 0.129 seconds
[2025-01-08T12:20:13.101+0000] {processor.py:161} INFO - Started process (PID=1001) to work on /home/airflow/.local/lib/python3.8/site-packages/airflow/example_dags/example_skip_dag.py
[2025-01-08T12:20:13.102+0000] {processor.py:830} INFO - Processing file /home/airflow/.local/lib/python3.8/site-packages/airflow/example_dags/example_skip_dag.py for tasks to queue
[2025-01-08T12:20:13.104+0000] {logging_mixin.py:188} INFO - [2025-01-08T12:20:13.104+0000] {dagbag.py:538} INFO - Filling up the DagBag from /home/airflow/.local/lib/python3.8/site-packages/airflow/example_dags/example_skip_dag.py
[2025-01-08T12:20:13.114+0000] {processor.py:840} INFO - DAG(s) 'example_skip_dag' retrieved from /home/airflow/.local/lib/python3.8/site-packages/airflow/example_dags/example_skip_dag.py
[2025-01-08T12:20:13.152+0000] {logging_mixin.py:188} INFO - [2025-01-08T12:20:13.151+0000] {dag.py:3036} INFO - Sync 1 DAGs
[2025-01-08T12:20:13.186+0000] {logging_mixin.py:188} INFO - [2025-01-08T12:20:13.185+0000] {dag.py:3823} INFO - Setting next_dagrun for example_skip_dag to 2025-01-07 00:00:00+00:00, run_after=2025-01-08 00:00:00+00:00
[2025-01-08T12:20:13.216+0000] {processor.py:183} INFO - Processing /home/airflow/.local/lib/python3.8/site-packages/airflow/example_dags/example_skip_dag.py took 0.121 seconds
[2025-01-08T12:20:46.614+0000] {processor.py:161} INFO - Started process (PID=1066) to work on /home/airflow/.local/lib/python3.8/site-packages/airflow/example_dags/example_skip_dag.py
[2025-01-08T12:20:46.618+0000] {processor.py:830} INFO - Processing file /home/airflow/.local/lib/python3.8/site-packages/airflow/example_dags/example_skip_dag.py for tasks to queue
[2025-01-08T12:20:46.621+0000] {logging_mixin.py:188} INFO - [2025-01-08T12:20:46.621+0000] {dagbag.py:538} INFO - Filling up the DagBag from /home/airflow/.local/lib/python3.8/site-packages/airflow/example_dags/example_skip_dag.py
[2025-01-08T12:20:46.639+0000] {processor.py:840} INFO - DAG(s) 'example_skip_dag' retrieved from /home/airflow/.local/lib/python3.8/site-packages/airflow/example_dags/example_skip_dag.py
[2025-01-08T12:20:46.784+0000] {logging_mixin.py:188} INFO - [2025-01-08T12:20:46.783+0000] {dag.py:3036} INFO - Sync 1 DAGs
[2025-01-08T12:20:46.876+0000] {logging_mixin.py:188} INFO - [2025-01-08T12:20:46.875+0000] {dag.py:3823} INFO - Setting next_dagrun for example_skip_dag to 2025-01-07 00:00:00+00:00, run_after=2025-01-08 00:00:00+00:00
[2025-01-08T12:20:46.966+0000] {processor.py:183} INFO - Processing /home/airflow/.local/lib/python3.8/site-packages/airflow/example_dags/example_skip_dag.py took 0.359 seconds
[2025-01-08T12:21:18.068+0000] {processor.py:161} INFO - Started process (PID=1125) to work on /home/airflow/.local/lib/python3.8/site-packages/airflow/example_dags/example_skip_dag.py
[2025-01-08T12:21:18.076+0000] {processor.py:830} INFO - Processing file /home/airflow/.local/lib/python3.8/site-packages/airflow/example_dags/example_skip_dag.py for tasks to queue
[2025-01-08T12:21:18.080+0000] {logging_mixin.py:188} INFO - [2025-01-08T12:21:18.079+0000] {dagbag.py:538} INFO - Filling up the DagBag from /home/airflow/.local/lib/python3.8/site-packages/airflow/example_dags/example_skip_dag.py
[2025-01-08T12:21:18.099+0000] {processor.py:840} INFO - DAG(s) 'example_skip_dag' retrieved from /home/airflow/.local/lib/python3.8/site-packages/airflow/example_dags/example_skip_dag.py
[2025-01-08T12:21:18.177+0000] {logging_mixin.py:188} INFO - [2025-01-08T12:21:18.177+0000] {dag.py:3036} INFO - Sync 1 DAGs
[2025-01-08T12:21:18.230+0000] {logging_mixin.py:188} INFO - [2025-01-08T12:21:18.230+0000] {dag.py:3823} INFO - Setting next_dagrun for example_skip_dag to 2025-01-07 00:00:00+00:00, run_after=2025-01-08 00:00:00+00:00
[2025-01-08T12:21:18.287+0000] {processor.py:183} INFO - Processing /home/airflow/.local/lib/python3.8/site-packages/airflow/example_dags/example_skip_dag.py took 0.227 seconds
[2025-01-08T12:21:49.340+0000] {processor.py:161} INFO - Started process (PID=1184) to work on /home/airflow/.local/lib/python3.8/site-packages/airflow/example_dags/example_skip_dag.py
[2025-01-08T12:21:49.342+0000] {processor.py:830} INFO - Processing file /home/airflow/.local/lib/python3.8/site-packages/airflow/example_dags/example_skip_dag.py for tasks to queue
[2025-01-08T12:21:49.346+0000] {logging_mixin.py:188} INFO - [2025-01-08T12:21:49.345+0000] {dagbag.py:538} INFO - Filling up the DagBag from /home/airflow/.local/lib/python3.8/site-packages/airflow/example_dags/example_skip_dag.py
[2025-01-08T12:21:49.366+0000] {processor.py:840} INFO - DAG(s) 'example_skip_dag' retrieved from /home/airflow/.local/lib/python3.8/site-packages/airflow/example_dags/example_skip_dag.py
[2025-01-08T12:21:49.439+0000] {logging_mixin.py:188} INFO - [2025-01-08T12:21:49.438+0000] {dag.py:3036} INFO - Sync 1 DAGs
[2025-01-08T12:21:49.491+0000] {logging_mixin.py:188} INFO - [2025-01-08T12:21:49.491+0000] {dag.py:3823} INFO - Setting next_dagrun for example_skip_dag to 2025-01-07 00:00:00+00:00, run_after=2025-01-08 00:00:00+00:00
[2025-01-08T12:21:49.537+0000] {processor.py:183} INFO - Processing /home/airflow/.local/lib/python3.8/site-packages/airflow/example_dags/example_skip_dag.py took 0.211 seconds
[2025-01-08T12:22:19.839+0000] {processor.py:161} INFO - Started process (PID=1244) to work on /home/airflow/.local/lib/python3.8/site-packages/airflow/example_dags/example_skip_dag.py
[2025-01-08T12:22:19.841+0000] {processor.py:830} INFO - Processing file /home/airflow/.local/lib/python3.8/site-packages/airflow/example_dags/example_skip_dag.py for tasks to queue
[2025-01-08T12:22:19.844+0000] {logging_mixin.py:188} INFO - [2025-01-08T12:22:19.844+0000] {dagbag.py:538} INFO - Filling up the DagBag from /home/airflow/.local/lib/python3.8/site-packages/airflow/example_dags/example_skip_dag.py
[2025-01-08T12:22:19.857+0000] {processor.py:840} INFO - DAG(s) 'example_skip_dag' retrieved from /home/airflow/.local/lib/python3.8/site-packages/airflow/example_dags/example_skip_dag.py
[2025-01-08T12:22:19.895+0000] {logging_mixin.py:188} INFO - [2025-01-08T12:22:19.894+0000] {dag.py:3036} INFO - Sync 1 DAGs
[2025-01-08T12:22:19.932+0000] {logging_mixin.py:188} INFO - [2025-01-08T12:22:19.931+0000] {dag.py:3823} INFO - Setting next_dagrun for example_skip_dag to 2025-01-07 00:00:00+00:00, run_after=2025-01-08 00:00:00+00:00
[2025-01-08T12:22:19.960+0000] {processor.py:183} INFO - Processing /home/airflow/.local/lib/python3.8/site-packages/airflow/example_dags/example_skip_dag.py took 0.127 seconds
[2025-01-08T12:22:50.393+0000] {processor.py:161} INFO - Started process (PID=1302) to work on /home/airflow/.local/lib/python3.8/site-packages/airflow/example_dags/example_skip_dag.py
[2025-01-08T12:22:50.397+0000] {processor.py:830} INFO - Processing file /home/airflow/.local/lib/python3.8/site-packages/airflow/example_dags/example_skip_dag.py for tasks to queue
[2025-01-08T12:22:50.402+0000] {logging_mixin.py:188} INFO - [2025-01-08T12:22:50.400+0000] {dagbag.py:538} INFO - Filling up the DagBag from /home/airflow/.local/lib/python3.8/site-packages/airflow/example_dags/example_skip_dag.py
[2025-01-08T12:22:50.424+0000] {processor.py:840} INFO - DAG(s) 'example_skip_dag' retrieved from /home/airflow/.local/lib/python3.8/site-packages/airflow/example_dags/example_skip_dag.py
[2025-01-08T12:22:50.472+0000] {logging_mixin.py:188} INFO - [2025-01-08T12:22:50.471+0000] {dag.py:3036} INFO - Sync 1 DAGs
[2025-01-08T12:22:50.517+0000] {logging_mixin.py:188} INFO - [2025-01-08T12:22:50.517+0000] {dag.py:3823} INFO - Setting next_dagrun for example_skip_dag to 2025-01-07 00:00:00+00:00, run_after=2025-01-08 00:00:00+00:00
[2025-01-08T12:22:50.546+0000] {processor.py:183} INFO - Processing /home/airflow/.local/lib/python3.8/site-packages/airflow/example_dags/example_skip_dag.py took 0.160 seconds
[2025-01-08T12:23:21.071+0000] {processor.py:161} INFO - Started process (PID=1362) to work on /home/airflow/.local/lib/python3.8/site-packages/airflow/example_dags/example_skip_dag.py
[2025-01-08T12:23:21.075+0000] {processor.py:830} INFO - Processing file /home/airflow/.local/lib/python3.8/site-packages/airflow/example_dags/example_skip_dag.py for tasks to queue
[2025-01-08T12:23:21.089+0000] {logging_mixin.py:188} INFO - [2025-01-08T12:23:21.088+0000] {dagbag.py:538} INFO - Filling up the DagBag from /home/airflow/.local/lib/python3.8/site-packages/airflow/example_dags/example_skip_dag.py
[2025-01-08T12:23:21.114+0000] {processor.py:840} INFO - DAG(s) 'example_skip_dag' retrieved from /home/airflow/.local/lib/python3.8/site-packages/airflow/example_dags/example_skip_dag.py
[2025-01-08T12:23:21.184+0000] {logging_mixin.py:188} INFO - [2025-01-08T12:23:21.184+0000] {dag.py:3036} INFO - Sync 1 DAGs
[2025-01-08T12:23:21.227+0000] {logging_mixin.py:188} INFO - [2025-01-08T12:23:21.226+0000] {dag.py:3823} INFO - Setting next_dagrun for example_skip_dag to 2025-01-07 00:00:00+00:00, run_after=2025-01-08 00:00:00+00:00
[2025-01-08T12:23:21.257+0000] {processor.py:183} INFO - Processing /home/airflow/.local/lib/python3.8/site-packages/airflow/example_dags/example_skip_dag.py took 0.198 seconds
[2025-01-08T12:23:51.524+0000] {processor.py:161} INFO - Started process (PID=1418) to work on /home/airflow/.local/lib/python3.8/site-packages/airflow/example_dags/example_skip_dag.py
[2025-01-08T12:23:51.530+0000] {processor.py:830} INFO - Processing file /home/airflow/.local/lib/python3.8/site-packages/airflow/example_dags/example_skip_dag.py for tasks to queue
[2025-01-08T12:23:51.533+0000] {logging_mixin.py:188} INFO - [2025-01-08T12:23:51.533+0000] {dagbag.py:538} INFO - Filling up the DagBag from /home/airflow/.local/lib/python3.8/site-packages/airflow/example_dags/example_skip_dag.py
[2025-01-08T12:23:51.545+0000] {processor.py:840} INFO - DAG(s) 'example_skip_dag' retrieved from /home/airflow/.local/lib/python3.8/site-packages/airflow/example_dags/example_skip_dag.py
[2025-01-08T12:23:51.587+0000] {logging_mixin.py:188} INFO - [2025-01-08T12:23:51.586+0000] {dag.py:3036} INFO - Sync 1 DAGs
[2025-01-08T12:23:51.639+0000] {logging_mixin.py:188} INFO - [2025-01-08T12:23:51.639+0000] {dag.py:3823} INFO - Setting next_dagrun for example_skip_dag to 2025-01-07 00:00:00+00:00, run_after=2025-01-08 00:00:00+00:00
[2025-01-08T12:23:51.670+0000] {processor.py:183} INFO - Processing /home/airflow/.local/lib/python3.8/site-packages/airflow/example_dags/example_skip_dag.py took 0.157 seconds
[2025-01-08T12:24:22.211+0000] {processor.py:161} INFO - Started process (PID=1478) to work on /home/airflow/.local/lib/python3.8/site-packages/airflow/example_dags/example_skip_dag.py
[2025-01-08T12:24:22.213+0000] {processor.py:830} INFO - Processing file /home/airflow/.local/lib/python3.8/site-packages/airflow/example_dags/example_skip_dag.py for tasks to queue
[2025-01-08T12:24:22.216+0000] {logging_mixin.py:188} INFO - [2025-01-08T12:24:22.216+0000] {dagbag.py:538} INFO - Filling up the DagBag from /home/airflow/.local/lib/python3.8/site-packages/airflow/example_dags/example_skip_dag.py
[2025-01-08T12:24:22.228+0000] {processor.py:840} INFO - DAG(s) 'example_skip_dag' retrieved from /home/airflow/.local/lib/python3.8/site-packages/airflow/example_dags/example_skip_dag.py
[2025-01-08T12:24:22.292+0000] {logging_mixin.py:188} INFO - [2025-01-08T12:24:22.292+0000] {dag.py:3036} INFO - Sync 1 DAGs
[2025-01-08T12:24:22.355+0000] {logging_mixin.py:188} INFO - [2025-01-08T12:24:22.354+0000] {dag.py:3823} INFO - Setting next_dagrun for example_skip_dag to 2025-01-07 00:00:00+00:00, run_after=2025-01-08 00:00:00+00:00
[2025-01-08T12:24:22.408+0000] {processor.py:183} INFO - Processing /home/airflow/.local/lib/python3.8/site-packages/airflow/example_dags/example_skip_dag.py took 0.203 seconds
[2025-01-08T12:24:52.607+0000] {processor.py:161} INFO - Started process (PID=1537) to work on /home/airflow/.local/lib/python3.8/site-packages/airflow/example_dags/example_skip_dag.py
[2025-01-08T12:24:52.608+0000] {processor.py:830} INFO - Processing file /home/airflow/.local/lib/python3.8/site-packages/airflow/example_dags/example_skip_dag.py for tasks to queue
[2025-01-08T12:24:52.612+0000] {logging_mixin.py:188} INFO - [2025-01-08T12:24:52.611+0000] {dagbag.py:538} INFO - Filling up the DagBag from /home/airflow/.local/lib/python3.8/site-packages/airflow/example_dags/example_skip_dag.py
[2025-01-08T12:24:52.622+0000] {processor.py:840} INFO - DAG(s) 'example_skip_dag' retrieved from /home/airflow/.local/lib/python3.8/site-packages/airflow/example_dags/example_skip_dag.py
[2025-01-08T12:24:52.657+0000] {logging_mixin.py:188} INFO - [2025-01-08T12:24:52.656+0000] {dag.py:3036} INFO - Sync 1 DAGs
[2025-01-08T12:24:52.692+0000] {logging_mixin.py:188} INFO - [2025-01-08T12:24:52.692+0000] {dag.py:3823} INFO - Setting next_dagrun for example_skip_dag to 2025-01-07 00:00:00+00:00, run_after=2025-01-08 00:00:00+00:00
[2025-01-08T12:24:52.722+0000] {processor.py:183} INFO - Processing /home/airflow/.local/lib/python3.8/site-packages/airflow/example_dags/example_skip_dag.py took 0.120 seconds
[2025-01-08T12:25:23.164+0000] {processor.py:161} INFO - Started process (PID=1596) to work on /home/airflow/.local/lib/python3.8/site-packages/airflow/example_dags/example_skip_dag.py
[2025-01-08T12:25:23.166+0000] {processor.py:830} INFO - Processing file /home/airflow/.local/lib/python3.8/site-packages/airflow/example_dags/example_skip_dag.py for tasks to queue
[2025-01-08T12:25:23.170+0000] {logging_mixin.py:188} INFO - [2025-01-08T12:25:23.169+0000] {dagbag.py:538} INFO - Filling up the DagBag from /home/airflow/.local/lib/python3.8/site-packages/airflow/example_dags/example_skip_dag.py
[2025-01-08T12:25:23.182+0000] {processor.py:840} INFO - DAG(s) 'example_skip_dag' retrieved from /home/airflow/.local/lib/python3.8/site-packages/airflow/example_dags/example_skip_dag.py
[2025-01-08T12:25:23.224+0000] {logging_mixin.py:188} INFO - [2025-01-08T12:25:23.224+0000] {dag.py:3036} INFO - Sync 1 DAGs
[2025-01-08T12:25:23.270+0000] {logging_mixin.py:188} INFO - [2025-01-08T12:25:23.270+0000] {dag.py:3823} INFO - Setting next_dagrun for example_skip_dag to 2025-01-07 00:00:00+00:00, run_after=2025-01-08 00:00:00+00:00
[2025-01-08T12:25:23.313+0000] {processor.py:183} INFO - Processing /home/airflow/.local/lib/python3.8/site-packages/airflow/example_dags/example_skip_dag.py took 0.155 seconds
[2025-01-08T12:25:54.207+0000] {processor.py:161} INFO - Started process (PID=1655) to work on /home/airflow/.local/lib/python3.8/site-packages/airflow/example_dags/example_skip_dag.py
[2025-01-08T12:25:54.209+0000] {processor.py:830} INFO - Processing file /home/airflow/.local/lib/python3.8/site-packages/airflow/example_dags/example_skip_dag.py for tasks to queue
[2025-01-08T12:25:54.211+0000] {logging_mixin.py:188} INFO - [2025-01-08T12:25:54.211+0000] {dagbag.py:538} INFO - Filling up the DagBag from /home/airflow/.local/lib/python3.8/site-packages/airflow/example_dags/example_skip_dag.py
[2025-01-08T12:25:54.224+0000] {processor.py:840} INFO - DAG(s) 'example_skip_dag' retrieved from /home/airflow/.local/lib/python3.8/site-packages/airflow/example_dags/example_skip_dag.py
[2025-01-08T12:25:54.268+0000] {logging_mixin.py:188} INFO - [2025-01-08T12:25:54.268+0000] {dag.py:3036} INFO - Sync 1 DAGs
[2025-01-08T12:25:54.313+0000] {logging_mixin.py:188} INFO - [2025-01-08T12:25:54.312+0000] {dag.py:3823} INFO - Setting next_dagrun for example_skip_dag to 2025-01-07 00:00:00+00:00, run_after=2025-01-08 00:00:00+00:00
[2025-01-08T12:25:54.358+0000] {processor.py:183} INFO - Processing /home/airflow/.local/lib/python3.8/site-packages/airflow/example_dags/example_skip_dag.py took 0.156 seconds
[2025-01-08T12:26:34.690+0000] {processor.py:161} INFO - Started process (PID=1718) to work on /home/airflow/.local/lib/python3.8/site-packages/airflow/example_dags/example_skip_dag.py
[2025-01-08T12:26:34.712+0000] {processor.py:830} INFO - Processing file /home/airflow/.local/lib/python3.8/site-packages/airflow/example_dags/example_skip_dag.py for tasks to queue
[2025-01-08T12:26:34.727+0000] {logging_mixin.py:188} INFO - [2025-01-08T12:26:34.727+0000] {dagbag.py:538} INFO - Filling up the DagBag from /home/airflow/.local/lib/python3.8/site-packages/airflow/example_dags/example_skip_dag.py
[2025-01-08T12:26:34.753+0000] {processor.py:840} INFO - DAG(s) 'example_skip_dag' retrieved from /home/airflow/.local/lib/python3.8/site-packages/airflow/example_dags/example_skip_dag.py
[2025-01-08T12:26:34.865+0000] {logging_mixin.py:188} INFO - [2025-01-08T12:26:34.865+0000] {dag.py:3036} INFO - Sync 1 DAGs
[2025-01-08T12:26:34.963+0000] {logging_mixin.py:188} INFO - [2025-01-08T12:26:34.963+0000] {dag.py:3823} INFO - Setting next_dagrun for example_skip_dag to 2025-01-07 00:00:00+00:00, run_after=2025-01-08 00:00:00+00:00
[2025-01-08T12:26:35.075+0000] {processor.py:183} INFO - Processing /home/airflow/.local/lib/python3.8/site-packages/airflow/example_dags/example_skip_dag.py took 0.392 seconds
[2025-01-08T12:27:05.531+0000] {processor.py:161} INFO - Started process (PID=1777) to work on /home/airflow/.local/lib/python3.8/site-packages/airflow/example_dags/example_skip_dag.py
[2025-01-08T12:27:05.534+0000] {processor.py:830} INFO - Processing file /home/airflow/.local/lib/python3.8/site-packages/airflow/example_dags/example_skip_dag.py for tasks to queue
[2025-01-08T12:27:05.550+0000] {logging_mixin.py:188} INFO - [2025-01-08T12:27:05.550+0000] {dagbag.py:538} INFO - Filling up the DagBag from /home/airflow/.local/lib/python3.8/site-packages/airflow/example_dags/example_skip_dag.py
[2025-01-08T12:27:05.577+0000] {processor.py:840} INFO - DAG(s) 'example_skip_dag' retrieved from /home/airflow/.local/lib/python3.8/site-packages/airflow/example_dags/example_skip_dag.py
[2025-01-08T12:27:05.666+0000] {logging_mixin.py:188} INFO - [2025-01-08T12:27:05.666+0000] {dag.py:3036} INFO - Sync 1 DAGs
[2025-01-08T12:27:05.777+0000] {logging_mixin.py:188} INFO - [2025-01-08T12:27:05.776+0000] {dag.py:3823} INFO - Setting next_dagrun for example_skip_dag to 2025-01-07 00:00:00+00:00, run_after=2025-01-08 00:00:00+00:00
[2025-01-08T12:27:05.855+0000] {processor.py:183} INFO - Processing /home/airflow/.local/lib/python3.8/site-packages/airflow/example_dags/example_skip_dag.py took 0.335 seconds
[2025-01-08T12:27:36.879+0000] {processor.py:161} INFO - Started process (PID=1836) to work on /home/airflow/.local/lib/python3.8/site-packages/airflow/example_dags/example_skip_dag.py
[2025-01-08T12:27:36.891+0000] {processor.py:830} INFO - Processing file /home/airflow/.local/lib/python3.8/site-packages/airflow/example_dags/example_skip_dag.py for tasks to queue
[2025-01-08T12:27:36.895+0000] {logging_mixin.py:188} INFO - [2025-01-08T12:27:36.894+0000] {dagbag.py:538} INFO - Filling up the DagBag from /home/airflow/.local/lib/python3.8/site-packages/airflow/example_dags/example_skip_dag.py
[2025-01-08T12:27:36.915+0000] {processor.py:840} INFO - DAG(s) 'example_skip_dag' retrieved from /home/airflow/.local/lib/python3.8/site-packages/airflow/example_dags/example_skip_dag.py
[2025-01-08T12:27:36.982+0000] {logging_mixin.py:188} INFO - [2025-01-08T12:27:36.982+0000] {dag.py:3036} INFO - Sync 1 DAGs
[2025-01-08T12:27:37.045+0000] {logging_mixin.py:188} INFO - [2025-01-08T12:27:37.044+0000] {dag.py:3823} INFO - Setting next_dagrun for example_skip_dag to 2025-01-07 00:00:00+00:00, run_after=2025-01-08 00:00:00+00:00
[2025-01-08T12:27:37.117+0000] {processor.py:183} INFO - Processing /home/airflow/.local/lib/python3.8/site-packages/airflow/example_dags/example_skip_dag.py took 0.245 seconds
[2025-01-08T12:28:07.318+0000] {processor.py:161} INFO - Started process (PID=1896) to work on /home/airflow/.local/lib/python3.8/site-packages/airflow/example_dags/example_skip_dag.py
[2025-01-08T12:28:07.322+0000] {processor.py:830} INFO - Processing file /home/airflow/.local/lib/python3.8/site-packages/airflow/example_dags/example_skip_dag.py for tasks to queue
[2025-01-08T12:28:07.325+0000] {logging_mixin.py:188} INFO - [2025-01-08T12:28:07.325+0000] {dagbag.py:538} INFO - Filling up the DagBag from /home/airflow/.local/lib/python3.8/site-packages/airflow/example_dags/example_skip_dag.py
[2025-01-08T12:28:07.343+0000] {processor.py:840} INFO - DAG(s) 'example_skip_dag' retrieved from /home/airflow/.local/lib/python3.8/site-packages/airflow/example_dags/example_skip_dag.py
[2025-01-08T12:28:07.386+0000] {logging_mixin.py:188} INFO - [2025-01-08T12:28:07.386+0000] {dag.py:3036} INFO - Sync 1 DAGs
[2025-01-08T12:28:07.425+0000] {logging_mixin.py:188} INFO - [2025-01-08T12:28:07.425+0000] {dag.py:3823} INFO - Setting next_dagrun for example_skip_dag to 2025-01-07 00:00:00+00:00, run_after=2025-01-08 00:00:00+00:00
[2025-01-08T12:28:07.466+0000] {processor.py:183} INFO - Processing /home/airflow/.local/lib/python3.8/site-packages/airflow/example_dags/example_skip_dag.py took 0.156 seconds
[2025-01-08T12:28:37.588+0000] {processor.py:161} INFO - Started process (PID=1954) to work on /home/airflow/.local/lib/python3.8/site-packages/airflow/example_dags/example_skip_dag.py
[2025-01-08T12:28:37.590+0000] {processor.py:830} INFO - Processing file /home/airflow/.local/lib/python3.8/site-packages/airflow/example_dags/example_skip_dag.py for tasks to queue
[2025-01-08T12:28:37.597+0000] {logging_mixin.py:188} INFO - [2025-01-08T12:28:37.596+0000] {dagbag.py:538} INFO - Filling up the DagBag from /home/airflow/.local/lib/python3.8/site-packages/airflow/example_dags/example_skip_dag.py
[2025-01-08T12:28:37.621+0000] {processor.py:840} INFO - DAG(s) 'example_skip_dag' retrieved from /home/airflow/.local/lib/python3.8/site-packages/airflow/example_dags/example_skip_dag.py
[2025-01-08T12:28:37.714+0000] {logging_mixin.py:188} INFO - [2025-01-08T12:28:37.713+0000] {dag.py:3036} INFO - Sync 1 DAGs
[2025-01-08T12:28:37.792+0000] {logging_mixin.py:188} INFO - [2025-01-08T12:28:37.792+0000] {dag.py:3823} INFO - Setting next_dagrun for example_skip_dag to 2025-01-07 00:00:00+00:00, run_after=2025-01-08 00:00:00+00:00
[2025-01-08T12:28:38.121+0000] {processor.py:183} INFO - Processing /home/airflow/.local/lib/python3.8/site-packages/airflow/example_dags/example_skip_dag.py took 0.545 seconds
[2025-01-08T12:29:09.214+0000] {processor.py:161} INFO - Started process (PID=2013) to work on /home/airflow/.local/lib/python3.8/site-packages/airflow/example_dags/example_skip_dag.py
[2025-01-08T12:29:09.221+0000] {processor.py:830} INFO - Processing file /home/airflow/.local/lib/python3.8/site-packages/airflow/example_dags/example_skip_dag.py for tasks to queue
[2025-01-08T12:29:09.229+0000] {logging_mixin.py:188} INFO - [2025-01-08T12:29:09.228+0000] {dagbag.py:538} INFO - Filling up the DagBag from /home/airflow/.local/lib/python3.8/site-packages/airflow/example_dags/example_skip_dag.py
[2025-01-08T12:29:09.255+0000] {processor.py:840} INFO - DAG(s) 'example_skip_dag' retrieved from /home/airflow/.local/lib/python3.8/site-packages/airflow/example_dags/example_skip_dag.py
[2025-01-08T12:29:09.339+0000] {logging_mixin.py:188} INFO - [2025-01-08T12:29:09.338+0000] {dag.py:3036} INFO - Sync 1 DAGs
[2025-01-08T12:29:09.478+0000] {logging_mixin.py:188} INFO - [2025-01-08T12:29:09.478+0000] {dag.py:3823} INFO - Setting next_dagrun for example_skip_dag to 2025-01-07 00:00:00+00:00, run_after=2025-01-08 00:00:00+00:00
[2025-01-08T12:29:09.788+0000] {processor.py:183} INFO - Processing /home/airflow/.local/lib/python3.8/site-packages/airflow/example_dags/example_skip_dag.py took 0.592 seconds
[2025-01-08T12:29:40.084+0000] {processor.py:161} INFO - Started process (PID=2071) to work on /home/airflow/.local/lib/python3.8/site-packages/airflow/example_dags/example_skip_dag.py
[2025-01-08T12:29:40.086+0000] {processor.py:830} INFO - Processing file /home/airflow/.local/lib/python3.8/site-packages/airflow/example_dags/example_skip_dag.py for tasks to queue
[2025-01-08T12:29:40.088+0000] {logging_mixin.py:188} INFO - [2025-01-08T12:29:40.088+0000] {dagbag.py:538} INFO - Filling up the DagBag from /home/airflow/.local/lib/python3.8/site-packages/airflow/example_dags/example_skip_dag.py
[2025-01-08T12:29:40.098+0000] {processor.py:840} INFO - DAG(s) 'example_skip_dag' retrieved from /home/airflow/.local/lib/python3.8/site-packages/airflow/example_dags/example_skip_dag.py
[2025-01-08T12:29:40.134+0000] {logging_mixin.py:188} INFO - [2025-01-08T12:29:40.133+0000] {dag.py:3036} INFO - Sync 1 DAGs
[2025-01-08T12:29:40.166+0000] {logging_mixin.py:188} INFO - [2025-01-08T12:29:40.166+0000] {dag.py:3823} INFO - Setting next_dagrun for example_skip_dag to 2025-01-07 00:00:00+00:00, run_after=2025-01-08 00:00:00+00:00
[2025-01-08T12:29:40.362+0000] {processor.py:183} INFO - Processing /home/airflow/.local/lib/python3.8/site-packages/airflow/example_dags/example_skip_dag.py took 0.283 seconds
[2025-01-08T12:30:10.658+0000] {processor.py:161} INFO - Started process (PID=2130) to work on /home/airflow/.local/lib/python3.8/site-packages/airflow/example_dags/example_skip_dag.py
[2025-01-08T12:30:10.660+0000] {processor.py:830} INFO - Processing file /home/airflow/.local/lib/python3.8/site-packages/airflow/example_dags/example_skip_dag.py for tasks to queue
[2025-01-08T12:30:10.664+0000] {logging_mixin.py:188} INFO - [2025-01-08T12:30:10.663+0000] {dagbag.py:538} INFO - Filling up the DagBag from /home/airflow/.local/lib/python3.8/site-packages/airflow/example_dags/example_skip_dag.py
[2025-01-08T12:30:10.676+0000] {processor.py:840} INFO - DAG(s) 'example_skip_dag' retrieved from /home/airflow/.local/lib/python3.8/site-packages/airflow/example_dags/example_skip_dag.py
[2025-01-08T12:30:10.728+0000] {logging_mixin.py:188} INFO - [2025-01-08T12:30:10.728+0000] {dag.py:3036} INFO - Sync 1 DAGs
[2025-01-08T12:30:10.770+0000] {logging_mixin.py:188} INFO - [2025-01-08T12:30:10.769+0000] {dag.py:3823} INFO - Setting next_dagrun for example_skip_dag to 2025-01-07 00:00:00+00:00, run_after=2025-01-08 00:00:00+00:00
[2025-01-08T12:30:10.806+0000] {processor.py:183} INFO - Processing /home/airflow/.local/lib/python3.8/site-packages/airflow/example_dags/example_skip_dag.py took 0.153 seconds
[2025-01-08T12:30:41.789+0000] {processor.py:161} INFO - Started process (PID=2189) to work on /home/airflow/.local/lib/python3.8/site-packages/airflow/example_dags/example_skip_dag.py
[2025-01-08T12:30:41.793+0000] {processor.py:830} INFO - Processing file /home/airflow/.local/lib/python3.8/site-packages/airflow/example_dags/example_skip_dag.py for tasks to queue
[2025-01-08T12:30:41.798+0000] {logging_mixin.py:188} INFO - [2025-01-08T12:30:41.797+0000] {dagbag.py:538} INFO - Filling up the DagBag from /home/airflow/.local/lib/python3.8/site-packages/airflow/example_dags/example_skip_dag.py
[2025-01-08T12:30:41.814+0000] {processor.py:840} INFO - DAG(s) 'example_skip_dag' retrieved from /home/airflow/.local/lib/python3.8/site-packages/airflow/example_dags/example_skip_dag.py
[2025-01-08T12:30:41.896+0000] {logging_mixin.py:188} INFO - [2025-01-08T12:30:41.896+0000] {dag.py:3036} INFO - Sync 1 DAGs
[2025-01-08T12:30:42.100+0000] {logging_mixin.py:188} INFO - [2025-01-08T12:30:42.100+0000] {dag.py:3823} INFO - Setting next_dagrun for example_skip_dag to 2025-01-07 00:00:00+00:00, run_after=2025-01-08 00:00:00+00:00
[2025-01-08T12:30:42.168+0000] {processor.py:183} INFO - Processing /home/airflow/.local/lib/python3.8/site-packages/airflow/example_dags/example_skip_dag.py took 0.387 seconds
[2025-01-08T12:31:12.862+0000] {processor.py:161} INFO - Started process (PID=2248) to work on /home/airflow/.local/lib/python3.8/site-packages/airflow/example_dags/example_skip_dag.py
[2025-01-08T12:31:12.863+0000] {processor.py:830} INFO - Processing file /home/airflow/.local/lib/python3.8/site-packages/airflow/example_dags/example_skip_dag.py for tasks to queue
[2025-01-08T12:31:12.866+0000] {logging_mixin.py:188} INFO - [2025-01-08T12:31:12.865+0000] {dagbag.py:538} INFO - Filling up the DagBag from /home/airflow/.local/lib/python3.8/site-packages/airflow/example_dags/example_skip_dag.py
[2025-01-08T12:31:12.875+0000] {processor.py:840} INFO - DAG(s) 'example_skip_dag' retrieved from /home/airflow/.local/lib/python3.8/site-packages/airflow/example_dags/example_skip_dag.py
[2025-01-08T12:31:12.910+0000] {logging_mixin.py:188} INFO - [2025-01-08T12:31:12.909+0000] {dag.py:3036} INFO - Sync 1 DAGs
[2025-01-08T12:31:12.958+0000] {logging_mixin.py:188} INFO - [2025-01-08T12:31:12.957+0000] {dag.py:3823} INFO - Setting next_dagrun for example_skip_dag to 2025-01-07 00:00:00+00:00, run_after=2025-01-08 00:00:00+00:00
[2025-01-08T12:31:12.997+0000] {processor.py:183} INFO - Processing /home/airflow/.local/lib/python3.8/site-packages/airflow/example_dags/example_skip_dag.py took 0.141 seconds
[2025-01-08T12:31:44.017+0000] {processor.py:161} INFO - Started process (PID=2306) to work on /home/airflow/.local/lib/python3.8/site-packages/airflow/example_dags/example_skip_dag.py
[2025-01-08T12:31:44.018+0000] {processor.py:830} INFO - Processing file /home/airflow/.local/lib/python3.8/site-packages/airflow/example_dags/example_skip_dag.py for tasks to queue
[2025-01-08T12:31:44.022+0000] {logging_mixin.py:188} INFO - [2025-01-08T12:31:44.021+0000] {dagbag.py:538} INFO - Filling up the DagBag from /home/airflow/.local/lib/python3.8/site-packages/airflow/example_dags/example_skip_dag.py
[2025-01-08T12:31:44.212+0000] {processor.py:840} INFO - DAG(s) 'example_skip_dag' retrieved from /home/airflow/.local/lib/python3.8/site-packages/airflow/example_dags/example_skip_dag.py
[2025-01-08T12:31:44.270+0000] {logging_mixin.py:188} INFO - [2025-01-08T12:31:44.270+0000] {dag.py:3036} INFO - Sync 1 DAGs
[2025-01-08T12:31:44.320+0000] {logging_mixin.py:188} INFO - [2025-01-08T12:31:44.319+0000] {dag.py:3823} INFO - Setting next_dagrun for example_skip_dag to 2025-01-07 00:00:00+00:00, run_after=2025-01-08 00:00:00+00:00
[2025-01-08T12:31:44.361+0000] {processor.py:183} INFO - Processing /home/airflow/.local/lib/python3.8/site-packages/airflow/example_dags/example_skip_dag.py took 0.349 seconds
[2025-01-08T12:32:14.457+0000] {processor.py:161} INFO - Started process (PID=2364) to work on /home/airflow/.local/lib/python3.8/site-packages/airflow/example_dags/example_skip_dag.py
[2025-01-08T12:32:14.459+0000] {processor.py:830} INFO - Processing file /home/airflow/.local/lib/python3.8/site-packages/airflow/example_dags/example_skip_dag.py for tasks to queue
[2025-01-08T12:32:14.468+0000] {logging_mixin.py:188} INFO - [2025-01-08T12:32:14.467+0000] {dagbag.py:538} INFO - Filling up the DagBag from /home/airflow/.local/lib/python3.8/site-packages/airflow/example_dags/example_skip_dag.py
[2025-01-08T12:32:14.478+0000] {processor.py:840} INFO - DAG(s) 'example_skip_dag' retrieved from /home/airflow/.local/lib/python3.8/site-packages/airflow/example_dags/example_skip_dag.py
[2025-01-08T12:32:14.518+0000] {logging_mixin.py:188} INFO - [2025-01-08T12:32:14.518+0000] {dag.py:3036} INFO - Sync 1 DAGs
[2025-01-08T12:32:14.563+0000] {logging_mixin.py:188} INFO - [2025-01-08T12:32:14.563+0000] {dag.py:3823} INFO - Setting next_dagrun for example_skip_dag to 2025-01-07 00:00:00+00:00, run_after=2025-01-08 00:00:00+00:00
[2025-01-08T12:32:14.590+0000] {processor.py:183} INFO - Processing /home/airflow/.local/lib/python3.8/site-packages/airflow/example_dags/example_skip_dag.py took 0.143 seconds
[2025-01-08T12:32:45.381+0000] {processor.py:161} INFO - Started process (PID=2423) to work on /home/airflow/.local/lib/python3.8/site-packages/airflow/example_dags/example_skip_dag.py
[2025-01-08T12:32:45.383+0000] {processor.py:830} INFO - Processing file /home/airflow/.local/lib/python3.8/site-packages/airflow/example_dags/example_skip_dag.py for tasks to queue
[2025-01-08T12:32:45.386+0000] {logging_mixin.py:188} INFO - [2025-01-08T12:32:45.386+0000] {dagbag.py:538} INFO - Filling up the DagBag from /home/airflow/.local/lib/python3.8/site-packages/airflow/example_dags/example_skip_dag.py
[2025-01-08T12:32:45.395+0000] {processor.py:840} INFO - DAG(s) 'example_skip_dag' retrieved from /home/airflow/.local/lib/python3.8/site-packages/airflow/example_dags/example_skip_dag.py
[2025-01-08T12:32:45.424+0000] {logging_mixin.py:188} INFO - [2025-01-08T12:32:45.424+0000] {dag.py:3036} INFO - Sync 1 DAGs
[2025-01-08T12:32:45.456+0000] {logging_mixin.py:188} INFO - [2025-01-08T12:32:45.455+0000] {dag.py:3823} INFO - Setting next_dagrun for example_skip_dag to 2025-01-07 00:00:00+00:00, run_after=2025-01-08 00:00:00+00:00
[2025-01-08T12:32:45.483+0000] {processor.py:183} INFO - Processing /home/airflow/.local/lib/python3.8/site-packages/airflow/example_dags/example_skip_dag.py took 0.108 seconds
[2025-01-08T12:33:16.068+0000] {processor.py:161} INFO - Started process (PID=2482) to work on /home/airflow/.local/lib/python3.8/site-packages/airflow/example_dags/example_skip_dag.py
[2025-01-08T12:33:16.069+0000] {processor.py:830} INFO - Processing file /home/airflow/.local/lib/python3.8/site-packages/airflow/example_dags/example_skip_dag.py for tasks to queue
[2025-01-08T12:33:16.072+0000] {logging_mixin.py:188} INFO - [2025-01-08T12:33:16.071+0000] {dagbag.py:538} INFO - Filling up the DagBag from /home/airflow/.local/lib/python3.8/site-packages/airflow/example_dags/example_skip_dag.py
[2025-01-08T12:33:16.085+0000] {processor.py:840} INFO - DAG(s) 'example_skip_dag' retrieved from /home/airflow/.local/lib/python3.8/site-packages/airflow/example_dags/example_skip_dag.py
[2025-01-08T12:33:16.129+0000] {logging_mixin.py:188} INFO - [2025-01-08T12:33:16.128+0000] {dag.py:3036} INFO - Sync 1 DAGs
[2025-01-08T12:33:16.176+0000] {logging_mixin.py:188} INFO - [2025-01-08T12:33:16.175+0000] {dag.py:3823} INFO - Setting next_dagrun for example_skip_dag to 2025-01-07 00:00:00+00:00, run_after=2025-01-08 00:00:00+00:00
[2025-01-08T12:33:16.210+0000] {processor.py:183} INFO - Processing /home/airflow/.local/lib/python3.8/site-packages/airflow/example_dags/example_skip_dag.py took 0.156 seconds
[2025-01-08T12:33:46.416+0000] {processor.py:161} INFO - Started process (PID=2541) to work on /home/airflow/.local/lib/python3.8/site-packages/airflow/example_dags/example_skip_dag.py
[2025-01-08T12:33:46.417+0000] {processor.py:830} INFO - Processing file /home/airflow/.local/lib/python3.8/site-packages/airflow/example_dags/example_skip_dag.py for tasks to queue
[2025-01-08T12:33:46.421+0000] {logging_mixin.py:188} INFO - [2025-01-08T12:33:46.420+0000] {dagbag.py:538} INFO - Filling up the DagBag from /home/airflow/.local/lib/python3.8/site-packages/airflow/example_dags/example_skip_dag.py
[2025-01-08T12:33:46.432+0000] {processor.py:840} INFO - DAG(s) 'example_skip_dag' retrieved from /home/airflow/.local/lib/python3.8/site-packages/airflow/example_dags/example_skip_dag.py
[2025-01-08T12:33:46.465+0000] {logging_mixin.py:188} INFO - [2025-01-08T12:33:46.465+0000] {dag.py:3036} INFO - Sync 1 DAGs
[2025-01-08T12:33:46.498+0000] {logging_mixin.py:188} INFO - [2025-01-08T12:33:46.498+0000] {dag.py:3823} INFO - Setting next_dagrun for example_skip_dag to 2025-01-07 00:00:00+00:00, run_after=2025-01-08 00:00:00+00:00
[2025-01-08T12:33:46.527+0000] {processor.py:183} INFO - Processing /home/airflow/.local/lib/python3.8/site-packages/airflow/example_dags/example_skip_dag.py took 0.116 seconds
