[2025-01-08T12:12:03.648+0000] {processor.py:161} INFO - Started process (PID=81) to work on /home/airflow/.local/lib/python3.8/site-packages/airflow/example_dags/example_sensor_decorator.py
[2025-01-08T12:12:03.649+0000] {processor.py:830} INFO - Processing file /home/airflow/.local/lib/python3.8/site-packages/airflow/example_dags/example_sensor_decorator.py for tasks to queue
[2025-01-08T12:12:03.653+0000] {logging_mixin.py:188} INFO - [2025-01-08T12:12:03.652+0000] {dagbag.py:538} INFO - Filling up the DagBag from /home/airflow/.local/lib/python3.8/site-packages/airflow/example_dags/example_sensor_decorator.py
[2025-01-08T12:12:03.661+0000] {processor.py:840} INFO - DAG(s) 'example_sensor_decorator' retrieved from /home/airflow/.local/lib/python3.8/site-packages/airflow/example_dags/example_sensor_decorator.py
[2025-01-08T12:12:03.849+0000] {logging_mixin.py:188} INFO - [2025-01-08T12:12:03.849+0000] {dag.py:3036} INFO - Sync 1 DAGs
[2025-01-08T12:12:03.869+0000] {logging_mixin.py:188} INFO - [2025-01-08T12:12:03.868+0000] {dag.py:3823} INFO - Setting next_dagrun for example_sensor_decorator to None, run_after=None
[2025-01-08T12:12:03.897+0000] {processor.py:183} INFO - Processing /home/airflow/.local/lib/python3.8/site-packages/airflow/example_dags/example_sensor_decorator.py took 0.254 seconds
[2025-01-08T12:12:34.004+0000] {processor.py:161} INFO - Started process (PID=139) to work on /home/airflow/.local/lib/python3.8/site-packages/airflow/example_dags/example_sensor_decorator.py
[2025-01-08T12:12:34.008+0000] {processor.py:830} INFO - Processing file /home/airflow/.local/lib/python3.8/site-packages/airflow/example_dags/example_sensor_decorator.py for tasks to queue
[2025-01-08T12:12:34.012+0000] {logging_mixin.py:188} INFO - [2025-01-08T12:12:34.012+0000] {dagbag.py:538} INFO - Filling up the DagBag from /home/airflow/.local/lib/python3.8/site-packages/airflow/example_dags/example_sensor_decorator.py
[2025-01-08T12:12:34.024+0000] {processor.py:840} INFO - DAG(s) 'example_sensor_decorator' retrieved from /home/airflow/.local/lib/python3.8/site-packages/airflow/example_dags/example_sensor_decorator.py
[2025-01-08T12:12:34.058+0000] {logging_mixin.py:188} INFO - [2025-01-08T12:12:34.057+0000] {dag.py:3036} INFO - Sync 1 DAGs
[2025-01-08T12:12:34.084+0000] {logging_mixin.py:188} INFO - [2025-01-08T12:12:34.084+0000] {dag.py:3823} INFO - Setting next_dagrun for example_sensor_decorator to None, run_after=None
[2025-01-08T12:12:34.115+0000] {processor.py:183} INFO - Processing /home/airflow/.local/lib/python3.8/site-packages/airflow/example_dags/example_sensor_decorator.py took 0.126 seconds
[2025-01-08T12:13:04.177+0000] {processor.py:161} INFO - Started process (PID=196) to work on /home/airflow/.local/lib/python3.8/site-packages/airflow/example_dags/example_sensor_decorator.py
[2025-01-08T12:13:04.178+0000] {processor.py:830} INFO - Processing file /home/airflow/.local/lib/python3.8/site-packages/airflow/example_dags/example_sensor_decorator.py for tasks to queue
[2025-01-08T12:13:04.181+0000] {logging_mixin.py:188} INFO - [2025-01-08T12:13:04.181+0000] {dagbag.py:538} INFO - Filling up the DagBag from /home/airflow/.local/lib/python3.8/site-packages/airflow/example_dags/example_sensor_decorator.py
[2025-01-08T12:13:04.190+0000] {processor.py:840} INFO - DAG(s) 'example_sensor_decorator' retrieved from /home/airflow/.local/lib/python3.8/site-packages/airflow/example_dags/example_sensor_decorator.py
[2025-01-08T12:13:04.219+0000] {logging_mixin.py:188} INFO - [2025-01-08T12:13:04.218+0000] {dag.py:3036} INFO - Sync 1 DAGs
[2025-01-08T12:13:04.238+0000] {logging_mixin.py:188} INFO - [2025-01-08T12:13:04.237+0000] {dag.py:3823} INFO - Setting next_dagrun for example_sensor_decorator to None, run_after=None
[2025-01-08T12:13:04.269+0000] {processor.py:183} INFO - Processing /home/airflow/.local/lib/python3.8/site-packages/airflow/example_dags/example_sensor_decorator.py took 0.098 seconds
[2025-01-08T12:13:36.627+0000] {processor.py:161} INFO - Started process (PID=252) to work on /home/airflow/.local/lib/python3.8/site-packages/airflow/example_dags/example_sensor_decorator.py
[2025-01-08T12:13:36.630+0000] {processor.py:830} INFO - Processing file /home/airflow/.local/lib/python3.8/site-packages/airflow/example_dags/example_sensor_decorator.py for tasks to queue
[2025-01-08T12:13:36.648+0000] {logging_mixin.py:188} INFO - [2025-01-08T12:13:36.647+0000] {dagbag.py:538} INFO - Filling up the DagBag from /home/airflow/.local/lib/python3.8/site-packages/airflow/example_dags/example_sensor_decorator.py
[2025-01-08T12:13:36.666+0000] {processor.py:840} INFO - DAG(s) 'example_sensor_decorator' retrieved from /home/airflow/.local/lib/python3.8/site-packages/airflow/example_dags/example_sensor_decorator.py
[2025-01-08T12:13:36.739+0000] {logging_mixin.py:188} INFO - [2025-01-08T12:13:36.739+0000] {dag.py:3036} INFO - Sync 1 DAGs
[2025-01-08T12:13:36.768+0000] {logging_mixin.py:188} INFO - [2025-01-08T12:13:36.768+0000] {dag.py:3823} INFO - Setting next_dagrun for example_sensor_decorator to None, run_after=None
[2025-01-08T12:13:36.819+0000] {processor.py:183} INFO - Processing /home/airflow/.local/lib/python3.8/site-packages/airflow/example_dags/example_sensor_decorator.py took 0.198 seconds
[2025-01-08T12:14:07.122+0000] {processor.py:161} INFO - Started process (PID=309) to work on /home/airflow/.local/lib/python3.8/site-packages/airflow/example_dags/example_sensor_decorator.py
[2025-01-08T12:14:07.123+0000] {processor.py:830} INFO - Processing file /home/airflow/.local/lib/python3.8/site-packages/airflow/example_dags/example_sensor_decorator.py for tasks to queue
[2025-01-08T12:14:07.126+0000] {logging_mixin.py:188} INFO - [2025-01-08T12:14:07.126+0000] {dagbag.py:538} INFO - Filling up the DagBag from /home/airflow/.local/lib/python3.8/site-packages/airflow/example_dags/example_sensor_decorator.py
[2025-01-08T12:14:07.137+0000] {processor.py:840} INFO - DAG(s) 'example_sensor_decorator' retrieved from /home/airflow/.local/lib/python3.8/site-packages/airflow/example_dags/example_sensor_decorator.py
[2025-01-08T12:14:07.167+0000] {logging_mixin.py:188} INFO - [2025-01-08T12:14:07.167+0000] {dag.py:3036} INFO - Sync 1 DAGs
[2025-01-08T12:14:07.188+0000] {logging_mixin.py:188} INFO - [2025-01-08T12:14:07.187+0000] {dag.py:3823} INFO - Setting next_dagrun for example_sensor_decorator to None, run_after=None
[2025-01-08T12:14:07.218+0000] {processor.py:183} INFO - Processing /home/airflow/.local/lib/python3.8/site-packages/airflow/example_dags/example_sensor_decorator.py took 0.101 seconds
[2025-01-08T12:14:37.585+0000] {processor.py:161} INFO - Started process (PID=367) to work on /home/airflow/.local/lib/python3.8/site-packages/airflow/example_dags/example_sensor_decorator.py
[2025-01-08T12:14:37.587+0000] {processor.py:830} INFO - Processing file /home/airflow/.local/lib/python3.8/site-packages/airflow/example_dags/example_sensor_decorator.py for tasks to queue
[2025-01-08T12:14:37.590+0000] {logging_mixin.py:188} INFO - [2025-01-08T12:14:37.590+0000] {dagbag.py:538} INFO - Filling up the DagBag from /home/airflow/.local/lib/python3.8/site-packages/airflow/example_dags/example_sensor_decorator.py
[2025-01-08T12:14:37.600+0000] {processor.py:840} INFO - DAG(s) 'example_sensor_decorator' retrieved from /home/airflow/.local/lib/python3.8/site-packages/airflow/example_dags/example_sensor_decorator.py
[2025-01-08T12:14:37.636+0000] {logging_mixin.py:188} INFO - [2025-01-08T12:14:37.636+0000] {dag.py:3036} INFO - Sync 1 DAGs
[2025-01-08T12:14:37.662+0000] {logging_mixin.py:188} INFO - [2025-01-08T12:14:37.661+0000] {dag.py:3823} INFO - Setting next_dagrun for example_sensor_decorator to None, run_after=None
[2025-01-08T12:14:37.699+0000] {processor.py:183} INFO - Processing /home/airflow/.local/lib/python3.8/site-packages/airflow/example_dags/example_sensor_decorator.py took 0.120 seconds
[2025-01-08T12:15:08.354+0000] {processor.py:161} INFO - Started process (PID=425) to work on /home/airflow/.local/lib/python3.8/site-packages/airflow/example_dags/example_sensor_decorator.py
[2025-01-08T12:15:08.355+0000] {processor.py:830} INFO - Processing file /home/airflow/.local/lib/python3.8/site-packages/airflow/example_dags/example_sensor_decorator.py for tasks to queue
[2025-01-08T12:15:08.357+0000] {logging_mixin.py:188} INFO - [2025-01-08T12:15:08.357+0000] {dagbag.py:538} INFO - Filling up the DagBag from /home/airflow/.local/lib/python3.8/site-packages/airflow/example_dags/example_sensor_decorator.py
[2025-01-08T12:15:08.365+0000] {processor.py:840} INFO - DAG(s) 'example_sensor_decorator' retrieved from /home/airflow/.local/lib/python3.8/site-packages/airflow/example_dags/example_sensor_decorator.py
[2025-01-08T12:15:08.389+0000] {logging_mixin.py:188} INFO - [2025-01-08T12:15:08.388+0000] {dag.py:3036} INFO - Sync 1 DAGs
[2025-01-08T12:15:08.404+0000] {logging_mixin.py:188} INFO - [2025-01-08T12:15:08.404+0000] {dag.py:3823} INFO - Setting next_dagrun for example_sensor_decorator to None, run_after=None
[2025-01-08T12:15:08.433+0000] {processor.py:183} INFO - Processing /home/airflow/.local/lib/python3.8/site-packages/airflow/example_dags/example_sensor_decorator.py took 0.083 seconds
[2025-01-08T12:15:38.867+0000] {processor.py:161} INFO - Started process (PID=482) to work on /home/airflow/.local/lib/python3.8/site-packages/airflow/example_dags/example_sensor_decorator.py
[2025-01-08T12:15:38.869+0000] {processor.py:830} INFO - Processing file /home/airflow/.local/lib/python3.8/site-packages/airflow/example_dags/example_sensor_decorator.py for tasks to queue
[2025-01-08T12:15:38.875+0000] {logging_mixin.py:188} INFO - [2025-01-08T12:15:38.874+0000] {dagbag.py:538} INFO - Filling up the DagBag from /home/airflow/.local/lib/python3.8/site-packages/airflow/example_dags/example_sensor_decorator.py
[2025-01-08T12:15:38.893+0000] {processor.py:840} INFO - DAG(s) 'example_sensor_decorator' retrieved from /home/airflow/.local/lib/python3.8/site-packages/airflow/example_dags/example_sensor_decorator.py
[2025-01-08T12:15:38.937+0000] {logging_mixin.py:188} INFO - [2025-01-08T12:15:38.937+0000] {dag.py:3036} INFO - Sync 1 DAGs
[2025-01-08T12:15:38.959+0000] {logging_mixin.py:188} INFO - [2025-01-08T12:15:38.959+0000] {dag.py:3823} INFO - Setting next_dagrun for example_sensor_decorator to None, run_after=None
[2025-01-08T12:15:38.997+0000] {processor.py:183} INFO - Processing /home/airflow/.local/lib/python3.8/site-packages/airflow/example_dags/example_sensor_decorator.py took 0.138 seconds
[2025-01-08T12:16:09.184+0000] {processor.py:161} INFO - Started process (PID=537) to work on /home/airflow/.local/lib/python3.8/site-packages/airflow/example_dags/example_sensor_decorator.py
[2025-01-08T12:16:09.186+0000] {processor.py:830} INFO - Processing file /home/airflow/.local/lib/python3.8/site-packages/airflow/example_dags/example_sensor_decorator.py for tasks to queue
[2025-01-08T12:16:09.192+0000] {logging_mixin.py:188} INFO - [2025-01-08T12:16:09.191+0000] {dagbag.py:538} INFO - Filling up the DagBag from /home/airflow/.local/lib/python3.8/site-packages/airflow/example_dags/example_sensor_decorator.py
[2025-01-08T12:16:09.205+0000] {processor.py:840} INFO - DAG(s) 'example_sensor_decorator' retrieved from /home/airflow/.local/lib/python3.8/site-packages/airflow/example_dags/example_sensor_decorator.py
[2025-01-08T12:16:09.240+0000] {logging_mixin.py:188} INFO - [2025-01-08T12:16:09.240+0000] {dag.py:3036} INFO - Sync 1 DAGs
[2025-01-08T12:16:09.271+0000] {logging_mixin.py:188} INFO - [2025-01-08T12:16:09.271+0000] {dag.py:3823} INFO - Setting next_dagrun for example_sensor_decorator to None, run_after=None
[2025-01-08T12:16:09.324+0000] {processor.py:183} INFO - Processing /home/airflow/.local/lib/python3.8/site-packages/airflow/example_dags/example_sensor_decorator.py took 0.153 seconds
[2025-01-08T12:16:39.939+0000] {processor.py:161} INFO - Started process (PID=595) to work on /home/airflow/.local/lib/python3.8/site-packages/airflow/example_dags/example_sensor_decorator.py
[2025-01-08T12:16:39.940+0000] {processor.py:830} INFO - Processing file /home/airflow/.local/lib/python3.8/site-packages/airflow/example_dags/example_sensor_decorator.py for tasks to queue
[2025-01-08T12:16:39.943+0000] {logging_mixin.py:188} INFO - [2025-01-08T12:16:39.943+0000] {dagbag.py:538} INFO - Filling up the DagBag from /home/airflow/.local/lib/python3.8/site-packages/airflow/example_dags/example_sensor_decorator.py
[2025-01-08T12:16:39.953+0000] {processor.py:840} INFO - DAG(s) 'example_sensor_decorator' retrieved from /home/airflow/.local/lib/python3.8/site-packages/airflow/example_dags/example_sensor_decorator.py
[2025-01-08T12:16:40.021+0000] {logging_mixin.py:188} INFO - [2025-01-08T12:16:40.021+0000] {dag.py:3036} INFO - Sync 1 DAGs
[2025-01-08T12:16:40.070+0000] {logging_mixin.py:188} INFO - [2025-01-08T12:16:40.069+0000] {dag.py:3823} INFO - Setting next_dagrun for example_sensor_decorator to None, run_after=None
[2025-01-08T12:16:40.109+0000] {processor.py:183} INFO - Processing /home/airflow/.local/lib/python3.8/site-packages/airflow/example_dags/example_sensor_decorator.py took 0.176 seconds
[2025-01-08T12:17:10.563+0000] {processor.py:161} INFO - Started process (PID=654) to work on /home/airflow/.local/lib/python3.8/site-packages/airflow/example_dags/example_sensor_decorator.py
[2025-01-08T12:17:10.565+0000] {processor.py:830} INFO - Processing file /home/airflow/.local/lib/python3.8/site-packages/airflow/example_dags/example_sensor_decorator.py for tasks to queue
[2025-01-08T12:17:10.568+0000] {logging_mixin.py:188} INFO - [2025-01-08T12:17:10.568+0000] {dagbag.py:538} INFO - Filling up the DagBag from /home/airflow/.local/lib/python3.8/site-packages/airflow/example_dags/example_sensor_decorator.py
[2025-01-08T12:17:10.579+0000] {processor.py:840} INFO - DAG(s) 'example_sensor_decorator' retrieved from /home/airflow/.local/lib/python3.8/site-packages/airflow/example_dags/example_sensor_decorator.py
[2025-01-08T12:17:10.614+0000] {logging_mixin.py:188} INFO - [2025-01-08T12:17:10.614+0000] {dag.py:3036} INFO - Sync 1 DAGs
[2025-01-08T12:17:10.637+0000] {logging_mixin.py:188} INFO - [2025-01-08T12:17:10.637+0000] {dag.py:3823} INFO - Setting next_dagrun for example_sensor_decorator to None, run_after=None
[2025-01-08T12:17:10.680+0000] {processor.py:183} INFO - Processing /home/airflow/.local/lib/python3.8/site-packages/airflow/example_dags/example_sensor_decorator.py took 0.124 seconds
[2025-01-08T12:17:41.390+0000] {processor.py:161} INFO - Started process (PID=713) to work on /home/airflow/.local/lib/python3.8/site-packages/airflow/example_dags/example_sensor_decorator.py
[2025-01-08T12:17:41.391+0000] {processor.py:830} INFO - Processing file /home/airflow/.local/lib/python3.8/site-packages/airflow/example_dags/example_sensor_decorator.py for tasks to queue
[2025-01-08T12:17:41.393+0000] {logging_mixin.py:188} INFO - [2025-01-08T12:17:41.393+0000] {dagbag.py:538} INFO - Filling up the DagBag from /home/airflow/.local/lib/python3.8/site-packages/airflow/example_dags/example_sensor_decorator.py
[2025-01-08T12:17:41.401+0000] {processor.py:840} INFO - DAG(s) 'example_sensor_decorator' retrieved from /home/airflow/.local/lib/python3.8/site-packages/airflow/example_dags/example_sensor_decorator.py
[2025-01-08T12:17:41.428+0000] {logging_mixin.py:188} INFO - [2025-01-08T12:17:41.428+0000] {dag.py:3036} INFO - Sync 1 DAGs
[2025-01-08T12:17:41.447+0000] {logging_mixin.py:188} INFO - [2025-01-08T12:17:41.447+0000] {dag.py:3823} INFO - Setting next_dagrun for example_sensor_decorator to None, run_after=None
[2025-01-08T12:17:41.476+0000] {processor.py:183} INFO - Processing /home/airflow/.local/lib/python3.8/site-packages/airflow/example_dags/example_sensor_decorator.py took 0.091 seconds
[2025-01-08T12:18:12.167+0000] {processor.py:161} INFO - Started process (PID=772) to work on /home/airflow/.local/lib/python3.8/site-packages/airflow/example_dags/example_sensor_decorator.py
[2025-01-08T12:18:12.169+0000] {processor.py:830} INFO - Processing file /home/airflow/.local/lib/python3.8/site-packages/airflow/example_dags/example_sensor_decorator.py for tasks to queue
[2025-01-08T12:18:12.172+0000] {logging_mixin.py:188} INFO - [2025-01-08T12:18:12.171+0000] {dagbag.py:538} INFO - Filling up the DagBag from /home/airflow/.local/lib/python3.8/site-packages/airflow/example_dags/example_sensor_decorator.py
[2025-01-08T12:18:12.183+0000] {processor.py:840} INFO - DAG(s) 'example_sensor_decorator' retrieved from /home/airflow/.local/lib/python3.8/site-packages/airflow/example_dags/example_sensor_decorator.py
[2025-01-08T12:18:12.210+0000] {logging_mixin.py:188} INFO - [2025-01-08T12:18:12.210+0000] {dag.py:3036} INFO - Sync 1 DAGs
[2025-01-08T12:18:12.228+0000] {logging_mixin.py:188} INFO - [2025-01-08T12:18:12.227+0000] {dag.py:3823} INFO - Setting next_dagrun for example_sensor_decorator to None, run_after=None
[2025-01-08T12:18:12.253+0000] {processor.py:183} INFO - Processing /home/airflow/.local/lib/python3.8/site-packages/airflow/example_dags/example_sensor_decorator.py took 0.092 seconds
[2025-01-08T12:18:42.378+0000] {processor.py:161} INFO - Started process (PID=831) to work on /home/airflow/.local/lib/python3.8/site-packages/airflow/example_dags/example_sensor_decorator.py
[2025-01-08T12:18:42.379+0000] {processor.py:830} INFO - Processing file /home/airflow/.local/lib/python3.8/site-packages/airflow/example_dags/example_sensor_decorator.py for tasks to queue
[2025-01-08T12:18:42.381+0000] {logging_mixin.py:188} INFO - [2025-01-08T12:18:42.381+0000] {dagbag.py:538} INFO - Filling up the DagBag from /home/airflow/.local/lib/python3.8/site-packages/airflow/example_dags/example_sensor_decorator.py
[2025-01-08T12:18:42.388+0000] {processor.py:840} INFO - DAG(s) 'example_sensor_decorator' retrieved from /home/airflow/.local/lib/python3.8/site-packages/airflow/example_dags/example_sensor_decorator.py
[2025-01-08T12:18:42.414+0000] {logging_mixin.py:188} INFO - [2025-01-08T12:18:42.414+0000] {dag.py:3036} INFO - Sync 1 DAGs
[2025-01-08T12:18:42.430+0000] {logging_mixin.py:188} INFO - [2025-01-08T12:18:42.429+0000] {dag.py:3823} INFO - Setting next_dagrun for example_sensor_decorator to None, run_after=None
[2025-01-08T12:18:42.455+0000] {processor.py:183} INFO - Processing /home/airflow/.local/lib/python3.8/site-packages/airflow/example_dags/example_sensor_decorator.py took 0.081 seconds
[2025-01-08T12:19:13.628+0000] {processor.py:161} INFO - Started process (PID=891) to work on /home/airflow/.local/lib/python3.8/site-packages/airflow/example_dags/example_sensor_decorator.py
[2025-01-08T12:19:13.629+0000] {processor.py:830} INFO - Processing file /home/airflow/.local/lib/python3.8/site-packages/airflow/example_dags/example_sensor_decorator.py for tasks to queue
[2025-01-08T12:19:13.633+0000] {logging_mixin.py:188} INFO - [2025-01-08T12:19:13.632+0000] {dagbag.py:538} INFO - Filling up the DagBag from /home/airflow/.local/lib/python3.8/site-packages/airflow/example_dags/example_sensor_decorator.py
[2025-01-08T12:19:13.643+0000] {processor.py:840} INFO - DAG(s) 'example_sensor_decorator' retrieved from /home/airflow/.local/lib/python3.8/site-packages/airflow/example_dags/example_sensor_decorator.py
[2025-01-08T12:19:13.673+0000] {logging_mixin.py:188} INFO - [2025-01-08T12:19:13.673+0000] {dag.py:3036} INFO - Sync 1 DAGs
[2025-01-08T12:19:13.694+0000] {logging_mixin.py:188} INFO - [2025-01-08T12:19:13.693+0000] {dag.py:3823} INFO - Setting next_dagrun for example_sensor_decorator to None, run_after=None
[2025-01-08T12:19:13.726+0000] {processor.py:183} INFO - Processing /home/airflow/.local/lib/python3.8/site-packages/airflow/example_dags/example_sensor_decorator.py took 0.103 seconds
[2025-01-08T12:19:45.037+0000] {processor.py:161} INFO - Started process (PID=950) to work on /home/airflow/.local/lib/python3.8/site-packages/airflow/example_dags/example_sensor_decorator.py
[2025-01-08T12:19:45.040+0000] {processor.py:830} INFO - Processing file /home/airflow/.local/lib/python3.8/site-packages/airflow/example_dags/example_sensor_decorator.py for tasks to queue
[2025-01-08T12:19:45.044+0000] {logging_mixin.py:188} INFO - [2025-01-08T12:19:45.043+0000] {dagbag.py:538} INFO - Filling up the DagBag from /home/airflow/.local/lib/python3.8/site-packages/airflow/example_dags/example_sensor_decorator.py
[2025-01-08T12:19:45.053+0000] {processor.py:840} INFO - DAG(s) 'example_sensor_decorator' retrieved from /home/airflow/.local/lib/python3.8/site-packages/airflow/example_dags/example_sensor_decorator.py
[2025-01-08T12:19:45.084+0000] {logging_mixin.py:188} INFO - [2025-01-08T12:19:45.083+0000] {dag.py:3036} INFO - Sync 1 DAGs
[2025-01-08T12:19:45.101+0000] {logging_mixin.py:188} INFO - [2025-01-08T12:19:45.101+0000] {dag.py:3823} INFO - Setting next_dagrun for example_sensor_decorator to None, run_after=None
[2025-01-08T12:19:45.140+0000] {processor.py:183} INFO - Processing /home/airflow/.local/lib/python3.8/site-packages/airflow/example_dags/example_sensor_decorator.py took 0.110 seconds
[2025-01-08T12:20:16.389+0000] {processor.py:161} INFO - Started process (PID=1015) to work on /home/airflow/.local/lib/python3.8/site-packages/airflow/example_dags/example_sensor_decorator.py
[2025-01-08T12:20:16.392+0000] {processor.py:830} INFO - Processing file /home/airflow/.local/lib/python3.8/site-packages/airflow/example_dags/example_sensor_decorator.py for tasks to queue
[2025-01-08T12:20:16.394+0000] {logging_mixin.py:188} INFO - [2025-01-08T12:20:16.394+0000] {dagbag.py:538} INFO - Filling up the DagBag from /home/airflow/.local/lib/python3.8/site-packages/airflow/example_dags/example_sensor_decorator.py
[2025-01-08T12:20:16.407+0000] {processor.py:840} INFO - DAG(s) 'example_sensor_decorator' retrieved from /home/airflow/.local/lib/python3.8/site-packages/airflow/example_dags/example_sensor_decorator.py
[2025-01-08T12:20:16.437+0000] {logging_mixin.py:188} INFO - [2025-01-08T12:20:16.436+0000] {dag.py:3036} INFO - Sync 1 DAGs
[2025-01-08T12:20:16.453+0000] {logging_mixin.py:188} INFO - [2025-01-08T12:20:16.453+0000] {dag.py:3823} INFO - Setting next_dagrun for example_sensor_decorator to None, run_after=None
[2025-01-08T12:20:16.492+0000] {processor.py:183} INFO - Processing /home/airflow/.local/lib/python3.8/site-packages/airflow/example_dags/example_sensor_decorator.py took 0.108 seconds
[2025-01-08T12:20:47.870+0000] {processor.py:161} INFO - Started process (PID=1074) to work on /home/airflow/.local/lib/python3.8/site-packages/airflow/example_dags/example_sensor_decorator.py
[2025-01-08T12:20:47.872+0000] {processor.py:830} INFO - Processing file /home/airflow/.local/lib/python3.8/site-packages/airflow/example_dags/example_sensor_decorator.py for tasks to queue
[2025-01-08T12:20:47.875+0000] {logging_mixin.py:188} INFO - [2025-01-08T12:20:47.875+0000] {dagbag.py:538} INFO - Filling up the DagBag from /home/airflow/.local/lib/python3.8/site-packages/airflow/example_dags/example_sensor_decorator.py
[2025-01-08T12:20:47.891+0000] {processor.py:840} INFO - DAG(s) 'example_sensor_decorator' retrieved from /home/airflow/.local/lib/python3.8/site-packages/airflow/example_dags/example_sensor_decorator.py
[2025-01-08T12:20:47.937+0000] {logging_mixin.py:188} INFO - [2025-01-08T12:20:47.936+0000] {dag.py:3036} INFO - Sync 1 DAGs
[2025-01-08T12:20:47.997+0000] {logging_mixin.py:188} INFO - [2025-01-08T12:20:47.997+0000] {dag.py:3823} INFO - Setting next_dagrun for example_sensor_decorator to None, run_after=None
[2025-01-08T12:20:48.112+0000] {processor.py:183} INFO - Processing /home/airflow/.local/lib/python3.8/site-packages/airflow/example_dags/example_sensor_decorator.py took 0.247 seconds
[2025-01-08T12:21:19.801+0000] {processor.py:161} INFO - Started process (PID=1133) to work on /home/airflow/.local/lib/python3.8/site-packages/airflow/example_dags/example_sensor_decorator.py
[2025-01-08T12:21:19.802+0000] {processor.py:830} INFO - Processing file /home/airflow/.local/lib/python3.8/site-packages/airflow/example_dags/example_sensor_decorator.py for tasks to queue
[2025-01-08T12:21:19.811+0000] {logging_mixin.py:188} INFO - [2025-01-08T12:21:19.810+0000] {dagbag.py:538} INFO - Filling up the DagBag from /home/airflow/.local/lib/python3.8/site-packages/airflow/example_dags/example_sensor_decorator.py
[2025-01-08T12:21:19.825+0000] {processor.py:840} INFO - DAG(s) 'example_sensor_decorator' retrieved from /home/airflow/.local/lib/python3.8/site-packages/airflow/example_dags/example_sensor_decorator.py
[2025-01-08T12:21:19.872+0000] {logging_mixin.py:188} INFO - [2025-01-08T12:21:19.872+0000] {dag.py:3036} INFO - Sync 1 DAGs
[2025-01-08T12:21:19.905+0000] {logging_mixin.py:188} INFO - [2025-01-08T12:21:19.905+0000] {dag.py:3823} INFO - Setting next_dagrun for example_sensor_decorator to None, run_after=None
[2025-01-08T12:21:19.950+0000] {processor.py:183} INFO - Processing /home/airflow/.local/lib/python3.8/site-packages/airflow/example_dags/example_sensor_decorator.py took 0.158 seconds
[2025-01-08T12:21:50.194+0000] {processor.py:161} INFO - Started process (PID=1192) to work on /home/airflow/.local/lib/python3.8/site-packages/airflow/example_dags/example_sensor_decorator.py
[2025-01-08T12:21:50.196+0000] {processor.py:830} INFO - Processing file /home/airflow/.local/lib/python3.8/site-packages/airflow/example_dags/example_sensor_decorator.py for tasks to queue
[2025-01-08T12:21:50.200+0000] {logging_mixin.py:188} INFO - [2025-01-08T12:21:50.199+0000] {dagbag.py:538} INFO - Filling up the DagBag from /home/airflow/.local/lib/python3.8/site-packages/airflow/example_dags/example_sensor_decorator.py
[2025-01-08T12:21:50.213+0000] {processor.py:840} INFO - DAG(s) 'example_sensor_decorator' retrieved from /home/airflow/.local/lib/python3.8/site-packages/airflow/example_dags/example_sensor_decorator.py
[2025-01-08T12:21:50.253+0000] {logging_mixin.py:188} INFO - [2025-01-08T12:21:50.252+0000] {dag.py:3036} INFO - Sync 1 DAGs
[2025-01-08T12:21:50.276+0000] {logging_mixin.py:188} INFO - [2025-01-08T12:21:50.276+0000] {dag.py:3823} INFO - Setting next_dagrun for example_sensor_decorator to None, run_after=None
[2025-01-08T12:21:50.327+0000] {processor.py:183} INFO - Processing /home/airflow/.local/lib/python3.8/site-packages/airflow/example_dags/example_sensor_decorator.py took 0.140 seconds
[2025-01-08T12:22:20.441+0000] {processor.py:161} INFO - Started process (PID=1252) to work on /home/airflow/.local/lib/python3.8/site-packages/airflow/example_dags/example_sensor_decorator.py
[2025-01-08T12:22:20.443+0000] {processor.py:830} INFO - Processing file /home/airflow/.local/lib/python3.8/site-packages/airflow/example_dags/example_sensor_decorator.py for tasks to queue
[2025-01-08T12:22:20.446+0000] {logging_mixin.py:188} INFO - [2025-01-08T12:22:20.445+0000] {dagbag.py:538} INFO - Filling up the DagBag from /home/airflow/.local/lib/python3.8/site-packages/airflow/example_dags/example_sensor_decorator.py
[2025-01-08T12:22:20.455+0000] {processor.py:840} INFO - DAG(s) 'example_sensor_decorator' retrieved from /home/airflow/.local/lib/python3.8/site-packages/airflow/example_dags/example_sensor_decorator.py
[2025-01-08T12:22:20.488+0000] {logging_mixin.py:188} INFO - [2025-01-08T12:22:20.488+0000] {dag.py:3036} INFO - Sync 1 DAGs
[2025-01-08T12:22:20.508+0000] {logging_mixin.py:188} INFO - [2025-01-08T12:22:20.508+0000] {dag.py:3823} INFO - Setting next_dagrun for example_sensor_decorator to None, run_after=None
[2025-01-08T12:22:20.543+0000] {processor.py:183} INFO - Processing /home/airflow/.local/lib/python3.8/site-packages/airflow/example_dags/example_sensor_decorator.py took 0.107 seconds
[2025-01-08T12:22:51.298+0000] {processor.py:161} INFO - Started process (PID=1310) to work on /home/airflow/.local/lib/python3.8/site-packages/airflow/example_dags/example_sensor_decorator.py
[2025-01-08T12:22:51.299+0000] {processor.py:830} INFO - Processing file /home/airflow/.local/lib/python3.8/site-packages/airflow/example_dags/example_sensor_decorator.py for tasks to queue
[2025-01-08T12:22:51.303+0000] {logging_mixin.py:188} INFO - [2025-01-08T12:22:51.302+0000] {dagbag.py:538} INFO - Filling up the DagBag from /home/airflow/.local/lib/python3.8/site-packages/airflow/example_dags/example_sensor_decorator.py
[2025-01-08T12:22:51.315+0000] {processor.py:840} INFO - DAG(s) 'example_sensor_decorator' retrieved from /home/airflow/.local/lib/python3.8/site-packages/airflow/example_dags/example_sensor_decorator.py
[2025-01-08T12:22:51.355+0000] {logging_mixin.py:188} INFO - [2025-01-08T12:22:51.355+0000] {dag.py:3036} INFO - Sync 1 DAGs
[2025-01-08T12:22:51.452+0000] {logging_mixin.py:188} INFO - [2025-01-08T12:22:51.451+0000] {dag.py:3823} INFO - Setting next_dagrun for example_sensor_decorator to None, run_after=None
[2025-01-08T12:22:51.485+0000] {processor.py:183} INFO - Processing /home/airflow/.local/lib/python3.8/site-packages/airflow/example_dags/example_sensor_decorator.py took 0.193 seconds
[2025-01-08T12:23:22.077+0000] {processor.py:161} INFO - Started process (PID=1370) to work on /home/airflow/.local/lib/python3.8/site-packages/airflow/example_dags/example_sensor_decorator.py
[2025-01-08T12:23:22.081+0000] {processor.py:830} INFO - Processing file /home/airflow/.local/lib/python3.8/site-packages/airflow/example_dags/example_sensor_decorator.py for tasks to queue
[2025-01-08T12:23:22.087+0000] {logging_mixin.py:188} INFO - [2025-01-08T12:23:22.086+0000] {dagbag.py:538} INFO - Filling up the DagBag from /home/airflow/.local/lib/python3.8/site-packages/airflow/example_dags/example_sensor_decorator.py
[2025-01-08T12:23:22.107+0000] {processor.py:840} INFO - DAG(s) 'example_sensor_decorator' retrieved from /home/airflow/.local/lib/python3.8/site-packages/airflow/example_dags/example_sensor_decorator.py
[2025-01-08T12:23:22.174+0000] {logging_mixin.py:188} INFO - [2025-01-08T12:23:22.173+0000] {dag.py:3036} INFO - Sync 1 DAGs
[2025-01-08T12:23:22.212+0000] {logging_mixin.py:188} INFO - [2025-01-08T12:23:22.212+0000] {dag.py:3823} INFO - Setting next_dagrun for example_sensor_decorator to None, run_after=None
[2025-01-08T12:23:22.248+0000] {processor.py:183} INFO - Processing /home/airflow/.local/lib/python3.8/site-packages/airflow/example_dags/example_sensor_decorator.py took 0.182 seconds
[2025-01-08T12:23:52.964+0000] {processor.py:161} INFO - Started process (PID=1428) to work on /home/airflow/.local/lib/python3.8/site-packages/airflow/example_dags/example_sensor_decorator.py
[2025-01-08T12:23:52.966+0000] {processor.py:830} INFO - Processing file /home/airflow/.local/lib/python3.8/site-packages/airflow/example_dags/example_sensor_decorator.py for tasks to queue
[2025-01-08T12:23:52.968+0000] {logging_mixin.py:188} INFO - [2025-01-08T12:23:52.968+0000] {dagbag.py:538} INFO - Filling up the DagBag from /home/airflow/.local/lib/python3.8/site-packages/airflow/example_dags/example_sensor_decorator.py
[2025-01-08T12:23:52.981+0000] {processor.py:840} INFO - DAG(s) 'example_sensor_decorator' retrieved from /home/airflow/.local/lib/python3.8/site-packages/airflow/example_dags/example_sensor_decorator.py
[2025-01-08T12:23:53.019+0000] {logging_mixin.py:188} INFO - [2025-01-08T12:23:53.018+0000] {dag.py:3036} INFO - Sync 1 DAGs
[2025-01-08T12:23:53.048+0000] {logging_mixin.py:188} INFO - [2025-01-08T12:23:53.047+0000] {dag.py:3823} INFO - Setting next_dagrun for example_sensor_decorator to None, run_after=None
[2025-01-08T12:23:53.089+0000] {processor.py:183} INFO - Processing /home/airflow/.local/lib/python3.8/site-packages/airflow/example_dags/example_sensor_decorator.py took 0.129 seconds
[2025-01-08T12:24:23.859+0000] {processor.py:161} INFO - Started process (PID=1488) to work on /home/airflow/.local/lib/python3.8/site-packages/airflow/example_dags/example_sensor_decorator.py
[2025-01-08T12:24:23.861+0000] {processor.py:830} INFO - Processing file /home/airflow/.local/lib/python3.8/site-packages/airflow/example_dags/example_sensor_decorator.py for tasks to queue
[2025-01-08T12:24:23.865+0000] {logging_mixin.py:188} INFO - [2025-01-08T12:24:23.864+0000] {dagbag.py:538} INFO - Filling up the DagBag from /home/airflow/.local/lib/python3.8/site-packages/airflow/example_dags/example_sensor_decorator.py
[2025-01-08T12:24:23.877+0000] {processor.py:840} INFO - DAG(s) 'example_sensor_decorator' retrieved from /home/airflow/.local/lib/python3.8/site-packages/airflow/example_dags/example_sensor_decorator.py
[2025-01-08T12:24:23.916+0000] {logging_mixin.py:188} INFO - [2025-01-08T12:24:23.915+0000] {dag.py:3036} INFO - Sync 1 DAGs
[2025-01-08T12:24:23.942+0000] {logging_mixin.py:188} INFO - [2025-01-08T12:24:23.942+0000] {dag.py:3823} INFO - Setting next_dagrun for example_sensor_decorator to None, run_after=None
[2025-01-08T12:24:23.986+0000] {processor.py:183} INFO - Processing /home/airflow/.local/lib/python3.8/site-packages/airflow/example_dags/example_sensor_decorator.py took 0.132 seconds
[2025-01-08T12:24:54.564+0000] {processor.py:161} INFO - Started process (PID=1547) to work on /home/airflow/.local/lib/python3.8/site-packages/airflow/example_dags/example_sensor_decorator.py
[2025-01-08T12:24:54.567+0000] {processor.py:830} INFO - Processing file /home/airflow/.local/lib/python3.8/site-packages/airflow/example_dags/example_sensor_decorator.py for tasks to queue
[2025-01-08T12:24:54.570+0000] {logging_mixin.py:188} INFO - [2025-01-08T12:24:54.570+0000] {dagbag.py:538} INFO - Filling up the DagBag from /home/airflow/.local/lib/python3.8/site-packages/airflow/example_dags/example_sensor_decorator.py
[2025-01-08T12:24:54.581+0000] {processor.py:840} INFO - DAG(s) 'example_sensor_decorator' retrieved from /home/airflow/.local/lib/python3.8/site-packages/airflow/example_dags/example_sensor_decorator.py
[2025-01-08T12:24:54.618+0000] {logging_mixin.py:188} INFO - [2025-01-08T12:24:54.617+0000] {dag.py:3036} INFO - Sync 1 DAGs
[2025-01-08T12:24:54.641+0000] {logging_mixin.py:188} INFO - [2025-01-08T12:24:54.641+0000] {dag.py:3823} INFO - Setting next_dagrun for example_sensor_decorator to None, run_after=None
[2025-01-08T12:24:54.685+0000] {processor.py:183} INFO - Processing /home/airflow/.local/lib/python3.8/site-packages/airflow/example_dags/example_sensor_decorator.py took 0.129 seconds
[2025-01-08T12:25:25.071+0000] {processor.py:161} INFO - Started process (PID=1604) to work on /home/airflow/.local/lib/python3.8/site-packages/airflow/example_dags/example_sensor_decorator.py
[2025-01-08T12:25:25.073+0000] {processor.py:830} INFO - Processing file /home/airflow/.local/lib/python3.8/site-packages/airflow/example_dags/example_sensor_decorator.py for tasks to queue
[2025-01-08T12:25:25.076+0000] {logging_mixin.py:188} INFO - [2025-01-08T12:25:25.076+0000] {dagbag.py:538} INFO - Filling up the DagBag from /home/airflow/.local/lib/python3.8/site-packages/airflow/example_dags/example_sensor_decorator.py
[2025-01-08T12:25:25.089+0000] {processor.py:840} INFO - DAG(s) 'example_sensor_decorator' retrieved from /home/airflow/.local/lib/python3.8/site-packages/airflow/example_dags/example_sensor_decorator.py
[2025-01-08T12:25:25.122+0000] {logging_mixin.py:188} INFO - [2025-01-08T12:25:25.122+0000] {dag.py:3036} INFO - Sync 1 DAGs
[2025-01-08T12:25:25.145+0000] {logging_mixin.py:188} INFO - [2025-01-08T12:25:25.144+0000] {dag.py:3823} INFO - Setting next_dagrun for example_sensor_decorator to None, run_after=None
[2025-01-08T12:25:25.177+0000] {processor.py:183} INFO - Processing /home/airflow/.local/lib/python3.8/site-packages/airflow/example_dags/example_sensor_decorator.py took 0.111 seconds
[2025-01-08T12:25:56.355+0000] {processor.py:161} INFO - Started process (PID=1663) to work on /home/airflow/.local/lib/python3.8/site-packages/airflow/example_dags/example_sensor_decorator.py
[2025-01-08T12:25:56.359+0000] {processor.py:830} INFO - Processing file /home/airflow/.local/lib/python3.8/site-packages/airflow/example_dags/example_sensor_decorator.py for tasks to queue
[2025-01-08T12:25:56.362+0000] {logging_mixin.py:188} INFO - [2025-01-08T12:25:56.362+0000] {dagbag.py:538} INFO - Filling up the DagBag from /home/airflow/.local/lib/python3.8/site-packages/airflow/example_dags/example_sensor_decorator.py
[2025-01-08T12:25:56.372+0000] {processor.py:840} INFO - DAG(s) 'example_sensor_decorator' retrieved from /home/airflow/.local/lib/python3.8/site-packages/airflow/example_dags/example_sensor_decorator.py
[2025-01-08T12:25:56.429+0000] {logging_mixin.py:188} INFO - [2025-01-08T12:25:56.416+0000] {dag.py:3036} INFO - Sync 1 DAGs
[2025-01-08T12:25:56.455+0000] {logging_mixin.py:188} INFO - [2025-01-08T12:25:56.455+0000] {dag.py:3823} INFO - Setting next_dagrun for example_sensor_decorator to None, run_after=None
[2025-01-08T12:25:56.497+0000] {processor.py:183} INFO - Processing /home/airflow/.local/lib/python3.8/site-packages/airflow/example_dags/example_sensor_decorator.py took 0.148 seconds
[2025-01-08T12:26:36.888+0000] {processor.py:161} INFO - Started process (PID=1726) to work on /home/airflow/.local/lib/python3.8/site-packages/airflow/example_dags/example_sensor_decorator.py
[2025-01-08T12:26:36.918+0000] {processor.py:830} INFO - Processing file /home/airflow/.local/lib/python3.8/site-packages/airflow/example_dags/example_sensor_decorator.py for tasks to queue
[2025-01-08T12:26:36.938+0000] {logging_mixin.py:188} INFO - [2025-01-08T12:26:36.937+0000] {dagbag.py:538} INFO - Filling up the DagBag from /home/airflow/.local/lib/python3.8/site-packages/airflow/example_dags/example_sensor_decorator.py
[2025-01-08T12:26:36.988+0000] {processor.py:840} INFO - DAG(s) 'example_sensor_decorator' retrieved from /home/airflow/.local/lib/python3.8/site-packages/airflow/example_dags/example_sensor_decorator.py
[2025-01-08T12:26:37.057+0000] {logging_mixin.py:188} INFO - [2025-01-08T12:26:37.057+0000] {dag.py:3036} INFO - Sync 1 DAGs
[2025-01-08T12:26:37.141+0000] {logging_mixin.py:188} INFO - [2025-01-08T12:26:37.140+0000] {dag.py:3823} INFO - Setting next_dagrun for example_sensor_decorator to None, run_after=None
[2025-01-08T12:26:37.511+0000] {processor.py:183} INFO - Processing /home/airflow/.local/lib/python3.8/site-packages/airflow/example_dags/example_sensor_decorator.py took 0.641 seconds
[2025-01-08T12:27:07.676+0000] {processor.py:161} INFO - Started process (PID=1785) to work on /home/airflow/.local/lib/python3.8/site-packages/airflow/example_dags/example_sensor_decorator.py
[2025-01-08T12:27:07.685+0000] {processor.py:830} INFO - Processing file /home/airflow/.local/lib/python3.8/site-packages/airflow/example_dags/example_sensor_decorator.py for tasks to queue
[2025-01-08T12:27:07.689+0000] {logging_mixin.py:188} INFO - [2025-01-08T12:27:07.688+0000] {dagbag.py:538} INFO - Filling up the DagBag from /home/airflow/.local/lib/python3.8/site-packages/airflow/example_dags/example_sensor_decorator.py
[2025-01-08T12:27:07.705+0000] {processor.py:840} INFO - DAG(s) 'example_sensor_decorator' retrieved from /home/airflow/.local/lib/python3.8/site-packages/airflow/example_dags/example_sensor_decorator.py
[2025-01-08T12:27:07.747+0000] {logging_mixin.py:188} INFO - [2025-01-08T12:27:07.747+0000] {dag.py:3036} INFO - Sync 1 DAGs
[2025-01-08T12:27:07.774+0000] {logging_mixin.py:188} INFO - [2025-01-08T12:27:07.774+0000] {dag.py:3823} INFO - Setting next_dagrun for example_sensor_decorator to None, run_after=None
[2025-01-08T12:27:07.821+0000] {processor.py:183} INFO - Processing /home/airflow/.local/lib/python3.8/site-packages/airflow/example_dags/example_sensor_decorator.py took 0.152 seconds
[2025-01-08T12:27:39.204+0000] {processor.py:161} INFO - Started process (PID=1845) to work on /home/airflow/.local/lib/python3.8/site-packages/airflow/example_dags/example_sensor_decorator.py
[2025-01-08T12:27:39.206+0000] {processor.py:830} INFO - Processing file /home/airflow/.local/lib/python3.8/site-packages/airflow/example_dags/example_sensor_decorator.py for tasks to queue
[2025-01-08T12:27:39.219+0000] {logging_mixin.py:188} INFO - [2025-01-08T12:27:39.219+0000] {dagbag.py:538} INFO - Filling up the DagBag from /home/airflow/.local/lib/python3.8/site-packages/airflow/example_dags/example_sensor_decorator.py
[2025-01-08T12:27:39.231+0000] {processor.py:840} INFO - DAG(s) 'example_sensor_decorator' retrieved from /home/airflow/.local/lib/python3.8/site-packages/airflow/example_dags/example_sensor_decorator.py
[2025-01-08T12:27:39.281+0000] {logging_mixin.py:188} INFO - [2025-01-08T12:27:39.280+0000] {dag.py:3036} INFO - Sync 1 DAGs
[2025-01-08T12:27:39.313+0000] {logging_mixin.py:188} INFO - [2025-01-08T12:27:39.313+0000] {dag.py:3823} INFO - Setting next_dagrun for example_sensor_decorator to None, run_after=None
[2025-01-08T12:27:39.384+0000] {processor.py:183} INFO - Processing /home/airflow/.local/lib/python3.8/site-packages/airflow/example_dags/example_sensor_decorator.py took 0.187 seconds
[2025-01-08T12:28:10.110+0000] {processor.py:161} INFO - Started process (PID=1906) to work on /home/airflow/.local/lib/python3.8/site-packages/airflow/example_dags/example_sensor_decorator.py
[2025-01-08T12:28:10.115+0000] {processor.py:830} INFO - Processing file /home/airflow/.local/lib/python3.8/site-packages/airflow/example_dags/example_sensor_decorator.py for tasks to queue
[2025-01-08T12:28:10.124+0000] {logging_mixin.py:188} INFO - [2025-01-08T12:28:10.118+0000] {dagbag.py:538} INFO - Filling up the DagBag from /home/airflow/.local/lib/python3.8/site-packages/airflow/example_dags/example_sensor_decorator.py
[2025-01-08T12:28:10.155+0000] {processor.py:840} INFO - DAG(s) 'example_sensor_decorator' retrieved from /home/airflow/.local/lib/python3.8/site-packages/airflow/example_dags/example_sensor_decorator.py
[2025-01-08T12:28:10.270+0000] {logging_mixin.py:188} INFO - [2025-01-08T12:28:10.269+0000] {dag.py:3036} INFO - Sync 1 DAGs
[2025-01-08T12:28:10.380+0000] {logging_mixin.py:188} INFO - [2025-01-08T12:28:10.380+0000] {dag.py:3823} INFO - Setting next_dagrun for example_sensor_decorator to None, run_after=None
[2025-01-08T12:28:10.689+0000] {processor.py:183} INFO - Processing /home/airflow/.local/lib/python3.8/site-packages/airflow/example_dags/example_sensor_decorator.py took 0.585 seconds
[2025-01-08T12:28:40.863+0000] {processor.py:161} INFO - Started process (PID=1965) to work on /home/airflow/.local/lib/python3.8/site-packages/airflow/example_dags/example_sensor_decorator.py
[2025-01-08T12:28:40.865+0000] {processor.py:830} INFO - Processing file /home/airflow/.local/lib/python3.8/site-packages/airflow/example_dags/example_sensor_decorator.py for tasks to queue
[2025-01-08T12:28:40.869+0000] {logging_mixin.py:188} INFO - [2025-01-08T12:28:40.868+0000] {dagbag.py:538} INFO - Filling up the DagBag from /home/airflow/.local/lib/python3.8/site-packages/airflow/example_dags/example_sensor_decorator.py
[2025-01-08T12:28:40.878+0000] {processor.py:840} INFO - DAG(s) 'example_sensor_decorator' retrieved from /home/airflow/.local/lib/python3.8/site-packages/airflow/example_dags/example_sensor_decorator.py
[2025-01-08T12:28:40.914+0000] {logging_mixin.py:188} INFO - [2025-01-08T12:28:40.913+0000] {dag.py:3036} INFO - Sync 1 DAGs
[2025-01-08T12:28:40.947+0000] {logging_mixin.py:188} INFO - [2025-01-08T12:28:40.947+0000] {dag.py:3823} INFO - Setting next_dagrun for example_sensor_decorator to None, run_after=None
[2025-01-08T12:28:41.000+0000] {processor.py:183} INFO - Processing /home/airflow/.local/lib/python3.8/site-packages/airflow/example_dags/example_sensor_decorator.py took 0.142 seconds
[2025-01-08T12:29:12.858+0000] {processor.py:161} INFO - Started process (PID=2023) to work on /home/airflow/.local/lib/python3.8/site-packages/airflow/example_dags/example_sensor_decorator.py
[2025-01-08T12:29:12.860+0000] {processor.py:830} INFO - Processing file /home/airflow/.local/lib/python3.8/site-packages/airflow/example_dags/example_sensor_decorator.py for tasks to queue
[2025-01-08T12:29:12.870+0000] {logging_mixin.py:188} INFO - [2025-01-08T12:29:12.869+0000] {dagbag.py:538} INFO - Filling up the DagBag from /home/airflow/.local/lib/python3.8/site-packages/airflow/example_dags/example_sensor_decorator.py
[2025-01-08T12:29:12.885+0000] {processor.py:840} INFO - DAG(s) 'example_sensor_decorator' retrieved from /home/airflow/.local/lib/python3.8/site-packages/airflow/example_dags/example_sensor_decorator.py
[2025-01-08T12:29:12.931+0000] {logging_mixin.py:188} INFO - [2025-01-08T12:29:12.930+0000] {dag.py:3036} INFO - Sync 1 DAGs
[2025-01-08T12:29:12.967+0000] {logging_mixin.py:188} INFO - [2025-01-08T12:29:12.967+0000] {dag.py:3823} INFO - Setting next_dagrun for example_sensor_decorator to None, run_after=None
[2025-01-08T12:29:13.011+0000] {processor.py:183} INFO - Processing /home/airflow/.local/lib/python3.8/site-packages/airflow/example_dags/example_sensor_decorator.py took 0.160 seconds
[2025-01-08T12:29:43.155+0000] {processor.py:161} INFO - Started process (PID=2079) to work on /home/airflow/.local/lib/python3.8/site-packages/airflow/example_dags/example_sensor_decorator.py
[2025-01-08T12:29:43.160+0000] {processor.py:830} INFO - Processing file /home/airflow/.local/lib/python3.8/site-packages/airflow/example_dags/example_sensor_decorator.py for tasks to queue
[2025-01-08T12:29:43.168+0000] {logging_mixin.py:188} INFO - [2025-01-08T12:29:43.167+0000] {dagbag.py:538} INFO - Filling up the DagBag from /home/airflow/.local/lib/python3.8/site-packages/airflow/example_dags/example_sensor_decorator.py
[2025-01-08T12:29:43.191+0000] {processor.py:840} INFO - DAG(s) 'example_sensor_decorator' retrieved from /home/airflow/.local/lib/python3.8/site-packages/airflow/example_dags/example_sensor_decorator.py
[2025-01-08T12:29:43.270+0000] {logging_mixin.py:188} INFO - [2025-01-08T12:29:43.269+0000] {dag.py:3036} INFO - Sync 1 DAGs
[2025-01-08T12:29:43.314+0000] {logging_mixin.py:188} INFO - [2025-01-08T12:29:43.314+0000] {dag.py:3823} INFO - Setting next_dagrun for example_sensor_decorator to None, run_after=None
[2025-01-08T12:29:43.573+0000] {processor.py:183} INFO - Processing /home/airflow/.local/lib/python3.8/site-packages/airflow/example_dags/example_sensor_decorator.py took 0.434 seconds
[2025-01-08T12:30:13.883+0000] {processor.py:161} INFO - Started process (PID=2137) to work on /home/airflow/.local/lib/python3.8/site-packages/airflow/example_dags/example_sensor_decorator.py
[2025-01-08T12:30:13.885+0000] {processor.py:830} INFO - Processing file /home/airflow/.local/lib/python3.8/site-packages/airflow/example_dags/example_sensor_decorator.py for tasks to queue
[2025-01-08T12:30:13.890+0000] {logging_mixin.py:188} INFO - [2025-01-08T12:30:13.889+0000] {dagbag.py:538} INFO - Filling up the DagBag from /home/airflow/.local/lib/python3.8/site-packages/airflow/example_dags/example_sensor_decorator.py
[2025-01-08T12:30:13.904+0000] {processor.py:840} INFO - DAG(s) 'example_sensor_decorator' retrieved from /home/airflow/.local/lib/python3.8/site-packages/airflow/example_dags/example_sensor_decorator.py
[2025-01-08T12:30:13.944+0000] {logging_mixin.py:188} INFO - [2025-01-08T12:30:13.943+0000] {dag.py:3036} INFO - Sync 1 DAGs
[2025-01-08T12:30:13.980+0000] {logging_mixin.py:188} INFO - [2025-01-08T12:30:13.979+0000] {dag.py:3823} INFO - Setting next_dagrun for example_sensor_decorator to None, run_after=None
[2025-01-08T12:30:14.032+0000] {processor.py:183} INFO - Processing /home/airflow/.local/lib/python3.8/site-packages/airflow/example_dags/example_sensor_decorator.py took 0.159 seconds
[2025-01-08T12:30:45.090+0000] {processor.py:161} INFO - Started process (PID=2197) to work on /home/airflow/.local/lib/python3.8/site-packages/airflow/example_dags/example_sensor_decorator.py
[2025-01-08T12:30:45.092+0000] {processor.py:830} INFO - Processing file /home/airflow/.local/lib/python3.8/site-packages/airflow/example_dags/example_sensor_decorator.py for tasks to queue
[2025-01-08T12:30:45.098+0000] {logging_mixin.py:188} INFO - [2025-01-08T12:30:45.097+0000] {dagbag.py:538} INFO - Filling up the DagBag from /home/airflow/.local/lib/python3.8/site-packages/airflow/example_dags/example_sensor_decorator.py
[2025-01-08T12:30:45.114+0000] {processor.py:840} INFO - DAG(s) 'example_sensor_decorator' retrieved from /home/airflow/.local/lib/python3.8/site-packages/airflow/example_dags/example_sensor_decorator.py
[2025-01-08T12:30:45.150+0000] {logging_mixin.py:188} INFO - [2025-01-08T12:30:45.150+0000] {dag.py:3036} INFO - Sync 1 DAGs
[2025-01-08T12:30:45.172+0000] {logging_mixin.py:188} INFO - [2025-01-08T12:30:45.171+0000] {dag.py:3823} INFO - Setting next_dagrun for example_sensor_decorator to None, run_after=None
[2025-01-08T12:30:45.206+0000] {processor.py:183} INFO - Processing /home/airflow/.local/lib/python3.8/site-packages/airflow/example_dags/example_sensor_decorator.py took 0.126 seconds
[2025-01-08T12:31:15.728+0000] {processor.py:161} INFO - Started process (PID=2256) to work on /home/airflow/.local/lib/python3.8/site-packages/airflow/example_dags/example_sensor_decorator.py
[2025-01-08T12:31:15.729+0000] {processor.py:830} INFO - Processing file /home/airflow/.local/lib/python3.8/site-packages/airflow/example_dags/example_sensor_decorator.py for tasks to queue
[2025-01-08T12:31:15.733+0000] {logging_mixin.py:188} INFO - [2025-01-08T12:31:15.732+0000] {dagbag.py:538} INFO - Filling up the DagBag from /home/airflow/.local/lib/python3.8/site-packages/airflow/example_dags/example_sensor_decorator.py
[2025-01-08T12:31:15.746+0000] {processor.py:840} INFO - DAG(s) 'example_sensor_decorator' retrieved from /home/airflow/.local/lib/python3.8/site-packages/airflow/example_dags/example_sensor_decorator.py
[2025-01-08T12:31:15.797+0000] {logging_mixin.py:188} INFO - [2025-01-08T12:31:15.796+0000] {dag.py:3036} INFO - Sync 1 DAGs
[2025-01-08T12:31:15.824+0000] {logging_mixin.py:188} INFO - [2025-01-08T12:31:15.823+0000] {dag.py:3823} INFO - Setting next_dagrun for example_sensor_decorator to None, run_after=None
[2025-01-08T12:31:15.869+0000] {processor.py:183} INFO - Processing /home/airflow/.local/lib/python3.8/site-packages/airflow/example_dags/example_sensor_decorator.py took 0.148 seconds
[2025-01-08T12:31:46.542+0000] {processor.py:161} INFO - Started process (PID=2315) to work on /home/airflow/.local/lib/python3.8/site-packages/airflow/example_dags/example_sensor_decorator.py
[2025-01-08T12:31:46.549+0000] {processor.py:830} INFO - Processing file /home/airflow/.local/lib/python3.8/site-packages/airflow/example_dags/example_sensor_decorator.py for tasks to queue
[2025-01-08T12:31:46.556+0000] {logging_mixin.py:188} INFO - [2025-01-08T12:31:46.555+0000] {dagbag.py:538} INFO - Filling up the DagBag from /home/airflow/.local/lib/python3.8/site-packages/airflow/example_dags/example_sensor_decorator.py
[2025-01-08T12:31:46.566+0000] {processor.py:840} INFO - DAG(s) 'example_sensor_decorator' retrieved from /home/airflow/.local/lib/python3.8/site-packages/airflow/example_dags/example_sensor_decorator.py
[2025-01-08T12:31:46.599+0000] {logging_mixin.py:188} INFO - [2025-01-08T12:31:46.598+0000] {dag.py:3036} INFO - Sync 1 DAGs
[2025-01-08T12:31:46.626+0000] {logging_mixin.py:188} INFO - [2025-01-08T12:31:46.626+0000] {dag.py:3823} INFO - Setting next_dagrun for example_sensor_decorator to None, run_after=None
[2025-01-08T12:31:46.661+0000] {processor.py:183} INFO - Processing /home/airflow/.local/lib/python3.8/site-packages/airflow/example_dags/example_sensor_decorator.py took 0.132 seconds
[2025-01-08T12:32:16.846+0000] {processor.py:161} INFO - Started process (PID=2374) to work on /home/airflow/.local/lib/python3.8/site-packages/airflow/example_dags/example_sensor_decorator.py
[2025-01-08T12:32:16.848+0000] {processor.py:830} INFO - Processing file /home/airflow/.local/lib/python3.8/site-packages/airflow/example_dags/example_sensor_decorator.py for tasks to queue
[2025-01-08T12:32:16.851+0000] {logging_mixin.py:188} INFO - [2025-01-08T12:32:16.850+0000] {dagbag.py:538} INFO - Filling up the DagBag from /home/airflow/.local/lib/python3.8/site-packages/airflow/example_dags/example_sensor_decorator.py
[2025-01-08T12:32:16.859+0000] {processor.py:840} INFO - DAG(s) 'example_sensor_decorator' retrieved from /home/airflow/.local/lib/python3.8/site-packages/airflow/example_dags/example_sensor_decorator.py
[2025-01-08T12:32:16.884+0000] {logging_mixin.py:188} INFO - [2025-01-08T12:32:16.883+0000] {dag.py:3036} INFO - Sync 1 DAGs
[2025-01-08T12:32:16.902+0000] {logging_mixin.py:188} INFO - [2025-01-08T12:32:16.901+0000] {dag.py:3823} INFO - Setting next_dagrun for example_sensor_decorator to None, run_after=None
[2025-01-08T12:32:16.962+0000] {processor.py:183} INFO - Processing /home/airflow/.local/lib/python3.8/site-packages/airflow/example_dags/example_sensor_decorator.py took 0.121 seconds
[2025-01-08T12:32:47.697+0000] {processor.py:161} INFO - Started process (PID=2433) to work on /home/airflow/.local/lib/python3.8/site-packages/airflow/example_dags/example_sensor_decorator.py
[2025-01-08T12:32:47.698+0000] {processor.py:830} INFO - Processing file /home/airflow/.local/lib/python3.8/site-packages/airflow/example_dags/example_sensor_decorator.py for tasks to queue
[2025-01-08T12:32:47.703+0000] {logging_mixin.py:188} INFO - [2025-01-08T12:32:47.702+0000] {dagbag.py:538} INFO - Filling up the DagBag from /home/airflow/.local/lib/python3.8/site-packages/airflow/example_dags/example_sensor_decorator.py
[2025-01-08T12:32:47.715+0000] {processor.py:840} INFO - DAG(s) 'example_sensor_decorator' retrieved from /home/airflow/.local/lib/python3.8/site-packages/airflow/example_dags/example_sensor_decorator.py
[2025-01-08T12:32:47.738+0000] {logging_mixin.py:188} INFO - [2025-01-08T12:32:47.738+0000] {dag.py:3036} INFO - Sync 1 DAGs
[2025-01-08T12:32:47.756+0000] {logging_mixin.py:188} INFO - [2025-01-08T12:32:47.756+0000] {dag.py:3823} INFO - Setting next_dagrun for example_sensor_decorator to None, run_after=None
[2025-01-08T12:32:47.788+0000] {processor.py:183} INFO - Processing /home/airflow/.local/lib/python3.8/site-packages/airflow/example_dags/example_sensor_decorator.py took 0.097 seconds
[2025-01-08T12:33:18.579+0000] {processor.py:161} INFO - Started process (PID=2492) to work on /home/airflow/.local/lib/python3.8/site-packages/airflow/example_dags/example_sensor_decorator.py
[2025-01-08T12:33:18.580+0000] {processor.py:830} INFO - Processing file /home/airflow/.local/lib/python3.8/site-packages/airflow/example_dags/example_sensor_decorator.py for tasks to queue
[2025-01-08T12:33:18.583+0000] {logging_mixin.py:188} INFO - [2025-01-08T12:33:18.583+0000] {dagbag.py:538} INFO - Filling up the DagBag from /home/airflow/.local/lib/python3.8/site-packages/airflow/example_dags/example_sensor_decorator.py
[2025-01-08T12:33:18.590+0000] {processor.py:840} INFO - DAG(s) 'example_sensor_decorator' retrieved from /home/airflow/.local/lib/python3.8/site-packages/airflow/example_dags/example_sensor_decorator.py
[2025-01-08T12:33:18.634+0000] {logging_mixin.py:188} INFO - [2025-01-08T12:33:18.634+0000] {dag.py:3036} INFO - Sync 1 DAGs
[2025-01-08T12:33:18.659+0000] {logging_mixin.py:188} INFO - [2025-01-08T12:33:18.659+0000] {dag.py:3823} INFO - Setting next_dagrun for example_sensor_decorator to None, run_after=None
[2025-01-08T12:33:18.694+0000] {processor.py:183} INFO - Processing /home/airflow/.local/lib/python3.8/site-packages/airflow/example_dags/example_sensor_decorator.py took 0.119 seconds
