[2025-01-08T12:11:59.295+0000] {processor.py:161} INFO - Started process (PID=61) to work on /home/airflow/.local/lib/python3.8/site-packages/airflow/example_dags/example_branch_datetime_operator.py
[2025-01-08T12:11:59.297+0000] {processor.py:830} INFO - Processing file /home/airflow/.local/lib/python3.8/site-packages/airflow/example_dags/example_branch_datetime_operator.py for tasks to queue
[2025-01-08T12:11:59.301+0000] {logging_mixin.py:188} INFO - [2025-01-08T12:11:59.300+0000] {dagbag.py:538} INFO - Filling up the DagBag from /home/airflow/.local/lib/python3.8/site-packages/airflow/example_dags/example_branch_datetime_operator.py
[2025-01-08T12:11:59.324+0000] {processor.py:840} INFO - DAG(s) 'example_branch_datetime_operator_3', 'example_branch_datetime_operator_2', 'example_branch_datetime_operator' retrieved from /home/airflow/.local/lib/python3.8/site-packages/airflow/example_dags/example_branch_datetime_operator.py
[2025-01-08T12:11:59.651+0000] {logging_mixin.py:188} INFO - [2025-01-08T12:11:59.650+0000] {dag.py:3036} INFO - Sync 3 DAGs
[2025-01-08T12:11:59.700+0000] {logging_mixin.py:188} INFO - [2025-01-08T12:11:59.700+0000] {dag.py:3823} INFO - Setting next_dagrun for example_branch_datetime_operator to 2025-01-07 00:00:00+00:00, run_after=2025-01-08 00:00:00+00:00
[2025-01-08T12:11:59.712+0000] {logging_mixin.py:188} INFO - [2025-01-08T12:11:59.711+0000] {dag.py:3823} INFO - Setting next_dagrun for example_branch_datetime_operator_2 to 2025-01-07 00:00:00+00:00, run_after=2025-01-08 00:00:00+00:00
[2025-01-08T12:11:59.716+0000] {logging_mixin.py:188} INFO - [2025-01-08T12:11:59.716+0000] {dag.py:3823} INFO - Setting next_dagrun for example_branch_datetime_operator_3 to 2025-01-07 00:00:00+00:00, run_after=2025-01-08 00:00:00+00:00
[2025-01-08T12:11:59.757+0000] {processor.py:183} INFO - Processing /home/airflow/.local/lib/python3.8/site-packages/airflow/example_dags/example_branch_datetime_operator.py took 0.468 seconds
[2025-01-08T12:12:29.928+0000] {processor.py:161} INFO - Started process (PID=118) to work on /home/airflow/.local/lib/python3.8/site-packages/airflow/example_dags/example_branch_datetime_operator.py
[2025-01-08T12:12:29.930+0000] {processor.py:830} INFO - Processing file /home/airflow/.local/lib/python3.8/site-packages/airflow/example_dags/example_branch_datetime_operator.py for tasks to queue
[2025-01-08T12:12:29.934+0000] {logging_mixin.py:188} INFO - [2025-01-08T12:12:29.933+0000] {dagbag.py:538} INFO - Filling up the DagBag from /home/airflow/.local/lib/python3.8/site-packages/airflow/example_dags/example_branch_datetime_operator.py
[2025-01-08T12:12:29.953+0000] {processor.py:840} INFO - DAG(s) 'example_branch_datetime_operator_3', 'example_branch_datetime_operator_2', 'example_branch_datetime_operator' retrieved from /home/airflow/.local/lib/python3.8/site-packages/airflow/example_dags/example_branch_datetime_operator.py
[2025-01-08T12:12:30.019+0000] {logging_mixin.py:188} INFO - [2025-01-08T12:12:30.019+0000] {dag.py:3036} INFO - Sync 3 DAGs
[2025-01-08T12:12:30.073+0000] {logging_mixin.py:188} INFO - [2025-01-08T12:12:30.072+0000] {dag.py:3823} INFO - Setting next_dagrun for example_branch_datetime_operator to 2025-01-07 00:00:00+00:00, run_after=2025-01-08 00:00:00+00:00
[2025-01-08T12:12:30.086+0000] {logging_mixin.py:188} INFO - [2025-01-08T12:12:30.086+0000] {dag.py:3823} INFO - Setting next_dagrun for example_branch_datetime_operator_2 to 2025-01-07 00:00:00+00:00, run_after=2025-01-08 00:00:00+00:00
[2025-01-08T12:12:30.095+0000] {logging_mixin.py:188} INFO - [2025-01-08T12:12:30.095+0000] {dag.py:3823} INFO - Setting next_dagrun for example_branch_datetime_operator_3 to 2025-01-07 00:00:00+00:00, run_after=2025-01-08 00:00:00+00:00
[2025-01-08T12:12:30.142+0000] {processor.py:183} INFO - Processing /home/airflow/.local/lib/python3.8/site-packages/airflow/example_dags/example_branch_datetime_operator.py took 0.220 seconds
[2025-01-08T12:13:00.835+0000] {processor.py:161} INFO - Started process (PID=175) to work on /home/airflow/.local/lib/python3.8/site-packages/airflow/example_dags/example_branch_datetime_operator.py
[2025-01-08T12:13:00.837+0000] {processor.py:830} INFO - Processing file /home/airflow/.local/lib/python3.8/site-packages/airflow/example_dags/example_branch_datetime_operator.py for tasks to queue
[2025-01-08T12:13:00.840+0000] {logging_mixin.py:188} INFO - [2025-01-08T12:13:00.840+0000] {dagbag.py:538} INFO - Filling up the DagBag from /home/airflow/.local/lib/python3.8/site-packages/airflow/example_dags/example_branch_datetime_operator.py
[2025-01-08T12:13:00.867+0000] {processor.py:840} INFO - DAG(s) 'example_branch_datetime_operator', 'example_branch_datetime_operator_3', 'example_branch_datetime_operator_2' retrieved from /home/airflow/.local/lib/python3.8/site-packages/airflow/example_dags/example_branch_datetime_operator.py
[2025-01-08T12:13:00.939+0000] {logging_mixin.py:188} INFO - [2025-01-08T12:13:00.938+0000] {dag.py:3036} INFO - Sync 3 DAGs
[2025-01-08T12:13:00.997+0000] {logging_mixin.py:188} INFO - [2025-01-08T12:13:00.996+0000] {dag.py:3823} INFO - Setting next_dagrun for example_branch_datetime_operator to 2025-01-07 00:00:00+00:00, run_after=2025-01-08 00:00:00+00:00
[2025-01-08T12:13:01.030+0000] {logging_mixin.py:188} INFO - [2025-01-08T12:13:01.030+0000] {dag.py:3823} INFO - Setting next_dagrun for example_branch_datetime_operator_2 to 2025-01-07 00:00:00+00:00, run_after=2025-01-08 00:00:00+00:00
[2025-01-08T12:13:01.043+0000] {logging_mixin.py:188} INFO - [2025-01-08T12:13:01.043+0000] {dag.py:3823} INFO - Setting next_dagrun for example_branch_datetime_operator_3 to 2025-01-07 00:00:00+00:00, run_after=2025-01-08 00:00:00+00:00
[2025-01-08T12:13:01.085+0000] {processor.py:183} INFO - Processing /home/airflow/.local/lib/python3.8/site-packages/airflow/example_dags/example_branch_datetime_operator.py took 0.257 seconds
[2025-01-08T12:13:31.523+0000] {processor.py:161} INFO - Started process (PID=232) to work on /home/airflow/.local/lib/python3.8/site-packages/airflow/example_dags/example_branch_datetime_operator.py
[2025-01-08T12:13:31.525+0000] {processor.py:830} INFO - Processing file /home/airflow/.local/lib/python3.8/site-packages/airflow/example_dags/example_branch_datetime_operator.py for tasks to queue
[2025-01-08T12:13:31.527+0000] {logging_mixin.py:188} INFO - [2025-01-08T12:13:31.527+0000] {dagbag.py:538} INFO - Filling up the DagBag from /home/airflow/.local/lib/python3.8/site-packages/airflow/example_dags/example_branch_datetime_operator.py
[2025-01-08T12:13:31.541+0000] {processor.py:840} INFO - DAG(s) 'example_branch_datetime_operator_2', 'example_branch_datetime_operator', 'example_branch_datetime_operator_3' retrieved from /home/airflow/.local/lib/python3.8/site-packages/airflow/example_dags/example_branch_datetime_operator.py
[2025-01-08T12:13:31.581+0000] {logging_mixin.py:188} INFO - [2025-01-08T12:13:31.581+0000] {dag.py:3036} INFO - Sync 3 DAGs
[2025-01-08T12:13:31.623+0000] {logging_mixin.py:188} INFO - [2025-01-08T12:13:31.623+0000] {dag.py:3823} INFO - Setting next_dagrun for example_branch_datetime_operator to 2025-01-07 00:00:00+00:00, run_after=2025-01-08 00:00:00+00:00
[2025-01-08T12:13:31.634+0000] {logging_mixin.py:188} INFO - [2025-01-08T12:13:31.633+0000] {dag.py:3823} INFO - Setting next_dagrun for example_branch_datetime_operator_2 to 2025-01-07 00:00:00+00:00, run_after=2025-01-08 00:00:00+00:00
[2025-01-08T12:13:31.639+0000] {logging_mixin.py:188} INFO - [2025-01-08T12:13:31.638+0000] {dag.py:3823} INFO - Setting next_dagrun for example_branch_datetime_operator_3 to 2025-01-07 00:00:00+00:00, run_after=2025-01-08 00:00:00+00:00
[2025-01-08T12:13:31.672+0000] {processor.py:183} INFO - Processing /home/airflow/.local/lib/python3.8/site-packages/airflow/example_dags/example_branch_datetime_operator.py took 0.153 seconds
[2025-01-08T12:14:02.575+0000] {processor.py:161} INFO - Started process (PID=289) to work on /home/airflow/.local/lib/python3.8/site-packages/airflow/example_dags/example_branch_datetime_operator.py
[2025-01-08T12:14:02.577+0000] {processor.py:830} INFO - Processing file /home/airflow/.local/lib/python3.8/site-packages/airflow/example_dags/example_branch_datetime_operator.py for tasks to queue
[2025-01-08T12:14:02.580+0000] {logging_mixin.py:188} INFO - [2025-01-08T12:14:02.580+0000] {dagbag.py:538} INFO - Filling up the DagBag from /home/airflow/.local/lib/python3.8/site-packages/airflow/example_dags/example_branch_datetime_operator.py
[2025-01-08T12:14:02.602+0000] {processor.py:840} INFO - DAG(s) 'example_branch_datetime_operator', 'example_branch_datetime_operator_2', 'example_branch_datetime_operator_3' retrieved from /home/airflow/.local/lib/python3.8/site-packages/airflow/example_dags/example_branch_datetime_operator.py
[2025-01-08T12:14:02.648+0000] {logging_mixin.py:188} INFO - [2025-01-08T12:14:02.648+0000] {dag.py:3036} INFO - Sync 3 DAGs
[2025-01-08T12:14:02.683+0000] {logging_mixin.py:188} INFO - [2025-01-08T12:14:02.683+0000] {dag.py:3823} INFO - Setting next_dagrun for example_branch_datetime_operator to 2025-01-07 00:00:00+00:00, run_after=2025-01-08 00:00:00+00:00
[2025-01-08T12:14:02.693+0000] {logging_mixin.py:188} INFO - [2025-01-08T12:14:02.693+0000] {dag.py:3823} INFO - Setting next_dagrun for example_branch_datetime_operator_2 to 2025-01-07 00:00:00+00:00, run_after=2025-01-08 00:00:00+00:00
[2025-01-08T12:14:02.698+0000] {logging_mixin.py:188} INFO - [2025-01-08T12:14:02.698+0000] {dag.py:3823} INFO - Setting next_dagrun for example_branch_datetime_operator_3 to 2025-01-07 00:00:00+00:00, run_after=2025-01-08 00:00:00+00:00
[2025-01-08T12:14:02.729+0000] {processor.py:183} INFO - Processing /home/airflow/.local/lib/python3.8/site-packages/airflow/example_dags/example_branch_datetime_operator.py took 0.159 seconds
[2025-01-08T12:14:33.325+0000] {processor.py:161} INFO - Started process (PID=346) to work on /home/airflow/.local/lib/python3.8/site-packages/airflow/example_dags/example_branch_datetime_operator.py
[2025-01-08T12:14:33.326+0000] {processor.py:830} INFO - Processing file /home/airflow/.local/lib/python3.8/site-packages/airflow/example_dags/example_branch_datetime_operator.py for tasks to queue
[2025-01-08T12:14:33.329+0000] {logging_mixin.py:188} INFO - [2025-01-08T12:14:33.328+0000] {dagbag.py:538} INFO - Filling up the DagBag from /home/airflow/.local/lib/python3.8/site-packages/airflow/example_dags/example_branch_datetime_operator.py
[2025-01-08T12:14:33.345+0000] {processor.py:840} INFO - DAG(s) 'example_branch_datetime_operator', 'example_branch_datetime_operator_2', 'example_branch_datetime_operator_3' retrieved from /home/airflow/.local/lib/python3.8/site-packages/airflow/example_dags/example_branch_datetime_operator.py
[2025-01-08T12:14:33.392+0000] {logging_mixin.py:188} INFO - [2025-01-08T12:14:33.392+0000] {dag.py:3036} INFO - Sync 3 DAGs
[2025-01-08T12:14:33.429+0000] {logging_mixin.py:188} INFO - [2025-01-08T12:14:33.429+0000] {dag.py:3823} INFO - Setting next_dagrun for example_branch_datetime_operator to 2025-01-07 00:00:00+00:00, run_after=2025-01-08 00:00:00+00:00
[2025-01-08T12:14:33.437+0000] {logging_mixin.py:188} INFO - [2025-01-08T12:14:33.436+0000] {dag.py:3823} INFO - Setting next_dagrun for example_branch_datetime_operator_2 to 2025-01-07 00:00:00+00:00, run_after=2025-01-08 00:00:00+00:00
[2025-01-08T12:14:33.445+0000] {logging_mixin.py:188} INFO - [2025-01-08T12:14:33.444+0000] {dag.py:3823} INFO - Setting next_dagrun for example_branch_datetime_operator_3 to 2025-01-07 00:00:00+00:00, run_after=2025-01-08 00:00:00+00:00
[2025-01-08T12:14:33.472+0000] {processor.py:183} INFO - Processing /home/airflow/.local/lib/python3.8/site-packages/airflow/example_dags/example_branch_datetime_operator.py took 0.152 seconds
[2025-01-08T12:15:04.182+0000] {processor.py:161} INFO - Started process (PID=403) to work on /home/airflow/.local/lib/python3.8/site-packages/airflow/example_dags/example_branch_datetime_operator.py
[2025-01-08T12:15:04.183+0000] {processor.py:830} INFO - Processing file /home/airflow/.local/lib/python3.8/site-packages/airflow/example_dags/example_branch_datetime_operator.py for tasks to queue
[2025-01-08T12:15:04.185+0000] {logging_mixin.py:188} INFO - [2025-01-08T12:15:04.185+0000] {dagbag.py:538} INFO - Filling up the DagBag from /home/airflow/.local/lib/python3.8/site-packages/airflow/example_dags/example_branch_datetime_operator.py
[2025-01-08T12:15:04.200+0000] {processor.py:840} INFO - DAG(s) 'example_branch_datetime_operator_3', 'example_branch_datetime_operator_2', 'example_branch_datetime_operator' retrieved from /home/airflow/.local/lib/python3.8/site-packages/airflow/example_dags/example_branch_datetime_operator.py
[2025-01-08T12:15:04.246+0000] {logging_mixin.py:188} INFO - [2025-01-08T12:15:04.245+0000] {dag.py:3036} INFO - Sync 3 DAGs
[2025-01-08T12:15:04.284+0000] {logging_mixin.py:188} INFO - [2025-01-08T12:15:04.284+0000] {dag.py:3823} INFO - Setting next_dagrun for example_branch_datetime_operator to 2025-01-07 00:00:00+00:00, run_after=2025-01-08 00:00:00+00:00
[2025-01-08T12:15:04.294+0000] {logging_mixin.py:188} INFO - [2025-01-08T12:15:04.293+0000] {dag.py:3823} INFO - Setting next_dagrun for example_branch_datetime_operator_2 to 2025-01-07 00:00:00+00:00, run_after=2025-01-08 00:00:00+00:00
[2025-01-08T12:15:04.301+0000] {logging_mixin.py:188} INFO - [2025-01-08T12:15:04.300+0000] {dag.py:3823} INFO - Setting next_dagrun for example_branch_datetime_operator_3 to 2025-01-07 00:00:00+00:00, run_after=2025-01-08 00:00:00+00:00
[2025-01-08T12:15:04.328+0000] {processor.py:183} INFO - Processing /home/airflow/.local/lib/python3.8/site-packages/airflow/example_dags/example_branch_datetime_operator.py took 0.150 seconds
[2025-01-08T12:15:34.378+0000] {processor.py:161} INFO - Started process (PID=460) to work on /home/airflow/.local/lib/python3.8/site-packages/airflow/example_dags/example_branch_datetime_operator.py
[2025-01-08T12:15:34.379+0000] {processor.py:830} INFO - Processing file /home/airflow/.local/lib/python3.8/site-packages/airflow/example_dags/example_branch_datetime_operator.py for tasks to queue
[2025-01-08T12:15:34.382+0000] {logging_mixin.py:188} INFO - [2025-01-08T12:15:34.381+0000] {dagbag.py:538} INFO - Filling up the DagBag from /home/airflow/.local/lib/python3.8/site-packages/airflow/example_dags/example_branch_datetime_operator.py
[2025-01-08T12:15:34.396+0000] {processor.py:840} INFO - DAG(s) 'example_branch_datetime_operator_2', 'example_branch_datetime_operator_3', 'example_branch_datetime_operator' retrieved from /home/airflow/.local/lib/python3.8/site-packages/airflow/example_dags/example_branch_datetime_operator.py
[2025-01-08T12:15:34.451+0000] {logging_mixin.py:188} INFO - [2025-01-08T12:15:34.450+0000] {dag.py:3036} INFO - Sync 3 DAGs
[2025-01-08T12:15:34.494+0000] {logging_mixin.py:188} INFO - [2025-01-08T12:15:34.494+0000] {dag.py:3823} INFO - Setting next_dagrun for example_branch_datetime_operator to 2025-01-07 00:00:00+00:00, run_after=2025-01-08 00:00:00+00:00
[2025-01-08T12:15:34.504+0000] {logging_mixin.py:188} INFO - [2025-01-08T12:15:34.503+0000] {dag.py:3823} INFO - Setting next_dagrun for example_branch_datetime_operator_2 to 2025-01-07 00:00:00+00:00, run_after=2025-01-08 00:00:00+00:00
[2025-01-08T12:15:34.511+0000] {logging_mixin.py:188} INFO - [2025-01-08T12:15:34.510+0000] {dag.py:3823} INFO - Setting next_dagrun for example_branch_datetime_operator_3 to 2025-01-07 00:00:00+00:00, run_after=2025-01-08 00:00:00+00:00
[2025-01-08T12:15:34.545+0000] {processor.py:183} INFO - Processing /home/airflow/.local/lib/python3.8/site-packages/airflow/example_dags/example_branch_datetime_operator.py took 0.173 seconds
[2025-01-08T12:16:04.946+0000] {processor.py:161} INFO - Started process (PID=517) to work on /home/airflow/.local/lib/python3.8/site-packages/airflow/example_dags/example_branch_datetime_operator.py
[2025-01-08T12:16:04.947+0000] {processor.py:830} INFO - Processing file /home/airflow/.local/lib/python3.8/site-packages/airflow/example_dags/example_branch_datetime_operator.py for tasks to queue
[2025-01-08T12:16:04.950+0000] {logging_mixin.py:188} INFO - [2025-01-08T12:16:04.949+0000] {dagbag.py:538} INFO - Filling up the DagBag from /home/airflow/.local/lib/python3.8/site-packages/airflow/example_dags/example_branch_datetime_operator.py
[2025-01-08T12:16:04.967+0000] {processor.py:840} INFO - DAG(s) 'example_branch_datetime_operator_2', 'example_branch_datetime_operator_3', 'example_branch_datetime_operator' retrieved from /home/airflow/.local/lib/python3.8/site-packages/airflow/example_dags/example_branch_datetime_operator.py
[2025-01-08T12:16:05.013+0000] {logging_mixin.py:188} INFO - [2025-01-08T12:16:05.013+0000] {dag.py:3036} INFO - Sync 3 DAGs
[2025-01-08T12:16:05.049+0000] {logging_mixin.py:188} INFO - [2025-01-08T12:16:05.049+0000] {dag.py:3823} INFO - Setting next_dagrun for example_branch_datetime_operator to 2025-01-07 00:00:00+00:00, run_after=2025-01-08 00:00:00+00:00
[2025-01-08T12:16:05.060+0000] {logging_mixin.py:188} INFO - [2025-01-08T12:16:05.060+0000] {dag.py:3823} INFO - Setting next_dagrun for example_branch_datetime_operator_2 to 2025-01-07 00:00:00+00:00, run_after=2025-01-08 00:00:00+00:00
[2025-01-08T12:16:05.067+0000] {logging_mixin.py:188} INFO - [2025-01-08T12:16:05.066+0000] {dag.py:3823} INFO - Setting next_dagrun for example_branch_datetime_operator_3 to 2025-01-07 00:00:00+00:00, run_after=2025-01-08 00:00:00+00:00
[2025-01-08T12:16:05.095+0000] {processor.py:183} INFO - Processing /home/airflow/.local/lib/python3.8/site-packages/airflow/example_dags/example_branch_datetime_operator.py took 0.154 seconds
[2025-01-08T12:16:35.752+0000] {processor.py:161} INFO - Started process (PID=575) to work on /home/airflow/.local/lib/python3.8/site-packages/airflow/example_dags/example_branch_datetime_operator.py
[2025-01-08T12:16:35.754+0000] {processor.py:830} INFO - Processing file /home/airflow/.local/lib/python3.8/site-packages/airflow/example_dags/example_branch_datetime_operator.py for tasks to queue
[2025-01-08T12:16:35.759+0000] {logging_mixin.py:188} INFO - [2025-01-08T12:16:35.758+0000] {dagbag.py:538} INFO - Filling up the DagBag from /home/airflow/.local/lib/python3.8/site-packages/airflow/example_dags/example_branch_datetime_operator.py
[2025-01-08T12:16:35.787+0000] {processor.py:840} INFO - DAG(s) 'example_branch_datetime_operator_3', 'example_branch_datetime_operator_2', 'example_branch_datetime_operator' retrieved from /home/airflow/.local/lib/python3.8/site-packages/airflow/example_dags/example_branch_datetime_operator.py
[2025-01-08T12:16:35.836+0000] {logging_mixin.py:188} INFO - [2025-01-08T12:16:35.835+0000] {dag.py:3036} INFO - Sync 3 DAGs
[2025-01-08T12:16:35.883+0000] {logging_mixin.py:188} INFO - [2025-01-08T12:16:35.883+0000] {dag.py:3823} INFO - Setting next_dagrun for example_branch_datetime_operator to 2025-01-07 00:00:00+00:00, run_after=2025-01-08 00:00:00+00:00
[2025-01-08T12:16:35.895+0000] {logging_mixin.py:188} INFO - [2025-01-08T12:16:35.894+0000] {dag.py:3823} INFO - Setting next_dagrun for example_branch_datetime_operator_2 to 2025-01-07 00:00:00+00:00, run_after=2025-01-08 00:00:00+00:00
[2025-01-08T12:16:35.899+0000] {logging_mixin.py:188} INFO - [2025-01-08T12:16:35.899+0000] {dag.py:3823} INFO - Setting next_dagrun for example_branch_datetime_operator_3 to 2025-01-07 00:00:00+00:00, run_after=2025-01-08 00:00:00+00:00
[2025-01-08T12:16:35.930+0000] {processor.py:183} INFO - Processing /home/airflow/.local/lib/python3.8/site-packages/airflow/example_dags/example_branch_datetime_operator.py took 0.188 seconds
[2025-01-08T12:17:06.356+0000] {processor.py:161} INFO - Started process (PID=634) to work on /home/airflow/.local/lib/python3.8/site-packages/airflow/example_dags/example_branch_datetime_operator.py
[2025-01-08T12:17:06.358+0000] {processor.py:830} INFO - Processing file /home/airflow/.local/lib/python3.8/site-packages/airflow/example_dags/example_branch_datetime_operator.py for tasks to queue
[2025-01-08T12:17:06.367+0000] {logging_mixin.py:188} INFO - [2025-01-08T12:17:06.366+0000] {dagbag.py:538} INFO - Filling up the DagBag from /home/airflow/.local/lib/python3.8/site-packages/airflow/example_dags/example_branch_datetime_operator.py
[2025-01-08T12:17:06.399+0000] {processor.py:840} INFO - DAG(s) 'example_branch_datetime_operator_2', 'example_branch_datetime_operator', 'example_branch_datetime_operator_3' retrieved from /home/airflow/.local/lib/python3.8/site-packages/airflow/example_dags/example_branch_datetime_operator.py
[2025-01-08T12:17:06.494+0000] {logging_mixin.py:188} INFO - [2025-01-08T12:17:06.493+0000] {dag.py:3036} INFO - Sync 3 DAGs
[2025-01-08T12:17:06.587+0000] {logging_mixin.py:188} INFO - [2025-01-08T12:17:06.586+0000] {dag.py:3823} INFO - Setting next_dagrun for example_branch_datetime_operator to 2025-01-07 00:00:00+00:00, run_after=2025-01-08 00:00:00+00:00
[2025-01-08T12:17:06.598+0000] {logging_mixin.py:188} INFO - [2025-01-08T12:17:06.598+0000] {dag.py:3823} INFO - Setting next_dagrun for example_branch_datetime_operator_2 to 2025-01-07 00:00:00+00:00, run_after=2025-01-08 00:00:00+00:00
[2025-01-08T12:17:06.606+0000] {logging_mixin.py:188} INFO - [2025-01-08T12:17:06.606+0000] {dag.py:3823} INFO - Setting next_dagrun for example_branch_datetime_operator_3 to 2025-01-07 00:00:00+00:00, run_after=2025-01-08 00:00:00+00:00
[2025-01-08T12:17:06.649+0000] {processor.py:183} INFO - Processing /home/airflow/.local/lib/python3.8/site-packages/airflow/example_dags/example_branch_datetime_operator.py took 0.307 seconds
[2025-01-08T12:17:36.827+0000] {processor.py:161} INFO - Started process (PID=693) to work on /home/airflow/.local/lib/python3.8/site-packages/airflow/example_dags/example_branch_datetime_operator.py
[2025-01-08T12:17:36.829+0000] {processor.py:830} INFO - Processing file /home/airflow/.local/lib/python3.8/site-packages/airflow/example_dags/example_branch_datetime_operator.py for tasks to queue
[2025-01-08T12:17:36.832+0000] {logging_mixin.py:188} INFO - [2025-01-08T12:17:36.831+0000] {dagbag.py:538} INFO - Filling up the DagBag from /home/airflow/.local/lib/python3.8/site-packages/airflow/example_dags/example_branch_datetime_operator.py
[2025-01-08T12:17:36.849+0000] {processor.py:840} INFO - DAG(s) 'example_branch_datetime_operator', 'example_branch_datetime_operator_3', 'example_branch_datetime_operator_2' retrieved from /home/airflow/.local/lib/python3.8/site-packages/airflow/example_dags/example_branch_datetime_operator.py
[2025-01-08T12:17:36.891+0000] {logging_mixin.py:188} INFO - [2025-01-08T12:17:36.891+0000] {dag.py:3036} INFO - Sync 3 DAGs
[2025-01-08T12:17:36.940+0000] {logging_mixin.py:188} INFO - [2025-01-08T12:17:36.940+0000] {dag.py:3823} INFO - Setting next_dagrun for example_branch_datetime_operator to 2025-01-07 00:00:00+00:00, run_after=2025-01-08 00:00:00+00:00
[2025-01-08T12:17:36.949+0000] {logging_mixin.py:188} INFO - [2025-01-08T12:17:36.948+0000] {dag.py:3823} INFO - Setting next_dagrun for example_branch_datetime_operator_2 to 2025-01-07 00:00:00+00:00, run_after=2025-01-08 00:00:00+00:00
[2025-01-08T12:17:36.954+0000] {logging_mixin.py:188} INFO - [2025-01-08T12:17:36.954+0000] {dag.py:3823} INFO - Setting next_dagrun for example_branch_datetime_operator_3 to 2025-01-07 00:00:00+00:00, run_after=2025-01-08 00:00:00+00:00
[2025-01-08T12:17:36.983+0000] {processor.py:183} INFO - Processing /home/airflow/.local/lib/python3.8/site-packages/airflow/example_dags/example_branch_datetime_operator.py took 0.160 seconds
[2025-01-08T12:18:07.481+0000] {processor.py:161} INFO - Started process (PID=752) to work on /home/airflow/.local/lib/python3.8/site-packages/airflow/example_dags/example_branch_datetime_operator.py
[2025-01-08T12:18:07.482+0000] {processor.py:830} INFO - Processing file /home/airflow/.local/lib/python3.8/site-packages/airflow/example_dags/example_branch_datetime_operator.py for tasks to queue
[2025-01-08T12:18:07.486+0000] {logging_mixin.py:188} INFO - [2025-01-08T12:18:07.485+0000] {dagbag.py:538} INFO - Filling up the DagBag from /home/airflow/.local/lib/python3.8/site-packages/airflow/example_dags/example_branch_datetime_operator.py
[2025-01-08T12:18:07.505+0000] {processor.py:840} INFO - DAG(s) 'example_branch_datetime_operator', 'example_branch_datetime_operator_3', 'example_branch_datetime_operator_2' retrieved from /home/airflow/.local/lib/python3.8/site-packages/airflow/example_dags/example_branch_datetime_operator.py
[2025-01-08T12:18:07.549+0000] {logging_mixin.py:188} INFO - [2025-01-08T12:18:07.549+0000] {dag.py:3036} INFO - Sync 3 DAGs
[2025-01-08T12:18:07.587+0000] {logging_mixin.py:188} INFO - [2025-01-08T12:18:07.586+0000] {dag.py:3823} INFO - Setting next_dagrun for example_branch_datetime_operator to 2025-01-07 00:00:00+00:00, run_after=2025-01-08 00:00:00+00:00
[2025-01-08T12:18:07.599+0000] {logging_mixin.py:188} INFO - [2025-01-08T12:18:07.599+0000] {dag.py:3823} INFO - Setting next_dagrun for example_branch_datetime_operator_2 to 2025-01-07 00:00:00+00:00, run_after=2025-01-08 00:00:00+00:00
[2025-01-08T12:18:07.606+0000] {logging_mixin.py:188} INFO - [2025-01-08T12:18:07.606+0000] {dag.py:3823} INFO - Setting next_dagrun for example_branch_datetime_operator_3 to 2025-01-07 00:00:00+00:00, run_after=2025-01-08 00:00:00+00:00
[2025-01-08T12:18:07.633+0000] {processor.py:183} INFO - Processing /home/airflow/.local/lib/python3.8/site-packages/airflow/example_dags/example_branch_datetime_operator.py took 0.160 seconds
[2025-01-08T12:18:38.349+0000] {processor.py:161} INFO - Started process (PID=811) to work on /home/airflow/.local/lib/python3.8/site-packages/airflow/example_dags/example_branch_datetime_operator.py
[2025-01-08T12:18:38.351+0000] {processor.py:830} INFO - Processing file /home/airflow/.local/lib/python3.8/site-packages/airflow/example_dags/example_branch_datetime_operator.py for tasks to queue
[2025-01-08T12:18:38.356+0000] {logging_mixin.py:188} INFO - [2025-01-08T12:18:38.356+0000] {dagbag.py:538} INFO - Filling up the DagBag from /home/airflow/.local/lib/python3.8/site-packages/airflow/example_dags/example_branch_datetime_operator.py
[2025-01-08T12:18:38.379+0000] {processor.py:840} INFO - DAG(s) 'example_branch_datetime_operator_3', 'example_branch_datetime_operator_2', 'example_branch_datetime_operator' retrieved from /home/airflow/.local/lib/python3.8/site-packages/airflow/example_dags/example_branch_datetime_operator.py
[2025-01-08T12:18:38.435+0000] {logging_mixin.py:188} INFO - [2025-01-08T12:18:38.434+0000] {dag.py:3036} INFO - Sync 3 DAGs
[2025-01-08T12:18:38.490+0000] {logging_mixin.py:188} INFO - [2025-01-08T12:18:38.489+0000] {dag.py:3823} INFO - Setting next_dagrun for example_branch_datetime_operator to 2025-01-07 00:00:00+00:00, run_after=2025-01-08 00:00:00+00:00
[2025-01-08T12:18:38.504+0000] {logging_mixin.py:188} INFO - [2025-01-08T12:18:38.503+0000] {dag.py:3823} INFO - Setting next_dagrun for example_branch_datetime_operator_2 to 2025-01-07 00:00:00+00:00, run_after=2025-01-08 00:00:00+00:00
[2025-01-08T12:18:38.510+0000] {logging_mixin.py:188} INFO - [2025-01-08T12:18:38.509+0000] {dag.py:3823} INFO - Setting next_dagrun for example_branch_datetime_operator_3 to 2025-01-07 00:00:00+00:00, run_after=2025-01-08 00:00:00+00:00
[2025-01-08T12:18:38.559+0000] {processor.py:183} INFO - Processing /home/airflow/.local/lib/python3.8/site-packages/airflow/example_dags/example_branch_datetime_operator.py took 0.216 seconds
[2025-01-08T12:19:08.928+0000] {processor.py:161} INFO - Started process (PID=871) to work on /home/airflow/.local/lib/python3.8/site-packages/airflow/example_dags/example_branch_datetime_operator.py
[2025-01-08T12:19:08.930+0000] {processor.py:830} INFO - Processing file /home/airflow/.local/lib/python3.8/site-packages/airflow/example_dags/example_branch_datetime_operator.py for tasks to queue
[2025-01-08T12:19:08.934+0000] {logging_mixin.py:188} INFO - [2025-01-08T12:19:08.933+0000] {dagbag.py:538} INFO - Filling up the DagBag from /home/airflow/.local/lib/python3.8/site-packages/airflow/example_dags/example_branch_datetime_operator.py
[2025-01-08T12:19:08.957+0000] {processor.py:840} INFO - DAG(s) 'example_branch_datetime_operator_2', 'example_branch_datetime_operator_3', 'example_branch_datetime_operator' retrieved from /home/airflow/.local/lib/python3.8/site-packages/airflow/example_dags/example_branch_datetime_operator.py
[2025-01-08T12:19:09.015+0000] {logging_mixin.py:188} INFO - [2025-01-08T12:19:09.015+0000] {dag.py:3036} INFO - Sync 3 DAGs
[2025-01-08T12:19:09.064+0000] {logging_mixin.py:188} INFO - [2025-01-08T12:19:09.064+0000] {dag.py:3823} INFO - Setting next_dagrun for example_branch_datetime_operator to 2025-01-07 00:00:00+00:00, run_after=2025-01-08 00:00:00+00:00
[2025-01-08T12:19:09.079+0000] {logging_mixin.py:188} INFO - [2025-01-08T12:19:09.079+0000] {dag.py:3823} INFO - Setting next_dagrun for example_branch_datetime_operator_2 to 2025-01-07 00:00:00+00:00, run_after=2025-01-08 00:00:00+00:00
[2025-01-08T12:19:09.089+0000] {logging_mixin.py:188} INFO - [2025-01-08T12:19:09.087+0000] {dag.py:3823} INFO - Setting next_dagrun for example_branch_datetime_operator_3 to 2025-01-07 00:00:00+00:00, run_after=2025-01-08 00:00:00+00:00
[2025-01-08T12:19:09.137+0000] {processor.py:183} INFO - Processing /home/airflow/.local/lib/python3.8/site-packages/airflow/example_dags/example_branch_datetime_operator.py took 0.214 seconds
[2025-01-08T12:19:39.959+0000] {processor.py:161} INFO - Started process (PID=930) to work on /home/airflow/.local/lib/python3.8/site-packages/airflow/example_dags/example_branch_datetime_operator.py
[2025-01-08T12:19:39.961+0000] {processor.py:830} INFO - Processing file /home/airflow/.local/lib/python3.8/site-packages/airflow/example_dags/example_branch_datetime_operator.py for tasks to queue
[2025-01-08T12:19:39.964+0000] {logging_mixin.py:188} INFO - [2025-01-08T12:19:39.963+0000] {dagbag.py:538} INFO - Filling up the DagBag from /home/airflow/.local/lib/python3.8/site-packages/airflow/example_dags/example_branch_datetime_operator.py
[2025-01-08T12:19:39.986+0000] {processor.py:840} INFO - DAG(s) 'example_branch_datetime_operator', 'example_branch_datetime_operator_2', 'example_branch_datetime_operator_3' retrieved from /home/airflow/.local/lib/python3.8/site-packages/airflow/example_dags/example_branch_datetime_operator.py
[2025-01-08T12:19:40.035+0000] {logging_mixin.py:188} INFO - [2025-01-08T12:19:40.035+0000] {dag.py:3036} INFO - Sync 3 DAGs
[2025-01-08T12:19:40.071+0000] {logging_mixin.py:188} INFO - [2025-01-08T12:19:40.070+0000] {dag.py:3823} INFO - Setting next_dagrun for example_branch_datetime_operator to 2025-01-07 00:00:00+00:00, run_after=2025-01-08 00:00:00+00:00
[2025-01-08T12:19:40.080+0000] {logging_mixin.py:188} INFO - [2025-01-08T12:19:40.079+0000] {dag.py:3823} INFO - Setting next_dagrun for example_branch_datetime_operator_2 to 2025-01-07 00:00:00+00:00, run_after=2025-01-08 00:00:00+00:00
[2025-01-08T12:19:40.087+0000] {logging_mixin.py:188} INFO - [2025-01-08T12:19:40.086+0000] {dag.py:3823} INFO - Setting next_dagrun for example_branch_datetime_operator_3 to 2025-01-07 00:00:00+00:00, run_after=2025-01-08 00:00:00+00:00
[2025-01-08T12:19:40.120+0000] {processor.py:183} INFO - Processing /home/airflow/.local/lib/python3.8/site-packages/airflow/example_dags/example_branch_datetime_operator.py took 0.165 seconds
[2025-01-08T12:20:11.884+0000] {processor.py:161} INFO - Started process (PID=989) to work on /home/airflow/.local/lib/python3.8/site-packages/airflow/example_dags/example_branch_datetime_operator.py
[2025-01-08T12:20:11.886+0000] {processor.py:830} INFO - Processing file /home/airflow/.local/lib/python3.8/site-packages/airflow/example_dags/example_branch_datetime_operator.py for tasks to queue
[2025-01-08T12:20:11.891+0000] {logging_mixin.py:188} INFO - [2025-01-08T12:20:11.890+0000] {dagbag.py:538} INFO - Filling up the DagBag from /home/airflow/.local/lib/python3.8/site-packages/airflow/example_dags/example_branch_datetime_operator.py
[2025-01-08T12:20:11.953+0000] {processor.py:840} INFO - DAG(s) 'example_branch_datetime_operator', 'example_branch_datetime_operator_3', 'example_branch_datetime_operator_2' retrieved from /home/airflow/.local/lib/python3.8/site-packages/airflow/example_dags/example_branch_datetime_operator.py
[2025-01-08T12:20:12.056+0000] {logging_mixin.py:188} INFO - [2025-01-08T12:20:12.056+0000] {dag.py:3036} INFO - Sync 3 DAGs
[2025-01-08T12:20:12.149+0000] {logging_mixin.py:188} INFO - [2025-01-08T12:20:12.148+0000] {dag.py:3823} INFO - Setting next_dagrun for example_branch_datetime_operator to 2025-01-07 00:00:00+00:00, run_after=2025-01-08 00:00:00+00:00
[2025-01-08T12:20:12.170+0000] {logging_mixin.py:188} INFO - [2025-01-08T12:20:12.169+0000] {dag.py:3823} INFO - Setting next_dagrun for example_branch_datetime_operator_2 to 2025-01-07 00:00:00+00:00, run_after=2025-01-08 00:00:00+00:00
[2025-01-08T12:20:12.179+0000] {logging_mixin.py:188} INFO - [2025-01-08T12:20:12.179+0000] {dag.py:3823} INFO - Setting next_dagrun for example_branch_datetime_operator_3 to 2025-01-07 00:00:00+00:00, run_after=2025-01-08 00:00:00+00:00
[2025-01-08T12:20:12.229+0000] {processor.py:183} INFO - Processing /home/airflow/.local/lib/python3.8/site-packages/airflow/example_dags/example_branch_datetime_operator.py took 0.352 seconds
[2025-01-08T12:20:44.301+0000] {processor.py:161} INFO - Started process (PID=1048) to work on /home/airflow/.local/lib/python3.8/site-packages/airflow/example_dags/example_branch_datetime_operator.py
[2025-01-08T12:20:44.305+0000] {processor.py:830} INFO - Processing file /home/airflow/.local/lib/python3.8/site-packages/airflow/example_dags/example_branch_datetime_operator.py for tasks to queue
[2025-01-08T12:20:44.310+0000] {logging_mixin.py:188} INFO - [2025-01-08T12:20:44.309+0000] {dagbag.py:538} INFO - Filling up the DagBag from /home/airflow/.local/lib/python3.8/site-packages/airflow/example_dags/example_branch_datetime_operator.py
[2025-01-08T12:20:44.345+0000] {processor.py:840} INFO - DAG(s) 'example_branch_datetime_operator', 'example_branch_datetime_operator_3', 'example_branch_datetime_operator_2' retrieved from /home/airflow/.local/lib/python3.8/site-packages/airflow/example_dags/example_branch_datetime_operator.py
[2025-01-08T12:20:44.432+0000] {logging_mixin.py:188} INFO - [2025-01-08T12:20:44.432+0000] {dag.py:3036} INFO - Sync 3 DAGs
[2025-01-08T12:20:44.508+0000] {logging_mixin.py:188} INFO - [2025-01-08T12:20:44.505+0000] {dag.py:3823} INFO - Setting next_dagrun for example_branch_datetime_operator to 2025-01-07 00:00:00+00:00, run_after=2025-01-08 00:00:00+00:00
[2025-01-08T12:20:44.524+0000] {logging_mixin.py:188} INFO - [2025-01-08T12:20:44.524+0000] {dag.py:3823} INFO - Setting next_dagrun for example_branch_datetime_operator_2 to 2025-01-07 00:00:00+00:00, run_after=2025-01-08 00:00:00+00:00
[2025-01-08T12:20:44.531+0000] {logging_mixin.py:188} INFO - [2025-01-08T12:20:44.530+0000] {dag.py:3823} INFO - Setting next_dagrun for example_branch_datetime_operator_3 to 2025-01-07 00:00:00+00:00, run_after=2025-01-08 00:00:00+00:00
[2025-01-08T12:20:44.589+0000] {processor.py:183} INFO - Processing /home/airflow/.local/lib/python3.8/site-packages/airflow/example_dags/example_branch_datetime_operator.py took 0.298 seconds
[2025-01-08T12:21:15.567+0000] {processor.py:161} INFO - Started process (PID=1107) to work on /home/airflow/.local/lib/python3.8/site-packages/airflow/example_dags/example_branch_datetime_operator.py
[2025-01-08T12:21:15.579+0000] {processor.py:830} INFO - Processing file /home/airflow/.local/lib/python3.8/site-packages/airflow/example_dags/example_branch_datetime_operator.py for tasks to queue
[2025-01-08T12:21:15.591+0000] {logging_mixin.py:188} INFO - [2025-01-08T12:21:15.590+0000] {dagbag.py:538} INFO - Filling up the DagBag from /home/airflow/.local/lib/python3.8/site-packages/airflow/example_dags/example_branch_datetime_operator.py
[2025-01-08T12:21:15.637+0000] {processor.py:840} INFO - DAG(s) 'example_branch_datetime_operator_3', 'example_branch_datetime_operator_2', 'example_branch_datetime_operator' retrieved from /home/airflow/.local/lib/python3.8/site-packages/airflow/example_dags/example_branch_datetime_operator.py
[2025-01-08T12:21:15.768+0000] {logging_mixin.py:188} INFO - [2025-01-08T12:21:15.768+0000] {dag.py:3036} INFO - Sync 3 DAGs
[2025-01-08T12:21:15.863+0000] {logging_mixin.py:188} INFO - [2025-01-08T12:21:15.863+0000] {dag.py:3823} INFO - Setting next_dagrun for example_branch_datetime_operator to 2025-01-07 00:00:00+00:00, run_after=2025-01-08 00:00:00+00:00
[2025-01-08T12:21:15.880+0000] {logging_mixin.py:188} INFO - [2025-01-08T12:21:15.879+0000] {dag.py:3823} INFO - Setting next_dagrun for example_branch_datetime_operator_2 to 2025-01-07 00:00:00+00:00, run_after=2025-01-08 00:00:00+00:00
[2025-01-08T12:21:15.887+0000] {logging_mixin.py:188} INFO - [2025-01-08T12:21:15.886+0000] {dag.py:3823} INFO - Setting next_dagrun for example_branch_datetime_operator_3 to 2025-01-07 00:00:00+00:00, run_after=2025-01-08 00:00:00+00:00
[2025-01-08T12:21:15.927+0000] {processor.py:183} INFO - Processing /home/airflow/.local/lib/python3.8/site-packages/airflow/example_dags/example_branch_datetime_operator.py took 0.366 seconds
[2025-01-08T12:21:46.317+0000] {processor.py:161} INFO - Started process (PID=1171) to work on /home/airflow/.local/lib/python3.8/site-packages/airflow/example_dags/example_branch_datetime_operator.py
[2025-01-08T12:21:46.320+0000] {processor.py:830} INFO - Processing file /home/airflow/.local/lib/python3.8/site-packages/airflow/example_dags/example_branch_datetime_operator.py for tasks to queue
[2025-01-08T12:21:46.329+0000] {logging_mixin.py:188} INFO - [2025-01-08T12:21:46.327+0000] {dagbag.py:538} INFO - Filling up the DagBag from /home/airflow/.local/lib/python3.8/site-packages/airflow/example_dags/example_branch_datetime_operator.py
[2025-01-08T12:21:46.355+0000] {processor.py:840} INFO - DAG(s) 'example_branch_datetime_operator', 'example_branch_datetime_operator_3', 'example_branch_datetime_operator_2' retrieved from /home/airflow/.local/lib/python3.8/site-packages/airflow/example_dags/example_branch_datetime_operator.py
[2025-01-08T12:21:46.412+0000] {logging_mixin.py:188} INFO - [2025-01-08T12:21:46.411+0000] {dag.py:3036} INFO - Sync 3 DAGs
[2025-01-08T12:21:46.458+0000] {logging_mixin.py:188} INFO - [2025-01-08T12:21:46.457+0000] {dag.py:3823} INFO - Setting next_dagrun for example_branch_datetime_operator to 2025-01-07 00:00:00+00:00, run_after=2025-01-08 00:00:00+00:00
[2025-01-08T12:21:46.468+0000] {logging_mixin.py:188} INFO - [2025-01-08T12:21:46.468+0000] {dag.py:3823} INFO - Setting next_dagrun for example_branch_datetime_operator_2 to 2025-01-07 00:00:00+00:00, run_after=2025-01-08 00:00:00+00:00
[2025-01-08T12:21:46.474+0000] {logging_mixin.py:188} INFO - [2025-01-08T12:21:46.474+0000] {dag.py:3823} INFO - Setting next_dagrun for example_branch_datetime_operator_3 to 2025-01-07 00:00:00+00:00, run_after=2025-01-08 00:00:00+00:00
[2025-01-08T12:21:46.505+0000] {processor.py:183} INFO - Processing /home/airflow/.local/lib/python3.8/site-packages/airflow/example_dags/example_branch_datetime_operator.py took 0.198 seconds
[2025-01-08T12:22:16.582+0000] {processor.py:161} INFO - Started process (PID=1229) to work on /home/airflow/.local/lib/python3.8/site-packages/airflow/example_dags/example_branch_datetime_operator.py
[2025-01-08T12:22:16.584+0000] {processor.py:830} INFO - Processing file /home/airflow/.local/lib/python3.8/site-packages/airflow/example_dags/example_branch_datetime_operator.py for tasks to queue
[2025-01-08T12:22:16.587+0000] {logging_mixin.py:188} INFO - [2025-01-08T12:22:16.587+0000] {dagbag.py:538} INFO - Filling up the DagBag from /home/airflow/.local/lib/python3.8/site-packages/airflow/example_dags/example_branch_datetime_operator.py
[2025-01-08T12:22:16.605+0000] {processor.py:840} INFO - DAG(s) 'example_branch_datetime_operator_3', 'example_branch_datetime_operator', 'example_branch_datetime_operator_2' retrieved from /home/airflow/.local/lib/python3.8/site-packages/airflow/example_dags/example_branch_datetime_operator.py
[2025-01-08T12:22:16.652+0000] {logging_mixin.py:188} INFO - [2025-01-08T12:22:16.651+0000] {dag.py:3036} INFO - Sync 3 DAGs
[2025-01-08T12:22:16.703+0000] {logging_mixin.py:188} INFO - [2025-01-08T12:22:16.702+0000] {dag.py:3823} INFO - Setting next_dagrun for example_branch_datetime_operator to 2025-01-07 00:00:00+00:00, run_after=2025-01-08 00:00:00+00:00
[2025-01-08T12:22:16.715+0000] {logging_mixin.py:188} INFO - [2025-01-08T12:22:16.715+0000] {dag.py:3823} INFO - Setting next_dagrun for example_branch_datetime_operator_2 to 2025-01-07 00:00:00+00:00, run_after=2025-01-08 00:00:00+00:00
[2025-01-08T12:22:16.725+0000] {logging_mixin.py:188} INFO - [2025-01-08T12:22:16.724+0000] {dag.py:3823} INFO - Setting next_dagrun for example_branch_datetime_operator_3 to 2025-01-07 00:00:00+00:00, run_after=2025-01-08 00:00:00+00:00
[2025-01-08T12:22:16.759+0000] {processor.py:183} INFO - Processing /home/airflow/.local/lib/python3.8/site-packages/airflow/example_dags/example_branch_datetime_operator.py took 0.181 seconds
[2025-01-08T12:22:46.866+0000] {processor.py:161} INFO - Started process (PID=1288) to work on /home/airflow/.local/lib/python3.8/site-packages/airflow/example_dags/example_branch_datetime_operator.py
[2025-01-08T12:22:46.868+0000] {processor.py:830} INFO - Processing file /home/airflow/.local/lib/python3.8/site-packages/airflow/example_dags/example_branch_datetime_operator.py for tasks to queue
[2025-01-08T12:22:46.872+0000] {logging_mixin.py:188} INFO - [2025-01-08T12:22:46.871+0000] {dagbag.py:538} INFO - Filling up the DagBag from /home/airflow/.local/lib/python3.8/site-packages/airflow/example_dags/example_branch_datetime_operator.py
[2025-01-08T12:22:46.893+0000] {processor.py:840} INFO - DAG(s) 'example_branch_datetime_operator_3', 'example_branch_datetime_operator_2', 'example_branch_datetime_operator' retrieved from /home/airflow/.local/lib/python3.8/site-packages/airflow/example_dags/example_branch_datetime_operator.py
[2025-01-08T12:22:46.972+0000] {logging_mixin.py:188} INFO - [2025-01-08T12:22:46.971+0000] {dag.py:3036} INFO - Sync 3 DAGs
[2025-01-08T12:22:47.049+0000] {logging_mixin.py:188} INFO - [2025-01-08T12:22:47.049+0000] {dag.py:3823} INFO - Setting next_dagrun for example_branch_datetime_operator to 2025-01-07 00:00:00+00:00, run_after=2025-01-08 00:00:00+00:00
[2025-01-08T12:22:47.064+0000] {logging_mixin.py:188} INFO - [2025-01-08T12:22:47.063+0000] {dag.py:3823} INFO - Setting next_dagrun for example_branch_datetime_operator_2 to 2025-01-07 00:00:00+00:00, run_after=2025-01-08 00:00:00+00:00
[2025-01-08T12:22:47.071+0000] {logging_mixin.py:188} INFO - [2025-01-08T12:22:47.071+0000] {dag.py:3823} INFO - Setting next_dagrun for example_branch_datetime_operator_3 to 2025-01-07 00:00:00+00:00, run_after=2025-01-08 00:00:00+00:00
[2025-01-08T12:22:47.134+0000] {processor.py:183} INFO - Processing /home/airflow/.local/lib/python3.8/site-packages/airflow/example_dags/example_branch_datetime_operator.py took 0.280 seconds
[2025-01-08T12:23:17.896+0000] {processor.py:161} INFO - Started process (PID=1348) to work on /home/airflow/.local/lib/python3.8/site-packages/airflow/example_dags/example_branch_datetime_operator.py
[2025-01-08T12:23:17.899+0000] {processor.py:830} INFO - Processing file /home/airflow/.local/lib/python3.8/site-packages/airflow/example_dags/example_branch_datetime_operator.py for tasks to queue
[2025-01-08T12:23:17.903+0000] {logging_mixin.py:188} INFO - [2025-01-08T12:23:17.902+0000] {dagbag.py:538} INFO - Filling up the DagBag from /home/airflow/.local/lib/python3.8/site-packages/airflow/example_dags/example_branch_datetime_operator.py
[2025-01-08T12:23:17.958+0000] {processor.py:840} INFO - DAG(s) 'example_branch_datetime_operator_2', 'example_branch_datetime_operator', 'example_branch_datetime_operator_3' retrieved from /home/airflow/.local/lib/python3.8/site-packages/airflow/example_dags/example_branch_datetime_operator.py
[2025-01-08T12:23:18.020+0000] {logging_mixin.py:188} INFO - [2025-01-08T12:23:18.020+0000] {dag.py:3036} INFO - Sync 3 DAGs
[2025-01-08T12:23:18.072+0000] {logging_mixin.py:188} INFO - [2025-01-08T12:23:18.071+0000] {dag.py:3823} INFO - Setting next_dagrun for example_branch_datetime_operator to 2025-01-07 00:00:00+00:00, run_after=2025-01-08 00:00:00+00:00
[2025-01-08T12:23:18.081+0000] {logging_mixin.py:188} INFO - [2025-01-08T12:23:18.081+0000] {dag.py:3823} INFO - Setting next_dagrun for example_branch_datetime_operator_2 to 2025-01-07 00:00:00+00:00, run_after=2025-01-08 00:00:00+00:00
[2025-01-08T12:23:18.093+0000] {logging_mixin.py:188} INFO - [2025-01-08T12:23:18.093+0000] {dag.py:3823} INFO - Setting next_dagrun for example_branch_datetime_operator_3 to 2025-01-07 00:00:00+00:00, run_after=2025-01-08 00:00:00+00:00
[2025-01-08T12:23:18.134+0000] {processor.py:183} INFO - Processing /home/airflow/.local/lib/python3.8/site-packages/airflow/example_dags/example_branch_datetime_operator.py took 0.246 seconds
[2025-01-08T12:23:48.850+0000] {processor.py:161} INFO - Started process (PID=1406) to work on /home/airflow/.local/lib/python3.8/site-packages/airflow/example_dags/example_branch_datetime_operator.py
[2025-01-08T12:23:48.853+0000] {processor.py:830} INFO - Processing file /home/airflow/.local/lib/python3.8/site-packages/airflow/example_dags/example_branch_datetime_operator.py for tasks to queue
[2025-01-08T12:23:48.861+0000] {logging_mixin.py:188} INFO - [2025-01-08T12:23:48.860+0000] {dagbag.py:538} INFO - Filling up the DagBag from /home/airflow/.local/lib/python3.8/site-packages/airflow/example_dags/example_branch_datetime_operator.py
[2025-01-08T12:23:48.899+0000] {processor.py:840} INFO - DAG(s) 'example_branch_datetime_operator_2', 'example_branch_datetime_operator', 'example_branch_datetime_operator_3' retrieved from /home/airflow/.local/lib/python3.8/site-packages/airflow/example_dags/example_branch_datetime_operator.py
[2025-01-08T12:23:48.963+0000] {logging_mixin.py:188} INFO - [2025-01-08T12:23:48.963+0000] {dag.py:3036} INFO - Sync 3 DAGs
[2025-01-08T12:23:49.013+0000] {logging_mixin.py:188} INFO - [2025-01-08T12:23:49.013+0000] {dag.py:3823} INFO - Setting next_dagrun for example_branch_datetime_operator to 2025-01-07 00:00:00+00:00, run_after=2025-01-08 00:00:00+00:00
[2025-01-08T12:23:49.025+0000] {logging_mixin.py:188} INFO - [2025-01-08T12:23:49.024+0000] {dag.py:3823} INFO - Setting next_dagrun for example_branch_datetime_operator_2 to 2025-01-07 00:00:00+00:00, run_after=2025-01-08 00:00:00+00:00
[2025-01-08T12:23:49.031+0000] {logging_mixin.py:188} INFO - [2025-01-08T12:23:49.031+0000] {dag.py:3823} INFO - Setting next_dagrun for example_branch_datetime_operator_3 to 2025-01-07 00:00:00+00:00, run_after=2025-01-08 00:00:00+00:00
[2025-01-08T12:23:49.068+0000] {processor.py:183} INFO - Processing /home/airflow/.local/lib/python3.8/site-packages/airflow/example_dags/example_branch_datetime_operator.py took 0.226 seconds
[2025-01-08T12:24:19.833+0000] {processor.py:161} INFO - Started process (PID=1466) to work on /home/airflow/.local/lib/python3.8/site-packages/airflow/example_dags/example_branch_datetime_operator.py
[2025-01-08T12:24:19.835+0000] {processor.py:830} INFO - Processing file /home/airflow/.local/lib/python3.8/site-packages/airflow/example_dags/example_branch_datetime_operator.py for tasks to queue
[2025-01-08T12:24:19.839+0000] {logging_mixin.py:188} INFO - [2025-01-08T12:24:19.839+0000] {dagbag.py:538} INFO - Filling up the DagBag from /home/airflow/.local/lib/python3.8/site-packages/airflow/example_dags/example_branch_datetime_operator.py
[2025-01-08T12:24:19.860+0000] {processor.py:840} INFO - DAG(s) 'example_branch_datetime_operator_3', 'example_branch_datetime_operator_2', 'example_branch_datetime_operator' retrieved from /home/airflow/.local/lib/python3.8/site-packages/airflow/example_dags/example_branch_datetime_operator.py
[2025-01-08T12:24:19.918+0000] {logging_mixin.py:188} INFO - [2025-01-08T12:24:19.917+0000] {dag.py:3036} INFO - Sync 3 DAGs
[2025-01-08T12:24:19.966+0000] {logging_mixin.py:188} INFO - [2025-01-08T12:24:19.965+0000] {dag.py:3823} INFO - Setting next_dagrun for example_branch_datetime_operator to 2025-01-07 00:00:00+00:00, run_after=2025-01-08 00:00:00+00:00
[2025-01-08T12:24:19.978+0000] {logging_mixin.py:188} INFO - [2025-01-08T12:24:19.978+0000] {dag.py:3823} INFO - Setting next_dagrun for example_branch_datetime_operator_2 to 2025-01-07 00:00:00+00:00, run_after=2025-01-08 00:00:00+00:00
[2025-01-08T12:24:19.986+0000] {logging_mixin.py:188} INFO - [2025-01-08T12:24:19.986+0000] {dag.py:3823} INFO - Setting next_dagrun for example_branch_datetime_operator_3 to 2025-01-07 00:00:00+00:00, run_after=2025-01-08 00:00:00+00:00
[2025-01-08T12:24:20.021+0000] {processor.py:183} INFO - Processing /home/airflow/.local/lib/python3.8/site-packages/airflow/example_dags/example_branch_datetime_operator.py took 0.194 seconds
[2025-01-08T12:24:50.330+0000] {processor.py:161} INFO - Started process (PID=1525) to work on /home/airflow/.local/lib/python3.8/site-packages/airflow/example_dags/example_branch_datetime_operator.py
[2025-01-08T12:24:50.332+0000] {processor.py:830} INFO - Processing file /home/airflow/.local/lib/python3.8/site-packages/airflow/example_dags/example_branch_datetime_operator.py for tasks to queue
[2025-01-08T12:24:50.335+0000] {logging_mixin.py:188} INFO - [2025-01-08T12:24:50.335+0000] {dagbag.py:538} INFO - Filling up the DagBag from /home/airflow/.local/lib/python3.8/site-packages/airflow/example_dags/example_branch_datetime_operator.py
[2025-01-08T12:24:50.355+0000] {processor.py:840} INFO - DAG(s) 'example_branch_datetime_operator', 'example_branch_datetime_operator_2', 'example_branch_datetime_operator_3' retrieved from /home/airflow/.local/lib/python3.8/site-packages/airflow/example_dags/example_branch_datetime_operator.py
[2025-01-08T12:24:50.398+0000] {logging_mixin.py:188} INFO - [2025-01-08T12:24:50.398+0000] {dag.py:3036} INFO - Sync 3 DAGs
[2025-01-08T12:24:50.437+0000] {logging_mixin.py:188} INFO - [2025-01-08T12:24:50.437+0000] {dag.py:3823} INFO - Setting next_dagrun for example_branch_datetime_operator to 2025-01-07 00:00:00+00:00, run_after=2025-01-08 00:00:00+00:00
[2025-01-08T12:24:50.445+0000] {logging_mixin.py:188} INFO - [2025-01-08T12:24:50.445+0000] {dag.py:3823} INFO - Setting next_dagrun for example_branch_datetime_operator_2 to 2025-01-07 00:00:00+00:00, run_after=2025-01-08 00:00:00+00:00
[2025-01-08T12:24:50.450+0000] {logging_mixin.py:188} INFO - [2025-01-08T12:24:50.450+0000] {dag.py:3823} INFO - Setting next_dagrun for example_branch_datetime_operator_3 to 2025-01-07 00:00:00+00:00, run_after=2025-01-08 00:00:00+00:00
[2025-01-08T12:24:50.478+0000] {processor.py:183} INFO - Processing /home/airflow/.local/lib/python3.8/site-packages/airflow/example_dags/example_branch_datetime_operator.py took 0.153 seconds
[2025-01-08T12:25:21.095+0000] {processor.py:161} INFO - Started process (PID=1584) to work on /home/airflow/.local/lib/python3.8/site-packages/airflow/example_dags/example_branch_datetime_operator.py
[2025-01-08T12:25:21.097+0000] {processor.py:830} INFO - Processing file /home/airflow/.local/lib/python3.8/site-packages/airflow/example_dags/example_branch_datetime_operator.py for tasks to queue
[2025-01-08T12:25:21.099+0000] {logging_mixin.py:188} INFO - [2025-01-08T12:25:21.099+0000] {dagbag.py:538} INFO - Filling up the DagBag from /home/airflow/.local/lib/python3.8/site-packages/airflow/example_dags/example_branch_datetime_operator.py
[2025-01-08T12:25:21.116+0000] {processor.py:840} INFO - DAG(s) 'example_branch_datetime_operator_2', 'example_branch_datetime_operator', 'example_branch_datetime_operator_3' retrieved from /home/airflow/.local/lib/python3.8/site-packages/airflow/example_dags/example_branch_datetime_operator.py
[2025-01-08T12:25:21.161+0000] {logging_mixin.py:188} INFO - [2025-01-08T12:25:21.161+0000] {dag.py:3036} INFO - Sync 3 DAGs
[2025-01-08T12:25:21.202+0000] {logging_mixin.py:188} INFO - [2025-01-08T12:25:21.202+0000] {dag.py:3823} INFO - Setting next_dagrun for example_branch_datetime_operator to 2025-01-07 00:00:00+00:00, run_after=2025-01-08 00:00:00+00:00
[2025-01-08T12:25:21.211+0000] {logging_mixin.py:188} INFO - [2025-01-08T12:25:21.211+0000] {dag.py:3823} INFO - Setting next_dagrun for example_branch_datetime_operator_2 to 2025-01-07 00:00:00+00:00, run_after=2025-01-08 00:00:00+00:00
[2025-01-08T12:25:21.218+0000] {logging_mixin.py:188} INFO - [2025-01-08T12:25:21.218+0000] {dag.py:3823} INFO - Setting next_dagrun for example_branch_datetime_operator_3 to 2025-01-07 00:00:00+00:00, run_after=2025-01-08 00:00:00+00:00
[2025-01-08T12:25:21.249+0000] {processor.py:183} INFO - Processing /home/airflow/.local/lib/python3.8/site-packages/airflow/example_dags/example_branch_datetime_operator.py took 0.159 seconds
[2025-01-08T12:25:52.060+0000] {processor.py:161} INFO - Started process (PID=1643) to work on /home/airflow/.local/lib/python3.8/site-packages/airflow/example_dags/example_branch_datetime_operator.py
[2025-01-08T12:25:52.061+0000] {processor.py:830} INFO - Processing file /home/airflow/.local/lib/python3.8/site-packages/airflow/example_dags/example_branch_datetime_operator.py for tasks to queue
[2025-01-08T12:25:52.065+0000] {logging_mixin.py:188} INFO - [2025-01-08T12:25:52.064+0000] {dagbag.py:538} INFO - Filling up the DagBag from /home/airflow/.local/lib/python3.8/site-packages/airflow/example_dags/example_branch_datetime_operator.py
[2025-01-08T12:25:52.084+0000] {processor.py:840} INFO - DAG(s) 'example_branch_datetime_operator', 'example_branch_datetime_operator_3', 'example_branch_datetime_operator_2' retrieved from /home/airflow/.local/lib/python3.8/site-packages/airflow/example_dags/example_branch_datetime_operator.py
[2025-01-08T12:25:52.141+0000] {logging_mixin.py:188} INFO - [2025-01-08T12:25:52.140+0000] {dag.py:3036} INFO - Sync 3 DAGs
[2025-01-08T12:25:52.178+0000] {logging_mixin.py:188} INFO - [2025-01-08T12:25:52.177+0000] {dag.py:3823} INFO - Setting next_dagrun for example_branch_datetime_operator to 2025-01-07 00:00:00+00:00, run_after=2025-01-08 00:00:00+00:00
[2025-01-08T12:25:52.187+0000] {logging_mixin.py:188} INFO - [2025-01-08T12:25:52.186+0000] {dag.py:3823} INFO - Setting next_dagrun for example_branch_datetime_operator_2 to 2025-01-07 00:00:00+00:00, run_after=2025-01-08 00:00:00+00:00
[2025-01-08T12:25:52.191+0000] {logging_mixin.py:188} INFO - [2025-01-08T12:25:52.191+0000] {dag.py:3823} INFO - Setting next_dagrun for example_branch_datetime_operator_3 to 2025-01-07 00:00:00+00:00, run_after=2025-01-08 00:00:00+00:00
[2025-01-08T12:25:52.222+0000] {processor.py:183} INFO - Processing /home/airflow/.local/lib/python3.8/site-packages/airflow/example_dags/example_branch_datetime_operator.py took 0.170 seconds
[2025-01-08T12:26:29.067+0000] {processor.py:161} INFO - Started process (PID=1702) to work on /home/airflow/.local/lib/python3.8/site-packages/airflow/example_dags/example_branch_datetime_operator.py
[2025-01-08T12:26:29.076+0000] {processor.py:830} INFO - Processing file /home/airflow/.local/lib/python3.8/site-packages/airflow/example_dags/example_branch_datetime_operator.py for tasks to queue
[2025-01-08T12:26:29.143+0000] {logging_mixin.py:188} INFO - [2025-01-08T12:26:29.142+0000] {dagbag.py:538} INFO - Filling up the DagBag from /home/airflow/.local/lib/python3.8/site-packages/airflow/example_dags/example_branch_datetime_operator.py
[2025-01-08T12:26:29.234+0000] {processor.py:840} INFO - DAG(s) 'example_branch_datetime_operator', 'example_branch_datetime_operator_3', 'example_branch_datetime_operator_2' retrieved from /home/airflow/.local/lib/python3.8/site-packages/airflow/example_dags/example_branch_datetime_operator.py
[2025-01-08T12:26:29.503+0000] {logging_mixin.py:188} INFO - [2025-01-08T12:26:29.503+0000] {dag.py:3036} INFO - Sync 3 DAGs
[2025-01-08T12:26:29.702+0000] {logging_mixin.py:188} INFO - [2025-01-08T12:26:29.701+0000] {dag.py:3823} INFO - Setting next_dagrun for example_branch_datetime_operator to 2025-01-07 00:00:00+00:00, run_after=2025-01-08 00:00:00+00:00
[2025-01-08T12:26:29.735+0000] {logging_mixin.py:188} INFO - [2025-01-08T12:26:29.735+0000] {dag.py:3823} INFO - Setting next_dagrun for example_branch_datetime_operator_2 to 2025-01-07 00:00:00+00:00, run_after=2025-01-08 00:00:00+00:00
[2025-01-08T12:26:29.763+0000] {logging_mixin.py:188} INFO - [2025-01-08T12:26:29.763+0000] {dag.py:3823} INFO - Setting next_dagrun for example_branch_datetime_operator_3 to 2025-01-07 00:00:00+00:00, run_after=2025-01-08 00:00:00+00:00
[2025-01-08T12:26:29.880+0000] {processor.py:183} INFO - Processing /home/airflow/.local/lib/python3.8/site-packages/airflow/example_dags/example_branch_datetime_operator.py took 0.820 seconds
[2025-01-08T12:27:00.027+0000] {processor.py:161} INFO - Started process (PID=1761) to work on /home/airflow/.local/lib/python3.8/site-packages/airflow/example_dags/example_branch_datetime_operator.py
[2025-01-08T12:27:00.047+0000] {processor.py:830} INFO - Processing file /home/airflow/.local/lib/python3.8/site-packages/airflow/example_dags/example_branch_datetime_operator.py for tasks to queue
[2025-01-08T12:27:00.062+0000] {logging_mixin.py:188} INFO - [2025-01-08T12:27:00.062+0000] {dagbag.py:538} INFO - Filling up the DagBag from /home/airflow/.local/lib/python3.8/site-packages/airflow/example_dags/example_branch_datetime_operator.py
[2025-01-08T12:27:00.101+0000] {processor.py:840} INFO - DAG(s) 'example_branch_datetime_operator_2', 'example_branch_datetime_operator', 'example_branch_datetime_operator_3' retrieved from /home/airflow/.local/lib/python3.8/site-packages/airflow/example_dags/example_branch_datetime_operator.py
[2025-01-08T12:27:00.238+0000] {logging_mixin.py:188} INFO - [2025-01-08T12:27:00.227+0000] {dag.py:3036} INFO - Sync 3 DAGs
[2025-01-08T12:27:00.409+0000] {logging_mixin.py:188} INFO - [2025-01-08T12:27:00.409+0000] {dag.py:3823} INFO - Setting next_dagrun for example_branch_datetime_operator to 2025-01-07 00:00:00+00:00, run_after=2025-01-08 00:00:00+00:00
[2025-01-08T12:27:00.426+0000] {logging_mixin.py:188} INFO - [2025-01-08T12:27:00.426+0000] {dag.py:3823} INFO - Setting next_dagrun for example_branch_datetime_operator_2 to 2025-01-07 00:00:00+00:00, run_after=2025-01-08 00:00:00+00:00
[2025-01-08T12:27:00.441+0000] {logging_mixin.py:188} INFO - [2025-01-08T12:27:00.436+0000] {dag.py:3823} INFO - Setting next_dagrun for example_branch_datetime_operator_3 to 2025-01-07 00:00:00+00:00, run_after=2025-01-08 00:00:00+00:00
[2025-01-08T12:27:00.502+0000] {processor.py:183} INFO - Processing /home/airflow/.local/lib/python3.8/site-packages/airflow/example_dags/example_branch_datetime_operator.py took 0.488 seconds
[2025-01-08T12:27:30.720+0000] {processor.py:161} INFO - Started process (PID=1820) to work on /home/airflow/.local/lib/python3.8/site-packages/airflow/example_dags/example_branch_datetime_operator.py
[2025-01-08T12:27:30.724+0000] {processor.py:830} INFO - Processing file /home/airflow/.local/lib/python3.8/site-packages/airflow/example_dags/example_branch_datetime_operator.py for tasks to queue
[2025-01-08T12:27:30.733+0000] {logging_mixin.py:188} INFO - [2025-01-08T12:27:30.732+0000] {dagbag.py:538} INFO - Filling up the DagBag from /home/airflow/.local/lib/python3.8/site-packages/airflow/example_dags/example_branch_datetime_operator.py
[2025-01-08T12:27:30.775+0000] {processor.py:840} INFO - DAG(s) 'example_branch_datetime_operator_3', 'example_branch_datetime_operator_2', 'example_branch_datetime_operator' retrieved from /home/airflow/.local/lib/python3.8/site-packages/airflow/example_dags/example_branch_datetime_operator.py
[2025-01-08T12:27:30.989+0000] {logging_mixin.py:188} INFO - [2025-01-08T12:27:30.988+0000] {dag.py:3036} INFO - Sync 3 DAGs
[2025-01-08T12:27:31.178+0000] {logging_mixin.py:188} INFO - [2025-01-08T12:27:31.166+0000] {dag.py:3823} INFO - Setting next_dagrun for example_branch_datetime_operator to 2025-01-07 00:00:00+00:00, run_after=2025-01-08 00:00:00+00:00
[2025-01-08T12:27:31.217+0000] {logging_mixin.py:188} INFO - [2025-01-08T12:27:31.216+0000] {dag.py:3823} INFO - Setting next_dagrun for example_branch_datetime_operator_2 to 2025-01-07 00:00:00+00:00, run_after=2025-01-08 00:00:00+00:00
[2025-01-08T12:27:31.244+0000] {logging_mixin.py:188} INFO - [2025-01-08T12:27:31.244+0000] {dag.py:3823} INFO - Setting next_dagrun for example_branch_datetime_operator_3 to 2025-01-07 00:00:00+00:00, run_after=2025-01-08 00:00:00+00:00
[2025-01-08T12:27:31.337+0000] {processor.py:183} INFO - Processing /home/airflow/.local/lib/python3.8/site-packages/airflow/example_dags/example_branch_datetime_operator.py took 0.641 seconds
[2025-01-08T12:28:01.664+0000] {processor.py:161} INFO - Started process (PID=1882) to work on /home/airflow/.local/lib/python3.8/site-packages/airflow/example_dags/example_branch_datetime_operator.py
[2025-01-08T12:28:01.668+0000] {processor.py:830} INFO - Processing file /home/airflow/.local/lib/python3.8/site-packages/airflow/example_dags/example_branch_datetime_operator.py for tasks to queue
[2025-01-08T12:28:01.676+0000] {logging_mixin.py:188} INFO - [2025-01-08T12:28:01.675+0000] {dagbag.py:538} INFO - Filling up the DagBag from /home/airflow/.local/lib/python3.8/site-packages/airflow/example_dags/example_branch_datetime_operator.py
[2025-01-08T12:28:01.721+0000] {processor.py:840} INFO - DAG(s) 'example_branch_datetime_operator_3', 'example_branch_datetime_operator', 'example_branch_datetime_operator_2' retrieved from /home/airflow/.local/lib/python3.8/site-packages/airflow/example_dags/example_branch_datetime_operator.py
[2025-01-08T12:28:01.782+0000] {logging_mixin.py:188} INFO - [2025-01-08T12:28:01.781+0000] {dag.py:3036} INFO - Sync 3 DAGs
[2025-01-08T12:28:01.834+0000] {logging_mixin.py:188} INFO - [2025-01-08T12:28:01.834+0000] {dag.py:3823} INFO - Setting next_dagrun for example_branch_datetime_operator to 2025-01-07 00:00:00+00:00, run_after=2025-01-08 00:00:00+00:00
[2025-01-08T12:28:01.846+0000] {logging_mixin.py:188} INFO - [2025-01-08T12:28:01.845+0000] {dag.py:3823} INFO - Setting next_dagrun for example_branch_datetime_operator_2 to 2025-01-07 00:00:00+00:00, run_after=2025-01-08 00:00:00+00:00
[2025-01-08T12:28:01.853+0000] {logging_mixin.py:188} INFO - [2025-01-08T12:28:01.852+0000] {dag.py:3823} INFO - Setting next_dagrun for example_branch_datetime_operator_3 to 2025-01-07 00:00:00+00:00, run_after=2025-01-08 00:00:00+00:00
[2025-01-08T12:28:02.048+0000] {processor.py:183} INFO - Processing /home/airflow/.local/lib/python3.8/site-packages/airflow/example_dags/example_branch_datetime_operator.py took 0.397 seconds
[2025-01-08T12:28:32.339+0000] {processor.py:161} INFO - Started process (PID=1941) to work on /home/airflow/.local/lib/python3.8/site-packages/airflow/example_dags/example_branch_datetime_operator.py
[2025-01-08T12:28:32.342+0000] {processor.py:830} INFO - Processing file /home/airflow/.local/lib/python3.8/site-packages/airflow/example_dags/example_branch_datetime_operator.py for tasks to queue
[2025-01-08T12:28:32.346+0000] {logging_mixin.py:188} INFO - [2025-01-08T12:28:32.345+0000] {dagbag.py:538} INFO - Filling up the DagBag from /home/airflow/.local/lib/python3.8/site-packages/airflow/example_dags/example_branch_datetime_operator.py
[2025-01-08T12:28:32.375+0000] {processor.py:840} INFO - DAG(s) 'example_branch_datetime_operator_3', 'example_branch_datetime_operator_2', 'example_branch_datetime_operator' retrieved from /home/airflow/.local/lib/python3.8/site-packages/airflow/example_dags/example_branch_datetime_operator.py
[2025-01-08T12:28:32.446+0000] {logging_mixin.py:188} INFO - [2025-01-08T12:28:32.446+0000] {dag.py:3036} INFO - Sync 3 DAGs
[2025-01-08T12:28:32.520+0000] {logging_mixin.py:188} INFO - [2025-01-08T12:28:32.520+0000] {dag.py:3823} INFO - Setting next_dagrun for example_branch_datetime_operator to 2025-01-07 00:00:00+00:00, run_after=2025-01-08 00:00:00+00:00
[2025-01-08T12:28:32.543+0000] {logging_mixin.py:188} INFO - [2025-01-08T12:28:32.542+0000] {dag.py:3823} INFO - Setting next_dagrun for example_branch_datetime_operator_2 to 2025-01-07 00:00:00+00:00, run_after=2025-01-08 00:00:00+00:00
[2025-01-08T12:28:32.549+0000] {logging_mixin.py:188} INFO - [2025-01-08T12:28:32.549+0000] {dag.py:3823} INFO - Setting next_dagrun for example_branch_datetime_operator_3 to 2025-01-07 00:00:00+00:00, run_after=2025-01-08 00:00:00+00:00
[2025-01-08T12:28:32.834+0000] {processor.py:183} INFO - Processing /home/airflow/.local/lib/python3.8/site-packages/airflow/example_dags/example_branch_datetime_operator.py took 0.507 seconds
[2025-01-08T12:29:03.515+0000] {processor.py:161} INFO - Started process (PID=1999) to work on /home/airflow/.local/lib/python3.8/site-packages/airflow/example_dags/example_branch_datetime_operator.py
[2025-01-08T12:29:03.524+0000] {processor.py:830} INFO - Processing file /home/airflow/.local/lib/python3.8/site-packages/airflow/example_dags/example_branch_datetime_operator.py for tasks to queue
[2025-01-08T12:29:03.542+0000] {logging_mixin.py:188} INFO - [2025-01-08T12:29:03.542+0000] {dagbag.py:538} INFO - Filling up the DagBag from /home/airflow/.local/lib/python3.8/site-packages/airflow/example_dags/example_branch_datetime_operator.py
[2025-01-08T12:29:03.585+0000] {processor.py:840} INFO - DAG(s) 'example_branch_datetime_operator_3', 'example_branch_datetime_operator', 'example_branch_datetime_operator_2' retrieved from /home/airflow/.local/lib/python3.8/site-packages/airflow/example_dags/example_branch_datetime_operator.py
[2025-01-08T12:29:03.668+0000] {logging_mixin.py:188} INFO - [2025-01-08T12:29:03.667+0000] {dag.py:3036} INFO - Sync 3 DAGs
[2025-01-08T12:29:03.757+0000] {logging_mixin.py:188} INFO - [2025-01-08T12:29:03.757+0000] {dag.py:3823} INFO - Setting next_dagrun for example_branch_datetime_operator to 2025-01-07 00:00:00+00:00, run_after=2025-01-08 00:00:00+00:00
[2025-01-08T12:29:03.775+0000] {logging_mixin.py:188} INFO - [2025-01-08T12:29:03.775+0000] {dag.py:3823} INFO - Setting next_dagrun for example_branch_datetime_operator_2 to 2025-01-07 00:00:00+00:00, run_after=2025-01-08 00:00:00+00:00
[2025-01-08T12:29:03.788+0000] {logging_mixin.py:188} INFO - [2025-01-08T12:29:03.788+0000] {dag.py:3823} INFO - Setting next_dagrun for example_branch_datetime_operator_3 to 2025-01-07 00:00:00+00:00, run_after=2025-01-08 00:00:00+00:00
[2025-01-08T12:29:03.861+0000] {processor.py:183} INFO - Processing /home/airflow/.local/lib/python3.8/site-packages/airflow/example_dags/example_branch_datetime_operator.py took 0.353 seconds
[2025-01-08T12:29:34.425+0000] {processor.py:161} INFO - Started process (PID=2057) to work on /home/airflow/.local/lib/python3.8/site-packages/airflow/example_dags/example_branch_datetime_operator.py
[2025-01-08T12:29:34.427+0000] {processor.py:830} INFO - Processing file /home/airflow/.local/lib/python3.8/site-packages/airflow/example_dags/example_branch_datetime_operator.py for tasks to queue
[2025-01-08T12:29:34.431+0000] {logging_mixin.py:188} INFO - [2025-01-08T12:29:34.430+0000] {dagbag.py:538} INFO - Filling up the DagBag from /home/airflow/.local/lib/python3.8/site-packages/airflow/example_dags/example_branch_datetime_operator.py
[2025-01-08T12:29:34.476+0000] {processor.py:840} INFO - DAG(s) 'example_branch_datetime_operator_2', 'example_branch_datetime_operator_3', 'example_branch_datetime_operator' retrieved from /home/airflow/.local/lib/python3.8/site-packages/airflow/example_dags/example_branch_datetime_operator.py
[2025-01-08T12:29:34.586+0000] {logging_mixin.py:188} INFO - [2025-01-08T12:29:34.586+0000] {dag.py:3036} INFO - Sync 3 DAGs
[2025-01-08T12:29:34.681+0000] {logging_mixin.py:188} INFO - [2025-01-08T12:29:34.680+0000] {dag.py:3823} INFO - Setting next_dagrun for example_branch_datetime_operator to 2025-01-07 00:00:00+00:00, run_after=2025-01-08 00:00:00+00:00
[2025-01-08T12:29:34.712+0000] {logging_mixin.py:188} INFO - [2025-01-08T12:29:34.711+0000] {dag.py:3823} INFO - Setting next_dagrun for example_branch_datetime_operator_2 to 2025-01-07 00:00:00+00:00, run_after=2025-01-08 00:00:00+00:00
[2025-01-08T12:29:34.730+0000] {logging_mixin.py:188} INFO - [2025-01-08T12:29:34.730+0000] {dag.py:3823} INFO - Setting next_dagrun for example_branch_datetime_operator_3 to 2025-01-07 00:00:00+00:00, run_after=2025-01-08 00:00:00+00:00
[2025-01-08T12:29:34.801+0000] {processor.py:183} INFO - Processing /home/airflow/.local/lib/python3.8/site-packages/airflow/example_dags/example_branch_datetime_operator.py took 0.381 seconds
[2025-01-08T12:30:05.475+0000] {processor.py:161} INFO - Started process (PID=2116) to work on /home/airflow/.local/lib/python3.8/site-packages/airflow/example_dags/example_branch_datetime_operator.py
[2025-01-08T12:30:05.492+0000] {processor.py:830} INFO - Processing file /home/airflow/.local/lib/python3.8/site-packages/airflow/example_dags/example_branch_datetime_operator.py for tasks to queue
[2025-01-08T12:30:05.502+0000] {logging_mixin.py:188} INFO - [2025-01-08T12:30:05.501+0000] {dagbag.py:538} INFO - Filling up the DagBag from /home/airflow/.local/lib/python3.8/site-packages/airflow/example_dags/example_branch_datetime_operator.py
[2025-01-08T12:30:05.527+0000] {processor.py:840} INFO - DAG(s) 'example_branch_datetime_operator_2', 'example_branch_datetime_operator_3', 'example_branch_datetime_operator' retrieved from /home/airflow/.local/lib/python3.8/site-packages/airflow/example_dags/example_branch_datetime_operator.py
[2025-01-08T12:30:05.599+0000] {logging_mixin.py:188} INFO - [2025-01-08T12:30:05.599+0000] {dag.py:3036} INFO - Sync 3 DAGs
[2025-01-08T12:30:05.650+0000] {logging_mixin.py:188} INFO - [2025-01-08T12:30:05.649+0000] {dag.py:3823} INFO - Setting next_dagrun for example_branch_datetime_operator to 2025-01-07 00:00:00+00:00, run_after=2025-01-08 00:00:00+00:00
[2025-01-08T12:30:05.658+0000] {logging_mixin.py:188} INFO - [2025-01-08T12:30:05.657+0000] {dag.py:3823} INFO - Setting next_dagrun for example_branch_datetime_operator_2 to 2025-01-07 00:00:00+00:00, run_after=2025-01-08 00:00:00+00:00
[2025-01-08T12:30:05.663+0000] {logging_mixin.py:188} INFO - [2025-01-08T12:30:05.663+0000] {dag.py:3823} INFO - Setting next_dagrun for example_branch_datetime_operator_3 to 2025-01-07 00:00:00+00:00, run_after=2025-01-08 00:00:00+00:00
[2025-01-08T12:30:05.690+0000] {processor.py:183} INFO - Processing /home/airflow/.local/lib/python3.8/site-packages/airflow/example_dags/example_branch_datetime_operator.py took 0.224 seconds
[2025-01-08T12:30:36.233+0000] {processor.py:161} INFO - Started process (PID=2175) to work on /home/airflow/.local/lib/python3.8/site-packages/airflow/example_dags/example_branch_datetime_operator.py
[2025-01-08T12:30:36.235+0000] {processor.py:830} INFO - Processing file /home/airflow/.local/lib/python3.8/site-packages/airflow/example_dags/example_branch_datetime_operator.py for tasks to queue
[2025-01-08T12:30:36.239+0000] {logging_mixin.py:188} INFO - [2025-01-08T12:30:36.238+0000] {dagbag.py:538} INFO - Filling up the DagBag from /home/airflow/.local/lib/python3.8/site-packages/airflow/example_dags/example_branch_datetime_operator.py
[2025-01-08T12:30:36.259+0000] {processor.py:840} INFO - DAG(s) 'example_branch_datetime_operator_2', 'example_branch_datetime_operator_3', 'example_branch_datetime_operator' retrieved from /home/airflow/.local/lib/python3.8/site-packages/airflow/example_dags/example_branch_datetime_operator.py
[2025-01-08T12:30:36.316+0000] {logging_mixin.py:188} INFO - [2025-01-08T12:30:36.315+0000] {dag.py:3036} INFO - Sync 3 DAGs
[2025-01-08T12:30:36.355+0000] {logging_mixin.py:188} INFO - [2025-01-08T12:30:36.355+0000] {dag.py:3823} INFO - Setting next_dagrun for example_branch_datetime_operator to 2025-01-07 00:00:00+00:00, run_after=2025-01-08 00:00:00+00:00
[2025-01-08T12:30:36.365+0000] {logging_mixin.py:188} INFO - [2025-01-08T12:30:36.365+0000] {dag.py:3823} INFO - Setting next_dagrun for example_branch_datetime_operator_2 to 2025-01-07 00:00:00+00:00, run_after=2025-01-08 00:00:00+00:00
[2025-01-08T12:30:36.371+0000] {logging_mixin.py:188} INFO - [2025-01-08T12:30:36.370+0000] {dag.py:3823} INFO - Setting next_dagrun for example_branch_datetime_operator_3 to 2025-01-07 00:00:00+00:00, run_after=2025-01-08 00:00:00+00:00
[2025-01-08T12:30:36.399+0000] {processor.py:183} INFO - Processing /home/airflow/.local/lib/python3.8/site-packages/airflow/example_dags/example_branch_datetime_operator.py took 0.173 seconds
[2025-01-08T12:31:06.619+0000] {processor.py:161} INFO - Started process (PID=2233) to work on /home/airflow/.local/lib/python3.8/site-packages/airflow/example_dags/example_branch_datetime_operator.py
[2025-01-08T12:31:06.627+0000] {processor.py:830} INFO - Processing file /home/airflow/.local/lib/python3.8/site-packages/airflow/example_dags/example_branch_datetime_operator.py for tasks to queue
[2025-01-08T12:31:06.639+0000] {logging_mixin.py:188} INFO - [2025-01-08T12:31:06.637+0000] {dagbag.py:538} INFO - Filling up the DagBag from /home/airflow/.local/lib/python3.8/site-packages/airflow/example_dags/example_branch_datetime_operator.py
[2025-01-08T12:31:06.712+0000] {processor.py:840} INFO - DAG(s) 'example_branch_datetime_operator', 'example_branch_datetime_operator_2', 'example_branch_datetime_operator_3' retrieved from /home/airflow/.local/lib/python3.8/site-packages/airflow/example_dags/example_branch_datetime_operator.py
[2025-01-08T12:31:06.793+0000] {logging_mixin.py:188} INFO - [2025-01-08T12:31:06.793+0000] {dag.py:3036} INFO - Sync 3 DAGs
[2025-01-08T12:31:06.855+0000] {logging_mixin.py:188} INFO - [2025-01-08T12:31:06.855+0000] {dag.py:3823} INFO - Setting next_dagrun for example_branch_datetime_operator to 2025-01-07 00:00:00+00:00, run_after=2025-01-08 00:00:00+00:00
[2025-01-08T12:31:06.865+0000] {logging_mixin.py:188} INFO - [2025-01-08T12:31:06.865+0000] {dag.py:3823} INFO - Setting next_dagrun for example_branch_datetime_operator_2 to 2025-01-07 00:00:00+00:00, run_after=2025-01-08 00:00:00+00:00
[2025-01-08T12:31:06.870+0000] {logging_mixin.py:188} INFO - [2025-01-08T12:31:06.870+0000] {dag.py:3823} INFO - Setting next_dagrun for example_branch_datetime_operator_3 to 2025-01-07 00:00:00+00:00, run_after=2025-01-08 00:00:00+00:00
[2025-01-08T12:31:06.922+0000] {processor.py:183} INFO - Processing /home/airflow/.local/lib/python3.8/site-packages/airflow/example_dags/example_branch_datetime_operator.py took 0.330 seconds
[2025-01-08T12:31:37.521+0000] {processor.py:161} INFO - Started process (PID=2291) to work on /home/airflow/.local/lib/python3.8/site-packages/airflow/example_dags/example_branch_datetime_operator.py
[2025-01-08T12:31:37.524+0000] {processor.py:830} INFO - Processing file /home/airflow/.local/lib/python3.8/site-packages/airflow/example_dags/example_branch_datetime_operator.py for tasks to queue
[2025-01-08T12:31:37.527+0000] {logging_mixin.py:188} INFO - [2025-01-08T12:31:37.526+0000] {dagbag.py:538} INFO - Filling up the DagBag from /home/airflow/.local/lib/python3.8/site-packages/airflow/example_dags/example_branch_datetime_operator.py
[2025-01-08T12:31:37.546+0000] {processor.py:840} INFO - DAG(s) 'example_branch_datetime_operator', 'example_branch_datetime_operator_3', 'example_branch_datetime_operator_2' retrieved from /home/airflow/.local/lib/python3.8/site-packages/airflow/example_dags/example_branch_datetime_operator.py
[2025-01-08T12:31:37.603+0000] {logging_mixin.py:188} INFO - [2025-01-08T12:31:37.601+0000] {dag.py:3036} INFO - Sync 3 DAGs
[2025-01-08T12:31:37.832+0000] {logging_mixin.py:188} INFO - [2025-01-08T12:31:37.831+0000] {dag.py:3823} INFO - Setting next_dagrun for example_branch_datetime_operator to 2025-01-07 00:00:00+00:00, run_after=2025-01-08 00:00:00+00:00
[2025-01-08T12:31:37.840+0000] {logging_mixin.py:188} INFO - [2025-01-08T12:31:37.840+0000] {dag.py:3823} INFO - Setting next_dagrun for example_branch_datetime_operator_2 to 2025-01-07 00:00:00+00:00, run_after=2025-01-08 00:00:00+00:00
[2025-01-08T12:31:37.846+0000] {logging_mixin.py:188} INFO - [2025-01-08T12:31:37.846+0000] {dag.py:3823} INFO - Setting next_dagrun for example_branch_datetime_operator_3 to 2025-01-07 00:00:00+00:00, run_after=2025-01-08 00:00:00+00:00
[2025-01-08T12:31:37.874+0000] {processor.py:183} INFO - Processing /home/airflow/.local/lib/python3.8/site-packages/airflow/example_dags/example_branch_datetime_operator.py took 0.360 seconds
[2025-01-08T12:32:08.652+0000] {processor.py:161} INFO - Started process (PID=2350) to work on /home/airflow/.local/lib/python3.8/site-packages/airflow/example_dags/example_branch_datetime_operator.py
[2025-01-08T12:32:08.654+0000] {processor.py:830} INFO - Processing file /home/airflow/.local/lib/python3.8/site-packages/airflow/example_dags/example_branch_datetime_operator.py for tasks to queue
[2025-01-08T12:32:08.658+0000] {logging_mixin.py:188} INFO - [2025-01-08T12:32:08.658+0000] {dagbag.py:538} INFO - Filling up the DagBag from /home/airflow/.local/lib/python3.8/site-packages/airflow/example_dags/example_branch_datetime_operator.py
[2025-01-08T12:32:08.683+0000] {processor.py:840} INFO - DAG(s) 'example_branch_datetime_operator', 'example_branch_datetime_operator_3', 'example_branch_datetime_operator_2' retrieved from /home/airflow/.local/lib/python3.8/site-packages/airflow/example_dags/example_branch_datetime_operator.py
[2025-01-08T12:32:08.738+0000] {logging_mixin.py:188} INFO - [2025-01-08T12:32:08.737+0000] {dag.py:3036} INFO - Sync 3 DAGs
[2025-01-08T12:32:08.791+0000] {logging_mixin.py:188} INFO - [2025-01-08T12:32:08.791+0000] {dag.py:3823} INFO - Setting next_dagrun for example_branch_datetime_operator to 2025-01-07 00:00:00+00:00, run_after=2025-01-08 00:00:00+00:00
[2025-01-08T12:32:08.802+0000] {logging_mixin.py:188} INFO - [2025-01-08T12:32:08.801+0000] {dag.py:3823} INFO - Setting next_dagrun for example_branch_datetime_operator_2 to 2025-01-07 00:00:00+00:00, run_after=2025-01-08 00:00:00+00:00
[2025-01-08T12:32:08.819+0000] {logging_mixin.py:188} INFO - [2025-01-08T12:32:08.814+0000] {dag.py:3823} INFO - Setting next_dagrun for example_branch_datetime_operator_3 to 2025-01-07 00:00:00+00:00, run_after=2025-01-08 00:00:00+00:00
[2025-01-08T12:32:08.853+0000] {processor.py:183} INFO - Processing /home/airflow/.local/lib/python3.8/site-packages/airflow/example_dags/example_branch_datetime_operator.py took 0.212 seconds
[2025-01-08T12:32:39.177+0000] {processor.py:161} INFO - Started process (PID=2409) to work on /home/airflow/.local/lib/python3.8/site-packages/airflow/example_dags/example_branch_datetime_operator.py
[2025-01-08T12:32:39.183+0000] {processor.py:830} INFO - Processing file /home/airflow/.local/lib/python3.8/site-packages/airflow/example_dags/example_branch_datetime_operator.py for tasks to queue
[2025-01-08T12:32:39.195+0000] {logging_mixin.py:188} INFO - [2025-01-08T12:32:39.194+0000] {dagbag.py:538} INFO - Filling up the DagBag from /home/airflow/.local/lib/python3.8/site-packages/airflow/example_dags/example_branch_datetime_operator.py
[2025-01-08T12:32:39.228+0000] {processor.py:840} INFO - DAG(s) 'example_branch_datetime_operator', 'example_branch_datetime_operator_3', 'example_branch_datetime_operator_2' retrieved from /home/airflow/.local/lib/python3.8/site-packages/airflow/example_dags/example_branch_datetime_operator.py
[2025-01-08T12:32:39.273+0000] {logging_mixin.py:188} INFO - [2025-01-08T12:32:39.272+0000] {dag.py:3036} INFO - Sync 3 DAGs
[2025-01-08T12:32:39.306+0000] {logging_mixin.py:188} INFO - [2025-01-08T12:32:39.306+0000] {dag.py:3823} INFO - Setting next_dagrun for example_branch_datetime_operator to 2025-01-07 00:00:00+00:00, run_after=2025-01-08 00:00:00+00:00
[2025-01-08T12:32:39.313+0000] {logging_mixin.py:188} INFO - [2025-01-08T12:32:39.313+0000] {dag.py:3823} INFO - Setting next_dagrun for example_branch_datetime_operator_2 to 2025-01-07 00:00:00+00:00, run_after=2025-01-08 00:00:00+00:00
[2025-01-08T12:32:39.317+0000] {logging_mixin.py:188} INFO - [2025-01-08T12:32:39.317+0000] {dag.py:3823} INFO - Setting next_dagrun for example_branch_datetime_operator_3 to 2025-01-07 00:00:00+00:00, run_after=2025-01-08 00:00:00+00:00
[2025-01-08T12:32:39.344+0000] {processor.py:183} INFO - Processing /home/airflow/.local/lib/python3.8/site-packages/airflow/example_dags/example_branch_datetime_operator.py took 0.193 seconds
[2025-01-08T12:33:09.932+0000] {processor.py:161} INFO - Started process (PID=2468) to work on /home/airflow/.local/lib/python3.8/site-packages/airflow/example_dags/example_branch_datetime_operator.py
[2025-01-08T12:33:09.937+0000] {processor.py:830} INFO - Processing file /home/airflow/.local/lib/python3.8/site-packages/airflow/example_dags/example_branch_datetime_operator.py for tasks to queue
[2025-01-08T12:33:09.942+0000] {logging_mixin.py:188} INFO - [2025-01-08T12:33:09.941+0000] {dagbag.py:538} INFO - Filling up the DagBag from /home/airflow/.local/lib/python3.8/site-packages/airflow/example_dags/example_branch_datetime_operator.py
[2025-01-08T12:33:09.975+0000] {processor.py:840} INFO - DAG(s) 'example_branch_datetime_operator_2', 'example_branch_datetime_operator', 'example_branch_datetime_operator_3' retrieved from /home/airflow/.local/lib/python3.8/site-packages/airflow/example_dags/example_branch_datetime_operator.py
[2025-01-08T12:33:10.053+0000] {logging_mixin.py:188} INFO - [2025-01-08T12:33:10.052+0000] {dag.py:3036} INFO - Sync 3 DAGs
[2025-01-08T12:33:10.140+0000] {logging_mixin.py:188} INFO - [2025-01-08T12:33:10.139+0000] {dag.py:3823} INFO - Setting next_dagrun for example_branch_datetime_operator to 2025-01-07 00:00:00+00:00, run_after=2025-01-08 00:00:00+00:00
[2025-01-08T12:33:10.157+0000] {logging_mixin.py:188} INFO - [2025-01-08T12:33:10.156+0000] {dag.py:3823} INFO - Setting next_dagrun for example_branch_datetime_operator_2 to 2025-01-07 00:00:00+00:00, run_after=2025-01-08 00:00:00+00:00
[2025-01-08T12:33:10.164+0000] {logging_mixin.py:188} INFO - [2025-01-08T12:33:10.164+0000] {dag.py:3823} INFO - Setting next_dagrun for example_branch_datetime_operator_3 to 2025-01-07 00:00:00+00:00, run_after=2025-01-08 00:00:00+00:00
[2025-01-08T12:33:10.199+0000] {processor.py:183} INFO - Processing /home/airflow/.local/lib/python3.8/site-packages/airflow/example_dags/example_branch_datetime_operator.py took 0.275 seconds
[2025-01-08T12:33:40.331+0000] {processor.py:161} INFO - Started process (PID=2527) to work on /home/airflow/.local/lib/python3.8/site-packages/airflow/example_dags/example_branch_datetime_operator.py
[2025-01-08T12:33:40.334+0000] {processor.py:830} INFO - Processing file /home/airflow/.local/lib/python3.8/site-packages/airflow/example_dags/example_branch_datetime_operator.py for tasks to queue
[2025-01-08T12:33:40.338+0000] {logging_mixin.py:188} INFO - [2025-01-08T12:33:40.337+0000] {dagbag.py:538} INFO - Filling up the DagBag from /home/airflow/.local/lib/python3.8/site-packages/airflow/example_dags/example_branch_datetime_operator.py
[2025-01-08T12:33:40.372+0000] {processor.py:840} INFO - DAG(s) 'example_branch_datetime_operator', 'example_branch_datetime_operator_2', 'example_branch_datetime_operator_3' retrieved from /home/airflow/.local/lib/python3.8/site-packages/airflow/example_dags/example_branch_datetime_operator.py
[2025-01-08T12:33:40.458+0000] {logging_mixin.py:188} INFO - [2025-01-08T12:33:40.457+0000] {dag.py:3036} INFO - Sync 3 DAGs
[2025-01-08T12:33:40.503+0000] {logging_mixin.py:188} INFO - [2025-01-08T12:33:40.503+0000] {dag.py:3823} INFO - Setting next_dagrun for example_branch_datetime_operator to 2025-01-07 00:00:00+00:00, run_after=2025-01-08 00:00:00+00:00
[2025-01-08T12:33:40.510+0000] {logging_mixin.py:188} INFO - [2025-01-08T12:33:40.510+0000] {dag.py:3823} INFO - Setting next_dagrun for example_branch_datetime_operator_2 to 2025-01-07 00:00:00+00:00, run_after=2025-01-08 00:00:00+00:00
[2025-01-08T12:33:40.516+0000] {logging_mixin.py:188} INFO - [2025-01-08T12:33:40.516+0000] {dag.py:3823} INFO - Setting next_dagrun for example_branch_datetime_operator_3 to 2025-01-07 00:00:00+00:00, run_after=2025-01-08 00:00:00+00:00
[2025-01-08T12:33:40.551+0000] {processor.py:183} INFO - Processing /home/airflow/.local/lib/python3.8/site-packages/airflow/example_dags/example_branch_datetime_operator.py took 0.229 seconds
