[2025-01-08T12:11:47.614+0000] {processor.py:161} INFO - Started process (PID=44) to work on /home/airflow/.local/lib/python3.8/site-packages/airflow/example_dags/example_setup_teardown.py
[2025-01-08T12:11:47.630+0000] {processor.py:830} INFO - Processing file /home/airflow/.local/lib/python3.8/site-packages/airflow/example_dags/example_setup_teardown.py for tasks to queue
[2025-01-08T12:11:47.641+0000] {logging_mixin.py:188} INFO - [2025-01-08T12:11:47.640+0000] {dagbag.py:538} INFO - Filling up the DagBag from /home/airflow/.local/lib/python3.8/site-packages/airflow/example_dags/example_setup_teardown.py
[2025-01-08T12:11:47.783+0000] {processor.py:840} INFO - DAG(s) 'example_setup_teardown' retrieved from /home/airflow/.local/lib/python3.8/site-packages/airflow/example_dags/example_setup_teardown.py
[2025-01-08T12:11:49.087+0000] {logging_mixin.py:188} INFO - [2025-01-08T12:11:49.086+0000] {dag.py:3036} INFO - Sync 1 DAGs
[2025-01-08T12:11:49.419+0000] {logging_mixin.py:188} INFO - [2025-01-08T12:11:49.419+0000] {dag.py:3823} INFO - Setting next_dagrun for example_setup_teardown to 2025-01-07 00:00:00+00:00, run_after=2025-01-08 00:00:00+00:00
[2025-01-08T12:11:49.591+0000] {processor.py:183} INFO - Processing /home/airflow/.local/lib/python3.8/site-packages/airflow/example_dags/example_setup_teardown.py took 2.012 seconds
[2025-01-08T12:12:19.982+0000] {processor.py:161} INFO - Started process (PID=101) to work on /home/airflow/.local/lib/python3.8/site-packages/airflow/example_dags/example_setup_teardown.py
[2025-01-08T12:12:19.992+0000] {processor.py:830} INFO - Processing file /home/airflow/.local/lib/python3.8/site-packages/airflow/example_dags/example_setup_teardown.py for tasks to queue
[2025-01-08T12:12:20.015+0000] {logging_mixin.py:188} INFO - [2025-01-08T12:12:20.014+0000] {dagbag.py:538} INFO - Filling up the DagBag from /home/airflow/.local/lib/python3.8/site-packages/airflow/example_dags/example_setup_teardown.py
[2025-01-08T12:12:20.049+0000] {processor.py:840} INFO - DAG(s) 'example_setup_teardown' retrieved from /home/airflow/.local/lib/python3.8/site-packages/airflow/example_dags/example_setup_teardown.py
[2025-01-08T12:12:20.093+0000] {logging_mixin.py:188} INFO - [2025-01-08T12:12:20.093+0000] {dag.py:3036} INFO - Sync 1 DAGs
[2025-01-08T12:12:20.133+0000] {logging_mixin.py:188} INFO - [2025-01-08T12:12:20.133+0000] {dag.py:3823} INFO - Setting next_dagrun for example_setup_teardown to 2025-01-07 00:00:00+00:00, run_after=2025-01-08 00:00:00+00:00
[2025-01-08T12:12:20.180+0000] {processor.py:183} INFO - Processing /home/airflow/.local/lib/python3.8/site-packages/airflow/example_dags/example_setup_teardown.py took 0.236 seconds
[2025-01-08T12:12:50.630+0000] {processor.py:161} INFO - Started process (PID=158) to work on /home/airflow/.local/lib/python3.8/site-packages/airflow/example_dags/example_setup_teardown.py
[2025-01-08T12:12:50.632+0000] {processor.py:830} INFO - Processing file /home/airflow/.local/lib/python3.8/site-packages/airflow/example_dags/example_setup_teardown.py for tasks to queue
[2025-01-08T12:12:50.637+0000] {logging_mixin.py:188} INFO - [2025-01-08T12:12:50.636+0000] {dagbag.py:538} INFO - Filling up the DagBag from /home/airflow/.local/lib/python3.8/site-packages/airflow/example_dags/example_setup_teardown.py
[2025-01-08T12:12:50.654+0000] {processor.py:840} INFO - DAG(s) 'example_setup_teardown' retrieved from /home/airflow/.local/lib/python3.8/site-packages/airflow/example_dags/example_setup_teardown.py
[2025-01-08T12:12:50.699+0000] {logging_mixin.py:188} INFO - [2025-01-08T12:12:50.699+0000] {dag.py:3036} INFO - Sync 1 DAGs
[2025-01-08T12:12:50.794+0000] {logging_mixin.py:188} INFO - [2025-01-08T12:12:50.793+0000] {dag.py:3823} INFO - Setting next_dagrun for example_setup_teardown to 2025-01-07 00:00:00+00:00, run_after=2025-01-08 00:00:00+00:00
[2025-01-08T12:12:50.862+0000] {processor.py:183} INFO - Processing /home/airflow/.local/lib/python3.8/site-packages/airflow/example_dags/example_setup_teardown.py took 0.248 seconds
[2025-01-08T12:13:21.209+0000] {processor.py:161} INFO - Started process (PID=215) to work on /home/airflow/.local/lib/python3.8/site-packages/airflow/example_dags/example_setup_teardown.py
[2025-01-08T12:13:21.226+0000] {processor.py:830} INFO - Processing file /home/airflow/.local/lib/python3.8/site-packages/airflow/example_dags/example_setup_teardown.py for tasks to queue
[2025-01-08T12:13:21.230+0000] {logging_mixin.py:188} INFO - [2025-01-08T12:13:21.229+0000] {dagbag.py:538} INFO - Filling up the DagBag from /home/airflow/.local/lib/python3.8/site-packages/airflow/example_dags/example_setup_teardown.py
[2025-01-08T12:13:21.262+0000] {processor.py:840} INFO - DAG(s) 'example_setup_teardown' retrieved from /home/airflow/.local/lib/python3.8/site-packages/airflow/example_dags/example_setup_teardown.py
[2025-01-08T12:13:21.353+0000] {logging_mixin.py:188} INFO - [2025-01-08T12:13:21.353+0000] {dag.py:3036} INFO - Sync 1 DAGs
[2025-01-08T12:13:21.466+0000] {logging_mixin.py:188} INFO - [2025-01-08T12:13:21.462+0000] {dag.py:3823} INFO - Setting next_dagrun for example_setup_teardown to 2025-01-07 00:00:00+00:00, run_after=2025-01-08 00:00:00+00:00
[2025-01-08T12:13:21.507+0000] {processor.py:183} INFO - Processing /home/airflow/.local/lib/python3.8/site-packages/airflow/example_dags/example_setup_teardown.py took 0.315 seconds
[2025-01-08T12:13:52.153+0000] {processor.py:161} INFO - Started process (PID=272) to work on /home/airflow/.local/lib/python3.8/site-packages/airflow/example_dags/example_setup_teardown.py
[2025-01-08T12:13:52.167+0000] {processor.py:830} INFO - Processing file /home/airflow/.local/lib/python3.8/site-packages/airflow/example_dags/example_setup_teardown.py for tasks to queue
[2025-01-08T12:13:52.185+0000] {logging_mixin.py:188} INFO - [2025-01-08T12:13:52.172+0000] {dagbag.py:538} INFO - Filling up the DagBag from /home/airflow/.local/lib/python3.8/site-packages/airflow/example_dags/example_setup_teardown.py
[2025-01-08T12:13:52.252+0000] {processor.py:840} INFO - DAG(s) 'example_setup_teardown' retrieved from /home/airflow/.local/lib/python3.8/site-packages/airflow/example_dags/example_setup_teardown.py
[2025-01-08T12:13:52.353+0000] {logging_mixin.py:188} INFO - [2025-01-08T12:13:52.352+0000] {dag.py:3036} INFO - Sync 1 DAGs
[2025-01-08T12:13:52.474+0000] {logging_mixin.py:188} INFO - [2025-01-08T12:13:52.471+0000] {dag.py:3823} INFO - Setting next_dagrun for example_setup_teardown to 2025-01-07 00:00:00+00:00, run_after=2025-01-08 00:00:00+00:00
[2025-01-08T12:13:52.645+0000] {processor.py:183} INFO - Processing /home/airflow/.local/lib/python3.8/site-packages/airflow/example_dags/example_setup_teardown.py took 0.512 seconds
[2025-01-08T12:14:23.254+0000] {processor.py:161} INFO - Started process (PID=328) to work on /home/airflow/.local/lib/python3.8/site-packages/airflow/example_dags/example_setup_teardown.py
[2025-01-08T12:14:23.256+0000] {processor.py:830} INFO - Processing file /home/airflow/.local/lib/python3.8/site-packages/airflow/example_dags/example_setup_teardown.py for tasks to queue
[2025-01-08T12:14:23.261+0000] {logging_mixin.py:188} INFO - [2025-01-08T12:14:23.260+0000] {dagbag.py:538} INFO - Filling up the DagBag from /home/airflow/.local/lib/python3.8/site-packages/airflow/example_dags/example_setup_teardown.py
[2025-01-08T12:14:23.270+0000] {processor.py:840} INFO - DAG(s) 'example_setup_teardown' retrieved from /home/airflow/.local/lib/python3.8/site-packages/airflow/example_dags/example_setup_teardown.py
[2025-01-08T12:14:23.300+0000] {logging_mixin.py:188} INFO - [2025-01-08T12:14:23.300+0000] {dag.py:3036} INFO - Sync 1 DAGs
[2025-01-08T12:14:23.333+0000] {logging_mixin.py:188} INFO - [2025-01-08T12:14:23.333+0000] {dag.py:3823} INFO - Setting next_dagrun for example_setup_teardown to 2025-01-07 00:00:00+00:00, run_after=2025-01-08 00:00:00+00:00
[2025-01-08T12:14:23.361+0000] {processor.py:183} INFO - Processing /home/airflow/.local/lib/python3.8/site-packages/airflow/example_dags/example_setup_teardown.py took 0.117 seconds
[2025-01-08T12:14:54.168+0000] {processor.py:161} INFO - Started process (PID=385) to work on /home/airflow/.local/lib/python3.8/site-packages/airflow/example_dags/example_setup_teardown.py
[2025-01-08T12:14:54.172+0000] {processor.py:830} INFO - Processing file /home/airflow/.local/lib/python3.8/site-packages/airflow/example_dags/example_setup_teardown.py for tasks to queue
[2025-01-08T12:14:54.177+0000] {logging_mixin.py:188} INFO - [2025-01-08T12:14:54.176+0000] {dagbag.py:538} INFO - Filling up the DagBag from /home/airflow/.local/lib/python3.8/site-packages/airflow/example_dags/example_setup_teardown.py
[2025-01-08T12:14:54.194+0000] {processor.py:840} INFO - DAG(s) 'example_setup_teardown' retrieved from /home/airflow/.local/lib/python3.8/site-packages/airflow/example_dags/example_setup_teardown.py
[2025-01-08T12:14:54.228+0000] {logging_mixin.py:188} INFO - [2025-01-08T12:14:54.228+0000] {dag.py:3036} INFO - Sync 1 DAGs
[2025-01-08T12:14:54.264+0000] {logging_mixin.py:188} INFO - [2025-01-08T12:14:54.264+0000] {dag.py:3823} INFO - Setting next_dagrun for example_setup_teardown to 2025-01-07 00:00:00+00:00, run_after=2025-01-08 00:00:00+00:00
[2025-01-08T12:14:54.295+0000] {processor.py:183} INFO - Processing /home/airflow/.local/lib/python3.8/site-packages/airflow/example_dags/example_setup_teardown.py took 0.136 seconds
[2025-01-08T12:15:24.438+0000] {processor.py:161} INFO - Started process (PID=441) to work on /home/airflow/.local/lib/python3.8/site-packages/airflow/example_dags/example_setup_teardown.py
[2025-01-08T12:15:24.441+0000] {processor.py:830} INFO - Processing file /home/airflow/.local/lib/python3.8/site-packages/airflow/example_dags/example_setup_teardown.py for tasks to queue
[2025-01-08T12:15:24.447+0000] {logging_mixin.py:188} INFO - [2025-01-08T12:15:24.446+0000] {dagbag.py:538} INFO - Filling up the DagBag from /home/airflow/.local/lib/python3.8/site-packages/airflow/example_dags/example_setup_teardown.py
[2025-01-08T12:15:24.462+0000] {processor.py:840} INFO - DAG(s) 'example_setup_teardown' retrieved from /home/airflow/.local/lib/python3.8/site-packages/airflow/example_dags/example_setup_teardown.py
[2025-01-08T12:15:24.494+0000] {logging_mixin.py:188} INFO - [2025-01-08T12:15:24.494+0000] {dag.py:3036} INFO - Sync 1 DAGs
[2025-01-08T12:15:24.528+0000] {logging_mixin.py:188} INFO - [2025-01-08T12:15:24.528+0000] {dag.py:3823} INFO - Setting next_dagrun for example_setup_teardown to 2025-01-07 00:00:00+00:00, run_after=2025-01-08 00:00:00+00:00
[2025-01-08T12:15:24.558+0000] {processor.py:183} INFO - Processing /home/airflow/.local/lib/python3.8/site-packages/airflow/example_dags/example_setup_teardown.py took 0.132 seconds
[2025-01-08T12:15:55.412+0000] {processor.py:161} INFO - Started process (PID=498) to work on /home/airflow/.local/lib/python3.8/site-packages/airflow/example_dags/example_setup_teardown.py
[2025-01-08T12:15:55.426+0000] {processor.py:830} INFO - Processing file /home/airflow/.local/lib/python3.8/site-packages/airflow/example_dags/example_setup_teardown.py for tasks to queue
[2025-01-08T12:15:55.433+0000] {logging_mixin.py:188} INFO - [2025-01-08T12:15:55.432+0000] {dagbag.py:538} INFO - Filling up the DagBag from /home/airflow/.local/lib/python3.8/site-packages/airflow/example_dags/example_setup_teardown.py
[2025-01-08T12:15:55.464+0000] {processor.py:840} INFO - DAG(s) 'example_setup_teardown' retrieved from /home/airflow/.local/lib/python3.8/site-packages/airflow/example_dags/example_setup_teardown.py
[2025-01-08T12:15:55.529+0000] {logging_mixin.py:188} INFO - [2025-01-08T12:15:55.529+0000] {dag.py:3036} INFO - Sync 1 DAGs
[2025-01-08T12:15:55.613+0000] {logging_mixin.py:188} INFO - [2025-01-08T12:15:55.613+0000] {dag.py:3823} INFO - Setting next_dagrun for example_setup_teardown to 2025-01-07 00:00:00+00:00, run_after=2025-01-08 00:00:00+00:00
[2025-01-08T12:15:55.668+0000] {processor.py:183} INFO - Processing /home/airflow/.local/lib/python3.8/site-packages/airflow/example_dags/example_setup_teardown.py took 0.266 seconds
[2025-01-08T12:16:26.131+0000] {processor.py:161} INFO - Started process (PID=556) to work on /home/airflow/.local/lib/python3.8/site-packages/airflow/example_dags/example_setup_teardown.py
[2025-01-08T12:16:26.133+0000] {processor.py:830} INFO - Processing file /home/airflow/.local/lib/python3.8/site-packages/airflow/example_dags/example_setup_teardown.py for tasks to queue
[2025-01-08T12:16:26.138+0000] {logging_mixin.py:188} INFO - [2025-01-08T12:16:26.138+0000] {dagbag.py:538} INFO - Filling up the DagBag from /home/airflow/.local/lib/python3.8/site-packages/airflow/example_dags/example_setup_teardown.py
[2025-01-08T12:16:26.153+0000] {processor.py:840} INFO - DAG(s) 'example_setup_teardown' retrieved from /home/airflow/.local/lib/python3.8/site-packages/airflow/example_dags/example_setup_teardown.py
[2025-01-08T12:16:26.192+0000] {logging_mixin.py:188} INFO - [2025-01-08T12:16:26.192+0000] {dag.py:3036} INFO - Sync 1 DAGs
[2025-01-08T12:16:26.238+0000] {logging_mixin.py:188} INFO - [2025-01-08T12:16:26.237+0000] {dag.py:3823} INFO - Setting next_dagrun for example_setup_teardown to 2025-01-07 00:00:00+00:00, run_after=2025-01-08 00:00:00+00:00
[2025-01-08T12:16:26.291+0000] {processor.py:183} INFO - Processing /home/airflow/.local/lib/python3.8/site-packages/airflow/example_dags/example_setup_teardown.py took 0.168 seconds
[2025-01-08T12:16:56.793+0000] {processor.py:161} INFO - Started process (PID=615) to work on /home/airflow/.local/lib/python3.8/site-packages/airflow/example_dags/example_setup_teardown.py
[2025-01-08T12:16:56.795+0000] {processor.py:830} INFO - Processing file /home/airflow/.local/lib/python3.8/site-packages/airflow/example_dags/example_setup_teardown.py for tasks to queue
[2025-01-08T12:16:56.799+0000] {logging_mixin.py:188} INFO - [2025-01-08T12:16:56.798+0000] {dagbag.py:538} INFO - Filling up the DagBag from /home/airflow/.local/lib/python3.8/site-packages/airflow/example_dags/example_setup_teardown.py
[2025-01-08T12:16:56.816+0000] {processor.py:840} INFO - DAG(s) 'example_setup_teardown' retrieved from /home/airflow/.local/lib/python3.8/site-packages/airflow/example_dags/example_setup_teardown.py
[2025-01-08T12:16:56.865+0000] {logging_mixin.py:188} INFO - [2025-01-08T12:16:56.864+0000] {dag.py:3036} INFO - Sync 1 DAGs
[2025-01-08T12:16:56.910+0000] {logging_mixin.py:188} INFO - [2025-01-08T12:16:56.909+0000] {dag.py:3823} INFO - Setting next_dagrun for example_setup_teardown to 2025-01-07 00:00:00+00:00, run_after=2025-01-08 00:00:00+00:00
[2025-01-08T12:16:56.955+0000] {processor.py:183} INFO - Processing /home/airflow/.local/lib/python3.8/site-packages/airflow/example_dags/example_setup_teardown.py took 0.170 seconds
[2025-01-08T12:17:27.986+0000] {processor.py:161} INFO - Started process (PID=674) to work on /home/airflow/.local/lib/python3.8/site-packages/airflow/example_dags/example_setup_teardown.py
[2025-01-08T12:17:27.989+0000] {processor.py:830} INFO - Processing file /home/airflow/.local/lib/python3.8/site-packages/airflow/example_dags/example_setup_teardown.py for tasks to queue
[2025-01-08T12:17:27.995+0000] {logging_mixin.py:188} INFO - [2025-01-08T12:17:27.994+0000] {dagbag.py:538} INFO - Filling up the DagBag from /home/airflow/.local/lib/python3.8/site-packages/airflow/example_dags/example_setup_teardown.py
[2025-01-08T12:17:28.009+0000] {processor.py:840} INFO - DAG(s) 'example_setup_teardown' retrieved from /home/airflow/.local/lib/python3.8/site-packages/airflow/example_dags/example_setup_teardown.py
[2025-01-08T12:17:28.055+0000] {logging_mixin.py:188} INFO - [2025-01-08T12:17:28.054+0000] {dag.py:3036} INFO - Sync 1 DAGs
[2025-01-08T12:17:28.105+0000] {logging_mixin.py:188} INFO - [2025-01-08T12:17:28.105+0000] {dag.py:3823} INFO - Setting next_dagrun for example_setup_teardown to 2025-01-07 00:00:00+00:00, run_after=2025-01-08 00:00:00+00:00
[2025-01-08T12:17:28.138+0000] {processor.py:183} INFO - Processing /home/airflow/.local/lib/python3.8/site-packages/airflow/example_dags/example_setup_teardown.py took 0.160 seconds
[2025-01-08T12:17:58.533+0000] {processor.py:161} INFO - Started process (PID=733) to work on /home/airflow/.local/lib/python3.8/site-packages/airflow/example_dags/example_setup_teardown.py
[2025-01-08T12:17:58.535+0000] {processor.py:830} INFO - Processing file /home/airflow/.local/lib/python3.8/site-packages/airflow/example_dags/example_setup_teardown.py for tasks to queue
[2025-01-08T12:17:58.542+0000] {logging_mixin.py:188} INFO - [2025-01-08T12:17:58.540+0000] {dagbag.py:538} INFO - Filling up the DagBag from /home/airflow/.local/lib/python3.8/site-packages/airflow/example_dags/example_setup_teardown.py
[2025-01-08T12:17:58.566+0000] {processor.py:840} INFO - DAG(s) 'example_setup_teardown' retrieved from /home/airflow/.local/lib/python3.8/site-packages/airflow/example_dags/example_setup_teardown.py
[2025-01-08T12:17:58.660+0000] {logging_mixin.py:188} INFO - [2025-01-08T12:17:58.659+0000] {dag.py:3036} INFO - Sync 1 DAGs
[2025-01-08T12:17:58.719+0000] {logging_mixin.py:188} INFO - [2025-01-08T12:17:58.719+0000] {dag.py:3823} INFO - Setting next_dagrun for example_setup_teardown to 2025-01-07 00:00:00+00:00, run_after=2025-01-08 00:00:00+00:00
[2025-01-08T12:17:58.782+0000] {processor.py:183} INFO - Processing /home/airflow/.local/lib/python3.8/site-packages/airflow/example_dags/example_setup_teardown.py took 0.264 seconds
[2025-01-08T12:18:29.239+0000] {processor.py:161} INFO - Started process (PID=792) to work on /home/airflow/.local/lib/python3.8/site-packages/airflow/example_dags/example_setup_teardown.py
[2025-01-08T12:18:29.242+0000] {processor.py:830} INFO - Processing file /home/airflow/.local/lib/python3.8/site-packages/airflow/example_dags/example_setup_teardown.py for tasks to queue
[2025-01-08T12:18:29.245+0000] {logging_mixin.py:188} INFO - [2025-01-08T12:18:29.245+0000] {dagbag.py:538} INFO - Filling up the DagBag from /home/airflow/.local/lib/python3.8/site-packages/airflow/example_dags/example_setup_teardown.py
[2025-01-08T12:18:29.261+0000] {processor.py:840} INFO - DAG(s) 'example_setup_teardown' retrieved from /home/airflow/.local/lib/python3.8/site-packages/airflow/example_dags/example_setup_teardown.py
[2025-01-08T12:18:29.332+0000] {logging_mixin.py:188} INFO - [2025-01-08T12:18:29.331+0000] {dag.py:3036} INFO - Sync 1 DAGs
[2025-01-08T12:18:29.404+0000] {logging_mixin.py:188} INFO - [2025-01-08T12:18:29.403+0000] {dag.py:3823} INFO - Setting next_dagrun for example_setup_teardown to 2025-01-07 00:00:00+00:00, run_after=2025-01-08 00:00:00+00:00
[2025-01-08T12:18:29.442+0000] {processor.py:183} INFO - Processing /home/airflow/.local/lib/python3.8/site-packages/airflow/example_dags/example_setup_teardown.py took 0.213 seconds
[2025-01-08T12:18:59.831+0000] {processor.py:161} INFO - Started process (PID=852) to work on /home/airflow/.local/lib/python3.8/site-packages/airflow/example_dags/example_setup_teardown.py
[2025-01-08T12:18:59.836+0000] {processor.py:830} INFO - Processing file /home/airflow/.local/lib/python3.8/site-packages/airflow/example_dags/example_setup_teardown.py for tasks to queue
[2025-01-08T12:18:59.842+0000] {logging_mixin.py:188} INFO - [2025-01-08T12:18:59.841+0000] {dagbag.py:538} INFO - Filling up the DagBag from /home/airflow/.local/lib/python3.8/site-packages/airflow/example_dags/example_setup_teardown.py
[2025-01-08T12:18:59.865+0000] {processor.py:840} INFO - DAG(s) 'example_setup_teardown' retrieved from /home/airflow/.local/lib/python3.8/site-packages/airflow/example_dags/example_setup_teardown.py
[2025-01-08T12:18:59.912+0000] {logging_mixin.py:188} INFO - [2025-01-08T12:18:59.912+0000] {dag.py:3036} INFO - Sync 1 DAGs
[2025-01-08T12:18:59.961+0000] {logging_mixin.py:188} INFO - [2025-01-08T12:18:59.961+0000] {dag.py:3823} INFO - Setting next_dagrun for example_setup_teardown to 2025-01-07 00:00:00+00:00, run_after=2025-01-08 00:00:00+00:00
[2025-01-08T12:18:59.996+0000] {processor.py:183} INFO - Processing /home/airflow/.local/lib/python3.8/site-packages/airflow/example_dags/example_setup_teardown.py took 0.187 seconds
[2025-01-08T12:19:30.392+0000] {processor.py:161} INFO - Started process (PID=911) to work on /home/airflow/.local/lib/python3.8/site-packages/airflow/example_dags/example_setup_teardown.py
[2025-01-08T12:19:30.394+0000] {processor.py:830} INFO - Processing file /home/airflow/.local/lib/python3.8/site-packages/airflow/example_dags/example_setup_teardown.py for tasks to queue
[2025-01-08T12:19:30.397+0000] {logging_mixin.py:188} INFO - [2025-01-08T12:19:30.397+0000] {dagbag.py:538} INFO - Filling up the DagBag from /home/airflow/.local/lib/python3.8/site-packages/airflow/example_dags/example_setup_teardown.py
[2025-01-08T12:19:30.425+0000] {processor.py:840} INFO - DAG(s) 'example_setup_teardown' retrieved from /home/airflow/.local/lib/python3.8/site-packages/airflow/example_dags/example_setup_teardown.py
[2025-01-08T12:19:30.474+0000] {logging_mixin.py:188} INFO - [2025-01-08T12:19:30.474+0000] {dag.py:3036} INFO - Sync 1 DAGs
[2025-01-08T12:19:30.517+0000] {logging_mixin.py:188} INFO - [2025-01-08T12:19:30.516+0000] {dag.py:3823} INFO - Setting next_dagrun for example_setup_teardown to 2025-01-07 00:00:00+00:00, run_after=2025-01-08 00:00:00+00:00
[2025-01-08T12:19:30.555+0000] {processor.py:183} INFO - Processing /home/airflow/.local/lib/python3.8/site-packages/airflow/example_dags/example_setup_teardown.py took 0.173 seconds
[2025-01-08T12:20:00.644+0000] {processor.py:161} INFO - Started process (PID=970) to work on /home/airflow/.local/lib/python3.8/site-packages/airflow/example_dags/example_setup_teardown.py
[2025-01-08T12:20:00.646+0000] {processor.py:830} INFO - Processing file /home/airflow/.local/lib/python3.8/site-packages/airflow/example_dags/example_setup_teardown.py for tasks to queue
[2025-01-08T12:20:00.650+0000] {logging_mixin.py:188} INFO - [2025-01-08T12:20:00.649+0000] {dagbag.py:538} INFO - Filling up the DagBag from /home/airflow/.local/lib/python3.8/site-packages/airflow/example_dags/example_setup_teardown.py
[2025-01-08T12:20:00.666+0000] {processor.py:840} INFO - DAG(s) 'example_setup_teardown' retrieved from /home/airflow/.local/lib/python3.8/site-packages/airflow/example_dags/example_setup_teardown.py
[2025-01-08T12:20:00.715+0000] {logging_mixin.py:188} INFO - [2025-01-08T12:20:00.714+0000] {dag.py:3036} INFO - Sync 1 DAGs
[2025-01-08T12:20:00.763+0000] {logging_mixin.py:188} INFO - [2025-01-08T12:20:00.762+0000] {dag.py:3823} INFO - Setting next_dagrun for example_setup_teardown to 2025-01-07 00:00:00+00:00, run_after=2025-01-08 00:00:00+00:00
[2025-01-08T12:20:00.825+0000] {processor.py:183} INFO - Processing /home/airflow/.local/lib/python3.8/site-packages/airflow/example_dags/example_setup_teardown.py took 0.188 seconds
[2025-01-08T12:20:31.385+0000] {processor.py:161} INFO - Started process (PID=1029) to work on /home/airflow/.local/lib/python3.8/site-packages/airflow/example_dags/example_setup_teardown.py
[2025-01-08T12:20:31.394+0000] {processor.py:830} INFO - Processing file /home/airflow/.local/lib/python3.8/site-packages/airflow/example_dags/example_setup_teardown.py for tasks to queue
[2025-01-08T12:20:31.401+0000] {logging_mixin.py:188} INFO - [2025-01-08T12:20:31.399+0000] {dagbag.py:538} INFO - Filling up the DagBag from /home/airflow/.local/lib/python3.8/site-packages/airflow/example_dags/example_setup_teardown.py
[2025-01-08T12:20:31.412+0000] {processor.py:840} INFO - DAG(s) 'example_setup_teardown' retrieved from /home/airflow/.local/lib/python3.8/site-packages/airflow/example_dags/example_setup_teardown.py
[2025-01-08T12:20:31.456+0000] {logging_mixin.py:188} INFO - [2025-01-08T12:20:31.456+0000] {dag.py:3036} INFO - Sync 1 DAGs
[2025-01-08T12:20:31.499+0000] {logging_mixin.py:188} INFO - [2025-01-08T12:20:31.498+0000] {dag.py:3823} INFO - Setting next_dagrun for example_setup_teardown to 2025-01-07 00:00:00+00:00, run_after=2025-01-08 00:00:00+00:00
[2025-01-08T12:20:31.535+0000] {processor.py:183} INFO - Processing /home/airflow/.local/lib/python3.8/site-packages/airflow/example_dags/example_setup_teardown.py took 0.158 seconds
[2025-01-08T12:21:01.932+0000] {processor.py:161} INFO - Started process (PID=1088) to work on /home/airflow/.local/lib/python3.8/site-packages/airflow/example_dags/example_setup_teardown.py
[2025-01-08T12:21:01.934+0000] {processor.py:830} INFO - Processing file /home/airflow/.local/lib/python3.8/site-packages/airflow/example_dags/example_setup_teardown.py for tasks to queue
[2025-01-08T12:21:01.938+0000] {logging_mixin.py:188} INFO - [2025-01-08T12:21:01.937+0000] {dagbag.py:538} INFO - Filling up the DagBag from /home/airflow/.local/lib/python3.8/site-packages/airflow/example_dags/example_setup_teardown.py
[2025-01-08T12:21:01.951+0000] {processor.py:840} INFO - DAG(s) 'example_setup_teardown' retrieved from /home/airflow/.local/lib/python3.8/site-packages/airflow/example_dags/example_setup_teardown.py
[2025-01-08T12:21:01.993+0000] {logging_mixin.py:188} INFO - [2025-01-08T12:21:01.993+0000] {dag.py:3036} INFO - Sync 1 DAGs
[2025-01-08T12:21:02.029+0000] {logging_mixin.py:188} INFO - [2025-01-08T12:21:02.029+0000] {dag.py:3823} INFO - Setting next_dagrun for example_setup_teardown to 2025-01-07 00:00:00+00:00, run_after=2025-01-08 00:00:00+00:00
[2025-01-08T12:21:02.059+0000] {processor.py:183} INFO - Processing /home/airflow/.local/lib/python3.8/site-packages/airflow/example_dags/example_setup_teardown.py took 0.135 seconds
[2025-01-08T12:21:32.500+0000] {processor.py:161} INFO - Started process (PID=1147) to work on /home/airflow/.local/lib/python3.8/site-packages/airflow/example_dags/example_setup_teardown.py
[2025-01-08T12:21:32.502+0000] {processor.py:830} INFO - Processing file /home/airflow/.local/lib/python3.8/site-packages/airflow/example_dags/example_setup_teardown.py for tasks to queue
[2025-01-08T12:21:32.505+0000] {logging_mixin.py:188} INFO - [2025-01-08T12:21:32.504+0000] {dagbag.py:538} INFO - Filling up the DagBag from /home/airflow/.local/lib/python3.8/site-packages/airflow/example_dags/example_setup_teardown.py
[2025-01-08T12:21:32.518+0000] {processor.py:840} INFO - DAG(s) 'example_setup_teardown' retrieved from /home/airflow/.local/lib/python3.8/site-packages/airflow/example_dags/example_setup_teardown.py
[2025-01-08T12:21:32.562+0000] {logging_mixin.py:188} INFO - [2025-01-08T12:21:32.561+0000] {dag.py:3036} INFO - Sync 1 DAGs
[2025-01-08T12:21:32.606+0000] {logging_mixin.py:188} INFO - [2025-01-08T12:21:32.605+0000] {dag.py:3823} INFO - Setting next_dagrun for example_setup_teardown to 2025-01-07 00:00:00+00:00, run_after=2025-01-08 00:00:00+00:00
[2025-01-08T12:21:32.647+0000] {processor.py:183} INFO - Processing /home/airflow/.local/lib/python3.8/site-packages/airflow/example_dags/example_setup_teardown.py took 0.152 seconds
[2025-01-08T12:22:03.381+0000] {processor.py:161} INFO - Started process (PID=1206) to work on /home/airflow/.local/lib/python3.8/site-packages/airflow/example_dags/example_setup_teardown.py
[2025-01-08T12:22:03.398+0000] {processor.py:830} INFO - Processing file /home/airflow/.local/lib/python3.8/site-packages/airflow/example_dags/example_setup_teardown.py for tasks to queue
[2025-01-08T12:22:03.415+0000] {logging_mixin.py:188} INFO - [2025-01-08T12:22:03.414+0000] {dagbag.py:538} INFO - Filling up the DagBag from /home/airflow/.local/lib/python3.8/site-packages/airflow/example_dags/example_setup_teardown.py
[2025-01-08T12:22:03.462+0000] {processor.py:840} INFO - DAG(s) 'example_setup_teardown' retrieved from /home/airflow/.local/lib/python3.8/site-packages/airflow/example_dags/example_setup_teardown.py
[2025-01-08T12:22:03.529+0000] {logging_mixin.py:188} INFO - [2025-01-08T12:22:03.529+0000] {dag.py:3036} INFO - Sync 1 DAGs
[2025-01-08T12:22:03.580+0000] {logging_mixin.py:188} INFO - [2025-01-08T12:22:03.579+0000] {dag.py:3823} INFO - Setting next_dagrun for example_setup_teardown to 2025-01-07 00:00:00+00:00, run_after=2025-01-08 00:00:00+00:00
[2025-01-08T12:22:03.613+0000] {processor.py:183} INFO - Processing /home/airflow/.local/lib/python3.8/site-packages/airflow/example_dags/example_setup_teardown.py took 0.255 seconds
[2025-01-08T12:22:34.063+0000] {processor.py:161} INFO - Started process (PID=1265) to work on /home/airflow/.local/lib/python3.8/site-packages/airflow/example_dags/example_setup_teardown.py
[2025-01-08T12:22:34.070+0000] {processor.py:830} INFO - Processing file /home/airflow/.local/lib/python3.8/site-packages/airflow/example_dags/example_setup_teardown.py for tasks to queue
[2025-01-08T12:22:34.078+0000] {logging_mixin.py:188} INFO - [2025-01-08T12:22:34.078+0000] {dagbag.py:538} INFO - Filling up the DagBag from /home/airflow/.local/lib/python3.8/site-packages/airflow/example_dags/example_setup_teardown.py
[2025-01-08T12:22:34.111+0000] {processor.py:840} INFO - DAG(s) 'example_setup_teardown' retrieved from /home/airflow/.local/lib/python3.8/site-packages/airflow/example_dags/example_setup_teardown.py
[2025-01-08T12:22:34.178+0000] {logging_mixin.py:188} INFO - [2025-01-08T12:22:34.178+0000] {dag.py:3036} INFO - Sync 1 DAGs
[2025-01-08T12:22:34.282+0000] {logging_mixin.py:188} INFO - [2025-01-08T12:22:34.282+0000] {dag.py:3823} INFO - Setting next_dagrun for example_setup_teardown to 2025-01-07 00:00:00+00:00, run_after=2025-01-08 00:00:00+00:00
[2025-01-08T12:22:34.340+0000] {processor.py:183} INFO - Processing /home/airflow/.local/lib/python3.8/site-packages/airflow/example_dags/example_setup_teardown.py took 0.284 seconds
[2025-01-08T12:23:05.187+0000] {processor.py:161} INFO - Started process (PID=1324) to work on /home/airflow/.local/lib/python3.8/site-packages/airflow/example_dags/example_setup_teardown.py
[2025-01-08T12:23:05.189+0000] {processor.py:830} INFO - Processing file /home/airflow/.local/lib/python3.8/site-packages/airflow/example_dags/example_setup_teardown.py for tasks to queue
[2025-01-08T12:23:05.193+0000] {logging_mixin.py:188} INFO - [2025-01-08T12:23:05.192+0000] {dagbag.py:538} INFO - Filling up the DagBag from /home/airflow/.local/lib/python3.8/site-packages/airflow/example_dags/example_setup_teardown.py
[2025-01-08T12:23:05.204+0000] {processor.py:840} INFO - DAG(s) 'example_setup_teardown' retrieved from /home/airflow/.local/lib/python3.8/site-packages/airflow/example_dags/example_setup_teardown.py
[2025-01-08T12:23:05.249+0000] {logging_mixin.py:188} INFO - [2025-01-08T12:23:05.249+0000] {dag.py:3036} INFO - Sync 1 DAGs
[2025-01-08T12:23:05.295+0000] {logging_mixin.py:188} INFO - [2025-01-08T12:23:05.295+0000] {dag.py:3823} INFO - Setting next_dagrun for example_setup_teardown to 2025-01-07 00:00:00+00:00, run_after=2025-01-08 00:00:00+00:00
[2025-01-08T12:23:05.345+0000] {processor.py:183} INFO - Processing /home/airflow/.local/lib/python3.8/site-packages/airflow/example_dags/example_setup_teardown.py took 0.163 seconds
[2025-01-08T12:23:36.329+0000] {processor.py:161} INFO - Started process (PID=1382) to work on /home/airflow/.local/lib/python3.8/site-packages/airflow/example_dags/example_setup_teardown.py
[2025-01-08T12:23:36.330+0000] {processor.py:830} INFO - Processing file /home/airflow/.local/lib/python3.8/site-packages/airflow/example_dags/example_setup_teardown.py for tasks to queue
[2025-01-08T12:23:36.342+0000] {logging_mixin.py:188} INFO - [2025-01-08T12:23:36.341+0000] {dagbag.py:538} INFO - Filling up the DagBag from /home/airflow/.local/lib/python3.8/site-packages/airflow/example_dags/example_setup_teardown.py
[2025-01-08T12:23:36.363+0000] {processor.py:840} INFO - DAG(s) 'example_setup_teardown' retrieved from /home/airflow/.local/lib/python3.8/site-packages/airflow/example_dags/example_setup_teardown.py
[2025-01-08T12:23:36.434+0000] {logging_mixin.py:188} INFO - [2025-01-08T12:23:36.433+0000] {dag.py:3036} INFO - Sync 1 DAGs
[2025-01-08T12:23:36.513+0000] {logging_mixin.py:188} INFO - [2025-01-08T12:23:36.513+0000] {dag.py:3823} INFO - Setting next_dagrun for example_setup_teardown to 2025-01-07 00:00:00+00:00, run_after=2025-01-08 00:00:00+00:00
[2025-01-08T12:23:36.592+0000] {processor.py:183} INFO - Processing /home/airflow/.local/lib/python3.8/site-packages/airflow/example_dags/example_setup_teardown.py took 0.272 seconds
[2025-01-08T12:24:07.589+0000] {processor.py:161} INFO - Started process (PID=1440) to work on /home/airflow/.local/lib/python3.8/site-packages/airflow/example_dags/example_setup_teardown.py
[2025-01-08T12:24:07.599+0000] {processor.py:830} INFO - Processing file /home/airflow/.local/lib/python3.8/site-packages/airflow/example_dags/example_setup_teardown.py for tasks to queue
[2025-01-08T12:24:07.616+0000] {logging_mixin.py:188} INFO - [2025-01-08T12:24:07.615+0000] {dagbag.py:538} INFO - Filling up the DagBag from /home/airflow/.local/lib/python3.8/site-packages/airflow/example_dags/example_setup_teardown.py
[2025-01-08T12:24:07.642+0000] {processor.py:840} INFO - DAG(s) 'example_setup_teardown' retrieved from /home/airflow/.local/lib/python3.8/site-packages/airflow/example_dags/example_setup_teardown.py
[2025-01-08T12:24:07.693+0000] {logging_mixin.py:188} INFO - [2025-01-08T12:24:07.692+0000] {dag.py:3036} INFO - Sync 1 DAGs
[2025-01-08T12:24:07.794+0000] {logging_mixin.py:188} INFO - [2025-01-08T12:24:07.793+0000] {dag.py:3823} INFO - Setting next_dagrun for example_setup_teardown to 2025-01-07 00:00:00+00:00, run_after=2025-01-08 00:00:00+00:00
[2025-01-08T12:24:07.847+0000] {processor.py:183} INFO - Processing /home/airflow/.local/lib/python3.8/site-packages/airflow/example_dags/example_setup_teardown.py took 0.286 seconds
[2025-01-08T12:24:38.290+0000] {processor.py:161} INFO - Started process (PID=1500) to work on /home/airflow/.local/lib/python3.8/site-packages/airflow/example_dags/example_setup_teardown.py
[2025-01-08T12:24:38.292+0000] {processor.py:830} INFO - Processing file /home/airflow/.local/lib/python3.8/site-packages/airflow/example_dags/example_setup_teardown.py for tasks to queue
[2025-01-08T12:24:38.295+0000] {logging_mixin.py:188} INFO - [2025-01-08T12:24:38.295+0000] {dagbag.py:538} INFO - Filling up the DagBag from /home/airflow/.local/lib/python3.8/site-packages/airflow/example_dags/example_setup_teardown.py
[2025-01-08T12:24:38.310+0000] {processor.py:840} INFO - DAG(s) 'example_setup_teardown' retrieved from /home/airflow/.local/lib/python3.8/site-packages/airflow/example_dags/example_setup_teardown.py
[2025-01-08T12:24:38.340+0000] {logging_mixin.py:188} INFO - [2025-01-08T12:24:38.340+0000] {dag.py:3036} INFO - Sync 1 DAGs
[2025-01-08T12:24:38.373+0000] {logging_mixin.py:188} INFO - [2025-01-08T12:24:38.373+0000] {dag.py:3823} INFO - Setting next_dagrun for example_setup_teardown to 2025-01-07 00:00:00+00:00, run_after=2025-01-08 00:00:00+00:00
[2025-01-08T12:24:38.402+0000] {processor.py:183} INFO - Processing /home/airflow/.local/lib/python3.8/site-packages/airflow/example_dags/example_setup_teardown.py took 0.117 seconds
[2025-01-08T12:25:09.339+0000] {processor.py:161} INFO - Started process (PID=1559) to work on /home/airflow/.local/lib/python3.8/site-packages/airflow/example_dags/example_setup_teardown.py
[2025-01-08T12:25:09.341+0000] {processor.py:830} INFO - Processing file /home/airflow/.local/lib/python3.8/site-packages/airflow/example_dags/example_setup_teardown.py for tasks to queue
[2025-01-08T12:25:09.356+0000] {logging_mixin.py:188} INFO - [2025-01-08T12:25:09.355+0000] {dagbag.py:538} INFO - Filling up the DagBag from /home/airflow/.local/lib/python3.8/site-packages/airflow/example_dags/example_setup_teardown.py
[2025-01-08T12:25:09.373+0000] {processor.py:840} INFO - DAG(s) 'example_setup_teardown' retrieved from /home/airflow/.local/lib/python3.8/site-packages/airflow/example_dags/example_setup_teardown.py
[2025-01-08T12:25:09.414+0000] {logging_mixin.py:188} INFO - [2025-01-08T12:25:09.413+0000] {dag.py:3036} INFO - Sync 1 DAGs
[2025-01-08T12:25:09.466+0000] {logging_mixin.py:188} INFO - [2025-01-08T12:25:09.465+0000] {dag.py:3823} INFO - Setting next_dagrun for example_setup_teardown to 2025-01-07 00:00:00+00:00, run_after=2025-01-08 00:00:00+00:00
[2025-01-08T12:25:09.506+0000] {processor.py:183} INFO - Processing /home/airflow/.local/lib/python3.8/site-packages/airflow/example_dags/example_setup_teardown.py took 0.177 seconds
[2025-01-08T12:25:39.787+0000] {processor.py:161} INFO - Started process (PID=1618) to work on /home/airflow/.local/lib/python3.8/site-packages/airflow/example_dags/example_setup_teardown.py
[2025-01-08T12:25:39.790+0000] {processor.py:830} INFO - Processing file /home/airflow/.local/lib/python3.8/site-packages/airflow/example_dags/example_setup_teardown.py for tasks to queue
[2025-01-08T12:25:39.795+0000] {logging_mixin.py:188} INFO - [2025-01-08T12:25:39.794+0000] {dagbag.py:538} INFO - Filling up the DagBag from /home/airflow/.local/lib/python3.8/site-packages/airflow/example_dags/example_setup_teardown.py
[2025-01-08T12:25:39.810+0000] {processor.py:840} INFO - DAG(s) 'example_setup_teardown' retrieved from /home/airflow/.local/lib/python3.8/site-packages/airflow/example_dags/example_setup_teardown.py
[2025-01-08T12:25:39.857+0000] {logging_mixin.py:188} INFO - [2025-01-08T12:25:39.857+0000] {dag.py:3036} INFO - Sync 1 DAGs
[2025-01-08T12:25:39.907+0000] {logging_mixin.py:188} INFO - [2025-01-08T12:25:39.906+0000] {dag.py:3823} INFO - Setting next_dagrun for example_setup_teardown to 2025-01-07 00:00:00+00:00, run_after=2025-01-08 00:00:00+00:00
[2025-01-08T12:25:39.944+0000] {processor.py:183} INFO - Processing /home/airflow/.local/lib/python3.8/site-packages/airflow/example_dags/example_setup_teardown.py took 0.165 seconds
[2025-01-08T12:26:10.487+0000] {processor.py:161} INFO - Started process (PID=1677) to work on /home/airflow/.local/lib/python3.8/site-packages/airflow/example_dags/example_setup_teardown.py
[2025-01-08T12:26:10.491+0000] {processor.py:830} INFO - Processing file /home/airflow/.local/lib/python3.8/site-packages/airflow/example_dags/example_setup_teardown.py for tasks to queue
[2025-01-08T12:26:10.495+0000] {logging_mixin.py:188} INFO - [2025-01-08T12:26:10.495+0000] {dagbag.py:538} INFO - Filling up the DagBag from /home/airflow/.local/lib/python3.8/site-packages/airflow/example_dags/example_setup_teardown.py
[2025-01-08T12:26:10.508+0000] {processor.py:840} INFO - DAG(s) 'example_setup_teardown' retrieved from /home/airflow/.local/lib/python3.8/site-packages/airflow/example_dags/example_setup_teardown.py
[2025-01-08T12:26:10.540+0000] {logging_mixin.py:188} INFO - [2025-01-08T12:26:10.540+0000] {dag.py:3036} INFO - Sync 1 DAGs
[2025-01-08T12:26:10.575+0000] {logging_mixin.py:188} INFO - [2025-01-08T12:26:10.575+0000] {dag.py:3823} INFO - Setting next_dagrun for example_setup_teardown to 2025-01-07 00:00:00+00:00, run_after=2025-01-08 00:00:00+00:00
[2025-01-08T12:26:10.604+0000] {processor.py:183} INFO - Processing /home/airflow/.local/lib/python3.8/site-packages/airflow/example_dags/example_setup_teardown.py took 0.141 seconds
[2025-01-08T12:26:41.498+0000] {processor.py:161} INFO - Started process (PID=1736) to work on /home/airflow/.local/lib/python3.8/site-packages/airflow/example_dags/example_setup_teardown.py
[2025-01-08T12:26:41.528+0000] {processor.py:830} INFO - Processing file /home/airflow/.local/lib/python3.8/site-packages/airflow/example_dags/example_setup_teardown.py for tasks to queue
[2025-01-08T12:26:41.560+0000] {logging_mixin.py:188} INFO - [2025-01-08T12:26:41.559+0000] {dagbag.py:538} INFO - Filling up the DagBag from /home/airflow/.local/lib/python3.8/site-packages/airflow/example_dags/example_setup_teardown.py
[2025-01-08T12:26:41.625+0000] {processor.py:840} INFO - DAG(s) 'example_setup_teardown' retrieved from /home/airflow/.local/lib/python3.8/site-packages/airflow/example_dags/example_setup_teardown.py
[2025-01-08T12:26:41.759+0000] {logging_mixin.py:188} INFO - [2025-01-08T12:26:41.758+0000] {dag.py:3036} INFO - Sync 1 DAGs
[2025-01-08T12:26:41.902+0000] {logging_mixin.py:188} INFO - [2025-01-08T12:26:41.901+0000] {dag.py:3823} INFO - Setting next_dagrun for example_setup_teardown to 2025-01-07 00:00:00+00:00, run_after=2025-01-08 00:00:00+00:00
[2025-01-08T12:26:42.092+0000] {processor.py:183} INFO - Processing /home/airflow/.local/lib/python3.8/site-packages/airflow/example_dags/example_setup_teardown.py took 0.614 seconds
[2025-01-08T12:27:12.703+0000] {processor.py:161} INFO - Started process (PID=1795) to work on /home/airflow/.local/lib/python3.8/site-packages/airflow/example_dags/example_setup_teardown.py
[2025-01-08T12:27:12.707+0000] {processor.py:830} INFO - Processing file /home/airflow/.local/lib/python3.8/site-packages/airflow/example_dags/example_setup_teardown.py for tasks to queue
[2025-01-08T12:27:12.719+0000] {logging_mixin.py:188} INFO - [2025-01-08T12:27:12.718+0000] {dagbag.py:538} INFO - Filling up the DagBag from /home/airflow/.local/lib/python3.8/site-packages/airflow/example_dags/example_setup_teardown.py
[2025-01-08T12:27:12.753+0000] {processor.py:840} INFO - DAG(s) 'example_setup_teardown' retrieved from /home/airflow/.local/lib/python3.8/site-packages/airflow/example_dags/example_setup_teardown.py
[2025-01-08T12:27:12.889+0000] {logging_mixin.py:188} INFO - [2025-01-08T12:27:12.888+0000] {dag.py:3036} INFO - Sync 1 DAGs
[2025-01-08T12:27:13.063+0000] {logging_mixin.py:188} INFO - [2025-01-08T12:27:13.063+0000] {dag.py:3823} INFO - Setting next_dagrun for example_setup_teardown to 2025-01-07 00:00:00+00:00, run_after=2025-01-08 00:00:00+00:00
[2025-01-08T12:27:13.198+0000] {processor.py:183} INFO - Processing /home/airflow/.local/lib/python3.8/site-packages/airflow/example_dags/example_setup_teardown.py took 0.512 seconds
[2025-01-08T12:27:43.544+0000] {processor.py:161} INFO - Started process (PID=1854) to work on /home/airflow/.local/lib/python3.8/site-packages/airflow/example_dags/example_setup_teardown.py
[2025-01-08T12:27:43.546+0000] {processor.py:830} INFO - Processing file /home/airflow/.local/lib/python3.8/site-packages/airflow/example_dags/example_setup_teardown.py for tasks to queue
[2025-01-08T12:27:43.550+0000] {logging_mixin.py:188} INFO - [2025-01-08T12:27:43.549+0000] {dagbag.py:538} INFO - Filling up the DagBag from /home/airflow/.local/lib/python3.8/site-packages/airflow/example_dags/example_setup_teardown.py
[2025-01-08T12:27:43.566+0000] {processor.py:840} INFO - DAG(s) 'example_setup_teardown' retrieved from /home/airflow/.local/lib/python3.8/site-packages/airflow/example_dags/example_setup_teardown.py
[2025-01-08T12:27:43.652+0000] {logging_mixin.py:188} INFO - [2025-01-08T12:27:43.651+0000] {dag.py:3036} INFO - Sync 1 DAGs
[2025-01-08T12:27:43.715+0000] {logging_mixin.py:188} INFO - [2025-01-08T12:27:43.715+0000] {dag.py:3823} INFO - Setting next_dagrun for example_setup_teardown to 2025-01-07 00:00:00+00:00, run_after=2025-01-08 00:00:00+00:00
[2025-01-08T12:27:43.766+0000] {processor.py:183} INFO - Processing /home/airflow/.local/lib/python3.8/site-packages/airflow/example_dags/example_setup_teardown.py took 0.229 seconds
[2025-01-08T12:28:14.491+0000] {processor.py:161} INFO - Started process (PID=1914) to work on /home/airflow/.local/lib/python3.8/site-packages/airflow/example_dags/example_setup_teardown.py
[2025-01-08T12:28:14.496+0000] {processor.py:830} INFO - Processing file /home/airflow/.local/lib/python3.8/site-packages/airflow/example_dags/example_setup_teardown.py for tasks to queue
[2025-01-08T12:28:14.513+0000] {logging_mixin.py:188} INFO - [2025-01-08T12:28:14.511+0000] {dagbag.py:538} INFO - Filling up the DagBag from /home/airflow/.local/lib/python3.8/site-packages/airflow/example_dags/example_setup_teardown.py
[2025-01-08T12:28:14.551+0000] {processor.py:840} INFO - DAG(s) 'example_setup_teardown' retrieved from /home/airflow/.local/lib/python3.8/site-packages/airflow/example_dags/example_setup_teardown.py
[2025-01-08T12:28:14.609+0000] {logging_mixin.py:188} INFO - [2025-01-08T12:28:14.608+0000] {dag.py:3036} INFO - Sync 1 DAGs
[2025-01-08T12:28:14.666+0000] {logging_mixin.py:188} INFO - [2025-01-08T12:28:14.665+0000] {dag.py:3823} INFO - Setting next_dagrun for example_setup_teardown to 2025-01-07 00:00:00+00:00, run_after=2025-01-08 00:00:00+00:00
[2025-01-08T12:28:14.714+0000] {processor.py:183} INFO - Processing /home/airflow/.local/lib/python3.8/site-packages/airflow/example_dags/example_setup_teardown.py took 0.250 seconds
[2025-01-08T12:28:45.488+0000] {processor.py:161} INFO - Started process (PID=1973) to work on /home/airflow/.local/lib/python3.8/site-packages/airflow/example_dags/example_setup_teardown.py
[2025-01-08T12:28:45.490+0000] {processor.py:830} INFO - Processing file /home/airflow/.local/lib/python3.8/site-packages/airflow/example_dags/example_setup_teardown.py for tasks to queue
[2025-01-08T12:28:45.493+0000] {logging_mixin.py:188} INFO - [2025-01-08T12:28:45.493+0000] {dagbag.py:538} INFO - Filling up the DagBag from /home/airflow/.local/lib/python3.8/site-packages/airflow/example_dags/example_setup_teardown.py
[2025-01-08T12:28:45.503+0000] {processor.py:840} INFO - DAG(s) 'example_setup_teardown' retrieved from /home/airflow/.local/lib/python3.8/site-packages/airflow/example_dags/example_setup_teardown.py
[2025-01-08T12:28:45.535+0000] {logging_mixin.py:188} INFO - [2025-01-08T12:28:45.535+0000] {dag.py:3036} INFO - Sync 1 DAGs
[2025-01-08T12:28:45.578+0000] {logging_mixin.py:188} INFO - [2025-01-08T12:28:45.577+0000] {dag.py:3823} INFO - Setting next_dagrun for example_setup_teardown to 2025-01-07 00:00:00+00:00, run_after=2025-01-08 00:00:00+00:00
[2025-01-08T12:28:45.608+0000] {processor.py:183} INFO - Processing /home/airflow/.local/lib/python3.8/site-packages/airflow/example_dags/example_setup_teardown.py took 0.126 seconds
[2025-01-08T12:29:15.935+0000] {processor.py:161} INFO - Started process (PID=2031) to work on /home/airflow/.local/lib/python3.8/site-packages/airflow/example_dags/example_setup_teardown.py
[2025-01-08T12:29:15.937+0000] {processor.py:830} INFO - Processing file /home/airflow/.local/lib/python3.8/site-packages/airflow/example_dags/example_setup_teardown.py for tasks to queue
[2025-01-08T12:29:15.940+0000] {logging_mixin.py:188} INFO - [2025-01-08T12:29:15.940+0000] {dagbag.py:538} INFO - Filling up the DagBag from /home/airflow/.local/lib/python3.8/site-packages/airflow/example_dags/example_setup_teardown.py
[2025-01-08T12:29:15.955+0000] {processor.py:840} INFO - DAG(s) 'example_setup_teardown' retrieved from /home/airflow/.local/lib/python3.8/site-packages/airflow/example_dags/example_setup_teardown.py
[2025-01-08T12:29:15.988+0000] {logging_mixin.py:188} INFO - [2025-01-08T12:29:15.988+0000] {dag.py:3036} INFO - Sync 1 DAGs
[2025-01-08T12:29:16.027+0000] {logging_mixin.py:188} INFO - [2025-01-08T12:29:16.026+0000] {dag.py:3823} INFO - Setting next_dagrun for example_setup_teardown to 2025-01-07 00:00:00+00:00, run_after=2025-01-08 00:00:00+00:00
[2025-01-08T12:29:16.057+0000] {processor.py:183} INFO - Processing /home/airflow/.local/lib/python3.8/site-packages/airflow/example_dags/example_setup_teardown.py took 0.129 seconds
[2025-01-08T12:29:46.946+0000] {processor.py:161} INFO - Started process (PID=2089) to work on /home/airflow/.local/lib/python3.8/site-packages/airflow/example_dags/example_setup_teardown.py
[2025-01-08T12:29:46.949+0000] {processor.py:830} INFO - Processing file /home/airflow/.local/lib/python3.8/site-packages/airflow/example_dags/example_setup_teardown.py for tasks to queue
[2025-01-08T12:29:46.952+0000] {logging_mixin.py:188} INFO - [2025-01-08T12:29:46.952+0000] {dagbag.py:538} INFO - Filling up the DagBag from /home/airflow/.local/lib/python3.8/site-packages/airflow/example_dags/example_setup_teardown.py
[2025-01-08T12:29:46.965+0000] {processor.py:840} INFO - DAG(s) 'example_setup_teardown' retrieved from /home/airflow/.local/lib/python3.8/site-packages/airflow/example_dags/example_setup_teardown.py
[2025-01-08T12:29:47.010+0000] {logging_mixin.py:188} INFO - [2025-01-08T12:29:47.009+0000] {dag.py:3036} INFO - Sync 1 DAGs
[2025-01-08T12:29:47.066+0000] {logging_mixin.py:188} INFO - [2025-01-08T12:29:47.065+0000] {dag.py:3823} INFO - Setting next_dagrun for example_setup_teardown to 2025-01-07 00:00:00+00:00, run_after=2025-01-08 00:00:00+00:00
[2025-01-08T12:29:47.153+0000] {processor.py:183} INFO - Processing /home/airflow/.local/lib/python3.8/site-packages/airflow/example_dags/example_setup_teardown.py took 0.214 seconds
[2025-01-08T12:30:17.993+0000] {processor.py:161} INFO - Started process (PID=2148) to work on /home/airflow/.local/lib/python3.8/site-packages/airflow/example_dags/example_setup_teardown.py
[2025-01-08T12:30:17.995+0000] {processor.py:830} INFO - Processing file /home/airflow/.local/lib/python3.8/site-packages/airflow/example_dags/example_setup_teardown.py for tasks to queue
[2025-01-08T12:30:17.999+0000] {logging_mixin.py:188} INFO - [2025-01-08T12:30:17.999+0000] {dagbag.py:538} INFO - Filling up the DagBag from /home/airflow/.local/lib/python3.8/site-packages/airflow/example_dags/example_setup_teardown.py
[2025-01-08T12:30:18.014+0000] {processor.py:840} INFO - DAG(s) 'example_setup_teardown' retrieved from /home/airflow/.local/lib/python3.8/site-packages/airflow/example_dags/example_setup_teardown.py
[2025-01-08T12:30:18.046+0000] {logging_mixin.py:188} INFO - [2025-01-08T12:30:18.046+0000] {dag.py:3036} INFO - Sync 1 DAGs
[2025-01-08T12:30:18.229+0000] {logging_mixin.py:188} INFO - [2025-01-08T12:30:18.228+0000] {dag.py:3823} INFO - Setting next_dagrun for example_setup_teardown to 2025-01-07 00:00:00+00:00, run_after=2025-01-08 00:00:00+00:00
[2025-01-08T12:30:18.256+0000] {processor.py:183} INFO - Processing /home/airflow/.local/lib/python3.8/site-packages/airflow/example_dags/example_setup_teardown.py took 0.269 seconds
[2025-01-08T12:30:48.912+0000] {processor.py:161} INFO - Started process (PID=2213) to work on /home/airflow/.local/lib/python3.8/site-packages/airflow/example_dags/example_setup_teardown.py
[2025-01-08T12:30:48.915+0000] {processor.py:830} INFO - Processing file /home/airflow/.local/lib/python3.8/site-packages/airflow/example_dags/example_setup_teardown.py for tasks to queue
[2025-01-08T12:30:48.920+0000] {logging_mixin.py:188} INFO - [2025-01-08T12:30:48.920+0000] {dagbag.py:538} INFO - Filling up the DagBag from /home/airflow/.local/lib/python3.8/site-packages/airflow/example_dags/example_setup_teardown.py
[2025-01-08T12:30:48.933+0000] {processor.py:840} INFO - DAG(s) 'example_setup_teardown' retrieved from /home/airflow/.local/lib/python3.8/site-packages/airflow/example_dags/example_setup_teardown.py
[2025-01-08T12:30:48.996+0000] {logging_mixin.py:188} INFO - [2025-01-08T12:30:48.995+0000] {dag.py:3036} INFO - Sync 1 DAGs
[2025-01-08T12:30:49.245+0000] {logging_mixin.py:188} INFO - [2025-01-08T12:30:49.245+0000] {dag.py:3823} INFO - Setting next_dagrun for example_setup_teardown to 2025-01-07 00:00:00+00:00, run_after=2025-01-08 00:00:00+00:00
[2025-01-08T12:30:49.278+0000] {processor.py:183} INFO - Processing /home/airflow/.local/lib/python3.8/site-packages/airflow/example_dags/example_setup_teardown.py took 0.372 seconds
[2025-01-08T12:31:19.887+0000] {processor.py:161} INFO - Started process (PID=2271) to work on /home/airflow/.local/lib/python3.8/site-packages/airflow/example_dags/example_setup_teardown.py
[2025-01-08T12:31:19.889+0000] {processor.py:830} INFO - Processing file /home/airflow/.local/lib/python3.8/site-packages/airflow/example_dags/example_setup_teardown.py for tasks to queue
[2025-01-08T12:31:19.892+0000] {logging_mixin.py:188} INFO - [2025-01-08T12:31:19.892+0000] {dagbag.py:538} INFO - Filling up the DagBag from /home/airflow/.local/lib/python3.8/site-packages/airflow/example_dags/example_setup_teardown.py
[2025-01-08T12:31:19.911+0000] {processor.py:840} INFO - DAG(s) 'example_setup_teardown' retrieved from /home/airflow/.local/lib/python3.8/site-packages/airflow/example_dags/example_setup_teardown.py
[2025-01-08T12:31:19.961+0000] {logging_mixin.py:188} INFO - [2025-01-08T12:31:19.960+0000] {dag.py:3036} INFO - Sync 1 DAGs
[2025-01-08T12:31:20.040+0000] {logging_mixin.py:188} INFO - [2025-01-08T12:31:20.040+0000] {dag.py:3823} INFO - Setting next_dagrun for example_setup_teardown to 2025-01-07 00:00:00+00:00, run_after=2025-01-08 00:00:00+00:00
[2025-01-08T12:31:20.333+0000] {processor.py:183} INFO - Processing /home/airflow/.local/lib/python3.8/site-packages/airflow/example_dags/example_setup_teardown.py took 0.453 seconds
[2025-01-08T12:31:50.895+0000] {processor.py:161} INFO - Started process (PID=2330) to work on /home/airflow/.local/lib/python3.8/site-packages/airflow/example_dags/example_setup_teardown.py
[2025-01-08T12:31:50.901+0000] {processor.py:830} INFO - Processing file /home/airflow/.local/lib/python3.8/site-packages/airflow/example_dags/example_setup_teardown.py for tasks to queue
[2025-01-08T12:31:50.906+0000] {logging_mixin.py:188} INFO - [2025-01-08T12:31:50.905+0000] {dagbag.py:538} INFO - Filling up the DagBag from /home/airflow/.local/lib/python3.8/site-packages/airflow/example_dags/example_setup_teardown.py
[2025-01-08T12:31:50.919+0000] {processor.py:840} INFO - DAG(s) 'example_setup_teardown' retrieved from /home/airflow/.local/lib/python3.8/site-packages/airflow/example_dags/example_setup_teardown.py
[2025-01-08T12:31:50.963+0000] {logging_mixin.py:188} INFO - [2025-01-08T12:31:50.963+0000] {dag.py:3036} INFO - Sync 1 DAGs
[2025-01-08T12:31:50.998+0000] {logging_mixin.py:188} INFO - [2025-01-08T12:31:50.998+0000] {dag.py:3823} INFO - Setting next_dagrun for example_setup_teardown to 2025-01-07 00:00:00+00:00, run_after=2025-01-08 00:00:00+00:00
[2025-01-08T12:31:51.026+0000] {processor.py:183} INFO - Processing /home/airflow/.local/lib/python3.8/site-packages/airflow/example_dags/example_setup_teardown.py took 0.146 seconds
[2025-01-08T12:32:21.757+0000] {processor.py:161} INFO - Started process (PID=2389) to work on /home/airflow/.local/lib/python3.8/site-packages/airflow/example_dags/example_setup_teardown.py
[2025-01-08T12:32:21.758+0000] {processor.py:830} INFO - Processing file /home/airflow/.local/lib/python3.8/site-packages/airflow/example_dags/example_setup_teardown.py for tasks to queue
[2025-01-08T12:32:21.762+0000] {logging_mixin.py:188} INFO - [2025-01-08T12:32:21.761+0000] {dagbag.py:538} INFO - Filling up the DagBag from /home/airflow/.local/lib/python3.8/site-packages/airflow/example_dags/example_setup_teardown.py
[2025-01-08T12:32:21.775+0000] {processor.py:840} INFO - DAG(s) 'example_setup_teardown' retrieved from /home/airflow/.local/lib/python3.8/site-packages/airflow/example_dags/example_setup_teardown.py
[2025-01-08T12:32:21.824+0000] {logging_mixin.py:188} INFO - [2025-01-08T12:32:21.823+0000] {dag.py:3036} INFO - Sync 1 DAGs
[2025-01-08T12:32:21.864+0000] {logging_mixin.py:188} INFO - [2025-01-08T12:32:21.863+0000] {dag.py:3823} INFO - Setting next_dagrun for example_setup_teardown to 2025-01-07 00:00:00+00:00, run_after=2025-01-08 00:00:00+00:00
[2025-01-08T12:32:21.896+0000] {processor.py:183} INFO - Processing /home/airflow/.local/lib/python3.8/site-packages/airflow/example_dags/example_setup_teardown.py took 0.144 seconds
[2025-01-08T12:32:52.430+0000] {processor.py:161} INFO - Started process (PID=2447) to work on /home/airflow/.local/lib/python3.8/site-packages/airflow/example_dags/example_setup_teardown.py
[2025-01-08T12:32:52.431+0000] {processor.py:830} INFO - Processing file /home/airflow/.local/lib/python3.8/site-packages/airflow/example_dags/example_setup_teardown.py for tasks to queue
[2025-01-08T12:32:52.436+0000] {logging_mixin.py:188} INFO - [2025-01-08T12:32:52.436+0000] {dagbag.py:538} INFO - Filling up the DagBag from /home/airflow/.local/lib/python3.8/site-packages/airflow/example_dags/example_setup_teardown.py
[2025-01-08T12:32:52.451+0000] {processor.py:840} INFO - DAG(s) 'example_setup_teardown' retrieved from /home/airflow/.local/lib/python3.8/site-packages/airflow/example_dags/example_setup_teardown.py
[2025-01-08T12:32:52.503+0000] {logging_mixin.py:188} INFO - [2025-01-08T12:32:52.502+0000] {dag.py:3036} INFO - Sync 1 DAGs
[2025-01-08T12:32:52.545+0000] {logging_mixin.py:188} INFO - [2025-01-08T12:32:52.545+0000] {dag.py:3823} INFO - Setting next_dagrun for example_setup_teardown to 2025-01-07 00:00:00+00:00, run_after=2025-01-08 00:00:00+00:00
[2025-01-08T12:32:52.584+0000] {processor.py:183} INFO - Processing /home/airflow/.local/lib/python3.8/site-packages/airflow/example_dags/example_setup_teardown.py took 0.160 seconds
[2025-01-08T12:33:23.086+0000] {processor.py:161} INFO - Started process (PID=2505) to work on /home/airflow/.local/lib/python3.8/site-packages/airflow/example_dags/example_setup_teardown.py
[2025-01-08T12:33:23.087+0000] {processor.py:830} INFO - Processing file /home/airflow/.local/lib/python3.8/site-packages/airflow/example_dags/example_setup_teardown.py for tasks to queue
[2025-01-08T12:33:23.090+0000] {logging_mixin.py:188} INFO - [2025-01-08T12:33:23.090+0000] {dagbag.py:538} INFO - Filling up the DagBag from /home/airflow/.local/lib/python3.8/site-packages/airflow/example_dags/example_setup_teardown.py
[2025-01-08T12:33:23.103+0000] {processor.py:840} INFO - DAG(s) 'example_setup_teardown' retrieved from /home/airflow/.local/lib/python3.8/site-packages/airflow/example_dags/example_setup_teardown.py
[2025-01-08T12:33:23.147+0000] {logging_mixin.py:188} INFO - [2025-01-08T12:33:23.147+0000] {dag.py:3036} INFO - Sync 1 DAGs
[2025-01-08T12:33:23.187+0000] {logging_mixin.py:188} INFO - [2025-01-08T12:33:23.186+0000] {dag.py:3823} INFO - Setting next_dagrun for example_setup_teardown to 2025-01-07 00:00:00+00:00, run_after=2025-01-08 00:00:00+00:00
[2025-01-08T12:33:23.219+0000] {processor.py:183} INFO - Processing /home/airflow/.local/lib/python3.8/site-packages/airflow/example_dags/example_setup_teardown.py took 0.140 seconds
