[2025-01-08T12:11:56.660+0000] {processor.py:161} INFO - Started process (PID=54) to work on /home/airflow/.local/lib/python3.8/site-packages/airflow/example_dags/example_bash_operator.py
[2025-01-08T12:11:56.664+0000] {processor.py:830} INFO - Processing file /home/airflow/.local/lib/python3.8/site-packages/airflow/example_dags/example_bash_operator.py for tasks to queue
[2025-01-08T12:11:56.674+0000] {logging_mixin.py:188} INFO - [2025-01-08T12:11:56.673+0000] {dagbag.py:538} INFO - Filling up the DagBag from /home/airflow/.local/lib/python3.8/site-packages/airflow/example_dags/example_bash_operator.py
[2025-01-08T12:11:56.722+0000] {processor.py:840} INFO - DAG(s) 'example_bash_operator' retrieved from /home/airflow/.local/lib/python3.8/site-packages/airflow/example_dags/example_bash_operator.py
[2025-01-08T12:11:57.381+0000] {logging_mixin.py:188} INFO - [2025-01-08T12:11:57.380+0000] {dag.py:3036} INFO - Sync 1 DAGs
[2025-01-08T12:11:57.474+0000] {logging_mixin.py:188} INFO - [2025-01-08T12:11:57.473+0000] {dag.py:3823} INFO - Setting next_dagrun for example_bash_operator to 2025-01-07 00:00:00+00:00, run_after=2025-01-08 00:00:00+00:00
[2025-01-08T12:11:57.542+0000] {processor.py:183} INFO - Processing /home/airflow/.local/lib/python3.8/site-packages/airflow/example_dags/example_bash_operator.py took 0.888 seconds
[2025-01-08T12:12:27.861+0000] {processor.py:161} INFO - Started process (PID=111) to work on /home/airflow/.local/lib/python3.8/site-packages/airflow/example_dags/example_bash_operator.py
[2025-01-08T12:12:27.863+0000] {processor.py:830} INFO - Processing file /home/airflow/.local/lib/python3.8/site-packages/airflow/example_dags/example_bash_operator.py for tasks to queue
[2025-01-08T12:12:27.867+0000] {logging_mixin.py:188} INFO - [2025-01-08T12:12:27.866+0000] {dagbag.py:538} INFO - Filling up the DagBag from /home/airflow/.local/lib/python3.8/site-packages/airflow/example_dags/example_bash_operator.py
[2025-01-08T12:12:27.896+0000] {processor.py:840} INFO - DAG(s) 'example_bash_operator' retrieved from /home/airflow/.local/lib/python3.8/site-packages/airflow/example_dags/example_bash_operator.py
[2025-01-08T12:12:27.992+0000] {logging_mixin.py:188} INFO - [2025-01-08T12:12:27.991+0000] {dag.py:3036} INFO - Sync 1 DAGs
[2025-01-08T12:12:28.041+0000] {logging_mixin.py:188} INFO - [2025-01-08T12:12:28.041+0000] {dag.py:3823} INFO - Setting next_dagrun for example_bash_operator to 2025-01-07 00:00:00+00:00, run_after=2025-01-08 00:00:00+00:00
[2025-01-08T12:12:28.075+0000] {processor.py:183} INFO - Processing /home/airflow/.local/lib/python3.8/site-packages/airflow/example_dags/example_bash_operator.py took 0.218 seconds
[2025-01-08T12:12:58.697+0000] {processor.py:161} INFO - Started process (PID=168) to work on /home/airflow/.local/lib/python3.8/site-packages/airflow/example_dags/example_bash_operator.py
[2025-01-08T12:12:58.707+0000] {processor.py:830} INFO - Processing file /home/airflow/.local/lib/python3.8/site-packages/airflow/example_dags/example_bash_operator.py for tasks to queue
[2025-01-08T12:12:58.724+0000] {logging_mixin.py:188} INFO - [2025-01-08T12:12:58.724+0000] {dagbag.py:538} INFO - Filling up the DagBag from /home/airflow/.local/lib/python3.8/site-packages/airflow/example_dags/example_bash_operator.py
[2025-01-08T12:12:58.773+0000] {processor.py:840} INFO - DAG(s) 'example_bash_operator' retrieved from /home/airflow/.local/lib/python3.8/site-packages/airflow/example_dags/example_bash_operator.py
[2025-01-08T12:12:58.864+0000] {logging_mixin.py:188} INFO - [2025-01-08T12:12:58.864+0000] {dag.py:3036} INFO - Sync 1 DAGs
[2025-01-08T12:12:58.954+0000] {logging_mixin.py:188} INFO - [2025-01-08T12:12:58.953+0000] {dag.py:3823} INFO - Setting next_dagrun for example_bash_operator to 2025-01-07 00:00:00+00:00, run_after=2025-01-08 00:00:00+00:00
[2025-01-08T12:12:59.009+0000] {processor.py:183} INFO - Processing /home/airflow/.local/lib/python3.8/site-packages/airflow/example_dags/example_bash_operator.py took 0.322 seconds
[2025-01-08T12:13:29.538+0000] {processor.py:161} INFO - Started process (PID=225) to work on /home/airflow/.local/lib/python3.8/site-packages/airflow/example_dags/example_bash_operator.py
[2025-01-08T12:13:29.541+0000] {processor.py:830} INFO - Processing file /home/airflow/.local/lib/python3.8/site-packages/airflow/example_dags/example_bash_operator.py for tasks to queue
[2025-01-08T12:13:29.546+0000] {logging_mixin.py:188} INFO - [2025-01-08T12:13:29.544+0000] {dagbag.py:538} INFO - Filling up the DagBag from /home/airflow/.local/lib/python3.8/site-packages/airflow/example_dags/example_bash_operator.py
[2025-01-08T12:13:29.575+0000] {processor.py:840} INFO - DAG(s) 'example_bash_operator' retrieved from /home/airflow/.local/lib/python3.8/site-packages/airflow/example_dags/example_bash_operator.py
[2025-01-08T12:13:29.676+0000] {logging_mixin.py:188} INFO - [2025-01-08T12:13:29.676+0000] {dag.py:3036} INFO - Sync 1 DAGs
[2025-01-08T12:13:29.720+0000] {logging_mixin.py:188} INFO - [2025-01-08T12:13:29.720+0000] {dag.py:3823} INFO - Setting next_dagrun for example_bash_operator to 2025-01-07 00:00:00+00:00, run_after=2025-01-08 00:00:00+00:00
[2025-01-08T12:13:29.747+0000] {processor.py:183} INFO - Processing /home/airflow/.local/lib/python3.8/site-packages/airflow/example_dags/example_bash_operator.py took 0.215 seconds
[2025-01-08T12:14:00.501+0000] {processor.py:161} INFO - Started process (PID=282) to work on /home/airflow/.local/lib/python3.8/site-packages/airflow/example_dags/example_bash_operator.py
[2025-01-08T12:14:00.503+0000] {processor.py:830} INFO - Processing file /home/airflow/.local/lib/python3.8/site-packages/airflow/example_dags/example_bash_operator.py for tasks to queue
[2025-01-08T12:14:00.507+0000] {logging_mixin.py:188} INFO - [2025-01-08T12:14:00.506+0000] {dagbag.py:538} INFO - Filling up the DagBag from /home/airflow/.local/lib/python3.8/site-packages/airflow/example_dags/example_bash_operator.py
[2025-01-08T12:14:00.549+0000] {processor.py:840} INFO - DAG(s) 'example_bash_operator' retrieved from /home/airflow/.local/lib/python3.8/site-packages/airflow/example_dags/example_bash_operator.py
[2025-01-08T12:14:00.652+0000] {logging_mixin.py:188} INFO - [2025-01-08T12:14:00.652+0000] {dag.py:3036} INFO - Sync 1 DAGs
[2025-01-08T12:14:00.708+0000] {logging_mixin.py:188} INFO - [2025-01-08T12:14:00.708+0000] {dag.py:3823} INFO - Setting next_dagrun for example_bash_operator to 2025-01-07 00:00:00+00:00, run_after=2025-01-08 00:00:00+00:00
[2025-01-08T12:14:00.747+0000] {processor.py:183} INFO - Processing /home/airflow/.local/lib/python3.8/site-packages/airflow/example_dags/example_bash_operator.py took 0.251 seconds
[2025-01-08T12:14:31.472+0000] {processor.py:161} INFO - Started process (PID=339) to work on /home/airflow/.local/lib/python3.8/site-packages/airflow/example_dags/example_bash_operator.py
[2025-01-08T12:14:31.477+0000] {processor.py:830} INFO - Processing file /home/airflow/.local/lib/python3.8/site-packages/airflow/example_dags/example_bash_operator.py for tasks to queue
[2025-01-08T12:14:31.487+0000] {logging_mixin.py:188} INFO - [2025-01-08T12:14:31.486+0000] {dagbag.py:538} INFO - Filling up the DagBag from /home/airflow/.local/lib/python3.8/site-packages/airflow/example_dags/example_bash_operator.py
[2025-01-08T12:14:31.575+0000] {processor.py:840} INFO - DAG(s) 'example_bash_operator' retrieved from /home/airflow/.local/lib/python3.8/site-packages/airflow/example_dags/example_bash_operator.py
[2025-01-08T12:14:31.766+0000] {logging_mixin.py:188} INFO - [2025-01-08T12:14:31.765+0000] {dag.py:3036} INFO - Sync 1 DAGs
[2025-01-08T12:14:31.815+0000] {logging_mixin.py:188} INFO - [2025-01-08T12:14:31.814+0000] {dag.py:3823} INFO - Setting next_dagrun for example_bash_operator to 2025-01-07 00:00:00+00:00, run_after=2025-01-08 00:00:00+00:00
[2025-01-08T12:14:31.850+0000] {processor.py:183} INFO - Processing /home/airflow/.local/lib/python3.8/site-packages/airflow/example_dags/example_bash_operator.py took 0.396 seconds
[2025-01-08T12:15:02.148+0000] {processor.py:161} INFO - Started process (PID=396) to work on /home/airflow/.local/lib/python3.8/site-packages/airflow/example_dags/example_bash_operator.py
[2025-01-08T12:15:02.153+0000] {processor.py:830} INFO - Processing file /home/airflow/.local/lib/python3.8/site-packages/airflow/example_dags/example_bash_operator.py for tasks to queue
[2025-01-08T12:15:02.161+0000] {logging_mixin.py:188} INFO - [2025-01-08T12:15:02.160+0000] {dagbag.py:538} INFO - Filling up the DagBag from /home/airflow/.local/lib/python3.8/site-packages/airflow/example_dags/example_bash_operator.py
[2025-01-08T12:15:02.228+0000] {processor.py:840} INFO - DAG(s) 'example_bash_operator' retrieved from /home/airflow/.local/lib/python3.8/site-packages/airflow/example_dags/example_bash_operator.py
[2025-01-08T12:15:02.399+0000] {logging_mixin.py:188} INFO - [2025-01-08T12:15:02.398+0000] {dag.py:3036} INFO - Sync 1 DAGs
[2025-01-08T12:15:02.538+0000] {logging_mixin.py:188} INFO - [2025-01-08T12:15:02.538+0000] {dag.py:3823} INFO - Setting next_dagrun for example_bash_operator to 2025-01-07 00:00:00+00:00, run_after=2025-01-08 00:00:00+00:00
[2025-01-08T12:15:02.570+0000] {processor.py:183} INFO - Processing /home/airflow/.local/lib/python3.8/site-packages/airflow/example_dags/example_bash_operator.py took 0.440 seconds
[2025-01-08T12:15:32.699+0000] {processor.py:161} INFO - Started process (PID=453) to work on /home/airflow/.local/lib/python3.8/site-packages/airflow/example_dags/example_bash_operator.py
[2025-01-08T12:15:32.704+0000] {processor.py:830} INFO - Processing file /home/airflow/.local/lib/python3.8/site-packages/airflow/example_dags/example_bash_operator.py for tasks to queue
[2025-01-08T12:15:32.709+0000] {logging_mixin.py:188} INFO - [2025-01-08T12:15:32.709+0000] {dagbag.py:538} INFO - Filling up the DagBag from /home/airflow/.local/lib/python3.8/site-packages/airflow/example_dags/example_bash_operator.py
[2025-01-08T12:15:32.740+0000] {processor.py:840} INFO - DAG(s) 'example_bash_operator' retrieved from /home/airflow/.local/lib/python3.8/site-packages/airflow/example_dags/example_bash_operator.py
[2025-01-08T12:15:32.791+0000] {logging_mixin.py:188} INFO - [2025-01-08T12:15:32.790+0000] {dag.py:3036} INFO - Sync 1 DAGs
[2025-01-08T12:15:32.834+0000] {logging_mixin.py:188} INFO - [2025-01-08T12:15:32.834+0000] {dag.py:3823} INFO - Setting next_dagrun for example_bash_operator to 2025-01-07 00:00:00+00:00, run_after=2025-01-08 00:00:00+00:00
[2025-01-08T12:15:32.860+0000] {processor.py:183} INFO - Processing /home/airflow/.local/lib/python3.8/site-packages/airflow/example_dags/example_bash_operator.py took 0.187 seconds
[2025-01-08T12:16:03.182+0000] {processor.py:161} INFO - Started process (PID=510) to work on /home/airflow/.local/lib/python3.8/site-packages/airflow/example_dags/example_bash_operator.py
[2025-01-08T12:16:03.191+0000] {processor.py:830} INFO - Processing file /home/airflow/.local/lib/python3.8/site-packages/airflow/example_dags/example_bash_operator.py for tasks to queue
[2025-01-08T12:16:03.203+0000] {logging_mixin.py:188} INFO - [2025-01-08T12:16:03.200+0000] {dagbag.py:538} INFO - Filling up the DagBag from /home/airflow/.local/lib/python3.8/site-packages/airflow/example_dags/example_bash_operator.py
[2025-01-08T12:16:03.265+0000] {processor.py:840} INFO - DAG(s) 'example_bash_operator' retrieved from /home/airflow/.local/lib/python3.8/site-packages/airflow/example_dags/example_bash_operator.py
[2025-01-08T12:16:03.312+0000] {logging_mixin.py:188} INFO - [2025-01-08T12:16:03.312+0000] {dag.py:3036} INFO - Sync 1 DAGs
[2025-01-08T12:16:03.348+0000] {logging_mixin.py:188} INFO - [2025-01-08T12:16:03.347+0000] {dag.py:3823} INFO - Setting next_dagrun for example_bash_operator to 2025-01-07 00:00:00+00:00, run_after=2025-01-08 00:00:00+00:00
[2025-01-08T12:16:03.373+0000] {processor.py:183} INFO - Processing /home/airflow/.local/lib/python3.8/site-packages/airflow/example_dags/example_bash_operator.py took 0.214 seconds
[2025-01-08T12:16:33.451+0000] {processor.py:161} INFO - Started process (PID=568) to work on /home/airflow/.local/lib/python3.8/site-packages/airflow/example_dags/example_bash_operator.py
[2025-01-08T12:16:33.453+0000] {processor.py:830} INFO - Processing file /home/airflow/.local/lib/python3.8/site-packages/airflow/example_dags/example_bash_operator.py for tasks to queue
[2025-01-08T12:16:33.457+0000] {logging_mixin.py:188} INFO - [2025-01-08T12:16:33.456+0000] {dagbag.py:538} INFO - Filling up the DagBag from /home/airflow/.local/lib/python3.8/site-packages/airflow/example_dags/example_bash_operator.py
[2025-01-08T12:16:33.479+0000] {processor.py:840} INFO - DAG(s) 'example_bash_operator' retrieved from /home/airflow/.local/lib/python3.8/site-packages/airflow/example_dags/example_bash_operator.py
[2025-01-08T12:16:33.544+0000] {logging_mixin.py:188} INFO - [2025-01-08T12:16:33.544+0000] {dag.py:3036} INFO - Sync 1 DAGs
[2025-01-08T12:16:33.595+0000] {logging_mixin.py:188} INFO - [2025-01-08T12:16:33.594+0000] {dag.py:3823} INFO - Setting next_dagrun for example_bash_operator to 2025-01-07 00:00:00+00:00, run_after=2025-01-08 00:00:00+00:00
[2025-01-08T12:16:33.621+0000] {processor.py:183} INFO - Processing /home/airflow/.local/lib/python3.8/site-packages/airflow/example_dags/example_bash_operator.py took 0.177 seconds
[2025-01-08T12:17:04.387+0000] {processor.py:161} INFO - Started process (PID=627) to work on /home/airflow/.local/lib/python3.8/site-packages/airflow/example_dags/example_bash_operator.py
[2025-01-08T12:17:04.389+0000] {processor.py:830} INFO - Processing file /home/airflow/.local/lib/python3.8/site-packages/airflow/example_dags/example_bash_operator.py for tasks to queue
[2025-01-08T12:17:04.396+0000] {logging_mixin.py:188} INFO - [2025-01-08T12:17:04.395+0000] {dagbag.py:538} INFO - Filling up the DagBag from /home/airflow/.local/lib/python3.8/site-packages/airflow/example_dags/example_bash_operator.py
[2025-01-08T12:17:04.423+0000] {processor.py:840} INFO - DAG(s) 'example_bash_operator' retrieved from /home/airflow/.local/lib/python3.8/site-packages/airflow/example_dags/example_bash_operator.py
[2025-01-08T12:17:04.494+0000] {logging_mixin.py:188} INFO - [2025-01-08T12:17:04.494+0000] {dag.py:3036} INFO - Sync 1 DAGs
[2025-01-08T12:17:04.542+0000] {logging_mixin.py:188} INFO - [2025-01-08T12:17:04.542+0000] {dag.py:3823} INFO - Setting next_dagrun for example_bash_operator to 2025-01-07 00:00:00+00:00, run_after=2025-01-08 00:00:00+00:00
[2025-01-08T12:17:04.575+0000] {processor.py:183} INFO - Processing /home/airflow/.local/lib/python3.8/site-packages/airflow/example_dags/example_bash_operator.py took 0.196 seconds
[2025-01-08T12:17:34.963+0000] {processor.py:161} INFO - Started process (PID=686) to work on /home/airflow/.local/lib/python3.8/site-packages/airflow/example_dags/example_bash_operator.py
[2025-01-08T12:17:34.965+0000] {processor.py:830} INFO - Processing file /home/airflow/.local/lib/python3.8/site-packages/airflow/example_dags/example_bash_operator.py for tasks to queue
[2025-01-08T12:17:34.969+0000] {logging_mixin.py:188} INFO - [2025-01-08T12:17:34.968+0000] {dagbag.py:538} INFO - Filling up the DagBag from /home/airflow/.local/lib/python3.8/site-packages/airflow/example_dags/example_bash_operator.py
[2025-01-08T12:17:34.990+0000] {processor.py:840} INFO - DAG(s) 'example_bash_operator' retrieved from /home/airflow/.local/lib/python3.8/site-packages/airflow/example_dags/example_bash_operator.py
[2025-01-08T12:17:35.094+0000] {logging_mixin.py:188} INFO - [2025-01-08T12:17:35.094+0000] {dag.py:3036} INFO - Sync 1 DAGs
[2025-01-08T12:17:35.147+0000] {logging_mixin.py:188} INFO - [2025-01-08T12:17:35.146+0000] {dag.py:3823} INFO - Setting next_dagrun for example_bash_operator to 2025-01-07 00:00:00+00:00, run_after=2025-01-08 00:00:00+00:00
[2025-01-08T12:17:35.190+0000] {processor.py:183} INFO - Processing /home/airflow/.local/lib/python3.8/site-packages/airflow/example_dags/example_bash_operator.py took 0.239 seconds
[2025-01-08T12:18:05.521+0000] {processor.py:161} INFO - Started process (PID=745) to work on /home/airflow/.local/lib/python3.8/site-packages/airflow/example_dags/example_bash_operator.py
[2025-01-08T12:18:05.526+0000] {processor.py:830} INFO - Processing file /home/airflow/.local/lib/python3.8/site-packages/airflow/example_dags/example_bash_operator.py for tasks to queue
[2025-01-08T12:18:05.542+0000] {logging_mixin.py:188} INFO - [2025-01-08T12:18:05.542+0000] {dagbag.py:538} INFO - Filling up the DagBag from /home/airflow/.local/lib/python3.8/site-packages/airflow/example_dags/example_bash_operator.py
[2025-01-08T12:18:05.610+0000] {processor.py:840} INFO - DAG(s) 'example_bash_operator' retrieved from /home/airflow/.local/lib/python3.8/site-packages/airflow/example_dags/example_bash_operator.py
[2025-01-08T12:18:05.782+0000] {logging_mixin.py:188} INFO - [2025-01-08T12:18:05.782+0000] {dag.py:3036} INFO - Sync 1 DAGs
[2025-01-08T12:18:05.879+0000] {logging_mixin.py:188} INFO - [2025-01-08T12:18:05.878+0000] {dag.py:3823} INFO - Setting next_dagrun for example_bash_operator to 2025-01-07 00:00:00+00:00, run_after=2025-01-08 00:00:00+00:00
[2025-01-08T12:18:05.919+0000] {processor.py:183} INFO - Processing /home/airflow/.local/lib/python3.8/site-packages/airflow/example_dags/example_bash_operator.py took 0.414 seconds
[2025-01-08T12:18:36.623+0000] {processor.py:161} INFO - Started process (PID=804) to work on /home/airflow/.local/lib/python3.8/site-packages/airflow/example_dags/example_bash_operator.py
[2025-01-08T12:18:36.625+0000] {processor.py:830} INFO - Processing file /home/airflow/.local/lib/python3.8/site-packages/airflow/example_dags/example_bash_operator.py for tasks to queue
[2025-01-08T12:18:36.627+0000] {logging_mixin.py:188} INFO - [2025-01-08T12:18:36.627+0000] {dagbag.py:538} INFO - Filling up the DagBag from /home/airflow/.local/lib/python3.8/site-packages/airflow/example_dags/example_bash_operator.py
[2025-01-08T12:18:36.645+0000] {processor.py:840} INFO - DAG(s) 'example_bash_operator' retrieved from /home/airflow/.local/lib/python3.8/site-packages/airflow/example_dags/example_bash_operator.py
[2025-01-08T12:18:36.718+0000] {logging_mixin.py:188} INFO - [2025-01-08T12:18:36.716+0000] {dag.py:3036} INFO - Sync 1 DAGs
[2025-01-08T12:18:36.788+0000] {logging_mixin.py:188} INFO - [2025-01-08T12:18:36.788+0000] {dag.py:3823} INFO - Setting next_dagrun for example_bash_operator to 2025-01-07 00:00:00+00:00, run_after=2025-01-08 00:00:00+00:00
[2025-01-08T12:18:36.824+0000] {processor.py:183} INFO - Processing /home/airflow/.local/lib/python3.8/site-packages/airflow/example_dags/example_bash_operator.py took 0.205 seconds
[2025-01-08T12:19:08.114+0000] {processor.py:161} INFO - Started process (PID=864) to work on /home/airflow/.local/lib/python3.8/site-packages/airflow/example_dags/example_bash_operator.py
[2025-01-08T12:19:08.116+0000] {processor.py:830} INFO - Processing file /home/airflow/.local/lib/python3.8/site-packages/airflow/example_dags/example_bash_operator.py for tasks to queue
[2025-01-08T12:19:08.119+0000] {logging_mixin.py:188} INFO - [2025-01-08T12:19:08.119+0000] {dagbag.py:538} INFO - Filling up the DagBag from /home/airflow/.local/lib/python3.8/site-packages/airflow/example_dags/example_bash_operator.py
[2025-01-08T12:19:08.145+0000] {processor.py:840} INFO - DAG(s) 'example_bash_operator' retrieved from /home/airflow/.local/lib/python3.8/site-packages/airflow/example_dags/example_bash_operator.py
[2025-01-08T12:19:08.229+0000] {logging_mixin.py:188} INFO - [2025-01-08T12:19:08.228+0000] {dag.py:3036} INFO - Sync 1 DAGs
[2025-01-08T12:19:08.268+0000] {logging_mixin.py:188} INFO - [2025-01-08T12:19:08.268+0000] {dag.py:3823} INFO - Setting next_dagrun for example_bash_operator to 2025-01-07 00:00:00+00:00, run_after=2025-01-08 00:00:00+00:00
[2025-01-08T12:19:08.295+0000] {processor.py:183} INFO - Processing /home/airflow/.local/lib/python3.8/site-packages/airflow/example_dags/example_bash_operator.py took 0.187 seconds
[2025-01-08T12:19:39.304+0000] {processor.py:161} INFO - Started process (PID=923) to work on /home/airflow/.local/lib/python3.8/site-packages/airflow/example_dags/example_bash_operator.py
[2025-01-08T12:19:39.305+0000] {processor.py:830} INFO - Processing file /home/airflow/.local/lib/python3.8/site-packages/airflow/example_dags/example_bash_operator.py for tasks to queue
[2025-01-08T12:19:39.309+0000] {logging_mixin.py:188} INFO - [2025-01-08T12:19:39.308+0000] {dagbag.py:538} INFO - Filling up the DagBag from /home/airflow/.local/lib/python3.8/site-packages/airflow/example_dags/example_bash_operator.py
[2025-01-08T12:19:39.332+0000] {processor.py:840} INFO - DAG(s) 'example_bash_operator' retrieved from /home/airflow/.local/lib/python3.8/site-packages/airflow/example_dags/example_bash_operator.py
[2025-01-08T12:19:39.393+0000] {logging_mixin.py:188} INFO - [2025-01-08T12:19:39.393+0000] {dag.py:3036} INFO - Sync 1 DAGs
[2025-01-08T12:19:39.432+0000] {logging_mixin.py:188} INFO - [2025-01-08T12:19:39.432+0000] {dag.py:3823} INFO - Setting next_dagrun for example_bash_operator to 2025-01-07 00:00:00+00:00, run_after=2025-01-08 00:00:00+00:00
[2025-01-08T12:19:39.466+0000] {processor.py:183} INFO - Processing /home/airflow/.local/lib/python3.8/site-packages/airflow/example_dags/example_bash_operator.py took 0.168 seconds
[2025-01-08T12:20:10.734+0000] {processor.py:161} INFO - Started process (PID=982) to work on /home/airflow/.local/lib/python3.8/site-packages/airflow/example_dags/example_bash_operator.py
[2025-01-08T12:20:10.735+0000] {processor.py:830} INFO - Processing file /home/airflow/.local/lib/python3.8/site-packages/airflow/example_dags/example_bash_operator.py for tasks to queue
[2025-01-08T12:20:10.738+0000] {logging_mixin.py:188} INFO - [2025-01-08T12:20:10.737+0000] {dagbag.py:538} INFO - Filling up the DagBag from /home/airflow/.local/lib/python3.8/site-packages/airflow/example_dags/example_bash_operator.py
[2025-01-08T12:20:10.761+0000] {processor.py:840} INFO - DAG(s) 'example_bash_operator' retrieved from /home/airflow/.local/lib/python3.8/site-packages/airflow/example_dags/example_bash_operator.py
[2025-01-08T12:20:10.826+0000] {logging_mixin.py:188} INFO - [2025-01-08T12:20:10.825+0000] {dag.py:3036} INFO - Sync 1 DAGs
[2025-01-08T12:20:10.877+0000] {logging_mixin.py:188} INFO - [2025-01-08T12:20:10.877+0000] {dag.py:3823} INFO - Setting next_dagrun for example_bash_operator to 2025-01-07 00:00:00+00:00, run_after=2025-01-08 00:00:00+00:00
[2025-01-08T12:20:10.918+0000] {processor.py:183} INFO - Processing /home/airflow/.local/lib/python3.8/site-packages/airflow/example_dags/example_bash_operator.py took 0.189 seconds
[2025-01-08T12:20:41.118+0000] {processor.py:161} INFO - Started process (PID=1039) to work on /home/airflow/.local/lib/python3.8/site-packages/airflow/example_dags/example_bash_operator.py
[2025-01-08T12:20:41.121+0000] {processor.py:830} INFO - Processing file /home/airflow/.local/lib/python3.8/site-packages/airflow/example_dags/example_bash_operator.py for tasks to queue
[2025-01-08T12:20:41.130+0000] {logging_mixin.py:188} INFO - [2025-01-08T12:20:41.128+0000] {dagbag.py:538} INFO - Filling up the DagBag from /home/airflow/.local/lib/python3.8/site-packages/airflow/example_dags/example_bash_operator.py
[2025-01-08T12:20:41.184+0000] {processor.py:840} INFO - DAG(s) 'example_bash_operator' retrieved from /home/airflow/.local/lib/python3.8/site-packages/airflow/example_dags/example_bash_operator.py
[2025-01-08T12:20:41.319+0000] {logging_mixin.py:188} INFO - [2025-01-08T12:20:41.318+0000] {dag.py:3036} INFO - Sync 1 DAGs
[2025-01-08T12:20:41.502+0000] {logging_mixin.py:188} INFO - [2025-01-08T12:20:41.502+0000] {dag.py:3823} INFO - Setting next_dagrun for example_bash_operator to 2025-01-07 00:00:00+00:00, run_after=2025-01-08 00:00:00+00:00
[2025-01-08T12:20:41.602+0000] {processor.py:183} INFO - Processing /home/airflow/.local/lib/python3.8/site-packages/airflow/example_dags/example_bash_operator.py took 0.490 seconds
[2025-01-08T12:21:12.242+0000] {processor.py:161} INFO - Started process (PID=1098) to work on /home/airflow/.local/lib/python3.8/site-packages/airflow/example_dags/example_bash_operator.py
[2025-01-08T12:21:12.244+0000] {processor.py:830} INFO - Processing file /home/airflow/.local/lib/python3.8/site-packages/airflow/example_dags/example_bash_operator.py for tasks to queue
[2025-01-08T12:21:12.249+0000] {logging_mixin.py:188} INFO - [2025-01-08T12:21:12.248+0000] {dagbag.py:538} INFO - Filling up the DagBag from /home/airflow/.local/lib/python3.8/site-packages/airflow/example_dags/example_bash_operator.py
[2025-01-08T12:21:12.282+0000] {processor.py:840} INFO - DAG(s) 'example_bash_operator' retrieved from /home/airflow/.local/lib/python3.8/site-packages/airflow/example_dags/example_bash_operator.py
[2025-01-08T12:21:12.348+0000] {logging_mixin.py:188} INFO - [2025-01-08T12:21:12.348+0000] {dag.py:3036} INFO - Sync 1 DAGs
[2025-01-08T12:21:12.388+0000] {logging_mixin.py:188} INFO - [2025-01-08T12:21:12.388+0000] {dag.py:3823} INFO - Setting next_dagrun for example_bash_operator to 2025-01-07 00:00:00+00:00, run_after=2025-01-08 00:00:00+00:00
[2025-01-08T12:21:12.433+0000] {processor.py:183} INFO - Processing /home/airflow/.local/lib/python3.8/site-packages/airflow/example_dags/example_bash_operator.py took 0.201 seconds
[2025-01-08T12:21:42.712+0000] {processor.py:161} INFO - Started process (PID=1157) to work on /home/airflow/.local/lib/python3.8/site-packages/airflow/example_dags/example_bash_operator.py
[2025-01-08T12:21:42.715+0000] {processor.py:830} INFO - Processing file /home/airflow/.local/lib/python3.8/site-packages/airflow/example_dags/example_bash_operator.py for tasks to queue
[2025-01-08T12:21:42.718+0000] {logging_mixin.py:188} INFO - [2025-01-08T12:21:42.717+0000] {dagbag.py:538} INFO - Filling up the DagBag from /home/airflow/.local/lib/python3.8/site-packages/airflow/example_dags/example_bash_operator.py
[2025-01-08T12:21:42.743+0000] {processor.py:840} INFO - DAG(s) 'example_bash_operator' retrieved from /home/airflow/.local/lib/python3.8/site-packages/airflow/example_dags/example_bash_operator.py
[2025-01-08T12:21:42.795+0000] {logging_mixin.py:188} INFO - [2025-01-08T12:21:42.795+0000] {dag.py:3036} INFO - Sync 1 DAGs
[2025-01-08T12:21:42.829+0000] {logging_mixin.py:188} INFO - [2025-01-08T12:21:42.828+0000] {dag.py:3823} INFO - Setting next_dagrun for example_bash_operator to 2025-01-07 00:00:00+00:00, run_after=2025-01-08 00:00:00+00:00
[2025-01-08T12:21:42.862+0000] {processor.py:183} INFO - Processing /home/airflow/.local/lib/python3.8/site-packages/airflow/example_dags/example_bash_operator.py took 0.155 seconds
[2025-01-08T12:22:13.608+0000] {processor.py:161} INFO - Started process (PID=1216) to work on /home/airflow/.local/lib/python3.8/site-packages/airflow/example_dags/example_bash_operator.py
[2025-01-08T12:22:13.612+0000] {processor.py:830} INFO - Processing file /home/airflow/.local/lib/python3.8/site-packages/airflow/example_dags/example_bash_operator.py for tasks to queue
[2025-01-08T12:22:13.619+0000] {logging_mixin.py:188} INFO - [2025-01-08T12:22:13.618+0000] {dagbag.py:538} INFO - Filling up the DagBag from /home/airflow/.local/lib/python3.8/site-packages/airflow/example_dags/example_bash_operator.py
[2025-01-08T12:22:13.664+0000] {processor.py:840} INFO - DAG(s) 'example_bash_operator' retrieved from /home/airflow/.local/lib/python3.8/site-packages/airflow/example_dags/example_bash_operator.py
[2025-01-08T12:22:13.749+0000] {logging_mixin.py:188} INFO - [2025-01-08T12:22:13.749+0000] {dag.py:3036} INFO - Sync 1 DAGs
[2025-01-08T12:22:13.816+0000] {logging_mixin.py:188} INFO - [2025-01-08T12:22:13.816+0000] {dag.py:3823} INFO - Setting next_dagrun for example_bash_operator to 2025-01-07 00:00:00+00:00, run_after=2025-01-08 00:00:00+00:00
[2025-01-08T12:22:13.883+0000] {processor.py:183} INFO - Processing /home/airflow/.local/lib/python3.8/site-packages/airflow/example_dags/example_bash_operator.py took 0.301 seconds
[2025-01-08T12:22:44.771+0000] {processor.py:161} INFO - Started process (PID=1275) to work on /home/airflow/.local/lib/python3.8/site-packages/airflow/example_dags/example_bash_operator.py
[2025-01-08T12:22:44.776+0000] {processor.py:830} INFO - Processing file /home/airflow/.local/lib/python3.8/site-packages/airflow/example_dags/example_bash_operator.py for tasks to queue
[2025-01-08T12:22:44.781+0000] {logging_mixin.py:188} INFO - [2025-01-08T12:22:44.780+0000] {dagbag.py:538} INFO - Filling up the DagBag from /home/airflow/.local/lib/python3.8/site-packages/airflow/example_dags/example_bash_operator.py
[2025-01-08T12:22:44.807+0000] {processor.py:840} INFO - DAG(s) 'example_bash_operator' retrieved from /home/airflow/.local/lib/python3.8/site-packages/airflow/example_dags/example_bash_operator.py
[2025-01-08T12:22:44.866+0000] {logging_mixin.py:188} INFO - [2025-01-08T12:22:44.865+0000] {dag.py:3036} INFO - Sync 1 DAGs
[2025-01-08T12:22:44.904+0000] {logging_mixin.py:188} INFO - [2025-01-08T12:22:44.903+0000] {dag.py:3823} INFO - Setting next_dagrun for example_bash_operator to 2025-01-07 00:00:00+00:00, run_after=2025-01-08 00:00:00+00:00
[2025-01-08T12:22:44.934+0000] {processor.py:183} INFO - Processing /home/airflow/.local/lib/python3.8/site-packages/airflow/example_dags/example_bash_operator.py took 0.170 seconds
[2025-01-08T12:23:15.029+0000] {processor.py:161} INFO - Started process (PID=1334) to work on /home/airflow/.local/lib/python3.8/site-packages/airflow/example_dags/example_bash_operator.py
[2025-01-08T12:23:15.030+0000] {processor.py:830} INFO - Processing file /home/airflow/.local/lib/python3.8/site-packages/airflow/example_dags/example_bash_operator.py for tasks to queue
[2025-01-08T12:23:15.033+0000] {logging_mixin.py:188} INFO - [2025-01-08T12:23:15.033+0000] {dagbag.py:538} INFO - Filling up the DagBag from /home/airflow/.local/lib/python3.8/site-packages/airflow/example_dags/example_bash_operator.py
[2025-01-08T12:23:15.055+0000] {processor.py:840} INFO - DAG(s) 'example_bash_operator' retrieved from /home/airflow/.local/lib/python3.8/site-packages/airflow/example_dags/example_bash_operator.py
[2025-01-08T12:23:15.119+0000] {logging_mixin.py:188} INFO - [2025-01-08T12:23:15.118+0000] {dag.py:3036} INFO - Sync 1 DAGs
[2025-01-08T12:23:15.158+0000] {logging_mixin.py:188} INFO - [2025-01-08T12:23:15.157+0000] {dag.py:3823} INFO - Setting next_dagrun for example_bash_operator to 2025-01-07 00:00:00+00:00, run_after=2025-01-08 00:00:00+00:00
[2025-01-08T12:23:15.190+0000] {processor.py:183} INFO - Processing /home/airflow/.local/lib/python3.8/site-packages/airflow/example_dags/example_bash_operator.py took 0.169 seconds
[2025-01-08T12:23:46.266+0000] {processor.py:161} INFO - Started process (PID=1399) to work on /home/airflow/.local/lib/python3.8/site-packages/airflow/example_dags/example_bash_operator.py
[2025-01-08T12:23:46.267+0000] {processor.py:830} INFO - Processing file /home/airflow/.local/lib/python3.8/site-packages/airflow/example_dags/example_bash_operator.py for tasks to queue
[2025-01-08T12:23:46.272+0000] {logging_mixin.py:188} INFO - [2025-01-08T12:23:46.271+0000] {dagbag.py:538} INFO - Filling up the DagBag from /home/airflow/.local/lib/python3.8/site-packages/airflow/example_dags/example_bash_operator.py
[2025-01-08T12:23:46.295+0000] {processor.py:840} INFO - DAG(s) 'example_bash_operator' retrieved from /home/airflow/.local/lib/python3.8/site-packages/airflow/example_dags/example_bash_operator.py
[2025-01-08T12:23:46.357+0000] {logging_mixin.py:188} INFO - [2025-01-08T12:23:46.356+0000] {dag.py:3036} INFO - Sync 1 DAGs
[2025-01-08T12:23:46.419+0000] {logging_mixin.py:188} INFO - [2025-01-08T12:23:46.419+0000] {dag.py:3823} INFO - Setting next_dagrun for example_bash_operator to 2025-01-07 00:00:00+00:00, run_after=2025-01-08 00:00:00+00:00
[2025-01-08T12:23:46.609+0000] {processor.py:183} INFO - Processing /home/airflow/.local/lib/python3.8/site-packages/airflow/example_dags/example_bash_operator.py took 0.349 seconds
[2025-01-08T12:24:17.573+0000] {processor.py:161} INFO - Started process (PID=1459) to work on /home/airflow/.local/lib/python3.8/site-packages/airflow/example_dags/example_bash_operator.py
[2025-01-08T12:24:17.575+0000] {processor.py:830} INFO - Processing file /home/airflow/.local/lib/python3.8/site-packages/airflow/example_dags/example_bash_operator.py for tasks to queue
[2025-01-08T12:24:17.579+0000] {logging_mixin.py:188} INFO - [2025-01-08T12:24:17.578+0000] {dagbag.py:538} INFO - Filling up the DagBag from /home/airflow/.local/lib/python3.8/site-packages/airflow/example_dags/example_bash_operator.py
[2025-01-08T12:24:17.606+0000] {processor.py:840} INFO - DAG(s) 'example_bash_operator' retrieved from /home/airflow/.local/lib/python3.8/site-packages/airflow/example_dags/example_bash_operator.py
[2025-01-08T12:24:17.664+0000] {logging_mixin.py:188} INFO - [2025-01-08T12:24:17.664+0000] {dag.py:3036} INFO - Sync 1 DAGs
[2025-01-08T12:24:17.707+0000] {logging_mixin.py:188} INFO - [2025-01-08T12:24:17.706+0000] {dag.py:3823} INFO - Setting next_dagrun for example_bash_operator to 2025-01-07 00:00:00+00:00, run_after=2025-01-08 00:00:00+00:00
[2025-01-08T12:24:17.742+0000] {processor.py:183} INFO - Processing /home/airflow/.local/lib/python3.8/site-packages/airflow/example_dags/example_bash_operator.py took 0.175 seconds
[2025-01-08T12:24:48.379+0000] {processor.py:161} INFO - Started process (PID=1517) to work on /home/airflow/.local/lib/python3.8/site-packages/airflow/example_dags/example_bash_operator.py
[2025-01-08T12:24:48.385+0000] {processor.py:830} INFO - Processing file /home/airflow/.local/lib/python3.8/site-packages/airflow/example_dags/example_bash_operator.py for tasks to queue
[2025-01-08T12:24:48.394+0000] {logging_mixin.py:188} INFO - [2025-01-08T12:24:48.394+0000] {dagbag.py:538} INFO - Filling up the DagBag from /home/airflow/.local/lib/python3.8/site-packages/airflow/example_dags/example_bash_operator.py
[2025-01-08T12:24:48.420+0000] {processor.py:840} INFO - DAG(s) 'example_bash_operator' retrieved from /home/airflow/.local/lib/python3.8/site-packages/airflow/example_dags/example_bash_operator.py
[2025-01-08T12:24:48.471+0000] {logging_mixin.py:188} INFO - [2025-01-08T12:24:48.470+0000] {dag.py:3036} INFO - Sync 1 DAGs
[2025-01-08T12:24:48.507+0000] {logging_mixin.py:188} INFO - [2025-01-08T12:24:48.507+0000] {dag.py:3823} INFO - Setting next_dagrun for example_bash_operator to 2025-01-07 00:00:00+00:00, run_after=2025-01-08 00:00:00+00:00
[2025-01-08T12:24:48.538+0000] {processor.py:183} INFO - Processing /home/airflow/.local/lib/python3.8/site-packages/airflow/example_dags/example_bash_operator.py took 0.192 seconds
[2025-01-08T12:25:18.773+0000] {processor.py:161} INFO - Started process (PID=1576) to work on /home/airflow/.local/lib/python3.8/site-packages/airflow/example_dags/example_bash_operator.py
[2025-01-08T12:25:18.778+0000] {processor.py:830} INFO - Processing file /home/airflow/.local/lib/python3.8/site-packages/airflow/example_dags/example_bash_operator.py for tasks to queue
[2025-01-08T12:25:18.783+0000] {logging_mixin.py:188} INFO - [2025-01-08T12:25:18.782+0000] {dagbag.py:538} INFO - Filling up the DagBag from /home/airflow/.local/lib/python3.8/site-packages/airflow/example_dags/example_bash_operator.py
[2025-01-08T12:25:18.812+0000] {processor.py:840} INFO - DAG(s) 'example_bash_operator' retrieved from /home/airflow/.local/lib/python3.8/site-packages/airflow/example_dags/example_bash_operator.py
[2025-01-08T12:25:18.892+0000] {logging_mixin.py:188} INFO - [2025-01-08T12:25:18.892+0000] {dag.py:3036} INFO - Sync 1 DAGs
[2025-01-08T12:25:18.980+0000] {logging_mixin.py:188} INFO - [2025-01-08T12:25:18.979+0000] {dag.py:3823} INFO - Setting next_dagrun for example_bash_operator to 2025-01-07 00:00:00+00:00, run_after=2025-01-08 00:00:00+00:00
[2025-01-08T12:25:19.076+0000] {processor.py:183} INFO - Processing /home/airflow/.local/lib/python3.8/site-packages/airflow/example_dags/example_bash_operator.py took 0.321 seconds
[2025-01-08T12:25:49.769+0000] {processor.py:161} INFO - Started process (PID=1635) to work on /home/airflow/.local/lib/python3.8/site-packages/airflow/example_dags/example_bash_operator.py
[2025-01-08T12:25:49.771+0000] {processor.py:830} INFO - Processing file /home/airflow/.local/lib/python3.8/site-packages/airflow/example_dags/example_bash_operator.py for tasks to queue
[2025-01-08T12:25:49.777+0000] {logging_mixin.py:188} INFO - [2025-01-08T12:25:49.776+0000] {dagbag.py:538} INFO - Filling up the DagBag from /home/airflow/.local/lib/python3.8/site-packages/airflow/example_dags/example_bash_operator.py
[2025-01-08T12:25:49.808+0000] {processor.py:840} INFO - DAG(s) 'example_bash_operator' retrieved from /home/airflow/.local/lib/python3.8/site-packages/airflow/example_dags/example_bash_operator.py
[2025-01-08T12:25:49.871+0000] {logging_mixin.py:188} INFO - [2025-01-08T12:25:49.871+0000] {dag.py:3036} INFO - Sync 1 DAGs
[2025-01-08T12:25:49.913+0000] {logging_mixin.py:188} INFO - [2025-01-08T12:25:49.913+0000] {dag.py:3823} INFO - Setting next_dagrun for example_bash_operator to 2025-01-07 00:00:00+00:00, run_after=2025-01-08 00:00:00+00:00
[2025-01-08T12:25:49.940+0000] {processor.py:183} INFO - Processing /home/airflow/.local/lib/python3.8/site-packages/airflow/example_dags/example_bash_operator.py took 0.206 seconds
[2025-01-08T12:26:22.032+0000] {processor.py:161} INFO - Started process (PID=1694) to work on /home/airflow/.local/lib/python3.8/site-packages/airflow/example_dags/example_bash_operator.py
[2025-01-08T12:26:22.079+0000] {processor.py:830} INFO - Processing file /home/airflow/.local/lib/python3.8/site-packages/airflow/example_dags/example_bash_operator.py for tasks to queue
[2025-01-08T12:26:22.100+0000] {logging_mixin.py:188} INFO - [2025-01-08T12:26:22.100+0000] {dagbag.py:538} INFO - Filling up the DagBag from /home/airflow/.local/lib/python3.8/site-packages/airflow/example_dags/example_bash_operator.py
[2025-01-08T12:26:22.235+0000] {processor.py:840} INFO - DAG(s) 'example_bash_operator' retrieved from /home/airflow/.local/lib/python3.8/site-packages/airflow/example_dags/example_bash_operator.py
[2025-01-08T12:26:22.672+0000] {logging_mixin.py:188} INFO - [2025-01-08T12:26:22.672+0000] {dag.py:3036} INFO - Sync 1 DAGs
[2025-01-08T12:26:22.853+0000] {logging_mixin.py:188} INFO - [2025-01-08T12:26:22.853+0000] {dag.py:3823} INFO - Setting next_dagrun for example_bash_operator to 2025-01-07 00:00:00+00:00, run_after=2025-01-08 00:00:00+00:00
[2025-01-08T12:26:22.947+0000] {processor.py:183} INFO - Processing /home/airflow/.local/lib/python3.8/site-packages/airflow/example_dags/example_bash_operator.py took 0.922 seconds
[2025-01-08T12:26:53.683+0000] {processor.py:161} INFO - Started process (PID=1753) to work on /home/airflow/.local/lib/python3.8/site-packages/airflow/example_dags/example_bash_operator.py
[2025-01-08T12:26:53.686+0000] {processor.py:830} INFO - Processing file /home/airflow/.local/lib/python3.8/site-packages/airflow/example_dags/example_bash_operator.py for tasks to queue
[2025-01-08T12:26:53.690+0000] {logging_mixin.py:188} INFO - [2025-01-08T12:26:53.689+0000] {dagbag.py:538} INFO - Filling up the DagBag from /home/airflow/.local/lib/python3.8/site-packages/airflow/example_dags/example_bash_operator.py
[2025-01-08T12:26:53.712+0000] {processor.py:840} INFO - DAG(s) 'example_bash_operator' retrieved from /home/airflow/.local/lib/python3.8/site-packages/airflow/example_dags/example_bash_operator.py
[2025-01-08T12:26:53.773+0000] {logging_mixin.py:188} INFO - [2025-01-08T12:26:53.773+0000] {dag.py:3036} INFO - Sync 1 DAGs
[2025-01-08T12:26:53.829+0000] {logging_mixin.py:188} INFO - [2025-01-08T12:26:53.828+0000] {dag.py:3823} INFO - Setting next_dagrun for example_bash_operator to 2025-01-07 00:00:00+00:00, run_after=2025-01-08 00:00:00+00:00
[2025-01-08T12:26:54.110+0000] {processor.py:183} INFO - Processing /home/airflow/.local/lib/python3.8/site-packages/airflow/example_dags/example_bash_operator.py took 0.436 seconds
[2025-01-08T12:27:24.605+0000] {processor.py:161} INFO - Started process (PID=1812) to work on /home/airflow/.local/lib/python3.8/site-packages/airflow/example_dags/example_bash_operator.py
[2025-01-08T12:27:24.607+0000] {processor.py:830} INFO - Processing file /home/airflow/.local/lib/python3.8/site-packages/airflow/example_dags/example_bash_operator.py for tasks to queue
[2025-01-08T12:27:24.614+0000] {logging_mixin.py:188} INFO - [2025-01-08T12:27:24.613+0000] {dagbag.py:538} INFO - Filling up the DagBag from /home/airflow/.local/lib/python3.8/site-packages/airflow/example_dags/example_bash_operator.py
[2025-01-08T12:27:24.656+0000] {processor.py:840} INFO - DAG(s) 'example_bash_operator' retrieved from /home/airflow/.local/lib/python3.8/site-packages/airflow/example_dags/example_bash_operator.py
[2025-01-08T12:27:24.773+0000] {logging_mixin.py:188} INFO - [2025-01-08T12:27:24.772+0000] {dag.py:3036} INFO - Sync 1 DAGs
[2025-01-08T12:27:24.831+0000] {logging_mixin.py:188} INFO - [2025-01-08T12:27:24.831+0000] {dag.py:3823} INFO - Setting next_dagrun for example_bash_operator to 2025-01-07 00:00:00+00:00, run_after=2025-01-08 00:00:00+00:00
[2025-01-08T12:27:25.116+0000] {processor.py:183} INFO - Processing /home/airflow/.local/lib/python3.8/site-packages/airflow/example_dags/example_bash_operator.py took 0.518 seconds
[2025-01-08T12:27:56.149+0000] {processor.py:161} INFO - Started process (PID=1874) to work on /home/airflow/.local/lib/python3.8/site-packages/airflow/example_dags/example_bash_operator.py
[2025-01-08T12:27:56.151+0000] {processor.py:830} INFO - Processing file /home/airflow/.local/lib/python3.8/site-packages/airflow/example_dags/example_bash_operator.py for tasks to queue
[2025-01-08T12:27:56.154+0000] {logging_mixin.py:188} INFO - [2025-01-08T12:27:56.154+0000] {dagbag.py:538} INFO - Filling up the DagBag from /home/airflow/.local/lib/python3.8/site-packages/airflow/example_dags/example_bash_operator.py
[2025-01-08T12:27:56.179+0000] {processor.py:840} INFO - DAG(s) 'example_bash_operator' retrieved from /home/airflow/.local/lib/python3.8/site-packages/airflow/example_dags/example_bash_operator.py
[2025-01-08T12:27:56.241+0000] {logging_mixin.py:188} INFO - [2025-01-08T12:27:56.241+0000] {dag.py:3036} INFO - Sync 1 DAGs
[2025-01-08T12:27:56.283+0000] {logging_mixin.py:188} INFO - [2025-01-08T12:27:56.282+0000] {dag.py:3823} INFO - Setting next_dagrun for example_bash_operator to 2025-01-07 00:00:00+00:00, run_after=2025-01-08 00:00:00+00:00
[2025-01-08T12:27:56.321+0000] {processor.py:183} INFO - Processing /home/airflow/.local/lib/python3.8/site-packages/airflow/example_dags/example_bash_operator.py took 0.180 seconds
[2025-01-08T12:28:27.493+0000] {processor.py:161} INFO - Started process (PID=1933) to work on /home/airflow/.local/lib/python3.8/site-packages/airflow/example_dags/example_bash_operator.py
[2025-01-08T12:28:27.495+0000] {processor.py:830} INFO - Processing file /home/airflow/.local/lib/python3.8/site-packages/airflow/example_dags/example_bash_operator.py for tasks to queue
[2025-01-08T12:28:27.507+0000] {logging_mixin.py:188} INFO - [2025-01-08T12:28:27.506+0000] {dagbag.py:538} INFO - Filling up the DagBag from /home/airflow/.local/lib/python3.8/site-packages/airflow/example_dags/example_bash_operator.py
[2025-01-08T12:28:27.579+0000] {processor.py:840} INFO - DAG(s) 'example_bash_operator' retrieved from /home/airflow/.local/lib/python3.8/site-packages/airflow/example_dags/example_bash_operator.py
[2025-01-08T12:28:27.687+0000] {logging_mixin.py:188} INFO - [2025-01-08T12:28:27.687+0000] {dag.py:3036} INFO - Sync 1 DAGs
[2025-01-08T12:28:27.774+0000] {logging_mixin.py:188} INFO - [2025-01-08T12:28:27.773+0000] {dag.py:3823} INFO - Setting next_dagrun for example_bash_operator to 2025-01-07 00:00:00+00:00, run_after=2025-01-08 00:00:00+00:00
[2025-01-08T12:28:27.816+0000] {processor.py:183} INFO - Processing /home/airflow/.local/lib/python3.8/site-packages/airflow/example_dags/example_bash_operator.py took 0.330 seconds
[2025-01-08T12:28:57.922+0000] {processor.py:161} INFO - Started process (PID=1992) to work on /home/airflow/.local/lib/python3.8/site-packages/airflow/example_dags/example_bash_operator.py
[2025-01-08T12:28:57.924+0000] {processor.py:830} INFO - Processing file /home/airflow/.local/lib/python3.8/site-packages/airflow/example_dags/example_bash_operator.py for tasks to queue
[2025-01-08T12:28:57.930+0000] {logging_mixin.py:188} INFO - [2025-01-08T12:28:57.929+0000] {dagbag.py:538} INFO - Filling up the DagBag from /home/airflow/.local/lib/python3.8/site-packages/airflow/example_dags/example_bash_operator.py
[2025-01-08T12:28:57.961+0000] {processor.py:840} INFO - DAG(s) 'example_bash_operator' retrieved from /home/airflow/.local/lib/python3.8/site-packages/airflow/example_dags/example_bash_operator.py
[2025-01-08T12:28:58.109+0000] {logging_mixin.py:188} INFO - [2025-01-08T12:28:58.109+0000] {dag.py:3036} INFO - Sync 1 DAGs
[2025-01-08T12:28:58.190+0000] {logging_mixin.py:188} INFO - [2025-01-08T12:28:58.183+0000] {dag.py:3823} INFO - Setting next_dagrun for example_bash_operator to 2025-01-07 00:00:00+00:00, run_after=2025-01-08 00:00:00+00:00
[2025-01-08T12:28:58.259+0000] {processor.py:183} INFO - Processing /home/airflow/.local/lib/python3.8/site-packages/airflow/example_dags/example_bash_operator.py took 0.346 seconds
[2025-01-08T12:29:28.864+0000] {processor.py:161} INFO - Started process (PID=2049) to work on /home/airflow/.local/lib/python3.8/site-packages/airflow/example_dags/example_bash_operator.py
[2025-01-08T12:29:28.866+0000] {processor.py:830} INFO - Processing file /home/airflow/.local/lib/python3.8/site-packages/airflow/example_dags/example_bash_operator.py for tasks to queue
[2025-01-08T12:29:28.870+0000] {logging_mixin.py:188} INFO - [2025-01-08T12:29:28.869+0000] {dagbag.py:538} INFO - Filling up the DagBag from /home/airflow/.local/lib/python3.8/site-packages/airflow/example_dags/example_bash_operator.py
[2025-01-08T12:29:28.902+0000] {processor.py:840} INFO - DAG(s) 'example_bash_operator' retrieved from /home/airflow/.local/lib/python3.8/site-packages/airflow/example_dags/example_bash_operator.py
[2025-01-08T12:29:28.999+0000] {logging_mixin.py:188} INFO - [2025-01-08T12:29:28.999+0000] {dag.py:3036} INFO - Sync 1 DAGs
[2025-01-08T12:29:29.053+0000] {logging_mixin.py:188} INFO - [2025-01-08T12:29:29.053+0000] {dag.py:3823} INFO - Setting next_dagrun for example_bash_operator to 2025-01-07 00:00:00+00:00, run_after=2025-01-08 00:00:00+00:00
[2025-01-08T12:29:29.096+0000] {processor.py:183} INFO - Processing /home/airflow/.local/lib/python3.8/site-packages/airflow/example_dags/example_bash_operator.py took 0.241 seconds
[2025-01-08T12:29:59.867+0000] {processor.py:161} INFO - Started process (PID=2108) to work on /home/airflow/.local/lib/python3.8/site-packages/airflow/example_dags/example_bash_operator.py
[2025-01-08T12:29:59.869+0000] {processor.py:830} INFO - Processing file /home/airflow/.local/lib/python3.8/site-packages/airflow/example_dags/example_bash_operator.py for tasks to queue
[2025-01-08T12:29:59.873+0000] {logging_mixin.py:188} INFO - [2025-01-08T12:29:59.872+0000] {dagbag.py:538} INFO - Filling up the DagBag from /home/airflow/.local/lib/python3.8/site-packages/airflow/example_dags/example_bash_operator.py
[2025-01-08T12:29:59.901+0000] {processor.py:840} INFO - DAG(s) 'example_bash_operator' retrieved from /home/airflow/.local/lib/python3.8/site-packages/airflow/example_dags/example_bash_operator.py
[2025-01-08T12:29:59.981+0000] {logging_mixin.py:188} INFO - [2025-01-08T12:29:59.980+0000] {dag.py:3036} INFO - Sync 1 DAGs
[2025-01-08T12:30:00.045+0000] {logging_mixin.py:188} INFO - [2025-01-08T12:30:00.044+0000] {dag.py:3823} INFO - Setting next_dagrun for example_bash_operator to 2025-01-07 00:00:00+00:00, run_after=2025-01-08 00:00:00+00:00
[2025-01-08T12:30:00.072+0000] {processor.py:183} INFO - Processing /home/airflow/.local/lib/python3.8/site-packages/airflow/example_dags/example_bash_operator.py took 0.214 seconds
[2025-01-08T12:30:30.167+0000] {processor.py:161} INFO - Started process (PID=2167) to work on /home/airflow/.local/lib/python3.8/site-packages/airflow/example_dags/example_bash_operator.py
[2025-01-08T12:30:30.170+0000] {processor.py:830} INFO - Processing file /home/airflow/.local/lib/python3.8/site-packages/airflow/example_dags/example_bash_operator.py for tasks to queue
[2025-01-08T12:30:30.174+0000] {logging_mixin.py:188} INFO - [2025-01-08T12:30:30.173+0000] {dagbag.py:538} INFO - Filling up the DagBag from /home/airflow/.local/lib/python3.8/site-packages/airflow/example_dags/example_bash_operator.py
[2025-01-08T12:30:30.202+0000] {processor.py:840} INFO - DAG(s) 'example_bash_operator' retrieved from /home/airflow/.local/lib/python3.8/site-packages/airflow/example_dags/example_bash_operator.py
[2025-01-08T12:30:30.287+0000] {logging_mixin.py:188} INFO - [2025-01-08T12:30:30.286+0000] {dag.py:3036} INFO - Sync 1 DAGs
[2025-01-08T12:30:30.323+0000] {logging_mixin.py:188} INFO - [2025-01-08T12:30:30.323+0000] {dag.py:3823} INFO - Setting next_dagrun for example_bash_operator to 2025-01-07 00:00:00+00:00, run_after=2025-01-08 00:00:00+00:00
[2025-01-08T12:30:30.353+0000] {processor.py:183} INFO - Processing /home/airflow/.local/lib/python3.8/site-packages/airflow/example_dags/example_bash_operator.py took 0.192 seconds
[2025-01-08T12:31:01.197+0000] {processor.py:161} INFO - Started process (PID=2226) to work on /home/airflow/.local/lib/python3.8/site-packages/airflow/example_dags/example_bash_operator.py
[2025-01-08T12:31:01.201+0000] {processor.py:830} INFO - Processing file /home/airflow/.local/lib/python3.8/site-packages/airflow/example_dags/example_bash_operator.py for tasks to queue
[2025-01-08T12:31:01.206+0000] {logging_mixin.py:188} INFO - [2025-01-08T12:31:01.205+0000] {dagbag.py:538} INFO - Filling up the DagBag from /home/airflow/.local/lib/python3.8/site-packages/airflow/example_dags/example_bash_operator.py
[2025-01-08T12:31:01.258+0000] {processor.py:840} INFO - DAG(s) 'example_bash_operator' retrieved from /home/airflow/.local/lib/python3.8/site-packages/airflow/example_dags/example_bash_operator.py
[2025-01-08T12:31:01.676+0000] {logging_mixin.py:188} INFO - [2025-01-08T12:31:01.675+0000] {dag.py:3036} INFO - Sync 1 DAGs
[2025-01-08T12:31:01.742+0000] {logging_mixin.py:188} INFO - [2025-01-08T12:31:01.741+0000] {dag.py:3823} INFO - Setting next_dagrun for example_bash_operator to 2025-01-07 00:00:00+00:00, run_after=2025-01-08 00:00:00+00:00
[2025-01-08T12:31:01.810+0000] {processor.py:183} INFO - Processing /home/airflow/.local/lib/python3.8/site-packages/airflow/example_dags/example_bash_operator.py took 0.621 seconds
[2025-01-08T12:31:32.190+0000] {processor.py:161} INFO - Started process (PID=2284) to work on /home/airflow/.local/lib/python3.8/site-packages/airflow/example_dags/example_bash_operator.py
[2025-01-08T12:31:32.194+0000] {processor.py:830} INFO - Processing file /home/airflow/.local/lib/python3.8/site-packages/airflow/example_dags/example_bash_operator.py for tasks to queue
[2025-01-08T12:31:32.198+0000] {logging_mixin.py:188} INFO - [2025-01-08T12:31:32.197+0000] {dagbag.py:538} INFO - Filling up the DagBag from /home/airflow/.local/lib/python3.8/site-packages/airflow/example_dags/example_bash_operator.py
[2025-01-08T12:31:32.236+0000] {processor.py:840} INFO - DAG(s) 'example_bash_operator' retrieved from /home/airflow/.local/lib/python3.8/site-packages/airflow/example_dags/example_bash_operator.py
[2025-01-08T12:31:32.321+0000] {logging_mixin.py:188} INFO - [2025-01-08T12:31:32.321+0000] {dag.py:3036} INFO - Sync 1 DAGs
[2025-01-08T12:31:32.552+0000] {logging_mixin.py:188} INFO - [2025-01-08T12:31:32.552+0000] {dag.py:3823} INFO - Setting next_dagrun for example_bash_operator to 2025-01-07 00:00:00+00:00, run_after=2025-01-08 00:00:00+00:00
[2025-01-08T12:31:32.594+0000] {processor.py:183} INFO - Processing /home/airflow/.local/lib/python3.8/site-packages/airflow/example_dags/example_bash_operator.py took 0.411 seconds
[2025-01-08T12:32:02.924+0000] {processor.py:161} INFO - Started process (PID=2343) to work on /home/airflow/.local/lib/python3.8/site-packages/airflow/example_dags/example_bash_operator.py
[2025-01-08T12:32:02.926+0000] {processor.py:830} INFO - Processing file /home/airflow/.local/lib/python3.8/site-packages/airflow/example_dags/example_bash_operator.py for tasks to queue
[2025-01-08T12:32:02.931+0000] {logging_mixin.py:188} INFO - [2025-01-08T12:32:02.930+0000] {dagbag.py:538} INFO - Filling up the DagBag from /home/airflow/.local/lib/python3.8/site-packages/airflow/example_dags/example_bash_operator.py
[2025-01-08T12:32:02.953+0000] {processor.py:840} INFO - DAG(s) 'example_bash_operator' retrieved from /home/airflow/.local/lib/python3.8/site-packages/airflow/example_dags/example_bash_operator.py
[2025-01-08T12:32:03.013+0000] {logging_mixin.py:188} INFO - [2025-01-08T12:32:03.013+0000] {dag.py:3036} INFO - Sync 1 DAGs
[2025-01-08T12:32:03.050+0000] {logging_mixin.py:188} INFO - [2025-01-08T12:32:03.050+0000] {dag.py:3823} INFO - Setting next_dagrun for example_bash_operator to 2025-01-07 00:00:00+00:00, run_after=2025-01-08 00:00:00+00:00
[2025-01-08T12:32:03.080+0000] {processor.py:183} INFO - Processing /home/airflow/.local/lib/python3.8/site-packages/airflow/example_dags/example_bash_operator.py took 0.165 seconds
[2025-01-08T12:32:33.985+0000] {processor.py:161} INFO - Started process (PID=2402) to work on /home/airflow/.local/lib/python3.8/site-packages/airflow/example_dags/example_bash_operator.py
[2025-01-08T12:32:33.987+0000] {processor.py:830} INFO - Processing file /home/airflow/.local/lib/python3.8/site-packages/airflow/example_dags/example_bash_operator.py for tasks to queue
[2025-01-08T12:32:33.990+0000] {logging_mixin.py:188} INFO - [2025-01-08T12:32:33.990+0000] {dagbag.py:538} INFO - Filling up the DagBag from /home/airflow/.local/lib/python3.8/site-packages/airflow/example_dags/example_bash_operator.py
[2025-01-08T12:32:34.013+0000] {processor.py:840} INFO - DAG(s) 'example_bash_operator' retrieved from /home/airflow/.local/lib/python3.8/site-packages/airflow/example_dags/example_bash_operator.py
[2025-01-08T12:32:34.114+0000] {logging_mixin.py:188} INFO - [2025-01-08T12:32:34.113+0000] {dag.py:3036} INFO - Sync 1 DAGs
[2025-01-08T12:32:34.170+0000] {logging_mixin.py:188} INFO - [2025-01-08T12:32:34.170+0000] {dag.py:3823} INFO - Setting next_dagrun for example_bash_operator to 2025-01-07 00:00:00+00:00, run_after=2025-01-08 00:00:00+00:00
[2025-01-08T12:32:34.216+0000] {processor.py:183} INFO - Processing /home/airflow/.local/lib/python3.8/site-packages/airflow/example_dags/example_bash_operator.py took 0.238 seconds
[2025-01-08T12:33:05.033+0000] {processor.py:161} INFO - Started process (PID=2461) to work on /home/airflow/.local/lib/python3.8/site-packages/airflow/example_dags/example_bash_operator.py
[2025-01-08T12:33:05.035+0000] {processor.py:830} INFO - Processing file /home/airflow/.local/lib/python3.8/site-packages/airflow/example_dags/example_bash_operator.py for tasks to queue
[2025-01-08T12:33:05.039+0000] {logging_mixin.py:188} INFO - [2025-01-08T12:33:05.038+0000] {dagbag.py:538} INFO - Filling up the DagBag from /home/airflow/.local/lib/python3.8/site-packages/airflow/example_dags/example_bash_operator.py
[2025-01-08T12:33:05.073+0000] {processor.py:840} INFO - DAG(s) 'example_bash_operator' retrieved from /home/airflow/.local/lib/python3.8/site-packages/airflow/example_dags/example_bash_operator.py
[2025-01-08T12:33:05.149+0000] {logging_mixin.py:188} INFO - [2025-01-08T12:33:05.149+0000] {dag.py:3036} INFO - Sync 1 DAGs
[2025-01-08T12:33:05.207+0000] {logging_mixin.py:188} INFO - [2025-01-08T12:33:05.207+0000] {dag.py:3823} INFO - Setting next_dagrun for example_bash_operator to 2025-01-07 00:00:00+00:00, run_after=2025-01-08 00:00:00+00:00
[2025-01-08T12:33:05.245+0000] {processor.py:183} INFO - Processing /home/airflow/.local/lib/python3.8/site-packages/airflow/example_dags/example_bash_operator.py took 0.220 seconds
[2025-01-08T12:33:35.476+0000] {processor.py:161} INFO - Started process (PID=2520) to work on /home/airflow/.local/lib/python3.8/site-packages/airflow/example_dags/example_bash_operator.py
[2025-01-08T12:33:35.479+0000] {processor.py:830} INFO - Processing file /home/airflow/.local/lib/python3.8/site-packages/airflow/example_dags/example_bash_operator.py for tasks to queue
[2025-01-08T12:33:35.488+0000] {logging_mixin.py:188} INFO - [2025-01-08T12:33:35.487+0000] {dagbag.py:538} INFO - Filling up the DagBag from /home/airflow/.local/lib/python3.8/site-packages/airflow/example_dags/example_bash_operator.py
[2025-01-08T12:33:35.513+0000] {processor.py:840} INFO - DAG(s) 'example_bash_operator' retrieved from /home/airflow/.local/lib/python3.8/site-packages/airflow/example_dags/example_bash_operator.py
[2025-01-08T12:33:35.573+0000] {logging_mixin.py:188} INFO - [2025-01-08T12:33:35.572+0000] {dag.py:3036} INFO - Sync 1 DAGs
[2025-01-08T12:33:35.613+0000] {logging_mixin.py:188} INFO - [2025-01-08T12:33:35.612+0000] {dag.py:3823} INFO - Setting next_dagrun for example_bash_operator to 2025-01-07 00:00:00+00:00, run_after=2025-01-08 00:00:00+00:00
[2025-01-08T12:33:35.646+0000] {processor.py:183} INFO - Processing /home/airflow/.local/lib/python3.8/site-packages/airflow/example_dags/example_bash_operator.py took 0.180 seconds
