[2025-01-08T12:11:49.824+0000] {processor.py:161} INFO - Started process (PID=47) to work on /home/airflow/.local/lib/python3.8/site-packages/airflow/example_dags/example_dag_decorator.py
[2025-01-08T12:11:49.841+0000] {processor.py:830} INFO - Processing file /home/airflow/.local/lib/python3.8/site-packages/airflow/example_dags/example_dag_decorator.py for tasks to queue
[2025-01-08T12:11:49.860+0000] {logging_mixin.py:188} INFO - [2025-01-08T12:11:49.860+0000] {dagbag.py:538} INFO - Filling up the DagBag from /home/airflow/.local/lib/python3.8/site-packages/airflow/example_dags/example_dag_decorator.py
[2025-01-08T12:11:51.951+0000] {processor.py:840} INFO - DAG(s) 'example_dag_decorator' retrieved from /home/airflow/.local/lib/python3.8/site-packages/airflow/example_dags/example_dag_decorator.py
[2025-01-08T12:11:52.980+0000] {logging_mixin.py:188} INFO - [2025-01-08T12:11:52.979+0000] {dag.py:3036} INFO - Sync 1 DAGs
[2025-01-08T12:11:53.026+0000] {logging_mixin.py:188} INFO - [2025-01-08T12:11:53.025+0000] {dag.py:3823} INFO - Setting next_dagrun for example_dag_decorator to None, run_after=None
[2025-01-08T12:11:53.133+0000] {processor.py:183} INFO - Processing /home/airflow/.local/lib/python3.8/site-packages/airflow/example_dags/example_dag_decorator.py took 3.340 seconds
[2025-01-08T12:12:23.296+0000] {processor.py:161} INFO - Started process (PID=104) to work on /home/airflow/.local/lib/python3.8/site-packages/airflow/example_dags/example_dag_decorator.py
[2025-01-08T12:12:23.297+0000] {processor.py:830} INFO - Processing file /home/airflow/.local/lib/python3.8/site-packages/airflow/example_dags/example_dag_decorator.py for tasks to queue
[2025-01-08T12:12:23.300+0000] {logging_mixin.py:188} INFO - [2025-01-08T12:12:23.300+0000] {dagbag.py:538} INFO - Filling up the DagBag from /home/airflow/.local/lib/python3.8/site-packages/airflow/example_dags/example_dag_decorator.py
[2025-01-08T12:12:23.513+0000] {processor.py:840} INFO - DAG(s) 'example_dag_decorator' retrieved from /home/airflow/.local/lib/python3.8/site-packages/airflow/example_dags/example_dag_decorator.py
[2025-01-08T12:12:23.746+0000] {logging_mixin.py:188} INFO - [2025-01-08T12:12:23.746+0000] {dag.py:3036} INFO - Sync 1 DAGs
[2025-01-08T12:12:23.766+0000] {logging_mixin.py:188} INFO - [2025-01-08T12:12:23.766+0000] {dag.py:3823} INFO - Setting next_dagrun for example_dag_decorator to None, run_after=None
[2025-01-08T12:12:23.801+0000] {processor.py:183} INFO - Processing /home/airflow/.local/lib/python3.8/site-packages/airflow/example_dags/example_dag_decorator.py took 0.511 seconds
[2025-01-08T12:12:54.171+0000] {processor.py:161} INFO - Started process (PID=161) to work on /home/airflow/.local/lib/python3.8/site-packages/airflow/example_dags/example_dag_decorator.py
[2025-01-08T12:12:54.176+0000] {processor.py:830} INFO - Processing file /home/airflow/.local/lib/python3.8/site-packages/airflow/example_dags/example_dag_decorator.py for tasks to queue
[2025-01-08T12:12:54.185+0000] {logging_mixin.py:188} INFO - [2025-01-08T12:12:54.184+0000] {dagbag.py:538} INFO - Filling up the DagBag from /home/airflow/.local/lib/python3.8/site-packages/airflow/example_dags/example_dag_decorator.py
[2025-01-08T12:12:54.428+0000] {processor.py:840} INFO - DAG(s) 'example_dag_decorator' retrieved from /home/airflow/.local/lib/python3.8/site-packages/airflow/example_dags/example_dag_decorator.py
[2025-01-08T12:12:54.597+0000] {logging_mixin.py:188} INFO - [2025-01-08T12:12:54.596+0000] {dag.py:3036} INFO - Sync 1 DAGs
[2025-01-08T12:12:54.630+0000] {logging_mixin.py:188} INFO - [2025-01-08T12:12:54.629+0000] {dag.py:3823} INFO - Setting next_dagrun for example_dag_decorator to None, run_after=None
[2025-01-08T12:12:54.693+0000] {processor.py:183} INFO - Processing /home/airflow/.local/lib/python3.8/site-packages/airflow/example_dags/example_dag_decorator.py took 0.541 seconds
[2025-01-08T12:13:24.874+0000] {processor.py:161} INFO - Started process (PID=218) to work on /home/airflow/.local/lib/python3.8/site-packages/airflow/example_dags/example_dag_decorator.py
[2025-01-08T12:13:24.876+0000] {processor.py:830} INFO - Processing file /home/airflow/.local/lib/python3.8/site-packages/airflow/example_dags/example_dag_decorator.py for tasks to queue
[2025-01-08T12:13:24.880+0000] {logging_mixin.py:188} INFO - [2025-01-08T12:13:24.879+0000] {dagbag.py:538} INFO - Filling up the DagBag from /home/airflow/.local/lib/python3.8/site-packages/airflow/example_dags/example_dag_decorator.py
[2025-01-08T12:13:25.189+0000] {processor.py:840} INFO - DAG(s) 'example_dag_decorator' retrieved from /home/airflow/.local/lib/python3.8/site-packages/airflow/example_dags/example_dag_decorator.py
[2025-01-08T12:13:25.820+0000] {logging_mixin.py:188} INFO - [2025-01-08T12:13:25.819+0000] {dag.py:3036} INFO - Sync 1 DAGs
[2025-01-08T12:13:25.890+0000] {logging_mixin.py:188} INFO - [2025-01-08T12:13:25.889+0000] {dag.py:3823} INFO - Setting next_dagrun for example_dag_decorator to None, run_after=None
[2025-01-08T12:13:25.977+0000] {processor.py:183} INFO - Processing /home/airflow/.local/lib/python3.8/site-packages/airflow/example_dags/example_dag_decorator.py took 1.110 seconds
[2025-01-08T12:13:56.180+0000] {processor.py:161} INFO - Started process (PID=275) to work on /home/airflow/.local/lib/python3.8/site-packages/airflow/example_dags/example_dag_decorator.py
[2025-01-08T12:13:56.182+0000] {processor.py:830} INFO - Processing file /home/airflow/.local/lib/python3.8/site-packages/airflow/example_dags/example_dag_decorator.py for tasks to queue
[2025-01-08T12:13:56.185+0000] {logging_mixin.py:188} INFO - [2025-01-08T12:13:56.184+0000] {dagbag.py:538} INFO - Filling up the DagBag from /home/airflow/.local/lib/python3.8/site-packages/airflow/example_dags/example_dag_decorator.py
[2025-01-08T12:13:56.476+0000] {processor.py:840} INFO - DAG(s) 'example_dag_decorator' retrieved from /home/airflow/.local/lib/python3.8/site-packages/airflow/example_dags/example_dag_decorator.py
[2025-01-08T12:13:56.800+0000] {logging_mixin.py:188} INFO - [2025-01-08T12:13:56.800+0000] {dag.py:3036} INFO - Sync 1 DAGs
[2025-01-08T12:13:56.837+0000] {logging_mixin.py:188} INFO - [2025-01-08T12:13:56.836+0000] {dag.py:3823} INFO - Setting next_dagrun for example_dag_decorator to None, run_after=None
[2025-01-08T12:13:56.893+0000] {processor.py:183} INFO - Processing /home/airflow/.local/lib/python3.8/site-packages/airflow/example_dags/example_dag_decorator.py took 0.717 seconds
[2025-01-08T12:14:27.112+0000] {processor.py:161} INFO - Started process (PID=333) to work on /home/airflow/.local/lib/python3.8/site-packages/airflow/example_dags/example_dag_decorator.py
[2025-01-08T12:14:27.113+0000] {processor.py:830} INFO - Processing file /home/airflow/.local/lib/python3.8/site-packages/airflow/example_dags/example_dag_decorator.py for tasks to queue
[2025-01-08T12:14:27.116+0000] {logging_mixin.py:188} INFO - [2025-01-08T12:14:27.116+0000] {dagbag.py:538} INFO - Filling up the DagBag from /home/airflow/.local/lib/python3.8/site-packages/airflow/example_dags/example_dag_decorator.py
[2025-01-08T12:14:27.317+0000] {processor.py:840} INFO - DAG(s) 'example_dag_decorator' retrieved from /home/airflow/.local/lib/python3.8/site-packages/airflow/example_dags/example_dag_decorator.py
[2025-01-08T12:14:27.470+0000] {logging_mixin.py:188} INFO - [2025-01-08T12:14:27.469+0000] {dag.py:3036} INFO - Sync 1 DAGs
[2025-01-08T12:14:27.483+0000] {logging_mixin.py:188} INFO - [2025-01-08T12:14:27.483+0000] {dag.py:3823} INFO - Setting next_dagrun for example_dag_decorator to None, run_after=None
[2025-01-08T12:14:27.511+0000] {processor.py:183} INFO - Processing /home/airflow/.local/lib/python3.8/site-packages/airflow/example_dags/example_dag_decorator.py took 0.404 seconds
[2025-01-08T12:14:57.883+0000] {processor.py:161} INFO - Started process (PID=391) to work on /home/airflow/.local/lib/python3.8/site-packages/airflow/example_dags/example_dag_decorator.py
[2025-01-08T12:14:57.884+0000] {processor.py:830} INFO - Processing file /home/airflow/.local/lib/python3.8/site-packages/airflow/example_dags/example_dag_decorator.py for tasks to queue
[2025-01-08T12:14:57.887+0000] {logging_mixin.py:188} INFO - [2025-01-08T12:14:57.887+0000] {dagbag.py:538} INFO - Filling up the DagBag from /home/airflow/.local/lib/python3.8/site-packages/airflow/example_dags/example_dag_decorator.py
[2025-01-08T12:14:58.037+0000] {processor.py:840} INFO - DAG(s) 'example_dag_decorator' retrieved from /home/airflow/.local/lib/python3.8/site-packages/airflow/example_dags/example_dag_decorator.py
[2025-01-08T12:14:58.287+0000] {logging_mixin.py:188} INFO - [2025-01-08T12:14:58.286+0000] {dag.py:3036} INFO - Sync 1 DAGs
[2025-01-08T12:14:58.328+0000] {logging_mixin.py:188} INFO - [2025-01-08T12:14:58.327+0000] {dag.py:3823} INFO - Setting next_dagrun for example_dag_decorator to None, run_after=None
[2025-01-08T12:14:58.403+0000] {processor.py:183} INFO - Processing /home/airflow/.local/lib/python3.8/site-packages/airflow/example_dags/example_dag_decorator.py took 0.524 seconds
[2025-01-08T12:15:28.675+0000] {processor.py:161} INFO - Started process (PID=446) to work on /home/airflow/.local/lib/python3.8/site-packages/airflow/example_dags/example_dag_decorator.py
[2025-01-08T12:15:28.676+0000] {processor.py:830} INFO - Processing file /home/airflow/.local/lib/python3.8/site-packages/airflow/example_dags/example_dag_decorator.py for tasks to queue
[2025-01-08T12:15:28.680+0000] {logging_mixin.py:188} INFO - [2025-01-08T12:15:28.679+0000] {dagbag.py:538} INFO - Filling up the DagBag from /home/airflow/.local/lib/python3.8/site-packages/airflow/example_dags/example_dag_decorator.py
[2025-01-08T12:15:28.848+0000] {processor.py:840} INFO - DAG(s) 'example_dag_decorator' retrieved from /home/airflow/.local/lib/python3.8/site-packages/airflow/example_dags/example_dag_decorator.py
[2025-01-08T12:15:29.024+0000] {logging_mixin.py:188} INFO - [2025-01-08T12:15:29.024+0000] {dag.py:3036} INFO - Sync 1 DAGs
[2025-01-08T12:15:29.039+0000] {logging_mixin.py:188} INFO - [2025-01-08T12:15:29.039+0000] {dag.py:3823} INFO - Setting next_dagrun for example_dag_decorator to None, run_after=None
[2025-01-08T12:15:29.071+0000] {processor.py:183} INFO - Processing /home/airflow/.local/lib/python3.8/site-packages/airflow/example_dags/example_dag_decorator.py took 0.405 seconds
[2025-01-08T12:15:59.143+0000] {processor.py:161} INFO - Started process (PID=504) to work on /home/airflow/.local/lib/python3.8/site-packages/airflow/example_dags/example_dag_decorator.py
[2025-01-08T12:15:59.145+0000] {processor.py:830} INFO - Processing file /home/airflow/.local/lib/python3.8/site-packages/airflow/example_dags/example_dag_decorator.py for tasks to queue
[2025-01-08T12:15:59.149+0000] {logging_mixin.py:188} INFO - [2025-01-08T12:15:59.148+0000] {dagbag.py:538} INFO - Filling up the DagBag from /home/airflow/.local/lib/python3.8/site-packages/airflow/example_dags/example_dag_decorator.py
[2025-01-08T12:15:59.354+0000] {processor.py:840} INFO - DAG(s) 'example_dag_decorator' retrieved from /home/airflow/.local/lib/python3.8/site-packages/airflow/example_dags/example_dag_decorator.py
[2025-01-08T12:15:59.458+0000] {logging_mixin.py:188} INFO - [2025-01-08T12:15:59.457+0000] {dag.py:3036} INFO - Sync 1 DAGs
[2025-01-08T12:15:59.518+0000] {logging_mixin.py:188} INFO - [2025-01-08T12:15:59.517+0000] {dag.py:3823} INFO - Setting next_dagrun for example_dag_decorator to None, run_after=None
[2025-01-08T12:15:59.573+0000] {processor.py:183} INFO - Processing /home/airflow/.local/lib/python3.8/site-packages/airflow/example_dags/example_dag_decorator.py took 0.437 seconds
[2025-01-08T12:16:29.649+0000] {processor.py:161} INFO - Started process (PID=563) to work on /home/airflow/.local/lib/python3.8/site-packages/airflow/example_dags/example_dag_decorator.py
[2025-01-08T12:16:29.650+0000] {processor.py:830} INFO - Processing file /home/airflow/.local/lib/python3.8/site-packages/airflow/example_dags/example_dag_decorator.py for tasks to queue
[2025-01-08T12:16:29.653+0000] {logging_mixin.py:188} INFO - [2025-01-08T12:16:29.652+0000] {dagbag.py:538} INFO - Filling up the DagBag from /home/airflow/.local/lib/python3.8/site-packages/airflow/example_dags/example_dag_decorator.py
[2025-01-08T12:16:29.803+0000] {processor.py:840} INFO - DAG(s) 'example_dag_decorator' retrieved from /home/airflow/.local/lib/python3.8/site-packages/airflow/example_dags/example_dag_decorator.py
[2025-01-08T12:16:29.999+0000] {logging_mixin.py:188} INFO - [2025-01-08T12:16:29.999+0000] {dag.py:3036} INFO - Sync 1 DAGs
[2025-01-08T12:16:30.022+0000] {logging_mixin.py:188} INFO - [2025-01-08T12:16:30.021+0000] {dag.py:3823} INFO - Setting next_dagrun for example_dag_decorator to None, run_after=None
[2025-01-08T12:16:30.061+0000] {processor.py:183} INFO - Processing /home/airflow/.local/lib/python3.8/site-packages/airflow/example_dags/example_dag_decorator.py took 0.416 seconds
[2025-01-08T12:17:00.505+0000] {processor.py:161} INFO - Started process (PID=622) to work on /home/airflow/.local/lib/python3.8/site-packages/airflow/example_dags/example_dag_decorator.py
[2025-01-08T12:17:00.507+0000] {processor.py:830} INFO - Processing file /home/airflow/.local/lib/python3.8/site-packages/airflow/example_dags/example_dag_decorator.py for tasks to queue
[2025-01-08T12:17:00.511+0000] {logging_mixin.py:188} INFO - [2025-01-08T12:17:00.510+0000] {dagbag.py:538} INFO - Filling up the DagBag from /home/airflow/.local/lib/python3.8/site-packages/airflow/example_dags/example_dag_decorator.py
[2025-01-08T12:17:00.691+0000] {processor.py:840} INFO - DAG(s) 'example_dag_decorator' retrieved from /home/airflow/.local/lib/python3.8/site-packages/airflow/example_dags/example_dag_decorator.py
[2025-01-08T12:17:00.856+0000] {logging_mixin.py:188} INFO - [2025-01-08T12:17:00.856+0000] {dag.py:3036} INFO - Sync 1 DAGs
[2025-01-08T12:17:00.871+0000] {logging_mixin.py:188} INFO - [2025-01-08T12:17:00.870+0000] {dag.py:3823} INFO - Setting next_dagrun for example_dag_decorator to None, run_after=None
[2025-01-08T12:17:00.904+0000] {processor.py:183} INFO - Processing /home/airflow/.local/lib/python3.8/site-packages/airflow/example_dags/example_dag_decorator.py took 0.406 seconds
[2025-01-08T12:17:31.781+0000] {processor.py:161} INFO - Started process (PID=680) to work on /home/airflow/.local/lib/python3.8/site-packages/airflow/example_dags/example_dag_decorator.py
[2025-01-08T12:17:31.786+0000] {processor.py:830} INFO - Processing file /home/airflow/.local/lib/python3.8/site-packages/airflow/example_dags/example_dag_decorator.py for tasks to queue
[2025-01-08T12:17:31.796+0000] {logging_mixin.py:188} INFO - [2025-01-08T12:17:31.795+0000] {dagbag.py:538} INFO - Filling up the DagBag from /home/airflow/.local/lib/python3.8/site-packages/airflow/example_dags/example_dag_decorator.py
[2025-01-08T12:17:31.992+0000] {processor.py:840} INFO - DAG(s) 'example_dag_decorator' retrieved from /home/airflow/.local/lib/python3.8/site-packages/airflow/example_dags/example_dag_decorator.py
[2025-01-08T12:17:32.163+0000] {logging_mixin.py:188} INFO - [2025-01-08T12:17:32.163+0000] {dag.py:3036} INFO - Sync 1 DAGs
[2025-01-08T12:17:32.179+0000] {logging_mixin.py:188} INFO - [2025-01-08T12:17:32.179+0000] {dag.py:3823} INFO - Setting next_dagrun for example_dag_decorator to None, run_after=None
[2025-01-08T12:17:32.214+0000] {processor.py:183} INFO - Processing /home/airflow/.local/lib/python3.8/site-packages/airflow/example_dags/example_dag_decorator.py took 0.457 seconds
[2025-01-08T12:18:03.291+0000] {processor.py:161} INFO - Started process (PID=739) to work on /home/airflow/.local/lib/python3.8/site-packages/airflow/example_dags/example_dag_decorator.py
[2025-01-08T12:18:03.297+0000] {processor.py:830} INFO - Processing file /home/airflow/.local/lib/python3.8/site-packages/airflow/example_dags/example_dag_decorator.py for tasks to queue
[2025-01-08T12:18:03.306+0000] {logging_mixin.py:188} INFO - [2025-01-08T12:18:03.305+0000] {dagbag.py:538} INFO - Filling up the DagBag from /home/airflow/.local/lib/python3.8/site-packages/airflow/example_dags/example_dag_decorator.py
[2025-01-08T12:18:03.553+0000] {processor.py:840} INFO - DAG(s) 'example_dag_decorator' retrieved from /home/airflow/.local/lib/python3.8/site-packages/airflow/example_dags/example_dag_decorator.py
[2025-01-08T12:18:03.722+0000] {logging_mixin.py:188} INFO - [2025-01-08T12:18:03.722+0000] {dag.py:3036} INFO - Sync 1 DAGs
[2025-01-08T12:18:03.743+0000] {logging_mixin.py:188} INFO - [2025-01-08T12:18:03.742+0000] {dag.py:3823} INFO - Setting next_dagrun for example_dag_decorator to None, run_after=None
[2025-01-08T12:18:03.777+0000] {processor.py:183} INFO - Processing /home/airflow/.local/lib/python3.8/site-packages/airflow/example_dags/example_dag_decorator.py took 0.510 seconds
[2025-01-08T12:18:34.826+0000] {processor.py:161} INFO - Started process (PID=798) to work on /home/airflow/.local/lib/python3.8/site-packages/airflow/example_dags/example_dag_decorator.py
[2025-01-08T12:18:34.829+0000] {processor.py:830} INFO - Processing file /home/airflow/.local/lib/python3.8/site-packages/airflow/example_dags/example_dag_decorator.py for tasks to queue
[2025-01-08T12:18:34.835+0000] {logging_mixin.py:188} INFO - [2025-01-08T12:18:34.834+0000] {dagbag.py:538} INFO - Filling up the DagBag from /home/airflow/.local/lib/python3.8/site-packages/airflow/example_dags/example_dag_decorator.py
[2025-01-08T12:18:35.091+0000] {processor.py:840} INFO - DAG(s) 'example_dag_decorator' retrieved from /home/airflow/.local/lib/python3.8/site-packages/airflow/example_dags/example_dag_decorator.py
[2025-01-08T12:18:35.451+0000] {logging_mixin.py:188} INFO - [2025-01-08T12:18:35.451+0000] {dag.py:3036} INFO - Sync 1 DAGs
[2025-01-08T12:18:35.513+0000] {logging_mixin.py:188} INFO - [2025-01-08T12:18:35.513+0000] {dag.py:3823} INFO - Setting next_dagrun for example_dag_decorator to None, run_after=None
[2025-01-08T12:18:35.692+0000] {processor.py:183} INFO - Processing /home/airflow/.local/lib/python3.8/site-packages/airflow/example_dags/example_dag_decorator.py took 0.874 seconds
[2025-01-08T12:19:06.411+0000] {processor.py:161} INFO - Started process (PID=857) to work on /home/airflow/.local/lib/python3.8/site-packages/airflow/example_dags/example_dag_decorator.py
[2025-01-08T12:19:06.413+0000] {processor.py:830} INFO - Processing file /home/airflow/.local/lib/python3.8/site-packages/airflow/example_dags/example_dag_decorator.py for tasks to queue
[2025-01-08T12:19:06.416+0000] {logging_mixin.py:188} INFO - [2025-01-08T12:19:06.416+0000] {dagbag.py:538} INFO - Filling up the DagBag from /home/airflow/.local/lib/python3.8/site-packages/airflow/example_dags/example_dag_decorator.py
[2025-01-08T12:19:06.711+0000] {processor.py:840} INFO - DAG(s) 'example_dag_decorator' retrieved from /home/airflow/.local/lib/python3.8/site-packages/airflow/example_dags/example_dag_decorator.py
[2025-01-08T12:19:07.029+0000] {logging_mixin.py:188} INFO - [2025-01-08T12:19:07.028+0000] {dag.py:3036} INFO - Sync 1 DAGs
[2025-01-08T12:19:07.049+0000] {logging_mixin.py:188} INFO - [2025-01-08T12:19:07.049+0000] {dag.py:3823} INFO - Setting next_dagrun for example_dag_decorator to None, run_after=None
[2025-01-08T12:19:07.085+0000] {processor.py:183} INFO - Processing /home/airflow/.local/lib/python3.8/site-packages/airflow/example_dags/example_dag_decorator.py took 0.682 seconds
[2025-01-08T12:19:37.261+0000] {processor.py:161} INFO - Started process (PID=917) to work on /home/airflow/.local/lib/python3.8/site-packages/airflow/example_dags/example_dag_decorator.py
[2025-01-08T12:19:37.265+0000] {processor.py:830} INFO - Processing file /home/airflow/.local/lib/python3.8/site-packages/airflow/example_dags/example_dag_decorator.py for tasks to queue
[2025-01-08T12:19:37.272+0000] {logging_mixin.py:188} INFO - [2025-01-08T12:19:37.270+0000] {dagbag.py:538} INFO - Filling up the DagBag from /home/airflow/.local/lib/python3.8/site-packages/airflow/example_dags/example_dag_decorator.py
[2025-01-08T12:19:37.739+0000] {processor.py:840} INFO - DAG(s) 'example_dag_decorator' retrieved from /home/airflow/.local/lib/python3.8/site-packages/airflow/example_dags/example_dag_decorator.py
[2025-01-08T12:19:38.026+0000] {logging_mixin.py:188} INFO - [2025-01-08T12:19:38.026+0000] {dag.py:3036} INFO - Sync 1 DAGs
[2025-01-08T12:19:38.047+0000] {logging_mixin.py:188} INFO - [2025-01-08T12:19:38.046+0000] {dag.py:3823} INFO - Setting next_dagrun for example_dag_decorator to None, run_after=None
[2025-01-08T12:19:38.082+0000] {processor.py:183} INFO - Processing /home/airflow/.local/lib/python3.8/site-packages/airflow/example_dags/example_dag_decorator.py took 0.833 seconds
[2025-01-08T12:20:08.821+0000] {processor.py:161} INFO - Started process (PID=976) to work on /home/airflow/.local/lib/python3.8/site-packages/airflow/example_dags/example_dag_decorator.py
[2025-01-08T12:20:08.823+0000] {processor.py:830} INFO - Processing file /home/airflow/.local/lib/python3.8/site-packages/airflow/example_dags/example_dag_decorator.py for tasks to queue
[2025-01-08T12:20:08.826+0000] {logging_mixin.py:188} INFO - [2025-01-08T12:20:08.826+0000] {dagbag.py:538} INFO - Filling up the DagBag from /home/airflow/.local/lib/python3.8/site-packages/airflow/example_dags/example_dag_decorator.py
[2025-01-08T12:20:08.999+0000] {processor.py:840} INFO - DAG(s) 'example_dag_decorator' retrieved from /home/airflow/.local/lib/python3.8/site-packages/airflow/example_dags/example_dag_decorator.py
[2025-01-08T12:20:09.179+0000] {logging_mixin.py:188} INFO - [2025-01-08T12:20:09.178+0000] {dag.py:3036} INFO - Sync 1 DAGs
[2025-01-08T12:20:09.196+0000] {logging_mixin.py:188} INFO - [2025-01-08T12:20:09.196+0000] {dag.py:3823} INFO - Setting next_dagrun for example_dag_decorator to None, run_after=None
[2025-01-08T12:20:09.236+0000] {processor.py:183} INFO - Processing /home/airflow/.local/lib/python3.8/site-packages/airflow/example_dags/example_dag_decorator.py took 0.421 seconds
[2025-01-08T12:20:39.298+0000] {processor.py:161} INFO - Started process (PID=1036) to work on /home/airflow/.local/lib/python3.8/site-packages/airflow/example_dags/example_dag_decorator.py
[2025-01-08T12:20:39.301+0000] {processor.py:830} INFO - Processing file /home/airflow/.local/lib/python3.8/site-packages/airflow/example_dags/example_dag_decorator.py for tasks to queue
[2025-01-08T12:20:39.308+0000] {logging_mixin.py:188} INFO - [2025-01-08T12:20:39.307+0000] {dagbag.py:538} INFO - Filling up the DagBag from /home/airflow/.local/lib/python3.8/site-packages/airflow/example_dags/example_dag_decorator.py
[2025-01-08T12:20:39.766+0000] {processor.py:840} INFO - DAG(s) 'example_dag_decorator' retrieved from /home/airflow/.local/lib/python3.8/site-packages/airflow/example_dags/example_dag_decorator.py
[2025-01-08T12:20:40.029+0000] {logging_mixin.py:188} INFO - [2025-01-08T12:20:40.028+0000] {dag.py:3036} INFO - Sync 1 DAGs
[2025-01-08T12:20:40.055+0000] {logging_mixin.py:188} INFO - [2025-01-08T12:20:40.054+0000] {dag.py:3823} INFO - Setting next_dagrun for example_dag_decorator to None, run_after=None
[2025-01-08T12:20:40.103+0000] {processor.py:183} INFO - Processing /home/airflow/.local/lib/python3.8/site-packages/airflow/example_dags/example_dag_decorator.py took 0.812 seconds
[2025-01-08T12:21:10.897+0000] {processor.py:161} INFO - Started process (PID=1095) to work on /home/airflow/.local/lib/python3.8/site-packages/airflow/example_dags/example_dag_decorator.py
[2025-01-08T12:21:10.898+0000] {processor.py:830} INFO - Processing file /home/airflow/.local/lib/python3.8/site-packages/airflow/example_dags/example_dag_decorator.py for tasks to queue
[2025-01-08T12:21:10.903+0000] {logging_mixin.py:188} INFO - [2025-01-08T12:21:10.902+0000] {dagbag.py:538} INFO - Filling up the DagBag from /home/airflow/.local/lib/python3.8/site-packages/airflow/example_dags/example_dag_decorator.py
[2025-01-08T12:21:11.169+0000] {processor.py:840} INFO - DAG(s) 'example_dag_decorator' retrieved from /home/airflow/.local/lib/python3.8/site-packages/airflow/example_dags/example_dag_decorator.py
[2025-01-08T12:21:11.384+0000] {logging_mixin.py:188} INFO - [2025-01-08T12:21:11.383+0000] {dag.py:3036} INFO - Sync 1 DAGs
[2025-01-08T12:21:11.399+0000] {logging_mixin.py:188} INFO - [2025-01-08T12:21:11.398+0000] {dag.py:3823} INFO - Setting next_dagrun for example_dag_decorator to None, run_after=None
[2025-01-08T12:21:11.433+0000] {processor.py:183} INFO - Processing /home/airflow/.local/lib/python3.8/site-packages/airflow/example_dags/example_dag_decorator.py took 0.544 seconds
[2025-01-08T12:21:41.588+0000] {processor.py:161} INFO - Started process (PID=1155) to work on /home/airflow/.local/lib/python3.8/site-packages/airflow/example_dags/example_dag_decorator.py
[2025-01-08T12:21:41.589+0000] {processor.py:830} INFO - Processing file /home/airflow/.local/lib/python3.8/site-packages/airflow/example_dags/example_dag_decorator.py for tasks to queue
[2025-01-08T12:21:41.593+0000] {logging_mixin.py:188} INFO - [2025-01-08T12:21:41.593+0000] {dagbag.py:538} INFO - Filling up the DagBag from /home/airflow/.local/lib/python3.8/site-packages/airflow/example_dags/example_dag_decorator.py
[2025-01-08T12:21:41.744+0000] {processor.py:840} INFO - DAG(s) 'example_dag_decorator' retrieved from /home/airflow/.local/lib/python3.8/site-packages/airflow/example_dags/example_dag_decorator.py
[2025-01-08T12:21:41.929+0000] {logging_mixin.py:188} INFO - [2025-01-08T12:21:41.929+0000] {dag.py:3036} INFO - Sync 1 DAGs
[2025-01-08T12:21:41.948+0000] {logging_mixin.py:188} INFO - [2025-01-08T12:21:41.948+0000] {dag.py:3823} INFO - Setting next_dagrun for example_dag_decorator to None, run_after=None
[2025-01-08T12:21:41.986+0000] {processor.py:183} INFO - Processing /home/airflow/.local/lib/python3.8/site-packages/airflow/example_dags/example_dag_decorator.py took 0.402 seconds
[2025-01-08T12:22:12.175+0000] {processor.py:161} INFO - Started process (PID=1213) to work on /home/airflow/.local/lib/python3.8/site-packages/airflow/example_dags/example_dag_decorator.py
[2025-01-08T12:22:12.177+0000] {processor.py:830} INFO - Processing file /home/airflow/.local/lib/python3.8/site-packages/airflow/example_dags/example_dag_decorator.py for tasks to queue
[2025-01-08T12:22:12.181+0000] {logging_mixin.py:188} INFO - [2025-01-08T12:22:12.180+0000] {dagbag.py:538} INFO - Filling up the DagBag from /home/airflow/.local/lib/python3.8/site-packages/airflow/example_dags/example_dag_decorator.py
[2025-01-08T12:22:12.418+0000] {processor.py:840} INFO - DAG(s) 'example_dag_decorator' retrieved from /home/airflow/.local/lib/python3.8/site-packages/airflow/example_dags/example_dag_decorator.py
[2025-01-08T12:22:12.558+0000] {logging_mixin.py:188} INFO - [2025-01-08T12:22:12.558+0000] {dag.py:3036} INFO - Sync 1 DAGs
[2025-01-08T12:22:12.574+0000] {logging_mixin.py:188} INFO - [2025-01-08T12:22:12.574+0000] {dag.py:3823} INFO - Setting next_dagrun for example_dag_decorator to None, run_after=None
[2025-01-08T12:22:12.752+0000] {processor.py:183} INFO - Processing /home/airflow/.local/lib/python3.8/site-packages/airflow/example_dags/example_dag_decorator.py took 0.585 seconds
[2025-01-08T12:22:42.961+0000] {processor.py:161} INFO - Started process (PID=1271) to work on /home/airflow/.local/lib/python3.8/site-packages/airflow/example_dags/example_dag_decorator.py
[2025-01-08T12:22:42.967+0000] {processor.py:830} INFO - Processing file /home/airflow/.local/lib/python3.8/site-packages/airflow/example_dags/example_dag_decorator.py for tasks to queue
[2025-01-08T12:22:42.975+0000] {logging_mixin.py:188} INFO - [2025-01-08T12:22:42.974+0000] {dagbag.py:538} INFO - Filling up the DagBag from /home/airflow/.local/lib/python3.8/site-packages/airflow/example_dags/example_dag_decorator.py
[2025-01-08T12:22:43.317+0000] {processor.py:840} INFO - DAG(s) 'example_dag_decorator' retrieved from /home/airflow/.local/lib/python3.8/site-packages/airflow/example_dags/example_dag_decorator.py
[2025-01-08T12:22:43.626+0000] {logging_mixin.py:188} INFO - [2025-01-08T12:22:43.626+0000] {dag.py:3036} INFO - Sync 1 DAGs
[2025-01-08T12:22:43.641+0000] {logging_mixin.py:188} INFO - [2025-01-08T12:22:43.641+0000] {dag.py:3823} INFO - Setting next_dagrun for example_dag_decorator to None, run_after=None
[2025-01-08T12:22:43.674+0000] {processor.py:183} INFO - Processing /home/airflow/.local/lib/python3.8/site-packages/airflow/example_dags/example_dag_decorator.py took 0.736 seconds
[2025-01-08T12:23:13.899+0000] {processor.py:161} INFO - Started process (PID=1331) to work on /home/airflow/.local/lib/python3.8/site-packages/airflow/example_dags/example_dag_decorator.py
[2025-01-08T12:23:13.902+0000] {processor.py:830} INFO - Processing file /home/airflow/.local/lib/python3.8/site-packages/airflow/example_dags/example_dag_decorator.py for tasks to queue
[2025-01-08T12:23:13.907+0000] {logging_mixin.py:188} INFO - [2025-01-08T12:23:13.906+0000] {dagbag.py:538} INFO - Filling up the DagBag from /home/airflow/.local/lib/python3.8/site-packages/airflow/example_dags/example_dag_decorator.py
[2025-01-08T12:23:14.248+0000] {processor.py:840} INFO - DAG(s) 'example_dag_decorator' retrieved from /home/airflow/.local/lib/python3.8/site-packages/airflow/example_dags/example_dag_decorator.py
[2025-01-08T12:23:14.421+0000] {logging_mixin.py:188} INFO - [2025-01-08T12:23:14.421+0000] {dag.py:3036} INFO - Sync 1 DAGs
[2025-01-08T12:23:14.470+0000] {logging_mixin.py:188} INFO - [2025-01-08T12:23:14.469+0000] {dag.py:3823} INFO - Setting next_dagrun for example_dag_decorator to None, run_after=None
[2025-01-08T12:23:14.970+0000] {processor.py:183} INFO - Processing /home/airflow/.local/lib/python3.8/site-packages/airflow/example_dags/example_dag_decorator.py took 1.081 seconds
[2025-01-08T12:23:45.940+0000] {processor.py:161} INFO - Started process (PID=1392) to work on /home/airflow/.local/lib/python3.8/site-packages/airflow/example_dags/example_dag_decorator.py
[2025-01-08T12:23:45.942+0000] {processor.py:830} INFO - Processing file /home/airflow/.local/lib/python3.8/site-packages/airflow/example_dags/example_dag_decorator.py for tasks to queue
[2025-01-08T12:23:45.948+0000] {logging_mixin.py:188} INFO - [2025-01-08T12:23:45.946+0000] {dagbag.py:538} INFO - Filling up the DagBag from /home/airflow/.local/lib/python3.8/site-packages/airflow/example_dags/example_dag_decorator.py
[2025-01-08T12:23:46.280+0000] {processor.py:840} INFO - DAG(s) 'example_dag_decorator' retrieved from /home/airflow/.local/lib/python3.8/site-packages/airflow/example_dags/example_dag_decorator.py
[2025-01-08T12:23:46.983+0000] {logging_mixin.py:188} INFO - [2025-01-08T12:23:46.982+0000] {dag.py:3036} INFO - Sync 1 DAGs
[2025-01-08T12:23:47.015+0000] {logging_mixin.py:188} INFO - [2025-01-08T12:23:47.014+0000] {dag.py:3823} INFO - Setting next_dagrun for example_dag_decorator to None, run_after=None
[2025-01-08T12:23:47.074+0000] {processor.py:183} INFO - Processing /home/airflow/.local/lib/python3.8/site-packages/airflow/example_dags/example_dag_decorator.py took 1.143 seconds
[2025-01-08T12:24:17.566+0000] {processor.py:161} INFO - Started process (PID=1458) to work on /home/airflow/.local/lib/python3.8/site-packages/airflow/example_dags/example_dag_decorator.py
[2025-01-08T12:24:17.568+0000] {processor.py:830} INFO - Processing file /home/airflow/.local/lib/python3.8/site-packages/airflow/example_dags/example_dag_decorator.py for tasks to queue
[2025-01-08T12:24:17.571+0000] {logging_mixin.py:188} INFO - [2025-01-08T12:24:17.571+0000] {dagbag.py:538} INFO - Filling up the DagBag from /home/airflow/.local/lib/python3.8/site-packages/airflow/example_dags/example_dag_decorator.py
[2025-01-08T12:24:17.779+0000] {processor.py:840} INFO - DAG(s) 'example_dag_decorator' retrieved from /home/airflow/.local/lib/python3.8/site-packages/airflow/example_dags/example_dag_decorator.py
[2025-01-08T12:24:18.353+0000] {logging_mixin.py:188} INFO - [2025-01-08T12:24:18.353+0000] {dag.py:3036} INFO - Sync 1 DAGs
[2025-01-08T12:24:18.397+0000] {logging_mixin.py:188} INFO - [2025-01-08T12:24:18.396+0000] {dag.py:3823} INFO - Setting next_dagrun for example_dag_decorator to None, run_after=None
[2025-01-08T12:24:18.432+0000] {processor.py:183} INFO - Processing /home/airflow/.local/lib/python3.8/site-packages/airflow/example_dags/example_dag_decorator.py took 0.872 seconds
[2025-01-08T12:24:48.746+0000] {processor.py:161} INFO - Started process (PID=1520) to work on /home/airflow/.local/lib/python3.8/site-packages/airflow/example_dags/example_dag_decorator.py
[2025-01-08T12:24:48.765+0000] {processor.py:830} INFO - Processing file /home/airflow/.local/lib/python3.8/site-packages/airflow/example_dags/example_dag_decorator.py for tasks to queue
[2025-01-08T12:24:48.781+0000] {logging_mixin.py:188} INFO - [2025-01-08T12:24:48.780+0000] {dagbag.py:538} INFO - Filling up the DagBag from /home/airflow/.local/lib/python3.8/site-packages/airflow/example_dags/example_dag_decorator.py
[2025-01-08T12:24:49.141+0000] {processor.py:840} INFO - DAG(s) 'example_dag_decorator' retrieved from /home/airflow/.local/lib/python3.8/site-packages/airflow/example_dags/example_dag_decorator.py
[2025-01-08T12:24:49.580+0000] {logging_mixin.py:188} INFO - [2025-01-08T12:24:49.580+0000] {dag.py:3036} INFO - Sync 1 DAGs
[2025-01-08T12:24:49.618+0000] {logging_mixin.py:188} INFO - [2025-01-08T12:24:49.617+0000] {dag.py:3823} INFO - Setting next_dagrun for example_dag_decorator to None, run_after=None
[2025-01-08T12:24:49.687+0000] {processor.py:183} INFO - Processing /home/airflow/.local/lib/python3.8/site-packages/airflow/example_dags/example_dag_decorator.py took 0.950 seconds
[2025-01-08T12:25:20.389+0000] {processor.py:161} INFO - Started process (PID=1580) to work on /home/airflow/.local/lib/python3.8/site-packages/airflow/example_dags/example_dag_decorator.py
[2025-01-08T12:25:20.392+0000] {processor.py:830} INFO - Processing file /home/airflow/.local/lib/python3.8/site-packages/airflow/example_dags/example_dag_decorator.py for tasks to queue
[2025-01-08T12:25:20.401+0000] {logging_mixin.py:188} INFO - [2025-01-08T12:25:20.400+0000] {dagbag.py:538} INFO - Filling up the DagBag from /home/airflow/.local/lib/python3.8/site-packages/airflow/example_dags/example_dag_decorator.py
[2025-01-08T12:25:20.593+0000] {processor.py:840} INFO - DAG(s) 'example_dag_decorator' retrieved from /home/airflow/.local/lib/python3.8/site-packages/airflow/example_dags/example_dag_decorator.py
[2025-01-08T12:25:20.986+0000] {logging_mixin.py:188} INFO - [2025-01-08T12:25:20.986+0000] {dag.py:3036} INFO - Sync 1 DAGs
[2025-01-08T12:25:21.005+0000] {logging_mixin.py:188} INFO - [2025-01-08T12:25:21.005+0000] {dag.py:3823} INFO - Setting next_dagrun for example_dag_decorator to None, run_after=None
[2025-01-08T12:25:21.041+0000] {processor.py:183} INFO - Processing /home/airflow/.local/lib/python3.8/site-packages/airflow/example_dags/example_dag_decorator.py took 0.672 seconds
[2025-01-08T12:25:51.346+0000] {processor.py:161} INFO - Started process (PID=1639) to work on /home/airflow/.local/lib/python3.8/site-packages/airflow/example_dags/example_dag_decorator.py
[2025-01-08T12:25:51.349+0000] {processor.py:830} INFO - Processing file /home/airflow/.local/lib/python3.8/site-packages/airflow/example_dags/example_dag_decorator.py for tasks to queue
[2025-01-08T12:25:51.353+0000] {logging_mixin.py:188} INFO - [2025-01-08T12:25:51.352+0000] {dagbag.py:538} INFO - Filling up the DagBag from /home/airflow/.local/lib/python3.8/site-packages/airflow/example_dags/example_dag_decorator.py
[2025-01-08T12:25:51.550+0000] {processor.py:840} INFO - DAG(s) 'example_dag_decorator' retrieved from /home/airflow/.local/lib/python3.8/site-packages/airflow/example_dags/example_dag_decorator.py
[2025-01-08T12:25:51.986+0000] {logging_mixin.py:188} INFO - [2025-01-08T12:25:51.985+0000] {dag.py:3036} INFO - Sync 1 DAGs
[2025-01-08T12:25:52.004+0000] {logging_mixin.py:188} INFO - [2025-01-08T12:25:52.003+0000] {dag.py:3823} INFO - Setting next_dagrun for example_dag_decorator to None, run_after=None
[2025-01-08T12:25:52.040+0000] {processor.py:183} INFO - Processing /home/airflow/.local/lib/python3.8/site-packages/airflow/example_dags/example_dag_decorator.py took 0.720 seconds
[2025-01-08T12:26:25.211+0000] {processor.py:161} INFO - Started process (PID=1697) to work on /home/airflow/.local/lib/python3.8/site-packages/airflow/example_dags/example_dag_decorator.py
[2025-01-08T12:26:25.260+0000] {processor.py:830} INFO - Processing file /home/airflow/.local/lib/python3.8/site-packages/airflow/example_dags/example_dag_decorator.py for tasks to queue
[2025-01-08T12:26:25.284+0000] {logging_mixin.py:188} INFO - [2025-01-08T12:26:25.283+0000] {dagbag.py:538} INFO - Filling up the DagBag from /home/airflow/.local/lib/python3.8/site-packages/airflow/example_dags/example_dag_decorator.py
[2025-01-08T12:26:26.214+0000] {processor.py:840} INFO - DAG(s) 'example_dag_decorator' retrieved from /home/airflow/.local/lib/python3.8/site-packages/airflow/example_dags/example_dag_decorator.py
[2025-01-08T12:26:27.367+0000] {logging_mixin.py:188} INFO - [2025-01-08T12:26:27.367+0000] {dag.py:3036} INFO - Sync 1 DAGs
[2025-01-08T12:26:27.428+0000] {logging_mixin.py:188} INFO - [2025-01-08T12:26:27.428+0000] {dag.py:3823} INFO - Setting next_dagrun for example_dag_decorator to None, run_after=None
[2025-01-08T12:26:27.543+0000] {processor.py:183} INFO - Processing /home/airflow/.local/lib/python3.8/site-packages/airflow/example_dags/example_dag_decorator.py took 2.343 seconds
[2025-01-08T12:26:58.113+0000] {processor.py:161} INFO - Started process (PID=1757) to work on /home/airflow/.local/lib/python3.8/site-packages/airflow/example_dags/example_dag_decorator.py
[2025-01-08T12:26:58.116+0000] {processor.py:830} INFO - Processing file /home/airflow/.local/lib/python3.8/site-packages/airflow/example_dags/example_dag_decorator.py for tasks to queue
[2025-01-08T12:26:58.127+0000] {logging_mixin.py:188} INFO - [2025-01-08T12:26:58.127+0000] {dagbag.py:538} INFO - Filling up the DagBag from /home/airflow/.local/lib/python3.8/site-packages/airflow/example_dags/example_dag_decorator.py
[2025-01-08T12:26:58.327+0000] {processor.py:840} INFO - DAG(s) 'example_dag_decorator' retrieved from /home/airflow/.local/lib/python3.8/site-packages/airflow/example_dags/example_dag_decorator.py
[2025-01-08T12:26:58.656+0000] {logging_mixin.py:188} INFO - [2025-01-08T12:26:58.655+0000] {dag.py:3036} INFO - Sync 1 DAGs
[2025-01-08T12:26:58.673+0000] {logging_mixin.py:188} INFO - [2025-01-08T12:26:58.673+0000] {dag.py:3823} INFO - Setting next_dagrun for example_dag_decorator to None, run_after=None
[2025-01-08T12:26:58.716+0000] {processor.py:183} INFO - Processing /home/airflow/.local/lib/python3.8/site-packages/airflow/example_dags/example_dag_decorator.py took 0.611 seconds
[2025-01-08T12:27:29.092+0000] {processor.py:161} INFO - Started process (PID=1816) to work on /home/airflow/.local/lib/python3.8/site-packages/airflow/example_dags/example_dag_decorator.py
[2025-01-08T12:27:29.100+0000] {processor.py:830} INFO - Processing file /home/airflow/.local/lib/python3.8/site-packages/airflow/example_dags/example_dag_decorator.py for tasks to queue
[2025-01-08T12:27:29.120+0000] {logging_mixin.py:188} INFO - [2025-01-08T12:27:29.119+0000] {dagbag.py:538} INFO - Filling up the DagBag from /home/airflow/.local/lib/python3.8/site-packages/airflow/example_dags/example_dag_decorator.py
[2025-01-08T12:27:29.448+0000] {processor.py:840} INFO - DAG(s) 'example_dag_decorator' retrieved from /home/airflow/.local/lib/python3.8/site-packages/airflow/example_dags/example_dag_decorator.py
[2025-01-08T12:27:29.784+0000] {logging_mixin.py:188} INFO - [2025-01-08T12:27:29.784+0000] {dag.py:3036} INFO - Sync 1 DAGs
[2025-01-08T12:27:29.803+0000] {logging_mixin.py:188} INFO - [2025-01-08T12:27:29.802+0000] {dag.py:3823} INFO - Setting next_dagrun for example_dag_decorator to None, run_after=None
[2025-01-08T12:27:29.837+0000] {processor.py:183} INFO - Processing /home/airflow/.local/lib/python3.8/site-packages/airflow/example_dags/example_dag_decorator.py took 0.752 seconds
[2025-01-08T12:27:59.918+0000] {processor.py:161} INFO - Started process (PID=1880) to work on /home/airflow/.local/lib/python3.8/site-packages/airflow/example_dags/example_dag_decorator.py
[2025-01-08T12:27:59.920+0000] {processor.py:830} INFO - Processing file /home/airflow/.local/lib/python3.8/site-packages/airflow/example_dags/example_dag_decorator.py for tasks to queue
[2025-01-08T12:27:59.923+0000] {logging_mixin.py:188} INFO - [2025-01-08T12:27:59.923+0000] {dagbag.py:538} INFO - Filling up the DagBag from /home/airflow/.local/lib/python3.8/site-packages/airflow/example_dags/example_dag_decorator.py
[2025-01-08T12:28:00.272+0000] {processor.py:840} INFO - DAG(s) 'example_dag_decorator' retrieved from /home/airflow/.local/lib/python3.8/site-packages/airflow/example_dags/example_dag_decorator.py
[2025-01-08T12:28:00.444+0000] {logging_mixin.py:188} INFO - [2025-01-08T12:28:00.444+0000] {dag.py:3036} INFO - Sync 1 DAGs
[2025-01-08T12:28:00.462+0000] {logging_mixin.py:188} INFO - [2025-01-08T12:28:00.461+0000] {dag.py:3823} INFO - Setting next_dagrun for example_dag_decorator to None, run_after=None
[2025-01-08T12:28:00.492+0000] {processor.py:183} INFO - Processing /home/airflow/.local/lib/python3.8/site-packages/airflow/example_dags/example_dag_decorator.py took 0.578 seconds
[2025-01-08T12:28:30.707+0000] {processor.py:161} INFO - Started process (PID=1939) to work on /home/airflow/.local/lib/python3.8/site-packages/airflow/example_dags/example_dag_decorator.py
[2025-01-08T12:28:30.708+0000] {processor.py:830} INFO - Processing file /home/airflow/.local/lib/python3.8/site-packages/airflow/example_dags/example_dag_decorator.py for tasks to queue
[2025-01-08T12:28:30.711+0000] {logging_mixin.py:188} INFO - [2025-01-08T12:28:30.710+0000] {dagbag.py:538} INFO - Filling up the DagBag from /home/airflow/.local/lib/python3.8/site-packages/airflow/example_dags/example_dag_decorator.py
[2025-01-08T12:28:31.058+0000] {processor.py:840} INFO - DAG(s) 'example_dag_decorator' retrieved from /home/airflow/.local/lib/python3.8/site-packages/airflow/example_dags/example_dag_decorator.py
[2025-01-08T12:28:31.104+0000] {logging_mixin.py:188} INFO - [2025-01-08T12:28:31.104+0000] {dag.py:3036} INFO - Sync 1 DAGs
[2025-01-08T12:28:31.148+0000] {logging_mixin.py:188} INFO - [2025-01-08T12:28:31.147+0000] {dag.py:3823} INFO - Setting next_dagrun for example_dag_decorator to None, run_after=None
[2025-01-08T12:28:31.211+0000] {processor.py:183} INFO - Processing /home/airflow/.local/lib/python3.8/site-packages/airflow/example_dags/example_dag_decorator.py took 0.509 seconds
[2025-01-08T12:29:01.624+0000] {processor.py:161} INFO - Started process (PID=1996) to work on /home/airflow/.local/lib/python3.8/site-packages/airflow/example_dags/example_dag_decorator.py
[2025-01-08T12:29:01.627+0000] {processor.py:830} INFO - Processing file /home/airflow/.local/lib/python3.8/site-packages/airflow/example_dags/example_dag_decorator.py for tasks to queue
[2025-01-08T12:29:01.640+0000] {logging_mixin.py:188} INFO - [2025-01-08T12:29:01.639+0000] {dagbag.py:538} INFO - Filling up the DagBag from /home/airflow/.local/lib/python3.8/site-packages/airflow/example_dags/example_dag_decorator.py
[2025-01-08T12:29:02.460+0000] {processor.py:840} INFO - DAG(s) 'example_dag_decorator' retrieved from /home/airflow/.local/lib/python3.8/site-packages/airflow/example_dags/example_dag_decorator.py
[2025-01-08T12:29:02.993+0000] {logging_mixin.py:188} INFO - [2025-01-08T12:29:02.993+0000] {dag.py:3036} INFO - Sync 1 DAGs
[2025-01-08T12:29:03.083+0000] {logging_mixin.py:188} INFO - [2025-01-08T12:29:03.082+0000] {dag.py:3823} INFO - Setting next_dagrun for example_dag_decorator to None, run_after=None
[2025-01-08T12:29:03.192+0000] {processor.py:183} INFO - Processing /home/airflow/.local/lib/python3.8/site-packages/airflow/example_dags/example_dag_decorator.py took 1.578 seconds
[2025-01-08T12:29:33.591+0000] {processor.py:161} INFO - Started process (PID=2055) to work on /home/airflow/.local/lib/python3.8/site-packages/airflow/example_dags/example_dag_decorator.py
[2025-01-08T12:29:33.596+0000] {processor.py:830} INFO - Processing file /home/airflow/.local/lib/python3.8/site-packages/airflow/example_dags/example_dag_decorator.py for tasks to queue
[2025-01-08T12:29:33.604+0000] {logging_mixin.py:188} INFO - [2025-01-08T12:29:33.600+0000] {dagbag.py:538} INFO - Filling up the DagBag from /home/airflow/.local/lib/python3.8/site-packages/airflow/example_dags/example_dag_decorator.py
[2025-01-08T12:29:34.278+0000] {processor.py:840} INFO - DAG(s) 'example_dag_decorator' retrieved from /home/airflow/.local/lib/python3.8/site-packages/airflow/example_dags/example_dag_decorator.py
[2025-01-08T12:29:34.316+0000] {logging_mixin.py:188} INFO - [2025-01-08T12:29:34.315+0000] {dag.py:3036} INFO - Sync 1 DAGs
[2025-01-08T12:29:34.336+0000] {logging_mixin.py:188} INFO - [2025-01-08T12:29:34.335+0000] {dag.py:3823} INFO - Setting next_dagrun for example_dag_decorator to None, run_after=None
[2025-01-08T12:29:34.365+0000] {processor.py:183} INFO - Processing /home/airflow/.local/lib/python3.8/site-packages/airflow/example_dags/example_dag_decorator.py took 0.785 seconds
[2025-01-08T12:30:04.723+0000] {processor.py:161} INFO - Started process (PID=2114) to work on /home/airflow/.local/lib/python3.8/site-packages/airflow/example_dags/example_dag_decorator.py
[2025-01-08T12:30:04.725+0000] {processor.py:830} INFO - Processing file /home/airflow/.local/lib/python3.8/site-packages/airflow/example_dags/example_dag_decorator.py for tasks to queue
[2025-01-08T12:30:04.738+0000] {logging_mixin.py:188} INFO - [2025-01-08T12:30:04.728+0000] {dagbag.py:538} INFO - Filling up the DagBag from /home/airflow/.local/lib/python3.8/site-packages/airflow/example_dags/example_dag_decorator.py
[2025-01-08T12:30:05.141+0000] {processor.py:840} INFO - DAG(s) 'example_dag_decorator' retrieved from /home/airflow/.local/lib/python3.8/site-packages/airflow/example_dags/example_dag_decorator.py
[2025-01-08T12:30:05.351+0000] {logging_mixin.py:188} INFO - [2025-01-08T12:30:05.350+0000] {dag.py:3036} INFO - Sync 1 DAGs
[2025-01-08T12:30:05.371+0000] {logging_mixin.py:188} INFO - [2025-01-08T12:30:05.371+0000] {dag.py:3823} INFO - Setting next_dagrun for example_dag_decorator to None, run_after=None
[2025-01-08T12:30:05.407+0000] {processor.py:183} INFO - Processing /home/airflow/.local/lib/python3.8/site-packages/airflow/example_dags/example_dag_decorator.py took 0.700 seconds
[2025-01-08T12:30:35.965+0000] {processor.py:161} INFO - Started process (PID=2173) to work on /home/airflow/.local/lib/python3.8/site-packages/airflow/example_dags/example_dag_decorator.py
[2025-01-08T12:30:35.967+0000] {processor.py:830} INFO - Processing file /home/airflow/.local/lib/python3.8/site-packages/airflow/example_dags/example_dag_decorator.py for tasks to queue
[2025-01-08T12:30:35.970+0000] {logging_mixin.py:188} INFO - [2025-01-08T12:30:35.970+0000] {dagbag.py:538} INFO - Filling up the DagBag from /home/airflow/.local/lib/python3.8/site-packages/airflow/example_dags/example_dag_decorator.py
[2025-01-08T12:30:36.365+0000] {processor.py:840} INFO - DAG(s) 'example_dag_decorator' retrieved from /home/airflow/.local/lib/python3.8/site-packages/airflow/example_dags/example_dag_decorator.py
[2025-01-08T12:30:36.521+0000] {logging_mixin.py:188} INFO - [2025-01-08T12:30:36.521+0000] {dag.py:3036} INFO - Sync 1 DAGs
[2025-01-08T12:30:36.537+0000] {logging_mixin.py:188} INFO - [2025-01-08T12:30:36.536+0000] {dag.py:3823} INFO - Setting next_dagrun for example_dag_decorator to None, run_after=None
[2025-01-08T12:30:36.567+0000] {processor.py:183} INFO - Processing /home/airflow/.local/lib/python3.8/site-packages/airflow/example_dags/example_dag_decorator.py took 0.609 seconds
[2025-01-08T12:31:06.975+0000] {processor.py:161} INFO - Started process (PID=2234) to work on /home/airflow/.local/lib/python3.8/site-packages/airflow/example_dags/example_dag_decorator.py
[2025-01-08T12:31:06.976+0000] {processor.py:830} INFO - Processing file /home/airflow/.local/lib/python3.8/site-packages/airflow/example_dags/example_dag_decorator.py for tasks to queue
[2025-01-08T12:31:06.981+0000] {logging_mixin.py:188} INFO - [2025-01-08T12:31:06.980+0000] {dagbag.py:538} INFO - Filling up the DagBag from /home/airflow/.local/lib/python3.8/site-packages/airflow/example_dags/example_dag_decorator.py
[2025-01-08T12:31:07.169+0000] {processor.py:840} INFO - DAG(s) 'example_dag_decorator' retrieved from /home/airflow/.local/lib/python3.8/site-packages/airflow/example_dags/example_dag_decorator.py
[2025-01-08T12:31:07.662+0000] {logging_mixin.py:188} INFO - [2025-01-08T12:31:07.662+0000] {dag.py:3036} INFO - Sync 1 DAGs
[2025-01-08T12:31:07.691+0000] {logging_mixin.py:188} INFO - [2025-01-08T12:31:07.691+0000] {dag.py:3823} INFO - Setting next_dagrun for example_dag_decorator to None, run_after=None
[2025-01-08T12:31:07.734+0000] {processor.py:183} INFO - Processing /home/airflow/.local/lib/python3.8/site-packages/airflow/example_dags/example_dag_decorator.py took 0.766 seconds
[2025-01-08T12:31:37.966+0000] {processor.py:161} INFO - Started process (PID=2293) to work on /home/airflow/.local/lib/python3.8/site-packages/airflow/example_dags/example_dag_decorator.py
[2025-01-08T12:31:37.967+0000] {processor.py:830} INFO - Processing file /home/airflow/.local/lib/python3.8/site-packages/airflow/example_dags/example_dag_decorator.py for tasks to queue
[2025-01-08T12:31:37.970+0000] {logging_mixin.py:188} INFO - [2025-01-08T12:31:37.969+0000] {dagbag.py:538} INFO - Filling up the DagBag from /home/airflow/.local/lib/python3.8/site-packages/airflow/example_dags/example_dag_decorator.py
[2025-01-08T12:31:38.325+0000] {processor.py:840} INFO - DAG(s) 'example_dag_decorator' retrieved from /home/airflow/.local/lib/python3.8/site-packages/airflow/example_dags/example_dag_decorator.py
[2025-01-08T12:31:38.552+0000] {logging_mixin.py:188} INFO - [2025-01-08T12:31:38.550+0000] {dag.py:3036} INFO - Sync 1 DAGs
[2025-01-08T12:31:38.588+0000] {logging_mixin.py:188} INFO - [2025-01-08T12:31:38.587+0000] {dag.py:3823} INFO - Setting next_dagrun for example_dag_decorator to None, run_after=None
[2025-01-08T12:31:38.624+0000] {processor.py:183} INFO - Processing /home/airflow/.local/lib/python3.8/site-packages/airflow/example_dags/example_dag_decorator.py took 0.664 seconds
[2025-01-08T12:32:08.935+0000] {processor.py:161} INFO - Started process (PID=2352) to work on /home/airflow/.local/lib/python3.8/site-packages/airflow/example_dags/example_dag_decorator.py
[2025-01-08T12:32:08.936+0000] {processor.py:830} INFO - Processing file /home/airflow/.local/lib/python3.8/site-packages/airflow/example_dags/example_dag_decorator.py for tasks to queue
[2025-01-08T12:32:08.940+0000] {logging_mixin.py:188} INFO - [2025-01-08T12:32:08.939+0000] {dagbag.py:538} INFO - Filling up the DagBag from /home/airflow/.local/lib/python3.8/site-packages/airflow/example_dags/example_dag_decorator.py
[2025-01-08T12:32:09.192+0000] {processor.py:840} INFO - DAG(s) 'example_dag_decorator' retrieved from /home/airflow/.local/lib/python3.8/site-packages/airflow/example_dags/example_dag_decorator.py
[2025-01-08T12:32:09.510+0000] {logging_mixin.py:188} INFO - [2025-01-08T12:32:09.509+0000] {dag.py:3036} INFO - Sync 1 DAGs
[2025-01-08T12:32:09.536+0000] {logging_mixin.py:188} INFO - [2025-01-08T12:32:09.536+0000] {dag.py:3823} INFO - Setting next_dagrun for example_dag_decorator to None, run_after=None
[2025-01-08T12:32:09.569+0000] {processor.py:183} INFO - Processing /home/airflow/.local/lib/python3.8/site-packages/airflow/example_dags/example_dag_decorator.py took 0.641 seconds
[2025-01-08T12:32:40.463+0000] {processor.py:161} INFO - Started process (PID=2411) to work on /home/airflow/.local/lib/python3.8/site-packages/airflow/example_dags/example_dag_decorator.py
[2025-01-08T12:32:40.465+0000] {processor.py:830} INFO - Processing file /home/airflow/.local/lib/python3.8/site-packages/airflow/example_dags/example_dag_decorator.py for tasks to queue
[2025-01-08T12:32:40.469+0000] {logging_mixin.py:188} INFO - [2025-01-08T12:32:40.469+0000] {dagbag.py:538} INFO - Filling up the DagBag from /home/airflow/.local/lib/python3.8/site-packages/airflow/example_dags/example_dag_decorator.py
[2025-01-08T12:32:40.708+0000] {processor.py:840} INFO - DAG(s) 'example_dag_decorator' retrieved from /home/airflow/.local/lib/python3.8/site-packages/airflow/example_dags/example_dag_decorator.py
[2025-01-08T12:32:40.927+0000] {logging_mixin.py:188} INFO - [2025-01-08T12:32:40.926+0000] {dag.py:3036} INFO - Sync 1 DAGs
[2025-01-08T12:32:40.953+0000] {logging_mixin.py:188} INFO - [2025-01-08T12:32:40.953+0000] {dag.py:3823} INFO - Setting next_dagrun for example_dag_decorator to None, run_after=None
[2025-01-08T12:32:40.998+0000] {processor.py:183} INFO - Processing /home/airflow/.local/lib/python3.8/site-packages/airflow/example_dags/example_dag_decorator.py took 0.542 seconds
[2025-01-08T12:33:11.624+0000] {processor.py:161} INFO - Started process (PID=2472) to work on /home/airflow/.local/lib/python3.8/site-packages/airflow/example_dags/example_dag_decorator.py
[2025-01-08T12:33:11.625+0000] {processor.py:830} INFO - Processing file /home/airflow/.local/lib/python3.8/site-packages/airflow/example_dags/example_dag_decorator.py for tasks to queue
[2025-01-08T12:33:11.628+0000] {logging_mixin.py:188} INFO - [2025-01-08T12:33:11.627+0000] {dagbag.py:538} INFO - Filling up the DagBag from /home/airflow/.local/lib/python3.8/site-packages/airflow/example_dags/example_dag_decorator.py
[2025-01-08T12:33:11.854+0000] {processor.py:840} INFO - DAG(s) 'example_dag_decorator' retrieved from /home/airflow/.local/lib/python3.8/site-packages/airflow/example_dags/example_dag_decorator.py
[2025-01-08T12:33:12.034+0000] {logging_mixin.py:188} INFO - [2025-01-08T12:33:12.034+0000] {dag.py:3036} INFO - Sync 1 DAGs
[2025-01-08T12:33:12.054+0000] {logging_mixin.py:188} INFO - [2025-01-08T12:33:12.054+0000] {dag.py:3823} INFO - Setting next_dagrun for example_dag_decorator to None, run_after=None
[2025-01-08T12:33:12.099+0000] {processor.py:183} INFO - Processing /home/airflow/.local/lib/python3.8/site-packages/airflow/example_dags/example_dag_decorator.py took 0.480 seconds
[2025-01-08T12:33:42.196+0000] {processor.py:161} INFO - Started process (PID=2532) to work on /home/airflow/.local/lib/python3.8/site-packages/airflow/example_dags/example_dag_decorator.py
[2025-01-08T12:33:42.199+0000] {processor.py:830} INFO - Processing file /home/airflow/.local/lib/python3.8/site-packages/airflow/example_dags/example_dag_decorator.py for tasks to queue
[2025-01-08T12:33:42.204+0000] {logging_mixin.py:188} INFO - [2025-01-08T12:33:42.204+0000] {dagbag.py:538} INFO - Filling up the DagBag from /home/airflow/.local/lib/python3.8/site-packages/airflow/example_dags/example_dag_decorator.py
[2025-01-08T12:33:42.555+0000] {processor.py:840} INFO - DAG(s) 'example_dag_decorator' retrieved from /home/airflow/.local/lib/python3.8/site-packages/airflow/example_dags/example_dag_decorator.py
[2025-01-08T12:33:42.803+0000] {logging_mixin.py:188} INFO - [2025-01-08T12:33:42.803+0000] {dag.py:3036} INFO - Sync 1 DAGs
[2025-01-08T12:33:42.825+0000] {logging_mixin.py:188} INFO - [2025-01-08T12:33:42.825+0000] {dag.py:3823} INFO - Setting next_dagrun for example_dag_decorator to None, run_after=None
[2025-01-08T12:33:42.860+0000] {processor.py:183} INFO - Processing /home/airflow/.local/lib/python3.8/site-packages/airflow/example_dags/example_dag_decorator.py took 0.674 seconds
