[2025-01-08T12:11:47.750+0000] {processor.py:161} INFO - Started process (PID=45) to work on /home/airflow/.local/lib/python3.8/site-packages/airflow/example_dags/example_xcomargs.py
[2025-01-08T12:11:47.760+0000] {processor.py:830} INFO - Processing file /home/airflow/.local/lib/python3.8/site-packages/airflow/example_dags/example_xcomargs.py for tasks to queue
[2025-01-08T12:11:47.765+0000] {logging_mixin.py:188} INFO - [2025-01-08T12:11:47.765+0000] {dagbag.py:538} INFO - Filling up the DagBag from /home/airflow/.local/lib/python3.8/site-packages/airflow/example_dags/example_xcomargs.py
[2025-01-08T12:11:47.962+0000] {processor.py:840} INFO - DAG(s) 'example_xcom_args', 'example_xcom_args_with_operators' retrieved from /home/airflow/.local/lib/python3.8/site-packages/airflow/example_dags/example_xcomargs.py
[2025-01-08T12:11:49.279+0000] {logging_mixin.py:188} INFO - [2025-01-08T12:11:49.278+0000] {dag.py:3036} INFO - Sync 2 DAGs
[2025-01-08T12:11:49.367+0000] {logging_mixin.py:188} INFO - [2025-01-08T12:11:49.367+0000] {dag.py:3823} INFO - Setting next_dagrun for example_xcom_args to None, run_after=None
[2025-01-08T12:11:49.417+0000] {logging_mixin.py:188} INFO - [2025-01-08T12:11:49.416+0000] {dag.py:3823} INFO - Setting next_dagrun for example_xcom_args_with_operators to None, run_after=None
[2025-01-08T12:11:49.607+0000] {processor.py:183} INFO - Processing /home/airflow/.local/lib/python3.8/site-packages/airflow/example_dags/example_xcomargs.py took 1.874 seconds
[2025-01-08T12:12:19.980+0000] {processor.py:161} INFO - Started process (PID=102) to work on /home/airflow/.local/lib/python3.8/site-packages/airflow/example_dags/example_xcomargs.py
[2025-01-08T12:12:20.001+0000] {processor.py:830} INFO - Processing file /home/airflow/.local/lib/python3.8/site-packages/airflow/example_dags/example_xcomargs.py for tasks to queue
[2025-01-08T12:12:20.017+0000] {logging_mixin.py:188} INFO - [2025-01-08T12:12:20.016+0000] {dagbag.py:538} INFO - Filling up the DagBag from /home/airflow/.local/lib/python3.8/site-packages/airflow/example_dags/example_xcomargs.py
[2025-01-08T12:12:20.063+0000] {processor.py:840} INFO - DAG(s) 'example_xcom_args', 'example_xcom_args_with_operators' retrieved from /home/airflow/.local/lib/python3.8/site-packages/airflow/example_dags/example_xcomargs.py
[2025-01-08T12:12:20.108+0000] {logging_mixin.py:188} INFO - [2025-01-08T12:12:20.108+0000] {dag.py:3036} INFO - Sync 2 DAGs
[2025-01-08T12:12:20.138+0000] {logging_mixin.py:188} INFO - [2025-01-08T12:12:20.137+0000] {dag.py:3823} INFO - Setting next_dagrun for example_xcom_args to None, run_after=None
[2025-01-08T12:12:20.145+0000] {logging_mixin.py:188} INFO - [2025-01-08T12:12:20.145+0000] {dag.py:3823} INFO - Setting next_dagrun for example_xcom_args_with_operators to None, run_after=None
[2025-01-08T12:12:20.180+0000] {processor.py:183} INFO - Processing /home/airflow/.local/lib/python3.8/site-packages/airflow/example_dags/example_xcomargs.py took 0.226 seconds
[2025-01-08T12:12:50.625+0000] {processor.py:161} INFO - Started process (PID=159) to work on /home/airflow/.local/lib/python3.8/site-packages/airflow/example_dags/example_xcomargs.py
[2025-01-08T12:12:50.627+0000] {processor.py:830} INFO - Processing file /home/airflow/.local/lib/python3.8/site-packages/airflow/example_dags/example_xcomargs.py for tasks to queue
[2025-01-08T12:12:50.631+0000] {logging_mixin.py:188} INFO - [2025-01-08T12:12:50.630+0000] {dagbag.py:538} INFO - Filling up the DagBag from /home/airflow/.local/lib/python3.8/site-packages/airflow/example_dags/example_xcomargs.py
[2025-01-08T12:12:50.651+0000] {processor.py:840} INFO - DAG(s) 'example_xcom_args_with_operators', 'example_xcom_args' retrieved from /home/airflow/.local/lib/python3.8/site-packages/airflow/example_dags/example_xcomargs.py
[2025-01-08T12:12:50.726+0000] {logging_mixin.py:188} INFO - [2025-01-08T12:12:50.726+0000] {dag.py:3036} INFO - Sync 2 DAGs
[2025-01-08T12:12:50.769+0000] {logging_mixin.py:188} INFO - [2025-01-08T12:12:50.768+0000] {dag.py:3823} INFO - Setting next_dagrun for example_xcom_args to None, run_after=None
[2025-01-08T12:12:50.788+0000] {logging_mixin.py:188} INFO - [2025-01-08T12:12:50.787+0000] {dag.py:3823} INFO - Setting next_dagrun for example_xcom_args_with_operators to None, run_after=None
[2025-01-08T12:12:50.872+0000] {processor.py:183} INFO - Processing /home/airflow/.local/lib/python3.8/site-packages/airflow/example_dags/example_xcomargs.py took 0.258 seconds
[2025-01-08T12:13:21.351+0000] {processor.py:161} INFO - Started process (PID=216) to work on /home/airflow/.local/lib/python3.8/site-packages/airflow/example_dags/example_xcomargs.py
[2025-01-08T12:13:21.363+0000] {processor.py:830} INFO - Processing file /home/airflow/.local/lib/python3.8/site-packages/airflow/example_dags/example_xcomargs.py for tasks to queue
[2025-01-08T12:13:21.368+0000] {logging_mixin.py:188} INFO - [2025-01-08T12:13:21.367+0000] {dagbag.py:538} INFO - Filling up the DagBag from /home/airflow/.local/lib/python3.8/site-packages/airflow/example_dags/example_xcomargs.py
[2025-01-08T12:13:21.399+0000] {processor.py:840} INFO - DAG(s) 'example_xcom_args_with_operators', 'example_xcom_args' retrieved from /home/airflow/.local/lib/python3.8/site-packages/airflow/example_dags/example_xcomargs.py
[2025-01-08T12:13:21.484+0000] {logging_mixin.py:188} INFO - [2025-01-08T12:13:21.484+0000] {dag.py:3036} INFO - Sync 2 DAGs
[2025-01-08T12:13:21.511+0000] {logging_mixin.py:188} INFO - [2025-01-08T12:13:21.510+0000] {dag.py:3823} INFO - Setting next_dagrun for example_xcom_args to None, run_after=None
[2025-01-08T12:13:21.527+0000] {logging_mixin.py:188} INFO - [2025-01-08T12:13:21.527+0000] {dag.py:3823} INFO - Setting next_dagrun for example_xcom_args_with_operators to None, run_after=None
[2025-01-08T12:13:21.577+0000] {processor.py:183} INFO - Processing /home/airflow/.local/lib/python3.8/site-packages/airflow/example_dags/example_xcomargs.py took 0.249 seconds
[2025-01-08T12:13:52.744+0000] {processor.py:161} INFO - Started process (PID=273) to work on /home/airflow/.local/lib/python3.8/site-packages/airflow/example_dags/example_xcomargs.py
[2025-01-08T12:13:52.746+0000] {processor.py:830} INFO - Processing file /home/airflow/.local/lib/python3.8/site-packages/airflow/example_dags/example_xcomargs.py for tasks to queue
[2025-01-08T12:13:52.752+0000] {logging_mixin.py:188} INFO - [2025-01-08T12:13:52.751+0000] {dagbag.py:538} INFO - Filling up the DagBag from /home/airflow/.local/lib/python3.8/site-packages/airflow/example_dags/example_xcomargs.py
[2025-01-08T12:13:52.780+0000] {processor.py:840} INFO - DAG(s) 'example_xcom_args_with_operators', 'example_xcom_args' retrieved from /home/airflow/.local/lib/python3.8/site-packages/airflow/example_dags/example_xcomargs.py
[2025-01-08T12:13:52.919+0000] {logging_mixin.py:188} INFO - [2025-01-08T12:13:52.918+0000] {dag.py:3036} INFO - Sync 2 DAGs
[2025-01-08T12:13:52.990+0000] {logging_mixin.py:188} INFO - [2025-01-08T12:13:52.990+0000] {dag.py:3823} INFO - Setting next_dagrun for example_xcom_args to None, run_after=None
[2025-01-08T12:13:52.999+0000] {logging_mixin.py:188} INFO - [2025-01-08T12:13:52.999+0000] {dag.py:3823} INFO - Setting next_dagrun for example_xcom_args_with_operators to None, run_after=None
[2025-01-08T12:13:53.074+0000] {processor.py:183} INFO - Processing /home/airflow/.local/lib/python3.8/site-packages/airflow/example_dags/example_xcomargs.py took 0.342 seconds
[2025-01-08T12:14:23.400+0000] {processor.py:161} INFO - Started process (PID=330) to work on /home/airflow/.local/lib/python3.8/site-packages/airflow/example_dags/example_xcomargs.py
[2025-01-08T12:14:23.402+0000] {processor.py:830} INFO - Processing file /home/airflow/.local/lib/python3.8/site-packages/airflow/example_dags/example_xcomargs.py for tasks to queue
[2025-01-08T12:14:23.405+0000] {logging_mixin.py:188} INFO - [2025-01-08T12:14:23.404+0000] {dagbag.py:538} INFO - Filling up the DagBag from /home/airflow/.local/lib/python3.8/site-packages/airflow/example_dags/example_xcomargs.py
[2025-01-08T12:14:23.416+0000] {processor.py:840} INFO - DAG(s) 'example_xcom_args_with_operators', 'example_xcom_args' retrieved from /home/airflow/.local/lib/python3.8/site-packages/airflow/example_dags/example_xcomargs.py
[2025-01-08T12:14:23.478+0000] {logging_mixin.py:188} INFO - [2025-01-08T12:14:23.478+0000] {dag.py:3036} INFO - Sync 2 DAGs
[2025-01-08T12:14:23.501+0000] {logging_mixin.py:188} INFO - [2025-01-08T12:14:23.500+0000] {dag.py:3823} INFO - Setting next_dagrun for example_xcom_args to None, run_after=None
[2025-01-08T12:14:23.506+0000] {logging_mixin.py:188} INFO - [2025-01-08T12:14:23.506+0000] {dag.py:3823} INFO - Setting next_dagrun for example_xcom_args_with_operators to None, run_after=None
[2025-01-08T12:14:23.534+0000] {processor.py:183} INFO - Processing /home/airflow/.local/lib/python3.8/site-packages/airflow/example_dags/example_xcomargs.py took 0.138 seconds
[2025-01-08T12:14:54.334+0000] {processor.py:161} INFO - Started process (PID=387) to work on /home/airflow/.local/lib/python3.8/site-packages/airflow/example_dags/example_xcomargs.py
[2025-01-08T12:14:54.336+0000] {processor.py:830} INFO - Processing file /home/airflow/.local/lib/python3.8/site-packages/airflow/example_dags/example_xcomargs.py for tasks to queue
[2025-01-08T12:14:54.340+0000] {logging_mixin.py:188} INFO - [2025-01-08T12:14:54.339+0000] {dagbag.py:538} INFO - Filling up the DagBag from /home/airflow/.local/lib/python3.8/site-packages/airflow/example_dags/example_xcomargs.py
[2025-01-08T12:14:54.352+0000] {processor.py:840} INFO - DAG(s) 'example_xcom_args', 'example_xcom_args_with_operators' retrieved from /home/airflow/.local/lib/python3.8/site-packages/airflow/example_dags/example_xcomargs.py
[2025-01-08T12:14:54.393+0000] {logging_mixin.py:188} INFO - [2025-01-08T12:14:54.393+0000] {dag.py:3036} INFO - Sync 2 DAGs
[2025-01-08T12:14:54.416+0000] {logging_mixin.py:188} INFO - [2025-01-08T12:14:54.416+0000] {dag.py:3823} INFO - Setting next_dagrun for example_xcom_args to None, run_after=None
[2025-01-08T12:14:54.425+0000] {logging_mixin.py:188} INFO - [2025-01-08T12:14:54.425+0000] {dag.py:3823} INFO - Setting next_dagrun for example_xcom_args_with_operators to None, run_after=None
[2025-01-08T12:14:54.454+0000] {processor.py:183} INFO - Processing /home/airflow/.local/lib/python3.8/site-packages/airflow/example_dags/example_xcomargs.py took 0.125 seconds
[2025-01-08T12:15:24.600+0000] {processor.py:161} INFO - Started process (PID=442) to work on /home/airflow/.local/lib/python3.8/site-packages/airflow/example_dags/example_xcomargs.py
[2025-01-08T12:15:24.601+0000] {processor.py:830} INFO - Processing file /home/airflow/.local/lib/python3.8/site-packages/airflow/example_dags/example_xcomargs.py for tasks to queue
[2025-01-08T12:15:24.605+0000] {logging_mixin.py:188} INFO - [2025-01-08T12:15:24.604+0000] {dagbag.py:538} INFO - Filling up the DagBag from /home/airflow/.local/lib/python3.8/site-packages/airflow/example_dags/example_xcomargs.py
[2025-01-08T12:15:24.618+0000] {processor.py:840} INFO - DAG(s) 'example_xcom_args', 'example_xcom_args_with_operators' retrieved from /home/airflow/.local/lib/python3.8/site-packages/airflow/example_dags/example_xcomargs.py
[2025-01-08T12:15:24.659+0000] {logging_mixin.py:188} INFO - [2025-01-08T12:15:24.658+0000] {dag.py:3036} INFO - Sync 2 DAGs
[2025-01-08T12:15:24.677+0000] {logging_mixin.py:188} INFO - [2025-01-08T12:15:24.677+0000] {dag.py:3823} INFO - Setting next_dagrun for example_xcom_args to None, run_after=None
[2025-01-08T12:15:24.683+0000] {logging_mixin.py:188} INFO - [2025-01-08T12:15:24.683+0000] {dag.py:3823} INFO - Setting next_dagrun for example_xcom_args_with_operators to None, run_after=None
[2025-01-08T12:15:24.712+0000] {processor.py:183} INFO - Processing /home/airflow/.local/lib/python3.8/site-packages/airflow/example_dags/example_xcomargs.py took 0.117 seconds
[2025-01-08T12:15:55.433+0000] {processor.py:161} INFO - Started process (PID=499) to work on /home/airflow/.local/lib/python3.8/site-packages/airflow/example_dags/example_xcomargs.py
[2025-01-08T12:15:55.436+0000] {processor.py:830} INFO - Processing file /home/airflow/.local/lib/python3.8/site-packages/airflow/example_dags/example_xcomargs.py for tasks to queue
[2025-01-08T12:15:55.446+0000] {logging_mixin.py:188} INFO - [2025-01-08T12:15:55.445+0000] {dagbag.py:538} INFO - Filling up the DagBag from /home/airflow/.local/lib/python3.8/site-packages/airflow/example_dags/example_xcomargs.py
[2025-01-08T12:15:55.475+0000] {processor.py:840} INFO - DAG(s) 'example_xcom_args', 'example_xcom_args_with_operators' retrieved from /home/airflow/.local/lib/python3.8/site-packages/airflow/example_dags/example_xcomargs.py
[2025-01-08T12:15:55.535+0000] {logging_mixin.py:188} INFO - [2025-01-08T12:15:55.534+0000] {dag.py:3036} INFO - Sync 2 DAGs
[2025-01-08T12:15:55.574+0000] {logging_mixin.py:188} INFO - [2025-01-08T12:15:55.574+0000] {dag.py:3823} INFO - Setting next_dagrun for example_xcom_args to None, run_after=None
[2025-01-08T12:15:55.586+0000] {logging_mixin.py:188} INFO - [2025-01-08T12:15:55.585+0000] {dag.py:3823} INFO - Setting next_dagrun for example_xcom_args_with_operators to None, run_after=None
[2025-01-08T12:15:55.642+0000] {processor.py:183} INFO - Processing /home/airflow/.local/lib/python3.8/site-packages/airflow/example_dags/example_xcomargs.py took 0.227 seconds
[2025-01-08T12:16:26.138+0000] {processor.py:161} INFO - Started process (PID=557) to work on /home/airflow/.local/lib/python3.8/site-packages/airflow/example_dags/example_xcomargs.py
[2025-01-08T12:16:26.140+0000] {processor.py:830} INFO - Processing file /home/airflow/.local/lib/python3.8/site-packages/airflow/example_dags/example_xcomargs.py for tasks to queue
[2025-01-08T12:16:26.143+0000] {logging_mixin.py:188} INFO - [2025-01-08T12:16:26.142+0000] {dagbag.py:538} INFO - Filling up the DagBag from /home/airflow/.local/lib/python3.8/site-packages/airflow/example_dags/example_xcomargs.py
[2025-01-08T12:16:26.161+0000] {processor.py:840} INFO - DAG(s) 'example_xcom_args_with_operators', 'example_xcom_args' retrieved from /home/airflow/.local/lib/python3.8/site-packages/airflow/example_dags/example_xcomargs.py
[2025-01-08T12:16:26.212+0000] {logging_mixin.py:188} INFO - [2025-01-08T12:16:26.211+0000] {dag.py:3036} INFO - Sync 2 DAGs
[2025-01-08T12:16:26.244+0000] {logging_mixin.py:188} INFO - [2025-01-08T12:16:26.243+0000] {dag.py:3823} INFO - Setting next_dagrun for example_xcom_args to None, run_after=None
[2025-01-08T12:16:26.256+0000] {logging_mixin.py:188} INFO - [2025-01-08T12:16:26.255+0000] {dag.py:3823} INFO - Setting next_dagrun for example_xcom_args_with_operators to None, run_after=None
[2025-01-08T12:16:26.290+0000] {processor.py:183} INFO - Processing /home/airflow/.local/lib/python3.8/site-packages/airflow/example_dags/example_xcomargs.py took 0.160 seconds
[2025-01-08T12:16:56.793+0000] {processor.py:161} INFO - Started process (PID=616) to work on /home/airflow/.local/lib/python3.8/site-packages/airflow/example_dags/example_xcomargs.py
[2025-01-08T12:16:56.795+0000] {processor.py:830} INFO - Processing file /home/airflow/.local/lib/python3.8/site-packages/airflow/example_dags/example_xcomargs.py for tasks to queue
[2025-01-08T12:16:56.799+0000] {logging_mixin.py:188} INFO - [2025-01-08T12:16:56.798+0000] {dagbag.py:538} INFO - Filling up the DagBag from /home/airflow/.local/lib/python3.8/site-packages/airflow/example_dags/example_xcomargs.py
[2025-01-08T12:16:56.820+0000] {processor.py:840} INFO - DAG(s) 'example_xcom_args_with_operators', 'example_xcom_args' retrieved from /home/airflow/.local/lib/python3.8/site-packages/airflow/example_dags/example_xcomargs.py
[2025-01-08T12:16:56.883+0000] {logging_mixin.py:188} INFO - [2025-01-08T12:16:56.882+0000] {dag.py:3036} INFO - Sync 2 DAGs
[2025-01-08T12:16:56.909+0000] {logging_mixin.py:188} INFO - [2025-01-08T12:16:56.909+0000] {dag.py:3823} INFO - Setting next_dagrun for example_xcom_args to None, run_after=None
[2025-01-08T12:16:56.915+0000] {logging_mixin.py:188} INFO - [2025-01-08T12:16:56.914+0000] {dag.py:3823} INFO - Setting next_dagrun for example_xcom_args_with_operators to None, run_after=None
[2025-01-08T12:16:56.961+0000] {processor.py:183} INFO - Processing /home/airflow/.local/lib/python3.8/site-packages/airflow/example_dags/example_xcomargs.py took 0.174 seconds
[2025-01-08T12:17:27.988+0000] {processor.py:161} INFO - Started process (PID=675) to work on /home/airflow/.local/lib/python3.8/site-packages/airflow/example_dags/example_xcomargs.py
[2025-01-08T12:17:27.990+0000] {processor.py:830} INFO - Processing file /home/airflow/.local/lib/python3.8/site-packages/airflow/example_dags/example_xcomargs.py for tasks to queue
[2025-01-08T12:17:27.995+0000] {logging_mixin.py:188} INFO - [2025-01-08T12:17:27.995+0000] {dagbag.py:538} INFO - Filling up the DagBag from /home/airflow/.local/lib/python3.8/site-packages/airflow/example_dags/example_xcomargs.py
[2025-01-08T12:17:28.013+0000] {processor.py:840} INFO - DAG(s) 'example_xcom_args_with_operators', 'example_xcom_args' retrieved from /home/airflow/.local/lib/python3.8/site-packages/airflow/example_dags/example_xcomargs.py
[2025-01-08T12:17:28.064+0000] {logging_mixin.py:188} INFO - [2025-01-08T12:17:28.063+0000] {dag.py:3036} INFO - Sync 2 DAGs
[2025-01-08T12:17:28.095+0000] {logging_mixin.py:188} INFO - [2025-01-08T12:17:28.094+0000] {dag.py:3823} INFO - Setting next_dagrun for example_xcom_args to None, run_after=None
[2025-01-08T12:17:28.106+0000] {logging_mixin.py:188} INFO - [2025-01-08T12:17:28.105+0000] {dag.py:3823} INFO - Setting next_dagrun for example_xcom_args_with_operators to None, run_after=None
[2025-01-08T12:17:28.138+0000] {processor.py:183} INFO - Processing /home/airflow/.local/lib/python3.8/site-packages/airflow/example_dags/example_xcomargs.py took 0.157 seconds
[2025-01-08T12:17:58.534+0000] {processor.py:161} INFO - Started process (PID=734) to work on /home/airflow/.local/lib/python3.8/site-packages/airflow/example_dags/example_xcomargs.py
[2025-01-08T12:17:58.536+0000] {processor.py:830} INFO - Processing file /home/airflow/.local/lib/python3.8/site-packages/airflow/example_dags/example_xcomargs.py for tasks to queue
[2025-01-08T12:17:58.545+0000] {logging_mixin.py:188} INFO - [2025-01-08T12:17:58.543+0000] {dagbag.py:538} INFO - Filling up the DagBag from /home/airflow/.local/lib/python3.8/site-packages/airflow/example_dags/example_xcomargs.py
[2025-01-08T12:17:58.569+0000] {processor.py:840} INFO - DAG(s) 'example_xcom_args', 'example_xcom_args_with_operators' retrieved from /home/airflow/.local/lib/python3.8/site-packages/airflow/example_dags/example_xcomargs.py
[2025-01-08T12:17:58.672+0000] {logging_mixin.py:188} INFO - [2025-01-08T12:17:58.671+0000] {dag.py:3036} INFO - Sync 2 DAGs
[2025-01-08T12:17:58.716+0000] {logging_mixin.py:188} INFO - [2025-01-08T12:17:58.715+0000] {dag.py:3823} INFO - Setting next_dagrun for example_xcom_args to None, run_after=None
[2025-01-08T12:17:58.729+0000] {logging_mixin.py:188} INFO - [2025-01-08T12:17:58.728+0000] {dag.py:3823} INFO - Setting next_dagrun for example_xcom_args_with_operators to None, run_after=None
[2025-01-08T12:17:58.811+0000] {processor.py:183} INFO - Processing /home/airflow/.local/lib/python3.8/site-packages/airflow/example_dags/example_xcomargs.py took 0.292 seconds
[2025-01-08T12:18:29.254+0000] {processor.py:161} INFO - Started process (PID=793) to work on /home/airflow/.local/lib/python3.8/site-packages/airflow/example_dags/example_xcomargs.py
[2025-01-08T12:18:29.256+0000] {processor.py:830} INFO - Processing file /home/airflow/.local/lib/python3.8/site-packages/airflow/example_dags/example_xcomargs.py for tasks to queue
[2025-01-08T12:18:29.259+0000] {logging_mixin.py:188} INFO - [2025-01-08T12:18:29.258+0000] {dagbag.py:538} INFO - Filling up the DagBag from /home/airflow/.local/lib/python3.8/site-packages/airflow/example_dags/example_xcomargs.py
[2025-01-08T12:18:29.278+0000] {processor.py:840} INFO - DAG(s) 'example_xcom_args', 'example_xcom_args_with_operators' retrieved from /home/airflow/.local/lib/python3.8/site-packages/airflow/example_dags/example_xcomargs.py
[2025-01-08T12:18:29.368+0000] {logging_mixin.py:188} INFO - [2025-01-08T12:18:29.367+0000] {dag.py:3036} INFO - Sync 2 DAGs
[2025-01-08T12:18:29.415+0000] {logging_mixin.py:188} INFO - [2025-01-08T12:18:29.415+0000] {dag.py:3823} INFO - Setting next_dagrun for example_xcom_args to None, run_after=None
[2025-01-08T12:18:29.424+0000] {logging_mixin.py:188} INFO - [2025-01-08T12:18:29.424+0000] {dag.py:3823} INFO - Setting next_dagrun for example_xcom_args_with_operators to None, run_after=None
[2025-01-08T12:18:29.459+0000] {processor.py:183} INFO - Processing /home/airflow/.local/lib/python3.8/site-packages/airflow/example_dags/example_xcomargs.py took 0.214 seconds
[2025-01-08T12:18:59.837+0000] {processor.py:161} INFO - Started process (PID=853) to work on /home/airflow/.local/lib/python3.8/site-packages/airflow/example_dags/example_xcomargs.py
[2025-01-08T12:18:59.839+0000] {processor.py:830} INFO - Processing file /home/airflow/.local/lib/python3.8/site-packages/airflow/example_dags/example_xcomargs.py for tasks to queue
[2025-01-08T12:18:59.845+0000] {logging_mixin.py:188} INFO - [2025-01-08T12:18:59.844+0000] {dagbag.py:538} INFO - Filling up the DagBag from /home/airflow/.local/lib/python3.8/site-packages/airflow/example_dags/example_xcomargs.py
[2025-01-08T12:18:59.869+0000] {processor.py:840} INFO - DAG(s) 'example_xcom_args_with_operators', 'example_xcom_args' retrieved from /home/airflow/.local/lib/python3.8/site-packages/airflow/example_dags/example_xcomargs.py
[2025-01-08T12:18:59.920+0000] {logging_mixin.py:188} INFO - [2025-01-08T12:18:59.919+0000] {dag.py:3036} INFO - Sync 2 DAGs
[2025-01-08T12:18:59.941+0000] {logging_mixin.py:188} INFO - [2025-01-08T12:18:59.941+0000] {dag.py:3823} INFO - Setting next_dagrun for example_xcom_args to None, run_after=None
[2025-01-08T12:18:59.958+0000] {logging_mixin.py:188} INFO - [2025-01-08T12:18:59.952+0000] {dag.py:3823} INFO - Setting next_dagrun for example_xcom_args_with_operators to None, run_after=None
[2025-01-08T12:18:59.993+0000] {processor.py:183} INFO - Processing /home/airflow/.local/lib/python3.8/site-packages/airflow/example_dags/example_xcomargs.py took 0.170 seconds
[2025-01-08T12:19:30.417+0000] {processor.py:161} INFO - Started process (PID=912) to work on /home/airflow/.local/lib/python3.8/site-packages/airflow/example_dags/example_xcomargs.py
[2025-01-08T12:19:30.420+0000] {processor.py:830} INFO - Processing file /home/airflow/.local/lib/python3.8/site-packages/airflow/example_dags/example_xcomargs.py for tasks to queue
[2025-01-08T12:19:30.424+0000] {logging_mixin.py:188} INFO - [2025-01-08T12:19:30.423+0000] {dagbag.py:538} INFO - Filling up the DagBag from /home/airflow/.local/lib/python3.8/site-packages/airflow/example_dags/example_xcomargs.py
[2025-01-08T12:19:30.446+0000] {processor.py:840} INFO - DAG(s) 'example_xcom_args_with_operators', 'example_xcom_args' retrieved from /home/airflow/.local/lib/python3.8/site-packages/airflow/example_dags/example_xcomargs.py
[2025-01-08T12:19:30.493+0000] {logging_mixin.py:188} INFO - [2025-01-08T12:19:30.493+0000] {dag.py:3036} INFO - Sync 2 DAGs
[2025-01-08T12:19:30.514+0000] {logging_mixin.py:188} INFO - [2025-01-08T12:19:30.514+0000] {dag.py:3823} INFO - Setting next_dagrun for example_xcom_args to None, run_after=None
[2025-01-08T12:19:30.522+0000] {logging_mixin.py:188} INFO - [2025-01-08T12:19:30.521+0000] {dag.py:3823} INFO - Setting next_dagrun for example_xcom_args_with_operators to None, run_after=None
[2025-01-08T12:19:30.553+0000] {processor.py:183} INFO - Processing /home/airflow/.local/lib/python3.8/site-packages/airflow/example_dags/example_xcomargs.py took 0.154 seconds
[2025-01-08T12:20:00.645+0000] {processor.py:161} INFO - Started process (PID=971) to work on /home/airflow/.local/lib/python3.8/site-packages/airflow/example_dags/example_xcomargs.py
[2025-01-08T12:20:00.646+0000] {processor.py:830} INFO - Processing file /home/airflow/.local/lib/python3.8/site-packages/airflow/example_dags/example_xcomargs.py for tasks to queue
[2025-01-08T12:20:00.651+0000] {logging_mixin.py:188} INFO - [2025-01-08T12:20:00.650+0000] {dagbag.py:538} INFO - Filling up the DagBag from /home/airflow/.local/lib/python3.8/site-packages/airflow/example_dags/example_xcomargs.py
[2025-01-08T12:20:00.665+0000] {processor.py:840} INFO - DAG(s) 'example_xcom_args_with_operators', 'example_xcom_args' retrieved from /home/airflow/.local/lib/python3.8/site-packages/airflow/example_dags/example_xcomargs.py
[2025-01-08T12:20:00.718+0000] {logging_mixin.py:188} INFO - [2025-01-08T12:20:00.717+0000] {dag.py:3036} INFO - Sync 2 DAGs
[2025-01-08T12:20:00.751+0000] {logging_mixin.py:188} INFO - [2025-01-08T12:20:00.750+0000] {dag.py:3823} INFO - Setting next_dagrun for example_xcom_args to None, run_after=None
[2025-01-08T12:20:00.759+0000] {logging_mixin.py:188} INFO - [2025-01-08T12:20:00.759+0000] {dag.py:3823} INFO - Setting next_dagrun for example_xcom_args_with_operators to None, run_after=None
[2025-01-08T12:20:00.834+0000] {processor.py:183} INFO - Processing /home/airflow/.local/lib/python3.8/site-packages/airflow/example_dags/example_xcomargs.py took 0.195 seconds
[2025-01-08T12:20:31.384+0000] {processor.py:161} INFO - Started process (PID=1030) to work on /home/airflow/.local/lib/python3.8/site-packages/airflow/example_dags/example_xcomargs.py
[2025-01-08T12:20:31.386+0000] {processor.py:830} INFO - Processing file /home/airflow/.local/lib/python3.8/site-packages/airflow/example_dags/example_xcomargs.py for tasks to queue
[2025-01-08T12:20:31.394+0000] {logging_mixin.py:188} INFO - [2025-01-08T12:20:31.394+0000] {dagbag.py:538} INFO - Filling up the DagBag from /home/airflow/.local/lib/python3.8/site-packages/airflow/example_dags/example_xcomargs.py
[2025-01-08T12:20:31.411+0000] {processor.py:840} INFO - DAG(s) 'example_xcom_args', 'example_xcom_args_with_operators' retrieved from /home/airflow/.local/lib/python3.8/site-packages/airflow/example_dags/example_xcomargs.py
[2025-01-08T12:20:31.458+0000] {logging_mixin.py:188} INFO - [2025-01-08T12:20:31.458+0000] {dag.py:3036} INFO - Sync 2 DAGs
[2025-01-08T12:20:31.482+0000] {logging_mixin.py:188} INFO - [2025-01-08T12:20:31.482+0000] {dag.py:3823} INFO - Setting next_dagrun for example_xcom_args to None, run_after=None
[2025-01-08T12:20:31.488+0000] {logging_mixin.py:188} INFO - [2025-01-08T12:20:31.488+0000] {dag.py:3823} INFO - Setting next_dagrun for example_xcom_args_with_operators to None, run_after=None
[2025-01-08T12:20:31.516+0000] {processor.py:183} INFO - Processing /home/airflow/.local/lib/python3.8/site-packages/airflow/example_dags/example_xcomargs.py took 0.139 seconds
[2025-01-08T12:21:01.933+0000] {processor.py:161} INFO - Started process (PID=1089) to work on /home/airflow/.local/lib/python3.8/site-packages/airflow/example_dags/example_xcomargs.py
[2025-01-08T12:21:01.935+0000] {processor.py:830} INFO - Processing file /home/airflow/.local/lib/python3.8/site-packages/airflow/example_dags/example_xcomargs.py for tasks to queue
[2025-01-08T12:21:01.938+0000] {logging_mixin.py:188} INFO - [2025-01-08T12:21:01.937+0000] {dagbag.py:538} INFO - Filling up the DagBag from /home/airflow/.local/lib/python3.8/site-packages/airflow/example_dags/example_xcomargs.py
[2025-01-08T12:21:01.954+0000] {processor.py:840} INFO - DAG(s) 'example_xcom_args', 'example_xcom_args_with_operators' retrieved from /home/airflow/.local/lib/python3.8/site-packages/airflow/example_dags/example_xcomargs.py
[2025-01-08T12:21:02.003+0000] {logging_mixin.py:188} INFO - [2025-01-08T12:21:02.002+0000] {dag.py:3036} INFO - Sync 2 DAGs
[2025-01-08T12:21:02.026+0000] {logging_mixin.py:188} INFO - [2025-01-08T12:21:02.025+0000] {dag.py:3823} INFO - Setting next_dagrun for example_xcom_args to None, run_after=None
[2025-01-08T12:21:02.031+0000] {logging_mixin.py:188} INFO - [2025-01-08T12:21:02.030+0000] {dag.py:3823} INFO - Setting next_dagrun for example_xcom_args_with_operators to None, run_after=None
[2025-01-08T12:21:02.058+0000] {processor.py:183} INFO - Processing /home/airflow/.local/lib/python3.8/site-packages/airflow/example_dags/example_xcomargs.py took 0.133 seconds
[2025-01-08T12:21:32.499+0000] {processor.py:161} INFO - Started process (PID=1148) to work on /home/airflow/.local/lib/python3.8/site-packages/airflow/example_dags/example_xcomargs.py
[2025-01-08T12:21:32.501+0000] {processor.py:830} INFO - Processing file /home/airflow/.local/lib/python3.8/site-packages/airflow/example_dags/example_xcomargs.py for tasks to queue
[2025-01-08T12:21:32.505+0000] {logging_mixin.py:188} INFO - [2025-01-08T12:21:32.505+0000] {dagbag.py:538} INFO - Filling up the DagBag from /home/airflow/.local/lib/python3.8/site-packages/airflow/example_dags/example_xcomargs.py
[2025-01-08T12:21:32.519+0000] {processor.py:840} INFO - DAG(s) 'example_xcom_args_with_operators', 'example_xcom_args' retrieved from /home/airflow/.local/lib/python3.8/site-packages/airflow/example_dags/example_xcomargs.py
[2025-01-08T12:21:32.569+0000] {logging_mixin.py:188} INFO - [2025-01-08T12:21:32.568+0000] {dag.py:3036} INFO - Sync 2 DAGs
[2025-01-08T12:21:32.593+0000] {logging_mixin.py:188} INFO - [2025-01-08T12:21:32.593+0000] {dag.py:3823} INFO - Setting next_dagrun for example_xcom_args to None, run_after=None
[2025-01-08T12:21:32.599+0000] {logging_mixin.py:188} INFO - [2025-01-08T12:21:32.598+0000] {dag.py:3823} INFO - Setting next_dagrun for example_xcom_args_with_operators to None, run_after=None
[2025-01-08T12:21:32.635+0000] {processor.py:183} INFO - Processing /home/airflow/.local/lib/python3.8/site-packages/airflow/example_dags/example_xcomargs.py took 0.141 seconds
[2025-01-08T12:22:03.369+0000] {processor.py:161} INFO - Started process (PID=1207) to work on /home/airflow/.local/lib/python3.8/site-packages/airflow/example_dags/example_xcomargs.py
[2025-01-08T12:22:03.393+0000] {processor.py:830} INFO - Processing file /home/airflow/.local/lib/python3.8/site-packages/airflow/example_dags/example_xcomargs.py for tasks to queue
[2025-01-08T12:22:03.397+0000] {logging_mixin.py:188} INFO - [2025-01-08T12:22:03.397+0000] {dagbag.py:538} INFO - Filling up the DagBag from /home/airflow/.local/lib/python3.8/site-packages/airflow/example_dags/example_xcomargs.py
[2025-01-08T12:22:03.438+0000] {processor.py:840} INFO - DAG(s) 'example_xcom_args_with_operators', 'example_xcom_args' retrieved from /home/airflow/.local/lib/python3.8/site-packages/airflow/example_dags/example_xcomargs.py
[2025-01-08T12:22:03.531+0000] {logging_mixin.py:188} INFO - [2025-01-08T12:22:03.531+0000] {dag.py:3036} INFO - Sync 2 DAGs
[2025-01-08T12:22:03.564+0000] {logging_mixin.py:188} INFO - [2025-01-08T12:22:03.564+0000] {dag.py:3823} INFO - Setting next_dagrun for example_xcom_args to None, run_after=None
[2025-01-08T12:22:03.570+0000] {logging_mixin.py:188} INFO - [2025-01-08T12:22:03.570+0000] {dag.py:3823} INFO - Setting next_dagrun for example_xcom_args_with_operators to None, run_after=None
[2025-01-08T12:22:03.600+0000] {processor.py:183} INFO - Processing /home/airflow/.local/lib/python3.8/site-packages/airflow/example_dags/example_xcomargs.py took 0.248 seconds
[2025-01-08T12:22:34.063+0000] {processor.py:161} INFO - Started process (PID=1266) to work on /home/airflow/.local/lib/python3.8/site-packages/airflow/example_dags/example_xcomargs.py
[2025-01-08T12:22:34.074+0000] {processor.py:830} INFO - Processing file /home/airflow/.local/lib/python3.8/site-packages/airflow/example_dags/example_xcomargs.py for tasks to queue
[2025-01-08T12:22:34.082+0000] {logging_mixin.py:188} INFO - [2025-01-08T12:22:34.081+0000] {dagbag.py:538} INFO - Filling up the DagBag from /home/airflow/.local/lib/python3.8/site-packages/airflow/example_dags/example_xcomargs.py
[2025-01-08T12:22:34.126+0000] {processor.py:840} INFO - DAG(s) 'example_xcom_args', 'example_xcom_args_with_operators' retrieved from /home/airflow/.local/lib/python3.8/site-packages/airflow/example_dags/example_xcomargs.py
[2025-01-08T12:22:34.195+0000] {logging_mixin.py:188} INFO - [2025-01-08T12:22:34.194+0000] {dag.py:3036} INFO - Sync 2 DAGs
[2025-01-08T12:22:34.277+0000] {logging_mixin.py:188} INFO - [2025-01-08T12:22:34.277+0000] {dag.py:3823} INFO - Setting next_dagrun for example_xcom_args to None, run_after=None
[2025-01-08T12:22:34.295+0000] {logging_mixin.py:188} INFO - [2025-01-08T12:22:34.294+0000] {dag.py:3823} INFO - Setting next_dagrun for example_xcom_args_with_operators to None, run_after=None
[2025-01-08T12:22:34.343+0000] {processor.py:183} INFO - Processing /home/airflow/.local/lib/python3.8/site-packages/airflow/example_dags/example_xcomargs.py took 0.286 seconds
[2025-01-08T12:23:05.414+0000] {processor.py:161} INFO - Started process (PID=1325) to work on /home/airflow/.local/lib/python3.8/site-packages/airflow/example_dags/example_xcomargs.py
[2025-01-08T12:23:05.415+0000] {processor.py:830} INFO - Processing file /home/airflow/.local/lib/python3.8/site-packages/airflow/example_dags/example_xcomargs.py for tasks to queue
[2025-01-08T12:23:05.421+0000] {logging_mixin.py:188} INFO - [2025-01-08T12:23:05.420+0000] {dagbag.py:538} INFO - Filling up the DagBag from /home/airflow/.local/lib/python3.8/site-packages/airflow/example_dags/example_xcomargs.py
[2025-01-08T12:23:05.439+0000] {processor.py:840} INFO - DAG(s) 'example_xcom_args_with_operators', 'example_xcom_args' retrieved from /home/airflow/.local/lib/python3.8/site-packages/airflow/example_dags/example_xcomargs.py
[2025-01-08T12:23:05.489+0000] {logging_mixin.py:188} INFO - [2025-01-08T12:23:05.488+0000] {dag.py:3036} INFO - Sync 2 DAGs
[2025-01-08T12:23:05.529+0000] {logging_mixin.py:188} INFO - [2025-01-08T12:23:05.528+0000] {dag.py:3823} INFO - Setting next_dagrun for example_xcom_args to None, run_after=None
[2025-01-08T12:23:05.556+0000] {logging_mixin.py:188} INFO - [2025-01-08T12:23:05.555+0000] {dag.py:3823} INFO - Setting next_dagrun for example_xcom_args_with_operators to None, run_after=None
[2025-01-08T12:23:05.623+0000] {processor.py:183} INFO - Processing /home/airflow/.local/lib/python3.8/site-packages/airflow/example_dags/example_xcomargs.py took 0.217 seconds
[2025-01-08T12:23:36.334+0000] {processor.py:161} INFO - Started process (PID=1383) to work on /home/airflow/.local/lib/python3.8/site-packages/airflow/example_dags/example_xcomargs.py
[2025-01-08T12:23:36.336+0000] {processor.py:830} INFO - Processing file /home/airflow/.local/lib/python3.8/site-packages/airflow/example_dags/example_xcomargs.py for tasks to queue
[2025-01-08T12:23:36.339+0000] {logging_mixin.py:188} INFO - [2025-01-08T12:23:36.339+0000] {dagbag.py:538} INFO - Filling up the DagBag from /home/airflow/.local/lib/python3.8/site-packages/airflow/example_dags/example_xcomargs.py
[2025-01-08T12:23:36.366+0000] {processor.py:840} INFO - DAG(s) 'example_xcom_args_with_operators', 'example_xcom_args' retrieved from /home/airflow/.local/lib/python3.8/site-packages/airflow/example_dags/example_xcomargs.py
[2025-01-08T12:23:36.436+0000] {logging_mixin.py:188} INFO - [2025-01-08T12:23:36.435+0000] {dag.py:3036} INFO - Sync 2 DAGs
[2025-01-08T12:23:36.483+0000] {logging_mixin.py:188} INFO - [2025-01-08T12:23:36.480+0000] {dag.py:3823} INFO - Setting next_dagrun for example_xcom_args to None, run_after=None
[2025-01-08T12:23:36.500+0000] {logging_mixin.py:188} INFO - [2025-01-08T12:23:36.499+0000] {dag.py:3823} INFO - Setting next_dagrun for example_xcom_args_with_operators to None, run_after=None
[2025-01-08T12:23:36.602+0000] {processor.py:183} INFO - Processing /home/airflow/.local/lib/python3.8/site-packages/airflow/example_dags/example_xcomargs.py took 0.278 seconds
[2025-01-08T12:24:07.581+0000] {processor.py:161} INFO - Started process (PID=1441) to work on /home/airflow/.local/lib/python3.8/site-packages/airflow/example_dags/example_xcomargs.py
[2025-01-08T12:24:07.591+0000] {processor.py:830} INFO - Processing file /home/airflow/.local/lib/python3.8/site-packages/airflow/example_dags/example_xcomargs.py for tasks to queue
[2025-01-08T12:24:07.613+0000] {logging_mixin.py:188} INFO - [2025-01-08T12:24:07.611+0000] {dagbag.py:538} INFO - Filling up the DagBag from /home/airflow/.local/lib/python3.8/site-packages/airflow/example_dags/example_xcomargs.py
[2025-01-08T12:24:07.643+0000] {processor.py:840} INFO - DAG(s) 'example_xcom_args_with_operators', 'example_xcom_args' retrieved from /home/airflow/.local/lib/python3.8/site-packages/airflow/example_dags/example_xcomargs.py
[2025-01-08T12:24:07.702+0000] {logging_mixin.py:188} INFO - [2025-01-08T12:24:07.701+0000] {dag.py:3036} INFO - Sync 2 DAGs
[2025-01-08T12:24:07.769+0000] {logging_mixin.py:188} INFO - [2025-01-08T12:24:07.769+0000] {dag.py:3823} INFO - Setting next_dagrun for example_xcom_args to None, run_after=None
[2025-01-08T12:24:07.782+0000] {logging_mixin.py:188} INFO - [2025-01-08T12:24:07.781+0000] {dag.py:3823} INFO - Setting next_dagrun for example_xcom_args_with_operators to None, run_after=None
[2025-01-08T12:24:07.841+0000] {processor.py:183} INFO - Processing /home/airflow/.local/lib/python3.8/site-packages/airflow/example_dags/example_xcomargs.py took 0.280 seconds
[2025-01-08T12:24:38.294+0000] {processor.py:161} INFO - Started process (PID=1501) to work on /home/airflow/.local/lib/python3.8/site-packages/airflow/example_dags/example_xcomargs.py
[2025-01-08T12:24:38.297+0000] {processor.py:830} INFO - Processing file /home/airflow/.local/lib/python3.8/site-packages/airflow/example_dags/example_xcomargs.py for tasks to queue
[2025-01-08T12:24:38.302+0000] {logging_mixin.py:188} INFO - [2025-01-08T12:24:38.301+0000] {dagbag.py:538} INFO - Filling up the DagBag from /home/airflow/.local/lib/python3.8/site-packages/airflow/example_dags/example_xcomargs.py
[2025-01-08T12:24:38.317+0000] {processor.py:840} INFO - DAG(s) 'example_xcom_args', 'example_xcom_args_with_operators' retrieved from /home/airflow/.local/lib/python3.8/site-packages/airflow/example_dags/example_xcomargs.py
[2025-01-08T12:24:38.349+0000] {logging_mixin.py:188} INFO - [2025-01-08T12:24:38.349+0000] {dag.py:3036} INFO - Sync 2 DAGs
[2025-01-08T12:24:38.370+0000] {logging_mixin.py:188} INFO - [2025-01-08T12:24:38.370+0000] {dag.py:3823} INFO - Setting next_dagrun for example_xcom_args to None, run_after=None
[2025-01-08T12:24:38.376+0000] {logging_mixin.py:188} INFO - [2025-01-08T12:24:38.375+0000] {dag.py:3823} INFO - Setting next_dagrun for example_xcom_args_with_operators to None, run_after=None
[2025-01-08T12:24:38.402+0000] {processor.py:183} INFO - Processing /home/airflow/.local/lib/python3.8/site-packages/airflow/example_dags/example_xcomargs.py took 0.117 seconds
[2025-01-08T12:25:09.352+0000] {processor.py:161} INFO - Started process (PID=1560) to work on /home/airflow/.local/lib/python3.8/site-packages/airflow/example_dags/example_xcomargs.py
[2025-01-08T12:25:09.362+0000] {processor.py:830} INFO - Processing file /home/airflow/.local/lib/python3.8/site-packages/airflow/example_dags/example_xcomargs.py for tasks to queue
[2025-01-08T12:25:09.366+0000] {logging_mixin.py:188} INFO - [2025-01-08T12:25:09.365+0000] {dagbag.py:538} INFO - Filling up the DagBag from /home/airflow/.local/lib/python3.8/site-packages/airflow/example_dags/example_xcomargs.py
[2025-01-08T12:25:09.388+0000] {processor.py:840} INFO - DAG(s) 'example_xcom_args_with_operators', 'example_xcom_args' retrieved from /home/airflow/.local/lib/python3.8/site-packages/airflow/example_dags/example_xcomargs.py
[2025-01-08T12:25:09.432+0000] {logging_mixin.py:188} INFO - [2025-01-08T12:25:09.432+0000] {dag.py:3036} INFO - Sync 2 DAGs
[2025-01-08T12:25:09.468+0000] {logging_mixin.py:188} INFO - [2025-01-08T12:25:09.468+0000] {dag.py:3823} INFO - Setting next_dagrun for example_xcom_args to None, run_after=None
[2025-01-08T12:25:09.475+0000] {logging_mixin.py:188} INFO - [2025-01-08T12:25:09.474+0000] {dag.py:3823} INFO - Setting next_dagrun for example_xcom_args_with_operators to None, run_after=None
[2025-01-08T12:25:09.508+0000] {processor.py:183} INFO - Processing /home/airflow/.local/lib/python3.8/site-packages/airflow/example_dags/example_xcomargs.py took 0.164 seconds
[2025-01-08T12:25:39.788+0000] {processor.py:161} INFO - Started process (PID=1619) to work on /home/airflow/.local/lib/python3.8/site-packages/airflow/example_dags/example_xcomargs.py
[2025-01-08T12:25:39.790+0000] {processor.py:830} INFO - Processing file /home/airflow/.local/lib/python3.8/site-packages/airflow/example_dags/example_xcomargs.py for tasks to queue
[2025-01-08T12:25:39.795+0000] {logging_mixin.py:188} INFO - [2025-01-08T12:25:39.794+0000] {dagbag.py:538} INFO - Filling up the DagBag from /home/airflow/.local/lib/python3.8/site-packages/airflow/example_dags/example_xcomargs.py
[2025-01-08T12:25:39.813+0000] {processor.py:840} INFO - DAG(s) 'example_xcom_args_with_operators', 'example_xcom_args' retrieved from /home/airflow/.local/lib/python3.8/site-packages/airflow/example_dags/example_xcomargs.py
[2025-01-08T12:25:39.865+0000] {logging_mixin.py:188} INFO - [2025-01-08T12:25:39.865+0000] {dag.py:3036} INFO - Sync 2 DAGs
[2025-01-08T12:25:39.893+0000] {logging_mixin.py:188} INFO - [2025-01-08T12:25:39.893+0000] {dag.py:3823} INFO - Setting next_dagrun for example_xcom_args to None, run_after=None
[2025-01-08T12:25:39.898+0000] {logging_mixin.py:188} INFO - [2025-01-08T12:25:39.898+0000] {dag.py:3823} INFO - Setting next_dagrun for example_xcom_args_with_operators to None, run_after=None
[2025-01-08T12:25:39.934+0000] {processor.py:183} INFO - Processing /home/airflow/.local/lib/python3.8/site-packages/airflow/example_dags/example_xcomargs.py took 0.154 seconds
[2025-01-08T12:26:10.488+0000] {processor.py:161} INFO - Started process (PID=1678) to work on /home/airflow/.local/lib/python3.8/site-packages/airflow/example_dags/example_xcomargs.py
[2025-01-08T12:26:10.491+0000] {processor.py:830} INFO - Processing file /home/airflow/.local/lib/python3.8/site-packages/airflow/example_dags/example_xcomargs.py for tasks to queue
[2025-01-08T12:26:10.496+0000] {logging_mixin.py:188} INFO - [2025-01-08T12:26:10.495+0000] {dagbag.py:538} INFO - Filling up the DagBag from /home/airflow/.local/lib/python3.8/site-packages/airflow/example_dags/example_xcomargs.py
[2025-01-08T12:26:10.510+0000] {processor.py:840} INFO - DAG(s) 'example_xcom_args', 'example_xcom_args_with_operators' retrieved from /home/airflow/.local/lib/python3.8/site-packages/airflow/example_dags/example_xcomargs.py
[2025-01-08T12:26:10.547+0000] {logging_mixin.py:188} INFO - [2025-01-08T12:26:10.546+0000] {dag.py:3036} INFO - Sync 2 DAGs
[2025-01-08T12:26:10.569+0000] {logging_mixin.py:188} INFO - [2025-01-08T12:26:10.569+0000] {dag.py:3823} INFO - Setting next_dagrun for example_xcom_args to None, run_after=None
[2025-01-08T12:26:10.575+0000] {logging_mixin.py:188} INFO - [2025-01-08T12:26:10.574+0000] {dag.py:3823} INFO - Setting next_dagrun for example_xcom_args_with_operators to None, run_after=None
[2025-01-08T12:26:10.602+0000] {processor.py:183} INFO - Processing /home/airflow/.local/lib/python3.8/site-packages/airflow/example_dags/example_xcomargs.py took 0.127 seconds
[2025-01-08T12:26:41.513+0000] {processor.py:161} INFO - Started process (PID=1737) to work on /home/airflow/.local/lib/python3.8/site-packages/airflow/example_dags/example_xcomargs.py
[2025-01-08T12:26:41.528+0000] {processor.py:830} INFO - Processing file /home/airflow/.local/lib/python3.8/site-packages/airflow/example_dags/example_xcomargs.py for tasks to queue
[2025-01-08T12:26:41.564+0000] {logging_mixin.py:188} INFO - [2025-01-08T12:26:41.563+0000] {dagbag.py:538} INFO - Filling up the DagBag from /home/airflow/.local/lib/python3.8/site-packages/airflow/example_dags/example_xcomargs.py
[2025-01-08T12:26:41.628+0000] {processor.py:840} INFO - DAG(s) 'example_xcom_args_with_operators', 'example_xcom_args' retrieved from /home/airflow/.local/lib/python3.8/site-packages/airflow/example_dags/example_xcomargs.py
[2025-01-08T12:26:41.788+0000] {logging_mixin.py:188} INFO - [2025-01-08T12:26:41.787+0000] {dag.py:3036} INFO - Sync 2 DAGs
[2025-01-08T12:26:41.887+0000] {logging_mixin.py:188} INFO - [2025-01-08T12:26:41.886+0000] {dag.py:3823} INFO - Setting next_dagrun for example_xcom_args to None, run_after=None
[2025-01-08T12:26:41.918+0000] {logging_mixin.py:188} INFO - [2025-01-08T12:26:41.917+0000] {dag.py:3823} INFO - Setting next_dagrun for example_xcom_args_with_operators to None, run_after=None
[2025-01-08T12:26:42.053+0000] {processor.py:183} INFO - Processing /home/airflow/.local/lib/python3.8/site-packages/airflow/example_dags/example_xcomargs.py took 0.556 seconds
[2025-01-08T12:27:12.701+0000] {processor.py:161} INFO - Started process (PID=1796) to work on /home/airflow/.local/lib/python3.8/site-packages/airflow/example_dags/example_xcomargs.py
[2025-01-08T12:27:12.716+0000] {processor.py:830} INFO - Processing file /home/airflow/.local/lib/python3.8/site-packages/airflow/example_dags/example_xcomargs.py for tasks to queue
[2025-01-08T12:27:12.725+0000] {logging_mixin.py:188} INFO - [2025-01-08T12:27:12.724+0000] {dagbag.py:538} INFO - Filling up the DagBag from /home/airflow/.local/lib/python3.8/site-packages/airflow/example_dags/example_xcomargs.py
[2025-01-08T12:27:12.778+0000] {processor.py:840} INFO - DAG(s) 'example_xcom_args', 'example_xcom_args_with_operators' retrieved from /home/airflow/.local/lib/python3.8/site-packages/airflow/example_dags/example_xcomargs.py
[2025-01-08T12:27:12.943+0000] {logging_mixin.py:188} INFO - [2025-01-08T12:27:12.942+0000] {dag.py:3036} INFO - Sync 2 DAGs
[2025-01-08T12:27:13.018+0000] {logging_mixin.py:188} INFO - [2025-01-08T12:27:13.018+0000] {dag.py:3823} INFO - Setting next_dagrun for example_xcom_args to None, run_after=None
[2025-01-08T12:27:13.036+0000] {logging_mixin.py:188} INFO - [2025-01-08T12:27:13.036+0000] {dag.py:3823} INFO - Setting next_dagrun for example_xcom_args_with_operators to None, run_after=None
[2025-01-08T12:27:13.180+0000] {processor.py:183} INFO - Processing /home/airflow/.local/lib/python3.8/site-packages/airflow/example_dags/example_xcomargs.py took 0.487 seconds
[2025-01-08T12:27:43.644+0000] {processor.py:161} INFO - Started process (PID=1855) to work on /home/airflow/.local/lib/python3.8/site-packages/airflow/example_dags/example_xcomargs.py
[2025-01-08T12:27:43.648+0000] {processor.py:830} INFO - Processing file /home/airflow/.local/lib/python3.8/site-packages/airflow/example_dags/example_xcomargs.py for tasks to queue
[2025-01-08T12:27:43.654+0000] {logging_mixin.py:188} INFO - [2025-01-08T12:27:43.654+0000] {dagbag.py:538} INFO - Filling up the DagBag from /home/airflow/.local/lib/python3.8/site-packages/airflow/example_dags/example_xcomargs.py
[2025-01-08T12:27:43.676+0000] {processor.py:840} INFO - DAG(s) 'example_xcom_args', 'example_xcom_args_with_operators' retrieved from /home/airflow/.local/lib/python3.8/site-packages/airflow/example_dags/example_xcomargs.py
[2025-01-08T12:27:43.734+0000] {logging_mixin.py:188} INFO - [2025-01-08T12:27:43.734+0000] {dag.py:3036} INFO - Sync 2 DAGs
[2025-01-08T12:27:43.771+0000] {logging_mixin.py:188} INFO - [2025-01-08T12:27:43.770+0000] {dag.py:3823} INFO - Setting next_dagrun for example_xcom_args to None, run_after=None
[2025-01-08T12:27:43.787+0000] {logging_mixin.py:188} INFO - [2025-01-08T12:27:43.786+0000] {dag.py:3823} INFO - Setting next_dagrun for example_xcom_args_with_operators to None, run_after=None
[2025-01-08T12:27:43.855+0000] {processor.py:183} INFO - Processing /home/airflow/.local/lib/python3.8/site-packages/airflow/example_dags/example_xcomargs.py took 0.223 seconds
[2025-01-08T12:28:14.489+0000] {processor.py:161} INFO - Started process (PID=1915) to work on /home/airflow/.local/lib/python3.8/site-packages/airflow/example_dags/example_xcomargs.py
[2025-01-08T12:28:14.495+0000] {processor.py:830} INFO - Processing file /home/airflow/.local/lib/python3.8/site-packages/airflow/example_dags/example_xcomargs.py for tasks to queue
[2025-01-08T12:28:14.509+0000] {logging_mixin.py:188} INFO - [2025-01-08T12:28:14.507+0000] {dagbag.py:538} INFO - Filling up the DagBag from /home/airflow/.local/lib/python3.8/site-packages/airflow/example_dags/example_xcomargs.py
[2025-01-08T12:28:14.558+0000] {processor.py:840} INFO - DAG(s) 'example_xcom_args', 'example_xcom_args_with_operators' retrieved from /home/airflow/.local/lib/python3.8/site-packages/airflow/example_dags/example_xcomargs.py
[2025-01-08T12:28:14.618+0000] {logging_mixin.py:188} INFO - [2025-01-08T12:28:14.618+0000] {dag.py:3036} INFO - Sync 2 DAGs
[2025-01-08T12:28:14.650+0000] {logging_mixin.py:188} INFO - [2025-01-08T12:28:14.649+0000] {dag.py:3823} INFO - Setting next_dagrun for example_xcom_args to None, run_after=None
[2025-01-08T12:28:14.660+0000] {logging_mixin.py:188} INFO - [2025-01-08T12:28:14.660+0000] {dag.py:3823} INFO - Setting next_dagrun for example_xcom_args_with_operators to None, run_after=None
[2025-01-08T12:28:14.696+0000] {processor.py:183} INFO - Processing /home/airflow/.local/lib/python3.8/site-packages/airflow/example_dags/example_xcomargs.py took 0.231 seconds
[2025-01-08T12:28:45.488+0000] {processor.py:161} INFO - Started process (PID=1974) to work on /home/airflow/.local/lib/python3.8/site-packages/airflow/example_dags/example_xcomargs.py
[2025-01-08T12:28:45.490+0000] {processor.py:830} INFO - Processing file /home/airflow/.local/lib/python3.8/site-packages/airflow/example_dags/example_xcomargs.py for tasks to queue
[2025-01-08T12:28:45.493+0000] {logging_mixin.py:188} INFO - [2025-01-08T12:28:45.493+0000] {dagbag.py:538} INFO - Filling up the DagBag from /home/airflow/.local/lib/python3.8/site-packages/airflow/example_dags/example_xcomargs.py
[2025-01-08T12:28:45.506+0000] {processor.py:840} INFO - DAG(s) 'example_xcom_args', 'example_xcom_args_with_operators' retrieved from /home/airflow/.local/lib/python3.8/site-packages/airflow/example_dags/example_xcomargs.py
[2025-01-08T12:28:45.545+0000] {logging_mixin.py:188} INFO - [2025-01-08T12:28:45.545+0000] {dag.py:3036} INFO - Sync 2 DAGs
[2025-01-08T12:28:45.568+0000] {logging_mixin.py:188} INFO - [2025-01-08T12:28:45.567+0000] {dag.py:3823} INFO - Setting next_dagrun for example_xcom_args to None, run_after=None
[2025-01-08T12:28:45.573+0000] {logging_mixin.py:188} INFO - [2025-01-08T12:28:45.573+0000] {dag.py:3823} INFO - Setting next_dagrun for example_xcom_args_with_operators to None, run_after=None
[2025-01-08T12:28:45.599+0000] {processor.py:183} INFO - Processing /home/airflow/.local/lib/python3.8/site-packages/airflow/example_dags/example_xcomargs.py took 0.117 seconds
[2025-01-08T12:29:15.935+0000] {processor.py:161} INFO - Started process (PID=2032) to work on /home/airflow/.local/lib/python3.8/site-packages/airflow/example_dags/example_xcomargs.py
[2025-01-08T12:29:15.937+0000] {processor.py:830} INFO - Processing file /home/airflow/.local/lib/python3.8/site-packages/airflow/example_dags/example_xcomargs.py for tasks to queue
[2025-01-08T12:29:15.941+0000] {logging_mixin.py:188} INFO - [2025-01-08T12:29:15.940+0000] {dagbag.py:538} INFO - Filling up the DagBag from /home/airflow/.local/lib/python3.8/site-packages/airflow/example_dags/example_xcomargs.py
[2025-01-08T12:29:15.958+0000] {processor.py:840} INFO - DAG(s) 'example_xcom_args_with_operators', 'example_xcom_args' retrieved from /home/airflow/.local/lib/python3.8/site-packages/airflow/example_dags/example_xcomargs.py
[2025-01-08T12:29:16.000+0000] {logging_mixin.py:188} INFO - [2025-01-08T12:29:16.000+0000] {dag.py:3036} INFO - Sync 2 DAGs
[2025-01-08T12:29:16.022+0000] {logging_mixin.py:188} INFO - [2025-01-08T12:29:16.022+0000] {dag.py:3823} INFO - Setting next_dagrun for example_xcom_args to None, run_after=None
[2025-01-08T12:29:16.027+0000] {logging_mixin.py:188} INFO - [2025-01-08T12:29:16.027+0000] {dag.py:3823} INFO - Setting next_dagrun for example_xcom_args_with_operators to None, run_after=None
[2025-01-08T12:29:16.055+0000] {processor.py:183} INFO - Processing /home/airflow/.local/lib/python3.8/site-packages/airflow/example_dags/example_xcomargs.py took 0.128 seconds
[2025-01-08T12:29:46.945+0000] {processor.py:161} INFO - Started process (PID=2090) to work on /home/airflow/.local/lib/python3.8/site-packages/airflow/example_dags/example_xcomargs.py
[2025-01-08T12:29:46.947+0000] {processor.py:830} INFO - Processing file /home/airflow/.local/lib/python3.8/site-packages/airflow/example_dags/example_xcomargs.py for tasks to queue
[2025-01-08T12:29:46.951+0000] {logging_mixin.py:188} INFO - [2025-01-08T12:29:46.950+0000] {dagbag.py:538} INFO - Filling up the DagBag from /home/airflow/.local/lib/python3.8/site-packages/airflow/example_dags/example_xcomargs.py
[2025-01-08T12:29:46.968+0000] {processor.py:840} INFO - DAG(s) 'example_xcom_args', 'example_xcom_args_with_operators' retrieved from /home/airflow/.local/lib/python3.8/site-packages/airflow/example_dags/example_xcomargs.py
[2025-01-08T12:29:47.021+0000] {logging_mixin.py:188} INFO - [2025-01-08T12:29:47.021+0000] {dag.py:3036} INFO - Sync 2 DAGs
[2025-01-08T12:29:47.056+0000] {logging_mixin.py:188} INFO - [2025-01-08T12:29:47.056+0000] {dag.py:3823} INFO - Setting next_dagrun for example_xcom_args to None, run_after=None
[2025-01-08T12:29:47.065+0000] {logging_mixin.py:188} INFO - [2025-01-08T12:29:47.064+0000] {dag.py:3823} INFO - Setting next_dagrun for example_xcom_args_with_operators to None, run_after=None
[2025-01-08T12:29:47.119+0000] {processor.py:183} INFO - Processing /home/airflow/.local/lib/python3.8/site-packages/airflow/example_dags/example_xcomargs.py took 0.182 seconds
[2025-01-08T12:30:17.993+0000] {processor.py:161} INFO - Started process (PID=2150) to work on /home/airflow/.local/lib/python3.8/site-packages/airflow/example_dags/example_xcomargs.py
[2025-01-08T12:30:17.995+0000] {processor.py:830} INFO - Processing file /home/airflow/.local/lib/python3.8/site-packages/airflow/example_dags/example_xcomargs.py for tasks to queue
[2025-01-08T12:30:17.999+0000] {logging_mixin.py:188} INFO - [2025-01-08T12:30:17.998+0000] {dagbag.py:538} INFO - Filling up the DagBag from /home/airflow/.local/lib/python3.8/site-packages/airflow/example_dags/example_xcomargs.py
[2025-01-08T12:30:18.018+0000] {processor.py:840} INFO - DAG(s) 'example_xcom_args_with_operators', 'example_xcom_args' retrieved from /home/airflow/.local/lib/python3.8/site-packages/airflow/example_dags/example_xcomargs.py
[2025-01-08T12:30:18.054+0000] {logging_mixin.py:188} INFO - [2025-01-08T12:30:18.054+0000] {dag.py:3036} INFO - Sync 2 DAGs
[2025-01-08T12:30:18.218+0000] {logging_mixin.py:188} INFO - [2025-01-08T12:30:18.218+0000] {dag.py:3823} INFO - Setting next_dagrun for example_xcom_args to None, run_after=None
[2025-01-08T12:30:18.224+0000] {logging_mixin.py:188} INFO - [2025-01-08T12:30:18.224+0000] {dag.py:3823} INFO - Setting next_dagrun for example_xcom_args_with_operators to None, run_after=None
[2025-01-08T12:30:18.253+0000] {processor.py:183} INFO - Processing /home/airflow/.local/lib/python3.8/site-packages/airflow/example_dags/example_xcomargs.py took 0.265 seconds
[2025-01-08T12:30:48.911+0000] {processor.py:161} INFO - Started process (PID=2214) to work on /home/airflow/.local/lib/python3.8/site-packages/airflow/example_dags/example_xcomargs.py
[2025-01-08T12:30:48.913+0000] {processor.py:830} INFO - Processing file /home/airflow/.local/lib/python3.8/site-packages/airflow/example_dags/example_xcomargs.py for tasks to queue
[2025-01-08T12:30:48.916+0000] {logging_mixin.py:188} INFO - [2025-01-08T12:30:48.916+0000] {dagbag.py:538} INFO - Filling up the DagBag from /home/airflow/.local/lib/python3.8/site-packages/airflow/example_dags/example_xcomargs.py
[2025-01-08T12:30:48.932+0000] {processor.py:840} INFO - DAG(s) 'example_xcom_args_with_operators', 'example_xcom_args' retrieved from /home/airflow/.local/lib/python3.8/site-packages/airflow/example_dags/example_xcomargs.py
[2025-01-08T12:30:48.994+0000] {logging_mixin.py:188} INFO - [2025-01-08T12:30:48.993+0000] {dag.py:3036} INFO - Sync 2 DAGs
[2025-01-08T12:30:49.225+0000] {logging_mixin.py:188} INFO - [2025-01-08T12:30:49.225+0000] {dag.py:3823} INFO - Setting next_dagrun for example_xcom_args to None, run_after=None
[2025-01-08T12:30:49.230+0000] {logging_mixin.py:188} INFO - [2025-01-08T12:30:49.229+0000] {dag.py:3823} INFO - Setting next_dagrun for example_xcom_args_with_operators to None, run_after=None
[2025-01-08T12:30:49.257+0000] {processor.py:183} INFO - Processing /home/airflow/.local/lib/python3.8/site-packages/airflow/example_dags/example_xcomargs.py took 0.351 seconds
[2025-01-08T12:31:19.891+0000] {processor.py:161} INFO - Started process (PID=2272) to work on /home/airflow/.local/lib/python3.8/site-packages/airflow/example_dags/example_xcomargs.py
[2025-01-08T12:31:19.892+0000] {processor.py:830} INFO - Processing file /home/airflow/.local/lib/python3.8/site-packages/airflow/example_dags/example_xcomargs.py for tasks to queue
[2025-01-08T12:31:19.908+0000] {logging_mixin.py:188} INFO - [2025-01-08T12:31:19.898+0000] {dagbag.py:538} INFO - Filling up the DagBag from /home/airflow/.local/lib/python3.8/site-packages/airflow/example_dags/example_xcomargs.py
[2025-01-08T12:31:19.928+0000] {processor.py:840} INFO - DAG(s) 'example_xcom_args_with_operators', 'example_xcom_args' retrieved from /home/airflow/.local/lib/python3.8/site-packages/airflow/example_dags/example_xcomargs.py
[2025-01-08T12:31:20.001+0000] {logging_mixin.py:188} INFO - [2025-01-08T12:31:20.000+0000] {dag.py:3036} INFO - Sync 2 DAGs
[2025-01-08T12:31:20.039+0000] {logging_mixin.py:188} INFO - [2025-01-08T12:31:20.039+0000] {dag.py:3823} INFO - Setting next_dagrun for example_xcom_args to None, run_after=None
[2025-01-08T12:31:20.049+0000] {logging_mixin.py:188} INFO - [2025-01-08T12:31:20.049+0000] {dag.py:3823} INFO - Setting next_dagrun for example_xcom_args_with_operators to None, run_after=None
[2025-01-08T12:31:20.095+0000] {processor.py:183} INFO - Processing /home/airflow/.local/lib/python3.8/site-packages/airflow/example_dags/example_xcomargs.py took 0.218 seconds
[2025-01-08T12:31:50.894+0000] {processor.py:161} INFO - Started process (PID=2331) to work on /home/airflow/.local/lib/python3.8/site-packages/airflow/example_dags/example_xcomargs.py
[2025-01-08T12:31:50.897+0000] {processor.py:830} INFO - Processing file /home/airflow/.local/lib/python3.8/site-packages/airflow/example_dags/example_xcomargs.py for tasks to queue
[2025-01-08T12:31:50.905+0000] {logging_mixin.py:188} INFO - [2025-01-08T12:31:50.904+0000] {dagbag.py:538} INFO - Filling up the DagBag from /home/airflow/.local/lib/python3.8/site-packages/airflow/example_dags/example_xcomargs.py
[2025-01-08T12:31:50.932+0000] {processor.py:840} INFO - DAG(s) 'example_xcom_args_with_operators', 'example_xcom_args' retrieved from /home/airflow/.local/lib/python3.8/site-packages/airflow/example_dags/example_xcomargs.py
[2025-01-08T12:31:50.974+0000] {logging_mixin.py:188} INFO - [2025-01-08T12:31:50.974+0000] {dag.py:3036} INFO - Sync 2 DAGs
[2025-01-08T12:31:50.992+0000] {logging_mixin.py:188} INFO - [2025-01-08T12:31:50.992+0000] {dag.py:3823} INFO - Setting next_dagrun for example_xcom_args to None, run_after=None
[2025-01-08T12:31:50.998+0000] {logging_mixin.py:188} INFO - [2025-01-08T12:31:50.998+0000] {dag.py:3823} INFO - Setting next_dagrun for example_xcom_args_with_operators to None, run_after=None
[2025-01-08T12:31:51.026+0000] {processor.py:183} INFO - Processing /home/airflow/.local/lib/python3.8/site-packages/airflow/example_dags/example_xcomargs.py took 0.144 seconds
[2025-01-08T12:32:21.757+0000] {processor.py:161} INFO - Started process (PID=2390) to work on /home/airflow/.local/lib/python3.8/site-packages/airflow/example_dags/example_xcomargs.py
[2025-01-08T12:32:21.758+0000] {processor.py:830} INFO - Processing file /home/airflow/.local/lib/python3.8/site-packages/airflow/example_dags/example_xcomargs.py for tasks to queue
[2025-01-08T12:32:21.763+0000] {logging_mixin.py:188} INFO - [2025-01-08T12:32:21.761+0000] {dagbag.py:538} INFO - Filling up the DagBag from /home/airflow/.local/lib/python3.8/site-packages/airflow/example_dags/example_xcomargs.py
[2025-01-08T12:32:21.782+0000] {processor.py:840} INFO - DAG(s) 'example_xcom_args_with_operators', 'example_xcom_args' retrieved from /home/airflow/.local/lib/python3.8/site-packages/airflow/example_dags/example_xcomargs.py
[2025-01-08T12:32:21.838+0000] {logging_mixin.py:188} INFO - [2025-01-08T12:32:21.837+0000] {dag.py:3036} INFO - Sync 2 DAGs
[2025-01-08T12:32:21.860+0000] {logging_mixin.py:188} INFO - [2025-01-08T12:32:21.859+0000] {dag.py:3823} INFO - Setting next_dagrun for example_xcom_args to None, run_after=None
[2025-01-08T12:32:21.865+0000] {logging_mixin.py:188} INFO - [2025-01-08T12:32:21.865+0000] {dag.py:3823} INFO - Setting next_dagrun for example_xcom_args_with_operators to None, run_after=None
[2025-01-08T12:32:21.891+0000] {processor.py:183} INFO - Processing /home/airflow/.local/lib/python3.8/site-packages/airflow/example_dags/example_xcomargs.py took 0.140 seconds
[2025-01-08T12:32:52.639+0000] {processor.py:161} INFO - Started process (PID=2449) to work on /home/airflow/.local/lib/python3.8/site-packages/airflow/example_dags/example_xcomargs.py
[2025-01-08T12:32:52.640+0000] {processor.py:830} INFO - Processing file /home/airflow/.local/lib/python3.8/site-packages/airflow/example_dags/example_xcomargs.py for tasks to queue
[2025-01-08T12:32:52.643+0000] {logging_mixin.py:188} INFO - [2025-01-08T12:32:52.642+0000] {dagbag.py:538} INFO - Filling up the DagBag from /home/airflow/.local/lib/python3.8/site-packages/airflow/example_dags/example_xcomargs.py
[2025-01-08T12:32:52.654+0000] {processor.py:840} INFO - DAG(s) 'example_xcom_args', 'example_xcom_args_with_operators' retrieved from /home/airflow/.local/lib/python3.8/site-packages/airflow/example_dags/example_xcomargs.py
[2025-01-08T12:32:52.693+0000] {logging_mixin.py:188} INFO - [2025-01-08T12:32:52.692+0000] {dag.py:3036} INFO - Sync 2 DAGs
[2025-01-08T12:32:52.712+0000] {logging_mixin.py:188} INFO - [2025-01-08T12:32:52.711+0000] {dag.py:3823} INFO - Setting next_dagrun for example_xcom_args to None, run_after=None
[2025-01-08T12:32:52.719+0000] {logging_mixin.py:188} INFO - [2025-01-08T12:32:52.718+0000] {dag.py:3823} INFO - Setting next_dagrun for example_xcom_args_with_operators to None, run_after=None
[2025-01-08T12:32:52.750+0000] {processor.py:183} INFO - Processing /home/airflow/.local/lib/python3.8/site-packages/airflow/example_dags/example_xcomargs.py took 0.117 seconds
[2025-01-08T12:33:23.086+0000] {processor.py:161} INFO - Started process (PID=2506) to work on /home/airflow/.local/lib/python3.8/site-packages/airflow/example_dags/example_xcomargs.py
[2025-01-08T12:33:23.087+0000] {processor.py:830} INFO - Processing file /home/airflow/.local/lib/python3.8/site-packages/airflow/example_dags/example_xcomargs.py for tasks to queue
[2025-01-08T12:33:23.090+0000] {logging_mixin.py:188} INFO - [2025-01-08T12:33:23.090+0000] {dagbag.py:538} INFO - Filling up the DagBag from /home/airflow/.local/lib/python3.8/site-packages/airflow/example_dags/example_xcomargs.py
[2025-01-08T12:33:23.110+0000] {processor.py:840} INFO - DAG(s) 'example_xcom_args', 'example_xcom_args_with_operators' retrieved from /home/airflow/.local/lib/python3.8/site-packages/airflow/example_dags/example_xcomargs.py
[2025-01-08T12:33:23.156+0000] {logging_mixin.py:188} INFO - [2025-01-08T12:33:23.155+0000] {dag.py:3036} INFO - Sync 2 DAGs
[2025-01-08T12:33:23.179+0000] {logging_mixin.py:188} INFO - [2025-01-08T12:33:23.179+0000] {dag.py:3823} INFO - Setting next_dagrun for example_xcom_args to None, run_after=None
[2025-01-08T12:33:23.186+0000] {logging_mixin.py:188} INFO - [2025-01-08T12:33:23.186+0000] {dag.py:3823} INFO - Setting next_dagrun for example_xcom_args_with_operators to None, run_after=None
[2025-01-08T12:33:23.217+0000] {processor.py:183} INFO - Processing /home/airflow/.local/lib/python3.8/site-packages/airflow/example_dags/example_xcomargs.py took 0.137 seconds
