[2025-01-08T12:12:02.632+0000] {processor.py:161} INFO - Started process (PID=76) to work on /home/airflow/.local/lib/python3.8/site-packages/airflow/example_dags/example_latest_only_with_trigger.py
[2025-01-08T12:12:02.635+0000] {processor.py:830} INFO - Processing file /home/airflow/.local/lib/python3.8/site-packages/airflow/example_dags/example_latest_only_with_trigger.py for tasks to queue
[2025-01-08T12:12:02.645+0000] {logging_mixin.py:188} INFO - [2025-01-08T12:12:02.645+0000] {dagbag.py:538} INFO - Filling up the DagBag from /home/airflow/.local/lib/python3.8/site-packages/airflow/example_dags/example_latest_only_with_trigger.py
[2025-01-08T12:12:02.663+0000] {processor.py:840} INFO - DAG(s) 'latest_only_with_trigger' retrieved from /home/airflow/.local/lib/python3.8/site-packages/airflow/example_dags/example_latest_only_with_trigger.py
[2025-01-08T12:12:02.890+0000] {logging_mixin.py:188} INFO - [2025-01-08T12:12:02.889+0000] {dag.py:3036} INFO - Sync 1 DAGs
[2025-01-08T12:12:02.925+0000] {logging_mixin.py:188} INFO - [2025-01-08T12:12:02.925+0000] {dag.py:3823} INFO - Setting next_dagrun for latest_only_with_trigger to 2025-01-08 08:00:00+00:00, run_after=2025-01-08 12:00:00+00:00
[2025-01-08T12:12:02.965+0000] {processor.py:183} INFO - Processing /home/airflow/.local/lib/python3.8/site-packages/airflow/example_dags/example_latest_only_with_trigger.py took 0.341 seconds
[2025-01-08T12:12:33.328+0000] {processor.py:161} INFO - Started process (PID=133) to work on /home/airflow/.local/lib/python3.8/site-packages/airflow/example_dags/example_latest_only_with_trigger.py
[2025-01-08T12:12:33.329+0000] {processor.py:830} INFO - Processing file /home/airflow/.local/lib/python3.8/site-packages/airflow/example_dags/example_latest_only_with_trigger.py for tasks to queue
[2025-01-08T12:12:33.332+0000] {logging_mixin.py:188} INFO - [2025-01-08T12:12:33.332+0000] {dagbag.py:538} INFO - Filling up the DagBag from /home/airflow/.local/lib/python3.8/site-packages/airflow/example_dags/example_latest_only_with_trigger.py
[2025-01-08T12:12:33.342+0000] {processor.py:840} INFO - DAG(s) 'latest_only_with_trigger' retrieved from /home/airflow/.local/lib/python3.8/site-packages/airflow/example_dags/example_latest_only_with_trigger.py
[2025-01-08T12:12:33.377+0000] {logging_mixin.py:188} INFO - [2025-01-08T12:12:33.376+0000] {dag.py:3036} INFO - Sync 1 DAGs
[2025-01-08T12:12:33.414+0000] {logging_mixin.py:188} INFO - [2025-01-08T12:12:33.413+0000] {dag.py:3823} INFO - Setting next_dagrun for latest_only_with_trigger to 2025-01-08 08:00:00+00:00, run_after=2025-01-08 12:00:00+00:00
[2025-01-08T12:12:33.449+0000] {processor.py:183} INFO - Processing /home/airflow/.local/lib/python3.8/site-packages/airflow/example_dags/example_latest_only_with_trigger.py took 0.125 seconds
[2025-01-08T12:13:03.760+0000] {processor.py:161} INFO - Started process (PID=190) to work on /home/airflow/.local/lib/python3.8/site-packages/airflow/example_dags/example_latest_only_with_trigger.py
[2025-01-08T12:13:03.761+0000] {processor.py:830} INFO - Processing file /home/airflow/.local/lib/python3.8/site-packages/airflow/example_dags/example_latest_only_with_trigger.py for tasks to queue
[2025-01-08T12:13:03.764+0000] {logging_mixin.py:188} INFO - [2025-01-08T12:13:03.764+0000] {dagbag.py:538} INFO - Filling up the DagBag from /home/airflow/.local/lib/python3.8/site-packages/airflow/example_dags/example_latest_only_with_trigger.py
[2025-01-08T12:13:03.774+0000] {processor.py:840} INFO - DAG(s) 'latest_only_with_trigger' retrieved from /home/airflow/.local/lib/python3.8/site-packages/airflow/example_dags/example_latest_only_with_trigger.py
[2025-01-08T12:13:03.805+0000] {logging_mixin.py:188} INFO - [2025-01-08T12:13:03.804+0000] {dag.py:3036} INFO - Sync 1 DAGs
[2025-01-08T12:13:03.840+0000] {logging_mixin.py:188} INFO - [2025-01-08T12:13:03.839+0000] {dag.py:3823} INFO - Setting next_dagrun for latest_only_with_trigger to 2025-01-08 08:00:00+00:00, run_after=2025-01-08 12:00:00+00:00
[2025-01-08T12:13:03.873+0000] {processor.py:183} INFO - Processing /home/airflow/.local/lib/python3.8/site-packages/airflow/example_dags/example_latest_only_with_trigger.py took 0.117 seconds
[2025-01-08T12:13:34.867+0000] {processor.py:161} INFO - Started process (PID=247) to work on /home/airflow/.local/lib/python3.8/site-packages/airflow/example_dags/example_latest_only_with_trigger.py
[2025-01-08T12:13:34.880+0000] {processor.py:830} INFO - Processing file /home/airflow/.local/lib/python3.8/site-packages/airflow/example_dags/example_latest_only_with_trigger.py for tasks to queue
[2025-01-08T12:13:34.885+0000] {logging_mixin.py:188} INFO - [2025-01-08T12:13:34.884+0000] {dagbag.py:538} INFO - Filling up the DagBag from /home/airflow/.local/lib/python3.8/site-packages/airflow/example_dags/example_latest_only_with_trigger.py
[2025-01-08T12:13:34.906+0000] {processor.py:840} INFO - DAG(s) 'latest_only_with_trigger' retrieved from /home/airflow/.local/lib/python3.8/site-packages/airflow/example_dags/example_latest_only_with_trigger.py
[2025-01-08T12:13:34.996+0000] {logging_mixin.py:188} INFO - [2025-01-08T12:13:34.995+0000] {dag.py:3036} INFO - Sync 1 DAGs
[2025-01-08T12:13:35.106+0000] {logging_mixin.py:188} INFO - [2025-01-08T12:13:35.106+0000] {dag.py:3823} INFO - Setting next_dagrun for latest_only_with_trigger to 2025-01-08 08:00:00+00:00, run_after=2025-01-08 12:00:00+00:00
[2025-01-08T12:13:35.255+0000] {processor.py:183} INFO - Processing /home/airflow/.local/lib/python3.8/site-packages/airflow/example_dags/example_latest_only_with_trigger.py took 0.400 seconds
[2025-01-08T12:14:05.541+0000] {processor.py:161} INFO - Started process (PID=304) to work on /home/airflow/.local/lib/python3.8/site-packages/airflow/example_dags/example_latest_only_with_trigger.py
[2025-01-08T12:14:05.542+0000] {processor.py:830} INFO - Processing file /home/airflow/.local/lib/python3.8/site-packages/airflow/example_dags/example_latest_only_with_trigger.py for tasks to queue
[2025-01-08T12:14:05.545+0000] {logging_mixin.py:188} INFO - [2025-01-08T12:14:05.545+0000] {dagbag.py:538} INFO - Filling up the DagBag from /home/airflow/.local/lib/python3.8/site-packages/airflow/example_dags/example_latest_only_with_trigger.py
[2025-01-08T12:14:05.555+0000] {processor.py:840} INFO - DAG(s) 'latest_only_with_trigger' retrieved from /home/airflow/.local/lib/python3.8/site-packages/airflow/example_dags/example_latest_only_with_trigger.py
[2025-01-08T12:14:05.592+0000] {logging_mixin.py:188} INFO - [2025-01-08T12:14:05.592+0000] {dag.py:3036} INFO - Sync 1 DAGs
[2025-01-08T12:14:05.632+0000] {logging_mixin.py:188} INFO - [2025-01-08T12:14:05.631+0000] {dag.py:3823} INFO - Setting next_dagrun for latest_only_with_trigger to 2025-01-08 08:00:00+00:00, run_after=2025-01-08 12:00:00+00:00
[2025-01-08T12:14:05.661+0000] {processor.py:183} INFO - Processing /home/airflow/.local/lib/python3.8/site-packages/airflow/example_dags/example_latest_only_with_trigger.py took 0.127 seconds
[2025-01-08T12:14:35.967+0000] {processor.py:161} INFO - Started process (PID=361) to work on /home/airflow/.local/lib/python3.8/site-packages/airflow/example_dags/example_latest_only_with_trigger.py
[2025-01-08T12:14:35.969+0000] {processor.py:830} INFO - Processing file /home/airflow/.local/lib/python3.8/site-packages/airflow/example_dags/example_latest_only_with_trigger.py for tasks to queue
[2025-01-08T12:14:35.973+0000] {logging_mixin.py:188} INFO - [2025-01-08T12:14:35.972+0000] {dagbag.py:538} INFO - Filling up the DagBag from /home/airflow/.local/lib/python3.8/site-packages/airflow/example_dags/example_latest_only_with_trigger.py
[2025-01-08T12:14:35.982+0000] {processor.py:840} INFO - DAG(s) 'latest_only_with_trigger' retrieved from /home/airflow/.local/lib/python3.8/site-packages/airflow/example_dags/example_latest_only_with_trigger.py
[2025-01-08T12:14:36.022+0000] {logging_mixin.py:188} INFO - [2025-01-08T12:14:36.021+0000] {dag.py:3036} INFO - Sync 1 DAGs
[2025-01-08T12:14:36.054+0000] {logging_mixin.py:188} INFO - [2025-01-08T12:14:36.054+0000] {dag.py:3823} INFO - Setting next_dagrun for latest_only_with_trigger to 2025-01-08 08:00:00+00:00, run_after=2025-01-08 12:00:00+00:00
[2025-01-08T12:14:36.126+0000] {processor.py:183} INFO - Processing /home/airflow/.local/lib/python3.8/site-packages/airflow/example_dags/example_latest_only_with_trigger.py took 0.164 seconds
[2025-01-08T12:15:06.537+0000] {processor.py:161} INFO - Started process (PID=418) to work on /home/airflow/.local/lib/python3.8/site-packages/airflow/example_dags/example_latest_only_with_trigger.py
[2025-01-08T12:15:06.539+0000] {processor.py:830} INFO - Processing file /home/airflow/.local/lib/python3.8/site-packages/airflow/example_dags/example_latest_only_with_trigger.py for tasks to queue
[2025-01-08T12:15:06.542+0000] {logging_mixin.py:188} INFO - [2025-01-08T12:15:06.542+0000] {dagbag.py:538} INFO - Filling up the DagBag from /home/airflow/.local/lib/python3.8/site-packages/airflow/example_dags/example_latest_only_with_trigger.py
[2025-01-08T12:15:06.551+0000] {processor.py:840} INFO - DAG(s) 'latest_only_with_trigger' retrieved from /home/airflow/.local/lib/python3.8/site-packages/airflow/example_dags/example_latest_only_with_trigger.py
[2025-01-08T12:15:06.588+0000] {logging_mixin.py:188} INFO - [2025-01-08T12:15:06.588+0000] {dag.py:3036} INFO - Sync 1 DAGs
[2025-01-08T12:15:06.623+0000] {logging_mixin.py:188} INFO - [2025-01-08T12:15:06.623+0000] {dag.py:3823} INFO - Setting next_dagrun for latest_only_with_trigger to 2025-01-08 08:00:00+00:00, run_after=2025-01-08 12:00:00+00:00
[2025-01-08T12:15:06.654+0000] {processor.py:183} INFO - Processing /home/airflow/.local/lib/python3.8/site-packages/airflow/example_dags/example_latest_only_with_trigger.py took 0.121 seconds
[2025-01-08T12:15:36.950+0000] {processor.py:161} INFO - Started process (PID=475) to work on /home/airflow/.local/lib/python3.8/site-packages/airflow/example_dags/example_latest_only_with_trigger.py
[2025-01-08T12:15:36.951+0000] {processor.py:830} INFO - Processing file /home/airflow/.local/lib/python3.8/site-packages/airflow/example_dags/example_latest_only_with_trigger.py for tasks to queue
[2025-01-08T12:15:36.954+0000] {logging_mixin.py:188} INFO - [2025-01-08T12:15:36.953+0000] {dagbag.py:538} INFO - Filling up the DagBag from /home/airflow/.local/lib/python3.8/site-packages/airflow/example_dags/example_latest_only_with_trigger.py
[2025-01-08T12:15:36.961+0000] {processor.py:840} INFO - DAG(s) 'latest_only_with_trigger' retrieved from /home/airflow/.local/lib/python3.8/site-packages/airflow/example_dags/example_latest_only_with_trigger.py
[2025-01-08T12:15:36.996+0000] {logging_mixin.py:188} INFO - [2025-01-08T12:15:36.996+0000] {dag.py:3036} INFO - Sync 1 DAGs
[2025-01-08T12:15:37.032+0000] {logging_mixin.py:188} INFO - [2025-01-08T12:15:37.031+0000] {dag.py:3823} INFO - Setting next_dagrun for latest_only_with_trigger to 2025-01-08 08:00:00+00:00, run_after=2025-01-08 12:00:00+00:00
[2025-01-08T12:15:37.064+0000] {processor.py:183} INFO - Processing /home/airflow/.local/lib/python3.8/site-packages/airflow/example_dags/example_latest_only_with_trigger.py took 0.119 seconds
[2025-01-08T12:16:07.466+0000] {processor.py:161} INFO - Started process (PID=532) to work on /home/airflow/.local/lib/python3.8/site-packages/airflow/example_dags/example_latest_only_with_trigger.py
[2025-01-08T12:16:07.468+0000] {processor.py:830} INFO - Processing file /home/airflow/.local/lib/python3.8/site-packages/airflow/example_dags/example_latest_only_with_trigger.py for tasks to queue
[2025-01-08T12:16:07.471+0000] {logging_mixin.py:188} INFO - [2025-01-08T12:16:07.470+0000] {dagbag.py:538} INFO - Filling up the DagBag from /home/airflow/.local/lib/python3.8/site-packages/airflow/example_dags/example_latest_only_with_trigger.py
[2025-01-08T12:16:07.481+0000] {processor.py:840} INFO - DAG(s) 'latest_only_with_trigger' retrieved from /home/airflow/.local/lib/python3.8/site-packages/airflow/example_dags/example_latest_only_with_trigger.py
[2025-01-08T12:16:07.518+0000] {logging_mixin.py:188} INFO - [2025-01-08T12:16:07.517+0000] {dag.py:3036} INFO - Sync 1 DAGs
[2025-01-08T12:16:07.565+0000] {logging_mixin.py:188} INFO - [2025-01-08T12:16:07.564+0000] {dag.py:3823} INFO - Setting next_dagrun for latest_only_with_trigger to 2025-01-08 08:00:00+00:00, run_after=2025-01-08 12:00:00+00:00
[2025-01-08T12:16:07.607+0000] {processor.py:183} INFO - Processing /home/airflow/.local/lib/python3.8/site-packages/airflow/example_dags/example_latest_only_with_trigger.py took 0.147 seconds
[2025-01-08T12:16:38.204+0000] {processor.py:161} INFO - Started process (PID=590) to work on /home/airflow/.local/lib/python3.8/site-packages/airflow/example_dags/example_latest_only_with_trigger.py
[2025-01-08T12:16:38.205+0000] {processor.py:830} INFO - Processing file /home/airflow/.local/lib/python3.8/site-packages/airflow/example_dags/example_latest_only_with_trigger.py for tasks to queue
[2025-01-08T12:16:38.219+0000] {logging_mixin.py:188} INFO - [2025-01-08T12:16:38.218+0000] {dagbag.py:538} INFO - Filling up the DagBag from /home/airflow/.local/lib/python3.8/site-packages/airflow/example_dags/example_latest_only_with_trigger.py
[2025-01-08T12:16:38.238+0000] {processor.py:840} INFO - DAG(s) 'latest_only_with_trigger' retrieved from /home/airflow/.local/lib/python3.8/site-packages/airflow/example_dags/example_latest_only_with_trigger.py
[2025-01-08T12:16:38.287+0000] {logging_mixin.py:188} INFO - [2025-01-08T12:16:38.287+0000] {dag.py:3036} INFO - Sync 1 DAGs
[2025-01-08T12:16:38.337+0000] {logging_mixin.py:188} INFO - [2025-01-08T12:16:38.333+0000] {dag.py:3823} INFO - Setting next_dagrun for latest_only_with_trigger to 2025-01-08 08:00:00+00:00, run_after=2025-01-08 12:00:00+00:00
[2025-01-08T12:16:38.411+0000] {processor.py:183} INFO - Processing /home/airflow/.local/lib/python3.8/site-packages/airflow/example_dags/example_latest_only_with_trigger.py took 0.213 seconds
[2025-01-08T12:17:09.143+0000] {processor.py:161} INFO - Started process (PID=649) to work on /home/airflow/.local/lib/python3.8/site-packages/airflow/example_dags/example_latest_only_with_trigger.py
[2025-01-08T12:17:09.145+0000] {processor.py:830} INFO - Processing file /home/airflow/.local/lib/python3.8/site-packages/airflow/example_dags/example_latest_only_with_trigger.py for tasks to queue
[2025-01-08T12:17:09.148+0000] {logging_mixin.py:188} INFO - [2025-01-08T12:17:09.148+0000] {dagbag.py:538} INFO - Filling up the DagBag from /home/airflow/.local/lib/python3.8/site-packages/airflow/example_dags/example_latest_only_with_trigger.py
[2025-01-08T12:17:09.156+0000] {processor.py:840} INFO - DAG(s) 'latest_only_with_trigger' retrieved from /home/airflow/.local/lib/python3.8/site-packages/airflow/example_dags/example_latest_only_with_trigger.py
[2025-01-08T12:17:09.206+0000] {logging_mixin.py:188} INFO - [2025-01-08T12:17:09.206+0000] {dag.py:3036} INFO - Sync 1 DAGs
[2025-01-08T12:17:09.247+0000] {logging_mixin.py:188} INFO - [2025-01-08T12:17:09.246+0000] {dag.py:3823} INFO - Setting next_dagrun for latest_only_with_trigger to 2025-01-08 08:00:00+00:00, run_after=2025-01-08 12:00:00+00:00
[2025-01-08T12:17:09.281+0000] {processor.py:183} INFO - Processing /home/airflow/.local/lib/python3.8/site-packages/airflow/example_dags/example_latest_only_with_trigger.py took 0.143 seconds
[2025-01-08T12:17:39.838+0000] {processor.py:161} INFO - Started process (PID=708) to work on /home/airflow/.local/lib/python3.8/site-packages/airflow/example_dags/example_latest_only_with_trigger.py
[2025-01-08T12:17:39.840+0000] {processor.py:830} INFO - Processing file /home/airflow/.local/lib/python3.8/site-packages/airflow/example_dags/example_latest_only_with_trigger.py for tasks to queue
[2025-01-08T12:17:39.844+0000] {logging_mixin.py:188} INFO - [2025-01-08T12:17:39.843+0000] {dagbag.py:538} INFO - Filling up the DagBag from /home/airflow/.local/lib/python3.8/site-packages/airflow/example_dags/example_latest_only_with_trigger.py
[2025-01-08T12:17:39.853+0000] {processor.py:840} INFO - DAG(s) 'latest_only_with_trigger' retrieved from /home/airflow/.local/lib/python3.8/site-packages/airflow/example_dags/example_latest_only_with_trigger.py
[2025-01-08T12:17:39.892+0000] {logging_mixin.py:188} INFO - [2025-01-08T12:17:39.892+0000] {dag.py:3036} INFO - Sync 1 DAGs
[2025-01-08T12:17:39.929+0000] {logging_mixin.py:188} INFO - [2025-01-08T12:17:39.928+0000] {dag.py:3823} INFO - Setting next_dagrun for latest_only_with_trigger to 2025-01-08 08:00:00+00:00, run_after=2025-01-08 12:00:00+00:00
[2025-01-08T12:17:39.964+0000] {processor.py:183} INFO - Processing /home/airflow/.local/lib/python3.8/site-packages/airflow/example_dags/example_latest_only_with_trigger.py took 0.133 seconds
[2025-01-08T12:18:10.545+0000] {processor.py:161} INFO - Started process (PID=767) to work on /home/airflow/.local/lib/python3.8/site-packages/airflow/example_dags/example_latest_only_with_trigger.py
[2025-01-08T12:18:10.547+0000] {processor.py:830} INFO - Processing file /home/airflow/.local/lib/python3.8/site-packages/airflow/example_dags/example_latest_only_with_trigger.py for tasks to queue
[2025-01-08T12:18:10.549+0000] {logging_mixin.py:188} INFO - [2025-01-08T12:18:10.549+0000] {dagbag.py:538} INFO - Filling up the DagBag from /home/airflow/.local/lib/python3.8/site-packages/airflow/example_dags/example_latest_only_with_trigger.py
[2025-01-08T12:18:10.556+0000] {processor.py:840} INFO - DAG(s) 'latest_only_with_trigger' retrieved from /home/airflow/.local/lib/python3.8/site-packages/airflow/example_dags/example_latest_only_with_trigger.py
[2025-01-08T12:18:10.587+0000] {logging_mixin.py:188} INFO - [2025-01-08T12:18:10.587+0000] {dag.py:3036} INFO - Sync 1 DAGs
[2025-01-08T12:18:10.620+0000] {logging_mixin.py:188} INFO - [2025-01-08T12:18:10.620+0000] {dag.py:3823} INFO - Setting next_dagrun for latest_only_with_trigger to 2025-01-08 08:00:00+00:00, run_after=2025-01-08 12:00:00+00:00
[2025-01-08T12:18:10.648+0000] {processor.py:183} INFO - Processing /home/airflow/.local/lib/python3.8/site-packages/airflow/example_dags/example_latest_only_with_trigger.py took 0.108 seconds
[2025-01-08T12:18:40.815+0000] {processor.py:161} INFO - Started process (PID=826) to work on /home/airflow/.local/lib/python3.8/site-packages/airflow/example_dags/example_latest_only_with_trigger.py
[2025-01-08T12:18:40.816+0000] {processor.py:830} INFO - Processing file /home/airflow/.local/lib/python3.8/site-packages/airflow/example_dags/example_latest_only_with_trigger.py for tasks to queue
[2025-01-08T12:18:40.819+0000] {logging_mixin.py:188} INFO - [2025-01-08T12:18:40.819+0000] {dagbag.py:538} INFO - Filling up the DagBag from /home/airflow/.local/lib/python3.8/site-packages/airflow/example_dags/example_latest_only_with_trigger.py
[2025-01-08T12:18:40.829+0000] {processor.py:840} INFO - DAG(s) 'latest_only_with_trigger' retrieved from /home/airflow/.local/lib/python3.8/site-packages/airflow/example_dags/example_latest_only_with_trigger.py
[2025-01-08T12:18:40.863+0000] {logging_mixin.py:188} INFO - [2025-01-08T12:18:40.863+0000] {dag.py:3036} INFO - Sync 1 DAGs
[2025-01-08T12:18:40.902+0000] {logging_mixin.py:188} INFO - [2025-01-08T12:18:40.901+0000] {dag.py:3823} INFO - Setting next_dagrun for latest_only_with_trigger to 2025-01-08 08:00:00+00:00, run_after=2025-01-08 12:00:00+00:00
[2025-01-08T12:18:40.932+0000] {processor.py:183} INFO - Processing /home/airflow/.local/lib/python3.8/site-packages/airflow/example_dags/example_latest_only_with_trigger.py took 0.122 seconds
[2025-01-08T12:19:12.001+0000] {processor.py:161} INFO - Started process (PID=886) to work on /home/airflow/.local/lib/python3.8/site-packages/airflow/example_dags/example_latest_only_with_trigger.py
[2025-01-08T12:19:12.002+0000] {processor.py:830} INFO - Processing file /home/airflow/.local/lib/python3.8/site-packages/airflow/example_dags/example_latest_only_with_trigger.py for tasks to queue
[2025-01-08T12:19:12.005+0000] {logging_mixin.py:188} INFO - [2025-01-08T12:19:12.005+0000] {dagbag.py:538} INFO - Filling up the DagBag from /home/airflow/.local/lib/python3.8/site-packages/airflow/example_dags/example_latest_only_with_trigger.py
[2025-01-08T12:19:12.013+0000] {processor.py:840} INFO - DAG(s) 'latest_only_with_trigger' retrieved from /home/airflow/.local/lib/python3.8/site-packages/airflow/example_dags/example_latest_only_with_trigger.py
[2025-01-08T12:19:12.044+0000] {logging_mixin.py:188} INFO - [2025-01-08T12:19:12.044+0000] {dag.py:3036} INFO - Sync 1 DAGs
[2025-01-08T12:19:12.083+0000] {logging_mixin.py:188} INFO - [2025-01-08T12:19:12.082+0000] {dag.py:3823} INFO - Setting next_dagrun for latest_only_with_trigger to 2025-01-08 08:00:00+00:00, run_after=2025-01-08 12:00:00+00:00
[2025-01-08T12:19:12.116+0000] {processor.py:183} INFO - Processing /home/airflow/.local/lib/python3.8/site-packages/airflow/example_dags/example_latest_only_with_trigger.py took 0.120 seconds
[2025-01-08T12:19:42.318+0000] {processor.py:161} INFO - Started process (PID=945) to work on /home/airflow/.local/lib/python3.8/site-packages/airflow/example_dags/example_latest_only_with_trigger.py
[2025-01-08T12:19:42.319+0000] {processor.py:830} INFO - Processing file /home/airflow/.local/lib/python3.8/site-packages/airflow/example_dags/example_latest_only_with_trigger.py for tasks to queue
[2025-01-08T12:19:42.322+0000] {logging_mixin.py:188} INFO - [2025-01-08T12:19:42.321+0000] {dagbag.py:538} INFO - Filling up the DagBag from /home/airflow/.local/lib/python3.8/site-packages/airflow/example_dags/example_latest_only_with_trigger.py
[2025-01-08T12:19:42.330+0000] {processor.py:840} INFO - DAG(s) 'latest_only_with_trigger' retrieved from /home/airflow/.local/lib/python3.8/site-packages/airflow/example_dags/example_latest_only_with_trigger.py
[2025-01-08T12:19:42.360+0000] {logging_mixin.py:188} INFO - [2025-01-08T12:19:42.360+0000] {dag.py:3036} INFO - Sync 1 DAGs
[2025-01-08T12:19:42.397+0000] {logging_mixin.py:188} INFO - [2025-01-08T12:19:42.397+0000] {dag.py:3823} INFO - Setting next_dagrun for latest_only_with_trigger to 2025-01-08 08:00:00+00:00, run_after=2025-01-08 12:00:00+00:00
[2025-01-08T12:19:42.425+0000] {processor.py:183} INFO - Processing /home/airflow/.local/lib/python3.8/site-packages/airflow/example_dags/example_latest_only_with_trigger.py took 0.112 seconds
[2025-01-08T12:20:13.360+0000] {processor.py:161} INFO - Started process (PID=1004) to work on /home/airflow/.local/lib/python3.8/site-packages/airflow/example_dags/example_latest_only_with_trigger.py
[2025-01-08T12:20:13.361+0000] {processor.py:830} INFO - Processing file /home/airflow/.local/lib/python3.8/site-packages/airflow/example_dags/example_latest_only_with_trigger.py for tasks to queue
[2025-01-08T12:20:13.365+0000] {logging_mixin.py:188} INFO - [2025-01-08T12:20:13.364+0000] {dagbag.py:538} INFO - Filling up the DagBag from /home/airflow/.local/lib/python3.8/site-packages/airflow/example_dags/example_latest_only_with_trigger.py
[2025-01-08T12:20:13.373+0000] {processor.py:840} INFO - DAG(s) 'latest_only_with_trigger' retrieved from /home/airflow/.local/lib/python3.8/site-packages/airflow/example_dags/example_latest_only_with_trigger.py
[2025-01-08T12:20:13.406+0000] {logging_mixin.py:188} INFO - [2025-01-08T12:20:13.405+0000] {dag.py:3036} INFO - Sync 1 DAGs
[2025-01-08T12:20:13.444+0000] {logging_mixin.py:188} INFO - [2025-01-08T12:20:13.444+0000] {dag.py:3823} INFO - Setting next_dagrun for latest_only_with_trigger to 2025-01-08 08:00:00+00:00, run_after=2025-01-08 12:00:00+00:00
[2025-01-08T12:20:13.468+0000] {processor.py:183} INFO - Processing /home/airflow/.local/lib/python3.8/site-packages/airflow/example_dags/example_latest_only_with_trigger.py took 0.113 seconds
[2025-01-08T12:20:47.212+0000] {processor.py:161} INFO - Started process (PID=1069) to work on /home/airflow/.local/lib/python3.8/site-packages/airflow/example_dags/example_latest_only_with_trigger.py
[2025-01-08T12:20:47.215+0000] {processor.py:830} INFO - Processing file /home/airflow/.local/lib/python3.8/site-packages/airflow/example_dags/example_latest_only_with_trigger.py for tasks to queue
[2025-01-08T12:20:47.219+0000] {logging_mixin.py:188} INFO - [2025-01-08T12:20:47.218+0000] {dagbag.py:538} INFO - Filling up the DagBag from /home/airflow/.local/lib/python3.8/site-packages/airflow/example_dags/example_latest_only_with_trigger.py
[2025-01-08T12:20:47.231+0000] {processor.py:840} INFO - DAG(s) 'latest_only_with_trigger' retrieved from /home/airflow/.local/lib/python3.8/site-packages/airflow/example_dags/example_latest_only_with_trigger.py
[2025-01-08T12:20:47.291+0000] {logging_mixin.py:188} INFO - [2025-01-08T12:20:47.291+0000] {dag.py:3036} INFO - Sync 1 DAGs
[2025-01-08T12:20:47.354+0000] {logging_mixin.py:188} INFO - [2025-01-08T12:20:47.353+0000] {dag.py:3823} INFO - Setting next_dagrun for latest_only_with_trigger to 2025-01-08 08:00:00+00:00, run_after=2025-01-08 12:00:00+00:00
[2025-01-08T12:20:47.424+0000] {processor.py:183} INFO - Processing /home/airflow/.local/lib/python3.8/site-packages/airflow/example_dags/example_latest_only_with_trigger.py took 0.219 seconds
[2025-01-08T12:21:18.848+0000] {processor.py:161} INFO - Started process (PID=1128) to work on /home/airflow/.local/lib/python3.8/site-packages/airflow/example_dags/example_latest_only_with_trigger.py
[2025-01-08T12:21:18.849+0000] {processor.py:830} INFO - Processing file /home/airflow/.local/lib/python3.8/site-packages/airflow/example_dags/example_latest_only_with_trigger.py for tasks to queue
[2025-01-08T12:21:18.851+0000] {logging_mixin.py:188} INFO - [2025-01-08T12:21:18.851+0000] {dagbag.py:538} INFO - Filling up the DagBag from /home/airflow/.local/lib/python3.8/site-packages/airflow/example_dags/example_latest_only_with_trigger.py
[2025-01-08T12:21:18.863+0000] {processor.py:840} INFO - DAG(s) 'latest_only_with_trigger' retrieved from /home/airflow/.local/lib/python3.8/site-packages/airflow/example_dags/example_latest_only_with_trigger.py
[2025-01-08T12:21:18.899+0000] {logging_mixin.py:188} INFO - [2025-01-08T12:21:18.899+0000] {dag.py:3036} INFO - Sync 1 DAGs
[2025-01-08T12:21:18.990+0000] {logging_mixin.py:188} INFO - [2025-01-08T12:21:18.989+0000] {dag.py:3823} INFO - Setting next_dagrun for latest_only_with_trigger to 2025-01-08 08:00:00+00:00, run_after=2025-01-08 12:00:00+00:00
[2025-01-08T12:21:19.057+0000] {processor.py:183} INFO - Processing /home/airflow/.local/lib/python3.8/site-packages/airflow/example_dags/example_latest_only_with_trigger.py took 0.215 seconds
[2025-01-08T12:21:49.598+0000] {processor.py:161} INFO - Started process (PID=1187) to work on /home/airflow/.local/lib/python3.8/site-packages/airflow/example_dags/example_latest_only_with_trigger.py
[2025-01-08T12:21:49.600+0000] {processor.py:830} INFO - Processing file /home/airflow/.local/lib/python3.8/site-packages/airflow/example_dags/example_latest_only_with_trigger.py for tasks to queue
[2025-01-08T12:21:49.604+0000] {logging_mixin.py:188} INFO - [2025-01-08T12:21:49.603+0000] {dagbag.py:538} INFO - Filling up the DagBag from /home/airflow/.local/lib/python3.8/site-packages/airflow/example_dags/example_latest_only_with_trigger.py
[2025-01-08T12:21:49.615+0000] {processor.py:840} INFO - DAG(s) 'latest_only_with_trigger' retrieved from /home/airflow/.local/lib/python3.8/site-packages/airflow/example_dags/example_latest_only_with_trigger.py
[2025-01-08T12:21:49.659+0000] {logging_mixin.py:188} INFO - [2025-01-08T12:21:49.658+0000] {dag.py:3036} INFO - Sync 1 DAGs
[2025-01-08T12:21:49.703+0000] {logging_mixin.py:188} INFO - [2025-01-08T12:21:49.702+0000] {dag.py:3823} INFO - Setting next_dagrun for latest_only_with_trigger to 2025-01-08 08:00:00+00:00, run_after=2025-01-08 12:00:00+00:00
[2025-01-08T12:21:49.747+0000] {processor.py:183} INFO - Processing /home/airflow/.local/lib/python3.8/site-packages/airflow/example_dags/example_latest_only_with_trigger.py took 0.155 seconds
[2025-01-08T12:22:19.890+0000] {processor.py:161} INFO - Started process (PID=1245) to work on /home/airflow/.local/lib/python3.8/site-packages/airflow/example_dags/example_latest_only_with_trigger.py
[2025-01-08T12:22:19.891+0000] {processor.py:830} INFO - Processing file /home/airflow/.local/lib/python3.8/site-packages/airflow/example_dags/example_latest_only_with_trigger.py for tasks to queue
[2025-01-08T12:22:19.894+0000] {logging_mixin.py:188} INFO - [2025-01-08T12:22:19.894+0000] {dagbag.py:538} INFO - Filling up the DagBag from /home/airflow/.local/lib/python3.8/site-packages/airflow/example_dags/example_latest_only_with_trigger.py
[2025-01-08T12:22:19.904+0000] {processor.py:840} INFO - DAG(s) 'latest_only_with_trigger' retrieved from /home/airflow/.local/lib/python3.8/site-packages/airflow/example_dags/example_latest_only_with_trigger.py
[2025-01-08T12:22:19.936+0000] {logging_mixin.py:188} INFO - [2025-01-08T12:22:19.935+0000] {dag.py:3036} INFO - Sync 1 DAGs
[2025-01-08T12:22:19.977+0000] {logging_mixin.py:188} INFO - [2025-01-08T12:22:19.977+0000] {dag.py:3823} INFO - Setting next_dagrun for latest_only_with_trigger to 2025-01-08 08:00:00+00:00, run_after=2025-01-08 12:00:00+00:00
[2025-01-08T12:22:20.010+0000] {processor.py:183} INFO - Processing /home/airflow/.local/lib/python3.8/site-packages/airflow/example_dags/example_latest_only_with_trigger.py took 0.126 seconds
[2025-01-08T12:22:50.779+0000] {processor.py:161} INFO - Started process (PID=1305) to work on /home/airflow/.local/lib/python3.8/site-packages/airflow/example_dags/example_latest_only_with_trigger.py
[2025-01-08T12:22:50.781+0000] {processor.py:830} INFO - Processing file /home/airflow/.local/lib/python3.8/site-packages/airflow/example_dags/example_latest_only_with_trigger.py for tasks to queue
[2025-01-08T12:22:50.784+0000] {logging_mixin.py:188} INFO - [2025-01-08T12:22:50.784+0000] {dagbag.py:538} INFO - Filling up the DagBag from /home/airflow/.local/lib/python3.8/site-packages/airflow/example_dags/example_latest_only_with_trigger.py
[2025-01-08T12:22:50.794+0000] {processor.py:840} INFO - DAG(s) 'latest_only_with_trigger' retrieved from /home/airflow/.local/lib/python3.8/site-packages/airflow/example_dags/example_latest_only_with_trigger.py
[2025-01-08T12:22:50.844+0000] {logging_mixin.py:188} INFO - [2025-01-08T12:22:50.844+0000] {dag.py:3036} INFO - Sync 1 DAGs
[2025-01-08T12:22:50.892+0000] {logging_mixin.py:188} INFO - [2025-01-08T12:22:50.891+0000] {dag.py:3823} INFO - Setting next_dagrun for latest_only_with_trigger to 2025-01-08 08:00:00+00:00, run_after=2025-01-08 12:00:00+00:00
[2025-01-08T12:22:50.940+0000] {processor.py:183} INFO - Processing /home/airflow/.local/lib/python3.8/site-packages/airflow/example_dags/example_latest_only_with_trigger.py took 0.166 seconds
[2025-01-08T12:23:21.425+0000] {processor.py:161} INFO - Started process (PID=1365) to work on /home/airflow/.local/lib/python3.8/site-packages/airflow/example_dags/example_latest_only_with_trigger.py
[2025-01-08T12:23:21.426+0000] {processor.py:830} INFO - Processing file /home/airflow/.local/lib/python3.8/site-packages/airflow/example_dags/example_latest_only_with_trigger.py for tasks to queue
[2025-01-08T12:23:21.429+0000] {logging_mixin.py:188} INFO - [2025-01-08T12:23:21.428+0000] {dagbag.py:538} INFO - Filling up the DagBag from /home/airflow/.local/lib/python3.8/site-packages/airflow/example_dags/example_latest_only_with_trigger.py
[2025-01-08T12:23:21.438+0000] {processor.py:840} INFO - DAG(s) 'latest_only_with_trigger' retrieved from /home/airflow/.local/lib/python3.8/site-packages/airflow/example_dags/example_latest_only_with_trigger.py
[2025-01-08T12:23:21.477+0000] {logging_mixin.py:188} INFO - [2025-01-08T12:23:21.476+0000] {dag.py:3036} INFO - Sync 1 DAGs
[2025-01-08T12:23:21.521+0000] {logging_mixin.py:188} INFO - [2025-01-08T12:23:21.520+0000] {dag.py:3823} INFO - Setting next_dagrun for latest_only_with_trigger to 2025-01-08 08:00:00+00:00, run_after=2025-01-08 12:00:00+00:00
[2025-01-08T12:23:21.556+0000] {processor.py:183} INFO - Processing /home/airflow/.local/lib/python3.8/site-packages/airflow/example_dags/example_latest_only_with_trigger.py took 0.137 seconds
[2025-01-08T12:23:52.370+0000] {processor.py:161} INFO - Started process (PID=1423) to work on /home/airflow/.local/lib/python3.8/site-packages/airflow/example_dags/example_latest_only_with_trigger.py
[2025-01-08T12:23:52.371+0000] {processor.py:830} INFO - Processing file /home/airflow/.local/lib/python3.8/site-packages/airflow/example_dags/example_latest_only_with_trigger.py for tasks to queue
[2025-01-08T12:23:52.375+0000] {logging_mixin.py:188} INFO - [2025-01-08T12:23:52.374+0000] {dagbag.py:538} INFO - Filling up the DagBag from /home/airflow/.local/lib/python3.8/site-packages/airflow/example_dags/example_latest_only_with_trigger.py
[2025-01-08T12:23:52.383+0000] {processor.py:840} INFO - DAG(s) 'latest_only_with_trigger' retrieved from /home/airflow/.local/lib/python3.8/site-packages/airflow/example_dags/example_latest_only_with_trigger.py
[2025-01-08T12:23:52.418+0000] {logging_mixin.py:188} INFO - [2025-01-08T12:23:52.418+0000] {dag.py:3036} INFO - Sync 1 DAGs
[2025-01-08T12:23:52.503+0000] {logging_mixin.py:188} INFO - [2025-01-08T12:23:52.503+0000] {dag.py:3823} INFO - Setting next_dagrun for latest_only_with_trigger to 2025-01-08 08:00:00+00:00, run_after=2025-01-08 12:00:00+00:00
[2025-01-08T12:23:52.541+0000] {processor.py:183} INFO - Processing /home/airflow/.local/lib/python3.8/site-packages/airflow/example_dags/example_latest_only_with_trigger.py took 0.176 seconds
[2025-01-08T12:24:22.986+0000] {processor.py:161} INFO - Started process (PID=1482) to work on /home/airflow/.local/lib/python3.8/site-packages/airflow/example_dags/example_latest_only_with_trigger.py
[2025-01-08T12:24:22.989+0000] {processor.py:830} INFO - Processing file /home/airflow/.local/lib/python3.8/site-packages/airflow/example_dags/example_latest_only_with_trigger.py for tasks to queue
[2025-01-08T12:24:22.993+0000] {logging_mixin.py:188} INFO - [2025-01-08T12:24:22.992+0000] {dagbag.py:538} INFO - Filling up the DagBag from /home/airflow/.local/lib/python3.8/site-packages/airflow/example_dags/example_latest_only_with_trigger.py
[2025-01-08T12:24:23.008+0000] {processor.py:840} INFO - DAG(s) 'latest_only_with_trigger' retrieved from /home/airflow/.local/lib/python3.8/site-packages/airflow/example_dags/example_latest_only_with_trigger.py
[2025-01-08T12:24:23.053+0000] {logging_mixin.py:188} INFO - [2025-01-08T12:24:23.052+0000] {dag.py:3036} INFO - Sync 1 DAGs
[2025-01-08T12:24:23.099+0000] {logging_mixin.py:188} INFO - [2025-01-08T12:24:23.098+0000] {dag.py:3823} INFO - Setting next_dagrun for latest_only_with_trigger to 2025-01-08 08:00:00+00:00, run_after=2025-01-08 12:00:00+00:00
[2025-01-08T12:24:23.145+0000] {processor.py:183} INFO - Processing /home/airflow/.local/lib/python3.8/site-packages/airflow/example_dags/example_latest_only_with_trigger.py took 0.171 seconds
[2025-01-08T12:24:53.804+0000] {processor.py:161} INFO - Started process (PID=1540) to work on /home/airflow/.local/lib/python3.8/site-packages/airflow/example_dags/example_latest_only_with_trigger.py
[2025-01-08T12:24:53.806+0000] {processor.py:830} INFO - Processing file /home/airflow/.local/lib/python3.8/site-packages/airflow/example_dags/example_latest_only_with_trigger.py for tasks to queue
[2025-01-08T12:24:53.812+0000] {logging_mixin.py:188} INFO - [2025-01-08T12:24:53.811+0000] {dagbag.py:538} INFO - Filling up the DagBag from /home/airflow/.local/lib/python3.8/site-packages/airflow/example_dags/example_latest_only_with_trigger.py
[2025-01-08T12:24:53.821+0000] {processor.py:840} INFO - DAG(s) 'latest_only_with_trigger' retrieved from /home/airflow/.local/lib/python3.8/site-packages/airflow/example_dags/example_latest_only_with_trigger.py
[2025-01-08T12:24:53.863+0000] {logging_mixin.py:188} INFO - [2025-01-08T12:24:53.863+0000] {dag.py:3036} INFO - Sync 1 DAGs
[2025-01-08T12:24:53.916+0000] {logging_mixin.py:188} INFO - [2025-01-08T12:24:53.915+0000] {dag.py:3823} INFO - Setting next_dagrun for latest_only_with_trigger to 2025-01-08 08:00:00+00:00, run_after=2025-01-08 12:00:00+00:00
[2025-01-08T12:24:53.962+0000] {processor.py:183} INFO - Processing /home/airflow/.local/lib/python3.8/site-packages/airflow/example_dags/example_latest_only_with_trigger.py took 0.165 seconds
[2025-01-08T12:25:24.507+0000] {processor.py:161} INFO - Started process (PID=1599) to work on /home/airflow/.local/lib/python3.8/site-packages/airflow/example_dags/example_latest_only_with_trigger.py
[2025-01-08T12:25:24.509+0000] {processor.py:830} INFO - Processing file /home/airflow/.local/lib/python3.8/site-packages/airflow/example_dags/example_latest_only_with_trigger.py for tasks to queue
[2025-01-08T12:25:24.513+0000] {logging_mixin.py:188} INFO - [2025-01-08T12:25:24.512+0000] {dagbag.py:538} INFO - Filling up the DagBag from /home/airflow/.local/lib/python3.8/site-packages/airflow/example_dags/example_latest_only_with_trigger.py
[2025-01-08T12:25:24.531+0000] {processor.py:840} INFO - DAG(s) 'latest_only_with_trigger' retrieved from /home/airflow/.local/lib/python3.8/site-packages/airflow/example_dags/example_latest_only_with_trigger.py
[2025-01-08T12:25:24.581+0000] {logging_mixin.py:188} INFO - [2025-01-08T12:25:24.580+0000] {dag.py:3036} INFO - Sync 1 DAGs
[2025-01-08T12:25:24.631+0000] {logging_mixin.py:188} INFO - [2025-01-08T12:25:24.631+0000] {dag.py:3823} INFO - Setting next_dagrun for latest_only_with_trigger to 2025-01-08 08:00:00+00:00, run_after=2025-01-08 12:00:00+00:00
[2025-01-08T12:25:24.671+0000] {processor.py:183} INFO - Processing /home/airflow/.local/lib/python3.8/site-packages/airflow/example_dags/example_latest_only_with_trigger.py took 0.177 seconds
[2025-01-08T12:25:55.438+0000] {processor.py:161} INFO - Started process (PID=1658) to work on /home/airflow/.local/lib/python3.8/site-packages/airflow/example_dags/example_latest_only_with_trigger.py
[2025-01-08T12:25:55.443+0000] {processor.py:830} INFO - Processing file /home/airflow/.local/lib/python3.8/site-packages/airflow/example_dags/example_latest_only_with_trigger.py for tasks to queue
[2025-01-08T12:25:55.447+0000] {logging_mixin.py:188} INFO - [2025-01-08T12:25:55.446+0000] {dagbag.py:538} INFO - Filling up the DagBag from /home/airflow/.local/lib/python3.8/site-packages/airflow/example_dags/example_latest_only_with_trigger.py
[2025-01-08T12:25:55.465+0000] {processor.py:840} INFO - DAG(s) 'latest_only_with_trigger' retrieved from /home/airflow/.local/lib/python3.8/site-packages/airflow/example_dags/example_latest_only_with_trigger.py
[2025-01-08T12:25:55.530+0000] {logging_mixin.py:188} INFO - [2025-01-08T12:25:55.530+0000] {dag.py:3036} INFO - Sync 1 DAGs
[2025-01-08T12:25:55.593+0000] {logging_mixin.py:188} INFO - [2025-01-08T12:25:55.593+0000] {dag.py:3823} INFO - Setting next_dagrun for latest_only_with_trigger to 2025-01-08 08:00:00+00:00, run_after=2025-01-08 12:00:00+00:00
[2025-01-08T12:25:55.635+0000] {processor.py:183} INFO - Processing /home/airflow/.local/lib/python3.8/site-packages/airflow/example_dags/example_latest_only_with_trigger.py took 0.207 seconds
[2025-01-08T12:26:36.169+0000] {processor.py:161} INFO - Started process (PID=1721) to work on /home/airflow/.local/lib/python3.8/site-packages/airflow/example_dags/example_latest_only_with_trigger.py
[2025-01-08T12:26:36.170+0000] {processor.py:830} INFO - Processing file /home/airflow/.local/lib/python3.8/site-packages/airflow/example_dags/example_latest_only_with_trigger.py for tasks to queue
[2025-01-08T12:26:36.176+0000] {logging_mixin.py:188} INFO - [2025-01-08T12:26:36.176+0000] {dagbag.py:538} INFO - Filling up the DagBag from /home/airflow/.local/lib/python3.8/site-packages/airflow/example_dags/example_latest_only_with_trigger.py
[2025-01-08T12:26:36.192+0000] {processor.py:840} INFO - DAG(s) 'latest_only_with_trigger' retrieved from /home/airflow/.local/lib/python3.8/site-packages/airflow/example_dags/example_latest_only_with_trigger.py
[2025-01-08T12:26:36.241+0000] {logging_mixin.py:188} INFO - [2025-01-08T12:26:36.240+0000] {dag.py:3036} INFO - Sync 1 DAGs
[2025-01-08T12:26:36.286+0000] {logging_mixin.py:188} INFO - [2025-01-08T12:26:36.286+0000] {dag.py:3823} INFO - Setting next_dagrun for latest_only_with_trigger to 2025-01-08 08:00:00+00:00, run_after=2025-01-08 12:00:00+00:00
[2025-01-08T12:26:36.351+0000] {processor.py:183} INFO - Processing /home/airflow/.local/lib/python3.8/site-packages/airflow/example_dags/example_latest_only_with_trigger.py took 0.198 seconds
[2025-01-08T12:27:06.884+0000] {processor.py:161} INFO - Started process (PID=1780) to work on /home/airflow/.local/lib/python3.8/site-packages/airflow/example_dags/example_latest_only_with_trigger.py
[2025-01-08T12:27:06.894+0000] {processor.py:830} INFO - Processing file /home/airflow/.local/lib/python3.8/site-packages/airflow/example_dags/example_latest_only_with_trigger.py for tasks to queue
[2025-01-08T12:27:06.900+0000] {logging_mixin.py:188} INFO - [2025-01-08T12:27:06.899+0000] {dagbag.py:538} INFO - Filling up the DagBag from /home/airflow/.local/lib/python3.8/site-packages/airflow/example_dags/example_latest_only_with_trigger.py
[2025-01-08T12:27:06.915+0000] {processor.py:840} INFO - DAG(s) 'latest_only_with_trigger' retrieved from /home/airflow/.local/lib/python3.8/site-packages/airflow/example_dags/example_latest_only_with_trigger.py
[2025-01-08T12:27:06.968+0000] {logging_mixin.py:188} INFO - [2025-01-08T12:27:06.967+0000] {dag.py:3036} INFO - Sync 1 DAGs
[2025-01-08T12:27:07.041+0000] {logging_mixin.py:188} INFO - [2025-01-08T12:27:07.040+0000] {dag.py:3823} INFO - Setting next_dagrun for latest_only_with_trigger to 2025-01-08 08:00:00+00:00, run_after=2025-01-08 12:00:00+00:00
[2025-01-08T12:27:07.105+0000] {processor.py:183} INFO - Processing /home/airflow/.local/lib/python3.8/site-packages/airflow/example_dags/example_latest_only_with_trigger.py took 0.228 seconds
[2025-01-08T12:27:38.235+0000] {processor.py:161} INFO - Started process (PID=1839) to work on /home/airflow/.local/lib/python3.8/site-packages/airflow/example_dags/example_latest_only_with_trigger.py
[2025-01-08T12:27:38.240+0000] {processor.py:830} INFO - Processing file /home/airflow/.local/lib/python3.8/site-packages/airflow/example_dags/example_latest_only_with_trigger.py for tasks to queue
[2025-01-08T12:27:38.248+0000] {logging_mixin.py:188} INFO - [2025-01-08T12:27:38.248+0000] {dagbag.py:538} INFO - Filling up the DagBag from /home/airflow/.local/lib/python3.8/site-packages/airflow/example_dags/example_latest_only_with_trigger.py
[2025-01-08T12:27:38.272+0000] {processor.py:840} INFO - DAG(s) 'latest_only_with_trigger' retrieved from /home/airflow/.local/lib/python3.8/site-packages/airflow/example_dags/example_latest_only_with_trigger.py
[2025-01-08T12:27:38.321+0000] {logging_mixin.py:188} INFO - [2025-01-08T12:27:38.315+0000] {dag.py:3036} INFO - Sync 1 DAGs
[2025-01-08T12:27:38.410+0000] {logging_mixin.py:188} INFO - [2025-01-08T12:27:38.410+0000] {dag.py:3823} INFO - Setting next_dagrun for latest_only_with_trigger to 2025-01-08 08:00:00+00:00, run_after=2025-01-08 12:00:00+00:00
[2025-01-08T12:27:38.547+0000] {processor.py:183} INFO - Processing /home/airflow/.local/lib/python3.8/site-packages/airflow/example_dags/example_latest_only_with_trigger.py took 0.319 seconds
[2025-01-08T12:28:08.957+0000] {processor.py:161} INFO - Started process (PID=1901) to work on /home/airflow/.local/lib/python3.8/site-packages/airflow/example_dags/example_latest_only_with_trigger.py
[2025-01-08T12:28:08.958+0000] {processor.py:830} INFO - Processing file /home/airflow/.local/lib/python3.8/site-packages/airflow/example_dags/example_latest_only_with_trigger.py for tasks to queue
[2025-01-08T12:28:08.961+0000] {logging_mixin.py:188} INFO - [2025-01-08T12:28:08.960+0000] {dagbag.py:538} INFO - Filling up the DagBag from /home/airflow/.local/lib/python3.8/site-packages/airflow/example_dags/example_latest_only_with_trigger.py
[2025-01-08T12:28:08.972+0000] {processor.py:840} INFO - DAG(s) 'latest_only_with_trigger' retrieved from /home/airflow/.local/lib/python3.8/site-packages/airflow/example_dags/example_latest_only_with_trigger.py
[2025-01-08T12:28:09.004+0000] {logging_mixin.py:188} INFO - [2025-01-08T12:28:09.004+0000] {dag.py:3036} INFO - Sync 1 DAGs
[2025-01-08T12:28:09.045+0000] {logging_mixin.py:188} INFO - [2025-01-08T12:28:09.044+0000] {dag.py:3823} INFO - Setting next_dagrun for latest_only_with_trigger to 2025-01-08 08:00:00+00:00, run_after=2025-01-08 12:00:00+00:00
[2025-01-08T12:28:09.079+0000] {processor.py:183} INFO - Processing /home/airflow/.local/lib/python3.8/site-packages/airflow/example_dags/example_latest_only_with_trigger.py took 0.129 seconds
[2025-01-08T12:28:39.667+0000] {processor.py:161} INFO - Started process (PID=1958) to work on /home/airflow/.local/lib/python3.8/site-packages/airflow/example_dags/example_latest_only_with_trigger.py
[2025-01-08T12:28:39.669+0000] {processor.py:830} INFO - Processing file /home/airflow/.local/lib/python3.8/site-packages/airflow/example_dags/example_latest_only_with_trigger.py for tasks to queue
[2025-01-08T12:28:39.674+0000] {logging_mixin.py:188} INFO - [2025-01-08T12:28:39.673+0000] {dagbag.py:538} INFO - Filling up the DagBag from /home/airflow/.local/lib/python3.8/site-packages/airflow/example_dags/example_latest_only_with_trigger.py
[2025-01-08T12:28:39.682+0000] {processor.py:840} INFO - DAG(s) 'latest_only_with_trigger' retrieved from /home/airflow/.local/lib/python3.8/site-packages/airflow/example_dags/example_latest_only_with_trigger.py
[2025-01-08T12:28:39.720+0000] {logging_mixin.py:188} INFO - [2025-01-08T12:28:39.720+0000] {dag.py:3036} INFO - Sync 1 DAGs
[2025-01-08T12:28:39.784+0000] {logging_mixin.py:188} INFO - [2025-01-08T12:28:39.783+0000] {dag.py:3823} INFO - Setting next_dagrun for latest_only_with_trigger to 2025-01-08 08:00:00+00:00, run_after=2025-01-08 12:00:00+00:00
[2025-01-08T12:28:39.836+0000] {processor.py:183} INFO - Processing /home/airflow/.local/lib/python3.8/site-packages/airflow/example_dags/example_latest_only_with_trigger.py took 0.175 seconds
[2025-01-08T12:29:10.611+0000] {processor.py:161} INFO - Started process (PID=2016) to work on /home/airflow/.local/lib/python3.8/site-packages/airflow/example_dags/example_latest_only_with_trigger.py
[2025-01-08T12:29:10.616+0000] {processor.py:830} INFO - Processing file /home/airflow/.local/lib/python3.8/site-packages/airflow/example_dags/example_latest_only_with_trigger.py for tasks to queue
[2025-01-08T12:29:10.621+0000] {logging_mixin.py:188} INFO - [2025-01-08T12:29:10.620+0000] {dagbag.py:538} INFO - Filling up the DagBag from /home/airflow/.local/lib/python3.8/site-packages/airflow/example_dags/example_latest_only_with_trigger.py
[2025-01-08T12:29:10.634+0000] {processor.py:840} INFO - DAG(s) 'latest_only_with_trigger' retrieved from /home/airflow/.local/lib/python3.8/site-packages/airflow/example_dags/example_latest_only_with_trigger.py
[2025-01-08T12:29:10.684+0000] {logging_mixin.py:188} INFO - [2025-01-08T12:29:10.683+0000] {dag.py:3036} INFO - Sync 1 DAGs
[2025-01-08T12:29:10.938+0000] {logging_mixin.py:188} INFO - [2025-01-08T12:29:10.938+0000] {dag.py:3823} INFO - Setting next_dagrun for latest_only_with_trigger to 2025-01-08 08:00:00+00:00, run_after=2025-01-08 12:00:00+00:00
[2025-01-08T12:29:11.006+0000] {processor.py:183} INFO - Processing /home/airflow/.local/lib/python3.8/site-packages/airflow/example_dags/example_latest_only_with_trigger.py took 0.401 seconds
[2025-01-08T12:29:41.473+0000] {processor.py:161} INFO - Started process (PID=2074) to work on /home/airflow/.local/lib/python3.8/site-packages/airflow/example_dags/example_latest_only_with_trigger.py
[2025-01-08T12:29:41.475+0000] {processor.py:830} INFO - Processing file /home/airflow/.local/lib/python3.8/site-packages/airflow/example_dags/example_latest_only_with_trigger.py for tasks to queue
[2025-01-08T12:29:41.480+0000] {logging_mixin.py:188} INFO - [2025-01-08T12:29:41.479+0000] {dagbag.py:538} INFO - Filling up the DagBag from /home/airflow/.local/lib/python3.8/site-packages/airflow/example_dags/example_latest_only_with_trigger.py
[2025-01-08T12:29:41.495+0000] {processor.py:840} INFO - DAG(s) 'latest_only_with_trigger' retrieved from /home/airflow/.local/lib/python3.8/site-packages/airflow/example_dags/example_latest_only_with_trigger.py
[2025-01-08T12:29:41.549+0000] {logging_mixin.py:188} INFO - [2025-01-08T12:29:41.549+0000] {dag.py:3036} INFO - Sync 1 DAGs
[2025-01-08T12:29:41.607+0000] {logging_mixin.py:188} INFO - [2025-01-08T12:29:41.607+0000] {dag.py:3823} INFO - Setting next_dagrun for latest_only_with_trigger to 2025-01-08 08:00:00+00:00, run_after=2025-01-08 12:00:00+00:00
[2025-01-08T12:29:41.822+0000] {processor.py:183} INFO - Processing /home/airflow/.local/lib/python3.8/site-packages/airflow/example_dags/example_latest_only_with_trigger.py took 0.356 seconds
[2025-01-08T12:30:11.967+0000] {processor.py:161} INFO - Started process (PID=2132) to work on /home/airflow/.local/lib/python3.8/site-packages/airflow/example_dags/example_latest_only_with_trigger.py
[2025-01-08T12:30:11.972+0000] {processor.py:830} INFO - Processing file /home/airflow/.local/lib/python3.8/site-packages/airflow/example_dags/example_latest_only_with_trigger.py for tasks to queue
[2025-01-08T12:30:11.978+0000] {logging_mixin.py:188} INFO - [2025-01-08T12:30:11.977+0000] {dagbag.py:538} INFO - Filling up the DagBag from /home/airflow/.local/lib/python3.8/site-packages/airflow/example_dags/example_latest_only_with_trigger.py
[2025-01-08T12:30:12.007+0000] {processor.py:840} INFO - DAG(s) 'latest_only_with_trigger' retrieved from /home/airflow/.local/lib/python3.8/site-packages/airflow/example_dags/example_latest_only_with_trigger.py
[2025-01-08T12:30:12.067+0000] {logging_mixin.py:188} INFO - [2025-01-08T12:30:12.067+0000] {dag.py:3036} INFO - Sync 1 DAGs
[2025-01-08T12:30:12.104+0000] {logging_mixin.py:188} INFO - [2025-01-08T12:30:12.104+0000] {dag.py:3823} INFO - Setting next_dagrun for latest_only_with_trigger to 2025-01-08 08:00:00+00:00, run_after=2025-01-08 12:00:00+00:00
[2025-01-08T12:30:12.138+0000] {processor.py:183} INFO - Processing /home/airflow/.local/lib/python3.8/site-packages/airflow/example_dags/example_latest_only_with_trigger.py took 0.186 seconds
[2025-01-08T12:30:42.209+0000] {processor.py:161} INFO - Started process (PID=2191) to work on /home/airflow/.local/lib/python3.8/site-packages/airflow/example_dags/example_latest_only_with_trigger.py
[2025-01-08T12:30:42.211+0000] {processor.py:830} INFO - Processing file /home/airflow/.local/lib/python3.8/site-packages/airflow/example_dags/example_latest_only_with_trigger.py for tasks to queue
[2025-01-08T12:30:42.214+0000] {logging_mixin.py:188} INFO - [2025-01-08T12:30:42.213+0000] {dagbag.py:538} INFO - Filling up the DagBag from /home/airflow/.local/lib/python3.8/site-packages/airflow/example_dags/example_latest_only_with_trigger.py
[2025-01-08T12:30:42.223+0000] {processor.py:840} INFO - DAG(s) 'latest_only_with_trigger' retrieved from /home/airflow/.local/lib/python3.8/site-packages/airflow/example_dags/example_latest_only_with_trigger.py
[2025-01-08T12:30:42.255+0000] {logging_mixin.py:188} INFO - [2025-01-08T12:30:42.255+0000] {dag.py:3036} INFO - Sync 1 DAGs
[2025-01-08T12:30:42.288+0000] {logging_mixin.py:188} INFO - [2025-01-08T12:30:42.288+0000] {dag.py:3823} INFO - Setting next_dagrun for latest_only_with_trigger to 2025-01-08 08:00:00+00:00, run_after=2025-01-08 12:00:00+00:00
[2025-01-08T12:30:42.321+0000] {processor.py:183} INFO - Processing /home/airflow/.local/lib/python3.8/site-packages/airflow/example_dags/example_latest_only_with_trigger.py took 0.117 seconds
[2025-01-08T12:31:13.091+0000] {processor.py:161} INFO - Started process (PID=2250) to work on /home/airflow/.local/lib/python3.8/site-packages/airflow/example_dags/example_latest_only_with_trigger.py
[2025-01-08T12:31:13.092+0000] {processor.py:830} INFO - Processing file /home/airflow/.local/lib/python3.8/site-packages/airflow/example_dags/example_latest_only_with_trigger.py for tasks to queue
[2025-01-08T12:31:13.095+0000] {logging_mixin.py:188} INFO - [2025-01-08T12:31:13.095+0000] {dagbag.py:538} INFO - Filling up the DagBag from /home/airflow/.local/lib/python3.8/site-packages/airflow/example_dags/example_latest_only_with_trigger.py
[2025-01-08T12:31:13.102+0000] {processor.py:840} INFO - DAG(s) 'latest_only_with_trigger' retrieved from /home/airflow/.local/lib/python3.8/site-packages/airflow/example_dags/example_latest_only_with_trigger.py
[2025-01-08T12:31:13.135+0000] {logging_mixin.py:188} INFO - [2025-01-08T12:31:13.135+0000] {dag.py:3036} INFO - Sync 1 DAGs
[2025-01-08T12:31:13.176+0000] {logging_mixin.py:188} INFO - [2025-01-08T12:31:13.175+0000] {dag.py:3823} INFO - Setting next_dagrun for latest_only_with_trigger to 2025-01-08 08:00:00+00:00, run_after=2025-01-08 12:00:00+00:00
[2025-01-08T12:31:13.207+0000] {processor.py:183} INFO - Processing /home/airflow/.local/lib/python3.8/site-packages/airflow/example_dags/example_latest_only_with_trigger.py took 0.121 seconds
[2025-01-08T12:31:44.823+0000] {processor.py:161} INFO - Started process (PID=2309) to work on /home/airflow/.local/lib/python3.8/site-packages/airflow/example_dags/example_latest_only_with_trigger.py
[2025-01-08T12:31:44.825+0000] {processor.py:830} INFO - Processing file /home/airflow/.local/lib/python3.8/site-packages/airflow/example_dags/example_latest_only_with_trigger.py for tasks to queue
[2025-01-08T12:31:44.827+0000] {logging_mixin.py:188} INFO - [2025-01-08T12:31:44.827+0000] {dagbag.py:538} INFO - Filling up the DagBag from /home/airflow/.local/lib/python3.8/site-packages/airflow/example_dags/example_latest_only_with_trigger.py
[2025-01-08T12:31:44.836+0000] {processor.py:840} INFO - DAG(s) 'latest_only_with_trigger' retrieved from /home/airflow/.local/lib/python3.8/site-packages/airflow/example_dags/example_latest_only_with_trigger.py
[2025-01-08T12:31:44.867+0000] {logging_mixin.py:188} INFO - [2025-01-08T12:31:44.867+0000] {dag.py:3036} INFO - Sync 1 DAGs
[2025-01-08T12:31:44.903+0000] {logging_mixin.py:188} INFO - [2025-01-08T12:31:44.902+0000] {dag.py:3823} INFO - Setting next_dagrun for latest_only_with_trigger to 2025-01-08 08:00:00+00:00, run_after=2025-01-08 12:00:00+00:00
[2025-01-08T12:31:44.937+0000] {processor.py:183} INFO - Processing /home/airflow/.local/lib/python3.8/site-packages/airflow/example_dags/example_latest_only_with_trigger.py took 0.119 seconds
[2025-01-08T12:32:15.209+0000] {processor.py:161} INFO - Started process (PID=2368) to work on /home/airflow/.local/lib/python3.8/site-packages/airflow/example_dags/example_latest_only_with_trigger.py
[2025-01-08T12:32:15.211+0000] {processor.py:830} INFO - Processing file /home/airflow/.local/lib/python3.8/site-packages/airflow/example_dags/example_latest_only_with_trigger.py for tasks to queue
[2025-01-08T12:32:15.216+0000] {logging_mixin.py:188} INFO - [2025-01-08T12:32:15.215+0000] {dagbag.py:538} INFO - Filling up the DagBag from /home/airflow/.local/lib/python3.8/site-packages/airflow/example_dags/example_latest_only_with_trigger.py
[2025-01-08T12:32:15.229+0000] {processor.py:840} INFO - DAG(s) 'latest_only_with_trigger' retrieved from /home/airflow/.local/lib/python3.8/site-packages/airflow/example_dags/example_latest_only_with_trigger.py
[2025-01-08T12:32:15.268+0000] {logging_mixin.py:188} INFO - [2025-01-08T12:32:15.267+0000] {dag.py:3036} INFO - Sync 1 DAGs
[2025-01-08T12:32:15.310+0000] {logging_mixin.py:188} INFO - [2025-01-08T12:32:15.309+0000] {dag.py:3823} INFO - Setting next_dagrun for latest_only_with_trigger to 2025-01-08 08:00:00+00:00, run_after=2025-01-08 12:00:00+00:00
[2025-01-08T12:32:15.342+0000] {processor.py:183} INFO - Processing /home/airflow/.local/lib/python3.8/site-packages/airflow/example_dags/example_latest_only_with_trigger.py took 0.143 seconds
[2025-01-08T12:32:45.929+0000] {processor.py:161} INFO - Started process (PID=2427) to work on /home/airflow/.local/lib/python3.8/site-packages/airflow/example_dags/example_latest_only_with_trigger.py
[2025-01-08T12:32:45.930+0000] {processor.py:830} INFO - Processing file /home/airflow/.local/lib/python3.8/site-packages/airflow/example_dags/example_latest_only_with_trigger.py for tasks to queue
[2025-01-08T12:32:45.933+0000] {logging_mixin.py:188} INFO - [2025-01-08T12:32:45.933+0000] {dagbag.py:538} INFO - Filling up the DagBag from /home/airflow/.local/lib/python3.8/site-packages/airflow/example_dags/example_latest_only_with_trigger.py
[2025-01-08T12:32:45.943+0000] {processor.py:840} INFO - DAG(s) 'latest_only_with_trigger' retrieved from /home/airflow/.local/lib/python3.8/site-packages/airflow/example_dags/example_latest_only_with_trigger.py
[2025-01-08T12:32:45.979+0000] {logging_mixin.py:188} INFO - [2025-01-08T12:32:45.979+0000] {dag.py:3036} INFO - Sync 1 DAGs
[2025-01-08T12:32:46.029+0000] {logging_mixin.py:188} INFO - [2025-01-08T12:32:46.028+0000] {dag.py:3823} INFO - Setting next_dagrun for latest_only_with_trigger to 2025-01-08 08:00:00+00:00, run_after=2025-01-08 12:00:00+00:00
[2025-01-08T12:32:46.067+0000] {processor.py:183} INFO - Processing /home/airflow/.local/lib/python3.8/site-packages/airflow/example_dags/example_latest_only_with_trigger.py took 0.144 seconds
[2025-01-08T12:33:16.612+0000] {processor.py:161} INFO - Started process (PID=2486) to work on /home/airflow/.local/lib/python3.8/site-packages/airflow/example_dags/example_latest_only_with_trigger.py
[2025-01-08T12:33:16.616+0000] {processor.py:830} INFO - Processing file /home/airflow/.local/lib/python3.8/site-packages/airflow/example_dags/example_latest_only_with_trigger.py for tasks to queue
[2025-01-08T12:33:16.619+0000] {logging_mixin.py:188} INFO - [2025-01-08T12:33:16.619+0000] {dagbag.py:538} INFO - Filling up the DagBag from /home/airflow/.local/lib/python3.8/site-packages/airflow/example_dags/example_latest_only_with_trigger.py
[2025-01-08T12:33:16.638+0000] {processor.py:840} INFO - DAG(s) 'latest_only_with_trigger' retrieved from /home/airflow/.local/lib/python3.8/site-packages/airflow/example_dags/example_latest_only_with_trigger.py
[2025-01-08T12:33:16.693+0000] {logging_mixin.py:188} INFO - [2025-01-08T12:33:16.693+0000] {dag.py:3036} INFO - Sync 1 DAGs
[2025-01-08T12:33:16.752+0000] {logging_mixin.py:188} INFO - [2025-01-08T12:33:16.751+0000] {dag.py:3823} INFO - Setting next_dagrun for latest_only_with_trigger to 2025-01-08 08:00:00+00:00, run_after=2025-01-08 12:00:00+00:00
[2025-01-08T12:33:16.790+0000] {processor.py:183} INFO - Processing /home/airflow/.local/lib/python3.8/site-packages/airflow/example_dags/example_latest_only_with_trigger.py took 0.186 seconds
[2025-01-08T12:33:47.991+0000] {processor.py:161} INFO - Started process (PID=2545) to work on /home/airflow/.local/lib/python3.8/site-packages/airflow/example_dags/example_latest_only_with_trigger.py
[2025-01-08T12:33:47.996+0000] {processor.py:830} INFO - Processing file /home/airflow/.local/lib/python3.8/site-packages/airflow/example_dags/example_latest_only_with_trigger.py for tasks to queue
[2025-01-08T12:33:48.000+0000] {logging_mixin.py:188} INFO - [2025-01-08T12:33:47.999+0000] {dagbag.py:538} INFO - Filling up the DagBag from /home/airflow/.local/lib/python3.8/site-packages/airflow/example_dags/example_latest_only_with_trigger.py
[2025-01-08T12:33:48.020+0000] {processor.py:840} INFO - DAG(s) 'latest_only_with_trigger' retrieved from /home/airflow/.local/lib/python3.8/site-packages/airflow/example_dags/example_latest_only_with_trigger.py
[2025-01-08T12:33:48.081+0000] {logging_mixin.py:188} INFO - [2025-01-08T12:33:48.079+0000] {dag.py:3036} INFO - Sync 1 DAGs
[2025-01-08T12:33:48.160+0000] {logging_mixin.py:188} INFO - [2025-01-08T12:33:48.159+0000] {dag.py:3823} INFO - Setting next_dagrun for latest_only_with_trigger to 2025-01-08 08:00:00+00:00, run_after=2025-01-08 12:00:00+00:00
[2025-01-08T12:33:48.228+0000] {processor.py:183} INFO - Processing /home/airflow/.local/lib/python3.8/site-packages/airflow/example_dags/example_latest_only_with_trigger.py took 0.250 seconds
