[2025-01-08T12:11:55.253+0000] {processor.py:161} INFO - Started process (PID=52) to work on /home/airflow/.local/lib/python3.8/site-packages/airflow/example_dags/example_branch_operator.py
[2025-01-08T12:11:55.258+0000] {processor.py:830} INFO - Processing file /home/airflow/.local/lib/python3.8/site-packages/airflow/example_dags/example_branch_operator.py for tasks to queue
[2025-01-08T12:11:55.265+0000] {logging_mixin.py:188} INFO - [2025-01-08T12:11:55.264+0000] {dagbag.py:538} INFO - Filling up the DagBag from /home/airflow/.local/lib/python3.8/site-packages/airflow/example_dags/example_branch_operator.py
[2025-01-08T12:11:55.414+0000] {processor.py:840} INFO - DAG(s) 'example_branch_operator' retrieved from /home/airflow/.local/lib/python3.8/site-packages/airflow/example_dags/example_branch_operator.py
[2025-01-08T12:11:56.013+0000] {logging_mixin.py:188} INFO - [2025-01-08T12:11:56.013+0000] {dag.py:3036} INFO - Sync 1 DAGs
[2025-01-08T12:11:56.194+0000] {logging_mixin.py:188} INFO - [2025-01-08T12:11:56.194+0000] {dag.py:3823} INFO - Setting next_dagrun for example_branch_operator to 2025-01-07 00:00:00+00:00, run_after=2025-01-08 00:00:00+00:00
[2025-01-08T12:11:56.407+0000] {processor.py:183} INFO - Processing /home/airflow/.local/lib/python3.8/site-packages/airflow/example_dags/example_branch_operator.py took 1.174 seconds
[2025-01-08T12:12:26.809+0000] {processor.py:161} INFO - Started process (PID=109) to work on /home/airflow/.local/lib/python3.8/site-packages/airflow/example_dags/example_branch_operator.py
[2025-01-08T12:12:26.810+0000] {processor.py:830} INFO - Processing file /home/airflow/.local/lib/python3.8/site-packages/airflow/example_dags/example_branch_operator.py for tasks to queue
[2025-01-08T12:12:26.813+0000] {logging_mixin.py:188} INFO - [2025-01-08T12:12:26.813+0000] {dagbag.py:538} INFO - Filling up the DagBag from /home/airflow/.local/lib/python3.8/site-packages/airflow/example_dags/example_branch_operator.py
[2025-01-08T12:12:26.847+0000] {processor.py:840} INFO - DAG(s) 'example_branch_operator' retrieved from /home/airflow/.local/lib/python3.8/site-packages/airflow/example_dags/example_branch_operator.py
[2025-01-08T12:12:26.903+0000] {logging_mixin.py:188} INFO - [2025-01-08T12:12:26.903+0000] {dag.py:3036} INFO - Sync 1 DAGs
[2025-01-08T12:12:26.995+0000] {logging_mixin.py:188} INFO - [2025-01-08T12:12:26.995+0000] {dag.py:3823} INFO - Setting next_dagrun for example_branch_operator to 2025-01-07 00:00:00+00:00, run_after=2025-01-08 00:00:00+00:00
[2025-01-08T12:12:27.058+0000] {processor.py:183} INFO - Processing /home/airflow/.local/lib/python3.8/site-packages/airflow/example_dags/example_branch_operator.py took 0.255 seconds
[2025-01-08T12:12:57.612+0000] {processor.py:161} INFO - Started process (PID=166) to work on /home/airflow/.local/lib/python3.8/site-packages/airflow/example_dags/example_branch_operator.py
[2025-01-08T12:12:57.614+0000] {processor.py:830} INFO - Processing file /home/airflow/.local/lib/python3.8/site-packages/airflow/example_dags/example_branch_operator.py for tasks to queue
[2025-01-08T12:12:57.619+0000] {logging_mixin.py:188} INFO - [2025-01-08T12:12:57.618+0000] {dagbag.py:538} INFO - Filling up the DagBag from /home/airflow/.local/lib/python3.8/site-packages/airflow/example_dags/example_branch_operator.py
[2025-01-08T12:12:57.647+0000] {processor.py:840} INFO - DAG(s) 'example_branch_operator' retrieved from /home/airflow/.local/lib/python3.8/site-packages/airflow/example_dags/example_branch_operator.py
[2025-01-08T12:12:57.735+0000] {logging_mixin.py:188} INFO - [2025-01-08T12:12:57.734+0000] {dag.py:3036} INFO - Sync 1 DAGs
[2025-01-08T12:12:57.819+0000] {logging_mixin.py:188} INFO - [2025-01-08T12:12:57.819+0000] {dag.py:3823} INFO - Setting next_dagrun for example_branch_operator to 2025-01-07 00:00:00+00:00, run_after=2025-01-08 00:00:00+00:00
[2025-01-08T12:12:57.876+0000] {processor.py:183} INFO - Processing /home/airflow/.local/lib/python3.8/site-packages/airflow/example_dags/example_branch_operator.py took 0.270 seconds
[2025-01-08T12:13:28.113+0000] {processor.py:161} INFO - Started process (PID=223) to work on /home/airflow/.local/lib/python3.8/site-packages/airflow/example_dags/example_branch_operator.py
[2025-01-08T12:13:28.115+0000] {processor.py:830} INFO - Processing file /home/airflow/.local/lib/python3.8/site-packages/airflow/example_dags/example_branch_operator.py for tasks to queue
[2025-01-08T12:13:28.128+0000] {logging_mixin.py:188} INFO - [2025-01-08T12:13:28.127+0000] {dagbag.py:538} INFO - Filling up the DagBag from /home/airflow/.local/lib/python3.8/site-packages/airflow/example_dags/example_branch_operator.py
[2025-01-08T12:13:28.192+0000] {processor.py:840} INFO - DAG(s) 'example_branch_operator' retrieved from /home/airflow/.local/lib/python3.8/site-packages/airflow/example_dags/example_branch_operator.py
[2025-01-08T12:13:28.345+0000] {logging_mixin.py:188} INFO - [2025-01-08T12:13:28.344+0000] {dag.py:3036} INFO - Sync 1 DAGs
[2025-01-08T12:13:28.494+0000] {logging_mixin.py:188} INFO - [2025-01-08T12:13:28.494+0000] {dag.py:3823} INFO - Setting next_dagrun for example_branch_operator to 2025-01-07 00:00:00+00:00, run_after=2025-01-08 00:00:00+00:00
[2025-01-08T12:13:28.564+0000] {processor.py:183} INFO - Processing /home/airflow/.local/lib/python3.8/site-packages/airflow/example_dags/example_branch_operator.py took 0.457 seconds
[2025-01-08T12:13:59.196+0000] {processor.py:161} INFO - Started process (PID=280) to work on /home/airflow/.local/lib/python3.8/site-packages/airflow/example_dags/example_branch_operator.py
[2025-01-08T12:13:59.198+0000] {processor.py:830} INFO - Processing file /home/airflow/.local/lib/python3.8/site-packages/airflow/example_dags/example_branch_operator.py for tasks to queue
[2025-01-08T12:13:59.201+0000] {logging_mixin.py:188} INFO - [2025-01-08T12:13:59.201+0000] {dagbag.py:538} INFO - Filling up the DagBag from /home/airflow/.local/lib/python3.8/site-packages/airflow/example_dags/example_branch_operator.py
[2025-01-08T12:13:59.238+0000] {processor.py:840} INFO - DAG(s) 'example_branch_operator' retrieved from /home/airflow/.local/lib/python3.8/site-packages/airflow/example_dags/example_branch_operator.py
[2025-01-08T12:13:59.286+0000] {logging_mixin.py:188} INFO - [2025-01-08T12:13:59.286+0000] {dag.py:3036} INFO - Sync 1 DAGs
[2025-01-08T12:13:59.323+0000] {logging_mixin.py:188} INFO - [2025-01-08T12:13:59.323+0000] {dag.py:3823} INFO - Setting next_dagrun for example_branch_operator to 2025-01-07 00:00:00+00:00, run_after=2025-01-08 00:00:00+00:00
[2025-01-08T12:13:59.354+0000] {processor.py:183} INFO - Processing /home/airflow/.local/lib/python3.8/site-packages/airflow/example_dags/example_branch_operator.py took 0.166 seconds
[2025-01-08T12:14:29.495+0000] {processor.py:161} INFO - Started process (PID=337) to work on /home/airflow/.local/lib/python3.8/site-packages/airflow/example_dags/example_branch_operator.py
[2025-01-08T12:14:29.497+0000] {processor.py:830} INFO - Processing file /home/airflow/.local/lib/python3.8/site-packages/airflow/example_dags/example_branch_operator.py for tasks to queue
[2025-01-08T12:14:29.501+0000] {logging_mixin.py:188} INFO - [2025-01-08T12:14:29.501+0000] {dagbag.py:538} INFO - Filling up the DagBag from /home/airflow/.local/lib/python3.8/site-packages/airflow/example_dags/example_branch_operator.py
[2025-01-08T12:14:29.547+0000] {processor.py:840} INFO - DAG(s) 'example_branch_operator' retrieved from /home/airflow/.local/lib/python3.8/site-packages/airflow/example_dags/example_branch_operator.py
[2025-01-08T12:14:29.600+0000] {logging_mixin.py:188} INFO - [2025-01-08T12:14:29.600+0000] {dag.py:3036} INFO - Sync 1 DAGs
[2025-01-08T12:14:29.643+0000] {logging_mixin.py:188} INFO - [2025-01-08T12:14:29.643+0000] {dag.py:3823} INFO - Setting next_dagrun for example_branch_operator to 2025-01-07 00:00:00+00:00, run_after=2025-01-08 00:00:00+00:00
[2025-01-08T12:14:29.669+0000] {processor.py:183} INFO - Processing /home/airflow/.local/lib/python3.8/site-packages/airflow/example_dags/example_branch_operator.py took 0.181 seconds
[2025-01-08T12:15:00.160+0000] {processor.py:161} INFO - Started process (PID=394) to work on /home/airflow/.local/lib/python3.8/site-packages/airflow/example_dags/example_branch_operator.py
[2025-01-08T12:15:00.163+0000] {processor.py:830} INFO - Processing file /home/airflow/.local/lib/python3.8/site-packages/airflow/example_dags/example_branch_operator.py for tasks to queue
[2025-01-08T12:15:00.168+0000] {logging_mixin.py:188} INFO - [2025-01-08T12:15:00.167+0000] {dagbag.py:538} INFO - Filling up the DagBag from /home/airflow/.local/lib/python3.8/site-packages/airflow/example_dags/example_branch_operator.py
[2025-01-08T12:15:00.211+0000] {processor.py:840} INFO - DAG(s) 'example_branch_operator' retrieved from /home/airflow/.local/lib/python3.8/site-packages/airflow/example_dags/example_branch_operator.py
[2025-01-08T12:15:00.288+0000] {logging_mixin.py:188} INFO - [2025-01-08T12:15:00.288+0000] {dag.py:3036} INFO - Sync 1 DAGs
[2025-01-08T12:15:00.341+0000] {logging_mixin.py:188} INFO - [2025-01-08T12:15:00.341+0000] {dag.py:3823} INFO - Setting next_dagrun for example_branch_operator to 2025-01-07 00:00:00+00:00, run_after=2025-01-08 00:00:00+00:00
[2025-01-08T12:15:00.368+0000] {processor.py:183} INFO - Processing /home/airflow/.local/lib/python3.8/site-packages/airflow/example_dags/example_branch_operator.py took 0.215 seconds
[2025-01-08T12:15:31.282+0000] {processor.py:161} INFO - Started process (PID=451) to work on /home/airflow/.local/lib/python3.8/site-packages/airflow/example_dags/example_branch_operator.py
[2025-01-08T12:15:31.285+0000] {processor.py:830} INFO - Processing file /home/airflow/.local/lib/python3.8/site-packages/airflow/example_dags/example_branch_operator.py for tasks to queue
[2025-01-08T12:15:31.291+0000] {logging_mixin.py:188} INFO - [2025-01-08T12:15:31.289+0000] {dagbag.py:538} INFO - Filling up the DagBag from /home/airflow/.local/lib/python3.8/site-packages/airflow/example_dags/example_branch_operator.py
[2025-01-08T12:15:31.337+0000] {processor.py:840} INFO - DAG(s) 'example_branch_operator' retrieved from /home/airflow/.local/lib/python3.8/site-packages/airflow/example_dags/example_branch_operator.py
[2025-01-08T12:15:31.411+0000] {logging_mixin.py:188} INFO - [2025-01-08T12:15:31.410+0000] {dag.py:3036} INFO - Sync 1 DAGs
[2025-01-08T12:15:31.461+0000] {logging_mixin.py:188} INFO - [2025-01-08T12:15:31.460+0000] {dag.py:3823} INFO - Setting next_dagrun for example_branch_operator to 2025-01-07 00:00:00+00:00, run_after=2025-01-08 00:00:00+00:00
[2025-01-08T12:15:31.493+0000] {processor.py:183} INFO - Processing /home/airflow/.local/lib/python3.8/site-packages/airflow/example_dags/example_branch_operator.py took 0.235 seconds
[2025-01-08T12:16:01.816+0000] {processor.py:161} INFO - Started process (PID=508) to work on /home/airflow/.local/lib/python3.8/site-packages/airflow/example_dags/example_branch_operator.py
[2025-01-08T12:16:01.820+0000] {processor.py:830} INFO - Processing file /home/airflow/.local/lib/python3.8/site-packages/airflow/example_dags/example_branch_operator.py for tasks to queue
[2025-01-08T12:16:01.827+0000] {logging_mixin.py:188} INFO - [2025-01-08T12:16:01.827+0000] {dagbag.py:538} INFO - Filling up the DagBag from /home/airflow/.local/lib/python3.8/site-packages/airflow/example_dags/example_branch_operator.py
[2025-01-08T12:16:01.876+0000] {processor.py:840} INFO - DAG(s) 'example_branch_operator' retrieved from /home/airflow/.local/lib/python3.8/site-packages/airflow/example_dags/example_branch_operator.py
[2025-01-08T12:16:01.940+0000] {logging_mixin.py:188} INFO - [2025-01-08T12:16:01.940+0000] {dag.py:3036} INFO - Sync 1 DAGs
[2025-01-08T12:16:01.990+0000] {logging_mixin.py:188} INFO - [2025-01-08T12:16:01.990+0000] {dag.py:3823} INFO - Setting next_dagrun for example_branch_operator to 2025-01-07 00:00:00+00:00, run_after=2025-01-08 00:00:00+00:00
[2025-01-08T12:16:02.029+0000] {processor.py:183} INFO - Processing /home/airflow/.local/lib/python3.8/site-packages/airflow/example_dags/example_branch_operator.py took 0.223 seconds
[2025-01-08T12:16:32.147+0000] {processor.py:161} INFO - Started process (PID=566) to work on /home/airflow/.local/lib/python3.8/site-packages/airflow/example_dags/example_branch_operator.py
[2025-01-08T12:16:32.149+0000] {processor.py:830} INFO - Processing file /home/airflow/.local/lib/python3.8/site-packages/airflow/example_dags/example_branch_operator.py for tasks to queue
[2025-01-08T12:16:32.152+0000] {logging_mixin.py:188} INFO - [2025-01-08T12:16:32.152+0000] {dagbag.py:538} INFO - Filling up the DagBag from /home/airflow/.local/lib/python3.8/site-packages/airflow/example_dags/example_branch_operator.py
[2025-01-08T12:16:32.198+0000] {processor.py:840} INFO - DAG(s) 'example_branch_operator' retrieved from /home/airflow/.local/lib/python3.8/site-packages/airflow/example_dags/example_branch_operator.py
[2025-01-08T12:16:32.283+0000] {logging_mixin.py:188} INFO - [2025-01-08T12:16:32.282+0000] {dag.py:3036} INFO - Sync 1 DAGs
[2025-01-08T12:16:32.337+0000] {logging_mixin.py:188} INFO - [2025-01-08T12:16:32.337+0000] {dag.py:3823} INFO - Setting next_dagrun for example_branch_operator to 2025-01-07 00:00:00+00:00, run_after=2025-01-08 00:00:00+00:00
[2025-01-08T12:16:32.391+0000] {processor.py:183} INFO - Processing /home/airflow/.local/lib/python3.8/site-packages/airflow/example_dags/example_branch_operator.py took 0.252 seconds
[2025-01-08T12:17:03.148+0000] {processor.py:161} INFO - Started process (PID=625) to work on /home/airflow/.local/lib/python3.8/site-packages/airflow/example_dags/example_branch_operator.py
[2025-01-08T12:17:03.153+0000] {processor.py:830} INFO - Processing file /home/airflow/.local/lib/python3.8/site-packages/airflow/example_dags/example_branch_operator.py for tasks to queue
[2025-01-08T12:17:03.161+0000] {logging_mixin.py:188} INFO - [2025-01-08T12:17:03.159+0000] {dagbag.py:538} INFO - Filling up the DagBag from /home/airflow/.local/lib/python3.8/site-packages/airflow/example_dags/example_branch_operator.py
[2025-01-08T12:17:03.217+0000] {processor.py:840} INFO - DAG(s) 'example_branch_operator' retrieved from /home/airflow/.local/lib/python3.8/site-packages/airflow/example_dags/example_branch_operator.py
[2025-01-08T12:17:03.262+0000] {logging_mixin.py:188} INFO - [2025-01-08T12:17:03.262+0000] {dag.py:3036} INFO - Sync 1 DAGs
[2025-01-08T12:17:03.295+0000] {logging_mixin.py:188} INFO - [2025-01-08T12:17:03.294+0000] {dag.py:3823} INFO - Setting next_dagrun for example_branch_operator to 2025-01-07 00:00:00+00:00, run_after=2025-01-08 00:00:00+00:00
[2025-01-08T12:17:03.323+0000] {processor.py:183} INFO - Processing /home/airflow/.local/lib/python3.8/site-packages/airflow/example_dags/example_branch_operator.py took 0.195 seconds
[2025-01-08T12:17:33.541+0000] {processor.py:161} INFO - Started process (PID=684) to work on /home/airflow/.local/lib/python3.8/site-packages/airflow/example_dags/example_branch_operator.py
[2025-01-08T12:17:33.557+0000] {processor.py:830} INFO - Processing file /home/airflow/.local/lib/python3.8/site-packages/airflow/example_dags/example_branch_operator.py for tasks to queue
[2025-01-08T12:17:33.576+0000] {logging_mixin.py:188} INFO - [2025-01-08T12:17:33.575+0000] {dagbag.py:538} INFO - Filling up the DagBag from /home/airflow/.local/lib/python3.8/site-packages/airflow/example_dags/example_branch_operator.py
[2025-01-08T12:17:33.649+0000] {processor.py:840} INFO - DAG(s) 'example_branch_operator' retrieved from /home/airflow/.local/lib/python3.8/site-packages/airflow/example_dags/example_branch_operator.py
[2025-01-08T12:17:33.691+0000] {logging_mixin.py:188} INFO - [2025-01-08T12:17:33.691+0000] {dag.py:3036} INFO - Sync 1 DAGs
[2025-01-08T12:17:33.726+0000] {logging_mixin.py:188} INFO - [2025-01-08T12:17:33.725+0000] {dag.py:3823} INFO - Setting next_dagrun for example_branch_operator to 2025-01-07 00:00:00+00:00, run_after=2025-01-08 00:00:00+00:00
[2025-01-08T12:17:33.752+0000] {processor.py:183} INFO - Processing /home/airflow/.local/lib/python3.8/site-packages/airflow/example_dags/example_branch_operator.py took 0.235 seconds
[2025-01-08T12:18:04.132+0000] {processor.py:161} INFO - Started process (PID=743) to work on /home/airflow/.local/lib/python3.8/site-packages/airflow/example_dags/example_branch_operator.py
[2025-01-08T12:18:04.133+0000] {processor.py:830} INFO - Processing file /home/airflow/.local/lib/python3.8/site-packages/airflow/example_dags/example_branch_operator.py for tasks to queue
[2025-01-08T12:18:04.137+0000] {logging_mixin.py:188} INFO - [2025-01-08T12:18:04.136+0000] {dagbag.py:538} INFO - Filling up the DagBag from /home/airflow/.local/lib/python3.8/site-packages/airflow/example_dags/example_branch_operator.py
[2025-01-08T12:18:04.173+0000] {processor.py:840} INFO - DAG(s) 'example_branch_operator' retrieved from /home/airflow/.local/lib/python3.8/site-packages/airflow/example_dags/example_branch_operator.py
[2025-01-08T12:18:04.226+0000] {logging_mixin.py:188} INFO - [2025-01-08T12:18:04.225+0000] {dag.py:3036} INFO - Sync 1 DAGs
[2025-01-08T12:18:04.280+0000] {logging_mixin.py:188} INFO - [2025-01-08T12:18:04.280+0000] {dag.py:3823} INFO - Setting next_dagrun for example_branch_operator to 2025-01-07 00:00:00+00:00, run_after=2025-01-08 00:00:00+00:00
[2025-01-08T12:18:04.328+0000] {processor.py:183} INFO - Processing /home/airflow/.local/lib/python3.8/site-packages/airflow/example_dags/example_branch_operator.py took 0.202 seconds
[2025-01-08T12:18:36.322+0000] {processor.py:161} INFO - Started process (PID=802) to work on /home/airflow/.local/lib/python3.8/site-packages/airflow/example_dags/example_branch_operator.py
[2025-01-08T12:18:36.324+0000] {processor.py:830} INFO - Processing file /home/airflow/.local/lib/python3.8/site-packages/airflow/example_dags/example_branch_operator.py for tasks to queue
[2025-01-08T12:18:36.327+0000] {logging_mixin.py:188} INFO - [2025-01-08T12:18:36.327+0000] {dagbag.py:538} INFO - Filling up the DagBag from /home/airflow/.local/lib/python3.8/site-packages/airflow/example_dags/example_branch_operator.py
[2025-01-08T12:18:36.380+0000] {processor.py:840} INFO - DAG(s) 'example_branch_operator' retrieved from /home/airflow/.local/lib/python3.8/site-packages/airflow/example_dags/example_branch_operator.py
[2025-01-08T12:18:36.467+0000] {logging_mixin.py:188} INFO - [2025-01-08T12:18:36.467+0000] {dag.py:3036} INFO - Sync 1 DAGs
[2025-01-08T12:18:36.527+0000] {logging_mixin.py:188} INFO - [2025-01-08T12:18:36.527+0000] {dag.py:3823} INFO - Setting next_dagrun for example_branch_operator to 2025-01-07 00:00:00+00:00, run_after=2025-01-08 00:00:00+00:00
[2025-01-08T12:18:36.568+0000] {processor.py:183} INFO - Processing /home/airflow/.local/lib/python3.8/site-packages/airflow/example_dags/example_branch_operator.py took 0.252 seconds
[2025-01-08T12:19:07.512+0000] {processor.py:161} INFO - Started process (PID=862) to work on /home/airflow/.local/lib/python3.8/site-packages/airflow/example_dags/example_branch_operator.py
[2025-01-08T12:19:07.513+0000] {processor.py:830} INFO - Processing file /home/airflow/.local/lib/python3.8/site-packages/airflow/example_dags/example_branch_operator.py for tasks to queue
[2025-01-08T12:19:07.516+0000] {logging_mixin.py:188} INFO - [2025-01-08T12:19:07.515+0000] {dagbag.py:538} INFO - Filling up the DagBag from /home/airflow/.local/lib/python3.8/site-packages/airflow/example_dags/example_branch_operator.py
[2025-01-08T12:19:07.584+0000] {processor.py:840} INFO - DAG(s) 'example_branch_operator' retrieved from /home/airflow/.local/lib/python3.8/site-packages/airflow/example_dags/example_branch_operator.py
[2025-01-08T12:19:07.670+0000] {logging_mixin.py:188} INFO - [2025-01-08T12:19:07.669+0000] {dag.py:3036} INFO - Sync 1 DAGs
[2025-01-08T12:19:07.746+0000] {logging_mixin.py:188} INFO - [2025-01-08T12:19:07.745+0000] {dag.py:3823} INFO - Setting next_dagrun for example_branch_operator to 2025-01-07 00:00:00+00:00, run_after=2025-01-08 00:00:00+00:00
[2025-01-08T12:19:07.796+0000] {processor.py:183} INFO - Processing /home/airflow/.local/lib/python3.8/site-packages/airflow/example_dags/example_branch_operator.py took 0.291 seconds
[2025-01-08T12:19:38.130+0000] {processor.py:161} INFO - Started process (PID=919) to work on /home/airflow/.local/lib/python3.8/site-packages/airflow/example_dags/example_branch_operator.py
[2025-01-08T12:19:38.131+0000] {processor.py:830} INFO - Processing file /home/airflow/.local/lib/python3.8/site-packages/airflow/example_dags/example_branch_operator.py for tasks to queue
[2025-01-08T12:19:38.136+0000] {logging_mixin.py:188} INFO - [2025-01-08T12:19:38.134+0000] {dagbag.py:538} INFO - Filling up the DagBag from /home/airflow/.local/lib/python3.8/site-packages/airflow/example_dags/example_branch_operator.py
[2025-01-08T12:19:38.167+0000] {processor.py:840} INFO - DAG(s) 'example_branch_operator' retrieved from /home/airflow/.local/lib/python3.8/site-packages/airflow/example_dags/example_branch_operator.py
[2025-01-08T12:19:38.215+0000] {logging_mixin.py:188} INFO - [2025-01-08T12:19:38.215+0000] {dag.py:3036} INFO - Sync 1 DAGs
[2025-01-08T12:19:38.260+0000] {logging_mixin.py:188} INFO - [2025-01-08T12:19:38.259+0000] {dag.py:3823} INFO - Setting next_dagrun for example_branch_operator to 2025-01-07 00:00:00+00:00, run_after=2025-01-08 00:00:00+00:00
[2025-01-08T12:19:38.295+0000] {processor.py:183} INFO - Processing /home/airflow/.local/lib/python3.8/site-packages/airflow/example_dags/example_branch_operator.py took 0.171 seconds
[2025-01-08T12:20:09.051+0000] {processor.py:161} INFO - Started process (PID=978) to work on /home/airflow/.local/lib/python3.8/site-packages/airflow/example_dags/example_branch_operator.py
[2025-01-08T12:20:09.053+0000] {processor.py:830} INFO - Processing file /home/airflow/.local/lib/python3.8/site-packages/airflow/example_dags/example_branch_operator.py for tasks to queue
[2025-01-08T12:20:09.056+0000] {logging_mixin.py:188} INFO - [2025-01-08T12:20:09.056+0000] {dagbag.py:538} INFO - Filling up the DagBag from /home/airflow/.local/lib/python3.8/site-packages/airflow/example_dags/example_branch_operator.py
[2025-01-08T12:20:09.086+0000] {processor.py:840} INFO - DAG(s) 'example_branch_operator' retrieved from /home/airflow/.local/lib/python3.8/site-packages/airflow/example_dags/example_branch_operator.py
[2025-01-08T12:20:09.137+0000] {logging_mixin.py:188} INFO - [2025-01-08T12:20:09.137+0000] {dag.py:3036} INFO - Sync 1 DAGs
[2025-01-08T12:20:09.175+0000] {logging_mixin.py:188} INFO - [2025-01-08T12:20:09.175+0000] {dag.py:3823} INFO - Setting next_dagrun for example_branch_operator to 2025-01-07 00:00:00+00:00, run_after=2025-01-08 00:00:00+00:00
[2025-01-08T12:20:09.213+0000] {processor.py:183} INFO - Processing /home/airflow/.local/lib/python3.8/site-packages/airflow/example_dags/example_branch_operator.py took 0.167 seconds
[2025-01-08T12:20:39.753+0000] {processor.py:161} INFO - Started process (PID=1037) to work on /home/airflow/.local/lib/python3.8/site-packages/airflow/example_dags/example_branch_operator.py
[2025-01-08T12:20:39.756+0000] {processor.py:830} INFO - Processing file /home/airflow/.local/lib/python3.8/site-packages/airflow/example_dags/example_branch_operator.py for tasks to queue
[2025-01-08T12:20:39.761+0000] {logging_mixin.py:188} INFO - [2025-01-08T12:20:39.760+0000] {dagbag.py:538} INFO - Filling up the DagBag from /home/airflow/.local/lib/python3.8/site-packages/airflow/example_dags/example_branch_operator.py
[2025-01-08T12:20:39.808+0000] {processor.py:840} INFO - DAG(s) 'example_branch_operator' retrieved from /home/airflow/.local/lib/python3.8/site-packages/airflow/example_dags/example_branch_operator.py
[2025-01-08T12:20:39.879+0000] {logging_mixin.py:188} INFO - [2025-01-08T12:20:39.878+0000] {dag.py:3036} INFO - Sync 1 DAGs
[2025-01-08T12:20:39.937+0000] {logging_mixin.py:188} INFO - [2025-01-08T12:20:39.937+0000] {dag.py:3823} INFO - Setting next_dagrun for example_branch_operator to 2025-01-07 00:00:00+00:00, run_after=2025-01-08 00:00:00+00:00
[2025-01-08T12:20:40.037+0000] {processor.py:183} INFO - Processing /home/airflow/.local/lib/python3.8/site-packages/airflow/example_dags/example_branch_operator.py took 0.291 seconds
[2025-01-08T12:21:10.910+0000] {processor.py:161} INFO - Started process (PID=1096) to work on /home/airflow/.local/lib/python3.8/site-packages/airflow/example_dags/example_branch_operator.py
[2025-01-08T12:21:10.912+0000] {processor.py:830} INFO - Processing file /home/airflow/.local/lib/python3.8/site-packages/airflow/example_dags/example_branch_operator.py for tasks to queue
[2025-01-08T12:21:10.915+0000] {logging_mixin.py:188} INFO - [2025-01-08T12:21:10.915+0000] {dagbag.py:538} INFO - Filling up the DagBag from /home/airflow/.local/lib/python3.8/site-packages/airflow/example_dags/example_branch_operator.py
[2025-01-08T12:21:10.952+0000] {processor.py:840} INFO - DAG(s) 'example_branch_operator' retrieved from /home/airflow/.local/lib/python3.8/site-packages/airflow/example_dags/example_branch_operator.py
[2025-01-08T12:21:11.005+0000] {logging_mixin.py:188} INFO - [2025-01-08T12:21:11.004+0000] {dag.py:3036} INFO - Sync 1 DAGs
[2025-01-08T12:21:11.073+0000] {logging_mixin.py:188} INFO - [2025-01-08T12:21:11.072+0000] {dag.py:3823} INFO - Setting next_dagrun for example_branch_operator to 2025-01-07 00:00:00+00:00, run_after=2025-01-08 00:00:00+00:00
[2025-01-08T12:21:11.171+0000] {processor.py:183} INFO - Processing /home/airflow/.local/lib/python3.8/site-packages/airflow/example_dags/example_branch_operator.py took 0.271 seconds
[2025-01-08T12:21:41.412+0000] {processor.py:161} INFO - Started process (PID=1154) to work on /home/airflow/.local/lib/python3.8/site-packages/airflow/example_dags/example_branch_operator.py
[2025-01-08T12:21:41.413+0000] {processor.py:830} INFO - Processing file /home/airflow/.local/lib/python3.8/site-packages/airflow/example_dags/example_branch_operator.py for tasks to queue
[2025-01-08T12:21:41.416+0000] {logging_mixin.py:188} INFO - [2025-01-08T12:21:41.416+0000] {dagbag.py:538} INFO - Filling up the DagBag from /home/airflow/.local/lib/python3.8/site-packages/airflow/example_dags/example_branch_operator.py
[2025-01-08T12:21:41.450+0000] {processor.py:840} INFO - DAG(s) 'example_branch_operator' retrieved from /home/airflow/.local/lib/python3.8/site-packages/airflow/example_dags/example_branch_operator.py
[2025-01-08T12:21:41.517+0000] {logging_mixin.py:188} INFO - [2025-01-08T12:21:41.517+0000] {dag.py:3036} INFO - Sync 1 DAGs
[2025-01-08T12:21:41.555+0000] {logging_mixin.py:188} INFO - [2025-01-08T12:21:41.554+0000] {dag.py:3823} INFO - Setting next_dagrun for example_branch_operator to 2025-01-07 00:00:00+00:00, run_after=2025-01-08 00:00:00+00:00
[2025-01-08T12:21:41.588+0000] {processor.py:183} INFO - Processing /home/airflow/.local/lib/python3.8/site-packages/airflow/example_dags/example_branch_operator.py took 0.182 seconds
[2025-01-08T12:22:12.178+0000] {processor.py:161} INFO - Started process (PID=1214) to work on /home/airflow/.local/lib/python3.8/site-packages/airflow/example_dags/example_branch_operator.py
[2025-01-08T12:22:12.179+0000] {processor.py:830} INFO - Processing file /home/airflow/.local/lib/python3.8/site-packages/airflow/example_dags/example_branch_operator.py for tasks to queue
[2025-01-08T12:22:12.183+0000] {logging_mixin.py:188} INFO - [2025-01-08T12:22:12.183+0000] {dagbag.py:538} INFO - Filling up the DagBag from /home/airflow/.local/lib/python3.8/site-packages/airflow/example_dags/example_branch_operator.py
[2025-01-08T12:22:12.223+0000] {processor.py:840} INFO - DAG(s) 'example_branch_operator' retrieved from /home/airflow/.local/lib/python3.8/site-packages/airflow/example_dags/example_branch_operator.py
[2025-01-08T12:22:12.291+0000] {logging_mixin.py:188} INFO - [2025-01-08T12:22:12.290+0000] {dag.py:3036} INFO - Sync 1 DAGs
[2025-01-08T12:22:12.363+0000] {logging_mixin.py:188} INFO - [2025-01-08T12:22:12.363+0000] {dag.py:3823} INFO - Setting next_dagrun for example_branch_operator to 2025-01-07 00:00:00+00:00, run_after=2025-01-08 00:00:00+00:00
[2025-01-08T12:22:12.395+0000] {processor.py:183} INFO - Processing /home/airflow/.local/lib/python3.8/site-packages/airflow/example_dags/example_branch_operator.py took 0.225 seconds
[2025-01-08T12:22:43.421+0000] {processor.py:161} INFO - Started process (PID=1273) to work on /home/airflow/.local/lib/python3.8/site-packages/airflow/example_dags/example_branch_operator.py
[2025-01-08T12:22:43.422+0000] {processor.py:830} INFO - Processing file /home/airflow/.local/lib/python3.8/site-packages/airflow/example_dags/example_branch_operator.py for tasks to queue
[2025-01-08T12:22:43.427+0000] {logging_mixin.py:188} INFO - [2025-01-08T12:22:43.426+0000] {dagbag.py:538} INFO - Filling up the DagBag from /home/airflow/.local/lib/python3.8/site-packages/airflow/example_dags/example_branch_operator.py
[2025-01-08T12:22:43.472+0000] {processor.py:840} INFO - DAG(s) 'example_branch_operator' retrieved from /home/airflow/.local/lib/python3.8/site-packages/airflow/example_dags/example_branch_operator.py
[2025-01-08T12:22:43.569+0000] {logging_mixin.py:188} INFO - [2025-01-08T12:22:43.569+0000] {dag.py:3036} INFO - Sync 1 DAGs
[2025-01-08T12:22:43.624+0000] {logging_mixin.py:188} INFO - [2025-01-08T12:22:43.624+0000] {dag.py:3823} INFO - Setting next_dagrun for example_branch_operator to 2025-01-07 00:00:00+00:00, run_after=2025-01-08 00:00:00+00:00
[2025-01-08T12:22:43.652+0000] {processor.py:183} INFO - Processing /home/airflow/.local/lib/python3.8/site-packages/airflow/example_dags/example_branch_operator.py took 0.238 seconds
[2025-01-08T12:23:13.902+0000] {processor.py:161} INFO - Started process (PID=1332) to work on /home/airflow/.local/lib/python3.8/site-packages/airflow/example_dags/example_branch_operator.py
[2025-01-08T12:23:13.904+0000] {processor.py:830} INFO - Processing file /home/airflow/.local/lib/python3.8/site-packages/airflow/example_dags/example_branch_operator.py for tasks to queue
[2025-01-08T12:23:13.914+0000] {logging_mixin.py:188} INFO - [2025-01-08T12:23:13.912+0000] {dagbag.py:538} INFO - Filling up the DagBag from /home/airflow/.local/lib/python3.8/site-packages/airflow/example_dags/example_branch_operator.py
[2025-01-08T12:23:13.991+0000] {processor.py:840} INFO - DAG(s) 'example_branch_operator' retrieved from /home/airflow/.local/lib/python3.8/site-packages/airflow/example_dags/example_branch_operator.py
[2025-01-08T12:23:14.098+0000] {logging_mixin.py:188} INFO - [2025-01-08T12:23:14.097+0000] {dag.py:3036} INFO - Sync 1 DAGs
[2025-01-08T12:23:14.195+0000] {logging_mixin.py:188} INFO - [2025-01-08T12:23:14.194+0000] {dag.py:3823} INFO - Setting next_dagrun for example_branch_operator to 2025-01-07 00:00:00+00:00, run_after=2025-01-08 00:00:00+00:00
[2025-01-08T12:23:14.236+0000] {processor.py:183} INFO - Processing /home/airflow/.local/lib/python3.8/site-packages/airflow/example_dags/example_branch_operator.py took 0.343 seconds
[2025-01-08T12:23:44.582+0000] {processor.py:161} INFO - Started process (PID=1391) to work on /home/airflow/.local/lib/python3.8/site-packages/airflow/example_dags/example_branch_operator.py
[2025-01-08T12:23:44.584+0000] {processor.py:830} INFO - Processing file /home/airflow/.local/lib/python3.8/site-packages/airflow/example_dags/example_branch_operator.py for tasks to queue
[2025-01-08T12:23:44.588+0000] {logging_mixin.py:188} INFO - [2025-01-08T12:23:44.587+0000] {dagbag.py:538} INFO - Filling up the DagBag from /home/airflow/.local/lib/python3.8/site-packages/airflow/example_dags/example_branch_operator.py
[2025-01-08T12:23:44.644+0000] {processor.py:840} INFO - DAG(s) 'example_branch_operator' retrieved from /home/airflow/.local/lib/python3.8/site-packages/airflow/example_dags/example_branch_operator.py
[2025-01-08T12:23:44.702+0000] {logging_mixin.py:188} INFO - [2025-01-08T12:23:44.702+0000] {dag.py:3036} INFO - Sync 1 DAGs
[2025-01-08T12:23:44.759+0000] {logging_mixin.py:188} INFO - [2025-01-08T12:23:44.759+0000] {dag.py:3823} INFO - Setting next_dagrun for example_branch_operator to 2025-01-07 00:00:00+00:00, run_after=2025-01-08 00:00:00+00:00
[2025-01-08T12:23:44.810+0000] {processor.py:183} INFO - Processing /home/airflow/.local/lib/python3.8/site-packages/airflow/example_dags/example_branch_operator.py took 0.251 seconds
[2025-01-08T12:24:15.121+0000] {processor.py:161} INFO - Started process (PID=1449) to work on /home/airflow/.local/lib/python3.8/site-packages/airflow/example_dags/example_branch_operator.py
[2025-01-08T12:24:15.128+0000] {processor.py:830} INFO - Processing file /home/airflow/.local/lib/python3.8/site-packages/airflow/example_dags/example_branch_operator.py for tasks to queue
[2025-01-08T12:24:15.139+0000] {logging_mixin.py:188} INFO - [2025-01-08T12:24:15.136+0000] {dagbag.py:538} INFO - Filling up the DagBag from /home/airflow/.local/lib/python3.8/site-packages/airflow/example_dags/example_branch_operator.py
[2025-01-08T12:24:15.172+0000] {processor.py:840} INFO - DAG(s) 'example_branch_operator' retrieved from /home/airflow/.local/lib/python3.8/site-packages/airflow/example_dags/example_branch_operator.py
[2025-01-08T12:24:15.235+0000] {logging_mixin.py:188} INFO - [2025-01-08T12:24:15.235+0000] {dag.py:3036} INFO - Sync 1 DAGs
[2025-01-08T12:24:15.279+0000] {logging_mixin.py:188} INFO - [2025-01-08T12:24:15.279+0000] {dag.py:3823} INFO - Setting next_dagrun for example_branch_operator to 2025-01-07 00:00:00+00:00, run_after=2025-01-08 00:00:00+00:00
[2025-01-08T12:24:15.309+0000] {processor.py:183} INFO - Processing /home/airflow/.local/lib/python3.8/site-packages/airflow/example_dags/example_branch_operator.py took 0.198 seconds
[2025-01-08T12:24:45.615+0000] {processor.py:161} INFO - Started process (PID=1509) to work on /home/airflow/.local/lib/python3.8/site-packages/airflow/example_dags/example_branch_operator.py
[2025-01-08T12:24:45.627+0000] {processor.py:830} INFO - Processing file /home/airflow/.local/lib/python3.8/site-packages/airflow/example_dags/example_branch_operator.py for tasks to queue
[2025-01-08T12:24:45.639+0000] {logging_mixin.py:188} INFO - [2025-01-08T12:24:45.638+0000] {dagbag.py:538} INFO - Filling up the DagBag from /home/airflow/.local/lib/python3.8/site-packages/airflow/example_dags/example_branch_operator.py
[2025-01-08T12:24:45.746+0000] {processor.py:840} INFO - DAG(s) 'example_branch_operator' retrieved from /home/airflow/.local/lib/python3.8/site-packages/airflow/example_dags/example_branch_operator.py
[2025-01-08T12:24:45.938+0000] {logging_mixin.py:188} INFO - [2025-01-08T12:24:45.937+0000] {dag.py:3036} INFO - Sync 1 DAGs
[2025-01-08T12:24:46.040+0000] {logging_mixin.py:188} INFO - [2025-01-08T12:24:46.039+0000] {dag.py:3823} INFO - Setting next_dagrun for example_branch_operator to 2025-01-07 00:00:00+00:00, run_after=2025-01-08 00:00:00+00:00
[2025-01-08T12:24:46.107+0000] {processor.py:183} INFO - Processing /home/airflow/.local/lib/python3.8/site-packages/airflow/example_dags/example_branch_operator.py took 0.498 seconds
[2025-01-08T12:25:17.304+0000] {processor.py:161} INFO - Started process (PID=1574) to work on /home/airflow/.local/lib/python3.8/site-packages/airflow/example_dags/example_branch_operator.py
[2025-01-08T12:25:17.305+0000] {processor.py:830} INFO - Processing file /home/airflow/.local/lib/python3.8/site-packages/airflow/example_dags/example_branch_operator.py for tasks to queue
[2025-01-08T12:25:17.308+0000] {logging_mixin.py:188} INFO - [2025-01-08T12:25:17.308+0000] {dagbag.py:538} INFO - Filling up the DagBag from /home/airflow/.local/lib/python3.8/site-packages/airflow/example_dags/example_branch_operator.py
[2025-01-08T12:25:17.337+0000] {processor.py:840} INFO - DAG(s) 'example_branch_operator' retrieved from /home/airflow/.local/lib/python3.8/site-packages/airflow/example_dags/example_branch_operator.py
[2025-01-08T12:25:17.380+0000] {logging_mixin.py:188} INFO - [2025-01-08T12:25:17.380+0000] {dag.py:3036} INFO - Sync 1 DAGs
[2025-01-08T12:25:17.485+0000] {logging_mixin.py:188} INFO - [2025-01-08T12:25:17.485+0000] {dag.py:3823} INFO - Setting next_dagrun for example_branch_operator to 2025-01-07 00:00:00+00:00, run_after=2025-01-08 00:00:00+00:00
[2025-01-08T12:25:17.543+0000] {processor.py:183} INFO - Processing /home/airflow/.local/lib/python3.8/site-packages/airflow/example_dags/example_branch_operator.py took 0.245 seconds
[2025-01-08T12:25:48.314+0000] {processor.py:161} INFO - Started process (PID=1633) to work on /home/airflow/.local/lib/python3.8/site-packages/airflow/example_dags/example_branch_operator.py
[2025-01-08T12:25:48.316+0000] {processor.py:830} INFO - Processing file /home/airflow/.local/lib/python3.8/site-packages/airflow/example_dags/example_branch_operator.py for tasks to queue
[2025-01-08T12:25:48.326+0000] {logging_mixin.py:188} INFO - [2025-01-08T12:25:48.326+0000] {dagbag.py:538} INFO - Filling up the DagBag from /home/airflow/.local/lib/python3.8/site-packages/airflow/example_dags/example_branch_operator.py
[2025-01-08T12:25:48.375+0000] {processor.py:840} INFO - DAG(s) 'example_branch_operator' retrieved from /home/airflow/.local/lib/python3.8/site-packages/airflow/example_dags/example_branch_operator.py
[2025-01-08T12:25:48.470+0000] {logging_mixin.py:188} INFO - [2025-01-08T12:25:48.470+0000] {dag.py:3036} INFO - Sync 1 DAGs
[2025-01-08T12:25:48.504+0000] {logging_mixin.py:188} INFO - [2025-01-08T12:25:48.504+0000] {dag.py:3823} INFO - Setting next_dagrun for example_branch_operator to 2025-01-07 00:00:00+00:00, run_after=2025-01-08 00:00:00+00:00
[2025-01-08T12:25:48.532+0000] {processor.py:183} INFO - Processing /home/airflow/.local/lib/python3.8/site-packages/airflow/example_dags/example_branch_operator.py took 0.225 seconds
[2025-01-08T12:26:18.746+0000] {processor.py:161} INFO - Started process (PID=1692) to work on /home/airflow/.local/lib/python3.8/site-packages/airflow/example_dags/example_branch_operator.py
[2025-01-08T12:26:18.763+0000] {processor.py:830} INFO - Processing file /home/airflow/.local/lib/python3.8/site-packages/airflow/example_dags/example_branch_operator.py for tasks to queue
[2025-01-08T12:26:18.767+0000] {logging_mixin.py:188} INFO - [2025-01-08T12:26:18.767+0000] {dagbag.py:538} INFO - Filling up the DagBag from /home/airflow/.local/lib/python3.8/site-packages/airflow/example_dags/example_branch_operator.py
[2025-01-08T12:26:18.844+0000] {processor.py:840} INFO - DAG(s) 'example_branch_operator' retrieved from /home/airflow/.local/lib/python3.8/site-packages/airflow/example_dags/example_branch_operator.py
[2025-01-08T12:26:18.944+0000] {logging_mixin.py:188} INFO - [2025-01-08T12:26:18.944+0000] {dag.py:3036} INFO - Sync 1 DAGs
[2025-01-08T12:26:19.019+0000] {logging_mixin.py:188} INFO - [2025-01-08T12:26:19.018+0000] {dag.py:3823} INFO - Setting next_dagrun for example_branch_operator to 2025-01-07 00:00:00+00:00, run_after=2025-01-08 00:00:00+00:00
[2025-01-08T12:26:19.134+0000] {processor.py:183} INFO - Processing /home/airflow/.local/lib/python3.8/site-packages/airflow/example_dags/example_branch_operator.py took 0.394 seconds
[2025-01-08T12:26:49.340+0000] {processor.py:161} INFO - Started process (PID=1750) to work on /home/airflow/.local/lib/python3.8/site-packages/airflow/example_dags/example_branch_operator.py
[2025-01-08T12:26:49.375+0000] {processor.py:830} INFO - Processing file /home/airflow/.local/lib/python3.8/site-packages/airflow/example_dags/example_branch_operator.py for tasks to queue
[2025-01-08T12:26:49.390+0000] {logging_mixin.py:188} INFO - [2025-01-08T12:26:49.390+0000] {dagbag.py:538} INFO - Filling up the DagBag from /home/airflow/.local/lib/python3.8/site-packages/airflow/example_dags/example_branch_operator.py
[2025-01-08T12:26:49.598+0000] {processor.py:840} INFO - DAG(s) 'example_branch_operator' retrieved from /home/airflow/.local/lib/python3.8/site-packages/airflow/example_dags/example_branch_operator.py
[2025-01-08T12:26:49.764+0000] {logging_mixin.py:188} INFO - [2025-01-08T12:26:49.764+0000] {dag.py:3036} INFO - Sync 1 DAGs
[2025-01-08T12:26:49.834+0000] {logging_mixin.py:188} INFO - [2025-01-08T12:26:49.833+0000] {dag.py:3823} INFO - Setting next_dagrun for example_branch_operator to 2025-01-07 00:00:00+00:00, run_after=2025-01-08 00:00:00+00:00
[2025-01-08T12:26:50.193+0000] {processor.py:183} INFO - Processing /home/airflow/.local/lib/python3.8/site-packages/airflow/example_dags/example_branch_operator.py took 0.868 seconds
[2025-01-08T12:27:20.661+0000] {processor.py:161} INFO - Started process (PID=1809) to work on /home/airflow/.local/lib/python3.8/site-packages/airflow/example_dags/example_branch_operator.py
[2025-01-08T12:27:20.672+0000] {processor.py:830} INFO - Processing file /home/airflow/.local/lib/python3.8/site-packages/airflow/example_dags/example_branch_operator.py for tasks to queue
[2025-01-08T12:27:20.677+0000] {logging_mixin.py:188} INFO - [2025-01-08T12:27:20.677+0000] {dagbag.py:538} INFO - Filling up the DagBag from /home/airflow/.local/lib/python3.8/site-packages/airflow/example_dags/example_branch_operator.py
[2025-01-08T12:27:20.754+0000] {processor.py:840} INFO - DAG(s) 'example_branch_operator' retrieved from /home/airflow/.local/lib/python3.8/site-packages/airflow/example_dags/example_branch_operator.py
[2025-01-08T12:27:20.952+0000] {logging_mixin.py:188} INFO - [2025-01-08T12:27:20.951+0000] {dag.py:3036} INFO - Sync 1 DAGs
[2025-01-08T12:27:21.058+0000] {logging_mixin.py:188} INFO - [2025-01-08T12:27:21.057+0000] {dag.py:3823} INFO - Setting next_dagrun for example_branch_operator to 2025-01-07 00:00:00+00:00, run_after=2025-01-08 00:00:00+00:00
[2025-01-08T12:27:21.501+0000] {processor.py:183} INFO - Processing /home/airflow/.local/lib/python3.8/site-packages/airflow/example_dags/example_branch_operator.py took 0.847 seconds
[2025-01-08T12:27:51.814+0000] {processor.py:161} INFO - Started process (PID=1873) to work on /home/airflow/.local/lib/python3.8/site-packages/airflow/example_dags/example_branch_operator.py
[2025-01-08T12:27:51.816+0000] {processor.py:830} INFO - Processing file /home/airflow/.local/lib/python3.8/site-packages/airflow/example_dags/example_branch_operator.py for tasks to queue
[2025-01-08T12:27:51.820+0000] {logging_mixin.py:188} INFO - [2025-01-08T12:27:51.819+0000] {dagbag.py:538} INFO - Filling up the DagBag from /home/airflow/.local/lib/python3.8/site-packages/airflow/example_dags/example_branch_operator.py
[2025-01-08T12:27:51.858+0000] {processor.py:840} INFO - DAG(s) 'example_branch_operator' retrieved from /home/airflow/.local/lib/python3.8/site-packages/airflow/example_dags/example_branch_operator.py
[2025-01-08T12:27:51.905+0000] {logging_mixin.py:188} INFO - [2025-01-08T12:27:51.905+0000] {dag.py:3036} INFO - Sync 1 DAGs
[2025-01-08T12:27:51.952+0000] {logging_mixin.py:188} INFO - [2025-01-08T12:27:51.952+0000] {dag.py:3823} INFO - Setting next_dagrun for example_branch_operator to 2025-01-07 00:00:00+00:00, run_after=2025-01-08 00:00:00+00:00
[2025-01-08T12:27:52.002+0000] {processor.py:183} INFO - Processing /home/airflow/.local/lib/python3.8/site-packages/airflow/example_dags/example_branch_operator.py took 0.194 seconds
[2025-01-08T12:28:22.824+0000] {processor.py:161} INFO - Started process (PID=1931) to work on /home/airflow/.local/lib/python3.8/site-packages/airflow/example_dags/example_branch_operator.py
[2025-01-08T12:28:22.826+0000] {processor.py:830} INFO - Processing file /home/airflow/.local/lib/python3.8/site-packages/airflow/example_dags/example_branch_operator.py for tasks to queue
[2025-01-08T12:28:22.830+0000] {logging_mixin.py:188} INFO - [2025-01-08T12:28:22.830+0000] {dagbag.py:538} INFO - Filling up the DagBag from /home/airflow/.local/lib/python3.8/site-packages/airflow/example_dags/example_branch_operator.py
[2025-01-08T12:28:22.878+0000] {processor.py:840} INFO - DAG(s) 'example_branch_operator' retrieved from /home/airflow/.local/lib/python3.8/site-packages/airflow/example_dags/example_branch_operator.py
[2025-01-08T12:28:22.961+0000] {logging_mixin.py:188} INFO - [2025-01-08T12:28:22.960+0000] {dag.py:3036} INFO - Sync 1 DAGs
[2025-01-08T12:28:23.044+0000] {logging_mixin.py:188} INFO - [2025-01-08T12:28:23.043+0000] {dag.py:3823} INFO - Setting next_dagrun for example_branch_operator to 2025-01-07 00:00:00+00:00, run_after=2025-01-08 00:00:00+00:00
[2025-01-08T12:28:23.082+0000] {processor.py:183} INFO - Processing /home/airflow/.local/lib/python3.8/site-packages/airflow/example_dags/example_branch_operator.py took 0.264 seconds
[2025-01-08T12:28:53.388+0000] {processor.py:161} INFO - Started process (PID=1989) to work on /home/airflow/.local/lib/python3.8/site-packages/airflow/example_dags/example_branch_operator.py
[2025-01-08T12:28:53.392+0000] {processor.py:830} INFO - Processing file /home/airflow/.local/lib/python3.8/site-packages/airflow/example_dags/example_branch_operator.py for tasks to queue
[2025-01-08T12:28:53.399+0000] {logging_mixin.py:188} INFO - [2025-01-08T12:28:53.398+0000] {dagbag.py:538} INFO - Filling up the DagBag from /home/airflow/.local/lib/python3.8/site-packages/airflow/example_dags/example_branch_operator.py
[2025-01-08T12:28:53.444+0000] {processor.py:840} INFO - DAG(s) 'example_branch_operator' retrieved from /home/airflow/.local/lib/python3.8/site-packages/airflow/example_dags/example_branch_operator.py
[2025-01-08T12:28:53.512+0000] {logging_mixin.py:188} INFO - [2025-01-08T12:28:53.512+0000] {dag.py:3036} INFO - Sync 1 DAGs
[2025-01-08T12:28:53.547+0000] {logging_mixin.py:188} INFO - [2025-01-08T12:28:53.547+0000] {dag.py:3823} INFO - Setting next_dagrun for example_branch_operator to 2025-01-07 00:00:00+00:00, run_after=2025-01-08 00:00:00+00:00
[2025-01-08T12:28:53.607+0000] {processor.py:183} INFO - Processing /home/airflow/.local/lib/python3.8/site-packages/airflow/example_dags/example_branch_operator.py took 0.246 seconds
[2025-01-08T12:29:24.385+0000] {processor.py:161} INFO - Started process (PID=2047) to work on /home/airflow/.local/lib/python3.8/site-packages/airflow/example_dags/example_branch_operator.py
[2025-01-08T12:29:24.387+0000] {processor.py:830} INFO - Processing file /home/airflow/.local/lib/python3.8/site-packages/airflow/example_dags/example_branch_operator.py for tasks to queue
[2025-01-08T12:29:24.391+0000] {logging_mixin.py:188} INFO - [2025-01-08T12:29:24.391+0000] {dagbag.py:538} INFO - Filling up the DagBag from /home/airflow/.local/lib/python3.8/site-packages/airflow/example_dags/example_branch_operator.py
[2025-01-08T12:29:24.447+0000] {processor.py:840} INFO - DAG(s) 'example_branch_operator' retrieved from /home/airflow/.local/lib/python3.8/site-packages/airflow/example_dags/example_branch_operator.py
[2025-01-08T12:29:24.530+0000] {logging_mixin.py:188} INFO - [2025-01-08T12:29:24.530+0000] {dag.py:3036} INFO - Sync 1 DAGs
[2025-01-08T12:29:24.607+0000] {logging_mixin.py:188} INFO - [2025-01-08T12:29:24.606+0000] {dag.py:3823} INFO - Setting next_dagrun for example_branch_operator to 2025-01-07 00:00:00+00:00, run_after=2025-01-08 00:00:00+00:00
[2025-01-08T12:29:24.661+0000] {processor.py:183} INFO - Processing /home/airflow/.local/lib/python3.8/site-packages/airflow/example_dags/example_branch_operator.py took 0.284 seconds
[2025-01-08T12:29:55.587+0000] {processor.py:161} INFO - Started process (PID=2106) to work on /home/airflow/.local/lib/python3.8/site-packages/airflow/example_dags/example_branch_operator.py
[2025-01-08T12:29:55.589+0000] {processor.py:830} INFO - Processing file /home/airflow/.local/lib/python3.8/site-packages/airflow/example_dags/example_branch_operator.py for tasks to queue
[2025-01-08T12:29:55.591+0000] {logging_mixin.py:188} INFO - [2025-01-08T12:29:55.591+0000] {dagbag.py:538} INFO - Filling up the DagBag from /home/airflow/.local/lib/python3.8/site-packages/airflow/example_dags/example_branch_operator.py
[2025-01-08T12:29:55.622+0000] {processor.py:840} INFO - DAG(s) 'example_branch_operator' retrieved from /home/airflow/.local/lib/python3.8/site-packages/airflow/example_dags/example_branch_operator.py
[2025-01-08T12:29:55.667+0000] {logging_mixin.py:188} INFO - [2025-01-08T12:29:55.666+0000] {dag.py:3036} INFO - Sync 1 DAGs
[2025-01-08T12:29:55.712+0000] {logging_mixin.py:188} INFO - [2025-01-08T12:29:55.712+0000] {dag.py:3823} INFO - Setting next_dagrun for example_branch_operator to 2025-01-07 00:00:00+00:00, run_after=2025-01-08 00:00:00+00:00
[2025-01-08T12:29:55.747+0000] {processor.py:183} INFO - Processing /home/airflow/.local/lib/python3.8/site-packages/airflow/example_dags/example_branch_operator.py took 0.164 seconds
[2025-01-08T12:30:26.722+0000] {processor.py:161} INFO - Started process (PID=2163) to work on /home/airflow/.local/lib/python3.8/site-packages/airflow/example_dags/example_branch_operator.py
[2025-01-08T12:30:26.724+0000] {processor.py:830} INFO - Processing file /home/airflow/.local/lib/python3.8/site-packages/airflow/example_dags/example_branch_operator.py for tasks to queue
[2025-01-08T12:30:26.727+0000] {logging_mixin.py:188} INFO - [2025-01-08T12:30:26.726+0000] {dagbag.py:538} INFO - Filling up the DagBag from /home/airflow/.local/lib/python3.8/site-packages/airflow/example_dags/example_branch_operator.py
[2025-01-08T12:30:26.758+0000] {processor.py:840} INFO - DAG(s) 'example_branch_operator' retrieved from /home/airflow/.local/lib/python3.8/site-packages/airflow/example_dags/example_branch_operator.py
[2025-01-08T12:30:26.804+0000] {logging_mixin.py:188} INFO - [2025-01-08T12:30:26.804+0000] {dag.py:3036} INFO - Sync 1 DAGs
[2025-01-08T12:30:26.847+0000] {logging_mixin.py:188} INFO - [2025-01-08T12:30:26.846+0000] {dag.py:3823} INFO - Setting next_dagrun for example_branch_operator to 2025-01-07 00:00:00+00:00, run_after=2025-01-08 00:00:00+00:00
[2025-01-08T12:30:26.887+0000] {processor.py:183} INFO - Processing /home/airflow/.local/lib/python3.8/site-packages/airflow/example_dags/example_branch_operator.py took 0.169 seconds
[2025-01-08T12:30:57.062+0000] {processor.py:161} INFO - Started process (PID=2220) to work on /home/airflow/.local/lib/python3.8/site-packages/airflow/example_dags/example_branch_operator.py
[2025-01-08T12:30:57.063+0000] {processor.py:830} INFO - Processing file /home/airflow/.local/lib/python3.8/site-packages/airflow/example_dags/example_branch_operator.py for tasks to queue
[2025-01-08T12:30:57.066+0000] {logging_mixin.py:188} INFO - [2025-01-08T12:30:57.066+0000] {dagbag.py:538} INFO - Filling up the DagBag from /home/airflow/.local/lib/python3.8/site-packages/airflow/example_dags/example_branch_operator.py
[2025-01-08T12:30:57.107+0000] {processor.py:840} INFO - DAG(s) 'example_branch_operator' retrieved from /home/airflow/.local/lib/python3.8/site-packages/airflow/example_dags/example_branch_operator.py
[2025-01-08T12:30:57.329+0000] {logging_mixin.py:188} INFO - [2025-01-08T12:30:57.329+0000] {dag.py:3036} INFO - Sync 1 DAGs
[2025-01-08T12:30:57.370+0000] {logging_mixin.py:188} INFO - [2025-01-08T12:30:57.369+0000] {dag.py:3823} INFO - Setting next_dagrun for example_branch_operator to 2025-01-07 00:00:00+00:00, run_after=2025-01-08 00:00:00+00:00
[2025-01-08T12:30:57.405+0000] {processor.py:183} INFO - Processing /home/airflow/.local/lib/python3.8/site-packages/airflow/example_dags/example_branch_operator.py took 0.349 seconds
[2025-01-08T12:31:28.081+0000] {processor.py:161} INFO - Started process (PID=2278) to work on /home/airflow/.local/lib/python3.8/site-packages/airflow/example_dags/example_branch_operator.py
[2025-01-08T12:31:28.084+0000] {processor.py:830} INFO - Processing file /home/airflow/.local/lib/python3.8/site-packages/airflow/example_dags/example_branch_operator.py for tasks to queue
[2025-01-08T12:31:28.089+0000] {logging_mixin.py:188} INFO - [2025-01-08T12:31:28.088+0000] {dagbag.py:538} INFO - Filling up the DagBag from /home/airflow/.local/lib/python3.8/site-packages/airflow/example_dags/example_branch_operator.py
[2025-01-08T12:31:28.131+0000] {processor.py:840} INFO - DAG(s) 'example_branch_operator' retrieved from /home/airflow/.local/lib/python3.8/site-packages/airflow/example_dags/example_branch_operator.py
[2025-01-08T12:31:28.188+0000] {logging_mixin.py:188} INFO - [2025-01-08T12:31:28.188+0000] {dag.py:3036} INFO - Sync 1 DAGs
[2025-01-08T12:31:28.392+0000] {logging_mixin.py:188} INFO - [2025-01-08T12:31:28.391+0000] {dag.py:3823} INFO - Setting next_dagrun for example_branch_operator to 2025-01-07 00:00:00+00:00, run_after=2025-01-08 00:00:00+00:00
[2025-01-08T12:31:28.424+0000] {processor.py:183} INFO - Processing /home/airflow/.local/lib/python3.8/site-packages/airflow/example_dags/example_branch_operator.py took 0.357 seconds
[2025-01-08T12:31:58.682+0000] {processor.py:161} INFO - Started process (PID=2337) to work on /home/airflow/.local/lib/python3.8/site-packages/airflow/example_dags/example_branch_operator.py
[2025-01-08T12:31:58.684+0000] {processor.py:830} INFO - Processing file /home/airflow/.local/lib/python3.8/site-packages/airflow/example_dags/example_branch_operator.py for tasks to queue
[2025-01-08T12:31:58.686+0000] {logging_mixin.py:188} INFO - [2025-01-08T12:31:58.686+0000] {dagbag.py:538} INFO - Filling up the DagBag from /home/airflow/.local/lib/python3.8/site-packages/airflow/example_dags/example_branch_operator.py
[2025-01-08T12:31:58.738+0000] {processor.py:840} INFO - DAG(s) 'example_branch_operator' retrieved from /home/airflow/.local/lib/python3.8/site-packages/airflow/example_dags/example_branch_operator.py
[2025-01-08T12:31:58.816+0000] {logging_mixin.py:188} INFO - [2025-01-08T12:31:58.816+0000] {dag.py:3036} INFO - Sync 1 DAGs
[2025-01-08T12:31:58.867+0000] {logging_mixin.py:188} INFO - [2025-01-08T12:31:58.866+0000] {dag.py:3823} INFO - Setting next_dagrun for example_branch_operator to 2025-01-07 00:00:00+00:00, run_after=2025-01-08 00:00:00+00:00
[2025-01-08T12:31:58.912+0000] {processor.py:183} INFO - Processing /home/airflow/.local/lib/python3.8/site-packages/airflow/example_dags/example_branch_operator.py took 0.237 seconds
[2025-01-08T12:32:29.661+0000] {processor.py:161} INFO - Started process (PID=2396) to work on /home/airflow/.local/lib/python3.8/site-packages/airflow/example_dags/example_branch_operator.py
[2025-01-08T12:32:29.669+0000] {processor.py:830} INFO - Processing file /home/airflow/.local/lib/python3.8/site-packages/airflow/example_dags/example_branch_operator.py for tasks to queue
[2025-01-08T12:32:29.682+0000] {logging_mixin.py:188} INFO - [2025-01-08T12:32:29.680+0000] {dagbag.py:538} INFO - Filling up the DagBag from /home/airflow/.local/lib/python3.8/site-packages/airflow/example_dags/example_branch_operator.py
[2025-01-08T12:32:29.759+0000] {processor.py:840} INFO - DAG(s) 'example_branch_operator' retrieved from /home/airflow/.local/lib/python3.8/site-packages/airflow/example_dags/example_branch_operator.py
[2025-01-08T12:32:29.869+0000] {logging_mixin.py:188} INFO - [2025-01-08T12:32:29.868+0000] {dag.py:3036} INFO - Sync 1 DAGs
[2025-01-08T12:32:29.930+0000] {logging_mixin.py:188} INFO - [2025-01-08T12:32:29.930+0000] {dag.py:3823} INFO - Setting next_dagrun for example_branch_operator to 2025-01-07 00:00:00+00:00, run_after=2025-01-08 00:00:00+00:00
[2025-01-08T12:32:29.965+0000] {processor.py:183} INFO - Processing /home/airflow/.local/lib/python3.8/site-packages/airflow/example_dags/example_branch_operator.py took 0.330 seconds
[2025-01-08T12:33:00.552+0000] {processor.py:161} INFO - Started process (PID=2455) to work on /home/airflow/.local/lib/python3.8/site-packages/airflow/example_dags/example_branch_operator.py
[2025-01-08T12:33:00.559+0000] {processor.py:830} INFO - Processing file /home/airflow/.local/lib/python3.8/site-packages/airflow/example_dags/example_branch_operator.py for tasks to queue
[2025-01-08T12:33:00.581+0000] {logging_mixin.py:188} INFO - [2025-01-08T12:33:00.578+0000] {dagbag.py:538} INFO - Filling up the DagBag from /home/airflow/.local/lib/python3.8/site-packages/airflow/example_dags/example_branch_operator.py
[2025-01-08T12:33:00.646+0000] {processor.py:840} INFO - DAG(s) 'example_branch_operator' retrieved from /home/airflow/.local/lib/python3.8/site-packages/airflow/example_dags/example_branch_operator.py
[2025-01-08T12:33:00.687+0000] {logging_mixin.py:188} INFO - [2025-01-08T12:33:00.687+0000] {dag.py:3036} INFO - Sync 1 DAGs
[2025-01-08T12:33:00.722+0000] {logging_mixin.py:188} INFO - [2025-01-08T12:33:00.721+0000] {dag.py:3823} INFO - Setting next_dagrun for example_branch_operator to 2025-01-07 00:00:00+00:00, run_after=2025-01-08 00:00:00+00:00
[2025-01-08T12:33:00.753+0000] {processor.py:183} INFO - Processing /home/airflow/.local/lib/python3.8/site-packages/airflow/example_dags/example_branch_operator.py took 0.226 seconds
[2025-01-08T12:33:31.582+0000] {processor.py:161} INFO - Started process (PID=2514) to work on /home/airflow/.local/lib/python3.8/site-packages/airflow/example_dags/example_branch_operator.py
[2025-01-08T12:33:31.584+0000] {processor.py:830} INFO - Processing file /home/airflow/.local/lib/python3.8/site-packages/airflow/example_dags/example_branch_operator.py for tasks to queue
[2025-01-08T12:33:31.588+0000] {logging_mixin.py:188} INFO - [2025-01-08T12:33:31.587+0000] {dagbag.py:538} INFO - Filling up the DagBag from /home/airflow/.local/lib/python3.8/site-packages/airflow/example_dags/example_branch_operator.py
[2025-01-08T12:33:31.643+0000] {processor.py:840} INFO - DAG(s) 'example_branch_operator' retrieved from /home/airflow/.local/lib/python3.8/site-packages/airflow/example_dags/example_branch_operator.py
[2025-01-08T12:33:31.712+0000] {logging_mixin.py:188} INFO - [2025-01-08T12:33:31.711+0000] {dag.py:3036} INFO - Sync 1 DAGs
[2025-01-08T12:33:31.778+0000] {logging_mixin.py:188} INFO - [2025-01-08T12:33:31.778+0000] {dag.py:3823} INFO - Setting next_dagrun for example_branch_operator to 2025-01-07 00:00:00+00:00, run_after=2025-01-08 00:00:00+00:00
[2025-01-08T12:33:31.846+0000] {processor.py:183} INFO - Processing /home/airflow/.local/lib/python3.8/site-packages/airflow/example_dags/example_branch_operator.py took 0.277 seconds
