[2025-01-08T12:12:03.188+0000] {processor.py:161} INFO - Started process (PID=79) to work on /home/airflow/.local/lib/python3.8/site-packages/airflow/example_dags/example_branch_day_of_week_operator.py
[2025-01-08T12:12:03.190+0000] {processor.py:830} INFO - Processing file /home/airflow/.local/lib/python3.8/site-packages/airflow/example_dags/example_branch_day_of_week_operator.py for tasks to queue
[2025-01-08T12:12:03.194+0000] {logging_mixin.py:188} INFO - [2025-01-08T12:12:03.193+0000] {dagbag.py:538} INFO - Filling up the DagBag from /home/airflow/.local/lib/python3.8/site-packages/airflow/example_dags/example_branch_day_of_week_operator.py
[2025-01-08T12:12:03.215+0000] {processor.py:840} INFO - DAG(s) 'example_weekday_branch_operator' retrieved from /home/airflow/.local/lib/python3.8/site-packages/airflow/example_dags/example_branch_day_of_week_operator.py
[2025-01-08T12:12:03.535+0000] {logging_mixin.py:188} INFO - [2025-01-08T12:12:03.535+0000] {dag.py:3036} INFO - Sync 1 DAGs
[2025-01-08T12:12:03.570+0000] {logging_mixin.py:188} INFO - [2025-01-08T12:12:03.570+0000] {dag.py:3823} INFO - Setting next_dagrun for example_weekday_branch_operator to 2025-01-07 00:00:00+00:00, run_after=2025-01-08 00:00:00+00:00
[2025-01-08T12:12:03.610+0000] {processor.py:183} INFO - Processing /home/airflow/.local/lib/python3.8/site-packages/airflow/example_dags/example_branch_day_of_week_operator.py took 0.429 seconds
[2025-01-08T12:12:33.678+0000] {processor.py:161} INFO - Started process (PID=136) to work on /home/airflow/.local/lib/python3.8/site-packages/airflow/example_dags/example_branch_day_of_week_operator.py
[2025-01-08T12:12:33.680+0000] {processor.py:830} INFO - Processing file /home/airflow/.local/lib/python3.8/site-packages/airflow/example_dags/example_branch_day_of_week_operator.py for tasks to queue
[2025-01-08T12:12:33.683+0000] {logging_mixin.py:188} INFO - [2025-01-08T12:12:33.682+0000] {dagbag.py:538} INFO - Filling up the DagBag from /home/airflow/.local/lib/python3.8/site-packages/airflow/example_dags/example_branch_day_of_week_operator.py
[2025-01-08T12:12:33.694+0000] {processor.py:840} INFO - DAG(s) 'example_weekday_branch_operator' retrieved from /home/airflow/.local/lib/python3.8/site-packages/airflow/example_dags/example_branch_day_of_week_operator.py
[2025-01-08T12:12:33.728+0000] {logging_mixin.py:188} INFO - [2025-01-08T12:12:33.728+0000] {dag.py:3036} INFO - Sync 1 DAGs
[2025-01-08T12:12:33.772+0000] {logging_mixin.py:188} INFO - [2025-01-08T12:12:33.771+0000] {dag.py:3823} INFO - Setting next_dagrun for example_weekday_branch_operator to 2025-01-07 00:00:00+00:00, run_after=2025-01-08 00:00:00+00:00
[2025-01-08T12:12:33.824+0000] {processor.py:183} INFO - Processing /home/airflow/.local/lib/python3.8/site-packages/airflow/example_dags/example_branch_day_of_week_operator.py took 0.152 seconds
[2025-01-08T12:13:04.009+0000] {processor.py:161} INFO - Started process (PID=193) to work on /home/airflow/.local/lib/python3.8/site-packages/airflow/example_dags/example_branch_day_of_week_operator.py
[2025-01-08T12:13:04.010+0000] {processor.py:830} INFO - Processing file /home/airflow/.local/lib/python3.8/site-packages/airflow/example_dags/example_branch_day_of_week_operator.py for tasks to queue
[2025-01-08T12:13:04.013+0000] {logging_mixin.py:188} INFO - [2025-01-08T12:13:04.013+0000] {dagbag.py:538} INFO - Filling up the DagBag from /home/airflow/.local/lib/python3.8/site-packages/airflow/example_dags/example_branch_day_of_week_operator.py
[2025-01-08T12:13:04.027+0000] {processor.py:840} INFO - DAG(s) 'example_weekday_branch_operator' retrieved from /home/airflow/.local/lib/python3.8/site-packages/airflow/example_dags/example_branch_day_of_week_operator.py
[2025-01-08T12:13:04.066+0000] {logging_mixin.py:188} INFO - [2025-01-08T12:13:04.066+0000] {dag.py:3036} INFO - Sync 1 DAGs
[2025-01-08T12:13:04.103+0000] {logging_mixin.py:188} INFO - [2025-01-08T12:13:04.102+0000] {dag.py:3823} INFO - Setting next_dagrun for example_weekday_branch_operator to 2025-01-07 00:00:00+00:00, run_after=2025-01-08 00:00:00+00:00
[2025-01-08T12:13:04.138+0000] {processor.py:183} INFO - Processing /home/airflow/.local/lib/python3.8/site-packages/airflow/example_dags/example_branch_day_of_week_operator.py took 0.134 seconds
[2025-01-08T12:13:35.791+0000] {processor.py:161} INFO - Started process (PID=250) to work on /home/airflow/.local/lib/python3.8/site-packages/airflow/example_dags/example_branch_day_of_week_operator.py
[2025-01-08T12:13:35.794+0000] {processor.py:830} INFO - Processing file /home/airflow/.local/lib/python3.8/site-packages/airflow/example_dags/example_branch_day_of_week_operator.py for tasks to queue
[2025-01-08T12:13:35.799+0000] {logging_mixin.py:188} INFO - [2025-01-08T12:13:35.798+0000] {dagbag.py:538} INFO - Filling up the DagBag from /home/airflow/.local/lib/python3.8/site-packages/airflow/example_dags/example_branch_day_of_week_operator.py
[2025-01-08T12:13:35.820+0000] {processor.py:840} INFO - DAG(s) 'example_weekday_branch_operator' retrieved from /home/airflow/.local/lib/python3.8/site-packages/airflow/example_dags/example_branch_day_of_week_operator.py
[2025-01-08T12:13:35.971+0000] {logging_mixin.py:188} INFO - [2025-01-08T12:13:35.971+0000] {dag.py:3036} INFO - Sync 1 DAGs
[2025-01-08T12:13:36.127+0000] {logging_mixin.py:188} INFO - [2025-01-08T12:13:36.126+0000] {dag.py:3823} INFO - Setting next_dagrun for example_weekday_branch_operator to 2025-01-07 00:00:00+00:00, run_after=2025-01-08 00:00:00+00:00
[2025-01-08T12:13:36.251+0000] {processor.py:183} INFO - Processing /home/airflow/.local/lib/python3.8/site-packages/airflow/example_dags/example_branch_day_of_week_operator.py took 0.469 seconds
[2025-01-08T12:14:06.963+0000] {processor.py:161} INFO - Started process (PID=307) to work on /home/airflow/.local/lib/python3.8/site-packages/airflow/example_dags/example_branch_day_of_week_operator.py
[2025-01-08T12:14:06.964+0000] {processor.py:830} INFO - Processing file /home/airflow/.local/lib/python3.8/site-packages/airflow/example_dags/example_branch_day_of_week_operator.py for tasks to queue
[2025-01-08T12:14:06.966+0000] {logging_mixin.py:188} INFO - [2025-01-08T12:14:06.966+0000] {dagbag.py:538} INFO - Filling up the DagBag from /home/airflow/.local/lib/python3.8/site-packages/airflow/example_dags/example_branch_day_of_week_operator.py
[2025-01-08T12:14:06.980+0000] {processor.py:840} INFO - DAG(s) 'example_weekday_branch_operator' retrieved from /home/airflow/.local/lib/python3.8/site-packages/airflow/example_dags/example_branch_day_of_week_operator.py
[2025-01-08T12:14:07.013+0000] {logging_mixin.py:188} INFO - [2025-01-08T12:14:07.012+0000] {dag.py:3036} INFO - Sync 1 DAGs
[2025-01-08T12:14:07.054+0000] {logging_mixin.py:188} INFO - [2025-01-08T12:14:07.054+0000] {dag.py:3823} INFO - Setting next_dagrun for example_weekday_branch_operator to 2025-01-07 00:00:00+00:00, run_after=2025-01-08 00:00:00+00:00
[2025-01-08T12:14:07.084+0000] {processor.py:183} INFO - Processing /home/airflow/.local/lib/python3.8/site-packages/airflow/example_dags/example_branch_day_of_week_operator.py took 0.126 seconds
[2025-01-08T12:14:37.375+0000] {processor.py:161} INFO - Started process (PID=364) to work on /home/airflow/.local/lib/python3.8/site-packages/airflow/example_dags/example_branch_day_of_week_operator.py
[2025-01-08T12:14:37.377+0000] {processor.py:830} INFO - Processing file /home/airflow/.local/lib/python3.8/site-packages/airflow/example_dags/example_branch_day_of_week_operator.py for tasks to queue
[2025-01-08T12:14:37.379+0000] {logging_mixin.py:188} INFO - [2025-01-08T12:14:37.379+0000] {dagbag.py:538} INFO - Filling up the DagBag from /home/airflow/.local/lib/python3.8/site-packages/airflow/example_dags/example_branch_day_of_week_operator.py
[2025-01-08T12:14:37.395+0000] {processor.py:840} INFO - DAG(s) 'example_weekday_branch_operator' retrieved from /home/airflow/.local/lib/python3.8/site-packages/airflow/example_dags/example_branch_day_of_week_operator.py
[2025-01-08T12:14:37.430+0000] {logging_mixin.py:188} INFO - [2025-01-08T12:14:37.430+0000] {dag.py:3036} INFO - Sync 1 DAGs
[2025-01-08T12:14:37.473+0000] {logging_mixin.py:188} INFO - [2025-01-08T12:14:37.472+0000] {dag.py:3823} INFO - Setting next_dagrun for example_weekday_branch_operator to 2025-01-07 00:00:00+00:00, run_after=2025-01-08 00:00:00+00:00
[2025-01-08T12:14:37.504+0000] {processor.py:183} INFO - Processing /home/airflow/.local/lib/python3.8/site-packages/airflow/example_dags/example_branch_day_of_week_operator.py took 0.135 seconds
[2025-01-08T12:15:08.054+0000] {processor.py:161} INFO - Started process (PID=421) to work on /home/airflow/.local/lib/python3.8/site-packages/airflow/example_dags/example_branch_day_of_week_operator.py
[2025-01-08T12:15:08.056+0000] {processor.py:830} INFO - Processing file /home/airflow/.local/lib/python3.8/site-packages/airflow/example_dags/example_branch_day_of_week_operator.py for tasks to queue
[2025-01-08T12:15:08.058+0000] {logging_mixin.py:188} INFO - [2025-01-08T12:15:08.058+0000] {dagbag.py:538} INFO - Filling up the DagBag from /home/airflow/.local/lib/python3.8/site-packages/airflow/example_dags/example_branch_day_of_week_operator.py
[2025-01-08T12:15:08.101+0000] {processor.py:840} INFO - DAG(s) 'example_weekday_branch_operator' retrieved from /home/airflow/.local/lib/python3.8/site-packages/airflow/example_dags/example_branch_day_of_week_operator.py
[2025-01-08T12:15:08.159+0000] {logging_mixin.py:188} INFO - [2025-01-08T12:15:08.159+0000] {dag.py:3036} INFO - Sync 1 DAGs
[2025-01-08T12:15:08.209+0000] {logging_mixin.py:188} INFO - [2025-01-08T12:15:08.209+0000] {dag.py:3823} INFO - Setting next_dagrun for example_weekday_branch_operator to 2025-01-07 00:00:00+00:00, run_after=2025-01-08 00:00:00+00:00
[2025-01-08T12:15:08.243+0000] {processor.py:183} INFO - Processing /home/airflow/.local/lib/python3.8/site-packages/airflow/example_dags/example_branch_day_of_week_operator.py took 0.195 seconds
[2025-01-08T12:15:38.431+0000] {processor.py:161} INFO - Started process (PID=478) to work on /home/airflow/.local/lib/python3.8/site-packages/airflow/example_dags/example_branch_day_of_week_operator.py
[2025-01-08T12:15:38.432+0000] {processor.py:830} INFO - Processing file /home/airflow/.local/lib/python3.8/site-packages/airflow/example_dags/example_branch_day_of_week_operator.py for tasks to queue
[2025-01-08T12:15:38.445+0000] {logging_mixin.py:188} INFO - [2025-01-08T12:15:38.435+0000] {dagbag.py:538} INFO - Filling up the DagBag from /home/airflow/.local/lib/python3.8/site-packages/airflow/example_dags/example_branch_day_of_week_operator.py
[2025-01-08T12:15:38.493+0000] {processor.py:840} INFO - DAG(s) 'example_weekday_branch_operator' retrieved from /home/airflow/.local/lib/python3.8/site-packages/airflow/example_dags/example_branch_day_of_week_operator.py
[2025-01-08T12:15:38.577+0000] {logging_mixin.py:188} INFO - [2025-01-08T12:15:38.576+0000] {dag.py:3036} INFO - Sync 1 DAGs
[2025-01-08T12:15:38.618+0000] {logging_mixin.py:188} INFO - [2025-01-08T12:15:38.618+0000] {dag.py:3823} INFO - Setting next_dagrun for example_weekday_branch_operator to 2025-01-07 00:00:00+00:00, run_after=2025-01-08 00:00:00+00:00
[2025-01-08T12:15:38.659+0000] {processor.py:183} INFO - Processing /home/airflow/.local/lib/python3.8/site-packages/airflow/example_dags/example_branch_day_of_week_operator.py took 0.245 seconds
[2025-01-08T12:16:08.948+0000] {processor.py:161} INFO - Started process (PID=535) to work on /home/airflow/.local/lib/python3.8/site-packages/airflow/example_dags/example_branch_day_of_week_operator.py
[2025-01-08T12:16:08.950+0000] {processor.py:830} INFO - Processing file /home/airflow/.local/lib/python3.8/site-packages/airflow/example_dags/example_branch_day_of_week_operator.py for tasks to queue
[2025-01-08T12:16:08.953+0000] {logging_mixin.py:188} INFO - [2025-01-08T12:16:08.952+0000] {dagbag.py:538} INFO - Filling up the DagBag from /home/airflow/.local/lib/python3.8/site-packages/airflow/example_dags/example_branch_day_of_week_operator.py
[2025-01-08T12:16:08.972+0000] {processor.py:840} INFO - DAG(s) 'example_weekday_branch_operator' retrieved from /home/airflow/.local/lib/python3.8/site-packages/airflow/example_dags/example_branch_day_of_week_operator.py
[2025-01-08T12:16:09.009+0000] {logging_mixin.py:188} INFO - [2025-01-08T12:16:09.008+0000] {dag.py:3036} INFO - Sync 1 DAGs
[2025-01-08T12:16:09.072+0000] {logging_mixin.py:188} INFO - [2025-01-08T12:16:09.072+0000] {dag.py:3823} INFO - Setting next_dagrun for example_weekday_branch_operator to 2025-01-07 00:00:00+00:00, run_after=2025-01-08 00:00:00+00:00
[2025-01-08T12:16:09.119+0000] {processor.py:183} INFO - Processing /home/airflow/.local/lib/python3.8/site-packages/airflow/example_dags/example_branch_day_of_week_operator.py took 0.176 seconds
[2025-01-08T12:16:39.769+0000] {processor.py:161} INFO - Started process (PID=593) to work on /home/airflow/.local/lib/python3.8/site-packages/airflow/example_dags/example_branch_day_of_week_operator.py
[2025-01-08T12:16:39.770+0000] {processor.py:830} INFO - Processing file /home/airflow/.local/lib/python3.8/site-packages/airflow/example_dags/example_branch_day_of_week_operator.py for tasks to queue
[2025-01-08T12:16:39.773+0000] {logging_mixin.py:188} INFO - [2025-01-08T12:16:39.773+0000] {dagbag.py:538} INFO - Filling up the DagBag from /home/airflow/.local/lib/python3.8/site-packages/airflow/example_dags/example_branch_day_of_week_operator.py
[2025-01-08T12:16:39.785+0000] {processor.py:840} INFO - DAG(s) 'example_weekday_branch_operator' retrieved from /home/airflow/.local/lib/python3.8/site-packages/airflow/example_dags/example_branch_day_of_week_operator.py
[2025-01-08T12:16:39.818+0000] {logging_mixin.py:188} INFO - [2025-01-08T12:16:39.817+0000] {dag.py:3036} INFO - Sync 1 DAGs
[2025-01-08T12:16:39.861+0000] {logging_mixin.py:188} INFO - [2025-01-08T12:16:39.861+0000] {dag.py:3823} INFO - Setting next_dagrun for example_weekday_branch_operator to 2025-01-07 00:00:00+00:00, run_after=2025-01-08 00:00:00+00:00
[2025-01-08T12:16:39.893+0000] {processor.py:183} INFO - Processing /home/airflow/.local/lib/python3.8/site-packages/airflow/example_dags/example_branch_day_of_week_operator.py took 0.128 seconds
[2025-01-08T12:17:10.381+0000] {processor.py:161} INFO - Started process (PID=652) to work on /home/airflow/.local/lib/python3.8/site-packages/airflow/example_dags/example_branch_day_of_week_operator.py
[2025-01-08T12:17:10.383+0000] {processor.py:830} INFO - Processing file /home/airflow/.local/lib/python3.8/site-packages/airflow/example_dags/example_branch_day_of_week_operator.py for tasks to queue
[2025-01-08T12:17:10.386+0000] {logging_mixin.py:188} INFO - [2025-01-08T12:17:10.386+0000] {dagbag.py:538} INFO - Filling up the DagBag from /home/airflow/.local/lib/python3.8/site-packages/airflow/example_dags/example_branch_day_of_week_operator.py
[2025-01-08T12:17:10.398+0000] {processor.py:840} INFO - DAG(s) 'example_weekday_branch_operator' retrieved from /home/airflow/.local/lib/python3.8/site-packages/airflow/example_dags/example_branch_day_of_week_operator.py
[2025-01-08T12:17:10.444+0000] {logging_mixin.py:188} INFO - [2025-01-08T12:17:10.444+0000] {dag.py:3036} INFO - Sync 1 DAGs
[2025-01-08T12:17:10.485+0000] {logging_mixin.py:188} INFO - [2025-01-08T12:17:10.485+0000] {dag.py:3823} INFO - Setting next_dagrun for example_weekday_branch_operator to 2025-01-07 00:00:00+00:00, run_after=2025-01-08 00:00:00+00:00
[2025-01-08T12:17:10.521+0000] {processor.py:183} INFO - Processing /home/airflow/.local/lib/python3.8/site-packages/airflow/example_dags/example_branch_day_of_week_operator.py took 0.146 seconds
[2025-01-08T12:17:41.213+0000] {processor.py:161} INFO - Started process (PID=711) to work on /home/airflow/.local/lib/python3.8/site-packages/airflow/example_dags/example_branch_day_of_week_operator.py
[2025-01-08T12:17:41.215+0000] {processor.py:830} INFO - Processing file /home/airflow/.local/lib/python3.8/site-packages/airflow/example_dags/example_branch_day_of_week_operator.py for tasks to queue
[2025-01-08T12:17:41.218+0000] {logging_mixin.py:188} INFO - [2025-01-08T12:17:41.217+0000] {dagbag.py:538} INFO - Filling up the DagBag from /home/airflow/.local/lib/python3.8/site-packages/airflow/example_dags/example_branch_day_of_week_operator.py
[2025-01-08T12:17:41.232+0000] {processor.py:840} INFO - DAG(s) 'example_weekday_branch_operator' retrieved from /home/airflow/.local/lib/python3.8/site-packages/airflow/example_dags/example_branch_day_of_week_operator.py
[2025-01-08T12:17:41.275+0000] {logging_mixin.py:188} INFO - [2025-01-08T12:17:41.274+0000] {dag.py:3036} INFO - Sync 1 DAGs
[2025-01-08T12:17:41.317+0000] {logging_mixin.py:188} INFO - [2025-01-08T12:17:41.317+0000] {dag.py:3823} INFO - Setting next_dagrun for example_weekday_branch_operator to 2025-01-07 00:00:00+00:00, run_after=2025-01-08 00:00:00+00:00
[2025-01-08T12:17:41.350+0000] {processor.py:183} INFO - Processing /home/airflow/.local/lib/python3.8/site-packages/airflow/example_dags/example_branch_day_of_week_operator.py took 0.145 seconds
[2025-01-08T12:18:11.975+0000] {processor.py:161} INFO - Started process (PID=770) to work on /home/airflow/.local/lib/python3.8/site-packages/airflow/example_dags/example_branch_day_of_week_operator.py
[2025-01-08T12:18:11.977+0000] {processor.py:830} INFO - Processing file /home/airflow/.local/lib/python3.8/site-packages/airflow/example_dags/example_branch_day_of_week_operator.py for tasks to queue
[2025-01-08T12:18:11.980+0000] {logging_mixin.py:188} INFO - [2025-01-08T12:18:11.980+0000] {dagbag.py:538} INFO - Filling up the DagBag from /home/airflow/.local/lib/python3.8/site-packages/airflow/example_dags/example_branch_day_of_week_operator.py
[2025-01-08T12:18:11.993+0000] {processor.py:840} INFO - DAG(s) 'example_weekday_branch_operator' retrieved from /home/airflow/.local/lib/python3.8/site-packages/airflow/example_dags/example_branch_day_of_week_operator.py
[2025-01-08T12:18:12.039+0000] {logging_mixin.py:188} INFO - [2025-01-08T12:18:12.039+0000] {dag.py:3036} INFO - Sync 1 DAGs
[2025-01-08T12:18:12.082+0000] {logging_mixin.py:188} INFO - [2025-01-08T12:18:12.081+0000] {dag.py:3823} INFO - Setting next_dagrun for example_weekday_branch_operator to 2025-01-07 00:00:00+00:00, run_after=2025-01-08 00:00:00+00:00
[2025-01-08T12:18:12.123+0000] {processor.py:183} INFO - Processing /home/airflow/.local/lib/python3.8/site-packages/airflow/example_dags/example_branch_day_of_week_operator.py took 0.151 seconds
[2025-01-08T12:18:42.214+0000] {processor.py:161} INFO - Started process (PID=829) to work on /home/airflow/.local/lib/python3.8/site-packages/airflow/example_dags/example_branch_day_of_week_operator.py
[2025-01-08T12:18:42.216+0000] {processor.py:830} INFO - Processing file /home/airflow/.local/lib/python3.8/site-packages/airflow/example_dags/example_branch_day_of_week_operator.py for tasks to queue
[2025-01-08T12:18:42.219+0000] {logging_mixin.py:188} INFO - [2025-01-08T12:18:42.218+0000] {dagbag.py:538} INFO - Filling up the DagBag from /home/airflow/.local/lib/python3.8/site-packages/airflow/example_dags/example_branch_day_of_week_operator.py
[2025-01-08T12:18:42.230+0000] {processor.py:840} INFO - DAG(s) 'example_weekday_branch_operator' retrieved from /home/airflow/.local/lib/python3.8/site-packages/airflow/example_dags/example_branch_day_of_week_operator.py
[2025-01-08T12:18:42.262+0000] {logging_mixin.py:188} INFO - [2025-01-08T12:18:42.261+0000] {dag.py:3036} INFO - Sync 1 DAGs
[2025-01-08T12:18:42.302+0000] {logging_mixin.py:188} INFO - [2025-01-08T12:18:42.302+0000] {dag.py:3823} INFO - Setting next_dagrun for example_weekday_branch_operator to 2025-01-07 00:00:00+00:00, run_after=2025-01-08 00:00:00+00:00
[2025-01-08T12:18:42.334+0000] {processor.py:183} INFO - Processing /home/airflow/.local/lib/python3.8/site-packages/airflow/example_dags/example_branch_day_of_week_operator.py took 0.126 seconds
[2025-01-08T12:19:13.480+0000] {processor.py:161} INFO - Started process (PID=889) to work on /home/airflow/.local/lib/python3.8/site-packages/airflow/example_dags/example_branch_day_of_week_operator.py
[2025-01-08T12:19:13.482+0000] {processor.py:830} INFO - Processing file /home/airflow/.local/lib/python3.8/site-packages/airflow/example_dags/example_branch_day_of_week_operator.py for tasks to queue
[2025-01-08T12:19:13.485+0000] {logging_mixin.py:188} INFO - [2025-01-08T12:19:13.484+0000] {dagbag.py:538} INFO - Filling up the DagBag from /home/airflow/.local/lib/python3.8/site-packages/airflow/example_dags/example_branch_day_of_week_operator.py
[2025-01-08T12:19:13.498+0000] {processor.py:840} INFO - DAG(s) 'example_weekday_branch_operator' retrieved from /home/airflow/.local/lib/python3.8/site-packages/airflow/example_dags/example_branch_day_of_week_operator.py
[2025-01-08T12:19:13.528+0000] {logging_mixin.py:188} INFO - [2025-01-08T12:19:13.527+0000] {dag.py:3036} INFO - Sync 1 DAGs
[2025-01-08T12:19:13.566+0000] {logging_mixin.py:188} INFO - [2025-01-08T12:19:13.566+0000] {dag.py:3823} INFO - Setting next_dagrun for example_weekday_branch_operator to 2025-01-07 00:00:00+00:00, run_after=2025-01-08 00:00:00+00:00
[2025-01-08T12:19:13.595+0000] {processor.py:183} INFO - Processing /home/airflow/.local/lib/python3.8/site-packages/airflow/example_dags/example_branch_day_of_week_operator.py took 0.119 seconds
[2025-01-08T12:19:44.842+0000] {processor.py:161} INFO - Started process (PID=948) to work on /home/airflow/.local/lib/python3.8/site-packages/airflow/example_dags/example_branch_day_of_week_operator.py
[2025-01-08T12:19:44.845+0000] {processor.py:830} INFO - Processing file /home/airflow/.local/lib/python3.8/site-packages/airflow/example_dags/example_branch_day_of_week_operator.py for tasks to queue
[2025-01-08T12:19:44.849+0000] {logging_mixin.py:188} INFO - [2025-01-08T12:19:44.848+0000] {dagbag.py:538} INFO - Filling up the DagBag from /home/airflow/.local/lib/python3.8/site-packages/airflow/example_dags/example_branch_day_of_week_operator.py
[2025-01-08T12:19:44.865+0000] {processor.py:840} INFO - DAG(s) 'example_weekday_branch_operator' retrieved from /home/airflow/.local/lib/python3.8/site-packages/airflow/example_dags/example_branch_day_of_week_operator.py
[2025-01-08T12:19:44.903+0000] {logging_mixin.py:188} INFO - [2025-01-08T12:19:44.902+0000] {dag.py:3036} INFO - Sync 1 DAGs
[2025-01-08T12:19:44.939+0000] {logging_mixin.py:188} INFO - [2025-01-08T12:19:44.939+0000] {dag.py:3823} INFO - Setting next_dagrun for example_weekday_branch_operator to 2025-01-07 00:00:00+00:00, run_after=2025-01-08 00:00:00+00:00
[2025-01-08T12:19:44.966+0000] {processor.py:183} INFO - Processing /home/airflow/.local/lib/python3.8/site-packages/airflow/example_dags/example_branch_day_of_week_operator.py took 0.134 seconds
[2025-01-08T12:20:15.943+0000] {processor.py:161} INFO - Started process (PID=1013) to work on /home/airflow/.local/lib/python3.8/site-packages/airflow/example_dags/example_branch_day_of_week_operator.py
[2025-01-08T12:20:15.955+0000] {processor.py:830} INFO - Processing file /home/airflow/.local/lib/python3.8/site-packages/airflow/example_dags/example_branch_day_of_week_operator.py for tasks to queue
[2025-01-08T12:20:15.977+0000] {logging_mixin.py:188} INFO - [2025-01-08T12:20:15.977+0000] {dagbag.py:538} INFO - Filling up the DagBag from /home/airflow/.local/lib/python3.8/site-packages/airflow/example_dags/example_branch_day_of_week_operator.py
[2025-01-08T12:20:16.020+0000] {processor.py:840} INFO - DAG(s) 'example_weekday_branch_operator' retrieved from /home/airflow/.local/lib/python3.8/site-packages/airflow/example_dags/example_branch_day_of_week_operator.py
[2025-01-08T12:20:16.140+0000] {logging_mixin.py:188} INFO - [2025-01-08T12:20:16.140+0000] {dag.py:3036} INFO - Sync 1 DAGs
[2025-01-08T12:20:16.226+0000] {logging_mixin.py:188} INFO - [2025-01-08T12:20:16.218+0000] {dag.py:3823} INFO - Setting next_dagrun for example_weekday_branch_operator to 2025-01-07 00:00:00+00:00, run_after=2025-01-08 00:00:00+00:00
[2025-01-08T12:20:16.302+0000] {processor.py:183} INFO - Processing /home/airflow/.local/lib/python3.8/site-packages/airflow/example_dags/example_branch_day_of_week_operator.py took 0.366 seconds
[2025-01-08T12:20:47.633+0000] {processor.py:161} INFO - Started process (PID=1072) to work on /home/airflow/.local/lib/python3.8/site-packages/airflow/example_dags/example_branch_day_of_week_operator.py
[2025-01-08T12:20:47.634+0000] {processor.py:830} INFO - Processing file /home/airflow/.local/lib/python3.8/site-packages/airflow/example_dags/example_branch_day_of_week_operator.py for tasks to queue
[2025-01-08T12:20:47.638+0000] {logging_mixin.py:188} INFO - [2025-01-08T12:20:47.637+0000] {dagbag.py:538} INFO - Filling up the DagBag from /home/airflow/.local/lib/python3.8/site-packages/airflow/example_dags/example_branch_day_of_week_operator.py
[2025-01-08T12:20:47.662+0000] {processor.py:840} INFO - DAG(s) 'example_weekday_branch_operator' retrieved from /home/airflow/.local/lib/python3.8/site-packages/airflow/example_dags/example_branch_day_of_week_operator.py
[2025-01-08T12:20:47.732+0000] {logging_mixin.py:188} INFO - [2025-01-08T12:20:47.731+0000] {dag.py:3036} INFO - Sync 1 DAGs
[2025-01-08T12:20:47.787+0000] {logging_mixin.py:188} INFO - [2025-01-08T12:20:47.786+0000] {dag.py:3823} INFO - Setting next_dagrun for example_weekday_branch_operator to 2025-01-07 00:00:00+00:00, run_after=2025-01-08 00:00:00+00:00
[2025-01-08T12:20:47.825+0000] {processor.py:183} INFO - Processing /home/airflow/.local/lib/python3.8/site-packages/airflow/example_dags/example_branch_day_of_week_operator.py took 0.198 seconds
[2025-01-08T12:21:19.291+0000] {processor.py:161} INFO - Started process (PID=1131) to work on /home/airflow/.local/lib/python3.8/site-packages/airflow/example_dags/example_branch_day_of_week_operator.py
[2025-01-08T12:21:19.303+0000] {processor.py:830} INFO - Processing file /home/airflow/.local/lib/python3.8/site-packages/airflow/example_dags/example_branch_day_of_week_operator.py for tasks to queue
[2025-01-08T12:21:19.322+0000] {logging_mixin.py:188} INFO - [2025-01-08T12:21:19.322+0000] {dagbag.py:538} INFO - Filling up the DagBag from /home/airflow/.local/lib/python3.8/site-packages/airflow/example_dags/example_branch_day_of_week_operator.py
[2025-01-08T12:21:19.360+0000] {processor.py:840} INFO - DAG(s) 'example_weekday_branch_operator' retrieved from /home/airflow/.local/lib/python3.8/site-packages/airflow/example_dags/example_branch_day_of_week_operator.py
[2025-01-08T12:21:19.491+0000] {logging_mixin.py:188} INFO - [2025-01-08T12:21:19.490+0000] {dag.py:3036} INFO - Sync 1 DAGs
[2025-01-08T12:21:19.620+0000] {logging_mixin.py:188} INFO - [2025-01-08T12:21:19.609+0000] {dag.py:3823} INFO - Setting next_dagrun for example_weekday_branch_operator to 2025-01-07 00:00:00+00:00, run_after=2025-01-08 00:00:00+00:00
[2025-01-08T12:21:19.718+0000] {processor.py:183} INFO - Processing /home/airflow/.local/lib/python3.8/site-packages/airflow/example_dags/example_branch_day_of_week_operator.py took 0.434 seconds
[2025-01-08T12:21:49.972+0000] {processor.py:161} INFO - Started process (PID=1190) to work on /home/airflow/.local/lib/python3.8/site-packages/airflow/example_dags/example_branch_day_of_week_operator.py
[2025-01-08T12:21:49.975+0000] {processor.py:830} INFO - Processing file /home/airflow/.local/lib/python3.8/site-packages/airflow/example_dags/example_branch_day_of_week_operator.py for tasks to queue
[2025-01-08T12:21:49.981+0000] {logging_mixin.py:188} INFO - [2025-01-08T12:21:49.980+0000] {dagbag.py:538} INFO - Filling up the DagBag from /home/airflow/.local/lib/python3.8/site-packages/airflow/example_dags/example_branch_day_of_week_operator.py
[2025-01-08T12:21:50.006+0000] {processor.py:840} INFO - DAG(s) 'example_weekday_branch_operator' retrieved from /home/airflow/.local/lib/python3.8/site-packages/airflow/example_dags/example_branch_day_of_week_operator.py
[2025-01-08T12:21:50.058+0000] {logging_mixin.py:188} INFO - [2025-01-08T12:21:50.058+0000] {dag.py:3036} INFO - Sync 1 DAGs
[2025-01-08T12:21:50.103+0000] {logging_mixin.py:188} INFO - [2025-01-08T12:21:50.102+0000] {dag.py:3823} INFO - Setting next_dagrun for example_weekday_branch_operator to 2025-01-07 00:00:00+00:00, run_after=2025-01-08 00:00:00+00:00
[2025-01-08T12:21:50.141+0000] {processor.py:183} INFO - Processing /home/airflow/.local/lib/python3.8/site-packages/airflow/example_dags/example_branch_day_of_week_operator.py took 0.174 seconds
[2025-01-08T12:22:20.214+0000] {processor.py:161} INFO - Started process (PID=1249) to work on /home/airflow/.local/lib/python3.8/site-packages/airflow/example_dags/example_branch_day_of_week_operator.py
[2025-01-08T12:22:20.216+0000] {processor.py:830} INFO - Processing file /home/airflow/.local/lib/python3.8/site-packages/airflow/example_dags/example_branch_day_of_week_operator.py for tasks to queue
[2025-01-08T12:22:20.220+0000] {logging_mixin.py:188} INFO - [2025-01-08T12:22:20.219+0000] {dagbag.py:538} INFO - Filling up the DagBag from /home/airflow/.local/lib/python3.8/site-packages/airflow/example_dags/example_branch_day_of_week_operator.py
[2025-01-08T12:22:20.232+0000] {processor.py:840} INFO - DAG(s) 'example_weekday_branch_operator' retrieved from /home/airflow/.local/lib/python3.8/site-packages/airflow/example_dags/example_branch_day_of_week_operator.py
[2025-01-08T12:22:20.261+0000] {logging_mixin.py:188} INFO - [2025-01-08T12:22:20.261+0000] {dag.py:3036} INFO - Sync 1 DAGs
[2025-01-08T12:22:20.297+0000] {logging_mixin.py:188} INFO - [2025-01-08T12:22:20.297+0000] {dag.py:3823} INFO - Setting next_dagrun for example_weekday_branch_operator to 2025-01-07 00:00:00+00:00, run_after=2025-01-08 00:00:00+00:00
[2025-01-08T12:22:20.331+0000] {processor.py:183} INFO - Processing /home/airflow/.local/lib/python3.8/site-packages/airflow/example_dags/example_branch_day_of_week_operator.py took 0.122 seconds
[2025-01-08T12:22:51.082+0000] {processor.py:161} INFO - Started process (PID=1308) to work on /home/airflow/.local/lib/python3.8/site-packages/airflow/example_dags/example_branch_day_of_week_operator.py
[2025-01-08T12:22:51.085+0000] {processor.py:830} INFO - Processing file /home/airflow/.local/lib/python3.8/site-packages/airflow/example_dags/example_branch_day_of_week_operator.py for tasks to queue
[2025-01-08T12:22:51.089+0000] {logging_mixin.py:188} INFO - [2025-01-08T12:22:51.088+0000] {dagbag.py:538} INFO - Filling up the DagBag from /home/airflow/.local/lib/python3.8/site-packages/airflow/example_dags/example_branch_day_of_week_operator.py
[2025-01-08T12:22:51.105+0000] {processor.py:840} INFO - DAG(s) 'example_weekday_branch_operator' retrieved from /home/airflow/.local/lib/python3.8/site-packages/airflow/example_dags/example_branch_day_of_week_operator.py
[2025-01-08T12:22:51.150+0000] {logging_mixin.py:188} INFO - [2025-01-08T12:22:51.149+0000] {dag.py:3036} INFO - Sync 1 DAGs
[2025-01-08T12:22:51.194+0000] {logging_mixin.py:188} INFO - [2025-01-08T12:22:51.194+0000] {dag.py:3823} INFO - Setting next_dagrun for example_weekday_branch_operator to 2025-01-07 00:00:00+00:00, run_after=2025-01-08 00:00:00+00:00
[2025-01-08T12:22:51.243+0000] {processor.py:183} INFO - Processing /home/airflow/.local/lib/python3.8/site-packages/airflow/example_dags/example_branch_day_of_week_operator.py took 0.167 seconds
[2025-01-08T12:23:21.731+0000] {processor.py:161} INFO - Started process (PID=1368) to work on /home/airflow/.local/lib/python3.8/site-packages/airflow/example_dags/example_branch_day_of_week_operator.py
[2025-01-08T12:23:21.733+0000] {processor.py:830} INFO - Processing file /home/airflow/.local/lib/python3.8/site-packages/airflow/example_dags/example_branch_day_of_week_operator.py for tasks to queue
[2025-01-08T12:23:21.736+0000] {logging_mixin.py:188} INFO - [2025-01-08T12:23:21.736+0000] {dagbag.py:538} INFO - Filling up the DagBag from /home/airflow/.local/lib/python3.8/site-packages/airflow/example_dags/example_branch_day_of_week_operator.py
[2025-01-08T12:23:21.750+0000] {processor.py:840} INFO - DAG(s) 'example_weekday_branch_operator' retrieved from /home/airflow/.local/lib/python3.8/site-packages/airflow/example_dags/example_branch_day_of_week_operator.py
[2025-01-08T12:23:21.786+0000] {logging_mixin.py:188} INFO - [2025-01-08T12:23:21.786+0000] {dag.py:3036} INFO - Sync 1 DAGs
[2025-01-08T12:23:21.826+0000] {logging_mixin.py:188} INFO - [2025-01-08T12:23:21.826+0000] {dag.py:3823} INFO - Setting next_dagrun for example_weekday_branch_operator to 2025-01-07 00:00:00+00:00, run_after=2025-01-08 00:00:00+00:00
[2025-01-08T12:23:21.858+0000] {processor.py:183} INFO - Processing /home/airflow/.local/lib/python3.8/site-packages/airflow/example_dags/example_branch_day_of_week_operator.py took 0.132 seconds
[2025-01-08T12:23:52.791+0000] {processor.py:161} INFO - Started process (PID=1426) to work on /home/airflow/.local/lib/python3.8/site-packages/airflow/example_dags/example_branch_day_of_week_operator.py
[2025-01-08T12:23:52.792+0000] {processor.py:830} INFO - Processing file /home/airflow/.local/lib/python3.8/site-packages/airflow/example_dags/example_branch_day_of_week_operator.py for tasks to queue
[2025-01-08T12:23:52.795+0000] {logging_mixin.py:188} INFO - [2025-01-08T12:23:52.795+0000] {dagbag.py:538} INFO - Filling up the DagBag from /home/airflow/.local/lib/python3.8/site-packages/airflow/example_dags/example_branch_day_of_week_operator.py
[2025-01-08T12:23:52.810+0000] {processor.py:840} INFO - DAG(s) 'example_weekday_branch_operator' retrieved from /home/airflow/.local/lib/python3.8/site-packages/airflow/example_dags/example_branch_day_of_week_operator.py
[2025-01-08T12:23:52.844+0000] {logging_mixin.py:188} INFO - [2025-01-08T12:23:52.843+0000] {dag.py:3036} INFO - Sync 1 DAGs
[2025-01-08T12:23:52.887+0000] {logging_mixin.py:188} INFO - [2025-01-08T12:23:52.887+0000] {dag.py:3823} INFO - Setting next_dagrun for example_weekday_branch_operator to 2025-01-07 00:00:00+00:00, run_after=2025-01-08 00:00:00+00:00
[2025-01-08T12:23:52.924+0000] {processor.py:183} INFO - Processing /home/airflow/.local/lib/python3.8/site-packages/airflow/example_dags/example_branch_day_of_week_operator.py took 0.140 seconds
[2025-01-08T12:24:23.526+0000] {processor.py:161} INFO - Started process (PID=1486) to work on /home/airflow/.local/lib/python3.8/site-packages/airflow/example_dags/example_branch_day_of_week_operator.py
[2025-01-08T12:24:23.528+0000] {processor.py:830} INFO - Processing file /home/airflow/.local/lib/python3.8/site-packages/airflow/example_dags/example_branch_day_of_week_operator.py for tasks to queue
[2025-01-08T12:24:23.531+0000] {logging_mixin.py:188} INFO - [2025-01-08T12:24:23.531+0000] {dagbag.py:538} INFO - Filling up the DagBag from /home/airflow/.local/lib/python3.8/site-packages/airflow/example_dags/example_branch_day_of_week_operator.py
[2025-01-08T12:24:23.547+0000] {processor.py:840} INFO - DAG(s) 'example_weekday_branch_operator' retrieved from /home/airflow/.local/lib/python3.8/site-packages/airflow/example_dags/example_branch_day_of_week_operator.py
[2025-01-08T12:24:23.581+0000] {logging_mixin.py:188} INFO - [2025-01-08T12:24:23.581+0000] {dag.py:3036} INFO - Sync 1 DAGs
[2025-01-08T12:24:23.621+0000] {logging_mixin.py:188} INFO - [2025-01-08T12:24:23.620+0000] {dag.py:3823} INFO - Setting next_dagrun for example_weekday_branch_operator to 2025-01-07 00:00:00+00:00, run_after=2025-01-08 00:00:00+00:00
[2025-01-08T12:24:23.652+0000] {processor.py:183} INFO - Processing /home/airflow/.local/lib/python3.8/site-packages/airflow/example_dags/example_branch_day_of_week_operator.py took 0.132 seconds
[2025-01-08T12:24:54.156+0000] {processor.py:161} INFO - Started process (PID=1543) to work on /home/airflow/.local/lib/python3.8/site-packages/airflow/example_dags/example_branch_day_of_week_operator.py
[2025-01-08T12:24:54.158+0000] {processor.py:830} INFO - Processing file /home/airflow/.local/lib/python3.8/site-packages/airflow/example_dags/example_branch_day_of_week_operator.py for tasks to queue
[2025-01-08T12:24:54.162+0000] {logging_mixin.py:188} INFO - [2025-01-08T12:24:54.161+0000] {dagbag.py:538} INFO - Filling up the DagBag from /home/airflow/.local/lib/python3.8/site-packages/airflow/example_dags/example_branch_day_of_week_operator.py
[2025-01-08T12:24:54.175+0000] {processor.py:840} INFO - DAG(s) 'example_weekday_branch_operator' retrieved from /home/airflow/.local/lib/python3.8/site-packages/airflow/example_dags/example_branch_day_of_week_operator.py
[2025-01-08T12:24:54.223+0000] {logging_mixin.py:188} INFO - [2025-01-08T12:24:54.223+0000] {dag.py:3036} INFO - Sync 1 DAGs
[2025-01-08T12:24:54.273+0000] {logging_mixin.py:188} INFO - [2025-01-08T12:24:54.273+0000] {dag.py:3823} INFO - Setting next_dagrun for example_weekday_branch_operator to 2025-01-07 00:00:00+00:00, run_after=2025-01-08 00:00:00+00:00
[2025-01-08T12:24:54.311+0000] {processor.py:183} INFO - Processing /home/airflow/.local/lib/python3.8/site-packages/airflow/example_dags/example_branch_day_of_week_operator.py took 0.162 seconds
[2025-01-08T12:25:24.880+0000] {processor.py:161} INFO - Started process (PID=1602) to work on /home/airflow/.local/lib/python3.8/site-packages/airflow/example_dags/example_branch_day_of_week_operator.py
[2025-01-08T12:25:24.882+0000] {processor.py:830} INFO - Processing file /home/airflow/.local/lib/python3.8/site-packages/airflow/example_dags/example_branch_day_of_week_operator.py for tasks to queue
[2025-01-08T12:25:24.885+0000] {logging_mixin.py:188} INFO - [2025-01-08T12:25:24.885+0000] {dagbag.py:538} INFO - Filling up the DagBag from /home/airflow/.local/lib/python3.8/site-packages/airflow/example_dags/example_branch_day_of_week_operator.py
[2025-01-08T12:25:24.903+0000] {processor.py:840} INFO - DAG(s) 'example_weekday_branch_operator' retrieved from /home/airflow/.local/lib/python3.8/site-packages/airflow/example_dags/example_branch_day_of_week_operator.py
[2025-01-08T12:25:24.940+0000] {logging_mixin.py:188} INFO - [2025-01-08T12:25:24.939+0000] {dag.py:3036} INFO - Sync 1 DAGs
[2025-01-08T12:25:24.992+0000] {logging_mixin.py:188} INFO - [2025-01-08T12:25:24.991+0000] {dag.py:3823} INFO - Setting next_dagrun for example_weekday_branch_operator to 2025-01-07 00:00:00+00:00, run_after=2025-01-08 00:00:00+00:00
[2025-01-08T12:25:25.034+0000] {processor.py:183} INFO - Processing /home/airflow/.local/lib/python3.8/site-packages/airflow/example_dags/example_branch_day_of_week_operator.py took 0.160 seconds
[2025-01-08T12:25:56.081+0000] {processor.py:161} INFO - Started process (PID=1661) to work on /home/airflow/.local/lib/python3.8/site-packages/airflow/example_dags/example_branch_day_of_week_operator.py
[2025-01-08T12:25:56.083+0000] {processor.py:830} INFO - Processing file /home/airflow/.local/lib/python3.8/site-packages/airflow/example_dags/example_branch_day_of_week_operator.py for tasks to queue
[2025-01-08T12:25:56.102+0000] {logging_mixin.py:188} INFO - [2025-01-08T12:25:56.102+0000] {dagbag.py:538} INFO - Filling up the DagBag from /home/airflow/.local/lib/python3.8/site-packages/airflow/example_dags/example_branch_day_of_week_operator.py
[2025-01-08T12:25:56.128+0000] {processor.py:840} INFO - DAG(s) 'example_weekday_branch_operator' retrieved from /home/airflow/.local/lib/python3.8/site-packages/airflow/example_dags/example_branch_day_of_week_operator.py
[2025-01-08T12:25:56.203+0000] {logging_mixin.py:188} INFO - [2025-01-08T12:25:56.203+0000] {dag.py:3036} INFO - Sync 1 DAGs
[2025-01-08T12:25:56.272+0000] {logging_mixin.py:188} INFO - [2025-01-08T12:25:56.271+0000] {dag.py:3823} INFO - Setting next_dagrun for example_weekday_branch_operator to 2025-01-07 00:00:00+00:00, run_after=2025-01-08 00:00:00+00:00
[2025-01-08T12:25:56.312+0000] {processor.py:183} INFO - Processing /home/airflow/.local/lib/python3.8/site-packages/airflow/example_dags/example_branch_day_of_week_operator.py took 0.245 seconds
[2025-01-08T12:26:36.427+0000] {processor.py:161} INFO - Started process (PID=1724) to work on /home/airflow/.local/lib/python3.8/site-packages/airflow/example_dags/example_branch_day_of_week_operator.py
[2025-01-08T12:26:36.429+0000] {processor.py:830} INFO - Processing file /home/airflow/.local/lib/python3.8/site-packages/airflow/example_dags/example_branch_day_of_week_operator.py for tasks to queue
[2025-01-08T12:26:36.433+0000] {logging_mixin.py:188} INFO - [2025-01-08T12:26:36.432+0000] {dagbag.py:538} INFO - Filling up the DagBag from /home/airflow/.local/lib/python3.8/site-packages/airflow/example_dags/example_branch_day_of_week_operator.py
[2025-01-08T12:26:36.453+0000] {processor.py:840} INFO - DAG(s) 'example_weekday_branch_operator' retrieved from /home/airflow/.local/lib/python3.8/site-packages/airflow/example_dags/example_branch_day_of_week_operator.py
[2025-01-08T12:26:36.521+0000] {logging_mixin.py:188} INFO - [2025-01-08T12:26:36.521+0000] {dag.py:3036} INFO - Sync 1 DAGs
[2025-01-08T12:26:36.645+0000] {logging_mixin.py:188} INFO - [2025-01-08T12:26:36.645+0000] {dag.py:3823} INFO - Setting next_dagrun for example_weekday_branch_operator to 2025-01-07 00:00:00+00:00, run_after=2025-01-08 00:00:00+00:00
[2025-01-08T12:26:36.757+0000] {processor.py:183} INFO - Processing /home/airflow/.local/lib/python3.8/site-packages/airflow/example_dags/example_branch_day_of_week_operator.py took 0.339 seconds
[2025-01-08T12:27:07.186+0000] {processor.py:161} INFO - Started process (PID=1783) to work on /home/airflow/.local/lib/python3.8/site-packages/airflow/example_dags/example_branch_day_of_week_operator.py
[2025-01-08T12:27:07.188+0000] {processor.py:830} INFO - Processing file /home/airflow/.local/lib/python3.8/site-packages/airflow/example_dags/example_branch_day_of_week_operator.py for tasks to queue
[2025-01-08T12:27:07.192+0000] {logging_mixin.py:188} INFO - [2025-01-08T12:27:07.192+0000] {dagbag.py:538} INFO - Filling up the DagBag from /home/airflow/.local/lib/python3.8/site-packages/airflow/example_dags/example_branch_day_of_week_operator.py
[2025-01-08T12:27:07.208+0000] {processor.py:840} INFO - DAG(s) 'example_weekday_branch_operator' retrieved from /home/airflow/.local/lib/python3.8/site-packages/airflow/example_dags/example_branch_day_of_week_operator.py
[2025-01-08T12:27:07.260+0000] {logging_mixin.py:188} INFO - [2025-01-08T12:27:07.259+0000] {dag.py:3036} INFO - Sync 1 DAGs
[2025-01-08T12:27:07.341+0000] {logging_mixin.py:188} INFO - [2025-01-08T12:27:07.338+0000] {dag.py:3823} INFO - Setting next_dagrun for example_weekday_branch_operator to 2025-01-07 00:00:00+00:00, run_after=2025-01-08 00:00:00+00:00
[2025-01-08T12:27:07.398+0000] {processor.py:183} INFO - Processing /home/airflow/.local/lib/python3.8/site-packages/airflow/example_dags/example_branch_day_of_week_operator.py took 0.222 seconds
[2025-01-08T12:27:38.836+0000] {processor.py:161} INFO - Started process (PID=1842) to work on /home/airflow/.local/lib/python3.8/site-packages/airflow/example_dags/example_branch_day_of_week_operator.py
[2025-01-08T12:27:38.838+0000] {processor.py:830} INFO - Processing file /home/airflow/.local/lib/python3.8/site-packages/airflow/example_dags/example_branch_day_of_week_operator.py for tasks to queue
[2025-01-08T12:27:38.843+0000] {logging_mixin.py:188} INFO - [2025-01-08T12:27:38.842+0000] {dagbag.py:538} INFO - Filling up the DagBag from /home/airflow/.local/lib/python3.8/site-packages/airflow/example_dags/example_branch_day_of_week_operator.py
[2025-01-08T12:27:38.853+0000] {processor.py:840} INFO - DAG(s) 'example_weekday_branch_operator' retrieved from /home/airflow/.local/lib/python3.8/site-packages/airflow/example_dags/example_branch_day_of_week_operator.py
[2025-01-08T12:27:38.887+0000] {logging_mixin.py:188} INFO - [2025-01-08T12:27:38.886+0000] {dag.py:3036} INFO - Sync 1 DAGs
[2025-01-08T12:27:38.919+0000] {logging_mixin.py:188} INFO - [2025-01-08T12:27:38.919+0000] {dag.py:3823} INFO - Setting next_dagrun for example_weekday_branch_operator to 2025-01-07 00:00:00+00:00, run_after=2025-01-08 00:00:00+00:00
[2025-01-08T12:27:38.957+0000] {processor.py:183} INFO - Processing /home/airflow/.local/lib/python3.8/site-packages/airflow/example_dags/example_branch_day_of_week_operator.py took 0.126 seconds
[2025-01-08T12:28:09.498+0000] {processor.py:161} INFO - Started process (PID=1904) to work on /home/airflow/.local/lib/python3.8/site-packages/airflow/example_dags/example_branch_day_of_week_operator.py
[2025-01-08T12:28:09.499+0000] {processor.py:830} INFO - Processing file /home/airflow/.local/lib/python3.8/site-packages/airflow/example_dags/example_branch_day_of_week_operator.py for tasks to queue
[2025-01-08T12:28:09.504+0000] {logging_mixin.py:188} INFO - [2025-01-08T12:28:09.503+0000] {dagbag.py:538} INFO - Filling up the DagBag from /home/airflow/.local/lib/python3.8/site-packages/airflow/example_dags/example_branch_day_of_week_operator.py
[2025-01-08T12:28:09.521+0000] {processor.py:840} INFO - DAG(s) 'example_weekday_branch_operator' retrieved from /home/airflow/.local/lib/python3.8/site-packages/airflow/example_dags/example_branch_day_of_week_operator.py
[2025-01-08T12:28:09.598+0000] {logging_mixin.py:188} INFO - [2025-01-08T12:28:09.597+0000] {dag.py:3036} INFO - Sync 1 DAGs
[2025-01-08T12:28:09.743+0000] {logging_mixin.py:188} INFO - [2025-01-08T12:28:09.740+0000] {dag.py:3823} INFO - Setting next_dagrun for example_weekday_branch_operator to 2025-01-07 00:00:00+00:00, run_after=2025-01-08 00:00:00+00:00
[2025-01-08T12:28:09.954+0000] {processor.py:183} INFO - Processing /home/airflow/.local/lib/python3.8/site-packages/airflow/example_dags/example_branch_day_of_week_operator.py took 0.462 seconds
[2025-01-08T12:28:40.477+0000] {processor.py:161} INFO - Started process (PID=1963) to work on /home/airflow/.local/lib/python3.8/site-packages/airflow/example_dags/example_branch_day_of_week_operator.py
[2025-01-08T12:28:40.478+0000] {processor.py:830} INFO - Processing file /home/airflow/.local/lib/python3.8/site-packages/airflow/example_dags/example_branch_day_of_week_operator.py for tasks to queue
[2025-01-08T12:28:40.481+0000] {logging_mixin.py:188} INFO - [2025-01-08T12:28:40.481+0000] {dagbag.py:538} INFO - Filling up the DagBag from /home/airflow/.local/lib/python3.8/site-packages/airflow/example_dags/example_branch_day_of_week_operator.py
[2025-01-08T12:28:40.497+0000] {processor.py:840} INFO - DAG(s) 'example_weekday_branch_operator' retrieved from /home/airflow/.local/lib/python3.8/site-packages/airflow/example_dags/example_branch_day_of_week_operator.py
[2025-01-08T12:28:40.555+0000] {logging_mixin.py:188} INFO - [2025-01-08T12:28:40.554+0000] {dag.py:3036} INFO - Sync 1 DAGs
[2025-01-08T12:28:40.605+0000] {logging_mixin.py:188} INFO - [2025-01-08T12:28:40.604+0000] {dag.py:3823} INFO - Setting next_dagrun for example_weekday_branch_operator to 2025-01-07 00:00:00+00:00, run_after=2025-01-08 00:00:00+00:00
[2025-01-08T12:28:40.652+0000] {processor.py:183} INFO - Processing /home/airflow/.local/lib/python3.8/site-packages/airflow/example_dags/example_branch_day_of_week_operator.py took 0.181 seconds
[2025-01-08T12:29:11.935+0000] {processor.py:161} INFO - Started process (PID=2020) to work on /home/airflow/.local/lib/python3.8/site-packages/airflow/example_dags/example_branch_day_of_week_operator.py
[2025-01-08T12:29:11.937+0000] {processor.py:830} INFO - Processing file /home/airflow/.local/lib/python3.8/site-packages/airflow/example_dags/example_branch_day_of_week_operator.py for tasks to queue
[2025-01-08T12:29:11.940+0000] {logging_mixin.py:188} INFO - [2025-01-08T12:29:11.939+0000] {dagbag.py:538} INFO - Filling up the DagBag from /home/airflow/.local/lib/python3.8/site-packages/airflow/example_dags/example_branch_day_of_week_operator.py
[2025-01-08T12:29:11.956+0000] {processor.py:840} INFO - DAG(s) 'example_weekday_branch_operator' retrieved from /home/airflow/.local/lib/python3.8/site-packages/airflow/example_dags/example_branch_day_of_week_operator.py
[2025-01-08T12:29:11.994+0000] {logging_mixin.py:188} INFO - [2025-01-08T12:29:11.994+0000] {dag.py:3036} INFO - Sync 1 DAGs
[2025-01-08T12:29:12.046+0000] {logging_mixin.py:188} INFO - [2025-01-08T12:29:12.046+0000] {dag.py:3823} INFO - Setting next_dagrun for example_weekday_branch_operator to 2025-01-07 00:00:00+00:00, run_after=2025-01-08 00:00:00+00:00
[2025-01-08T12:29:12.083+0000] {processor.py:183} INFO - Processing /home/airflow/.local/lib/python3.8/site-packages/airflow/example_dags/example_branch_day_of_week_operator.py took 0.156 seconds
[2025-01-08T12:29:42.470+0000] {processor.py:161} INFO - Started process (PID=2077) to work on /home/airflow/.local/lib/python3.8/site-packages/airflow/example_dags/example_branch_day_of_week_operator.py
[2025-01-08T12:29:42.472+0000] {processor.py:830} INFO - Processing file /home/airflow/.local/lib/python3.8/site-packages/airflow/example_dags/example_branch_day_of_week_operator.py for tasks to queue
[2025-01-08T12:29:42.478+0000] {logging_mixin.py:188} INFO - [2025-01-08T12:29:42.477+0000] {dagbag.py:538} INFO - Filling up the DagBag from /home/airflow/.local/lib/python3.8/site-packages/airflow/example_dags/example_branch_day_of_week_operator.py
[2025-01-08T12:29:42.503+0000] {processor.py:840} INFO - DAG(s) 'example_weekday_branch_operator' retrieved from /home/airflow/.local/lib/python3.8/site-packages/airflow/example_dags/example_branch_day_of_week_operator.py
[2025-01-08T12:29:42.571+0000] {logging_mixin.py:188} INFO - [2025-01-08T12:29:42.570+0000] {dag.py:3036} INFO - Sync 1 DAGs
[2025-01-08T12:29:42.648+0000] {logging_mixin.py:188} INFO - [2025-01-08T12:29:42.647+0000] {dag.py:3823} INFO - Setting next_dagrun for example_weekday_branch_operator to 2025-01-07 00:00:00+00:00, run_after=2025-01-08 00:00:00+00:00
[2025-01-08T12:29:43.012+0000] {processor.py:183} INFO - Processing /home/airflow/.local/lib/python3.8/site-packages/airflow/example_dags/example_branch_day_of_week_operator.py took 0.552 seconds
[2025-01-08T12:30:13.512+0000] {processor.py:161} INFO - Started process (PID=2136) to work on /home/airflow/.local/lib/python3.8/site-packages/airflow/example_dags/example_branch_day_of_week_operator.py
[2025-01-08T12:30:13.514+0000] {processor.py:830} INFO - Processing file /home/airflow/.local/lib/python3.8/site-packages/airflow/example_dags/example_branch_day_of_week_operator.py for tasks to queue
[2025-01-08T12:30:13.517+0000] {logging_mixin.py:188} INFO - [2025-01-08T12:30:13.517+0000] {dagbag.py:538} INFO - Filling up the DagBag from /home/airflow/.local/lib/python3.8/site-packages/airflow/example_dags/example_branch_day_of_week_operator.py
[2025-01-08T12:30:13.528+0000] {processor.py:840} INFO - DAG(s) 'example_weekday_branch_operator' retrieved from /home/airflow/.local/lib/python3.8/site-packages/airflow/example_dags/example_branch_day_of_week_operator.py
[2025-01-08T12:30:13.570+0000] {logging_mixin.py:188} INFO - [2025-01-08T12:30:13.569+0000] {dag.py:3036} INFO - Sync 1 DAGs
[2025-01-08T12:30:13.607+0000] {logging_mixin.py:188} INFO - [2025-01-08T12:30:13.606+0000] {dag.py:3823} INFO - Setting next_dagrun for example_weekday_branch_operator to 2025-01-07 00:00:00+00:00, run_after=2025-01-08 00:00:00+00:00
[2025-01-08T12:30:13.768+0000] {processor.py:183} INFO - Processing /home/airflow/.local/lib/python3.8/site-packages/airflow/example_dags/example_branch_day_of_week_operator.py took 0.261 seconds
[2025-01-08T12:30:43.850+0000] {processor.py:161} INFO - Started process (PID=2195) to work on /home/airflow/.local/lib/python3.8/site-packages/airflow/example_dags/example_branch_day_of_week_operator.py
[2025-01-08T12:30:43.852+0000] {processor.py:830} INFO - Processing file /home/airflow/.local/lib/python3.8/site-packages/airflow/example_dags/example_branch_day_of_week_operator.py for tasks to queue
[2025-01-08T12:30:43.856+0000] {logging_mixin.py:188} INFO - [2025-01-08T12:30:43.855+0000] {dagbag.py:538} INFO - Filling up the DagBag from /home/airflow/.local/lib/python3.8/site-packages/airflow/example_dags/example_branch_day_of_week_operator.py
[2025-01-08T12:30:43.876+0000] {processor.py:840} INFO - DAG(s) 'example_weekday_branch_operator' retrieved from /home/airflow/.local/lib/python3.8/site-packages/airflow/example_dags/example_branch_day_of_week_operator.py
[2025-01-08T12:30:43.917+0000] {logging_mixin.py:188} INFO - [2025-01-08T12:30:43.916+0000] {dag.py:3036} INFO - Sync 1 DAGs
[2025-01-08T12:30:43.963+0000] {logging_mixin.py:188} INFO - [2025-01-08T12:30:43.962+0000] {dag.py:3823} INFO - Setting next_dagrun for example_weekday_branch_operator to 2025-01-07 00:00:00+00:00, run_after=2025-01-08 00:00:00+00:00
[2025-01-08T12:30:44.004+0000] {processor.py:183} INFO - Processing /home/airflow/.local/lib/python3.8/site-packages/airflow/example_dags/example_branch_day_of_week_operator.py took 0.161 seconds
[2025-01-08T12:31:14.482+0000] {processor.py:161} INFO - Started process (PID=2254) to work on /home/airflow/.local/lib/python3.8/site-packages/airflow/example_dags/example_branch_day_of_week_operator.py
[2025-01-08T12:31:14.486+0000] {processor.py:830} INFO - Processing file /home/airflow/.local/lib/python3.8/site-packages/airflow/example_dags/example_branch_day_of_week_operator.py for tasks to queue
[2025-01-08T12:31:14.490+0000] {logging_mixin.py:188} INFO - [2025-01-08T12:31:14.489+0000] {dagbag.py:538} INFO - Filling up the DagBag from /home/airflow/.local/lib/python3.8/site-packages/airflow/example_dags/example_branch_day_of_week_operator.py
[2025-01-08T12:31:14.517+0000] {processor.py:840} INFO - DAG(s) 'example_weekday_branch_operator' retrieved from /home/airflow/.local/lib/python3.8/site-packages/airflow/example_dags/example_branch_day_of_week_operator.py
[2025-01-08T12:31:14.553+0000] {logging_mixin.py:188} INFO - [2025-01-08T12:31:14.552+0000] {dag.py:3036} INFO - Sync 1 DAGs
[2025-01-08T12:31:14.589+0000] {logging_mixin.py:188} INFO - [2025-01-08T12:31:14.588+0000] {dag.py:3823} INFO - Setting next_dagrun for example_weekday_branch_operator to 2025-01-07 00:00:00+00:00, run_after=2025-01-08 00:00:00+00:00
[2025-01-08T12:31:14.653+0000] {processor.py:183} INFO - Processing /home/airflow/.local/lib/python3.8/site-packages/airflow/example_dags/example_branch_day_of_week_operator.py took 0.191 seconds
[2025-01-08T12:31:45.121+0000] {processor.py:161} INFO - Started process (PID=2312) to work on /home/airflow/.local/lib/python3.8/site-packages/airflow/example_dags/example_branch_day_of_week_operator.py
[2025-01-08T12:31:45.123+0000] {processor.py:830} INFO - Processing file /home/airflow/.local/lib/python3.8/site-packages/airflow/example_dags/example_branch_day_of_week_operator.py for tasks to queue
[2025-01-08T12:31:45.126+0000] {logging_mixin.py:188} INFO - [2025-01-08T12:31:45.126+0000] {dagbag.py:538} INFO - Filling up the DagBag from /home/airflow/.local/lib/python3.8/site-packages/airflow/example_dags/example_branch_day_of_week_operator.py
[2025-01-08T12:31:45.145+0000] {processor.py:840} INFO - DAG(s) 'example_weekday_branch_operator' retrieved from /home/airflow/.local/lib/python3.8/site-packages/airflow/example_dags/example_branch_day_of_week_operator.py
[2025-01-08T12:31:45.179+0000] {logging_mixin.py:188} INFO - [2025-01-08T12:31:45.178+0000] {dag.py:3036} INFO - Sync 1 DAGs
[2025-01-08T12:31:45.213+0000] {logging_mixin.py:188} INFO - [2025-01-08T12:31:45.213+0000] {dag.py:3823} INFO - Setting next_dagrun for example_weekday_branch_operator to 2025-01-07 00:00:00+00:00, run_after=2025-01-08 00:00:00+00:00
[2025-01-08T12:31:45.243+0000] {processor.py:183} INFO - Processing /home/airflow/.local/lib/python3.8/site-packages/airflow/example_dags/example_branch_day_of_week_operator.py took 0.127 seconds
[2025-01-08T12:32:15.547+0000] {processor.py:161} INFO - Started process (PID=2371) to work on /home/airflow/.local/lib/python3.8/site-packages/airflow/example_dags/example_branch_day_of_week_operator.py
[2025-01-08T12:32:15.550+0000] {processor.py:830} INFO - Processing file /home/airflow/.local/lib/python3.8/site-packages/airflow/example_dags/example_branch_day_of_week_operator.py for tasks to queue
[2025-01-08T12:32:15.554+0000] {logging_mixin.py:188} INFO - [2025-01-08T12:32:15.553+0000] {dagbag.py:538} INFO - Filling up the DagBag from /home/airflow/.local/lib/python3.8/site-packages/airflow/example_dags/example_branch_day_of_week_operator.py
[2025-01-08T12:32:15.570+0000] {processor.py:840} INFO - DAG(s) 'example_weekday_branch_operator' retrieved from /home/airflow/.local/lib/python3.8/site-packages/airflow/example_dags/example_branch_day_of_week_operator.py
[2025-01-08T12:32:15.608+0000] {logging_mixin.py:188} INFO - [2025-01-08T12:32:15.607+0000] {dag.py:3036} INFO - Sync 1 DAGs
[2025-01-08T12:32:15.640+0000] {logging_mixin.py:188} INFO - [2025-01-08T12:32:15.640+0000] {dag.py:3823} INFO - Setting next_dagrun for example_weekday_branch_operator to 2025-01-07 00:00:00+00:00, run_after=2025-01-08 00:00:00+00:00
[2025-01-08T12:32:15.666+0000] {processor.py:183} INFO - Processing /home/airflow/.local/lib/python3.8/site-packages/airflow/example_dags/example_branch_day_of_week_operator.py took 0.124 seconds
[2025-01-08T12:32:46.212+0000] {processor.py:161} INFO - Started process (PID=2430) to work on /home/airflow/.local/lib/python3.8/site-packages/airflow/example_dags/example_branch_day_of_week_operator.py
[2025-01-08T12:32:46.213+0000] {processor.py:830} INFO - Processing file /home/airflow/.local/lib/python3.8/site-packages/airflow/example_dags/example_branch_day_of_week_operator.py for tasks to queue
[2025-01-08T12:32:46.217+0000] {logging_mixin.py:188} INFO - [2025-01-08T12:32:46.216+0000] {dagbag.py:538} INFO - Filling up the DagBag from /home/airflow/.local/lib/python3.8/site-packages/airflow/example_dags/example_branch_day_of_week_operator.py
[2025-01-08T12:32:46.236+0000] {processor.py:840} INFO - DAG(s) 'example_weekday_branch_operator' retrieved from /home/airflow/.local/lib/python3.8/site-packages/airflow/example_dags/example_branch_day_of_week_operator.py
[2025-01-08T12:32:46.273+0000] {logging_mixin.py:188} INFO - [2025-01-08T12:32:46.273+0000] {dag.py:3036} INFO - Sync 1 DAGs
[2025-01-08T12:32:46.308+0000] {logging_mixin.py:188} INFO - [2025-01-08T12:32:46.308+0000] {dag.py:3823} INFO - Setting next_dagrun for example_weekday_branch_operator to 2025-01-07 00:00:00+00:00, run_after=2025-01-08 00:00:00+00:00
[2025-01-08T12:32:46.337+0000] {processor.py:183} INFO - Processing /home/airflow/.local/lib/python3.8/site-packages/airflow/example_dags/example_branch_day_of_week_operator.py took 0.131 seconds
[2025-01-08T12:33:17.045+0000] {processor.py:161} INFO - Started process (PID=2489) to work on /home/airflow/.local/lib/python3.8/site-packages/airflow/example_dags/example_branch_day_of_week_operator.py
[2025-01-08T12:33:17.047+0000] {processor.py:830} INFO - Processing file /home/airflow/.local/lib/python3.8/site-packages/airflow/example_dags/example_branch_day_of_week_operator.py for tasks to queue
[2025-01-08T12:33:17.052+0000] {logging_mixin.py:188} INFO - [2025-01-08T12:33:17.051+0000] {dagbag.py:538} INFO - Filling up the DagBag from /home/airflow/.local/lib/python3.8/site-packages/airflow/example_dags/example_branch_day_of_week_operator.py
[2025-01-08T12:33:17.068+0000] {processor.py:840} INFO - DAG(s) 'example_weekday_branch_operator' retrieved from /home/airflow/.local/lib/python3.8/site-packages/airflow/example_dags/example_branch_day_of_week_operator.py
[2025-01-08T12:33:17.109+0000] {logging_mixin.py:188} INFO - [2025-01-08T12:33:17.109+0000] {dag.py:3036} INFO - Sync 1 DAGs
[2025-01-08T12:33:17.151+0000] {logging_mixin.py:188} INFO - [2025-01-08T12:33:17.151+0000] {dag.py:3823} INFO - Setting next_dagrun for example_weekday_branch_operator to 2025-01-07 00:00:00+00:00, run_after=2025-01-08 00:00:00+00:00
[2025-01-08T12:33:17.182+0000] {processor.py:183} INFO - Processing /home/airflow/.local/lib/python3.8/site-packages/airflow/example_dags/example_branch_day_of_week_operator.py took 0.145 seconds
[2025-01-08T12:33:48.508+0000] {processor.py:161} INFO - Started process (PID=2548) to work on /home/airflow/.local/lib/python3.8/site-packages/airflow/example_dags/example_branch_day_of_week_operator.py
[2025-01-08T12:33:48.516+0000] {processor.py:830} INFO - Processing file /home/airflow/.local/lib/python3.8/site-packages/airflow/example_dags/example_branch_day_of_week_operator.py for tasks to queue
[2025-01-08T12:33:48.540+0000] {logging_mixin.py:188} INFO - [2025-01-08T12:33:48.526+0000] {dagbag.py:538} INFO - Filling up the DagBag from /home/airflow/.local/lib/python3.8/site-packages/airflow/example_dags/example_branch_day_of_week_operator.py
[2025-01-08T12:33:48.626+0000] {processor.py:840} INFO - DAG(s) 'example_weekday_branch_operator' retrieved from /home/airflow/.local/lib/python3.8/site-packages/airflow/example_dags/example_branch_day_of_week_operator.py
[2025-01-08T12:33:48.757+0000] {logging_mixin.py:188} INFO - [2025-01-08T12:33:48.757+0000] {dag.py:3036} INFO - Sync 1 DAGs
[2025-01-08T12:33:48.996+0000] {logging_mixin.py:188} INFO - [2025-01-08T12:33:48.995+0000] {dag.py:3823} INFO - Setting next_dagrun for example_weekday_branch_operator to 2025-01-07 00:00:00+00:00, run_after=2025-01-08 00:00:00+00:00
[2025-01-08T12:33:49.154+0000] {processor.py:183} INFO - Processing /home/airflow/.local/lib/python3.8/site-packages/airflow/example_dags/example_branch_day_of_week_operator.py took 0.653 seconds
