[2025-01-08T12:11:51.620+0000] {processor.py:161} INFO - Started process (PID=48) to work on /home/airflow/.local/lib/python3.8/site-packages/airflow/example_dags/example_short_circuit_decorator.py
[2025-01-08T12:11:51.648+0000] {processor.py:830} INFO - Processing file /home/airflow/.local/lib/python3.8/site-packages/airflow/example_dags/example_short_circuit_decorator.py for tasks to queue
[2025-01-08T12:11:51.655+0000] {logging_mixin.py:188} INFO - [2025-01-08T12:11:51.654+0000] {dagbag.py:538} INFO - Filling up the DagBag from /home/airflow/.local/lib/python3.8/site-packages/airflow/example_dags/example_short_circuit_decorator.py
[2025-01-08T12:11:52.023+0000] {processor.py:840} INFO - DAG(s) 'example_short_circuit_decorator' retrieved from /home/airflow/.local/lib/python3.8/site-packages/airflow/example_dags/example_short_circuit_decorator.py
[2025-01-08T12:11:53.303+0000] {logging_mixin.py:188} INFO - [2025-01-08T12:11:53.303+0000] {dag.py:3036} INFO - Sync 1 DAGs
[2025-01-08T12:11:53.492+0000] {logging_mixin.py:188} INFO - [2025-01-08T12:11:53.480+0000] {dag.py:3823} INFO - Setting next_dagrun for example_short_circuit_decorator to 2025-01-07 00:00:00+00:00, run_after=2025-01-08 00:00:00+00:00
[2025-01-08T12:11:53.877+0000] {processor.py:183} INFO - Processing /home/airflow/.local/lib/python3.8/site-packages/airflow/example_dags/example_short_circuit_decorator.py took 2.264 seconds
[2025-01-08T12:12:24.537+0000] {processor.py:161} INFO - Started process (PID=105) to work on /home/airflow/.local/lib/python3.8/site-packages/airflow/example_dags/example_short_circuit_decorator.py
[2025-01-08T12:12:24.539+0000] {processor.py:830} INFO - Processing file /home/airflow/.local/lib/python3.8/site-packages/airflow/example_dags/example_short_circuit_decorator.py for tasks to queue
[2025-01-08T12:12:24.542+0000] {logging_mixin.py:188} INFO - [2025-01-08T12:12:24.542+0000] {dagbag.py:538} INFO - Filling up the DagBag from /home/airflow/.local/lib/python3.8/site-packages/airflow/example_dags/example_short_circuit_decorator.py
[2025-01-08T12:12:24.566+0000] {processor.py:840} INFO - DAG(s) 'example_short_circuit_decorator' retrieved from /home/airflow/.local/lib/python3.8/site-packages/airflow/example_dags/example_short_circuit_decorator.py
[2025-01-08T12:12:24.643+0000] {logging_mixin.py:188} INFO - [2025-01-08T12:12:24.642+0000] {dag.py:3036} INFO - Sync 1 DAGs
[2025-01-08T12:12:24.722+0000] {logging_mixin.py:188} INFO - [2025-01-08T12:12:24.720+0000] {dag.py:3823} INFO - Setting next_dagrun for example_short_circuit_decorator to 2025-01-07 00:00:00+00:00, run_after=2025-01-08 00:00:00+00:00
[2025-01-08T12:12:24.779+0000] {processor.py:183} INFO - Processing /home/airflow/.local/lib/python3.8/site-packages/airflow/example_dags/example_short_circuit_decorator.py took 0.249 seconds
[2025-01-08T12:12:55.368+0000] {processor.py:161} INFO - Started process (PID=162) to work on /home/airflow/.local/lib/python3.8/site-packages/airflow/example_dags/example_short_circuit_decorator.py
[2025-01-08T12:12:55.376+0000] {processor.py:830} INFO - Processing file /home/airflow/.local/lib/python3.8/site-packages/airflow/example_dags/example_short_circuit_decorator.py for tasks to queue
[2025-01-08T12:12:55.380+0000] {logging_mixin.py:188} INFO - [2025-01-08T12:12:55.379+0000] {dagbag.py:538} INFO - Filling up the DagBag from /home/airflow/.local/lib/python3.8/site-packages/airflow/example_dags/example_short_circuit_decorator.py
[2025-01-08T12:12:55.417+0000] {processor.py:840} INFO - DAG(s) 'example_short_circuit_decorator' retrieved from /home/airflow/.local/lib/python3.8/site-packages/airflow/example_dags/example_short_circuit_decorator.py
[2025-01-08T12:12:55.535+0000] {logging_mixin.py:188} INFO - [2025-01-08T12:12:55.534+0000] {dag.py:3036} INFO - Sync 1 DAGs
[2025-01-08T12:12:55.645+0000] {logging_mixin.py:188} INFO - [2025-01-08T12:12:55.645+0000] {dag.py:3823} INFO - Setting next_dagrun for example_short_circuit_decorator to 2025-01-07 00:00:00+00:00, run_after=2025-01-08 00:00:00+00:00
[2025-01-08T12:12:55.693+0000] {processor.py:183} INFO - Processing /home/airflow/.local/lib/python3.8/site-packages/airflow/example_dags/example_short_circuit_decorator.py took 0.332 seconds
[2025-01-08T12:13:25.948+0000] {processor.py:161} INFO - Started process (PID=219) to work on /home/airflow/.local/lib/python3.8/site-packages/airflow/example_dags/example_short_circuit_decorator.py
[2025-01-08T12:13:25.950+0000] {processor.py:830} INFO - Processing file /home/airflow/.local/lib/python3.8/site-packages/airflow/example_dags/example_short_circuit_decorator.py for tasks to queue
[2025-01-08T12:13:25.965+0000] {logging_mixin.py:188} INFO - [2025-01-08T12:13:25.955+0000] {dagbag.py:538} INFO - Filling up the DagBag from /home/airflow/.local/lib/python3.8/site-packages/airflow/example_dags/example_short_circuit_decorator.py
[2025-01-08T12:13:25.996+0000] {processor.py:840} INFO - DAG(s) 'example_short_circuit_decorator' retrieved from /home/airflow/.local/lib/python3.8/site-packages/airflow/example_dags/example_short_circuit_decorator.py
[2025-01-08T12:13:26.082+0000] {logging_mixin.py:188} INFO - [2025-01-08T12:13:26.082+0000] {dag.py:3036} INFO - Sync 1 DAGs
[2025-01-08T12:13:26.178+0000] {logging_mixin.py:188} INFO - [2025-01-08T12:13:26.177+0000] {dag.py:3823} INFO - Setting next_dagrun for example_short_circuit_decorator to 2025-01-07 00:00:00+00:00, run_after=2025-01-08 00:00:00+00:00
[2025-01-08T12:13:26.301+0000] {processor.py:183} INFO - Processing /home/airflow/.local/lib/python3.8/site-packages/airflow/example_dags/example_short_circuit_decorator.py took 0.362 seconds
[2025-01-08T12:13:56.578+0000] {processor.py:161} INFO - Started process (PID=276) to work on /home/airflow/.local/lib/python3.8/site-packages/airflow/example_dags/example_short_circuit_decorator.py
[2025-01-08T12:13:56.581+0000] {processor.py:830} INFO - Processing file /home/airflow/.local/lib/python3.8/site-packages/airflow/example_dags/example_short_circuit_decorator.py for tasks to queue
[2025-01-08T12:13:56.585+0000] {logging_mixin.py:188} INFO - [2025-01-08T12:13:56.584+0000] {dagbag.py:538} INFO - Filling up the DagBag from /home/airflow/.local/lib/python3.8/site-packages/airflow/example_dags/example_short_circuit_decorator.py
[2025-01-08T12:13:56.617+0000] {processor.py:840} INFO - DAG(s) 'example_short_circuit_decorator' retrieved from /home/airflow/.local/lib/python3.8/site-packages/airflow/example_dags/example_short_circuit_decorator.py
[2025-01-08T12:13:56.675+0000] {logging_mixin.py:188} INFO - [2025-01-08T12:13:56.674+0000] {dag.py:3036} INFO - Sync 1 DAGs
[2025-01-08T12:13:56.741+0000] {logging_mixin.py:188} INFO - [2025-01-08T12:13:56.741+0000] {dag.py:3823} INFO - Setting next_dagrun for example_short_circuit_decorator to 2025-01-07 00:00:00+00:00, run_after=2025-01-08 00:00:00+00:00
[2025-01-08T12:13:56.793+0000] {processor.py:183} INFO - Processing /home/airflow/.local/lib/python3.8/site-packages/airflow/example_dags/example_short_circuit_decorator.py took 0.221 seconds
[2025-01-08T12:14:26.928+0000] {processor.py:161} INFO - Started process (PID=332) to work on /home/airflow/.local/lib/python3.8/site-packages/airflow/example_dags/example_short_circuit_decorator.py
[2025-01-08T12:14:26.930+0000] {processor.py:830} INFO - Processing file /home/airflow/.local/lib/python3.8/site-packages/airflow/example_dags/example_short_circuit_decorator.py for tasks to queue
[2025-01-08T12:14:26.934+0000] {logging_mixin.py:188} INFO - [2025-01-08T12:14:26.933+0000] {dagbag.py:538} INFO - Filling up the DagBag from /home/airflow/.local/lib/python3.8/site-packages/airflow/example_dags/example_short_circuit_decorator.py
[2025-01-08T12:14:26.953+0000] {processor.py:840} INFO - DAG(s) 'example_short_circuit_decorator' retrieved from /home/airflow/.local/lib/python3.8/site-packages/airflow/example_dags/example_short_circuit_decorator.py
[2025-01-08T12:14:26.993+0000] {logging_mixin.py:188} INFO - [2025-01-08T12:14:26.993+0000] {dag.py:3036} INFO - Sync 1 DAGs
[2025-01-08T12:14:27.039+0000] {logging_mixin.py:188} INFO - [2025-01-08T12:14:27.038+0000] {dag.py:3823} INFO - Setting next_dagrun for example_short_circuit_decorator to 2025-01-07 00:00:00+00:00, run_after=2025-01-08 00:00:00+00:00
[2025-01-08T12:14:27.067+0000] {processor.py:183} INFO - Processing /home/airflow/.local/lib/python3.8/site-packages/airflow/example_dags/example_short_circuit_decorator.py took 0.146 seconds
[2025-01-08T12:14:57.669+0000] {processor.py:161} INFO - Started process (PID=389) to work on /home/airflow/.local/lib/python3.8/site-packages/airflow/example_dags/example_short_circuit_decorator.py
[2025-01-08T12:14:57.671+0000] {processor.py:830} INFO - Processing file /home/airflow/.local/lib/python3.8/site-packages/airflow/example_dags/example_short_circuit_decorator.py for tasks to queue
[2025-01-08T12:14:57.675+0000] {logging_mixin.py:188} INFO - [2025-01-08T12:14:57.674+0000] {dagbag.py:538} INFO - Filling up the DagBag from /home/airflow/.local/lib/python3.8/site-packages/airflow/example_dags/example_short_circuit_decorator.py
[2025-01-08T12:14:57.695+0000] {processor.py:840} INFO - DAG(s) 'example_short_circuit_decorator' retrieved from /home/airflow/.local/lib/python3.8/site-packages/airflow/example_dags/example_short_circuit_decorator.py
[2025-01-08T12:14:57.745+0000] {logging_mixin.py:188} INFO - [2025-01-08T12:14:57.744+0000] {dag.py:3036} INFO - Sync 1 DAGs
[2025-01-08T12:14:57.814+0000] {logging_mixin.py:188} INFO - [2025-01-08T12:14:57.813+0000] {dag.py:3823} INFO - Setting next_dagrun for example_short_circuit_decorator to 2025-01-07 00:00:00+00:00, run_after=2025-01-08 00:00:00+00:00
[2025-01-08T12:14:57.860+0000] {processor.py:183} INFO - Processing /home/airflow/.local/lib/python3.8/site-packages/airflow/example_dags/example_short_circuit_decorator.py took 0.198 seconds
[2025-01-08T12:15:28.676+0000] {processor.py:161} INFO - Started process (PID=447) to work on /home/airflow/.local/lib/python3.8/site-packages/airflow/example_dags/example_short_circuit_decorator.py
[2025-01-08T12:15:28.678+0000] {processor.py:830} INFO - Processing file /home/airflow/.local/lib/python3.8/site-packages/airflow/example_dags/example_short_circuit_decorator.py for tasks to queue
[2025-01-08T12:15:28.681+0000] {logging_mixin.py:188} INFO - [2025-01-08T12:15:28.681+0000] {dagbag.py:538} INFO - Filling up the DagBag from /home/airflow/.local/lib/python3.8/site-packages/airflow/example_dags/example_short_circuit_decorator.py
[2025-01-08T12:15:28.698+0000] {processor.py:840} INFO - DAG(s) 'example_short_circuit_decorator' retrieved from /home/airflow/.local/lib/python3.8/site-packages/airflow/example_dags/example_short_circuit_decorator.py
[2025-01-08T12:15:28.734+0000] {logging_mixin.py:188} INFO - [2025-01-08T12:15:28.734+0000] {dag.py:3036} INFO - Sync 1 DAGs
[2025-01-08T12:15:28.765+0000] {logging_mixin.py:188} INFO - [2025-01-08T12:15:28.765+0000] {dag.py:3823} INFO - Setting next_dagrun for example_short_circuit_decorator to 2025-01-07 00:00:00+00:00, run_after=2025-01-08 00:00:00+00:00
[2025-01-08T12:15:28.793+0000] {processor.py:183} INFO - Processing /home/airflow/.local/lib/python3.8/site-packages/airflow/example_dags/example_short_circuit_decorator.py took 0.124 seconds
[2025-01-08T12:15:58.917+0000] {processor.py:161} INFO - Started process (PID=503) to work on /home/airflow/.local/lib/python3.8/site-packages/airflow/example_dags/example_short_circuit_decorator.py
[2025-01-08T12:15:58.921+0000] {processor.py:830} INFO - Processing file /home/airflow/.local/lib/python3.8/site-packages/airflow/example_dags/example_short_circuit_decorator.py for tasks to queue
[2025-01-08T12:15:58.928+0000] {logging_mixin.py:188} INFO - [2025-01-08T12:15:58.927+0000] {dagbag.py:538} INFO - Filling up the DagBag from /home/airflow/.local/lib/python3.8/site-packages/airflow/example_dags/example_short_circuit_decorator.py
[2025-01-08T12:15:58.960+0000] {processor.py:840} INFO - DAG(s) 'example_short_circuit_decorator' retrieved from /home/airflow/.local/lib/python3.8/site-packages/airflow/example_dags/example_short_circuit_decorator.py
[2025-01-08T12:15:59.007+0000] {logging_mixin.py:188} INFO - [2025-01-08T12:15:59.006+0000] {dag.py:3036} INFO - Sync 1 DAGs
[2025-01-08T12:15:59.051+0000] {logging_mixin.py:188} INFO - [2025-01-08T12:15:59.050+0000] {dag.py:3823} INFO - Setting next_dagrun for example_short_circuit_decorator to 2025-01-07 00:00:00+00:00, run_after=2025-01-08 00:00:00+00:00
[2025-01-08T12:15:59.088+0000] {processor.py:183} INFO - Processing /home/airflow/.local/lib/python3.8/site-packages/airflow/example_dags/example_short_circuit_decorator.py took 0.187 seconds
[2025-01-08T12:16:29.465+0000] {processor.py:161} INFO - Started process (PID=561) to work on /home/airflow/.local/lib/python3.8/site-packages/airflow/example_dags/example_short_circuit_decorator.py
[2025-01-08T12:16:29.467+0000] {processor.py:830} INFO - Processing file /home/airflow/.local/lib/python3.8/site-packages/airflow/example_dags/example_short_circuit_decorator.py for tasks to queue
[2025-01-08T12:16:29.471+0000] {logging_mixin.py:188} INFO - [2025-01-08T12:16:29.471+0000] {dagbag.py:538} INFO - Filling up the DagBag from /home/airflow/.local/lib/python3.8/site-packages/airflow/example_dags/example_short_circuit_decorator.py
[2025-01-08T12:16:29.487+0000] {processor.py:840} INFO - DAG(s) 'example_short_circuit_decorator' retrieved from /home/airflow/.local/lib/python3.8/site-packages/airflow/example_dags/example_short_circuit_decorator.py
[2025-01-08T12:16:29.534+0000] {logging_mixin.py:188} INFO - [2025-01-08T12:16:29.533+0000] {dag.py:3036} INFO - Sync 1 DAGs
[2025-01-08T12:16:29.571+0000] {logging_mixin.py:188} INFO - [2025-01-08T12:16:29.570+0000] {dag.py:3823} INFO - Setting next_dagrun for example_short_circuit_decorator to 2025-01-07 00:00:00+00:00, run_after=2025-01-08 00:00:00+00:00
[2025-01-08T12:16:29.612+0000] {processor.py:183} INFO - Processing /home/airflow/.local/lib/python3.8/site-packages/airflow/example_dags/example_short_circuit_decorator.py took 0.153 seconds
[2025-01-08T12:17:00.179+0000] {processor.py:161} INFO - Started process (PID=619) to work on /home/airflow/.local/lib/python3.8/site-packages/airflow/example_dags/example_short_circuit_decorator.py
[2025-01-08T12:17:00.181+0000] {processor.py:830} INFO - Processing file /home/airflow/.local/lib/python3.8/site-packages/airflow/example_dags/example_short_circuit_decorator.py for tasks to queue
[2025-01-08T12:17:00.184+0000] {logging_mixin.py:188} INFO - [2025-01-08T12:17:00.183+0000] {dagbag.py:538} INFO - Filling up the DagBag from /home/airflow/.local/lib/python3.8/site-packages/airflow/example_dags/example_short_circuit_decorator.py
[2025-01-08T12:17:00.197+0000] {processor.py:840} INFO - DAG(s) 'example_short_circuit_decorator' retrieved from /home/airflow/.local/lib/python3.8/site-packages/airflow/example_dags/example_short_circuit_decorator.py
[2025-01-08T12:17:00.233+0000] {logging_mixin.py:188} INFO - [2025-01-08T12:17:00.232+0000] {dag.py:3036} INFO - Sync 1 DAGs
[2025-01-08T12:17:00.266+0000] {logging_mixin.py:188} INFO - [2025-01-08T12:17:00.266+0000] {dag.py:3823} INFO - Setting next_dagrun for example_short_circuit_decorator to 2025-01-07 00:00:00+00:00, run_after=2025-01-08 00:00:00+00:00
[2025-01-08T12:17:00.296+0000] {processor.py:183} INFO - Processing /home/airflow/.local/lib/python3.8/site-packages/airflow/example_dags/example_short_circuit_decorator.py took 0.121 seconds
[2025-01-08T12:17:30.408+0000] {processor.py:161} INFO - Started process (PID=677) to work on /home/airflow/.local/lib/python3.8/site-packages/airflow/example_dags/example_short_circuit_decorator.py
[2025-01-08T12:17:30.410+0000] {processor.py:830} INFO - Processing file /home/airflow/.local/lib/python3.8/site-packages/airflow/example_dags/example_short_circuit_decorator.py for tasks to queue
[2025-01-08T12:17:30.414+0000] {logging_mixin.py:188} INFO - [2025-01-08T12:17:30.413+0000] {dagbag.py:538} INFO - Filling up the DagBag from /home/airflow/.local/lib/python3.8/site-packages/airflow/example_dags/example_short_circuit_decorator.py
[2025-01-08T12:17:30.428+0000] {processor.py:840} INFO - DAG(s) 'example_short_circuit_decorator' retrieved from /home/airflow/.local/lib/python3.8/site-packages/airflow/example_dags/example_short_circuit_decorator.py
[2025-01-08T12:17:30.466+0000] {logging_mixin.py:188} INFO - [2025-01-08T12:17:30.466+0000] {dag.py:3036} INFO - Sync 1 DAGs
[2025-01-08T12:17:30.513+0000] {logging_mixin.py:188} INFO - [2025-01-08T12:17:30.513+0000] {dag.py:3823} INFO - Setting next_dagrun for example_short_circuit_decorator to 2025-01-07 00:00:00+00:00, run_after=2025-01-08 00:00:00+00:00
[2025-01-08T12:17:30.548+0000] {processor.py:183} INFO - Processing /home/airflow/.local/lib/python3.8/site-packages/airflow/example_dags/example_short_circuit_decorator.py took 0.146 seconds
[2025-01-08T12:18:01.007+0000] {processor.py:161} INFO - Started process (PID=736) to work on /home/airflow/.local/lib/python3.8/site-packages/airflow/example_dags/example_short_circuit_decorator.py
[2025-01-08T12:18:01.010+0000] {processor.py:830} INFO - Processing file /home/airflow/.local/lib/python3.8/site-packages/airflow/example_dags/example_short_circuit_decorator.py for tasks to queue
[2025-01-08T12:18:01.013+0000] {logging_mixin.py:188} INFO - [2025-01-08T12:18:01.013+0000] {dagbag.py:538} INFO - Filling up the DagBag from /home/airflow/.local/lib/python3.8/site-packages/airflow/example_dags/example_short_circuit_decorator.py
[2025-01-08T12:18:01.033+0000] {processor.py:840} INFO - DAG(s) 'example_short_circuit_decorator' retrieved from /home/airflow/.local/lib/python3.8/site-packages/airflow/example_dags/example_short_circuit_decorator.py
[2025-01-08T12:18:01.079+0000] {logging_mixin.py:188} INFO - [2025-01-08T12:18:01.079+0000] {dag.py:3036} INFO - Sync 1 DAGs
[2025-01-08T12:18:01.132+0000] {logging_mixin.py:188} INFO - [2025-01-08T12:18:01.131+0000] {dag.py:3823} INFO - Setting next_dagrun for example_short_circuit_decorator to 2025-01-07 00:00:00+00:00, run_after=2025-01-08 00:00:00+00:00
[2025-01-08T12:18:01.172+0000] {processor.py:183} INFO - Processing /home/airflow/.local/lib/python3.8/site-packages/airflow/example_dags/example_short_circuit_decorator.py took 0.174 seconds
[2025-01-08T12:18:31.571+0000] {processor.py:161} INFO - Started process (PID=795) to work on /home/airflow/.local/lib/python3.8/site-packages/airflow/example_dags/example_short_circuit_decorator.py
[2025-01-08T12:18:31.572+0000] {processor.py:830} INFO - Processing file /home/airflow/.local/lib/python3.8/site-packages/airflow/example_dags/example_short_circuit_decorator.py for tasks to queue
[2025-01-08T12:18:31.574+0000] {logging_mixin.py:188} INFO - [2025-01-08T12:18:31.574+0000] {dagbag.py:538} INFO - Filling up the DagBag from /home/airflow/.local/lib/python3.8/site-packages/airflow/example_dags/example_short_circuit_decorator.py
[2025-01-08T12:18:31.592+0000] {processor.py:840} INFO - DAG(s) 'example_short_circuit_decorator' retrieved from /home/airflow/.local/lib/python3.8/site-packages/airflow/example_dags/example_short_circuit_decorator.py
[2025-01-08T12:18:31.635+0000] {logging_mixin.py:188} INFO - [2025-01-08T12:18:31.635+0000] {dag.py:3036} INFO - Sync 1 DAGs
[2025-01-08T12:18:31.682+0000] {logging_mixin.py:188} INFO - [2025-01-08T12:18:31.681+0000] {dag.py:3823} INFO - Setting next_dagrun for example_short_circuit_decorator to 2025-01-07 00:00:00+00:00, run_after=2025-01-08 00:00:00+00:00
[2025-01-08T12:18:31.730+0000] {processor.py:183} INFO - Processing /home/airflow/.local/lib/python3.8/site-packages/airflow/example_dags/example_short_circuit_decorator.py took 0.163 seconds
[2025-01-08T12:19:02.225+0000] {processor.py:161} INFO - Started process (PID=855) to work on /home/airflow/.local/lib/python3.8/site-packages/airflow/example_dags/example_short_circuit_decorator.py
[2025-01-08T12:19:02.227+0000] {processor.py:830} INFO - Processing file /home/airflow/.local/lib/python3.8/site-packages/airflow/example_dags/example_short_circuit_decorator.py for tasks to queue
[2025-01-08T12:19:02.232+0000] {logging_mixin.py:188} INFO - [2025-01-08T12:19:02.231+0000] {dagbag.py:538} INFO - Filling up the DagBag from /home/airflow/.local/lib/python3.8/site-packages/airflow/example_dags/example_short_circuit_decorator.py
[2025-01-08T12:19:02.249+0000] {processor.py:840} INFO - DAG(s) 'example_short_circuit_decorator' retrieved from /home/airflow/.local/lib/python3.8/site-packages/airflow/example_dags/example_short_circuit_decorator.py
[2025-01-08T12:19:02.284+0000] {logging_mixin.py:188} INFO - [2025-01-08T12:19:02.284+0000] {dag.py:3036} INFO - Sync 1 DAGs
[2025-01-08T12:19:02.314+0000] {logging_mixin.py:188} INFO - [2025-01-08T12:19:02.314+0000] {dag.py:3823} INFO - Setting next_dagrun for example_short_circuit_decorator to 2025-01-07 00:00:00+00:00, run_after=2025-01-08 00:00:00+00:00
[2025-01-08T12:19:02.339+0000] {processor.py:183} INFO - Processing /home/airflow/.local/lib/python3.8/site-packages/airflow/example_dags/example_short_circuit_decorator.py took 0.127 seconds
[2025-01-08T12:19:32.728+0000] {processor.py:161} INFO - Started process (PID=914) to work on /home/airflow/.local/lib/python3.8/site-packages/airflow/example_dags/example_short_circuit_decorator.py
[2025-01-08T12:19:32.743+0000] {processor.py:830} INFO - Processing file /home/airflow/.local/lib/python3.8/site-packages/airflow/example_dags/example_short_circuit_decorator.py for tasks to queue
[2025-01-08T12:19:32.756+0000] {logging_mixin.py:188} INFO - [2025-01-08T12:19:32.753+0000] {dagbag.py:538} INFO - Filling up the DagBag from /home/airflow/.local/lib/python3.8/site-packages/airflow/example_dags/example_short_circuit_decorator.py
[2025-01-08T12:19:32.793+0000] {processor.py:840} INFO - DAG(s) 'example_short_circuit_decorator' retrieved from /home/airflow/.local/lib/python3.8/site-packages/airflow/example_dags/example_short_circuit_decorator.py
[2025-01-08T12:19:32.838+0000] {logging_mixin.py:188} INFO - [2025-01-08T12:19:32.838+0000] {dag.py:3036} INFO - Sync 1 DAGs
[2025-01-08T12:19:32.873+0000] {logging_mixin.py:188} INFO - [2025-01-08T12:19:32.873+0000] {dag.py:3823} INFO - Setting next_dagrun for example_short_circuit_decorator to 2025-01-07 00:00:00+00:00, run_after=2025-01-08 00:00:00+00:00
[2025-01-08T12:19:32.905+0000] {processor.py:183} INFO - Processing /home/airflow/.local/lib/python3.8/site-packages/airflow/example_dags/example_short_circuit_decorator.py took 0.201 seconds
[2025-01-08T12:20:03.355+0000] {processor.py:161} INFO - Started process (PID=973) to work on /home/airflow/.local/lib/python3.8/site-packages/airflow/example_dags/example_short_circuit_decorator.py
[2025-01-08T12:20:03.360+0000] {processor.py:830} INFO - Processing file /home/airflow/.local/lib/python3.8/site-packages/airflow/example_dags/example_short_circuit_decorator.py for tasks to queue
[2025-01-08T12:20:03.372+0000] {logging_mixin.py:188} INFO - [2025-01-08T12:20:03.371+0000] {dagbag.py:538} INFO - Filling up the DagBag from /home/airflow/.local/lib/python3.8/site-packages/airflow/example_dags/example_short_circuit_decorator.py
[2025-01-08T12:20:03.412+0000] {processor.py:840} INFO - DAG(s) 'example_short_circuit_decorator' retrieved from /home/airflow/.local/lib/python3.8/site-packages/airflow/example_dags/example_short_circuit_decorator.py
[2025-01-08T12:20:03.510+0000] {logging_mixin.py:188} INFO - [2025-01-08T12:20:03.509+0000] {dag.py:3036} INFO - Sync 1 DAGs
[2025-01-08T12:20:03.569+0000] {logging_mixin.py:188} INFO - [2025-01-08T12:20:03.568+0000] {dag.py:3823} INFO - Setting next_dagrun for example_short_circuit_decorator to 2025-01-07 00:00:00+00:00, run_after=2025-01-08 00:00:00+00:00
[2025-01-08T12:20:03.624+0000] {processor.py:183} INFO - Processing /home/airflow/.local/lib/python3.8/site-packages/airflow/example_dags/example_short_circuit_decorator.py took 0.279 seconds
[2025-01-08T12:20:33.772+0000] {processor.py:161} INFO - Started process (PID=1032) to work on /home/airflow/.local/lib/python3.8/site-packages/airflow/example_dags/example_short_circuit_decorator.py
[2025-01-08T12:20:33.774+0000] {processor.py:830} INFO - Processing file /home/airflow/.local/lib/python3.8/site-packages/airflow/example_dags/example_short_circuit_decorator.py for tasks to queue
[2025-01-08T12:20:33.779+0000] {logging_mixin.py:188} INFO - [2025-01-08T12:20:33.778+0000] {dagbag.py:538} INFO - Filling up the DagBag from /home/airflow/.local/lib/python3.8/site-packages/airflow/example_dags/example_short_circuit_decorator.py
[2025-01-08T12:20:33.816+0000] {processor.py:840} INFO - DAG(s) 'example_short_circuit_decorator' retrieved from /home/airflow/.local/lib/python3.8/site-packages/airflow/example_dags/example_short_circuit_decorator.py
[2025-01-08T12:20:33.866+0000] {logging_mixin.py:188} INFO - [2025-01-08T12:20:33.866+0000] {dag.py:3036} INFO - Sync 1 DAGs
[2025-01-08T12:20:33.901+0000] {logging_mixin.py:188} INFO - [2025-01-08T12:20:33.901+0000] {dag.py:3823} INFO - Setting next_dagrun for example_short_circuit_decorator to 2025-01-07 00:00:00+00:00, run_after=2025-01-08 00:00:00+00:00
[2025-01-08T12:20:33.930+0000] {processor.py:183} INFO - Processing /home/airflow/.local/lib/python3.8/site-packages/airflow/example_dags/example_short_circuit_decorator.py took 0.168 seconds
[2025-01-08T12:21:04.215+0000] {processor.py:161} INFO - Started process (PID=1091) to work on /home/airflow/.local/lib/python3.8/site-packages/airflow/example_dags/example_short_circuit_decorator.py
[2025-01-08T12:21:04.218+0000] {processor.py:830} INFO - Processing file /home/airflow/.local/lib/python3.8/site-packages/airflow/example_dags/example_short_circuit_decorator.py for tasks to queue
[2025-01-08T12:21:04.225+0000] {logging_mixin.py:188} INFO - [2025-01-08T12:21:04.223+0000] {dagbag.py:538} INFO - Filling up the DagBag from /home/airflow/.local/lib/python3.8/site-packages/airflow/example_dags/example_short_circuit_decorator.py
[2025-01-08T12:21:04.254+0000] {processor.py:840} INFO - DAG(s) 'example_short_circuit_decorator' retrieved from /home/airflow/.local/lib/python3.8/site-packages/airflow/example_dags/example_short_circuit_decorator.py
[2025-01-08T12:21:04.337+0000] {logging_mixin.py:188} INFO - [2025-01-08T12:21:04.336+0000] {dag.py:3036} INFO - Sync 1 DAGs
[2025-01-08T12:21:04.400+0000] {logging_mixin.py:188} INFO - [2025-01-08T12:21:04.400+0000] {dag.py:3823} INFO - Setting next_dagrun for example_short_circuit_decorator to 2025-01-07 00:00:00+00:00, run_after=2025-01-08 00:00:00+00:00
[2025-01-08T12:21:04.451+0000] {processor.py:183} INFO - Processing /home/airflow/.local/lib/python3.8/site-packages/airflow/example_dags/example_short_circuit_decorator.py took 0.246 seconds
[2025-01-08T12:21:34.808+0000] {processor.py:161} INFO - Started process (PID=1150) to work on /home/airflow/.local/lib/python3.8/site-packages/airflow/example_dags/example_short_circuit_decorator.py
[2025-01-08T12:21:34.809+0000] {processor.py:830} INFO - Processing file /home/airflow/.local/lib/python3.8/site-packages/airflow/example_dags/example_short_circuit_decorator.py for tasks to queue
[2025-01-08T12:21:34.813+0000] {logging_mixin.py:188} INFO - [2025-01-08T12:21:34.812+0000] {dagbag.py:538} INFO - Filling up the DagBag from /home/airflow/.local/lib/python3.8/site-packages/airflow/example_dags/example_short_circuit_decorator.py
[2025-01-08T12:21:34.829+0000] {processor.py:840} INFO - DAG(s) 'example_short_circuit_decorator' retrieved from /home/airflow/.local/lib/python3.8/site-packages/airflow/example_dags/example_short_circuit_decorator.py
[2025-01-08T12:21:34.873+0000] {logging_mixin.py:188} INFO - [2025-01-08T12:21:34.873+0000] {dag.py:3036} INFO - Sync 1 DAGs
[2025-01-08T12:21:34.908+0000] {logging_mixin.py:188} INFO - [2025-01-08T12:21:34.908+0000] {dag.py:3823} INFO - Setting next_dagrun for example_short_circuit_decorator to 2025-01-07 00:00:00+00:00, run_after=2025-01-08 00:00:00+00:00
[2025-01-08T12:21:34.937+0000] {processor.py:183} INFO - Processing /home/airflow/.local/lib/python3.8/site-packages/airflow/example_dags/example_short_circuit_decorator.py took 0.138 seconds
[2025-01-08T12:22:05.755+0000] {processor.py:161} INFO - Started process (PID=1209) to work on /home/airflow/.local/lib/python3.8/site-packages/airflow/example_dags/example_short_circuit_decorator.py
[2025-01-08T12:22:05.758+0000] {processor.py:830} INFO - Processing file /home/airflow/.local/lib/python3.8/site-packages/airflow/example_dags/example_short_circuit_decorator.py for tasks to queue
[2025-01-08T12:22:05.765+0000] {logging_mixin.py:188} INFO - [2025-01-08T12:22:05.764+0000] {dagbag.py:538} INFO - Filling up the DagBag from /home/airflow/.local/lib/python3.8/site-packages/airflow/example_dags/example_short_circuit_decorator.py
[2025-01-08T12:22:05.810+0000] {processor.py:840} INFO - DAG(s) 'example_short_circuit_decorator' retrieved from /home/airflow/.local/lib/python3.8/site-packages/airflow/example_dags/example_short_circuit_decorator.py
[2025-01-08T12:22:05.953+0000] {logging_mixin.py:188} INFO - [2025-01-08T12:22:05.953+0000] {dag.py:3036} INFO - Sync 1 DAGs
[2025-01-08T12:22:06.025+0000] {logging_mixin.py:188} INFO - [2025-01-08T12:22:06.025+0000] {dag.py:3823} INFO - Setting next_dagrun for example_short_circuit_decorator to 2025-01-07 00:00:00+00:00, run_after=2025-01-08 00:00:00+00:00
[2025-01-08T12:22:06.085+0000] {processor.py:183} INFO - Processing /home/airflow/.local/lib/python3.8/site-packages/airflow/example_dags/example_short_circuit_decorator.py took 0.337 seconds
[2025-01-08T12:22:36.458+0000] {processor.py:161} INFO - Started process (PID=1268) to work on /home/airflow/.local/lib/python3.8/site-packages/airflow/example_dags/example_short_circuit_decorator.py
[2025-01-08T12:22:36.460+0000] {processor.py:830} INFO - Processing file /home/airflow/.local/lib/python3.8/site-packages/airflow/example_dags/example_short_circuit_decorator.py for tasks to queue
[2025-01-08T12:22:36.466+0000] {logging_mixin.py:188} INFO - [2025-01-08T12:22:36.465+0000] {dagbag.py:538} INFO - Filling up the DagBag from /home/airflow/.local/lib/python3.8/site-packages/airflow/example_dags/example_short_circuit_decorator.py
[2025-01-08T12:22:36.488+0000] {processor.py:840} INFO - DAG(s) 'example_short_circuit_decorator' retrieved from /home/airflow/.local/lib/python3.8/site-packages/airflow/example_dags/example_short_circuit_decorator.py
[2025-01-08T12:22:36.541+0000] {logging_mixin.py:188} INFO - [2025-01-08T12:22:36.541+0000] {dag.py:3036} INFO - Sync 1 DAGs
[2025-01-08T12:22:36.615+0000] {logging_mixin.py:188} INFO - [2025-01-08T12:22:36.615+0000] {dag.py:3823} INFO - Setting next_dagrun for example_short_circuit_decorator to 2025-01-07 00:00:00+00:00, run_after=2025-01-08 00:00:00+00:00
[2025-01-08T12:22:36.658+0000] {processor.py:183} INFO - Processing /home/airflow/.local/lib/python3.8/site-packages/airflow/example_dags/example_short_circuit_decorator.py took 0.207 seconds
[2025-01-08T12:23:07.293+0000] {processor.py:161} INFO - Started process (PID=1327) to work on /home/airflow/.local/lib/python3.8/site-packages/airflow/example_dags/example_short_circuit_decorator.py
[2025-01-08T12:23:07.295+0000] {processor.py:830} INFO - Processing file /home/airflow/.local/lib/python3.8/site-packages/airflow/example_dags/example_short_circuit_decorator.py for tasks to queue
[2025-01-08T12:23:07.298+0000] {logging_mixin.py:188} INFO - [2025-01-08T12:23:07.298+0000] {dagbag.py:538} INFO - Filling up the DagBag from /home/airflow/.local/lib/python3.8/site-packages/airflow/example_dags/example_short_circuit_decorator.py
[2025-01-08T12:23:07.318+0000] {processor.py:840} INFO - DAG(s) 'example_short_circuit_decorator' retrieved from /home/airflow/.local/lib/python3.8/site-packages/airflow/example_dags/example_short_circuit_decorator.py
[2025-01-08T12:23:07.371+0000] {logging_mixin.py:188} INFO - [2025-01-08T12:23:07.371+0000] {dag.py:3036} INFO - Sync 1 DAGs
[2025-01-08T12:23:07.420+0000] {logging_mixin.py:188} INFO - [2025-01-08T12:23:07.419+0000] {dag.py:3823} INFO - Setting next_dagrun for example_short_circuit_decorator to 2025-01-07 00:00:00+00:00, run_after=2025-01-08 00:00:00+00:00
[2025-01-08T12:23:07.465+0000] {processor.py:183} INFO - Processing /home/airflow/.local/lib/python3.8/site-packages/airflow/example_dags/example_short_circuit_decorator.py took 0.178 seconds
[2025-01-08T12:23:37.785+0000] {processor.py:161} INFO - Started process (PID=1387) to work on /home/airflow/.local/lib/python3.8/site-packages/airflow/example_dags/example_short_circuit_decorator.py
[2025-01-08T12:23:37.787+0000] {processor.py:830} INFO - Processing file /home/airflow/.local/lib/python3.8/site-packages/airflow/example_dags/example_short_circuit_decorator.py for tasks to queue
[2025-01-08T12:23:37.799+0000] {logging_mixin.py:188} INFO - [2025-01-08T12:23:37.797+0000] {dagbag.py:538} INFO - Filling up the DagBag from /home/airflow/.local/lib/python3.8/site-packages/airflow/example_dags/example_short_circuit_decorator.py
[2025-01-08T12:23:37.828+0000] {processor.py:840} INFO - DAG(s) 'example_short_circuit_decorator' retrieved from /home/airflow/.local/lib/python3.8/site-packages/airflow/example_dags/example_short_circuit_decorator.py
[2025-01-08T12:23:37.904+0000] {logging_mixin.py:188} INFO - [2025-01-08T12:23:37.904+0000] {dag.py:3036} INFO - Sync 1 DAGs
[2025-01-08T12:23:38.078+0000] {logging_mixin.py:188} INFO - [2025-01-08T12:23:38.077+0000] {dag.py:3823} INFO - Setting next_dagrun for example_short_circuit_decorator to 2025-01-07 00:00:00+00:00, run_after=2025-01-08 00:00:00+00:00
[2025-01-08T12:23:38.241+0000] {processor.py:183} INFO - Processing /home/airflow/.local/lib/python3.8/site-packages/airflow/example_dags/example_short_circuit_decorator.py took 0.464 seconds
[2025-01-08T12:24:08.912+0000] {processor.py:161} INFO - Started process (PID=1443) to work on /home/airflow/.local/lib/python3.8/site-packages/airflow/example_dags/example_short_circuit_decorator.py
[2025-01-08T12:24:08.914+0000] {processor.py:830} INFO - Processing file /home/airflow/.local/lib/python3.8/site-packages/airflow/example_dags/example_short_circuit_decorator.py for tasks to queue
[2025-01-08T12:24:08.918+0000] {logging_mixin.py:188} INFO - [2025-01-08T12:24:08.918+0000] {dagbag.py:538} INFO - Filling up the DagBag from /home/airflow/.local/lib/python3.8/site-packages/airflow/example_dags/example_short_circuit_decorator.py
[2025-01-08T12:24:08.939+0000] {processor.py:840} INFO - DAG(s) 'example_short_circuit_decorator' retrieved from /home/airflow/.local/lib/python3.8/site-packages/airflow/example_dags/example_short_circuit_decorator.py
[2025-01-08T12:24:08.996+0000] {logging_mixin.py:188} INFO - [2025-01-08T12:24:08.996+0000] {dag.py:3036} INFO - Sync 1 DAGs
[2025-01-08T12:24:09.054+0000] {logging_mixin.py:188} INFO - [2025-01-08T12:24:09.054+0000] {dag.py:3823} INFO - Setting next_dagrun for example_short_circuit_decorator to 2025-01-07 00:00:00+00:00, run_after=2025-01-08 00:00:00+00:00
[2025-01-08T12:24:09.091+0000] {processor.py:183} INFO - Processing /home/airflow/.local/lib/python3.8/site-packages/airflow/example_dags/example_short_circuit_decorator.py took 0.187 seconds
[2025-01-08T12:24:39.510+0000] {processor.py:161} INFO - Started process (PID=1503) to work on /home/airflow/.local/lib/python3.8/site-packages/airflow/example_dags/example_short_circuit_decorator.py
[2025-01-08T12:24:39.512+0000] {processor.py:830} INFO - Processing file /home/airflow/.local/lib/python3.8/site-packages/airflow/example_dags/example_short_circuit_decorator.py for tasks to queue
[2025-01-08T12:24:39.523+0000] {logging_mixin.py:188} INFO - [2025-01-08T12:24:39.522+0000] {dagbag.py:538} INFO - Filling up the DagBag from /home/airflow/.local/lib/python3.8/site-packages/airflow/example_dags/example_short_circuit_decorator.py
[2025-01-08T12:24:39.548+0000] {processor.py:840} INFO - DAG(s) 'example_short_circuit_decorator' retrieved from /home/airflow/.local/lib/python3.8/site-packages/airflow/example_dags/example_short_circuit_decorator.py
[2025-01-08T12:24:39.612+0000] {logging_mixin.py:188} INFO - [2025-01-08T12:24:39.611+0000] {dag.py:3036} INFO - Sync 1 DAGs
[2025-01-08T12:24:39.676+0000] {logging_mixin.py:188} INFO - [2025-01-08T12:24:39.675+0000] {dag.py:3823} INFO - Setting next_dagrun for example_short_circuit_decorator to 2025-01-07 00:00:00+00:00, run_after=2025-01-08 00:00:00+00:00
[2025-01-08T12:24:39.736+0000] {processor.py:183} INFO - Processing /home/airflow/.local/lib/python3.8/site-packages/airflow/example_dags/example_short_circuit_decorator.py took 0.232 seconds
[2025-01-08T12:25:10.601+0000] {processor.py:161} INFO - Started process (PID=1562) to work on /home/airflow/.local/lib/python3.8/site-packages/airflow/example_dags/example_short_circuit_decorator.py
[2025-01-08T12:25:10.603+0000] {processor.py:830} INFO - Processing file /home/airflow/.local/lib/python3.8/site-packages/airflow/example_dags/example_short_circuit_decorator.py for tasks to queue
[2025-01-08T12:25:10.606+0000] {logging_mixin.py:188} INFO - [2025-01-08T12:25:10.606+0000] {dagbag.py:538} INFO - Filling up the DagBag from /home/airflow/.local/lib/python3.8/site-packages/airflow/example_dags/example_short_circuit_decorator.py
[2025-01-08T12:25:10.625+0000] {processor.py:840} INFO - DAG(s) 'example_short_circuit_decorator' retrieved from /home/airflow/.local/lib/python3.8/site-packages/airflow/example_dags/example_short_circuit_decorator.py
[2025-01-08T12:25:10.690+0000] {logging_mixin.py:188} INFO - [2025-01-08T12:25:10.690+0000] {dag.py:3036} INFO - Sync 1 DAGs
[2025-01-08T12:25:10.740+0000] {logging_mixin.py:188} INFO - [2025-01-08T12:25:10.740+0000] {dag.py:3823} INFO - Setting next_dagrun for example_short_circuit_decorator to 2025-01-07 00:00:00+00:00, run_after=2025-01-08 00:00:00+00:00
[2025-01-08T12:25:10.779+0000] {processor.py:183} INFO - Processing /home/airflow/.local/lib/python3.8/site-packages/airflow/example_dags/example_short_circuit_decorator.py took 0.190 seconds
[2025-01-08T12:25:41.009+0000] {processor.py:161} INFO - Started process (PID=1621) to work on /home/airflow/.local/lib/python3.8/site-packages/airflow/example_dags/example_short_circuit_decorator.py
[2025-01-08T12:25:41.011+0000] {processor.py:830} INFO - Processing file /home/airflow/.local/lib/python3.8/site-packages/airflow/example_dags/example_short_circuit_decorator.py for tasks to queue
[2025-01-08T12:25:41.014+0000] {logging_mixin.py:188} INFO - [2025-01-08T12:25:41.014+0000] {dagbag.py:538} INFO - Filling up the DagBag from /home/airflow/.local/lib/python3.8/site-packages/airflow/example_dags/example_short_circuit_decorator.py
[2025-01-08T12:25:41.032+0000] {processor.py:840} INFO - DAG(s) 'example_short_circuit_decorator' retrieved from /home/airflow/.local/lib/python3.8/site-packages/airflow/example_dags/example_short_circuit_decorator.py
[2025-01-08T12:25:41.073+0000] {logging_mixin.py:188} INFO - [2025-01-08T12:25:41.073+0000] {dag.py:3036} INFO - Sync 1 DAGs
[2025-01-08T12:25:41.109+0000] {logging_mixin.py:188} INFO - [2025-01-08T12:25:41.108+0000] {dag.py:3823} INFO - Setting next_dagrun for example_short_circuit_decorator to 2025-01-07 00:00:00+00:00, run_after=2025-01-08 00:00:00+00:00
[2025-01-08T12:25:41.141+0000] {processor.py:183} INFO - Processing /home/airflow/.local/lib/python3.8/site-packages/airflow/example_dags/example_short_circuit_decorator.py took 0.136 seconds
[2025-01-08T12:26:11.777+0000] {processor.py:161} INFO - Started process (PID=1680) to work on /home/airflow/.local/lib/python3.8/site-packages/airflow/example_dags/example_short_circuit_decorator.py
[2025-01-08T12:26:11.784+0000] {processor.py:830} INFO - Processing file /home/airflow/.local/lib/python3.8/site-packages/airflow/example_dags/example_short_circuit_decorator.py for tasks to queue
[2025-01-08T12:26:11.793+0000] {logging_mixin.py:188} INFO - [2025-01-08T12:26:11.792+0000] {dagbag.py:538} INFO - Filling up the DagBag from /home/airflow/.local/lib/python3.8/site-packages/airflow/example_dags/example_short_circuit_decorator.py
[2025-01-08T12:26:11.815+0000] {processor.py:840} INFO - DAG(s) 'example_short_circuit_decorator' retrieved from /home/airflow/.local/lib/python3.8/site-packages/airflow/example_dags/example_short_circuit_decorator.py
[2025-01-08T12:26:11.867+0000] {logging_mixin.py:188} INFO - [2025-01-08T12:26:11.867+0000] {dag.py:3036} INFO - Sync 1 DAGs
[2025-01-08T12:26:11.922+0000] {logging_mixin.py:188} INFO - [2025-01-08T12:26:11.922+0000] {dag.py:3823} INFO - Setting next_dagrun for example_short_circuit_decorator to 2025-01-07 00:00:00+00:00, run_after=2025-01-08 00:00:00+00:00
[2025-01-08T12:26:11.959+0000] {processor.py:183} INFO - Processing /home/airflow/.local/lib/python3.8/site-packages/airflow/example_dags/example_short_circuit_decorator.py took 0.191 seconds
[2025-01-08T12:26:42.446+0000] {processor.py:161} INFO - Started process (PID=1739) to work on /home/airflow/.local/lib/python3.8/site-packages/airflow/example_dags/example_short_circuit_decorator.py
[2025-01-08T12:26:42.452+0000] {processor.py:830} INFO - Processing file /home/airflow/.local/lib/python3.8/site-packages/airflow/example_dags/example_short_circuit_decorator.py for tasks to queue
[2025-01-08T12:26:42.457+0000] {logging_mixin.py:188} INFO - [2025-01-08T12:26:42.456+0000] {dagbag.py:538} INFO - Filling up the DagBag from /home/airflow/.local/lib/python3.8/site-packages/airflow/example_dags/example_short_circuit_decorator.py
[2025-01-08T12:26:42.493+0000] {processor.py:840} INFO - DAG(s) 'example_short_circuit_decorator' retrieved from /home/airflow/.local/lib/python3.8/site-packages/airflow/example_dags/example_short_circuit_decorator.py
[2025-01-08T12:26:42.584+0000] {logging_mixin.py:188} INFO - [2025-01-08T12:26:42.578+0000] {dag.py:3036} INFO - Sync 1 DAGs
[2025-01-08T12:26:42.677+0000] {logging_mixin.py:188} INFO - [2025-01-08T12:26:42.676+0000] {dag.py:3823} INFO - Setting next_dagrun for example_short_circuit_decorator to 2025-01-07 00:00:00+00:00, run_after=2025-01-08 00:00:00+00:00
[2025-01-08T12:26:42.758+0000] {processor.py:183} INFO - Processing /home/airflow/.local/lib/python3.8/site-packages/airflow/example_dags/example_short_circuit_decorator.py took 0.321 seconds
[2025-01-08T12:27:13.688+0000] {processor.py:161} INFO - Started process (PID=1798) to work on /home/airflow/.local/lib/python3.8/site-packages/airflow/example_dags/example_short_circuit_decorator.py
[2025-01-08T12:27:13.690+0000] {processor.py:830} INFO - Processing file /home/airflow/.local/lib/python3.8/site-packages/airflow/example_dags/example_short_circuit_decorator.py for tasks to queue
[2025-01-08T12:27:13.695+0000] {logging_mixin.py:188} INFO - [2025-01-08T12:27:13.694+0000] {dagbag.py:538} INFO - Filling up the DagBag from /home/airflow/.local/lib/python3.8/site-packages/airflow/example_dags/example_short_circuit_decorator.py
[2025-01-08T12:27:13.718+0000] {processor.py:840} INFO - DAG(s) 'example_short_circuit_decorator' retrieved from /home/airflow/.local/lib/python3.8/site-packages/airflow/example_dags/example_short_circuit_decorator.py
[2025-01-08T12:27:13.769+0000] {logging_mixin.py:188} INFO - [2025-01-08T12:27:13.769+0000] {dag.py:3036} INFO - Sync 1 DAGs
[2025-01-08T12:27:13.816+0000] {logging_mixin.py:188} INFO - [2025-01-08T12:27:13.816+0000] {dag.py:3823} INFO - Setting next_dagrun for example_short_circuit_decorator to 2025-01-07 00:00:00+00:00, run_after=2025-01-08 00:00:00+00:00
[2025-01-08T12:27:13.853+0000] {processor.py:183} INFO - Processing /home/airflow/.local/lib/python3.8/site-packages/airflow/example_dags/example_short_circuit_decorator.py took 0.169 seconds
[2025-01-08T12:27:43.960+0000] {processor.py:161} INFO - Started process (PID=1857) to work on /home/airflow/.local/lib/python3.8/site-packages/airflow/example_dags/example_short_circuit_decorator.py
[2025-01-08T12:27:43.963+0000] {processor.py:830} INFO - Processing file /home/airflow/.local/lib/python3.8/site-packages/airflow/example_dags/example_short_circuit_decorator.py for tasks to queue
[2025-01-08T12:27:43.971+0000] {logging_mixin.py:188} INFO - [2025-01-08T12:27:43.970+0000] {dagbag.py:538} INFO - Filling up the DagBag from /home/airflow/.local/lib/python3.8/site-packages/airflow/example_dags/example_short_circuit_decorator.py
[2025-01-08T12:27:44.013+0000] {processor.py:840} INFO - DAG(s) 'example_short_circuit_decorator' retrieved from /home/airflow/.local/lib/python3.8/site-packages/airflow/example_dags/example_short_circuit_decorator.py
[2025-01-08T12:27:44.116+0000] {logging_mixin.py:188} INFO - [2025-01-08T12:27:44.115+0000] {dag.py:3036} INFO - Sync 1 DAGs
[2025-01-08T12:27:44.187+0000] {logging_mixin.py:188} INFO - [2025-01-08T12:27:44.187+0000] {dag.py:3823} INFO - Setting next_dagrun for example_short_circuit_decorator to 2025-01-07 00:00:00+00:00, run_after=2025-01-08 00:00:00+00:00
[2025-01-08T12:27:44.309+0000] {processor.py:183} INFO - Processing /home/airflow/.local/lib/python3.8/site-packages/airflow/example_dags/example_short_circuit_decorator.py took 0.360 seconds
[2025-01-08T12:28:15.020+0000] {processor.py:161} INFO - Started process (PID=1917) to work on /home/airflow/.local/lib/python3.8/site-packages/airflow/example_dags/example_short_circuit_decorator.py
[2025-01-08T12:28:15.023+0000] {processor.py:830} INFO - Processing file /home/airflow/.local/lib/python3.8/site-packages/airflow/example_dags/example_short_circuit_decorator.py for tasks to queue
[2025-01-08T12:28:15.026+0000] {logging_mixin.py:188} INFO - [2025-01-08T12:28:15.025+0000] {dagbag.py:538} INFO - Filling up the DagBag from /home/airflow/.local/lib/python3.8/site-packages/airflow/example_dags/example_short_circuit_decorator.py
[2025-01-08T12:28:15.042+0000] {processor.py:840} INFO - DAG(s) 'example_short_circuit_decorator' retrieved from /home/airflow/.local/lib/python3.8/site-packages/airflow/example_dags/example_short_circuit_decorator.py
[2025-01-08T12:28:15.082+0000] {logging_mixin.py:188} INFO - [2025-01-08T12:28:15.082+0000] {dag.py:3036} INFO - Sync 1 DAGs
[2025-01-08T12:28:15.115+0000] {logging_mixin.py:188} INFO - [2025-01-08T12:28:15.115+0000] {dag.py:3823} INFO - Setting next_dagrun for example_short_circuit_decorator to 2025-01-07 00:00:00+00:00, run_after=2025-01-08 00:00:00+00:00
[2025-01-08T12:28:15.148+0000] {processor.py:183} INFO - Processing /home/airflow/.local/lib/python3.8/site-packages/airflow/example_dags/example_short_circuit_decorator.py took 0.134 seconds
[2025-01-08T12:28:45.839+0000] {processor.py:161} INFO - Started process (PID=1976) to work on /home/airflow/.local/lib/python3.8/site-packages/airflow/example_dags/example_short_circuit_decorator.py
[2025-01-08T12:28:45.841+0000] {processor.py:830} INFO - Processing file /home/airflow/.local/lib/python3.8/site-packages/airflow/example_dags/example_short_circuit_decorator.py for tasks to queue
[2025-01-08T12:28:45.845+0000] {logging_mixin.py:188} INFO - [2025-01-08T12:28:45.844+0000] {dagbag.py:538} INFO - Filling up the DagBag from /home/airflow/.local/lib/python3.8/site-packages/airflow/example_dags/example_short_circuit_decorator.py
[2025-01-08T12:28:45.861+0000] {processor.py:840} INFO - DAG(s) 'example_short_circuit_decorator' retrieved from /home/airflow/.local/lib/python3.8/site-packages/airflow/example_dags/example_short_circuit_decorator.py
[2025-01-08T12:28:45.903+0000] {logging_mixin.py:188} INFO - [2025-01-08T12:28:45.903+0000] {dag.py:3036} INFO - Sync 1 DAGs
[2025-01-08T12:28:45.936+0000] {logging_mixin.py:188} INFO - [2025-01-08T12:28:45.935+0000] {dag.py:3823} INFO - Setting next_dagrun for example_short_circuit_decorator to 2025-01-07 00:00:00+00:00, run_after=2025-01-08 00:00:00+00:00
[2025-01-08T12:28:45.974+0000] {processor.py:183} INFO - Processing /home/airflow/.local/lib/python3.8/site-packages/airflow/example_dags/example_short_circuit_decorator.py took 0.142 seconds
[2025-01-08T12:29:16.293+0000] {processor.py:161} INFO - Started process (PID=2034) to work on /home/airflow/.local/lib/python3.8/site-packages/airflow/example_dags/example_short_circuit_decorator.py
[2025-01-08T12:29:16.295+0000] {processor.py:830} INFO - Processing file /home/airflow/.local/lib/python3.8/site-packages/airflow/example_dags/example_short_circuit_decorator.py for tasks to queue
[2025-01-08T12:29:16.299+0000] {logging_mixin.py:188} INFO - [2025-01-08T12:29:16.298+0000] {dagbag.py:538} INFO - Filling up the DagBag from /home/airflow/.local/lib/python3.8/site-packages/airflow/example_dags/example_short_circuit_decorator.py
[2025-01-08T12:29:16.321+0000] {processor.py:840} INFO - DAG(s) 'example_short_circuit_decorator' retrieved from /home/airflow/.local/lib/python3.8/site-packages/airflow/example_dags/example_short_circuit_decorator.py
[2025-01-08T12:29:16.395+0000] {logging_mixin.py:188} INFO - [2025-01-08T12:29:16.395+0000] {dag.py:3036} INFO - Sync 1 DAGs
[2025-01-08T12:29:16.457+0000] {logging_mixin.py:188} INFO - [2025-01-08T12:29:16.457+0000] {dag.py:3823} INFO - Setting next_dagrun for example_short_circuit_decorator to 2025-01-07 00:00:00+00:00, run_after=2025-01-08 00:00:00+00:00
[2025-01-08T12:29:16.504+0000] {processor.py:183} INFO - Processing /home/airflow/.local/lib/python3.8/site-packages/airflow/example_dags/example_short_circuit_decorator.py took 0.217 seconds
[2025-01-08T12:29:47.196+0000] {processor.py:161} INFO - Started process (PID=2092) to work on /home/airflow/.local/lib/python3.8/site-packages/airflow/example_dags/example_short_circuit_decorator.py
[2025-01-08T12:29:47.198+0000] {processor.py:830} INFO - Processing file /home/airflow/.local/lib/python3.8/site-packages/airflow/example_dags/example_short_circuit_decorator.py for tasks to queue
[2025-01-08T12:29:47.201+0000] {logging_mixin.py:188} INFO - [2025-01-08T12:29:47.200+0000] {dagbag.py:538} INFO - Filling up the DagBag from /home/airflow/.local/lib/python3.8/site-packages/airflow/example_dags/example_short_circuit_decorator.py
[2025-01-08T12:29:47.218+0000] {processor.py:840} INFO - DAG(s) 'example_short_circuit_decorator' retrieved from /home/airflow/.local/lib/python3.8/site-packages/airflow/example_dags/example_short_circuit_decorator.py
[2025-01-08T12:29:47.260+0000] {logging_mixin.py:188} INFO - [2025-01-08T12:29:47.260+0000] {dag.py:3036} INFO - Sync 1 DAGs
[2025-01-08T12:29:47.299+0000] {logging_mixin.py:188} INFO - [2025-01-08T12:29:47.299+0000] {dag.py:3823} INFO - Setting next_dagrun for example_short_circuit_decorator to 2025-01-07 00:00:00+00:00, run_after=2025-01-08 00:00:00+00:00
[2025-01-08T12:29:47.336+0000] {processor.py:183} INFO - Processing /home/airflow/.local/lib/python3.8/site-packages/airflow/example_dags/example_short_circuit_decorator.py took 0.145 seconds
[2025-01-08T12:30:18.734+0000] {processor.py:161} INFO - Started process (PID=2157) to work on /home/airflow/.local/lib/python3.8/site-packages/airflow/example_dags/example_short_circuit_decorator.py
[2025-01-08T12:30:18.736+0000] {processor.py:830} INFO - Processing file /home/airflow/.local/lib/python3.8/site-packages/airflow/example_dags/example_short_circuit_decorator.py for tasks to queue
[2025-01-08T12:30:18.740+0000] {logging_mixin.py:188} INFO - [2025-01-08T12:30:18.739+0000] {dagbag.py:538} INFO - Filling up the DagBag from /home/airflow/.local/lib/python3.8/site-packages/airflow/example_dags/example_short_circuit_decorator.py
[2025-01-08T12:30:18.758+0000] {processor.py:840} INFO - DAG(s) 'example_short_circuit_decorator' retrieved from /home/airflow/.local/lib/python3.8/site-packages/airflow/example_dags/example_short_circuit_decorator.py
[2025-01-08T12:30:18.801+0000] {logging_mixin.py:188} INFO - [2025-01-08T12:30:18.801+0000] {dag.py:3036} INFO - Sync 1 DAGs
[2025-01-08T12:30:19.010+0000] {logging_mixin.py:188} INFO - [2025-01-08T12:30:19.010+0000] {dag.py:3823} INFO - Setting next_dagrun for example_short_circuit_decorator to 2025-01-07 00:00:00+00:00, run_after=2025-01-08 00:00:00+00:00
[2025-01-08T12:30:19.037+0000] {processor.py:183} INFO - Processing /home/airflow/.local/lib/python3.8/site-packages/airflow/example_dags/example_short_circuit_decorator.py took 0.309 seconds
[2025-01-08T12:30:49.326+0000] {processor.py:161} INFO - Started process (PID=2216) to work on /home/airflow/.local/lib/python3.8/site-packages/airflow/example_dags/example_short_circuit_decorator.py
[2025-01-08T12:30:49.328+0000] {processor.py:830} INFO - Processing file /home/airflow/.local/lib/python3.8/site-packages/airflow/example_dags/example_short_circuit_decorator.py for tasks to queue
[2025-01-08T12:30:49.331+0000] {logging_mixin.py:188} INFO - [2025-01-08T12:30:49.330+0000] {dagbag.py:538} INFO - Filling up the DagBag from /home/airflow/.local/lib/python3.8/site-packages/airflow/example_dags/example_short_circuit_decorator.py
[2025-01-08T12:30:49.349+0000] {processor.py:840} INFO - DAG(s) 'example_short_circuit_decorator' retrieved from /home/airflow/.local/lib/python3.8/site-packages/airflow/example_dags/example_short_circuit_decorator.py
[2025-01-08T12:30:49.386+0000] {logging_mixin.py:188} INFO - [2025-01-08T12:30:49.385+0000] {dag.py:3036} INFO - Sync 1 DAGs
[2025-01-08T12:30:49.577+0000] {logging_mixin.py:188} INFO - [2025-01-08T12:30:49.577+0000] {dag.py:3823} INFO - Setting next_dagrun for example_short_circuit_decorator to 2025-01-07 00:00:00+00:00, run_after=2025-01-08 00:00:00+00:00
[2025-01-08T12:30:49.607+0000] {processor.py:183} INFO - Processing /home/airflow/.local/lib/python3.8/site-packages/airflow/example_dags/example_short_circuit_decorator.py took 0.286 seconds
[2025-01-08T12:31:20.385+0000] {processor.py:161} INFO - Started process (PID=2274) to work on /home/airflow/.local/lib/python3.8/site-packages/airflow/example_dags/example_short_circuit_decorator.py
[2025-01-08T12:31:20.387+0000] {processor.py:830} INFO - Processing file /home/airflow/.local/lib/python3.8/site-packages/airflow/example_dags/example_short_circuit_decorator.py for tasks to queue
[2025-01-08T12:31:20.390+0000] {logging_mixin.py:188} INFO - [2025-01-08T12:31:20.390+0000] {dagbag.py:538} INFO - Filling up the DagBag from /home/airflow/.local/lib/python3.8/site-packages/airflow/example_dags/example_short_circuit_decorator.py
[2025-01-08T12:31:20.418+0000] {processor.py:840} INFO - DAG(s) 'example_short_circuit_decorator' retrieved from /home/airflow/.local/lib/python3.8/site-packages/airflow/example_dags/example_short_circuit_decorator.py
[2025-01-08T12:31:20.485+0000] {logging_mixin.py:188} INFO - [2025-01-08T12:31:20.484+0000] {dag.py:3036} INFO - Sync 1 DAGs
[2025-01-08T12:31:20.544+0000] {logging_mixin.py:188} INFO - [2025-01-08T12:31:20.544+0000] {dag.py:3823} INFO - Setting next_dagrun for example_short_circuit_decorator to 2025-01-07 00:00:00+00:00, run_after=2025-01-08 00:00:00+00:00
[2025-01-08T12:31:20.831+0000] {processor.py:183} INFO - Processing /home/airflow/.local/lib/python3.8/site-packages/airflow/example_dags/example_short_circuit_decorator.py took 0.452 seconds
[2025-01-08T12:31:51.272+0000] {processor.py:161} INFO - Started process (PID=2333) to work on /home/airflow/.local/lib/python3.8/site-packages/airflow/example_dags/example_short_circuit_decorator.py
[2025-01-08T12:31:51.274+0000] {processor.py:830} INFO - Processing file /home/airflow/.local/lib/python3.8/site-packages/airflow/example_dags/example_short_circuit_decorator.py for tasks to queue
[2025-01-08T12:31:51.282+0000] {logging_mixin.py:188} INFO - [2025-01-08T12:31:51.281+0000] {dagbag.py:538} INFO - Filling up the DagBag from /home/airflow/.local/lib/python3.8/site-packages/airflow/example_dags/example_short_circuit_decorator.py
[2025-01-08T12:31:51.309+0000] {processor.py:840} INFO - DAG(s) 'example_short_circuit_decorator' retrieved from /home/airflow/.local/lib/python3.8/site-packages/airflow/example_dags/example_short_circuit_decorator.py
[2025-01-08T12:31:51.358+0000] {logging_mixin.py:188} INFO - [2025-01-08T12:31:51.357+0000] {dag.py:3036} INFO - Sync 1 DAGs
[2025-01-08T12:31:51.412+0000] {logging_mixin.py:188} INFO - [2025-01-08T12:31:51.412+0000] {dag.py:3823} INFO - Setting next_dagrun for example_short_circuit_decorator to 2025-01-07 00:00:00+00:00, run_after=2025-01-08 00:00:00+00:00
[2025-01-08T12:31:51.474+0000] {processor.py:183} INFO - Processing /home/airflow/.local/lib/python3.8/site-packages/airflow/example_dags/example_short_circuit_decorator.py took 0.208 seconds
[2025-01-08T12:32:22.129+0000] {processor.py:161} INFO - Started process (PID=2392) to work on /home/airflow/.local/lib/python3.8/site-packages/airflow/example_dags/example_short_circuit_decorator.py
[2025-01-08T12:32:22.130+0000] {processor.py:830} INFO - Processing file /home/airflow/.local/lib/python3.8/site-packages/airflow/example_dags/example_short_circuit_decorator.py for tasks to queue
[2025-01-08T12:32:22.135+0000] {logging_mixin.py:188} INFO - [2025-01-08T12:32:22.135+0000] {dagbag.py:538} INFO - Filling up the DagBag from /home/airflow/.local/lib/python3.8/site-packages/airflow/example_dags/example_short_circuit_decorator.py
[2025-01-08T12:32:22.157+0000] {processor.py:840} INFO - DAG(s) 'example_short_circuit_decorator' retrieved from /home/airflow/.local/lib/python3.8/site-packages/airflow/example_dags/example_short_circuit_decorator.py
[2025-01-08T12:32:22.213+0000] {logging_mixin.py:188} INFO - [2025-01-08T12:32:22.213+0000] {dag.py:3036} INFO - Sync 1 DAGs
[2025-01-08T12:32:22.263+0000] {logging_mixin.py:188} INFO - [2025-01-08T12:32:22.263+0000] {dag.py:3823} INFO - Setting next_dagrun for example_short_circuit_decorator to 2025-01-07 00:00:00+00:00, run_after=2025-01-08 00:00:00+00:00
[2025-01-08T12:32:22.306+0000] {processor.py:183} INFO - Processing /home/airflow/.local/lib/python3.8/site-packages/airflow/example_dags/example_short_circuit_decorator.py took 0.184 seconds
[2025-01-08T12:32:52.940+0000] {processor.py:161} INFO - Started process (PID=2451) to work on /home/airflow/.local/lib/python3.8/site-packages/airflow/example_dags/example_short_circuit_decorator.py
[2025-01-08T12:32:52.941+0000] {processor.py:830} INFO - Processing file /home/airflow/.local/lib/python3.8/site-packages/airflow/example_dags/example_short_circuit_decorator.py for tasks to queue
[2025-01-08T12:32:52.944+0000] {logging_mixin.py:188} INFO - [2025-01-08T12:32:52.943+0000] {dagbag.py:538} INFO - Filling up the DagBag from /home/airflow/.local/lib/python3.8/site-packages/airflow/example_dags/example_short_circuit_decorator.py
[2025-01-08T12:32:52.958+0000] {processor.py:840} INFO - DAG(s) 'example_short_circuit_decorator' retrieved from /home/airflow/.local/lib/python3.8/site-packages/airflow/example_dags/example_short_circuit_decorator.py
[2025-01-08T12:32:52.994+0000] {logging_mixin.py:188} INFO - [2025-01-08T12:32:52.993+0000] {dag.py:3036} INFO - Sync 1 DAGs
[2025-01-08T12:32:53.030+0000] {logging_mixin.py:188} INFO - [2025-01-08T12:32:53.029+0000] {dag.py:3823} INFO - Setting next_dagrun for example_short_circuit_decorator to 2025-01-07 00:00:00+00:00, run_after=2025-01-08 00:00:00+00:00
[2025-01-08T12:32:53.065+0000] {processor.py:183} INFO - Processing /home/airflow/.local/lib/python3.8/site-packages/airflow/example_dags/example_short_circuit_decorator.py took 0.129 seconds
[2025-01-08T12:33:23.718+0000] {processor.py:161} INFO - Started process (PID=2509) to work on /home/airflow/.local/lib/python3.8/site-packages/airflow/example_dags/example_short_circuit_decorator.py
[2025-01-08T12:33:23.720+0000] {processor.py:830} INFO - Processing file /home/airflow/.local/lib/python3.8/site-packages/airflow/example_dags/example_short_circuit_decorator.py for tasks to queue
[2025-01-08T12:33:23.724+0000] {logging_mixin.py:188} INFO - [2025-01-08T12:33:23.723+0000] {dagbag.py:538} INFO - Filling up the DagBag from /home/airflow/.local/lib/python3.8/site-packages/airflow/example_dags/example_short_circuit_decorator.py
[2025-01-08T12:33:23.746+0000] {processor.py:840} INFO - DAG(s) 'example_short_circuit_decorator' retrieved from /home/airflow/.local/lib/python3.8/site-packages/airflow/example_dags/example_short_circuit_decorator.py
[2025-01-08T12:33:23.816+0000] {logging_mixin.py:188} INFO - [2025-01-08T12:33:23.815+0000] {dag.py:3036} INFO - Sync 1 DAGs
[2025-01-08T12:33:23.897+0000] {logging_mixin.py:188} INFO - [2025-01-08T12:33:23.897+0000] {dag.py:3823} INFO - Setting next_dagrun for example_short_circuit_decorator to 2025-01-07 00:00:00+00:00, run_after=2025-01-08 00:00:00+00:00
[2025-01-08T12:33:23.938+0000] {processor.py:183} INFO - Processing /home/airflow/.local/lib/python3.8/site-packages/airflow/example_dags/example_short_circuit_decorator.py took 0.227 seconds
