[2025-01-08T12:11:46.061+0000] {processor.py:161} INFO - Started process (PID=42) to work on /home/airflow/.local/lib/python3.8/site-packages/airflow/example_dags/tutorial_objectstorage.py
[2025-01-08T12:11:46.077+0000] {processor.py:830} INFO - Processing file /home/airflow/.local/lib/python3.8/site-packages/airflow/example_dags/tutorial_objectstorage.py for tasks to queue
[2025-01-08T12:11:46.110+0000] {logging_mixin.py:188} INFO - [2025-01-08T12:11:46.107+0000] {dagbag.py:538} INFO - Filling up the DagBag from /home/airflow/.local/lib/python3.8/site-packages/airflow/example_dags/tutorial_objectstorage.py
[2025-01-08T12:11:46.205+0000] {processor.py:840} INFO - DAG(s) 'tutorial_objectstorage' retrieved from /home/airflow/.local/lib/python3.8/site-packages/airflow/example_dags/tutorial_objectstorage.py
[2025-01-08T12:11:46.941+0000] {logging_mixin.py:188} INFO - [2025-01-08T12:11:46.940+0000] {dag.py:3036} INFO - Sync 1 DAGs
[2025-01-08T12:11:46.991+0000] {logging_mixin.py:188} INFO - [2025-01-08T12:11:46.987+0000] {dag.py:3823} INFO - Setting next_dagrun for tutorial_objectstorage to None, run_after=None
[2025-01-08T12:11:47.492+0000] {processor.py:183} INFO - Processing /home/airflow/.local/lib/python3.8/site-packages/airflow/example_dags/tutorial_objectstorage.py took 1.449 seconds
[2025-01-08T12:12:17.802+0000] {processor.py:161} INFO - Started process (PID=100) to work on /home/airflow/.local/lib/python3.8/site-packages/airflow/example_dags/tutorial_objectstorage.py
[2025-01-08T12:12:17.805+0000] {processor.py:830} INFO - Processing file /home/airflow/.local/lib/python3.8/site-packages/airflow/example_dags/tutorial_objectstorage.py for tasks to queue
[2025-01-08T12:12:17.809+0000] {logging_mixin.py:188} INFO - [2025-01-08T12:12:17.808+0000] {dagbag.py:538} INFO - Filling up the DagBag from /home/airflow/.local/lib/python3.8/site-packages/airflow/example_dags/tutorial_objectstorage.py
[2025-01-08T12:12:17.820+0000] {processor.py:840} INFO - DAG(s) 'tutorial_objectstorage' retrieved from /home/airflow/.local/lib/python3.8/site-packages/airflow/example_dags/tutorial_objectstorage.py
[2025-01-08T12:12:17.849+0000] {logging_mixin.py:188} INFO - [2025-01-08T12:12:17.849+0000] {dag.py:3036} INFO - Sync 1 DAGs
[2025-01-08T12:12:17.888+0000] {logging_mixin.py:188} INFO - [2025-01-08T12:12:17.887+0000] {dag.py:3823} INFO - Setting next_dagrun for tutorial_objectstorage to None, run_after=None
[2025-01-08T12:12:17.949+0000] {processor.py:183} INFO - Processing /home/airflow/.local/lib/python3.8/site-packages/airflow/example_dags/tutorial_objectstorage.py took 0.152 seconds
[2025-01-08T12:12:48.237+0000] {processor.py:161} INFO - Started process (PID=155) to work on /home/airflow/.local/lib/python3.8/site-packages/airflow/example_dags/tutorial_objectstorage.py
[2025-01-08T12:12:48.242+0000] {processor.py:830} INFO - Processing file /home/airflow/.local/lib/python3.8/site-packages/airflow/example_dags/tutorial_objectstorage.py for tasks to queue
[2025-01-08T12:12:48.249+0000] {logging_mixin.py:188} INFO - [2025-01-08T12:12:48.248+0000] {dagbag.py:538} INFO - Filling up the DagBag from /home/airflow/.local/lib/python3.8/site-packages/airflow/example_dags/tutorial_objectstorage.py
[2025-01-08T12:12:48.267+0000] {processor.py:840} INFO - DAG(s) 'tutorial_objectstorage' retrieved from /home/airflow/.local/lib/python3.8/site-packages/airflow/example_dags/tutorial_objectstorage.py
[2025-01-08T12:12:48.327+0000] {logging_mixin.py:188} INFO - [2025-01-08T12:12:48.326+0000] {dag.py:3036} INFO - Sync 1 DAGs
[2025-01-08T12:12:48.372+0000] {logging_mixin.py:188} INFO - [2025-01-08T12:12:48.372+0000] {dag.py:3823} INFO - Setting next_dagrun for tutorial_objectstorage to None, run_after=None
[2025-01-08T12:12:48.448+0000] {processor.py:183} INFO - Processing /home/airflow/.local/lib/python3.8/site-packages/airflow/example_dags/tutorial_objectstorage.py took 0.217 seconds
[2025-01-08T12:13:19.194+0000] {processor.py:161} INFO - Started process (PID=211) to work on /home/airflow/.local/lib/python3.8/site-packages/airflow/example_dags/tutorial_objectstorage.py
[2025-01-08T12:13:19.202+0000] {processor.py:830} INFO - Processing file /home/airflow/.local/lib/python3.8/site-packages/airflow/example_dags/tutorial_objectstorage.py for tasks to queue
[2025-01-08T12:13:19.228+0000] {logging_mixin.py:188} INFO - [2025-01-08T12:13:19.226+0000] {dagbag.py:538} INFO - Filling up the DagBag from /home/airflow/.local/lib/python3.8/site-packages/airflow/example_dags/tutorial_objectstorage.py
[2025-01-08T12:13:19.270+0000] {processor.py:840} INFO - DAG(s) 'tutorial_objectstorage' retrieved from /home/airflow/.local/lib/python3.8/site-packages/airflow/example_dags/tutorial_objectstorage.py
[2025-01-08T12:13:19.442+0000] {logging_mixin.py:188} INFO - [2025-01-08T12:13:19.441+0000] {dag.py:3036} INFO - Sync 1 DAGs
[2025-01-08T12:13:19.560+0000] {logging_mixin.py:188} INFO - [2025-01-08T12:13:19.560+0000] {dag.py:3823} INFO - Setting next_dagrun for tutorial_objectstorage to None, run_after=None
[2025-01-08T12:13:19.671+0000] {processor.py:183} INFO - Processing /home/airflow/.local/lib/python3.8/site-packages/airflow/example_dags/tutorial_objectstorage.py took 0.494 seconds
[2025-01-08T12:13:50.027+0000] {processor.py:161} INFO - Started process (PID=269) to work on /home/airflow/.local/lib/python3.8/site-packages/airflow/example_dags/tutorial_objectstorage.py
[2025-01-08T12:13:50.030+0000] {processor.py:830} INFO - Processing file /home/airflow/.local/lib/python3.8/site-packages/airflow/example_dags/tutorial_objectstorage.py for tasks to queue
[2025-01-08T12:13:50.038+0000] {logging_mixin.py:188} INFO - [2025-01-08T12:13:50.036+0000] {dagbag.py:538} INFO - Filling up the DagBag from /home/airflow/.local/lib/python3.8/site-packages/airflow/example_dags/tutorial_objectstorage.py
[2025-01-08T12:13:50.060+0000] {processor.py:840} INFO - DAG(s) 'tutorial_objectstorage' retrieved from /home/airflow/.local/lib/python3.8/site-packages/airflow/example_dags/tutorial_objectstorage.py
[2025-01-08T12:13:50.120+0000] {logging_mixin.py:188} INFO - [2025-01-08T12:13:50.119+0000] {dag.py:3036} INFO - Sync 1 DAGs
[2025-01-08T12:13:50.164+0000] {logging_mixin.py:188} INFO - [2025-01-08T12:13:50.164+0000] {dag.py:3823} INFO - Setting next_dagrun for tutorial_objectstorage to None, run_after=None
[2025-01-08T12:13:50.296+0000] {processor.py:183} INFO - Processing /home/airflow/.local/lib/python3.8/site-packages/airflow/example_dags/tutorial_objectstorage.py took 0.281 seconds
[2025-01-08T12:14:20.674+0000] {processor.py:161} INFO - Started process (PID=326) to work on /home/airflow/.local/lib/python3.8/site-packages/airflow/example_dags/tutorial_objectstorage.py
[2025-01-08T12:14:20.680+0000] {processor.py:830} INFO - Processing file /home/airflow/.local/lib/python3.8/site-packages/airflow/example_dags/tutorial_objectstorage.py for tasks to queue
[2025-01-08T12:14:20.688+0000] {logging_mixin.py:188} INFO - [2025-01-08T12:14:20.687+0000] {dagbag.py:538} INFO - Filling up the DagBag from /home/airflow/.local/lib/python3.8/site-packages/airflow/example_dags/tutorial_objectstorage.py
[2025-01-08T12:14:20.722+0000] {processor.py:840} INFO - DAG(s) 'tutorial_objectstorage' retrieved from /home/airflow/.local/lib/python3.8/site-packages/airflow/example_dags/tutorial_objectstorage.py
[2025-01-08T12:14:20.815+0000] {logging_mixin.py:188} INFO - [2025-01-08T12:14:20.814+0000] {dag.py:3036} INFO - Sync 1 DAGs
[2025-01-08T12:14:20.900+0000] {logging_mixin.py:188} INFO - [2025-01-08T12:14:20.899+0000] {dag.py:3823} INFO - Setting next_dagrun for tutorial_objectstorage to None, run_after=None
[2025-01-08T12:14:20.984+0000] {processor.py:183} INFO - Processing /home/airflow/.local/lib/python3.8/site-packages/airflow/example_dags/tutorial_objectstorage.py took 0.328 seconds
[2025-01-08T12:14:52.017+0000] {processor.py:161} INFO - Started process (PID=383) to work on /home/airflow/.local/lib/python3.8/site-packages/airflow/example_dags/tutorial_objectstorage.py
[2025-01-08T12:14:52.022+0000] {processor.py:830} INFO - Processing file /home/airflow/.local/lib/python3.8/site-packages/airflow/example_dags/tutorial_objectstorage.py for tasks to queue
[2025-01-08T12:14:52.035+0000] {logging_mixin.py:188} INFO - [2025-01-08T12:14:52.033+0000] {dagbag.py:538} INFO - Filling up the DagBag from /home/airflow/.local/lib/python3.8/site-packages/airflow/example_dags/tutorial_objectstorage.py
[2025-01-08T12:14:52.075+0000] {processor.py:840} INFO - DAG(s) 'tutorial_objectstorage' retrieved from /home/airflow/.local/lib/python3.8/site-packages/airflow/example_dags/tutorial_objectstorage.py
[2025-01-08T12:14:52.161+0000] {logging_mixin.py:188} INFO - [2025-01-08T12:14:52.159+0000] {dag.py:3036} INFO - Sync 1 DAGs
[2025-01-08T12:14:52.314+0000] {logging_mixin.py:188} INFO - [2025-01-08T12:14:52.312+0000] {dag.py:3823} INFO - Setting next_dagrun for tutorial_objectstorage to None, run_after=None
[2025-01-08T12:14:52.345+0000] {processor.py:183} INFO - Processing /home/airflow/.local/lib/python3.8/site-packages/airflow/example_dags/tutorial_objectstorage.py took 0.355 seconds
[2025-01-08T12:15:23.232+0000] {processor.py:161} INFO - Started process (PID=440) to work on /home/airflow/.local/lib/python3.8/site-packages/airflow/example_dags/tutorial_objectstorage.py
[2025-01-08T12:15:23.234+0000] {processor.py:830} INFO - Processing file /home/airflow/.local/lib/python3.8/site-packages/airflow/example_dags/tutorial_objectstorage.py for tasks to queue
[2025-01-08T12:15:23.237+0000] {logging_mixin.py:188} INFO - [2025-01-08T12:15:23.237+0000] {dagbag.py:538} INFO - Filling up the DagBag from /home/airflow/.local/lib/python3.8/site-packages/airflow/example_dags/tutorial_objectstorage.py
[2025-01-08T12:15:23.248+0000] {processor.py:840} INFO - DAG(s) 'tutorial_objectstorage' retrieved from /home/airflow/.local/lib/python3.8/site-packages/airflow/example_dags/tutorial_objectstorage.py
[2025-01-08T12:15:23.294+0000] {logging_mixin.py:188} INFO - [2025-01-08T12:15:23.293+0000] {dag.py:3036} INFO - Sync 1 DAGs
[2025-01-08T12:15:23.327+0000] {logging_mixin.py:188} INFO - [2025-01-08T12:15:23.327+0000] {dag.py:3823} INFO - Setting next_dagrun for tutorial_objectstorage to None, run_after=None
[2025-01-08T12:15:23.364+0000] {processor.py:183} INFO - Processing /home/airflow/.local/lib/python3.8/site-packages/airflow/example_dags/tutorial_objectstorage.py took 0.137 seconds
[2025-01-08T12:15:54.055+0000] {processor.py:161} INFO - Started process (PID=497) to work on /home/airflow/.local/lib/python3.8/site-packages/airflow/example_dags/tutorial_objectstorage.py
[2025-01-08T12:15:54.062+0000] {processor.py:830} INFO - Processing file /home/airflow/.local/lib/python3.8/site-packages/airflow/example_dags/tutorial_objectstorage.py for tasks to queue
[2025-01-08T12:15:54.074+0000] {logging_mixin.py:188} INFO - [2025-01-08T12:15:54.072+0000] {dagbag.py:538} INFO - Filling up the DagBag from /home/airflow/.local/lib/python3.8/site-packages/airflow/example_dags/tutorial_objectstorage.py
[2025-01-08T12:15:54.126+0000] {processor.py:840} INFO - DAG(s) 'tutorial_objectstorage' retrieved from /home/airflow/.local/lib/python3.8/site-packages/airflow/example_dags/tutorial_objectstorage.py
[2025-01-08T12:15:54.297+0000] {logging_mixin.py:188} INFO - [2025-01-08T12:15:54.296+0000] {dag.py:3036} INFO - Sync 1 DAGs
[2025-01-08T12:15:54.348+0000] {logging_mixin.py:188} INFO - [2025-01-08T12:15:54.347+0000] {dag.py:3823} INFO - Setting next_dagrun for tutorial_objectstorage to None, run_after=None
[2025-01-08T12:15:54.378+0000] {processor.py:183} INFO - Processing /home/airflow/.local/lib/python3.8/site-packages/airflow/example_dags/tutorial_objectstorage.py took 0.353 seconds
[2025-01-08T12:16:24.719+0000] {processor.py:161} INFO - Started process (PID=555) to work on /home/airflow/.local/lib/python3.8/site-packages/airflow/example_dags/tutorial_objectstorage.py
[2025-01-08T12:16:24.732+0000] {processor.py:830} INFO - Processing file /home/airflow/.local/lib/python3.8/site-packages/airflow/example_dags/tutorial_objectstorage.py for tasks to queue
[2025-01-08T12:16:24.741+0000] {logging_mixin.py:188} INFO - [2025-01-08T12:16:24.740+0000] {dagbag.py:538} INFO - Filling up the DagBag from /home/airflow/.local/lib/python3.8/site-packages/airflow/example_dags/tutorial_objectstorage.py
[2025-01-08T12:16:24.767+0000] {processor.py:840} INFO - DAG(s) 'tutorial_objectstorage' retrieved from /home/airflow/.local/lib/python3.8/site-packages/airflow/example_dags/tutorial_objectstorage.py
[2025-01-08T12:16:24.835+0000] {logging_mixin.py:188} INFO - [2025-01-08T12:16:24.835+0000] {dag.py:3036} INFO - Sync 1 DAGs
[2025-01-08T12:16:24.887+0000] {logging_mixin.py:188} INFO - [2025-01-08T12:16:24.886+0000] {dag.py:3823} INFO - Setting next_dagrun for tutorial_objectstorage to None, run_after=None
[2025-01-08T12:16:24.961+0000] {processor.py:183} INFO - Processing /home/airflow/.local/lib/python3.8/site-packages/airflow/example_dags/tutorial_objectstorage.py took 0.271 seconds
[2025-01-08T12:16:55.474+0000] {processor.py:161} INFO - Started process (PID=614) to work on /home/airflow/.local/lib/python3.8/site-packages/airflow/example_dags/tutorial_objectstorage.py
[2025-01-08T12:16:55.477+0000] {processor.py:830} INFO - Processing file /home/airflow/.local/lib/python3.8/site-packages/airflow/example_dags/tutorial_objectstorage.py for tasks to queue
[2025-01-08T12:16:55.483+0000] {logging_mixin.py:188} INFO - [2025-01-08T12:16:55.481+0000] {dagbag.py:538} INFO - Filling up the DagBag from /home/airflow/.local/lib/python3.8/site-packages/airflow/example_dags/tutorial_objectstorage.py
[2025-01-08T12:16:55.500+0000] {processor.py:840} INFO - DAG(s) 'tutorial_objectstorage' retrieved from /home/airflow/.local/lib/python3.8/site-packages/airflow/example_dags/tutorial_objectstorage.py
[2025-01-08T12:16:55.574+0000] {logging_mixin.py:188} INFO - [2025-01-08T12:16:55.573+0000] {dag.py:3036} INFO - Sync 1 DAGs
[2025-01-08T12:16:55.622+0000] {logging_mixin.py:188} INFO - [2025-01-08T12:16:55.621+0000] {dag.py:3823} INFO - Setting next_dagrun for tutorial_objectstorage to None, run_after=None
[2025-01-08T12:16:55.663+0000] {processor.py:183} INFO - Processing /home/airflow/.local/lib/python3.8/site-packages/airflow/example_dags/tutorial_objectstorage.py took 0.198 seconds
[2025-01-08T12:17:25.752+0000] {processor.py:161} INFO - Started process (PID=673) to work on /home/airflow/.local/lib/python3.8/site-packages/airflow/example_dags/tutorial_objectstorage.py
[2025-01-08T12:17:25.753+0000] {processor.py:830} INFO - Processing file /home/airflow/.local/lib/python3.8/site-packages/airflow/example_dags/tutorial_objectstorage.py for tasks to queue
[2025-01-08T12:17:25.755+0000] {logging_mixin.py:188} INFO - [2025-01-08T12:17:25.755+0000] {dagbag.py:538} INFO - Filling up the DagBag from /home/airflow/.local/lib/python3.8/site-packages/airflow/example_dags/tutorial_objectstorage.py
[2025-01-08T12:17:25.765+0000] {processor.py:840} INFO - DAG(s) 'tutorial_objectstorage' retrieved from /home/airflow/.local/lib/python3.8/site-packages/airflow/example_dags/tutorial_objectstorage.py
[2025-01-08T12:17:25.793+0000] {logging_mixin.py:188} INFO - [2025-01-08T12:17:25.793+0000] {dag.py:3036} INFO - Sync 1 DAGs
[2025-01-08T12:17:25.814+0000] {logging_mixin.py:188} INFO - [2025-01-08T12:17:25.814+0000] {dag.py:3823} INFO - Setting next_dagrun for tutorial_objectstorage to None, run_after=None
[2025-01-08T12:17:25.845+0000] {processor.py:183} INFO - Processing /home/airflow/.local/lib/python3.8/site-packages/airflow/example_dags/tutorial_objectstorage.py took 0.098 seconds
[2025-01-08T12:17:56.378+0000] {processor.py:161} INFO - Started process (PID=732) to work on /home/airflow/.local/lib/python3.8/site-packages/airflow/example_dags/tutorial_objectstorage.py
[2025-01-08T12:17:56.380+0000] {processor.py:830} INFO - Processing file /home/airflow/.local/lib/python3.8/site-packages/airflow/example_dags/tutorial_objectstorage.py for tasks to queue
[2025-01-08T12:17:56.384+0000] {logging_mixin.py:188} INFO - [2025-01-08T12:17:56.384+0000] {dagbag.py:538} INFO - Filling up the DagBag from /home/airflow/.local/lib/python3.8/site-packages/airflow/example_dags/tutorial_objectstorage.py
[2025-01-08T12:17:56.394+0000] {processor.py:840} INFO - DAG(s) 'tutorial_objectstorage' retrieved from /home/airflow/.local/lib/python3.8/site-packages/airflow/example_dags/tutorial_objectstorage.py
[2025-01-08T12:17:56.424+0000] {logging_mixin.py:188} INFO - [2025-01-08T12:17:56.424+0000] {dag.py:3036} INFO - Sync 1 DAGs
[2025-01-08T12:17:56.464+0000] {logging_mixin.py:188} INFO - [2025-01-08T12:17:56.464+0000] {dag.py:3823} INFO - Setting next_dagrun for tutorial_objectstorage to None, run_after=None
[2025-01-08T12:17:56.501+0000] {processor.py:183} INFO - Processing /home/airflow/.local/lib/python3.8/site-packages/airflow/example_dags/tutorial_objectstorage.py took 0.130 seconds
[2025-01-08T12:18:27.010+0000] {processor.py:161} INFO - Started process (PID=791) to work on /home/airflow/.local/lib/python3.8/site-packages/airflow/example_dags/tutorial_objectstorage.py
[2025-01-08T12:18:27.015+0000] {processor.py:830} INFO - Processing file /home/airflow/.local/lib/python3.8/site-packages/airflow/example_dags/tutorial_objectstorage.py for tasks to queue
[2025-01-08T12:18:27.025+0000] {logging_mixin.py:188} INFO - [2025-01-08T12:18:27.023+0000] {dagbag.py:538} INFO - Filling up the DagBag from /home/airflow/.local/lib/python3.8/site-packages/airflow/example_dags/tutorial_objectstorage.py
[2025-01-08T12:18:27.058+0000] {processor.py:840} INFO - DAG(s) 'tutorial_objectstorage' retrieved from /home/airflow/.local/lib/python3.8/site-packages/airflow/example_dags/tutorial_objectstorage.py
[2025-01-08T12:18:27.162+0000] {logging_mixin.py:188} INFO - [2025-01-08T12:18:27.161+0000] {dag.py:3036} INFO - Sync 1 DAGs
[2025-01-08T12:18:27.229+0000] {logging_mixin.py:188} INFO - [2025-01-08T12:18:27.228+0000] {dag.py:3823} INFO - Setting next_dagrun for tutorial_objectstorage to None, run_after=None
[2025-01-08T12:18:27.275+0000] {processor.py:183} INFO - Processing /home/airflow/.local/lib/python3.8/site-packages/airflow/example_dags/tutorial_objectstorage.py took 0.280 seconds
[2025-01-08T12:18:57.643+0000] {processor.py:161} INFO - Started process (PID=851) to work on /home/airflow/.local/lib/python3.8/site-packages/airflow/example_dags/tutorial_objectstorage.py
[2025-01-08T12:18:57.645+0000] {processor.py:830} INFO - Processing file /home/airflow/.local/lib/python3.8/site-packages/airflow/example_dags/tutorial_objectstorage.py for tasks to queue
[2025-01-08T12:18:57.649+0000] {logging_mixin.py:188} INFO - [2025-01-08T12:18:57.649+0000] {dagbag.py:538} INFO - Filling up the DagBag from /home/airflow/.local/lib/python3.8/site-packages/airflow/example_dags/tutorial_objectstorage.py
[2025-01-08T12:18:57.658+0000] {processor.py:840} INFO - DAG(s) 'tutorial_objectstorage' retrieved from /home/airflow/.local/lib/python3.8/site-packages/airflow/example_dags/tutorial_objectstorage.py
[2025-01-08T12:18:57.698+0000] {logging_mixin.py:188} INFO - [2025-01-08T12:18:57.698+0000] {dag.py:3036} INFO - Sync 1 DAGs
[2025-01-08T12:18:57.719+0000] {logging_mixin.py:188} INFO - [2025-01-08T12:18:57.719+0000] {dag.py:3823} INFO - Setting next_dagrun for tutorial_objectstorage to None, run_after=None
[2025-01-08T12:18:57.745+0000] {processor.py:183} INFO - Processing /home/airflow/.local/lib/python3.8/site-packages/airflow/example_dags/tutorial_objectstorage.py took 0.108 seconds
[2025-01-08T12:19:28.168+0000] {processor.py:161} INFO - Started process (PID=910) to work on /home/airflow/.local/lib/python3.8/site-packages/airflow/example_dags/tutorial_objectstorage.py
[2025-01-08T12:19:28.177+0000] {processor.py:830} INFO - Processing file /home/airflow/.local/lib/python3.8/site-packages/airflow/example_dags/tutorial_objectstorage.py for tasks to queue
[2025-01-08T12:19:28.184+0000] {logging_mixin.py:188} INFO - [2025-01-08T12:19:28.183+0000] {dagbag.py:538} INFO - Filling up the DagBag from /home/airflow/.local/lib/python3.8/site-packages/airflow/example_dags/tutorial_objectstorage.py
[2025-01-08T12:19:28.216+0000] {processor.py:840} INFO - DAG(s) 'tutorial_objectstorage' retrieved from /home/airflow/.local/lib/python3.8/site-packages/airflow/example_dags/tutorial_objectstorage.py
[2025-01-08T12:19:28.279+0000] {logging_mixin.py:188} INFO - [2025-01-08T12:19:28.278+0000] {dag.py:3036} INFO - Sync 1 DAGs
[2025-01-08T12:19:28.307+0000] {logging_mixin.py:188} INFO - [2025-01-08T12:19:28.306+0000] {dag.py:3823} INFO - Setting next_dagrun for tutorial_objectstorage to None, run_after=None
[2025-01-08T12:19:28.339+0000] {processor.py:183} INFO - Processing /home/airflow/.local/lib/python3.8/site-packages/airflow/example_dags/tutorial_objectstorage.py took 0.190 seconds
[2025-01-08T12:19:58.627+0000] {processor.py:161} INFO - Started process (PID=969) to work on /home/airflow/.local/lib/python3.8/site-packages/airflow/example_dags/tutorial_objectstorage.py
[2025-01-08T12:19:58.630+0000] {processor.py:830} INFO - Processing file /home/airflow/.local/lib/python3.8/site-packages/airflow/example_dags/tutorial_objectstorage.py for tasks to queue
[2025-01-08T12:19:58.634+0000] {logging_mixin.py:188} INFO - [2025-01-08T12:19:58.633+0000] {dagbag.py:538} INFO - Filling up the DagBag from /home/airflow/.local/lib/python3.8/site-packages/airflow/example_dags/tutorial_objectstorage.py
[2025-01-08T12:19:58.649+0000] {processor.py:840} INFO - DAG(s) 'tutorial_objectstorage' retrieved from /home/airflow/.local/lib/python3.8/site-packages/airflow/example_dags/tutorial_objectstorage.py
[2025-01-08T12:19:58.681+0000] {logging_mixin.py:188} INFO - [2025-01-08T12:19:58.680+0000] {dag.py:3036} INFO - Sync 1 DAGs
[2025-01-08T12:19:58.746+0000] {logging_mixin.py:188} INFO - [2025-01-08T12:19:58.746+0000] {dag.py:3823} INFO - Setting next_dagrun for tutorial_objectstorage to None, run_after=None
[2025-01-08T12:19:58.797+0000] {processor.py:183} INFO - Processing /home/airflow/.local/lib/python3.8/site-packages/airflow/example_dags/tutorial_objectstorage.py took 0.185 seconds
[2025-01-08T12:20:29.096+0000] {processor.py:161} INFO - Started process (PID=1028) to work on /home/airflow/.local/lib/python3.8/site-packages/airflow/example_dags/tutorial_objectstorage.py
[2025-01-08T12:20:29.100+0000] {processor.py:830} INFO - Processing file /home/airflow/.local/lib/python3.8/site-packages/airflow/example_dags/tutorial_objectstorage.py for tasks to queue
[2025-01-08T12:20:29.105+0000] {logging_mixin.py:188} INFO - [2025-01-08T12:20:29.105+0000] {dagbag.py:538} INFO - Filling up the DagBag from /home/airflow/.local/lib/python3.8/site-packages/airflow/example_dags/tutorial_objectstorage.py
[2025-01-08T12:20:29.132+0000] {processor.py:840} INFO - DAG(s) 'tutorial_objectstorage' retrieved from /home/airflow/.local/lib/python3.8/site-packages/airflow/example_dags/tutorial_objectstorage.py
[2025-01-08T12:20:29.188+0000] {logging_mixin.py:188} INFO - [2025-01-08T12:20:29.188+0000] {dag.py:3036} INFO - Sync 1 DAGs
[2025-01-08T12:20:29.208+0000] {logging_mixin.py:188} INFO - [2025-01-08T12:20:29.208+0000] {dag.py:3823} INFO - Setting next_dagrun for tutorial_objectstorage to None, run_after=None
[2025-01-08T12:20:29.249+0000] {processor.py:183} INFO - Processing /home/airflow/.local/lib/python3.8/site-packages/airflow/example_dags/tutorial_objectstorage.py took 0.164 seconds
[2025-01-08T12:20:59.676+0000] {processor.py:161} INFO - Started process (PID=1085) to work on /home/airflow/.local/lib/python3.8/site-packages/airflow/example_dags/tutorial_objectstorage.py
[2025-01-08T12:20:59.679+0000] {processor.py:830} INFO - Processing file /home/airflow/.local/lib/python3.8/site-packages/airflow/example_dags/tutorial_objectstorage.py for tasks to queue
[2025-01-08T12:20:59.684+0000] {logging_mixin.py:188} INFO - [2025-01-08T12:20:59.683+0000] {dagbag.py:538} INFO - Filling up the DagBag from /home/airflow/.local/lib/python3.8/site-packages/airflow/example_dags/tutorial_objectstorage.py
[2025-01-08T12:20:59.698+0000] {processor.py:840} INFO - DAG(s) 'tutorial_objectstorage' retrieved from /home/airflow/.local/lib/python3.8/site-packages/airflow/example_dags/tutorial_objectstorage.py
[2025-01-08T12:20:59.727+0000] {logging_mixin.py:188} INFO - [2025-01-08T12:20:59.727+0000] {dag.py:3036} INFO - Sync 1 DAGs
[2025-01-08T12:20:59.746+0000] {logging_mixin.py:188} INFO - [2025-01-08T12:20:59.745+0000] {dag.py:3823} INFO - Setting next_dagrun for tutorial_objectstorage to None, run_after=None
[2025-01-08T12:20:59.777+0000] {processor.py:183} INFO - Processing /home/airflow/.local/lib/python3.8/site-packages/airflow/example_dags/tutorial_objectstorage.py took 0.108 seconds
[2025-01-08T12:21:30.329+0000] {processor.py:161} INFO - Started process (PID=1144) to work on /home/airflow/.local/lib/python3.8/site-packages/airflow/example_dags/tutorial_objectstorage.py
[2025-01-08T12:21:30.336+0000] {processor.py:830} INFO - Processing file /home/airflow/.local/lib/python3.8/site-packages/airflow/example_dags/tutorial_objectstorage.py for tasks to queue
[2025-01-08T12:21:30.348+0000] {logging_mixin.py:188} INFO - [2025-01-08T12:21:30.346+0000] {dagbag.py:538} INFO - Filling up the DagBag from /home/airflow/.local/lib/python3.8/site-packages/airflow/example_dags/tutorial_objectstorage.py
[2025-01-08T12:21:30.404+0000] {processor.py:840} INFO - DAG(s) 'tutorial_objectstorage' retrieved from /home/airflow/.local/lib/python3.8/site-packages/airflow/example_dags/tutorial_objectstorage.py
[2025-01-08T12:21:30.448+0000] {logging_mixin.py:188} INFO - [2025-01-08T12:21:30.448+0000] {dag.py:3036} INFO - Sync 1 DAGs
[2025-01-08T12:21:30.472+0000] {logging_mixin.py:188} INFO - [2025-01-08T12:21:30.472+0000] {dag.py:3823} INFO - Setting next_dagrun for tutorial_objectstorage to None, run_after=None
[2025-01-08T12:21:30.505+0000] {processor.py:183} INFO - Processing /home/airflow/.local/lib/python3.8/site-packages/airflow/example_dags/tutorial_objectstorage.py took 0.195 seconds
[2025-01-08T12:22:01.199+0000] {processor.py:161} INFO - Started process (PID=1203) to work on /home/airflow/.local/lib/python3.8/site-packages/airflow/example_dags/tutorial_objectstorage.py
[2025-01-08T12:22:01.204+0000] {processor.py:830} INFO - Processing file /home/airflow/.local/lib/python3.8/site-packages/airflow/example_dags/tutorial_objectstorage.py for tasks to queue
[2025-01-08T12:22:01.215+0000] {logging_mixin.py:188} INFO - [2025-01-08T12:22:01.213+0000] {dagbag.py:538} INFO - Filling up the DagBag from /home/airflow/.local/lib/python3.8/site-packages/airflow/example_dags/tutorial_objectstorage.py
[2025-01-08T12:22:01.254+0000] {processor.py:840} INFO - DAG(s) 'tutorial_objectstorage' retrieved from /home/airflow/.local/lib/python3.8/site-packages/airflow/example_dags/tutorial_objectstorage.py
[2025-01-08T12:22:01.372+0000] {logging_mixin.py:188} INFO - [2025-01-08T12:22:01.372+0000] {dag.py:3036} INFO - Sync 1 DAGs
[2025-01-08T12:22:01.397+0000] {logging_mixin.py:188} INFO - [2025-01-08T12:22:01.397+0000] {dag.py:3823} INFO - Setting next_dagrun for tutorial_objectstorage to None, run_after=None
[2025-01-08T12:22:01.428+0000] {processor.py:183} INFO - Processing /home/airflow/.local/lib/python3.8/site-packages/airflow/example_dags/tutorial_objectstorage.py took 0.249 seconds
[2025-01-08T12:22:31.767+0000] {processor.py:161} INFO - Started process (PID=1262) to work on /home/airflow/.local/lib/python3.8/site-packages/airflow/example_dags/tutorial_objectstorage.py
[2025-01-08T12:22:31.769+0000] {processor.py:830} INFO - Processing file /home/airflow/.local/lib/python3.8/site-packages/airflow/example_dags/tutorial_objectstorage.py for tasks to queue
[2025-01-08T12:22:31.772+0000] {logging_mixin.py:188} INFO - [2025-01-08T12:22:31.772+0000] {dagbag.py:538} INFO - Filling up the DagBag from /home/airflow/.local/lib/python3.8/site-packages/airflow/example_dags/tutorial_objectstorage.py
[2025-01-08T12:22:31.785+0000] {processor.py:840} INFO - DAG(s) 'tutorial_objectstorage' retrieved from /home/airflow/.local/lib/python3.8/site-packages/airflow/example_dags/tutorial_objectstorage.py
[2025-01-08T12:22:31.815+0000] {logging_mixin.py:188} INFO - [2025-01-08T12:22:31.814+0000] {dag.py:3036} INFO - Sync 1 DAGs
[2025-01-08T12:22:31.837+0000] {logging_mixin.py:188} INFO - [2025-01-08T12:22:31.837+0000] {dag.py:3823} INFO - Setting next_dagrun for tutorial_objectstorage to None, run_after=None
[2025-01-08T12:22:31.872+0000] {processor.py:183} INFO - Processing /home/airflow/.local/lib/python3.8/site-packages/airflow/example_dags/tutorial_objectstorage.py took 0.111 seconds
[2025-01-08T12:23:02.052+0000] {processor.py:161} INFO - Started process (PID=1321) to work on /home/airflow/.local/lib/python3.8/site-packages/airflow/example_dags/tutorial_objectstorage.py
[2025-01-08T12:23:02.053+0000] {processor.py:830} INFO - Processing file /home/airflow/.local/lib/python3.8/site-packages/airflow/example_dags/tutorial_objectstorage.py for tasks to queue
[2025-01-08T12:23:02.056+0000] {logging_mixin.py:188} INFO - [2025-01-08T12:23:02.056+0000] {dagbag.py:538} INFO - Filling up the DagBag from /home/airflow/.local/lib/python3.8/site-packages/airflow/example_dags/tutorial_objectstorage.py
[2025-01-08T12:23:02.067+0000] {processor.py:840} INFO - DAG(s) 'tutorial_objectstorage' retrieved from /home/airflow/.local/lib/python3.8/site-packages/airflow/example_dags/tutorial_objectstorage.py
[2025-01-08T12:23:02.099+0000] {logging_mixin.py:188} INFO - [2025-01-08T12:23:02.099+0000] {dag.py:3036} INFO - Sync 1 DAGs
[2025-01-08T12:23:02.125+0000] {logging_mixin.py:188} INFO - [2025-01-08T12:23:02.125+0000] {dag.py:3823} INFO - Setting next_dagrun for tutorial_objectstorage to None, run_after=None
[2025-01-08T12:23:02.156+0000] {processor.py:183} INFO - Processing /home/airflow/.local/lib/python3.8/site-packages/airflow/example_dags/tutorial_objectstorage.py took 0.110 seconds
[2025-01-08T12:23:32.875+0000] {processor.py:161} INFO - Started process (PID=1380) to work on /home/airflow/.local/lib/python3.8/site-packages/airflow/example_dags/tutorial_objectstorage.py
[2025-01-08T12:23:32.877+0000] {processor.py:830} INFO - Processing file /home/airflow/.local/lib/python3.8/site-packages/airflow/example_dags/tutorial_objectstorage.py for tasks to queue
[2025-01-08T12:23:32.883+0000] {logging_mixin.py:188} INFO - [2025-01-08T12:23:32.882+0000] {dagbag.py:538} INFO - Filling up the DagBag from /home/airflow/.local/lib/python3.8/site-packages/airflow/example_dags/tutorial_objectstorage.py
[2025-01-08T12:23:32.901+0000] {processor.py:840} INFO - DAG(s) 'tutorial_objectstorage' retrieved from /home/airflow/.local/lib/python3.8/site-packages/airflow/example_dags/tutorial_objectstorage.py
[2025-01-08T12:23:32.968+0000] {logging_mixin.py:188} INFO - [2025-01-08T12:23:32.967+0000] {dag.py:3036} INFO - Sync 1 DAGs
[2025-01-08T12:23:33.019+0000] {logging_mixin.py:188} INFO - [2025-01-08T12:23:33.019+0000] {dag.py:3823} INFO - Setting next_dagrun for tutorial_objectstorage to None, run_after=None
[2025-01-08T12:23:33.101+0000] {processor.py:183} INFO - Processing /home/airflow/.local/lib/python3.8/site-packages/airflow/example_dags/tutorial_objectstorage.py took 0.233 seconds
[2025-01-08T12:24:03.405+0000] {processor.py:161} INFO - Started process (PID=1438) to work on /home/airflow/.local/lib/python3.8/site-packages/airflow/example_dags/tutorial_objectstorage.py
[2025-01-08T12:24:03.407+0000] {processor.py:830} INFO - Processing file /home/airflow/.local/lib/python3.8/site-packages/airflow/example_dags/tutorial_objectstorage.py for tasks to queue
[2025-01-08T12:24:03.412+0000] {logging_mixin.py:188} INFO - [2025-01-08T12:24:03.411+0000] {dagbag.py:538} INFO - Filling up the DagBag from /home/airflow/.local/lib/python3.8/site-packages/airflow/example_dags/tutorial_objectstorage.py
[2025-01-08T12:24:03.427+0000] {processor.py:840} INFO - DAG(s) 'tutorial_objectstorage' retrieved from /home/airflow/.local/lib/python3.8/site-packages/airflow/example_dags/tutorial_objectstorage.py
[2025-01-08T12:24:03.473+0000] {logging_mixin.py:188} INFO - [2025-01-08T12:24:03.473+0000] {dag.py:3036} INFO - Sync 1 DAGs
[2025-01-08T12:24:03.493+0000] {logging_mixin.py:188} INFO - [2025-01-08T12:24:03.493+0000] {dag.py:3823} INFO - Setting next_dagrun for tutorial_objectstorage to None, run_after=None
[2025-01-08T12:24:03.522+0000] {processor.py:183} INFO - Processing /home/airflow/.local/lib/python3.8/site-packages/airflow/example_dags/tutorial_objectstorage.py took 0.129 seconds
[2025-01-08T12:24:33.924+0000] {processor.py:161} INFO - Started process (PID=1498) to work on /home/airflow/.local/lib/python3.8/site-packages/airflow/example_dags/tutorial_objectstorage.py
[2025-01-08T12:24:33.927+0000] {processor.py:830} INFO - Processing file /home/airflow/.local/lib/python3.8/site-packages/airflow/example_dags/tutorial_objectstorage.py for tasks to queue
[2025-01-08T12:24:33.937+0000] {logging_mixin.py:188} INFO - [2025-01-08T12:24:33.936+0000] {dagbag.py:538} INFO - Filling up the DagBag from /home/airflow/.local/lib/python3.8/site-packages/airflow/example_dags/tutorial_objectstorage.py
[2025-01-08T12:24:33.950+0000] {processor.py:840} INFO - DAG(s) 'tutorial_objectstorage' retrieved from /home/airflow/.local/lib/python3.8/site-packages/airflow/example_dags/tutorial_objectstorage.py
[2025-01-08T12:24:33.998+0000] {logging_mixin.py:188} INFO - [2025-01-08T12:24:33.995+0000] {dag.py:3036} INFO - Sync 1 DAGs
[2025-01-08T12:24:34.021+0000] {logging_mixin.py:188} INFO - [2025-01-08T12:24:34.020+0000] {dag.py:3823} INFO - Setting next_dagrun for tutorial_objectstorage to None, run_after=None
[2025-01-08T12:24:34.054+0000] {processor.py:183} INFO - Processing /home/airflow/.local/lib/python3.8/site-packages/airflow/example_dags/tutorial_objectstorage.py took 0.136 seconds
[2025-01-08T12:25:04.166+0000] {processor.py:161} INFO - Started process (PID=1557) to work on /home/airflow/.local/lib/python3.8/site-packages/airflow/example_dags/tutorial_objectstorage.py
[2025-01-08T12:25:04.168+0000] {processor.py:830} INFO - Processing file /home/airflow/.local/lib/python3.8/site-packages/airflow/example_dags/tutorial_objectstorage.py for tasks to queue
[2025-01-08T12:25:04.171+0000] {logging_mixin.py:188} INFO - [2025-01-08T12:25:04.171+0000] {dagbag.py:538} INFO - Filling up the DagBag from /home/airflow/.local/lib/python3.8/site-packages/airflow/example_dags/tutorial_objectstorage.py
[2025-01-08T12:25:04.182+0000] {processor.py:840} INFO - DAG(s) 'tutorial_objectstorage' retrieved from /home/airflow/.local/lib/python3.8/site-packages/airflow/example_dags/tutorial_objectstorage.py
[2025-01-08T12:25:04.216+0000] {logging_mixin.py:188} INFO - [2025-01-08T12:25:04.216+0000] {dag.py:3036} INFO - Sync 1 DAGs
[2025-01-08T12:25:04.253+0000] {logging_mixin.py:188} INFO - [2025-01-08T12:25:04.252+0000] {dag.py:3823} INFO - Setting next_dagrun for tutorial_objectstorage to None, run_after=None
[2025-01-08T12:25:04.294+0000] {processor.py:183} INFO - Processing /home/airflow/.local/lib/python3.8/site-packages/airflow/example_dags/tutorial_objectstorage.py took 0.135 seconds
[2025-01-08T12:25:35.187+0000] {processor.py:161} INFO - Started process (PID=1615) to work on /home/airflow/.local/lib/python3.8/site-packages/airflow/example_dags/tutorial_objectstorage.py
[2025-01-08T12:25:35.189+0000] {processor.py:830} INFO - Processing file /home/airflow/.local/lib/python3.8/site-packages/airflow/example_dags/tutorial_objectstorage.py for tasks to queue
[2025-01-08T12:25:35.194+0000] {logging_mixin.py:188} INFO - [2025-01-08T12:25:35.193+0000] {dagbag.py:538} INFO - Filling up the DagBag from /home/airflow/.local/lib/python3.8/site-packages/airflow/example_dags/tutorial_objectstorage.py
[2025-01-08T12:25:35.213+0000] {processor.py:840} INFO - DAG(s) 'tutorial_objectstorage' retrieved from /home/airflow/.local/lib/python3.8/site-packages/airflow/example_dags/tutorial_objectstorage.py
[2025-01-08T12:25:35.256+0000] {logging_mixin.py:188} INFO - [2025-01-08T12:25:35.255+0000] {dag.py:3036} INFO - Sync 1 DAGs
[2025-01-08T12:25:35.284+0000] {logging_mixin.py:188} INFO - [2025-01-08T12:25:35.284+0000] {dag.py:3823} INFO - Setting next_dagrun for tutorial_objectstorage to None, run_after=None
[2025-01-08T12:25:35.326+0000] {processor.py:183} INFO - Processing /home/airflow/.local/lib/python3.8/site-packages/airflow/example_dags/tutorial_objectstorage.py took 0.147 seconds
[2025-01-08T12:26:06.277+0000] {processor.py:161} INFO - Started process (PID=1673) to work on /home/airflow/.local/lib/python3.8/site-packages/airflow/example_dags/tutorial_objectstorage.py
[2025-01-08T12:26:06.280+0000] {processor.py:830} INFO - Processing file /home/airflow/.local/lib/python3.8/site-packages/airflow/example_dags/tutorial_objectstorage.py for tasks to queue
[2025-01-08T12:26:06.288+0000] {logging_mixin.py:188} INFO - [2025-01-08T12:26:06.285+0000] {dagbag.py:538} INFO - Filling up the DagBag from /home/airflow/.local/lib/python3.8/site-packages/airflow/example_dags/tutorial_objectstorage.py
[2025-01-08T12:26:06.302+0000] {processor.py:840} INFO - DAG(s) 'tutorial_objectstorage' retrieved from /home/airflow/.local/lib/python3.8/site-packages/airflow/example_dags/tutorial_objectstorage.py
[2025-01-08T12:26:06.340+0000] {logging_mixin.py:188} INFO - [2025-01-08T12:26:06.340+0000] {dag.py:3036} INFO - Sync 1 DAGs
[2025-01-08T12:26:06.365+0000] {logging_mixin.py:188} INFO - [2025-01-08T12:26:06.365+0000] {dag.py:3823} INFO - Setting next_dagrun for tutorial_objectstorage to None, run_after=None
[2025-01-08T12:26:06.404+0000] {processor.py:183} INFO - Processing /home/airflow/.local/lib/python3.8/site-packages/airflow/example_dags/tutorial_objectstorage.py took 0.133 seconds
[2025-01-08T12:26:39.512+0000] {processor.py:161} INFO - Started process (PID=1734) to work on /home/airflow/.local/lib/python3.8/site-packages/airflow/example_dags/tutorial_objectstorage.py
[2025-01-08T12:26:39.515+0000] {processor.py:830} INFO - Processing file /home/airflow/.local/lib/python3.8/site-packages/airflow/example_dags/tutorial_objectstorage.py for tasks to queue
[2025-01-08T12:26:39.527+0000] {logging_mixin.py:188} INFO - [2025-01-08T12:26:39.520+0000] {dagbag.py:538} INFO - Filling up the DagBag from /home/airflow/.local/lib/python3.8/site-packages/airflow/example_dags/tutorial_objectstorage.py
[2025-01-08T12:26:39.554+0000] {processor.py:840} INFO - DAG(s) 'tutorial_objectstorage' retrieved from /home/airflow/.local/lib/python3.8/site-packages/airflow/example_dags/tutorial_objectstorage.py
[2025-01-08T12:26:39.638+0000] {logging_mixin.py:188} INFO - [2025-01-08T12:26:39.638+0000] {dag.py:3036} INFO - Sync 1 DAGs
[2025-01-08T12:26:39.677+0000] {logging_mixin.py:188} INFO - [2025-01-08T12:26:39.677+0000] {dag.py:3823} INFO - Setting next_dagrun for tutorial_objectstorage to None, run_after=None
[2025-01-08T12:26:39.739+0000] {processor.py:183} INFO - Processing /home/airflow/.local/lib/python3.8/site-packages/airflow/example_dags/tutorial_objectstorage.py took 0.240 seconds
[2025-01-08T12:27:09.992+0000] {processor.py:161} INFO - Started process (PID=1791) to work on /home/airflow/.local/lib/python3.8/site-packages/airflow/example_dags/tutorial_objectstorage.py
[2025-01-08T12:27:10.009+0000] {processor.py:830} INFO - Processing file /home/airflow/.local/lib/python3.8/site-packages/airflow/example_dags/tutorial_objectstorage.py for tasks to queue
[2025-01-08T12:27:10.016+0000] {logging_mixin.py:188} INFO - [2025-01-08T12:27:10.016+0000] {dagbag.py:538} INFO - Filling up the DagBag from /home/airflow/.local/lib/python3.8/site-packages/airflow/example_dags/tutorial_objectstorage.py
[2025-01-08T12:27:10.058+0000] {processor.py:840} INFO - DAG(s) 'tutorial_objectstorage' retrieved from /home/airflow/.local/lib/python3.8/site-packages/airflow/example_dags/tutorial_objectstorage.py
[2025-01-08T12:27:10.111+0000] {logging_mixin.py:188} INFO - [2025-01-08T12:27:10.111+0000] {dag.py:3036} INFO - Sync 1 DAGs
[2025-01-08T12:27:10.137+0000] {logging_mixin.py:188} INFO - [2025-01-08T12:27:10.136+0000] {dag.py:3823} INFO - Setting next_dagrun for tutorial_objectstorage to None, run_after=None
[2025-01-08T12:27:10.206+0000] {processor.py:183} INFO - Processing /home/airflow/.local/lib/python3.8/site-packages/airflow/example_dags/tutorial_objectstorage.py took 0.227 seconds
[2025-01-08T12:27:40.989+0000] {processor.py:161} INFO - Started process (PID=1850) to work on /home/airflow/.local/lib/python3.8/site-packages/airflow/example_dags/tutorial_objectstorage.py
[2025-01-08T12:27:40.996+0000] {processor.py:830} INFO - Processing file /home/airflow/.local/lib/python3.8/site-packages/airflow/example_dags/tutorial_objectstorage.py for tasks to queue
[2025-01-08T12:27:41.003+0000] {logging_mixin.py:188} INFO - [2025-01-08T12:27:41.002+0000] {dagbag.py:538} INFO - Filling up the DagBag from /home/airflow/.local/lib/python3.8/site-packages/airflow/example_dags/tutorial_objectstorage.py
[2025-01-08T12:27:41.025+0000] {processor.py:840} INFO - DAG(s) 'tutorial_objectstorage' retrieved from /home/airflow/.local/lib/python3.8/site-packages/airflow/example_dags/tutorial_objectstorage.py
[2025-01-08T12:27:41.074+0000] {logging_mixin.py:188} INFO - [2025-01-08T12:27:41.074+0000] {dag.py:3036} INFO - Sync 1 DAGs
[2025-01-08T12:27:41.105+0000] {logging_mixin.py:188} INFO - [2025-01-08T12:27:41.105+0000] {dag.py:3823} INFO - Setting next_dagrun for tutorial_objectstorage to None, run_after=None
[2025-01-08T12:27:41.226+0000] {processor.py:183} INFO - Processing /home/airflow/.local/lib/python3.8/site-packages/airflow/example_dags/tutorial_objectstorage.py took 0.255 seconds
[2025-01-08T12:28:12.045+0000] {processor.py:161} INFO - Started process (PID=1912) to work on /home/airflow/.local/lib/python3.8/site-packages/airflow/example_dags/tutorial_objectstorage.py
[2025-01-08T12:28:12.054+0000] {processor.py:830} INFO - Processing file /home/airflow/.local/lib/python3.8/site-packages/airflow/example_dags/tutorial_objectstorage.py for tasks to queue
[2025-01-08T12:28:12.064+0000] {logging_mixin.py:188} INFO - [2025-01-08T12:28:12.062+0000] {dagbag.py:538} INFO - Filling up the DagBag from /home/airflow/.local/lib/python3.8/site-packages/airflow/example_dags/tutorial_objectstorage.py
[2025-01-08T12:28:12.116+0000] {processor.py:840} INFO - DAG(s) 'tutorial_objectstorage' retrieved from /home/airflow/.local/lib/python3.8/site-packages/airflow/example_dags/tutorial_objectstorage.py
[2025-01-08T12:28:12.177+0000] {logging_mixin.py:188} INFO - [2025-01-08T12:28:12.176+0000] {dag.py:3036} INFO - Sync 1 DAGs
[2025-01-08T12:28:12.217+0000] {logging_mixin.py:188} INFO - [2025-01-08T12:28:12.216+0000] {dag.py:3823} INFO - Setting next_dagrun for tutorial_objectstorage to None, run_after=None
[2025-01-08T12:28:12.289+0000] {processor.py:183} INFO - Processing /home/airflow/.local/lib/python3.8/site-packages/airflow/example_dags/tutorial_objectstorage.py took 0.301 seconds
[2025-01-08T12:28:42.983+0000] {processor.py:161} INFO - Started process (PID=1971) to work on /home/airflow/.local/lib/python3.8/site-packages/airflow/example_dags/tutorial_objectstorage.py
[2025-01-08T12:28:42.995+0000] {processor.py:830} INFO - Processing file /home/airflow/.local/lib/python3.8/site-packages/airflow/example_dags/tutorial_objectstorage.py for tasks to queue
[2025-01-08T12:28:43.003+0000] {logging_mixin.py:188} INFO - [2025-01-08T12:28:43.002+0000] {dagbag.py:538} INFO - Filling up the DagBag from /home/airflow/.local/lib/python3.8/site-packages/airflow/example_dags/tutorial_objectstorage.py
[2025-01-08T12:28:43.041+0000] {processor.py:840} INFO - DAG(s) 'tutorial_objectstorage' retrieved from /home/airflow/.local/lib/python3.8/site-packages/airflow/example_dags/tutorial_objectstorage.py
[2025-01-08T12:28:43.141+0000] {logging_mixin.py:188} INFO - [2025-01-08T12:28:43.141+0000] {dag.py:3036} INFO - Sync 1 DAGs
[2025-01-08T12:28:43.198+0000] {logging_mixin.py:188} INFO - [2025-01-08T12:28:43.197+0000] {dag.py:3823} INFO - Setting next_dagrun for tutorial_objectstorage to None, run_after=None
[2025-01-08T12:28:43.248+0000] {processor.py:183} INFO - Processing /home/airflow/.local/lib/python3.8/site-packages/airflow/example_dags/tutorial_objectstorage.py took 0.275 seconds
[2025-01-08T12:29:13.634+0000] {processor.py:161} INFO - Started process (PID=2029) to work on /home/airflow/.local/lib/python3.8/site-packages/airflow/example_dags/tutorial_objectstorage.py
[2025-01-08T12:29:13.636+0000] {processor.py:830} INFO - Processing file /home/airflow/.local/lib/python3.8/site-packages/airflow/example_dags/tutorial_objectstorage.py for tasks to queue
[2025-01-08T12:29:13.638+0000] {logging_mixin.py:188} INFO - [2025-01-08T12:29:13.638+0000] {dagbag.py:538} INFO - Filling up the DagBag from /home/airflow/.local/lib/python3.8/site-packages/airflow/example_dags/tutorial_objectstorage.py
[2025-01-08T12:29:13.651+0000] {processor.py:840} INFO - DAG(s) 'tutorial_objectstorage' retrieved from /home/airflow/.local/lib/python3.8/site-packages/airflow/example_dags/tutorial_objectstorage.py
[2025-01-08T12:29:13.689+0000] {logging_mixin.py:188} INFO - [2025-01-08T12:29:13.689+0000] {dag.py:3036} INFO - Sync 1 DAGs
[2025-01-08T12:29:13.715+0000] {logging_mixin.py:188} INFO - [2025-01-08T12:29:13.715+0000] {dag.py:3823} INFO - Setting next_dagrun for tutorial_objectstorage to None, run_after=None
[2025-01-08T12:29:13.750+0000] {processor.py:183} INFO - Processing /home/airflow/.local/lib/python3.8/site-packages/airflow/example_dags/tutorial_objectstorage.py took 0.126 seconds
[2025-01-08T12:29:44.465+0000] {processor.py:161} INFO - Started process (PID=2084) to work on /home/airflow/.local/lib/python3.8/site-packages/airflow/example_dags/tutorial_objectstorage.py
[2025-01-08T12:29:44.467+0000] {processor.py:830} INFO - Processing file /home/airflow/.local/lib/python3.8/site-packages/airflow/example_dags/tutorial_objectstorage.py for tasks to queue
[2025-01-08T12:29:44.469+0000] {logging_mixin.py:188} INFO - [2025-01-08T12:29:44.469+0000] {dagbag.py:538} INFO - Filling up the DagBag from /home/airflow/.local/lib/python3.8/site-packages/airflow/example_dags/tutorial_objectstorage.py
[2025-01-08T12:29:44.478+0000] {processor.py:840} INFO - DAG(s) 'tutorial_objectstorage' retrieved from /home/airflow/.local/lib/python3.8/site-packages/airflow/example_dags/tutorial_objectstorage.py
[2025-01-08T12:29:44.505+0000] {logging_mixin.py:188} INFO - [2025-01-08T12:29:44.504+0000] {dag.py:3036} INFO - Sync 1 DAGs
[2025-01-08T12:29:44.693+0000] {logging_mixin.py:188} INFO - [2025-01-08T12:29:44.693+0000] {dag.py:3823} INFO - Setting next_dagrun for tutorial_objectstorage to None, run_after=None
[2025-01-08T12:29:44.731+0000] {processor.py:183} INFO - Processing /home/airflow/.local/lib/python3.8/site-packages/airflow/example_dags/tutorial_objectstorage.py took 0.270 seconds
[2025-01-08T12:30:15.247+0000] {processor.py:161} INFO - Started process (PID=2142) to work on /home/airflow/.local/lib/python3.8/site-packages/airflow/example_dags/tutorial_objectstorage.py
[2025-01-08T12:30:15.249+0000] {processor.py:830} INFO - Processing file /home/airflow/.local/lib/python3.8/site-packages/airflow/example_dags/tutorial_objectstorage.py for tasks to queue
[2025-01-08T12:30:15.251+0000] {logging_mixin.py:188} INFO - [2025-01-08T12:30:15.251+0000] {dagbag.py:538} INFO - Filling up the DagBag from /home/airflow/.local/lib/python3.8/site-packages/airflow/example_dags/tutorial_objectstorage.py
[2025-01-08T12:30:15.261+0000] {processor.py:840} INFO - DAG(s) 'tutorial_objectstorage' retrieved from /home/airflow/.local/lib/python3.8/site-packages/airflow/example_dags/tutorial_objectstorage.py
[2025-01-08T12:30:15.291+0000] {logging_mixin.py:188} INFO - [2025-01-08T12:30:15.290+0000] {dag.py:3036} INFO - Sync 1 DAGs
[2025-01-08T12:30:15.310+0000] {logging_mixin.py:188} INFO - [2025-01-08T12:30:15.309+0000] {dag.py:3823} INFO - Setting next_dagrun for tutorial_objectstorage to None, run_after=None
[2025-01-08T12:30:15.500+0000] {processor.py:183} INFO - Processing /home/airflow/.local/lib/python3.8/site-packages/airflow/example_dags/tutorial_objectstorage.py took 0.260 seconds
[2025-01-08T12:30:45.887+0000] {processor.py:161} INFO - Started process (PID=2201) to work on /home/airflow/.local/lib/python3.8/site-packages/airflow/example_dags/tutorial_objectstorage.py
[2025-01-08T12:30:45.889+0000] {processor.py:830} INFO - Processing file /home/airflow/.local/lib/python3.8/site-packages/airflow/example_dags/tutorial_objectstorage.py for tasks to queue
[2025-01-08T12:30:45.892+0000] {logging_mixin.py:188} INFO - [2025-01-08T12:30:45.892+0000] {dagbag.py:538} INFO - Filling up the DagBag from /home/airflow/.local/lib/python3.8/site-packages/airflow/example_dags/tutorial_objectstorage.py
[2025-01-08T12:30:45.905+0000] {processor.py:840} INFO - DAG(s) 'tutorial_objectstorage' retrieved from /home/airflow/.local/lib/python3.8/site-packages/airflow/example_dags/tutorial_objectstorage.py
[2025-01-08T12:30:45.940+0000] {logging_mixin.py:188} INFO - [2025-01-08T12:30:45.939+0000] {dag.py:3036} INFO - Sync 1 DAGs
[2025-01-08T12:30:45.963+0000] {logging_mixin.py:188} INFO - [2025-01-08T12:30:45.962+0000] {dag.py:3823} INFO - Setting next_dagrun for tutorial_objectstorage to None, run_after=None
[2025-01-08T12:30:46.236+0000] {processor.py:183} INFO - Processing /home/airflow/.local/lib/python3.8/site-packages/airflow/example_dags/tutorial_objectstorage.py took 0.355 seconds
[2025-01-08T12:31:17.060+0000] {processor.py:161} INFO - Started process (PID=2259) to work on /home/airflow/.local/lib/python3.8/site-packages/airflow/example_dags/tutorial_objectstorage.py
[2025-01-08T12:31:17.063+0000] {processor.py:830} INFO - Processing file /home/airflow/.local/lib/python3.8/site-packages/airflow/example_dags/tutorial_objectstorage.py for tasks to queue
[2025-01-08T12:31:17.068+0000] {logging_mixin.py:188} INFO - [2025-01-08T12:31:17.068+0000] {dagbag.py:538} INFO - Filling up the DagBag from /home/airflow/.local/lib/python3.8/site-packages/airflow/example_dags/tutorial_objectstorage.py
[2025-01-08T12:31:17.091+0000] {processor.py:840} INFO - DAG(s) 'tutorial_objectstorage' retrieved from /home/airflow/.local/lib/python3.8/site-packages/airflow/example_dags/tutorial_objectstorage.py
[2025-01-08T12:31:17.156+0000] {logging_mixin.py:188} INFO - [2025-01-08T12:31:17.156+0000] {dag.py:3036} INFO - Sync 1 DAGs
[2025-01-08T12:31:17.211+0000] {logging_mixin.py:188} INFO - [2025-01-08T12:31:17.210+0000] {dag.py:3823} INFO - Setting next_dagrun for tutorial_objectstorage to None, run_after=None
[2025-01-08T12:31:17.327+0000] {processor.py:183} INFO - Processing /home/airflow/.local/lib/python3.8/site-packages/airflow/example_dags/tutorial_objectstorage.py took 0.277 seconds
[2025-01-08T12:31:47.607+0000] {processor.py:161} INFO - Started process (PID=2316) to work on /home/airflow/.local/lib/python3.8/site-packages/airflow/example_dags/tutorial_objectstorage.py
[2025-01-08T12:31:47.608+0000] {processor.py:830} INFO - Processing file /home/airflow/.local/lib/python3.8/site-packages/airflow/example_dags/tutorial_objectstorage.py for tasks to queue
[2025-01-08T12:31:47.612+0000] {logging_mixin.py:188} INFO - [2025-01-08T12:31:47.611+0000] {dagbag.py:538} INFO - Filling up the DagBag from /home/airflow/.local/lib/python3.8/site-packages/airflow/example_dags/tutorial_objectstorage.py
[2025-01-08T12:31:47.624+0000] {processor.py:840} INFO - DAG(s) 'tutorial_objectstorage' retrieved from /home/airflow/.local/lib/python3.8/site-packages/airflow/example_dags/tutorial_objectstorage.py
[2025-01-08T12:31:47.662+0000] {logging_mixin.py:188} INFO - [2025-01-08T12:31:47.662+0000] {dag.py:3036} INFO - Sync 1 DAGs
[2025-01-08T12:31:47.691+0000] {logging_mixin.py:188} INFO - [2025-01-08T12:31:47.691+0000] {dag.py:3823} INFO - Setting next_dagrun for tutorial_objectstorage to None, run_after=None
[2025-01-08T12:31:47.735+0000] {processor.py:183} INFO - Processing /home/airflow/.local/lib/python3.8/site-packages/airflow/example_dags/tutorial_objectstorage.py took 0.134 seconds
[2025-01-08T12:32:18.002+0000] {processor.py:161} INFO - Started process (PID=2375) to work on /home/airflow/.local/lib/python3.8/site-packages/airflow/example_dags/tutorial_objectstorage.py
[2025-01-08T12:32:18.008+0000] {processor.py:830} INFO - Processing file /home/airflow/.local/lib/python3.8/site-packages/airflow/example_dags/tutorial_objectstorage.py for tasks to queue
[2025-01-08T12:32:18.020+0000] {logging_mixin.py:188} INFO - [2025-01-08T12:32:18.018+0000] {dagbag.py:538} INFO - Filling up the DagBag from /home/airflow/.local/lib/python3.8/site-packages/airflow/example_dags/tutorial_objectstorage.py
[2025-01-08T12:32:18.082+0000] {processor.py:840} INFO - DAG(s) 'tutorial_objectstorage' retrieved from /home/airflow/.local/lib/python3.8/site-packages/airflow/example_dags/tutorial_objectstorage.py
[2025-01-08T12:32:18.184+0000] {logging_mixin.py:188} INFO - [2025-01-08T12:32:18.184+0000] {dag.py:3036} INFO - Sync 1 DAGs
[2025-01-08T12:32:18.211+0000] {logging_mixin.py:188} INFO - [2025-01-08T12:32:18.211+0000] {dag.py:3823} INFO - Setting next_dagrun for tutorial_objectstorage to None, run_after=None
[2025-01-08T12:32:18.252+0000] {processor.py:183} INFO - Processing /home/airflow/.local/lib/python3.8/site-packages/airflow/example_dags/tutorial_objectstorage.py took 0.274 seconds
[2025-01-08T12:32:48.882+0000] {processor.py:161} INFO - Started process (PID=2440) to work on /home/airflow/.local/lib/python3.8/site-packages/airflow/example_dags/tutorial_objectstorage.py
[2025-01-08T12:32:48.889+0000] {processor.py:830} INFO - Processing file /home/airflow/.local/lib/python3.8/site-packages/airflow/example_dags/tutorial_objectstorage.py for tasks to queue
[2025-01-08T12:32:48.898+0000] {logging_mixin.py:188} INFO - [2025-01-08T12:32:48.896+0000] {dagbag.py:538} INFO - Filling up the DagBag from /home/airflow/.local/lib/python3.8/site-packages/airflow/example_dags/tutorial_objectstorage.py
[2025-01-08T12:32:48.950+0000] {processor.py:840} INFO - DAG(s) 'tutorial_objectstorage' retrieved from /home/airflow/.local/lib/python3.8/site-packages/airflow/example_dags/tutorial_objectstorage.py
[2025-01-08T12:32:49.016+0000] {logging_mixin.py:188} INFO - [2025-01-08T12:32:49.015+0000] {dag.py:3036} INFO - Sync 1 DAGs
[2025-01-08T12:32:49.045+0000] {logging_mixin.py:188} INFO - [2025-01-08T12:32:49.044+0000] {dag.py:3823} INFO - Setting next_dagrun for tutorial_objectstorage to None, run_after=None
[2025-01-08T12:32:49.076+0000] {processor.py:183} INFO - Processing /home/airflow/.local/lib/python3.8/site-packages/airflow/example_dags/tutorial_objectstorage.py took 0.216 seconds
[2025-01-08T12:33:19.699+0000] {processor.py:161} INFO - Started process (PID=2499) to work on /home/airflow/.local/lib/python3.8/site-packages/airflow/example_dags/tutorial_objectstorage.py
[2025-01-08T12:33:19.701+0000] {processor.py:830} INFO - Processing file /home/airflow/.local/lib/python3.8/site-packages/airflow/example_dags/tutorial_objectstorage.py for tasks to queue
[2025-01-08T12:33:19.707+0000] {logging_mixin.py:188} INFO - [2025-01-08T12:33:19.707+0000] {dagbag.py:538} INFO - Filling up the DagBag from /home/airflow/.local/lib/python3.8/site-packages/airflow/example_dags/tutorial_objectstorage.py
[2025-01-08T12:33:19.721+0000] {processor.py:840} INFO - DAG(s) 'tutorial_objectstorage' retrieved from /home/airflow/.local/lib/python3.8/site-packages/airflow/example_dags/tutorial_objectstorage.py
[2025-01-08T12:33:19.767+0000] {logging_mixin.py:188} INFO - [2025-01-08T12:33:19.767+0000] {dag.py:3036} INFO - Sync 1 DAGs
[2025-01-08T12:33:19.797+0000] {logging_mixin.py:188} INFO - [2025-01-08T12:33:19.796+0000] {dag.py:3823} INFO - Setting next_dagrun for tutorial_objectstorage to None, run_after=None
[2025-01-08T12:33:19.833+0000] {processor.py:183} INFO - Processing /home/airflow/.local/lib/python3.8/site-packages/airflow/example_dags/tutorial_objectstorage.py took 0.143 seconds
