[2025-01-08T12:12:01.246+0000] {processor.py:161} INFO - Started process (PID=69) to work on /home/airflow/.local/lib/python3.8/site-packages/airflow/example_dags/tutorial_dag.py
[2025-01-08T12:12:01.248+0000] {processor.py:830} INFO - Processing file /home/airflow/.local/lib/python3.8/site-packages/airflow/example_dags/tutorial_dag.py for tasks to queue
[2025-01-08T12:12:01.251+0000] {logging_mixin.py:188} INFO - [2025-01-08T12:12:01.251+0000] {dagbag.py:538} INFO - Filling up the DagBag from /home/airflow/.local/lib/python3.8/site-packages/airflow/example_dags/tutorial_dag.py
[2025-01-08T12:12:01.262+0000] {processor.py:840} INFO - DAG(s) 'tutorial_dag' retrieved from /home/airflow/.local/lib/python3.8/site-packages/airflow/example_dags/tutorial_dag.py
[2025-01-08T12:12:01.465+0000] {logging_mixin.py:188} INFO - [2025-01-08T12:12:01.464+0000] {dag.py:3036} INFO - Sync 1 DAGs
[2025-01-08T12:12:01.502+0000] {logging_mixin.py:188} INFO - [2025-01-08T12:12:01.501+0000] {dag.py:3823} INFO - Setting next_dagrun for tutorial_dag to None, run_after=None
[2025-01-08T12:12:01.565+0000] {processor.py:183} INFO - Processing /home/airflow/.local/lib/python3.8/site-packages/airflow/example_dags/tutorial_dag.py took 0.324 seconds
[2025-01-08T12:12:31.670+0000] {processor.py:161} INFO - Started process (PID=126) to work on /home/airflow/.local/lib/python3.8/site-packages/airflow/example_dags/tutorial_dag.py
[2025-01-08T12:12:31.672+0000] {processor.py:830} INFO - Processing file /home/airflow/.local/lib/python3.8/site-packages/airflow/example_dags/tutorial_dag.py for tasks to queue
[2025-01-08T12:12:31.676+0000] {logging_mixin.py:188} INFO - [2025-01-08T12:12:31.676+0000] {dagbag.py:538} INFO - Filling up the DagBag from /home/airflow/.local/lib/python3.8/site-packages/airflow/example_dags/tutorial_dag.py
[2025-01-08T12:12:31.688+0000] {processor.py:840} INFO - DAG(s) 'tutorial_dag' retrieved from /home/airflow/.local/lib/python3.8/site-packages/airflow/example_dags/tutorial_dag.py
[2025-01-08T12:12:31.721+0000] {logging_mixin.py:188} INFO - [2025-01-08T12:12:31.721+0000] {dag.py:3036} INFO - Sync 1 DAGs
[2025-01-08T12:12:31.740+0000] {logging_mixin.py:188} INFO - [2025-01-08T12:12:31.739+0000] {dag.py:3823} INFO - Setting next_dagrun for tutorial_dag to None, run_after=None
[2025-01-08T12:12:31.770+0000] {processor.py:183} INFO - Processing /home/airflow/.local/lib/python3.8/site-packages/airflow/example_dags/tutorial_dag.py took 0.107 seconds
[2025-01-08T12:13:01.990+0000] {processor.py:161} INFO - Started process (PID=183) to work on /home/airflow/.local/lib/python3.8/site-packages/airflow/example_dags/tutorial_dag.py
[2025-01-08T12:13:01.992+0000] {processor.py:830} INFO - Processing file /home/airflow/.local/lib/python3.8/site-packages/airflow/example_dags/tutorial_dag.py for tasks to queue
[2025-01-08T12:13:02.002+0000] {logging_mixin.py:188} INFO - [2025-01-08T12:13:02.001+0000] {dagbag.py:538} INFO - Filling up the DagBag from /home/airflow/.local/lib/python3.8/site-packages/airflow/example_dags/tutorial_dag.py
[2025-01-08T12:13:02.017+0000] {processor.py:840} INFO - DAG(s) 'tutorial_dag' retrieved from /home/airflow/.local/lib/python3.8/site-packages/airflow/example_dags/tutorial_dag.py
[2025-01-08T12:13:02.066+0000] {logging_mixin.py:188} INFO - [2025-01-08T12:13:02.066+0000] {dag.py:3036} INFO - Sync 1 DAGs
[2025-01-08T12:13:02.096+0000] {logging_mixin.py:188} INFO - [2025-01-08T12:13:02.095+0000] {dag.py:3823} INFO - Setting next_dagrun for tutorial_dag to None, run_after=None
[2025-01-08T12:13:02.136+0000] {processor.py:183} INFO - Processing /home/airflow/.local/lib/python3.8/site-packages/airflow/example_dags/tutorial_dag.py took 0.159 seconds
[2025-01-08T12:13:32.247+0000] {processor.py:161} INFO - Started process (PID=240) to work on /home/airflow/.local/lib/python3.8/site-packages/airflow/example_dags/tutorial_dag.py
[2025-01-08T12:13:32.250+0000] {processor.py:830} INFO - Processing file /home/airflow/.local/lib/python3.8/site-packages/airflow/example_dags/tutorial_dag.py for tasks to queue
[2025-01-08T12:13:32.255+0000] {logging_mixin.py:188} INFO - [2025-01-08T12:13:32.255+0000] {dagbag.py:538} INFO - Filling up the DagBag from /home/airflow/.local/lib/python3.8/site-packages/airflow/example_dags/tutorial_dag.py
[2025-01-08T12:13:32.264+0000] {processor.py:840} INFO - DAG(s) 'tutorial_dag' retrieved from /home/airflow/.local/lib/python3.8/site-packages/airflow/example_dags/tutorial_dag.py
[2025-01-08T12:13:32.300+0000] {logging_mixin.py:188} INFO - [2025-01-08T12:13:32.299+0000] {dag.py:3036} INFO - Sync 1 DAGs
[2025-01-08T12:13:32.324+0000] {logging_mixin.py:188} INFO - [2025-01-08T12:13:32.324+0000] {dag.py:3823} INFO - Setting next_dagrun for tutorial_dag to None, run_after=None
[2025-01-08T12:13:32.355+0000] {processor.py:183} INFO - Processing /home/airflow/.local/lib/python3.8/site-packages/airflow/example_dags/tutorial_dag.py took 0.114 seconds
[2025-01-08T12:14:03.322+0000] {processor.py:161} INFO - Started process (PID=297) to work on /home/airflow/.local/lib/python3.8/site-packages/airflow/example_dags/tutorial_dag.py
[2025-01-08T12:14:03.324+0000] {processor.py:830} INFO - Processing file /home/airflow/.local/lib/python3.8/site-packages/airflow/example_dags/tutorial_dag.py for tasks to queue
[2025-01-08T12:14:03.327+0000] {logging_mixin.py:188} INFO - [2025-01-08T12:14:03.326+0000] {dagbag.py:538} INFO - Filling up the DagBag from /home/airflow/.local/lib/python3.8/site-packages/airflow/example_dags/tutorial_dag.py
[2025-01-08T12:14:03.334+0000] {processor.py:840} INFO - DAG(s) 'tutorial_dag' retrieved from /home/airflow/.local/lib/python3.8/site-packages/airflow/example_dags/tutorial_dag.py
[2025-01-08T12:14:03.366+0000] {logging_mixin.py:188} INFO - [2025-01-08T12:14:03.366+0000] {dag.py:3036} INFO - Sync 1 DAGs
[2025-01-08T12:14:03.386+0000] {logging_mixin.py:188} INFO - [2025-01-08T12:14:03.386+0000] {dag.py:3823} INFO - Setting next_dagrun for tutorial_dag to None, run_after=None
[2025-01-08T12:14:03.420+0000] {processor.py:183} INFO - Processing /home/airflow/.local/lib/python3.8/site-packages/airflow/example_dags/tutorial_dag.py took 0.103 seconds
[2025-01-08T12:14:33.969+0000] {processor.py:161} INFO - Started process (PID=354) to work on /home/airflow/.local/lib/python3.8/site-packages/airflow/example_dags/tutorial_dag.py
[2025-01-08T12:14:33.972+0000] {processor.py:830} INFO - Processing file /home/airflow/.local/lib/python3.8/site-packages/airflow/example_dags/tutorial_dag.py for tasks to queue
[2025-01-08T12:14:33.975+0000] {logging_mixin.py:188} INFO - [2025-01-08T12:14:33.975+0000] {dagbag.py:538} INFO - Filling up the DagBag from /home/airflow/.local/lib/python3.8/site-packages/airflow/example_dags/tutorial_dag.py
[2025-01-08T12:14:33.987+0000] {processor.py:840} INFO - DAG(s) 'tutorial_dag' retrieved from /home/airflow/.local/lib/python3.8/site-packages/airflow/example_dags/tutorial_dag.py
[2025-01-08T12:14:34.032+0000] {logging_mixin.py:188} INFO - [2025-01-08T12:14:34.032+0000] {dag.py:3036} INFO - Sync 1 DAGs
[2025-01-08T12:14:34.059+0000] {logging_mixin.py:188} INFO - [2025-01-08T12:14:34.058+0000] {dag.py:3823} INFO - Setting next_dagrun for tutorial_dag to None, run_after=None
[2025-01-08T12:14:34.106+0000] {processor.py:183} INFO - Processing /home/airflow/.local/lib/python3.8/site-packages/airflow/example_dags/tutorial_dag.py took 0.146 seconds
[2025-01-08T12:15:04.852+0000] {processor.py:161} INFO - Started process (PID=411) to work on /home/airflow/.local/lib/python3.8/site-packages/airflow/example_dags/tutorial_dag.py
[2025-01-08T12:15:04.854+0000] {processor.py:830} INFO - Processing file /home/airflow/.local/lib/python3.8/site-packages/airflow/example_dags/tutorial_dag.py for tasks to queue
[2025-01-08T12:15:04.859+0000] {logging_mixin.py:188} INFO - [2025-01-08T12:15:04.858+0000] {dagbag.py:538} INFO - Filling up the DagBag from /home/airflow/.local/lib/python3.8/site-packages/airflow/example_dags/tutorial_dag.py
[2025-01-08T12:15:04.876+0000] {processor.py:840} INFO - DAG(s) 'tutorial_dag' retrieved from /home/airflow/.local/lib/python3.8/site-packages/airflow/example_dags/tutorial_dag.py
[2025-01-08T12:15:04.916+0000] {logging_mixin.py:188} INFO - [2025-01-08T12:15:04.916+0000] {dag.py:3036} INFO - Sync 1 DAGs
[2025-01-08T12:15:04.943+0000] {logging_mixin.py:188} INFO - [2025-01-08T12:15:04.942+0000] {dag.py:3823} INFO - Setting next_dagrun for tutorial_dag to None, run_after=None
[2025-01-08T12:15:05.014+0000] {processor.py:183} INFO - Processing /home/airflow/.local/lib/python3.8/site-packages/airflow/example_dags/tutorial_dag.py took 0.169 seconds
[2025-01-08T12:15:35.084+0000] {processor.py:161} INFO - Started process (PID=468) to work on /home/airflow/.local/lib/python3.8/site-packages/airflow/example_dags/tutorial_dag.py
[2025-01-08T12:15:35.085+0000] {processor.py:830} INFO - Processing file /home/airflow/.local/lib/python3.8/site-packages/airflow/example_dags/tutorial_dag.py for tasks to queue
[2025-01-08T12:15:35.089+0000] {logging_mixin.py:188} INFO - [2025-01-08T12:15:35.088+0000] {dagbag.py:538} INFO - Filling up the DagBag from /home/airflow/.local/lib/python3.8/site-packages/airflow/example_dags/tutorial_dag.py
[2025-01-08T12:15:35.098+0000] {processor.py:840} INFO - DAG(s) 'tutorial_dag' retrieved from /home/airflow/.local/lib/python3.8/site-packages/airflow/example_dags/tutorial_dag.py
[2025-01-08T12:15:35.150+0000] {logging_mixin.py:188} INFO - [2025-01-08T12:15:35.149+0000] {dag.py:3036} INFO - Sync 1 DAGs
[2025-01-08T12:15:35.181+0000] {logging_mixin.py:188} INFO - [2025-01-08T12:15:35.180+0000] {dag.py:3823} INFO - Setting next_dagrun for tutorial_dag to None, run_after=None
[2025-01-08T12:15:35.224+0000] {processor.py:183} INFO - Processing /home/airflow/.local/lib/python3.8/site-packages/airflow/example_dags/tutorial_dag.py took 0.146 seconds
[2025-01-08T12:16:05.837+0000] {processor.py:161} INFO - Started process (PID=525) to work on /home/airflow/.local/lib/python3.8/site-packages/airflow/example_dags/tutorial_dag.py
[2025-01-08T12:16:05.838+0000] {processor.py:830} INFO - Processing file /home/airflow/.local/lib/python3.8/site-packages/airflow/example_dags/tutorial_dag.py for tasks to queue
[2025-01-08T12:16:05.842+0000] {logging_mixin.py:188} INFO - [2025-01-08T12:16:05.841+0000] {dagbag.py:538} INFO - Filling up the DagBag from /home/airflow/.local/lib/python3.8/site-packages/airflow/example_dags/tutorial_dag.py
[2025-01-08T12:16:05.849+0000] {processor.py:840} INFO - DAG(s) 'tutorial_dag' retrieved from /home/airflow/.local/lib/python3.8/site-packages/airflow/example_dags/tutorial_dag.py
[2025-01-08T12:16:05.884+0000] {logging_mixin.py:188} INFO - [2025-01-08T12:16:05.883+0000] {dag.py:3036} INFO - Sync 1 DAGs
[2025-01-08T12:16:05.909+0000] {logging_mixin.py:188} INFO - [2025-01-08T12:16:05.909+0000] {dag.py:3823} INFO - Setting next_dagrun for tutorial_dag to None, run_after=None
[2025-01-08T12:16:05.942+0000] {processor.py:183} INFO - Processing /home/airflow/.local/lib/python3.8/site-packages/airflow/example_dags/tutorial_dag.py took 0.110 seconds
[2025-01-08T12:16:36.647+0000] {processor.py:161} INFO - Started process (PID=583) to work on /home/airflow/.local/lib/python3.8/site-packages/airflow/example_dags/tutorial_dag.py
[2025-01-08T12:16:36.649+0000] {processor.py:830} INFO - Processing file /home/airflow/.local/lib/python3.8/site-packages/airflow/example_dags/tutorial_dag.py for tasks to queue
[2025-01-08T12:16:36.651+0000] {logging_mixin.py:188} INFO - [2025-01-08T12:16:36.651+0000] {dagbag.py:538} INFO - Filling up the DagBag from /home/airflow/.local/lib/python3.8/site-packages/airflow/example_dags/tutorial_dag.py
[2025-01-08T12:16:36.659+0000] {processor.py:840} INFO - DAG(s) 'tutorial_dag' retrieved from /home/airflow/.local/lib/python3.8/site-packages/airflow/example_dags/tutorial_dag.py
[2025-01-08T12:16:36.689+0000] {logging_mixin.py:188} INFO - [2025-01-08T12:16:36.689+0000] {dag.py:3036} INFO - Sync 1 DAGs
[2025-01-08T12:16:36.711+0000] {logging_mixin.py:188} INFO - [2025-01-08T12:16:36.710+0000] {dag.py:3823} INFO - Setting next_dagrun for tutorial_dag to None, run_after=None
[2025-01-08T12:16:36.740+0000] {processor.py:183} INFO - Processing /home/airflow/.local/lib/python3.8/site-packages/airflow/example_dags/tutorial_dag.py took 0.098 seconds
[2025-01-08T12:17:07.403+0000] {processor.py:161} INFO - Started process (PID=642) to work on /home/airflow/.local/lib/python3.8/site-packages/airflow/example_dags/tutorial_dag.py
[2025-01-08T12:17:07.414+0000] {processor.py:830} INFO - Processing file /home/airflow/.local/lib/python3.8/site-packages/airflow/example_dags/tutorial_dag.py for tasks to queue
[2025-01-08T12:17:07.420+0000] {logging_mixin.py:188} INFO - [2025-01-08T12:17:07.419+0000] {dagbag.py:538} INFO - Filling up the DagBag from /home/airflow/.local/lib/python3.8/site-packages/airflow/example_dags/tutorial_dag.py
[2025-01-08T12:17:07.432+0000] {processor.py:840} INFO - DAG(s) 'tutorial_dag' retrieved from /home/airflow/.local/lib/python3.8/site-packages/airflow/example_dags/tutorial_dag.py
[2025-01-08T12:17:07.491+0000] {logging_mixin.py:188} INFO - [2025-01-08T12:17:07.490+0000] {dag.py:3036} INFO - Sync 1 DAGs
[2025-01-08T12:17:07.526+0000] {logging_mixin.py:188} INFO - [2025-01-08T12:17:07.524+0000] {dag.py:3823} INFO - Setting next_dagrun for tutorial_dag to None, run_after=None
[2025-01-08T12:17:07.604+0000] {processor.py:183} INFO - Processing /home/airflow/.local/lib/python3.8/site-packages/airflow/example_dags/tutorial_dag.py took 0.208 seconds
[2025-01-08T12:17:37.901+0000] {processor.py:161} INFO - Started process (PID=701) to work on /home/airflow/.local/lib/python3.8/site-packages/airflow/example_dags/tutorial_dag.py
[2025-01-08T12:17:37.904+0000] {processor.py:830} INFO - Processing file /home/airflow/.local/lib/python3.8/site-packages/airflow/example_dags/tutorial_dag.py for tasks to queue
[2025-01-08T12:17:37.914+0000] {logging_mixin.py:188} INFO - [2025-01-08T12:17:37.913+0000] {dagbag.py:538} INFO - Filling up the DagBag from /home/airflow/.local/lib/python3.8/site-packages/airflow/example_dags/tutorial_dag.py
[2025-01-08T12:17:37.939+0000] {processor.py:840} INFO - DAG(s) 'tutorial_dag' retrieved from /home/airflow/.local/lib/python3.8/site-packages/airflow/example_dags/tutorial_dag.py
[2025-01-08T12:17:38.012+0000] {logging_mixin.py:188} INFO - [2025-01-08T12:17:38.011+0000] {dag.py:3036} INFO - Sync 1 DAGs
[2025-01-08T12:17:38.065+0000] {logging_mixin.py:188} INFO - [2025-01-08T12:17:38.065+0000] {dag.py:3823} INFO - Setting next_dagrun for tutorial_dag to None, run_after=None
[2025-01-08T12:17:38.133+0000] {processor.py:183} INFO - Processing /home/airflow/.local/lib/python3.8/site-packages/airflow/example_dags/tutorial_dag.py took 0.246 seconds
[2025-01-08T12:18:08.273+0000] {processor.py:161} INFO - Started process (PID=760) to work on /home/airflow/.local/lib/python3.8/site-packages/airflow/example_dags/tutorial_dag.py
[2025-01-08T12:18:08.274+0000] {processor.py:830} INFO - Processing file /home/airflow/.local/lib/python3.8/site-packages/airflow/example_dags/tutorial_dag.py for tasks to queue
[2025-01-08T12:18:08.277+0000] {logging_mixin.py:188} INFO - [2025-01-08T12:18:08.277+0000] {dagbag.py:538} INFO - Filling up the DagBag from /home/airflow/.local/lib/python3.8/site-packages/airflow/example_dags/tutorial_dag.py
[2025-01-08T12:18:08.286+0000] {processor.py:840} INFO - DAG(s) 'tutorial_dag' retrieved from /home/airflow/.local/lib/python3.8/site-packages/airflow/example_dags/tutorial_dag.py
[2025-01-08T12:18:08.316+0000] {logging_mixin.py:188} INFO - [2025-01-08T12:18:08.316+0000] {dag.py:3036} INFO - Sync 1 DAGs
[2025-01-08T12:18:08.338+0000] {logging_mixin.py:188} INFO - [2025-01-08T12:18:08.338+0000] {dag.py:3823} INFO - Setting next_dagrun for tutorial_dag to None, run_after=None
[2025-01-08T12:18:08.369+0000] {processor.py:183} INFO - Processing /home/airflow/.local/lib/python3.8/site-packages/airflow/example_dags/tutorial_dag.py took 0.101 seconds
[2025-01-08T12:18:39.118+0000] {processor.py:161} INFO - Started process (PID=819) to work on /home/airflow/.local/lib/python3.8/site-packages/airflow/example_dags/tutorial_dag.py
[2025-01-08T12:18:39.120+0000] {processor.py:830} INFO - Processing file /home/airflow/.local/lib/python3.8/site-packages/airflow/example_dags/tutorial_dag.py for tasks to queue
[2025-01-08T12:18:39.123+0000] {logging_mixin.py:188} INFO - [2025-01-08T12:18:39.122+0000] {dagbag.py:538} INFO - Filling up the DagBag from /home/airflow/.local/lib/python3.8/site-packages/airflow/example_dags/tutorial_dag.py
[2025-01-08T12:18:39.132+0000] {processor.py:840} INFO - DAG(s) 'tutorial_dag' retrieved from /home/airflow/.local/lib/python3.8/site-packages/airflow/example_dags/tutorial_dag.py
[2025-01-08T12:18:39.164+0000] {logging_mixin.py:188} INFO - [2025-01-08T12:18:39.164+0000] {dag.py:3036} INFO - Sync 1 DAGs
[2025-01-08T12:18:39.187+0000] {logging_mixin.py:188} INFO - [2025-01-08T12:18:39.187+0000] {dag.py:3823} INFO - Setting next_dagrun for tutorial_dag to None, run_after=None
[2025-01-08T12:18:39.217+0000] {processor.py:183} INFO - Processing /home/airflow/.local/lib/python3.8/site-packages/airflow/example_dags/tutorial_dag.py took 0.105 seconds
[2025-01-08T12:19:10.223+0000] {processor.py:161} INFO - Started process (PID=879) to work on /home/airflow/.local/lib/python3.8/site-packages/airflow/example_dags/tutorial_dag.py
[2025-01-08T12:19:10.225+0000] {processor.py:830} INFO - Processing file /home/airflow/.local/lib/python3.8/site-packages/airflow/example_dags/tutorial_dag.py for tasks to queue
[2025-01-08T12:19:10.228+0000] {logging_mixin.py:188} INFO - [2025-01-08T12:19:10.228+0000] {dagbag.py:538} INFO - Filling up the DagBag from /home/airflow/.local/lib/python3.8/site-packages/airflow/example_dags/tutorial_dag.py
[2025-01-08T12:19:10.242+0000] {processor.py:840} INFO - DAG(s) 'tutorial_dag' retrieved from /home/airflow/.local/lib/python3.8/site-packages/airflow/example_dags/tutorial_dag.py
[2025-01-08T12:19:10.317+0000] {logging_mixin.py:188} INFO - [2025-01-08T12:19:10.317+0000] {dag.py:3036} INFO - Sync 1 DAGs
[2025-01-08T12:19:10.357+0000] {logging_mixin.py:188} INFO - [2025-01-08T12:19:10.357+0000] {dag.py:3823} INFO - Setting next_dagrun for tutorial_dag to None, run_after=None
[2025-01-08T12:19:10.397+0000] {processor.py:183} INFO - Processing /home/airflow/.local/lib/python3.8/site-packages/airflow/example_dags/tutorial_dag.py took 0.182 seconds
[2025-01-08T12:19:40.684+0000] {processor.py:161} INFO - Started process (PID=938) to work on /home/airflow/.local/lib/python3.8/site-packages/airflow/example_dags/tutorial_dag.py
[2025-01-08T12:19:40.686+0000] {processor.py:830} INFO - Processing file /home/airflow/.local/lib/python3.8/site-packages/airflow/example_dags/tutorial_dag.py for tasks to queue
[2025-01-08T12:19:40.688+0000] {logging_mixin.py:188} INFO - [2025-01-08T12:19:40.688+0000] {dagbag.py:538} INFO - Filling up the DagBag from /home/airflow/.local/lib/python3.8/site-packages/airflow/example_dags/tutorial_dag.py
[2025-01-08T12:19:40.698+0000] {processor.py:840} INFO - DAG(s) 'tutorial_dag' retrieved from /home/airflow/.local/lib/python3.8/site-packages/airflow/example_dags/tutorial_dag.py
[2025-01-08T12:19:40.729+0000] {logging_mixin.py:188} INFO - [2025-01-08T12:19:40.729+0000] {dag.py:3036} INFO - Sync 1 DAGs
[2025-01-08T12:19:40.750+0000] {logging_mixin.py:188} INFO - [2025-01-08T12:19:40.750+0000] {dag.py:3823} INFO - Setting next_dagrun for tutorial_dag to None, run_after=None
[2025-01-08T12:19:40.782+0000] {processor.py:183} INFO - Processing /home/airflow/.local/lib/python3.8/site-packages/airflow/example_dags/tutorial_dag.py took 0.103 seconds
[2025-01-08T12:20:12.795+0000] {processor.py:161} INFO - Started process (PID=997) to work on /home/airflow/.local/lib/python3.8/site-packages/airflow/example_dags/tutorial_dag.py
[2025-01-08T12:20:12.797+0000] {processor.py:830} INFO - Processing file /home/airflow/.local/lib/python3.8/site-packages/airflow/example_dags/tutorial_dag.py for tasks to queue
[2025-01-08T12:20:12.800+0000] {logging_mixin.py:188} INFO - [2025-01-08T12:20:12.800+0000] {dagbag.py:538} INFO - Filling up the DagBag from /home/airflow/.local/lib/python3.8/site-packages/airflow/example_dags/tutorial_dag.py
[2025-01-08T12:20:12.809+0000] {processor.py:840} INFO - DAG(s) 'tutorial_dag' retrieved from /home/airflow/.local/lib/python3.8/site-packages/airflow/example_dags/tutorial_dag.py
[2025-01-08T12:20:12.843+0000] {logging_mixin.py:188} INFO - [2025-01-08T12:20:12.843+0000] {dag.py:3036} INFO - Sync 1 DAGs
[2025-01-08T12:20:12.867+0000] {logging_mixin.py:188} INFO - [2025-01-08T12:20:12.867+0000] {dag.py:3823} INFO - Setting next_dagrun for tutorial_dag to None, run_after=None
[2025-01-08T12:20:12.897+0000] {processor.py:183} INFO - Processing /home/airflow/.local/lib/python3.8/site-packages/airflow/example_dags/tutorial_dag.py took 0.108 seconds
[2025-01-08T12:20:46.023+0000] {processor.py:161} INFO - Started process (PID=1062) to work on /home/airflow/.local/lib/python3.8/site-packages/airflow/example_dags/tutorial_dag.py
[2025-01-08T12:20:46.031+0000] {processor.py:830} INFO - Processing file /home/airflow/.local/lib/python3.8/site-packages/airflow/example_dags/tutorial_dag.py for tasks to queue
[2025-01-08T12:20:46.045+0000] {logging_mixin.py:188} INFO - [2025-01-08T12:20:46.044+0000] {dagbag.py:538} INFO - Filling up the DagBag from /home/airflow/.local/lib/python3.8/site-packages/airflow/example_dags/tutorial_dag.py
[2025-01-08T12:20:46.065+0000] {processor.py:840} INFO - DAG(s) 'tutorial_dag' retrieved from /home/airflow/.local/lib/python3.8/site-packages/airflow/example_dags/tutorial_dag.py
[2025-01-08T12:20:46.155+0000] {logging_mixin.py:188} INFO - [2025-01-08T12:20:46.153+0000] {dag.py:3036} INFO - Sync 1 DAGs
[2025-01-08T12:20:46.212+0000] {logging_mixin.py:188} INFO - [2025-01-08T12:20:46.211+0000] {dag.py:3823} INFO - Setting next_dagrun for tutorial_dag to None, run_after=None
[2025-01-08T12:20:46.267+0000] {processor.py:183} INFO - Processing /home/airflow/.local/lib/python3.8/site-packages/airflow/example_dags/tutorial_dag.py took 0.262 seconds
[2025-01-08T12:21:17.487+0000] {processor.py:161} INFO - Started process (PID=1121) to work on /home/airflow/.local/lib/python3.8/site-packages/airflow/example_dags/tutorial_dag.py
[2025-01-08T12:21:17.488+0000] {processor.py:830} INFO - Processing file /home/airflow/.local/lib/python3.8/site-packages/airflow/example_dags/tutorial_dag.py for tasks to queue
[2025-01-08T12:21:17.493+0000] {logging_mixin.py:188} INFO - [2025-01-08T12:21:17.492+0000] {dagbag.py:538} INFO - Filling up the DagBag from /home/airflow/.local/lib/python3.8/site-packages/airflow/example_dags/tutorial_dag.py
[2025-01-08T12:21:17.502+0000] {processor.py:840} INFO - DAG(s) 'tutorial_dag' retrieved from /home/airflow/.local/lib/python3.8/site-packages/airflow/example_dags/tutorial_dag.py
[2025-01-08T12:21:17.559+0000] {logging_mixin.py:188} INFO - [2025-01-08T12:21:17.558+0000] {dag.py:3036} INFO - Sync 1 DAGs
[2025-01-08T12:21:17.610+0000] {logging_mixin.py:188} INFO - [2025-01-08T12:21:17.610+0000] {dag.py:3823} INFO - Setting next_dagrun for tutorial_dag to None, run_after=None
[2025-01-08T12:21:17.658+0000] {processor.py:183} INFO - Processing /home/airflow/.local/lib/python3.8/site-packages/airflow/example_dags/tutorial_dag.py took 0.176 seconds
[2025-01-08T12:21:48.447+0000] {processor.py:161} INFO - Started process (PID=1180) to work on /home/airflow/.local/lib/python3.8/site-packages/airflow/example_dags/tutorial_dag.py
[2025-01-08T12:21:48.466+0000] {processor.py:830} INFO - Processing file /home/airflow/.local/lib/python3.8/site-packages/airflow/example_dags/tutorial_dag.py for tasks to queue
[2025-01-08T12:21:48.470+0000] {logging_mixin.py:188} INFO - [2025-01-08T12:21:48.469+0000] {dagbag.py:538} INFO - Filling up the DagBag from /home/airflow/.local/lib/python3.8/site-packages/airflow/example_dags/tutorial_dag.py
[2025-01-08T12:21:48.483+0000] {processor.py:840} INFO - DAG(s) 'tutorial_dag' retrieved from /home/airflow/.local/lib/python3.8/site-packages/airflow/example_dags/tutorial_dag.py
[2025-01-08T12:21:48.529+0000] {logging_mixin.py:188} INFO - [2025-01-08T12:21:48.529+0000] {dag.py:3036} INFO - Sync 1 DAGs
[2025-01-08T12:21:48.555+0000] {logging_mixin.py:188} INFO - [2025-01-08T12:21:48.554+0000] {dag.py:3823} INFO - Setting next_dagrun for tutorial_dag to None, run_after=None
[2025-01-08T12:21:48.595+0000] {processor.py:183} INFO - Processing /home/airflow/.local/lib/python3.8/site-packages/airflow/example_dags/tutorial_dag.py took 0.152 seconds
[2025-01-08T12:22:19.170+0000] {processor.py:161} INFO - Started process (PID=1239) to work on /home/airflow/.local/lib/python3.8/site-packages/airflow/example_dags/tutorial_dag.py
[2025-01-08T12:22:19.171+0000] {processor.py:830} INFO - Processing file /home/airflow/.local/lib/python3.8/site-packages/airflow/example_dags/tutorial_dag.py for tasks to queue
[2025-01-08T12:22:19.174+0000] {logging_mixin.py:188} INFO - [2025-01-08T12:22:19.173+0000] {dagbag.py:538} INFO - Filling up the DagBag from /home/airflow/.local/lib/python3.8/site-packages/airflow/example_dags/tutorial_dag.py
[2025-01-08T12:22:19.183+0000] {processor.py:840} INFO - DAG(s) 'tutorial_dag' retrieved from /home/airflow/.local/lib/python3.8/site-packages/airflow/example_dags/tutorial_dag.py
[2025-01-08T12:22:19.219+0000] {logging_mixin.py:188} INFO - [2025-01-08T12:22:19.218+0000] {dag.py:3036} INFO - Sync 1 DAGs
[2025-01-08T12:22:19.238+0000] {logging_mixin.py:188} INFO - [2025-01-08T12:22:19.238+0000] {dag.py:3823} INFO - Setting next_dagrun for tutorial_dag to None, run_after=None
[2025-01-08T12:22:19.270+0000] {processor.py:183} INFO - Processing /home/airflow/.local/lib/python3.8/site-packages/airflow/example_dags/tutorial_dag.py took 0.106 seconds
[2025-01-08T12:22:49.815+0000] {processor.py:161} INFO - Started process (PID=1298) to work on /home/airflow/.local/lib/python3.8/site-packages/airflow/example_dags/tutorial_dag.py
[2025-01-08T12:22:49.816+0000] {processor.py:830} INFO - Processing file /home/airflow/.local/lib/python3.8/site-packages/airflow/example_dags/tutorial_dag.py for tasks to queue
[2025-01-08T12:22:49.819+0000] {logging_mixin.py:188} INFO - [2025-01-08T12:22:49.819+0000] {dagbag.py:538} INFO - Filling up the DagBag from /home/airflow/.local/lib/python3.8/site-packages/airflow/example_dags/tutorial_dag.py
[2025-01-08T12:22:49.827+0000] {processor.py:840} INFO - DAG(s) 'tutorial_dag' retrieved from /home/airflow/.local/lib/python3.8/site-packages/airflow/example_dags/tutorial_dag.py
[2025-01-08T12:22:49.859+0000] {logging_mixin.py:188} INFO - [2025-01-08T12:22:49.859+0000] {dag.py:3036} INFO - Sync 1 DAGs
[2025-01-08T12:22:49.878+0000] {logging_mixin.py:188} INFO - [2025-01-08T12:22:49.878+0000] {dag.py:3823} INFO - Setting next_dagrun for tutorial_dag to None, run_after=None
[2025-01-08T12:22:49.908+0000] {processor.py:183} INFO - Processing /home/airflow/.local/lib/python3.8/site-packages/airflow/example_dags/tutorial_dag.py took 0.098 seconds
[2025-01-08T12:23:20.328+0000] {processor.py:161} INFO - Started process (PID=1356) to work on /home/airflow/.local/lib/python3.8/site-packages/airflow/example_dags/tutorial_dag.py
[2025-01-08T12:23:20.329+0000] {processor.py:830} INFO - Processing file /home/airflow/.local/lib/python3.8/site-packages/airflow/example_dags/tutorial_dag.py for tasks to queue
[2025-01-08T12:23:20.332+0000] {logging_mixin.py:188} INFO - [2025-01-08T12:23:20.331+0000] {dagbag.py:538} INFO - Filling up the DagBag from /home/airflow/.local/lib/python3.8/site-packages/airflow/example_dags/tutorial_dag.py
[2025-01-08T12:23:20.339+0000] {processor.py:840} INFO - DAG(s) 'tutorial_dag' retrieved from /home/airflow/.local/lib/python3.8/site-packages/airflow/example_dags/tutorial_dag.py
[2025-01-08T12:23:20.366+0000] {logging_mixin.py:188} INFO - [2025-01-08T12:23:20.366+0000] {dag.py:3036} INFO - Sync 1 DAGs
[2025-01-08T12:23:20.383+0000] {logging_mixin.py:188} INFO - [2025-01-08T12:23:20.383+0000] {dag.py:3823} INFO - Setting next_dagrun for tutorial_dag to None, run_after=None
[2025-01-08T12:23:20.407+0000] {processor.py:183} INFO - Processing /home/airflow/.local/lib/python3.8/site-packages/airflow/example_dags/tutorial_dag.py took 0.084 seconds
[2025-01-08T12:23:51.151+0000] {processor.py:161} INFO - Started process (PID=1414) to work on /home/airflow/.local/lib/python3.8/site-packages/airflow/example_dags/tutorial_dag.py
[2025-01-08T12:23:51.158+0000] {processor.py:830} INFO - Processing file /home/airflow/.local/lib/python3.8/site-packages/airflow/example_dags/tutorial_dag.py for tasks to queue
[2025-01-08T12:23:51.166+0000] {logging_mixin.py:188} INFO - [2025-01-08T12:23:51.164+0000] {dagbag.py:538} INFO - Filling up the DagBag from /home/airflow/.local/lib/python3.8/site-packages/airflow/example_dags/tutorial_dag.py
[2025-01-08T12:23:51.194+0000] {processor.py:840} INFO - DAG(s) 'tutorial_dag' retrieved from /home/airflow/.local/lib/python3.8/site-packages/airflow/example_dags/tutorial_dag.py
[2025-01-08T12:23:51.243+0000] {logging_mixin.py:188} INFO - [2025-01-08T12:23:51.243+0000] {dag.py:3036} INFO - Sync 1 DAGs
[2025-01-08T12:23:51.265+0000] {logging_mixin.py:188} INFO - [2025-01-08T12:23:51.264+0000] {dag.py:3823} INFO - Setting next_dagrun for tutorial_dag to None, run_after=None
[2025-01-08T12:23:51.297+0000] {processor.py:183} INFO - Processing /home/airflow/.local/lib/python3.8/site-packages/airflow/example_dags/tutorial_dag.py took 0.162 seconds
[2025-01-08T12:24:21.738+0000] {processor.py:161} INFO - Started process (PID=1474) to work on /home/airflow/.local/lib/python3.8/site-packages/airflow/example_dags/tutorial_dag.py
[2025-01-08T12:24:21.742+0000] {processor.py:830} INFO - Processing file /home/airflow/.local/lib/python3.8/site-packages/airflow/example_dags/tutorial_dag.py for tasks to queue
[2025-01-08T12:24:21.746+0000] {logging_mixin.py:188} INFO - [2025-01-08T12:24:21.745+0000] {dagbag.py:538} INFO - Filling up the DagBag from /home/airflow/.local/lib/python3.8/site-packages/airflow/example_dags/tutorial_dag.py
[2025-01-08T12:24:21.757+0000] {processor.py:840} INFO - DAG(s) 'tutorial_dag' retrieved from /home/airflow/.local/lib/python3.8/site-packages/airflow/example_dags/tutorial_dag.py
[2025-01-08T12:24:21.792+0000] {logging_mixin.py:188} INFO - [2025-01-08T12:24:21.791+0000] {dag.py:3036} INFO - Sync 1 DAGs
[2025-01-08T12:24:21.815+0000] {logging_mixin.py:188} INFO - [2025-01-08T12:24:21.815+0000] {dag.py:3823} INFO - Setting next_dagrun for tutorial_dag to None, run_after=None
[2025-01-08T12:24:21.855+0000] {processor.py:183} INFO - Processing /home/airflow/.local/lib/python3.8/site-packages/airflow/example_dags/tutorial_dag.py took 0.127 seconds
[2025-01-08T12:24:52.204+0000] {processor.py:161} INFO - Started process (PID=1533) to work on /home/airflow/.local/lib/python3.8/site-packages/airflow/example_dags/tutorial_dag.py
[2025-01-08T12:24:52.205+0000] {processor.py:830} INFO - Processing file /home/airflow/.local/lib/python3.8/site-packages/airflow/example_dags/tutorial_dag.py for tasks to queue
[2025-01-08T12:24:52.209+0000] {logging_mixin.py:188} INFO - [2025-01-08T12:24:52.209+0000] {dagbag.py:538} INFO - Filling up the DagBag from /home/airflow/.local/lib/python3.8/site-packages/airflow/example_dags/tutorial_dag.py
[2025-01-08T12:24:52.221+0000] {processor.py:840} INFO - DAG(s) 'tutorial_dag' retrieved from /home/airflow/.local/lib/python3.8/site-packages/airflow/example_dags/tutorial_dag.py
[2025-01-08T12:24:52.259+0000] {logging_mixin.py:188} INFO - [2025-01-08T12:24:52.259+0000] {dag.py:3036} INFO - Sync 1 DAGs
[2025-01-08T12:24:52.288+0000] {logging_mixin.py:188} INFO - [2025-01-08T12:24:52.288+0000] {dag.py:3823} INFO - Setting next_dagrun for tutorial_dag to None, run_after=None
[2025-01-08T12:24:52.327+0000] {processor.py:183} INFO - Processing /home/airflow/.local/lib/python3.8/site-packages/airflow/example_dags/tutorial_dag.py took 0.132 seconds
[2025-01-08T12:25:22.828+0000] {processor.py:161} INFO - Started process (PID=1592) to work on /home/airflow/.local/lib/python3.8/site-packages/airflow/example_dags/tutorial_dag.py
[2025-01-08T12:25:22.830+0000] {processor.py:830} INFO - Processing file /home/airflow/.local/lib/python3.8/site-packages/airflow/example_dags/tutorial_dag.py for tasks to queue
[2025-01-08T12:25:22.833+0000] {logging_mixin.py:188} INFO - [2025-01-08T12:25:22.832+0000] {dagbag.py:538} INFO - Filling up the DagBag from /home/airflow/.local/lib/python3.8/site-packages/airflow/example_dags/tutorial_dag.py
[2025-01-08T12:25:22.845+0000] {processor.py:840} INFO - DAG(s) 'tutorial_dag' retrieved from /home/airflow/.local/lib/python3.8/site-packages/airflow/example_dags/tutorial_dag.py
[2025-01-08T12:25:22.881+0000] {logging_mixin.py:188} INFO - [2025-01-08T12:25:22.881+0000] {dag.py:3036} INFO - Sync 1 DAGs
[2025-01-08T12:25:22.902+0000] {logging_mixin.py:188} INFO - [2025-01-08T12:25:22.902+0000] {dag.py:3823} INFO - Setting next_dagrun for tutorial_dag to None, run_after=None
[2025-01-08T12:25:22.937+0000] {processor.py:183} INFO - Processing /home/airflow/.local/lib/python3.8/site-packages/airflow/example_dags/tutorial_dag.py took 0.114 seconds
[2025-01-08T12:25:53.818+0000] {processor.py:161} INFO - Started process (PID=1651) to work on /home/airflow/.local/lib/python3.8/site-packages/airflow/example_dags/tutorial_dag.py
[2025-01-08T12:25:53.820+0000] {processor.py:830} INFO - Processing file /home/airflow/.local/lib/python3.8/site-packages/airflow/example_dags/tutorial_dag.py for tasks to queue
[2025-01-08T12:25:53.823+0000] {logging_mixin.py:188} INFO - [2025-01-08T12:25:53.823+0000] {dagbag.py:538} INFO - Filling up the DagBag from /home/airflow/.local/lib/python3.8/site-packages/airflow/example_dags/tutorial_dag.py
[2025-01-08T12:25:53.836+0000] {processor.py:840} INFO - DAG(s) 'tutorial_dag' retrieved from /home/airflow/.local/lib/python3.8/site-packages/airflow/example_dags/tutorial_dag.py
[2025-01-08T12:25:53.878+0000] {logging_mixin.py:188} INFO - [2025-01-08T12:25:53.878+0000] {dag.py:3036} INFO - Sync 1 DAGs
[2025-01-08T12:25:53.903+0000] {logging_mixin.py:188} INFO - [2025-01-08T12:25:53.902+0000] {dag.py:3823} INFO - Setting next_dagrun for tutorial_dag to None, run_after=None
[2025-01-08T12:25:53.940+0000] {processor.py:183} INFO - Processing /home/airflow/.local/lib/python3.8/site-packages/airflow/example_dags/tutorial_dag.py took 0.129 seconds
[2025-01-08T12:26:33.488+0000] {processor.py:161} INFO - Started process (PID=1714) to work on /home/airflow/.local/lib/python3.8/site-packages/airflow/example_dags/tutorial_dag.py
[2025-01-08T12:26:33.491+0000] {processor.py:830} INFO - Processing file /home/airflow/.local/lib/python3.8/site-packages/airflow/example_dags/tutorial_dag.py for tasks to queue
[2025-01-08T12:26:33.503+0000] {logging_mixin.py:188} INFO - [2025-01-08T12:26:33.503+0000] {dagbag.py:538} INFO - Filling up the DagBag from /home/airflow/.local/lib/python3.8/site-packages/airflow/example_dags/tutorial_dag.py
[2025-01-08T12:26:33.521+0000] {processor.py:840} INFO - DAG(s) 'tutorial_dag' retrieved from /home/airflow/.local/lib/python3.8/site-packages/airflow/example_dags/tutorial_dag.py
[2025-01-08T12:26:33.570+0000] {logging_mixin.py:188} INFO - [2025-01-08T12:26:33.569+0000] {dag.py:3036} INFO - Sync 1 DAGs
[2025-01-08T12:26:33.605+0000] {logging_mixin.py:188} INFO - [2025-01-08T12:26:33.605+0000] {dag.py:3823} INFO - Setting next_dagrun for tutorial_dag to None, run_after=None
[2025-01-08T12:26:33.666+0000] {processor.py:183} INFO - Processing /home/airflow/.local/lib/python3.8/site-packages/airflow/example_dags/tutorial_dag.py took 0.192 seconds
[2025-01-08T12:27:04.503+0000] {processor.py:161} INFO - Started process (PID=1773) to work on /home/airflow/.local/lib/python3.8/site-packages/airflow/example_dags/tutorial_dag.py
[2025-01-08T12:27:04.506+0000] {processor.py:830} INFO - Processing file /home/airflow/.local/lib/python3.8/site-packages/airflow/example_dags/tutorial_dag.py for tasks to queue
[2025-01-08T12:27:04.510+0000] {logging_mixin.py:188} INFO - [2025-01-08T12:27:04.509+0000] {dagbag.py:538} INFO - Filling up the DagBag from /home/airflow/.local/lib/python3.8/site-packages/airflow/example_dags/tutorial_dag.py
[2025-01-08T12:27:04.521+0000] {processor.py:840} INFO - DAG(s) 'tutorial_dag' retrieved from /home/airflow/.local/lib/python3.8/site-packages/airflow/example_dags/tutorial_dag.py
[2025-01-08T12:27:04.563+0000] {logging_mixin.py:188} INFO - [2025-01-08T12:27:04.562+0000] {dag.py:3036} INFO - Sync 1 DAGs
[2025-01-08T12:27:04.588+0000] {logging_mixin.py:188} INFO - [2025-01-08T12:27:04.587+0000] {dag.py:3823} INFO - Setting next_dagrun for tutorial_dag to None, run_after=None
[2025-01-08T12:27:04.620+0000] {processor.py:183} INFO - Processing /home/airflow/.local/lib/python3.8/site-packages/airflow/example_dags/tutorial_dag.py took 0.129 seconds
[2025-01-08T12:27:34.807+0000] {processor.py:161} INFO - Started process (PID=1830) to work on /home/airflow/.local/lib/python3.8/site-packages/airflow/example_dags/tutorial_dag.py
[2025-01-08T12:27:34.809+0000] {processor.py:830} INFO - Processing file /home/airflow/.local/lib/python3.8/site-packages/airflow/example_dags/tutorial_dag.py for tasks to queue
[2025-01-08T12:27:34.822+0000] {logging_mixin.py:188} INFO - [2025-01-08T12:27:34.821+0000] {dagbag.py:538} INFO - Filling up the DagBag from /home/airflow/.local/lib/python3.8/site-packages/airflow/example_dags/tutorial_dag.py
[2025-01-08T12:27:34.853+0000] {processor.py:840} INFO - DAG(s) 'tutorial_dag' retrieved from /home/airflow/.local/lib/python3.8/site-packages/airflow/example_dags/tutorial_dag.py
[2025-01-08T12:27:34.956+0000] {logging_mixin.py:188} INFO - [2025-01-08T12:27:34.955+0000] {dag.py:3036} INFO - Sync 1 DAGs
[2025-01-08T12:27:35.028+0000] {logging_mixin.py:188} INFO - [2025-01-08T12:27:35.028+0000] {dag.py:3823} INFO - Setting next_dagrun for tutorial_dag to None, run_after=None
[2025-01-08T12:27:35.121+0000] {processor.py:183} INFO - Processing /home/airflow/.local/lib/python3.8/site-packages/airflow/example_dags/tutorial_dag.py took 0.320 seconds
[2025-01-08T12:28:05.654+0000] {processor.py:161} INFO - Started process (PID=1892) to work on /home/airflow/.local/lib/python3.8/site-packages/airflow/example_dags/tutorial_dag.py
[2025-01-08T12:28:05.663+0000] {processor.py:830} INFO - Processing file /home/airflow/.local/lib/python3.8/site-packages/airflow/example_dags/tutorial_dag.py for tasks to queue
[2025-01-08T12:28:05.681+0000] {logging_mixin.py:188} INFO - [2025-01-08T12:28:05.680+0000] {dagbag.py:538} INFO - Filling up the DagBag from /home/airflow/.local/lib/python3.8/site-packages/airflow/example_dags/tutorial_dag.py
[2025-01-08T12:28:05.702+0000] {processor.py:840} INFO - DAG(s) 'tutorial_dag' retrieved from /home/airflow/.local/lib/python3.8/site-packages/airflow/example_dags/tutorial_dag.py
[2025-01-08T12:28:05.741+0000] {logging_mixin.py:188} INFO - [2025-01-08T12:28:05.741+0000] {dag.py:3036} INFO - Sync 1 DAGs
[2025-01-08T12:28:05.767+0000] {logging_mixin.py:188} INFO - [2025-01-08T12:28:05.766+0000] {dag.py:3823} INFO - Setting next_dagrun for tutorial_dag to None, run_after=None
[2025-01-08T12:28:05.848+0000] {processor.py:183} INFO - Processing /home/airflow/.local/lib/python3.8/site-packages/airflow/example_dags/tutorial_dag.py took 0.212 seconds
[2025-01-08T12:28:36.509+0000] {processor.py:161} INFO - Started process (PID=1951) to work on /home/airflow/.local/lib/python3.8/site-packages/airflow/example_dags/tutorial_dag.py
[2025-01-08T12:28:36.511+0000] {processor.py:830} INFO - Processing file /home/airflow/.local/lib/python3.8/site-packages/airflow/example_dags/tutorial_dag.py for tasks to queue
[2025-01-08T12:28:36.517+0000] {logging_mixin.py:188} INFO - [2025-01-08T12:28:36.516+0000] {dagbag.py:538} INFO - Filling up the DagBag from /home/airflow/.local/lib/python3.8/site-packages/airflow/example_dags/tutorial_dag.py
[2025-01-08T12:28:36.531+0000] {processor.py:840} INFO - DAG(s) 'tutorial_dag' retrieved from /home/airflow/.local/lib/python3.8/site-packages/airflow/example_dags/tutorial_dag.py
[2025-01-08T12:28:36.580+0000] {logging_mixin.py:188} INFO - [2025-01-08T12:28:36.580+0000] {dag.py:3036} INFO - Sync 1 DAGs
[2025-01-08T12:28:36.604+0000] {logging_mixin.py:188} INFO - [2025-01-08T12:28:36.603+0000] {dag.py:3823} INFO - Setting next_dagrun for tutorial_dag to None, run_after=None
[2025-01-08T12:28:36.652+0000] {processor.py:183} INFO - Processing /home/airflow/.local/lib/python3.8/site-packages/airflow/example_dags/tutorial_dag.py took 0.155 seconds
[2025-01-08T12:29:06.893+0000] {processor.py:161} INFO - Started process (PID=2008) to work on /home/airflow/.local/lib/python3.8/site-packages/airflow/example_dags/tutorial_dag.py
[2025-01-08T12:29:06.894+0000] {processor.py:830} INFO - Processing file /home/airflow/.local/lib/python3.8/site-packages/airflow/example_dags/tutorial_dag.py for tasks to queue
[2025-01-08T12:29:06.898+0000] {logging_mixin.py:188} INFO - [2025-01-08T12:29:06.898+0000] {dagbag.py:538} INFO - Filling up the DagBag from /home/airflow/.local/lib/python3.8/site-packages/airflow/example_dags/tutorial_dag.py
[2025-01-08T12:29:06.907+0000] {processor.py:840} INFO - DAG(s) 'tutorial_dag' retrieved from /home/airflow/.local/lib/python3.8/site-packages/airflow/example_dags/tutorial_dag.py
[2025-01-08T12:29:06.939+0000] {logging_mixin.py:188} INFO - [2025-01-08T12:29:06.939+0000] {dag.py:3036} INFO - Sync 1 DAGs
[2025-01-08T12:29:06.961+0000] {logging_mixin.py:188} INFO - [2025-01-08T12:29:06.961+0000] {dag.py:3823} INFO - Setting next_dagrun for tutorial_dag to None, run_after=None
[2025-01-08T12:29:07.004+0000] {processor.py:183} INFO - Processing /home/airflow/.local/lib/python3.8/site-packages/airflow/example_dags/tutorial_dag.py took 0.117 seconds
[2025-01-08T12:29:37.507+0000] {processor.py:161} INFO - Started process (PID=2066) to work on /home/airflow/.local/lib/python3.8/site-packages/airflow/example_dags/tutorial_dag.py
[2025-01-08T12:29:37.509+0000] {processor.py:830} INFO - Processing file /home/airflow/.local/lib/python3.8/site-packages/airflow/example_dags/tutorial_dag.py for tasks to queue
[2025-01-08T12:29:37.513+0000] {logging_mixin.py:188} INFO - [2025-01-08T12:29:37.512+0000] {dagbag.py:538} INFO - Filling up the DagBag from /home/airflow/.local/lib/python3.8/site-packages/airflow/example_dags/tutorial_dag.py
[2025-01-08T12:29:37.523+0000] {processor.py:840} INFO - DAG(s) 'tutorial_dag' retrieved from /home/airflow/.local/lib/python3.8/site-packages/airflow/example_dags/tutorial_dag.py
[2025-01-08T12:29:37.555+0000] {logging_mixin.py:188} INFO - [2025-01-08T12:29:37.555+0000] {dag.py:3036} INFO - Sync 1 DAGs
[2025-01-08T12:29:37.576+0000] {logging_mixin.py:188} INFO - [2025-01-08T12:29:37.576+0000] {dag.py:3823} INFO - Setting next_dagrun for tutorial_dag to None, run_after=None
[2025-01-08T12:29:37.611+0000] {processor.py:183} INFO - Processing /home/airflow/.local/lib/python3.8/site-packages/airflow/example_dags/tutorial_dag.py took 0.111 seconds
[2025-01-08T12:30:08.175+0000] {processor.py:161} INFO - Started process (PID=2125) to work on /home/airflow/.local/lib/python3.8/site-packages/airflow/example_dags/tutorial_dag.py
[2025-01-08T12:30:08.177+0000] {processor.py:830} INFO - Processing file /home/airflow/.local/lib/python3.8/site-packages/airflow/example_dags/tutorial_dag.py for tasks to queue
[2025-01-08T12:30:08.180+0000] {logging_mixin.py:188} INFO - [2025-01-08T12:30:08.180+0000] {dagbag.py:538} INFO - Filling up the DagBag from /home/airflow/.local/lib/python3.8/site-packages/airflow/example_dags/tutorial_dag.py
[2025-01-08T12:30:08.189+0000] {processor.py:840} INFO - DAG(s) 'tutorial_dag' retrieved from /home/airflow/.local/lib/python3.8/site-packages/airflow/example_dags/tutorial_dag.py
[2025-01-08T12:30:08.223+0000] {logging_mixin.py:188} INFO - [2025-01-08T12:30:08.222+0000] {dag.py:3036} INFO - Sync 1 DAGs
[2025-01-08T12:30:08.250+0000] {logging_mixin.py:188} INFO - [2025-01-08T12:30:08.249+0000] {dag.py:3823} INFO - Setting next_dagrun for tutorial_dag to None, run_after=None
[2025-01-08T12:30:08.315+0000] {processor.py:183} INFO - Processing /home/airflow/.local/lib/python3.8/site-packages/airflow/example_dags/tutorial_dag.py took 0.146 seconds
[2025-01-08T12:30:38.930+0000] {processor.py:161} INFO - Started process (PID=2184) to work on /home/airflow/.local/lib/python3.8/site-packages/airflow/example_dags/tutorial_dag.py
[2025-01-08T12:30:38.932+0000] {processor.py:830} INFO - Processing file /home/airflow/.local/lib/python3.8/site-packages/airflow/example_dags/tutorial_dag.py for tasks to queue
[2025-01-08T12:30:38.935+0000] {logging_mixin.py:188} INFO - [2025-01-08T12:30:38.935+0000] {dagbag.py:538} INFO - Filling up the DagBag from /home/airflow/.local/lib/python3.8/site-packages/airflow/example_dags/tutorial_dag.py
[2025-01-08T12:30:38.945+0000] {processor.py:840} INFO - DAG(s) 'tutorial_dag' retrieved from /home/airflow/.local/lib/python3.8/site-packages/airflow/example_dags/tutorial_dag.py
[2025-01-08T12:30:38.982+0000] {logging_mixin.py:188} INFO - [2025-01-08T12:30:38.981+0000] {dag.py:3036} INFO - Sync 1 DAGs
[2025-01-08T12:30:39.009+0000] {logging_mixin.py:188} INFO - [2025-01-08T12:30:39.009+0000] {dag.py:3823} INFO - Setting next_dagrun for tutorial_dag to None, run_after=None
[2025-01-08T12:30:39.035+0000] {processor.py:183} INFO - Processing /home/airflow/.local/lib/python3.8/site-packages/airflow/example_dags/tutorial_dag.py took 0.112 seconds
[2025-01-08T12:31:09.278+0000] {processor.py:161} INFO - Started process (PID=2243) to work on /home/airflow/.local/lib/python3.8/site-packages/airflow/example_dags/tutorial_dag.py
[2025-01-08T12:31:09.280+0000] {processor.py:830} INFO - Processing file /home/airflow/.local/lib/python3.8/site-packages/airflow/example_dags/tutorial_dag.py for tasks to queue
[2025-01-08T12:31:09.284+0000] {logging_mixin.py:188} INFO - [2025-01-08T12:31:09.284+0000] {dagbag.py:538} INFO - Filling up the DagBag from /home/airflow/.local/lib/python3.8/site-packages/airflow/example_dags/tutorial_dag.py
[2025-01-08T12:31:09.294+0000] {processor.py:840} INFO - DAG(s) 'tutorial_dag' retrieved from /home/airflow/.local/lib/python3.8/site-packages/airflow/example_dags/tutorial_dag.py
[2025-01-08T12:31:09.324+0000] {logging_mixin.py:188} INFO - [2025-01-08T12:31:09.324+0000] {dag.py:3036} INFO - Sync 1 DAGs
[2025-01-08T12:31:09.344+0000] {logging_mixin.py:188} INFO - [2025-01-08T12:31:09.343+0000] {dag.py:3823} INFO - Setting next_dagrun for tutorial_dag to None, run_after=None
[2025-01-08T12:31:09.377+0000] {processor.py:183} INFO - Processing /home/airflow/.local/lib/python3.8/site-packages/airflow/example_dags/tutorial_dag.py took 0.108 seconds
[2025-01-08T12:31:41.250+0000] {processor.py:161} INFO - Started process (PID=2302) to work on /home/airflow/.local/lib/python3.8/site-packages/airflow/example_dags/tutorial_dag.py
[2025-01-08T12:31:41.252+0000] {processor.py:830} INFO - Processing file /home/airflow/.local/lib/python3.8/site-packages/airflow/example_dags/tutorial_dag.py for tasks to queue
[2025-01-08T12:31:41.255+0000] {logging_mixin.py:188} INFO - [2025-01-08T12:31:41.255+0000] {dagbag.py:538} INFO - Filling up the DagBag from /home/airflow/.local/lib/python3.8/site-packages/airflow/example_dags/tutorial_dag.py
[2025-01-08T12:31:41.266+0000] {processor.py:840} INFO - DAG(s) 'tutorial_dag' retrieved from /home/airflow/.local/lib/python3.8/site-packages/airflow/example_dags/tutorial_dag.py
[2025-01-08T12:31:41.558+0000] {logging_mixin.py:188} INFO - [2025-01-08T12:31:41.557+0000] {dag.py:3036} INFO - Sync 1 DAGs
[2025-01-08T12:31:41.581+0000] {logging_mixin.py:188} INFO - [2025-01-08T12:31:41.580+0000] {dag.py:3823} INFO - Setting next_dagrun for tutorial_dag to None, run_after=None
[2025-01-08T12:31:41.622+0000] {processor.py:183} INFO - Processing /home/airflow/.local/lib/python3.8/site-packages/airflow/example_dags/tutorial_dag.py took 0.379 seconds
[2025-01-08T12:32:12.046+0000] {processor.py:161} INFO - Started process (PID=2361) to work on /home/airflow/.local/lib/python3.8/site-packages/airflow/example_dags/tutorial_dag.py
[2025-01-08T12:32:12.048+0000] {processor.py:830} INFO - Processing file /home/airflow/.local/lib/python3.8/site-packages/airflow/example_dags/tutorial_dag.py for tasks to queue
[2025-01-08T12:32:12.055+0000] {logging_mixin.py:188} INFO - [2025-01-08T12:32:12.053+0000] {dagbag.py:538} INFO - Filling up the DagBag from /home/airflow/.local/lib/python3.8/site-packages/airflow/example_dags/tutorial_dag.py
[2025-01-08T12:32:12.073+0000] {processor.py:840} INFO - DAG(s) 'tutorial_dag' retrieved from /home/airflow/.local/lib/python3.8/site-packages/airflow/example_dags/tutorial_dag.py
[2025-01-08T12:32:12.143+0000] {logging_mixin.py:188} INFO - [2025-01-08T12:32:12.142+0000] {dag.py:3036} INFO - Sync 1 DAGs
[2025-01-08T12:32:12.184+0000] {logging_mixin.py:188} INFO - [2025-01-08T12:32:12.184+0000] {dag.py:3823} INFO - Setting next_dagrun for tutorial_dag to None, run_after=None
[2025-01-08T12:32:12.273+0000] {processor.py:183} INFO - Processing /home/airflow/.local/lib/python3.8/site-packages/airflow/example_dags/tutorial_dag.py took 0.232 seconds
[2025-01-08T12:32:42.794+0000] {processor.py:161} INFO - Started process (PID=2420) to work on /home/airflow/.local/lib/python3.8/site-packages/airflow/example_dags/tutorial_dag.py
[2025-01-08T12:32:42.797+0000] {processor.py:830} INFO - Processing file /home/airflow/.local/lib/python3.8/site-packages/airflow/example_dags/tutorial_dag.py for tasks to queue
[2025-01-08T12:32:42.801+0000] {logging_mixin.py:188} INFO - [2025-01-08T12:32:42.800+0000] {dagbag.py:538} INFO - Filling up the DagBag from /home/airflow/.local/lib/python3.8/site-packages/airflow/example_dags/tutorial_dag.py
[2025-01-08T12:32:42.814+0000] {processor.py:840} INFO - DAG(s) 'tutorial_dag' retrieved from /home/airflow/.local/lib/python3.8/site-packages/airflow/example_dags/tutorial_dag.py
[2025-01-08T12:32:42.857+0000] {logging_mixin.py:188} INFO - [2025-01-08T12:32:42.857+0000] {dag.py:3036} INFO - Sync 1 DAGs
[2025-01-08T12:32:42.877+0000] {logging_mixin.py:188} INFO - [2025-01-08T12:32:42.876+0000] {dag.py:3823} INFO - Setting next_dagrun for tutorial_dag to None, run_after=None
[2025-01-08T12:32:42.908+0000] {processor.py:183} INFO - Processing /home/airflow/.local/lib/python3.8/site-packages/airflow/example_dags/tutorial_dag.py took 0.122 seconds
[2025-01-08T12:33:13.708+0000] {processor.py:161} INFO - Started process (PID=2479) to work on /home/airflow/.local/lib/python3.8/site-packages/airflow/example_dags/tutorial_dag.py
[2025-01-08T12:33:13.709+0000] {processor.py:830} INFO - Processing file /home/airflow/.local/lib/python3.8/site-packages/airflow/example_dags/tutorial_dag.py for tasks to queue
[2025-01-08T12:33:13.713+0000] {logging_mixin.py:188} INFO - [2025-01-08T12:33:13.712+0000] {dagbag.py:538} INFO - Filling up the DagBag from /home/airflow/.local/lib/python3.8/site-packages/airflow/example_dags/tutorial_dag.py
[2025-01-08T12:33:13.727+0000] {processor.py:840} INFO - DAG(s) 'tutorial_dag' retrieved from /home/airflow/.local/lib/python3.8/site-packages/airflow/example_dags/tutorial_dag.py
[2025-01-08T12:33:13.761+0000] {logging_mixin.py:188} INFO - [2025-01-08T12:33:13.761+0000] {dag.py:3036} INFO - Sync 1 DAGs
[2025-01-08T12:33:13.778+0000] {logging_mixin.py:188} INFO - [2025-01-08T12:33:13.778+0000] {dag.py:3823} INFO - Setting next_dagrun for tutorial_dag to None, run_after=None
[2025-01-08T12:33:13.805+0000] {processor.py:183} INFO - Processing /home/airflow/.local/lib/python3.8/site-packages/airflow/example_dags/tutorial_dag.py took 0.102 seconds
[2025-01-08T12:33:44.032+0000] {processor.py:161} INFO - Started process (PID=2538) to work on /home/airflow/.local/lib/python3.8/site-packages/airflow/example_dags/tutorial_dag.py
[2025-01-08T12:33:44.034+0000] {processor.py:830} INFO - Processing file /home/airflow/.local/lib/python3.8/site-packages/airflow/example_dags/tutorial_dag.py for tasks to queue
[2025-01-08T12:33:44.037+0000] {logging_mixin.py:188} INFO - [2025-01-08T12:33:44.037+0000] {dagbag.py:538} INFO - Filling up the DagBag from /home/airflow/.local/lib/python3.8/site-packages/airflow/example_dags/tutorial_dag.py
[2025-01-08T12:33:44.047+0000] {processor.py:840} INFO - DAG(s) 'tutorial_dag' retrieved from /home/airflow/.local/lib/python3.8/site-packages/airflow/example_dags/tutorial_dag.py
[2025-01-08T12:33:44.084+0000] {logging_mixin.py:188} INFO - [2025-01-08T12:33:44.083+0000] {dag.py:3036} INFO - Sync 1 DAGs
[2025-01-08T12:33:44.119+0000] {logging_mixin.py:188} INFO - [2025-01-08T12:33:44.119+0000] {dag.py:3823} INFO - Setting next_dagrun for tutorial_dag to None, run_after=None
[2025-01-08T12:33:44.185+0000] {processor.py:183} INFO - Processing /home/airflow/.local/lib/python3.8/site-packages/airflow/example_dags/tutorial_dag.py took 0.161 seconds
